2024-04-17 12:16:07 [INFO   ][ln-47 ]: Start to load config file
2024-04-17 12:16:07 [DEBUG  ][ln-49 ]: config.ini: {'dut': {'ip': 'th-dog-u2-api.data1.abc.tech'}, 'userinfo': {'usrid': 'feng038100@gmail.com', 'pwd': 'feng1234', 'devuserid': '6489599c9a2357000b2dc384', 'HW': 'DEV', 'sn': 'kd8c0000c6', 'devid': '66B3F7B307B5', 'mac': '66:B3:F7:B3:07:B5', 'androiddev1': '0A091JECB00558', 'Commanduuid': '00004652-08c2-11e1-9073-0e8ac72e0011', 'Datauuid': '00004652-08c2-11e1-9073-0e8ac72e0013', 'ResponseUUID': '00004652-08c2-11e1-9073-0e8ac72e0012'}, 'testapk': {'pythonfile': 'test.pu'}, 'unixtime': {'adddays': 0, 'addhours': 1, 'addsecs': 30}, 'allurewiget': {'Device': 'health Robot', 'DevVersion': 'FW v0xFF.2.11'}, 'sleep': {'begin': '2022-12-12 23:00', 'totalsleep': 360}, 'walking': {'begin': '2022-12-13 10:00', 'totalwalking': 90}, 'running': {'begin': '2022-12-13 11:00', 'totalrunning': 90}}
2024-04-17 12:16:25 [INFO   ][ln-47 ]: Start to load config file
2024-04-17 12:16:25 [DEBUG  ][ln-49 ]: config.ini: {'dut': {'ip': 'th-dog-u2-api.data1.abc.tech'}, 'userinfo': {'usrid': 'feng038100@gmail.com', 'pwd': 'feng1234', 'devuserid': '6489599c9a2357000b2dc384', 'HW': 'DEV', 'sn': 'kd8c0000c6', 'devid': '66B3F7B307B5', 'mac': '66:B3:F7:B3:07:B5', 'androiddev1': '0A091JECB00558', 'Commanduuid': '00004652-08c2-11e1-9073-0e8ac72e0011', 'Datauuid': '00004652-08c2-11e1-9073-0e8ac72e0013', 'ResponseUUID': '00004652-08c2-11e1-9073-0e8ac72e0012'}, 'testapk': {'pythonfile': 'test.pu'}, 'unixtime': {'adddays': 0, 'addhours': 1, 'addsecs': 30}, 'allurewiget': {'Device': 'health Robot', 'DevVersion': 'FW v0xFF.2.11'}, 'sleep': {'begin': '2022-12-12 23:00', 'totalsleep': 360}, 'walking': {'begin': '2022-12-13 10:00', 'totalwalking': 90}, 'running': {'begin': '2022-12-13 11:00', 'totalrunning': 90}}
2024-04-17 12:16:51 [INFO   ][ln-47 ]: Start to load config file
2024-04-17 12:16:51 [DEBUG  ][ln-49 ]: config.ini: {'dut': {'ip': 'th-dog-u2-api.data1.abc.tech'}, 'userinfo': {'usrid': 'feng038100@gmail.com', 'pwd': 'feng1234', 'devuserid': '6489599c9a2357000b2dc384', 'HW': 'DEV', 'sn': 'kd8c0000c6', 'devid': '66B3F7B307B5', 'mac': '66:B3:F7:B3:07:B5', 'androiddev1': '0A091JECB00558', 'Commanduuid': '00004652-08c2-11e1-9073-0e8ac72e0011', 'Datauuid': '00004652-08c2-11e1-9073-0e8ac72e0013', 'ResponseUUID': '00004652-08c2-11e1-9073-0e8ac72e0012'}, 'testapk': {'pythonfile': 'test.pu'}, 'unixtime': {'adddays': 0, 'addhours': 1, 'addsecs': 30}, 'allurewiget': {'Device': 'health Robot', 'DevVersion': 'FW v0xFF.2.11'}, 'sleep': {'begin': '2022-12-12 23:00', 'totalsleep': 360}, 'walking': {'begin': '2022-12-13 10:00', 'totalwalking': 90}, 'running': {'begin': '2022-12-13 11:00', 'totalrunning': 90}}
2024-04-17 12:16:51 [DEBUG  ][ln-971]: ======================================== Star to run: <TestAPI> ========================================
2024-04-17 12:16:51 [DEBUG  ][ln-977]: ======================================== Star to run: <test_android_func> ========================================
2024-04-17 12:16:55 [INFO   ][ln-189]: ##################################################################

2024-04-17 12:16:55 [INFO   ][ln-190]: #  Test case : ( BLE beacon scan via Android Phone (Nordic App)  #)

2024-04-17 12:16:55 [INFO   ][ln-191]: ##################################################################)

2024-04-17 12:16:55 [INFO   ][ln-192]: ##################################################################
2024-04-17 12:17:11 [INFO   ][ln-222]: Done
2024-04-17 12:17:11 [DEBUG  ][ln-980]: teardown_method
2024-04-17 12:17:11 [DEBUG  ][ln-974]: teardown_class
2024-04-17 12:24:23 [INFO   ][ln-47 ]: Start to load config file
2024-04-17 12:24:23 [DEBUG  ][ln-49 ]: config.ini: {'dut': {'ip': 'th-dog-u2-api.data1.abc.tech'}, 'userinfo': {'usrid': 'feng038100@gmail.com', 'pwd': 'feng1234', 'devuserid': '6489599c9a2357000b2dc384', 'HW': 'DEV', 'sn': 'kd8c0000c6', 'devid': '66B3F7B307B5', 'mac': '66:B3:F7:B3:07:B5', 'version': '3.5', 'androiddev1': '0A091JECB00558', 'Commanduuid': '00004652-08c2-11e1-9073-0e8ac72e0011', 'Datauuid': '00004652-08c2-11e1-9073-0e8ac72e0013', 'ResponseUUID': '00004652-08c2-11e1-9073-0e8ac72e0012'}, 'testapk': {'pythonfile': 'test.pu'}, 'unixtime': {'adddays': 0, 'addhours': 1, 'addsecs': 30}, 'allurewiget': {'Device': 'health Robot', 'DevVersion': 'FW v0xFF.2.11'}, 'sleep': {'begin': '2022-12-12 23:00', 'totalsleep': 360}, 'walking': {'begin': '2022-12-13 10:00', 'totalwalking': 90}, 'running': {'begin': '2022-12-13 11:00', 'totalrunning': 90}}
2024-04-17 12:25:08 [INFO   ][ln-47 ]: Start to load config file
2024-04-17 12:25:08 [DEBUG  ][ln-49 ]: config.ini: {'dut': {'ip': 'th-dog-u2-api.data1.abc.tech'}, 'userinfo': {'usrid': 'feng038100@gmail.com', 'pwd': 'feng1234', 'devuserid': '6489599c9a2357000b2dc384', 'HW': 'DEV', 'sn': 'kd8c0000c6', 'devid': '66B3F7B307B5', 'mac': '66:B3:F7:B3:07:B5', 'version': '3.5', 'androiddev1': '0A091JECB00558', 'Commanduuid': '00004652-08c2-11e1-9073-0e8ac72e0011', 'Datauuid': '00004652-08c2-11e1-9073-0e8ac72e0013', 'ResponseUUID': '00004652-08c2-11e1-9073-0e8ac72e0012'}, 'testapk': {'pythonfile': 'test.pu'}, 'unixtime': {'adddays': 0, 'addhours': 1, 'addsecs': 30}, 'allurewiget': {'Device': 'health Robot', 'DevVersion': 'FW v0xFF.2.11'}, 'sleep': {'begin': '2022-12-12 23:00', 'totalsleep': 360}, 'walking': {'begin': '2022-12-13 10:00', 'totalwalking': 90}, 'running': {'begin': '2022-12-13 11:00', 'totalrunning': 90}}
2024-04-17 12:25:44 [INFO   ][ln-47 ]: Start to load config file
2024-04-17 12:25:44 [DEBUG  ][ln-49 ]: config.ini: {'dut': {'ip': 'th-dog-u2-api.data1.abc.tech'}, 'userinfo': {'usrid': 'feng038100@gmail.com', 'pwd': 'feng1234', 'devuserid': '6489599c9a2357000b2dc384', 'HW': 'DEV', 'sn': 'kd8c0000c6', 'devid': '66B3F7B307B5', 'mac': '66:B3:F7:B3:07:B5', 'version': '3.5', 'androiddev1': '0A091JECB00558', 'Commanduuid': '00004652-08c2-11e1-9073-0e8ac72e0011', 'Datauuid': '00004652-08c2-11e1-9073-0e8ac72e0013', 'ResponseUUID': '00004652-08c2-11e1-9073-0e8ac72e0012'}, 'testapk': {'pythonfile': 'test.pu'}, 'unixtime': {'adddays': 0, 'addhours': 1, 'addsecs': 30}, 'allurewiget': {'Device': 'health Robot', 'DevVersion': 'FW v0xFF.2.11'}, 'sleep': {'begin': '2022-12-12 23:00', 'totalsleep': 360}, 'walking': {'begin': '2022-12-13 10:00', 'totalwalking': 90}, 'running': {'begin': '2022-12-13 11:00', 'totalrunning': 90}}
2024-04-17 12:25:44 [DEBUG  ][ln-971]: ======================================== Star to run: <TestAPI> ========================================
2024-04-17 12:25:44 [DEBUG  ][ln-977]: ======================================== Star to run: <test_android_func> ========================================
2024-04-17 12:25:48 [INFO   ][ln-195]: ##################################################################

2024-04-17 12:25:48 [INFO   ][ln-196]: #  Test case : ( BLE beacon scan via Android Phone (Nordic App)  #)

2024-04-17 12:25:48 [INFO   ][ln-197]: ##################################################################)

2024-04-17 12:25:48 [INFO   ][ln-198]: ##################################################################
2024-04-17 12:26:04 [INFO   ][ln-228]: Done
2024-04-17 12:26:04 [DEBUG  ][ln-980]: teardown_method
2024-04-17 12:26:04 [DEBUG  ][ln-974]: teardown_class
2024-04-17 12:28:00 [INFO   ][ln-47 ]: Start to load config file
2024-04-17 12:28:00 [DEBUG  ][ln-49 ]: config.ini: {'dut': {'ip': 'th-dog-u2-api.data1.abc.tech'}, 'userinfo': {'usrid': 'feng038100@gmail.com', 'pwd': 'feng1234', 'devuserid': '6489599c9a2357000b2dc384', 'HW': 'DEV', 'sn': 'kd8c0000c6', 'devid': '66B3F7B307B5', 'mac': '66:B3:F7:B3:07:B5', 'version': '3.5', 'androiddev1': '0A091JECB00558', 'Commanduuid': '00004652-08c2-11e1-9073-0e8ac72e0011', 'Datauuid': '00004652-08c2-11e1-9073-0e8ac72e0013', 'ResponseUUID': '00004652-08c2-11e1-9073-0e8ac72e0012'}, 'testapk': {'pythonfile': 'test.pu'}, 'unixtime': {'adddays': 0, 'addhours': 1, 'addsecs': 30}, 'allurewiget': {'Device': 'health Robot', 'DevVersion': 'FW v0xFF.2.11'}, 'sleep': {'begin': '2022-12-12 23:00', 'totalsleep': 360}, 'walking': {'begin': '2022-12-13 10:00', 'totalwalking': 90}, 'running': {'begin': '2022-12-13 11:00', 'totalrunning': 90}}
2024-04-17 12:28:00 [DEBUG  ][ln-971]: ======================================== Star to run: <TestAPI> ========================================
2024-04-17 12:28:00 [DEBUG  ][ln-977]: ======================================== Star to run: <test_android_func> ========================================
2024-04-17 12:28:05 [INFO   ][ln-195]: ##################################################################

2024-04-17 12:28:05 [INFO   ][ln-196]: #  Test case : ( BLE beacon scan via Android Phone (Nordic App)  #)

2024-04-17 12:28:05 [INFO   ][ln-197]: ##################################################################)

2024-04-17 12:28:05 [INFO   ][ln-198]: ##################################################################
2024-04-17 12:28:20 [INFO   ][ln-228]: Done
2024-04-17 12:28:20 [DEBUG  ][ln-980]: teardown_method
2024-04-17 12:28:20 [DEBUG  ][ln-974]: teardown_class
2024-04-17 12:33:06 [INFO   ][ln-47 ]: Start to load config file
2024-04-17 12:33:06 [DEBUG  ][ln-49 ]: config.ini: {'dut': {'ip': 'th-dog-u2-api.data1.abc.tech'}, 'userinfo': {'usrid': 'feng038100@gmail.com', 'pwd': 'feng1234', 'devuserid': '6489599c9a2357000b2dc384', 'HW': 'DEV', 'sn': 'kd8c0000c6', 'devid': '66B3F7B307B5', 'mac': '66:B3:F7:B3:07:B5', 'version': '3.5', 'androiddev1': '0A091JECB00558', 'Commanduuid': '00004652-08c2-11e1-9073-0e8ac72e0011', 'Datauuid': '00004652-08c2-11e1-9073-0e8ac72e0013', 'ResponseUUID': '00004652-08c2-11e1-9073-0e8ac72e0012'}, 'testapk': {'pythonfile': 'test.pu'}, 'unixtime': {'adddays': 0, 'addhours': 1, 'addsecs': 30}, 'allurewiget': {'Device': 'health Robot', 'DevVersion': 'FW v0xFF.2.11'}, 'sleep': {'begin': '2022-12-12 23:00', 'totalsleep': 360}, 'walking': {'begin': '2022-12-13 10:00', 'totalwalking': 90}, 'running': {'begin': '2022-12-13 11:00', 'totalrunning': 90}}
2024-04-17 12:33:07 [DEBUG  ][ln-971]: ======================================== Star to run: <TestAPI> ========================================
2024-04-17 12:33:07 [DEBUG  ][ln-977]: ======================================== Star to run: <test_android_func> ========================================
2024-04-17 12:33:11 [INFO   ][ln-211]: ##################################################################

2024-04-17 12:33:11 [INFO   ][ln-212]: #  Test case : ( BLE beacon scan via Android Phone (Nordic App)  #)

2024-04-17 12:33:11 [INFO   ][ln-213]: ##################################################################)

2024-04-17 12:33:11 [INFO   ][ln-214]: ##################################################################
2024-04-17 12:33:26 [INFO   ][ln-244]: Done
2024-04-17 12:33:26 [DEBUG  ][ln-980]: teardown_method
2024-04-17 12:33:26 [DEBUG  ][ln-974]: teardown_class
2024-04-17 12:34:54 [INFO   ][ln-47 ]: Start to load config file
2024-04-17 12:34:54 [DEBUG  ][ln-49 ]: config.ini: {'dut': {'ip': 'th-dog-u2-api.data1.abc.tech'}, 'userinfo': {'usrid': 'feng038100@gmail.com', 'pwd': 'feng1234', 'devuserid': '6489599c9a2357000b2dc384', 'HW': 'DEV', 'sn': 'kd8c0000c6', 'devid': '66B3F7B307B5', 'mac': '66:B3:F7:B3:07:B5', 'version': '3.5', 'androiddev1': '0A091JECB00558', 'Commanduuid': '00004652-08c2-11e1-9073-0e8ac72e0011', 'Datauuid': '00004652-08c2-11e1-9073-0e8ac72e0013', 'ResponseUUID': '00004652-08c2-11e1-9073-0e8ac72e0012'}, 'testapk': {'pythonfile': 'test.pu'}, 'unixtime': {'adddays': 0, 'addhours': 1, 'addsecs': 30}, 'allurewiget': {'Device': 'health Robot', 'DevVersion': 'FW v0xFF.2.11'}, 'sleep': {'begin': '2022-12-12 23:00', 'totalsleep': 360}, 'walking': {'begin': '2022-12-13 10:00', 'totalwalking': 90}, 'running': {'begin': '2022-12-13 11:00', 'totalrunning': 90}}
2024-04-17 12:34:54 [DEBUG  ][ln-971]: ======================================== Star to run: <TestAPI> ========================================
2024-04-17 12:34:54 [DEBUG  ][ln-977]: ======================================== Star to run: <test_android_func> ========================================
2024-04-17 12:34:58 [INFO   ][ln-211]: ##################################################################

2024-04-17 12:34:58 [INFO   ][ln-212]: #  Test case : ( BLE beacon scan via Android Phone (Nordic App)  #)

2024-04-17 12:34:58 [INFO   ][ln-213]: ##################################################################)

2024-04-17 12:34:58 [INFO   ][ln-214]: ##################################################################
2024-04-17 12:35:13 [INFO   ][ln-244]: Done
2024-04-17 12:35:13 [DEBUG  ][ln-980]: teardown_method
2024-04-17 12:35:13 [DEBUG  ][ln-974]: teardown_class
