2022-10-18 14:40:26: -----------Request----------->
POST https://dev-rest.pwb.plume-dev.com/pwb/PlumeCloudLogin

User-Agent: python-requests/2.28.1
Accept-Encoding: gzip, deflate
accept: application/json
Connection: keep-alive
Content-Type: application/json
Content-Length: 67

{
    "email": "zm2192@nyu.edu",
    "password": "mengzhe1999",
    "ttl": 3600
}

2022-10-18 14:40:26: <-----------Response-----------
Status code: 200, elapsed seconds: 1.542313

Date: Tue, 18 Oct 2022 06:40:24 GMT
Content-Type: application/json
Content-Length: 721
Connection: keep-alive
x-amzn-RequestId: e09bb969-3ddb-4cf7-967c-ea7b5a871364
Access-Control-Allow-Origin: *
x-amz-apigw-id: aMCNrHMhvHcFisw=
X-Amzn-Trace-Id: Root=1-634e4a57-3dfc3bec366066df1e5cd06e;Sampled=0

{
    "data": {
        "id": "upgsC7XgXz4GIUxPiwXpHNaCPDW2cBld9RycE3azO62tGCQJandzhXKzyKuDUfHu",
        "ttl": 3600,
        "created": "2022-10-18T06:40:24.149Z",
        "userId": "62dd9ff3ec5304000bb44399",
        "expireAt": "2022-10-18T07:40:24.149Z",
        "user": {
            "id": "62dd9ff3ec5304000bb44399",
            "accountId": "af522c64-bef3-47c2-98ff-f89fffcd5dd0",
            "anonymous": false,
            "autoProvisioned": false,
            "name": "Zhe Meng",
            "locked": false,
            "partnerId": null,
            "acceptLanguage": "en-US",
            "source": "accountWebsite",
            "createdAt": "2022-07-24T19:39:31.522Z",
            "_version": "1.0.0",
            "email": "zm2192@nyu.edu",
            "emailVerified": true,
            "loginFailure": [
                1659580455234,
                1659579396374,
                1659579230328,
                1658691581084
            ],
            "firstKnownLoginTimestamp": "2022-07-24T19:39:55.172Z"
        }
    },
    "result": {
        "code": 201000,
        "message": "Successfully."
    }
}

2022-10-18 14:40:29: -----------Request----------->
POST https://dev-rest.pwb.plume-dev.com/pwb/AuthenticateWithPlumeToken

User-Agent: python-requests/2.28.1
Accept-Encoding: gzip, deflate
accept: application/json
Connection: keep-alive
Content-Type: application/json
Content-Length: 121

{
    "accessToken": "upgsC7XgXz4GIUxPiwXpHNaCPDW2cBld9RycE3azO62tGCQJandzhXKzyKuDUfHu",
    "userId": "62dd9ff3ec5304000bb44399"
}

2022-10-18 14:40:29: <-----------Response-----------
Status code: 200, elapsed seconds: 1.69813

Date: Tue, 18 Oct 2022 06:40:27 GMT
Content-Type: application/json
Content-Length: 3559
Connection: keep-alive
x-amzn-RequestId: 2527bd2a-33a2-412a-8fcb-c82260ddba90
Access-Control-Allow-Origin: *
x-amz-apigw-id: aMCOOHLWPHcFwwQ=
X-Amzn-Trace-Id: Root=1-634e4a5a-59a58a6270ecfcef001a16a5;Sampled=0

{
    "data": {
        "email": "zm2192@nyu.edu",
        "userGroup": "admin",
        "userName": "Zhe Meng",
        "userId": "62dd9ff3ec5304000bb44399",
        "accessToken": "eyJraWQiOiJ1cy13ZXN0LTIxIiwidHlwIjoiSldTIiwiYWxnIjoiUlM1MTIifQ.eyJzdWIiOiJ1cy13ZXN0LTI6MDcxNWRkN2MtMTIyNC00MWE4LTg4MmMtODI3NjZiM2YzNzQ1IiwiYXVkIjoidXMtd2VzdC0yOjYxZWY2YjcyLTk0NzctNDYzYy1iOTQ2LWFhODk3MDhiZTg3ZCIsImFtciI6WyJhdXRoZW50aWNhdGVkIiwicHdiLnBsdW1lLmNvbSIsInB3Yi5wbHVtZS5jb206dXMtd2VzdC0yOjYxZWY2YjcyLTk0NzctNDYzYy1iOTQ2LWFhODk3MDhiZTg3ZDp1cGdzQzdYZ1h6NEdJVXhQaXdYcEhOYUNQRFcyY0JsZDlSeWNFM2F6TzYydEdDUUphbmR6aFhLenlLdURVZkh1Il0sImlzcyI6Imh0dHBzOi8vY29nbml0by1pZGVudGl0eS5hbWF6b25hd3MuY29tIiwiaHR0cHM6Ly9jb2duaXRvLWlkZW50aXR5LmFtYXpvbmF3cy5jb20vaWRlbnRpdHktcG9vbC1hcm4iOiJhcm46YXdzOmNvZ25pdG8taWRlbnRpdHk6dXMtd2VzdC0yOjY0Mzc5NTA3NzcxNTppZGVudGl0eXBvb2wvdXMtd2VzdC0yOjYxZWY2YjcyLTk0NzctNDYzYy1iOTQ2LWFhODk3MDhiZTg3ZCIsImV4cCI6MTY2NjE2MTYyNywiaWF0IjoxNjY2MDc1MjI3fQ.ZFt2AMhpYwy52Emg7N0Tq0fxsN7FEf561CaATtrHcawW1UGJ2W-3zQFmN80f3Dxs16Ow36L595BiRJ1fZTLrqKz6hJzgtvc8YasctElUqzzmzlvZ3Mp1DbC6rWctnm4aRalc0VWXtkJlJKKjO-1xjsOyIB6GYenEPMwriXtUPG4Gi3S8-7SJXxGb_DuBjq6-LzjjVxF2dW62oALBiVpYcRTVtPr8lEI0FWp8Tbwjy3zMJfVMBB4PAytnHyKIBC1rUbJX2DS0y6y1-GEmr9EBAVq4vE1haSbre5Bm75EE1Gvj8s7-cdq4bi1AYwJUlR2bCGaLwUjYsJe0TExfKW8zYg",
        "idToken": "eyJraWQiOiJ1cy13ZXN0LTIxIiwidHlwIjoiSldTIiwiYWxnIjoiUlM1MTIifQ.eyJzdWIiOiJ1cy13ZXN0LTI6MDcxNWRkN2MtMTIyNC00MWE4LTg4MmMtODI3NjZiM2YzNzQ1IiwiYXVkIjoidXMtd2VzdC0yOjYxZWY2YjcyLTk0NzctNDYzYy1iOTQ2LWFhODk3MDhiZTg3ZCIsImFtciI6WyJhdXRoZW50aWNhdGVkIiwicHdiLnBsdW1lLmNvbSIsInB3Yi5wbHVtZS5jb206dXMtd2VzdC0yOjYxZWY2YjcyLTk0NzctNDYzYy1iOTQ2LWFhODk3MDhiZTg3ZDp1cGdzQzdYZ1h6NEdJVXhQaXdYcEhOYUNQRFcyY0JsZDlSeWNFM2F6TzYydEdDUUphbmR6aFhLenlLdURVZkh1Il0sImlzcyI6Imh0dHBzOi8vY29nbml0by1pZGVudGl0eS5hbWF6b25hd3MuY29tIiwiaHR0cHM6Ly9jb2duaXRvLWlkZW50aXR5LmFtYXpvbmF3cy5jb20vaWRlbnRpdHktcG9vbC1hcm4iOiJhcm46YXdzOmNvZ25pdG8taWRlbnRpdHk6dXMtd2VzdC0yOjY0Mzc5NTA3NzcxNTppZGVudGl0eXBvb2wvdXMtd2VzdC0yOjYxZWY2YjcyLTk0NzctNDYzYy1iOTQ2LWFhODk3MDhiZTg3ZCIsImV4cCI6MTY2NjE2MTYyNywiaWF0IjoxNjY2MDc1MjI3fQ.ZFt2AMhpYwy52Emg7N0Tq0fxsN7FEf561CaATtrHcawW1UGJ2W-3zQFmN80f3Dxs16Ow36L595BiRJ1fZTLrqKz6hJzgtvc8YasctElUqzzmzlvZ3Mp1DbC6rWctnm4aRalc0VWXtkJlJKKjO-1xjsOyIB6GYenEPMwriXtUPG4Gi3S8-7SJXxGb_DuBjq6-LzjjVxF2dW62oALBiVpYcRTVtPr8lEI0FWp8Tbwjy3zMJfVMBB4PAytnHyKIBC1rUbJX2DS0y6y1-GEmr9EBAVq4vE1haSbre5Bm75EE1Gvj8s7-cdq4bi1AYwJUlR2bCGaLwUjYsJe0TExfKW8zYg",
        "refreshToken": "eyJraWQiOiJ1cy13ZXN0LTIxIiwidHlwIjoiSldTIiwiYWxnIjoiUlM1MTIifQ.eyJzdWIiOiJ1cy13ZXN0LTI6MDcxNWRkN2MtMTIyNC00MWE4LTg4MmMtODI3NjZiM2YzNzQ1IiwiYXVkIjoidXMtd2VzdC0yOjYxZWY2YjcyLTk0NzctNDYzYy1iOTQ2LWFhODk3MDhiZTg3ZCIsImFtciI6WyJhdXRoZW50aWNhdGVkIiwicHdiLnBsdW1lLmNvbSIsInB3Yi5wbHVtZS5jb206dXMtd2VzdC0yOjYxZWY2YjcyLTk0NzctNDYzYy1iOTQ2LWFhODk3MDhiZTg3ZDp1cGdzQzdYZ1h6NEdJVXhQaXdYcEhOYUNQRFcyY0JsZDlSeWNFM2F6TzYydEdDUUphbmR6aFhLenlLdURVZkh1Il0sImlzcyI6Imh0dHBzOi8vY29nbml0by1pZGVudGl0eS5hbWF6b25hd3MuY29tIiwiaHR0cHM6Ly9jb2duaXRvLWlkZW50aXR5LmFtYXpvbmF3cy5jb20vaWRlbnRpdHktcG9vbC1hcm4iOiJhcm46YXdzOmNvZ25pdG8taWRlbnRpdHk6dXMtd2VzdC0yOjY0Mzc5NTA3NzcxNTppZGVudGl0eXBvb2wvdXMtd2VzdC0yOjYxZWY2YjcyLTk0NzctNDYzYy1iOTQ2LWFhODk3MDhiZTg3ZCIsImV4cCI6MTY2NjE2MTYyNywiaWF0IjoxNjY2MDc1MjI3fQ.ZFt2AMhpYwy52Emg7N0Tq0fxsN7FEf561CaATtrHcawW1UGJ2W-3zQFmN80f3Dxs16Ow36L595BiRJ1fZTLrqKz6hJzgtvc8YasctElUqzzmzlvZ3Mp1DbC6rWctnm4aRalc0VWXtkJlJKKjO-1xjsOyIB6GYenEPMwriXtUPG4Gi3S8-7SJXxGb_DuBjq6-LzjjVxF2dW62oALBiVpYcRTVtPr8lEI0FWp8Tbwjy3zMJfVMBB4PAytnHyKIBC1rUbJX2DS0y6y1-GEmr9EBAVq4vE1haSbre5Bm75EE1Gvj8s7-cdq4bi1AYwJUlR2bCGaLwUjYsJe0TExfKW8zYg",
        "identityId": "us-west-2:0715dd7c-1224-41a8-882c-82766b3f3745"
    }
}

2022-10-18 14:40:34: -----------Request----------->
POST https://dev-rest.pwb.plume-dev.com/pwb/RegisterDevice

User-Agent: python-requests/2.28.1
Accept-Encoding: gzip, deflate
accept: application/json
Connection: keep-alive
Authorization: Bearer eyJraWQiOiJ1cy13ZXN0LTIxIiwidHlwIjoiSldTIiwiYWxnIjoiUlM1MTIifQ.eyJzdWIiOiJ1cy13ZXN0LTI6MDcxNWRkN2MtMTIyNC00MWE4LTg4MmMtODI3NjZiM2YzNzQ1IiwiYXVkIjoidXMtd2VzdC0yOjYxZWY2YjcyLTk0NzctNDYzYy1iOTQ2LWFhODk3MDhiZTg3ZCIsImFtciI6WyJhdXRoZW50aWNhdGVkIiwicHdiLnBsdW1lLmNvbSIsInB3Yi5wbHVtZS5jb206dXMtd2VzdC0yOjYxZWY2YjcyLTk0NzctNDYzYy1iOTQ2LWFhODk3MDhiZTg3ZDp1cGdzQzdYZ1h6NEdJVXhQaXdYcEhOYUNQRFcyY0JsZDlSeWNFM2F6TzYydEdDUUphbmR6aFhLenlLdURVZkh1Il0sImlzcyI6Imh0dHBzOi8vY29nbml0by1pZGVudGl0eS5hbWF6b25hd3MuY29tIiwiaHR0cHM6Ly9jb2duaXRvLWlkZW50aXR5LmFtYXpvbmF3cy5jb20vaWRlbnRpdHktcG9vbC1hcm4iOiJhcm46YXdzOmNvZ25pdG8taWRlbnRpdHk6dXMtd2VzdC0yOjY0Mzc5NTA3NzcxNTppZGVudGl0eXBvb2wvdXMtd2VzdC0yOjYxZWY2YjcyLTk0NzctNDYzYy1iOTQ2LWFhODk3MDhiZTg3ZCIsImV4cCI6MTY2NjE2MTYyNywiaWF0IjoxNjY2MDc1MjI3fQ.ZFt2AMhpYwy52Emg7N0Tq0fxsN7FEf561CaATtrHcawW1UGJ2W-3zQFmN80f3Dxs16Ow36L595BiRJ1fZTLrqKz6hJzgtvc8YasctElUqzzmzlvZ3Mp1DbC6rWctnm4aRalc0VWXtkJlJKKjO-1xjsOyIB6GYenEPMwriXtUPG4Gi3S8-7SJXxGb_DuBjq6-LzjjVxF2dW62oALBiVpYcRTVtPr8lEI0FWp8Tbwjy3zMJfVMBB4PAytnHyKIBC1rUbJX2DS0y6y1-GEmr9EBAVq4vE1haSbre5Bm75EE1Gvj8s7-cdq4bi1AYwJUlR2bCGaLwUjYsJe0TExfKW8zYg
Content-Type: application/json
Content-Length: 99

{
    "userId": "62dd9ff3ec5304000bb44399",
    "deviceId": "60B4F7B3064F",
    "subscriptionId": "kd8b000x1e5"
}

2022-10-18 14:40:34: <-----------Response-----------
Status code: 200, elapsed seconds: 2.087573

Date: Tue, 18 Oct 2022 06:40:31 GMT
Content-Type: application/json
Content-Length: 5448
Connection: keep-alive
x-amzn-RequestId: 07c5c958-f057-429a-926c-07466a839a43
Access-Control-Allow-Origin: *
x-amz-apigw-id: aMCOzF7LvHcFv3A=
X-Amzn-Trace-Id: Root=1-634e4a5e-204f003a0919966c3f853593;Sampled=0

{
    "data": {
        "registerStatus": "Success",
        "certificate": "-----BEGIN CERTIFICATE-----\nMIIDWTCCAkGgAwIBAgIUVIVwv+2Fps9iF8GhchyH6G33mu8wDQYJKoZIhvcNAQEL\nBQAwTTFLMEkGA1UECwxCQW1hem9uIFdlYiBTZXJ2aWNlcyBPPUFtYXpvbi5jb20g\nSW5jLiBMPVNlYXR0bGUgU1Q9V2FzaGluZ3RvbiBDPVVTMB4XDTIyMTAxODA2Mzgz\nMVoXDTQ5MTIzMTIzNTk1OVowHjEcMBoGA1UEAwwTQVdTIElvVCBDZXJ0aWZpY2F0\nZTCCASIwDQYJKoZIhvcNAQEBBQADggEPADCCAQoCggEBAOCjSin0UI991t+EjYMr\nkU1djrNVFTVUd7CTX890oN1WDplWjZl/NZegGE+3x6T6mp9Zx/JU/vt5PxnyoTas\nmimPoDed+xf6CFvogBMFFan9BIUps3F9SN3ycfM7fXANAN4NeVUFFMQ9EbE3YtGA\nadbwnkMHR9OtbJs4bdaKK7Wl4zWFozvM0GDE0/2ydVokc8tbB7RuvJo27n4lIuaP\neHjB0nWVxu6dOsm8FS2KYMsyBy5jiVQq9RoYrTlOsblkv2poLg51DvqaZcaHdDLZ\nSW4lB/Yc3ZPfqe93zNVtK6K12mbkQQYNmU9wEjGG6UyovaonoTY2hcXD3XQ4ueeQ\nCQECAwEAAaNgMF4wHwYDVR0jBBgwFoAU8iWysUMG/OYazPraEAAq+DJ5q2QwHQYD\nVR0OBBYEFIh25f+TSBUCf6+sIRNhiLNCHOwWMAwGA1UdEwEB/wQCMAAwDgYDVR0P\nAQH/BAQDAgeAMA0GCSqGSIb3DQEBCwUAA4IBAQAfZ7ibj5YGQ0OhUep7KqDxT7hv\n8rhJM2LF56XJUX1fm6+y2ld2rZHXPzXilEMe2OG0OofIuDrm0QNrbi5Fzhlv6SVi\nwVCxN37oBXrgQaDKKxyRyYXk+XVJkcxTKgjGroJ8/kAETTzW6Ei2q7DS6jt859Iw\nV/3Qtt4KDp+lWUyCA3fcoWGOnQoKVdLSaV2Ys0gQJnM3umosKcCKLMRP4RY2ZnEI\nbIic2qW8CP3K7C6GPkvVR42kp5+5pjHovmvlY8V1D7SIuR9B5MPvDaxEjY97OOuB\n/lYSAaC4GsPODHdmkPcdXOr+CnJIfkwNDb6uCVHtw5JvFpcD88tF/fXNiH0L\n-----END CERTIFICATE-----\n",
        "publicKey": "-----BEGIN PUBLIC KEY-----\nMIIBIjANBgkqhkiG9w0BAQEFAAOCAQ8AMIIBCgKCAQEA4KNKKfRQj33W34SNgyuR\nTV2Os1UVNVR3sJNfz3Sg3VYOmVaNmX81l6AYT7fHpPqan1nH8lT++3k/GfKhNqya\nKY+gN537F/oIW+iAEwUVqf0EhSmzcX1I3fJx8zt9cA0A3g15VQUUxD0RsTdi0YBp\n1vCeQwdH061smzht1oortaXjNYWjO8zQYMTT/bJ1WiRzy1sHtG68mjbufiUi5o94\neMHSdZXG7p06ybwVLYpgyzIHLmOJVCr1GhitOU6xuWS/amguDnUO+pplxod0MtlJ\nbiUH9hzdk9+p73fM1W0rorXaZuRBBg2ZT3ASMYbpTKi9qiehNjaFxcPddDi555AJ\nAQIDAQAB\n-----END PUBLIC KEY-----\n",
        "privateKey": "-----BEGIN RSA PRIVATE KEY-----\nMIIEowIBAAKCAQEA4KNKKfRQj33W34SNgyuRTV2Os1UVNVR3sJNfz3Sg3VYOmVaN\nmX81l6AYT7fHpPqan1nH8lT++3k/GfKhNqyaKY+gN537F/oIW+iAEwUVqf0EhSmz\ncX1I3fJx8zt9cA0A3g15VQUUxD0RsTdi0YBp1vCeQwdH061smzht1oortaXjNYWj\nO8zQYMTT/bJ1WiRzy1sHtG68mjbufiUi5o94eMHSdZXG7p06ybwVLYpgyzIHLmOJ\nVCr1GhitOU6xuWS/amguDnUO+pplxod0MtlJbiUH9hzdk9+p73fM1W0rorXaZuRB\nBg2ZT3ASMYbpTKi9qiehNjaFxcPddDi555AJAQIDAQABAoIBAAVX/RCobi4rqSvi\nBFfFdoxnmFhtwrZlDv/VUacmuBjrzicZpv6qxwSXW1yyG36yM3Fs+lOqb/JdfQHK\nAsnBK12nvAD2sh1s5jwBeOJ68Xv8t9nPFySw/UXCWbGWjbJXrNiba3J5T3gnl78m\neSRQsLPbP3iKuMuxSW8b1YkP+mA0yZtt0CWjSTbx0wQsXVS4G22iTLG1qYU5VblO\nIOBv8KNsumQ4W8JAWXNbO24D3l+k2EOvH/Sw+OYO3UsQpZH77LsACeWEfbfCoSxC\n8OSaQwIxYvO4OVWkfJAeuIlcT4i9LiYCPQaV1jUJ9cDnEH/rLK66oaf+7ON7PGFn\nGlPFCB0CgYEA+BQg1QcUT2vtDQDk8JXlZ5jnujQIjDJUV0m7m6VchWLSaEHDhQv8\nlwRjUg3PHVLnhYQ2DHTNMw2f38XCLrhOSmiZx2pZnGwGtd6/bANdFxkVuzh7q2MN\nV4vnBVj0WYlxEVcUekcO0bdPNymhhEWDYeQzRrBjykDtRRxmzMAQZdcCgYEA58+M\nnQikVJUac7wK2XvsQz/LwcJaKgU4UNGVV4qhSOgPoTh1z9Msl/8JKBI3q1RLLarv\nT+jm8FmwP0JL362WwA/3Tj84TzYDB/BNLd0xDaOmgulxuyl2KuEjTxvHVE6u4dN7\n3ElH4t+IAx7AN7WWkCvgQcnfuVFBrmf/SsYQfOcCgYEAvzsM4An3/w0MC4UP9eEm\nmIhGwMORfzjgyPSeeOmse2nlFdbz9+B4kpUgVsUsTcd1jveOjmWPNHahMecIu+j4\n+OTO/eieMTUYqyOM3Z9uJ/r/RHXS5xeQ1laS/A1JNqf7D8nXkDasVr7+gmBGEGdh\nUpmNaUVZdzQ7cpXlLJo1SbsCgYA1JRc2tVF/dsOevwC5xbhv3oNnQ5iKQ7IajUIw\n1L6PSWyz6I7R+7cgjb7aqfqLVAL8UFEXP+0aM2W9ywQ8Hr8N/1sSXFobhuWA/22i\nUzC40MkPAFgrsaC+yejfbR3wzS045tRht4c8k0TKelVVMFN5cCW0z4R0JxXo1zzn\nNqt3BwKBgACzwsWe99ZIruozccGiamomQjdQaoWRRq1lKpPHOETuUBW87PsTdHvU\nazpbMjXMT3nvDiY6kDwd/SUlxT7ve9UDzdNihKJghspuC3TfB0w8d7zr8gFDtQtx\ne8hD0CXNHpv4RGrC+uNiKNxuHq9B9z9tnw+B7oEDA4Z5ebNh7cWo\n-----END RSA PRIVATE KEY-----\n",
        "rsaRootCert": "-----BEGIN CERTIFICATE-----\nMIIDQTCCAimgAwIBAgITBmyfz5m/jAo54vB4ikPmljZbyjANBgkqhkiG9w0BAQsF\nADA5MQswCQYDVQQGEwJVUzEPMA0GA1UEChMGQW1hem9uMRkwFwYDVQQDExBBbWF6\nb24gUm9vdCBDQSAxMB4XDTE1MDUyNjAwMDAwMFoXDTM4MDExNzAwMDAwMFowOTEL\nMAkGA1UEBhMCVVMxDzANBgNVBAoTBkFtYXpvbjEZMBcGA1UEAxMQQW1hem9uIFJv\nb3QgQ0EgMTCCASIwDQYJKoZIhvcNAQEBBQADggEPADCCAQoCggEBALJ4gHHKeNXj\nca9HgFB0fW7Y14h29Jlo91ghYPl0hAEvrAIthtOgQ3pOsqTQNroBvo3bSMgHFzZM\n9O6II8c+6zf1tRn4SWiw3te5djgdYZ6k/oI2peVKVuRF4fn9tBb6dNqcmzU5L/qw\nIFAGbHrQgLKm+a/sRxmPUDgH3KKHOVj4utWp+UhnMJbulHheb4mjUcAwhmahRWa6\nVOujw5H5SNz/0egwLX0tdHA114gk957EWW67c4cX8jJGKLhD+rcdqsq08p8kDi1L\n93FcXmn/6pUCyziKrlA4b9v7LWIbxcceVOF34GfID5yHI9Y/QCB/IIDEgEw+OyQm\njgSubJrIqg0CAwEAAaNCMEAwDwYDVR0TAQH/BAUwAwEB/zAOBgNVHQ8BAf8EBAMC\nAYYwHQYDVR0OBBYEFIQYzIU07LwMlJQuCFmcx7IQTgoIMA0GCSqGSIb3DQEBCwUA\nA4IBAQCY8jdaQZChGsV2USggNiMOruYou6r4lK5IpDB/G/wkjUu0yKGX9rbxenDI\nU5PMCCjjmCXPI6T53iHTfIUJrU6adTrCC2qJeHZERxhlbI1Bjjt/msv0tadQ1wUs\nN+gDS63pYaACbvXy8MWy7Vu33PqUXHeeE6V/Uq2V8viTO96LXFvKWlJbYK8U90vv\no/ufQJVtMVT8QtPHRh8jrdkPSHCa2XV4cdFyQzR1bldZwgJcJmApzyMZFo6IQ6XU\n5MsI+yMRQ+hDKXJioaldXgjUkK642M4UwtBV8ob2xJNDd2ZhwLnoQdeXeGADbkpy\nrqXRfboQnoZsG4q5WTP468SQvvG5\n-----END CERTIFICATE-----\n",
        "eccRootCert": "-----BEGIN CERTIFICATE-----\nMIIBtjCCAVugAwIBAgITBmyf1XSXNmY/Owua2eiedgPySjAKBggqhkjOPQQDAjA5\nMQswCQYDVQQGEwJVUzEPMA0GA1UEChMGQW1hem9uMRkwFwYDVQQDExBBbWF6b24g\nUm9vdCBDQSAzMB4XDTE1MDUyNjAwMDAwMFoXDTQwMDUyNjAwMDAwMFowOTELMAkG\nA1UEBhMCVVMxDzANBgNVBAoTBkFtYXpvbjEZMBcGA1UEAxMQQW1hem9uIFJvb3Qg\nQ0EgMzBZMBMGByqGSM49AgEGCCqGSM49AwEHA0IABCmXp8ZBf8ANm+gBG1bG8lKl\nui2yEujSLtf6ycXYqm0fc4E7O5hrOXwzpcVOho6AF2hiRVd9RFgdszflZwjrZt6j\nQjBAMA8GA1UdEwEB/wQFMAMBAf8wDgYDVR0PAQH/BAQDAgGGMB0GA1UdDgQWBBSr\nttvXBp43rDCGB5Fwx5zEGbF4wDAKBggqhkjOPQQDAgNJADBGAiEA4IWSoxe3jfkr\nBqWTrBqYaGFy+uGh0PsceGCmQ5nFuMQCIQCcAu/xlJyzlvnrxir4tiz+OpAUFteM\nYyRIHN8wfdVoOw==\n-----END CERTIFICATE-----\n"
    },
    "result": {
        "code": 201000,
        "message": "Successfully."
    }
}

2022-10-18 14:40:38: -----------Request----------->
POST https://dev-rest.pwb.plume-dev.com/pwb/UploadFile

User-Agent: python-requests/2.28.1
Accept-Encoding: gzip, deflate
accept: application/json
Connection: keep-alive
Authorization: Bearer eyJraWQiOiJ1cy13ZXN0LTIxIiwidHlwIjoiSldTIiwiYWxnIjoiUlM1MTIifQ.eyJzdWIiOiJ1cy13ZXN0LTI6MDcxNWRkN2MtMTIyNC00MWE4LTg4MmMtODI3NjZiM2YzNzQ1IiwiYXVkIjoidXMtd2VzdC0yOjYxZWY2YjcyLTk0NzctNDYzYy1iOTQ2LWFhODk3MDhiZTg3ZCIsImFtciI6WyJhdXRoZW50aWNhdGVkIiwicHdiLnBsdW1lLmNvbSIsInB3Yi5wbHVtZS5jb206dXMtd2VzdC0yOjYxZWY2YjcyLTk0NzctNDYzYy1iOTQ2LWFhODk3MDhiZTg3ZDp1cGdzQzdYZ1h6NEdJVXhQaXdYcEhOYUNQRFcyY0JsZDlSeWNFM2F6TzYydEdDUUphbmR6aFhLenlLdURVZkh1Il0sImlzcyI6Imh0dHBzOi8vY29nbml0by1pZGVudGl0eS5hbWF6b25hd3MuY29tIiwiaHR0cHM6Ly9jb2duaXRvLWlkZW50aXR5LmFtYXpvbmF3cy5jb20vaWRlbnRpdHktcG9vbC1hcm4iOiJhcm46YXdzOmNvZ25pdG8taWRlbnRpdHk6dXMtd2VzdC0yOjY0Mzc5NTA3NzcxNTppZGVudGl0eXBvb2wvdXMtd2VzdC0yOjYxZWY2YjcyLTk0NzctNDYzYy1iOTQ2LWFhODk3MDhiZTg3ZCIsImV4cCI6MTY2NjE2MTYyNywiaWF0IjoxNjY2MDc1MjI3fQ.ZFt2AMhpYwy52Emg7N0Tq0fxsN7FEf561CaATtrHcawW1UGJ2W-3zQFmN80f3Dxs16Ow36L595BiRJ1fZTLrqKz6hJzgtvc8YasctElUqzzmzlvZ3Mp1DbC6rWctnm4aRalc0VWXtkJlJKKjO-1xjsOyIB6GYenEPMwriXtUPG4Gi3S8-7SJXxGb_DuBjq6-LzjjVxF2dW62oALBiVpYcRTVtPr8lEI0FWp8Tbwjy3zMJfVMBB4PAytnHyKIBC1rUbJX2DS0y6y1-GEmr9EBAVq4vE1haSbre5Bm75EE1Gvj8s7-cdq4bi1AYwJUlR2bCGaLwUjYsJe0TExfKW8zYg
Content-Type: application/json
Content-Length: 167

{
    "userId": "62dd9ff3ec5304000bb44399",
    "fileName": "62bba64ffdddd9000a70a20d-60B4F7B3064F-android-1666075215.json",
    "fileType": "application/json",
    "dataType": "json"
}

2022-10-18 14:40:38: <-----------Response-----------
Status code: 200, elapsed seconds: 2.095048

Date: Tue, 18 Oct 2022 06:40:36 GMT
Content-Type: application/json
Content-Length: 1330
Connection: keep-alive
x-amzn-RequestId: ad7f22cb-c0b1-4c46-93ae-ba058b809b13
Access-Control-Allow-Origin: *
x-amz-apigw-id: aMCPcHKCPHcFnTg=
X-Amzn-Trace-Id: Root=1-634e4a62-75d52bf542ba6aad7b18f489;Sampled=0

{
    "data": {
        "url": "https://plume-pwb-data.s3.us-west-2.amazonaws.com/json/62dd9ff3ec5304000bb44399/20221018/62bba64ffdddd9000a70a20d-60B4F7B3064F-android-1666075215.json?AWSAccessKeyId=ASIAZLZJNJJJR3WGKJEZ&Content-Type=application%2Fjson&Expires=1666161636&Signature=mvKpp9CGEGx1VF1tFAThxwtuCwE%3D&x-amz-security-token=IQoJb3JpZ2luX2VjEE8aCXVzLXdlc3QtMiJHMEUCIQDAcw7%2BFF3Zv5BWmIvjb8nA1zCD4uPcRexhQ68HHIC9pwIgO0frKnvb8%2BI0R6ubeeDOWIiKskVCkkzsM%2FU9H5V5QsEqnwMIKBABGgw2NDM3OTUwNzc3MTUiDAW7ruNRs8CHQvMWBCr8AmUq1YvRXryH6499ewZ92n7cl%2Br3DSjkviK59lGZzS1AvnFqJGoQtoI6nYeKp%2BUETtt9T8dzZLSEwZo1NwNr5vI0PNpbFI9r1Y%2BQkwSc2jvgNPpRR21ZzEjlfx96rNzwomQbDGg2vXMcQmWE3w%2Fp73IFdC9A21%2FOQ2OinCqIYl2OHxZz7aGW9xy7CsdU9xTAEgwb%2FkyKyqUv3BNnpSoXLcHh0ULZVNLs8GH6YgLHa5T7blmjKCfTHoi0Wx6NHdEqEjx7IbV3hxPs6CGZJGMDy0UmtIC9n7s7IfTQGnPQ%2B3nmqI1tpqli2FYHJPlesrdKrzdl%2Bb%2FQFjKjTBKAafELMyzx1Ffi3kFzaIQDWTY0KiBEUcBsijmf4JypnA1KW%2FMCdPH8tMnl%2FbkixBbwxk6QvDWwMCiSXvJndO1MP6Z5tIERmchxZaVe79zVHzQGbNBreejTN9VdUETdH73LaUJIlB9dRVXrWfYff3hZftkgg2lXfrIyc%2B%2BJvFTCaqEnMOKUuZoGOp0BJ%2BctN5KKZi337oXSOggj4xDqMIhE174n5I%2FZyLnVKIyDXb6MIlUZPTYEflLLnyNh9oeQgLom%2FyX1VughJfVI1wPQnrqf3wNOuIrwV%2FPOC74rFowCypacY2qgPsotxveB74FjnnJcei2ozX6m84dS2zy1URas7l8MrQCCzHWf7T4g%2FUbpaqVHEDvUUApFU1Huq1jBSP%2FrJrHHjeit9Q%3D%3D"
    },
    "result": {
        "code": 201000,
        "message": "Successfully."
    }
}

