2022-10-18 15:45:30: -----------Request----------->
POST https://dev-rest.pwb.plume-dev.com/pwb/PlumeCloudLogin

User-Agent: python-requests/2.28.1
Accept-Encoding: gzip, deflate
accept: application/json
Connection: keep-alive
Content-Type: application/json
Content-Length: 70

{
    "email": "mhsieh@plume.com",
    "password": "Pa@ubntubnt1",
    "ttl": 3600
}

2022-10-18 15:45:30: <-----------Response-----------
Status code: 200, elapsed seconds: 1.604096

Date: Tue, 18 Oct 2022 07:45:28 GMT
Content-Type: application/json
Content-Length: 828
Connection: keep-alive
x-amzn-RequestId: 3844cfcc-41c4-47f6-812d-82428cdfccd4
Access-Control-Allow-Origin: *
x-amz-apigw-id: aMLvpGirvHcFVyQ=
X-Amzn-Trace-Id: Root=1-634e5997-6f82cf441e8f97ee35dc1708;Sampled=0

{
    "data": {
        "id": "bRpWTYYPn4jxDn54aSSeNiJGujhhBAEa3ve74kCofJ3LTxjh649CRL5YWiUAHZzw",
        "ttl": 3600,
        "created": "2022-10-18T07:45:28.021Z",
        "userId": "62e89e5391a0ca000a6d18b7",
        "expireAt": "2022-10-18T08:45:28.021Z",
        "user": {
            "id": "62e89e5391a0ca000a6d18b7",
            "accountId": "c005cb5c-f714-4a68-b035-4a1318ba16e3",
            "anonymous": false,
            "autoProvisioned": false,
            "name": "mhsieh",
            "locked": false,
            "partnerId": "mobile_qa_test",
            "acceptLanguage": "en-US",
            "preferredLanguage": "en",
            "source": "accountWebsite",
            "createdAt": "2022-08-02T03:47:31.250Z",
            "_version": "1.0.0",
            "email": "mhsieh@plume.com",
            "emailVerified": true,
            "loginFailure": [
                1665452487929,
                1665452476193,
                1665452331346,
                1663023296863,
                1662984974989,
                1659496797154,
                1659412081355,
                1659412069223,
                1659412064629
            ],
            "firstKnownLoginTimestamp": "2022-08-02T03:49:15.981Z"
        }
    },
    "result": {
        "code": 201000,
        "message": "Successfully."
    }
}

2022-10-18 15:45:33: -----------Request----------->
POST https://dev-rest.pwb.plume-dev.com/pwb/AuthenticateWithPlumeToken

User-Agent: python-requests/2.28.1
Accept-Encoding: gzip, deflate
accept: application/json
Connection: keep-alive
Content-Type: application/json
Content-Length: 121

{
    "accessToken": "bRpWTYYPn4jxDn54aSSeNiJGujhhBAEa3ve74kCofJ3LTxjh649CRL5YWiUAHZzw",
    "userId": "62e89e5391a0ca000a6d18b7"
}

2022-10-18 15:45:33: <-----------Response-----------
Status code: 200, elapsed seconds: 1.620414

Date: Tue, 18 Oct 2022 07:45:31 GMT
Content-Type: application/json
Content-Length: 3559
Connection: keep-alive
x-amzn-RequestId: 742c0e3a-52d1-4e7e-9402-1461188c3722
Access-Control-Allow-Origin: *
x-amz-apigw-id: aMLwMEvuPHcFp6w=
X-Amzn-Trace-Id: Root=1-634e599a-45150c687b83d647491c16aa;Sampled=0

{
    "data": {
        "email": "mhsieh@plume.com",
        "userGroup": "admin",
        "userName": "mhsieh",
        "userId": "62e89e5391a0ca000a6d18b7",
        "accessToken": "eyJraWQiOiJ1cy13ZXN0LTIxIiwidHlwIjoiSldTIiwiYWxnIjoiUlM1MTIifQ.eyJzdWIiOiJ1cy13ZXN0LTI6Y2UzYWY3ZGYtYzU0Zi00NTYyLWJjMTgtYTllZWZiMDk5MjUyIiwiYXVkIjoidXMtd2VzdC0yOjYxZWY2YjcyLTk0NzctNDYzYy1iOTQ2LWFhODk3MDhiZTg3ZCIsImFtciI6WyJhdXRoZW50aWNhdGVkIiwicHdiLnBsdW1lLmNvbSIsInB3Yi5wbHVtZS5jb206dXMtd2VzdC0yOjYxZWY2YjcyLTk0NzctNDYzYy1iOTQ2LWFhODk3MDhiZTg3ZDpiUnBXVFlZUG40anhEbjU0YVNTZU5pSkd1amhoQkFFYTN2ZTc0a0NvZkozTFR4amg2NDlDUkw1WVdpVUFIWnp3Il0sImlzcyI6Imh0dHBzOi8vY29nbml0by1pZGVudGl0eS5hbWF6b25hd3MuY29tIiwiaHR0cHM6Ly9jb2duaXRvLWlkZW50aXR5LmFtYXpvbmF3cy5jb20vaWRlbnRpdHktcG9vbC1hcm4iOiJhcm46YXdzOmNvZ25pdG8taWRlbnRpdHk6dXMtd2VzdC0yOjY0Mzc5NTA3NzcxNTppZGVudGl0eXBvb2wvdXMtd2VzdC0yOjYxZWY2YjcyLTk0NzctNDYzYy1iOTQ2LWFhODk3MDhiZTg3ZCIsImV4cCI6MTY2NjE2NTUzMSwiaWF0IjoxNjY2MDc5MTMxfQ.dVwzsKeUSbeRfwwZbykl5IC4mn0EeW7enTLP-2tRlXnpXuH5Pv6IvCStpDwFduzHhKZ_9ZbPrVq0SSb97SduDKp8KMpJWzLx1GoRoGW_42n38f37O48KvEqkvLbJJMlmO-rJ6_MEEcVxHAOr5hf-o_Jfs9euvNH6FD8B6dbgtOCjODZtNJMa1GYvQrdhCI53reBVZxkScEWLbEO9T0j18CrkQkdTc5Y6lLYVvCHqu3rUANlp0jVP98Jk4mpxaaErjW1XoEN9FPG5MX6K6ZTE5Ng1d2HXfvrk87V-ShhIB0IcAwI2pad2BAU2QFDsfqgpjCOuUxSwKFv-5zkIDOn17Q",
        "idToken": "eyJraWQiOiJ1cy13ZXN0LTIxIiwidHlwIjoiSldTIiwiYWxnIjoiUlM1MTIifQ.eyJzdWIiOiJ1cy13ZXN0LTI6Y2UzYWY3ZGYtYzU0Zi00NTYyLWJjMTgtYTllZWZiMDk5MjUyIiwiYXVkIjoidXMtd2VzdC0yOjYxZWY2YjcyLTk0NzctNDYzYy1iOTQ2LWFhODk3MDhiZTg3ZCIsImFtciI6WyJhdXRoZW50aWNhdGVkIiwicHdiLnBsdW1lLmNvbSIsInB3Yi5wbHVtZS5jb206dXMtd2VzdC0yOjYxZWY2YjcyLTk0NzctNDYzYy1iOTQ2LWFhODk3MDhiZTg3ZDpiUnBXVFlZUG40anhEbjU0YVNTZU5pSkd1amhoQkFFYTN2ZTc0a0NvZkozTFR4amg2NDlDUkw1WVdpVUFIWnp3Il0sImlzcyI6Imh0dHBzOi8vY29nbml0by1pZGVudGl0eS5hbWF6b25hd3MuY29tIiwiaHR0cHM6Ly9jb2duaXRvLWlkZW50aXR5LmFtYXpvbmF3cy5jb20vaWRlbnRpdHktcG9vbC1hcm4iOiJhcm46YXdzOmNvZ25pdG8taWRlbnRpdHk6dXMtd2VzdC0yOjY0Mzc5NTA3NzcxNTppZGVudGl0eXBvb2wvdXMtd2VzdC0yOjYxZWY2YjcyLTk0NzctNDYzYy1iOTQ2LWFhODk3MDhiZTg3ZCIsImV4cCI6MTY2NjE2NTUzMSwiaWF0IjoxNjY2MDc5MTMxfQ.dVwzsKeUSbeRfwwZbykl5IC4mn0EeW7enTLP-2tRlXnpXuH5Pv6IvCStpDwFduzHhKZ_9ZbPrVq0SSb97SduDKp8KMpJWzLx1GoRoGW_42n38f37O48KvEqkvLbJJMlmO-rJ6_MEEcVxHAOr5hf-o_Jfs9euvNH6FD8B6dbgtOCjODZtNJMa1GYvQrdhCI53reBVZxkScEWLbEO9T0j18CrkQkdTc5Y6lLYVvCHqu3rUANlp0jVP98Jk4mpxaaErjW1XoEN9FPG5MX6K6ZTE5Ng1d2HXfvrk87V-ShhIB0IcAwI2pad2BAU2QFDsfqgpjCOuUxSwKFv-5zkIDOn17Q",
        "refreshToken": "eyJraWQiOiJ1cy13ZXN0LTIxIiwidHlwIjoiSldTIiwiYWxnIjoiUlM1MTIifQ.eyJzdWIiOiJ1cy13ZXN0LTI6Y2UzYWY3ZGYtYzU0Zi00NTYyLWJjMTgtYTllZWZiMDk5MjUyIiwiYXVkIjoidXMtd2VzdC0yOjYxZWY2YjcyLTk0NzctNDYzYy1iOTQ2LWFhODk3MDhiZTg3ZCIsImFtciI6WyJhdXRoZW50aWNhdGVkIiwicHdiLnBsdW1lLmNvbSIsInB3Yi5wbHVtZS5jb206dXMtd2VzdC0yOjYxZWY2YjcyLTk0NzctNDYzYy1iOTQ2LWFhODk3MDhiZTg3ZDpiUnBXVFlZUG40anhEbjU0YVNTZU5pSkd1amhoQkFFYTN2ZTc0a0NvZkozTFR4amg2NDlDUkw1WVdpVUFIWnp3Il0sImlzcyI6Imh0dHBzOi8vY29nbml0by1pZGVudGl0eS5hbWF6b25hd3MuY29tIiwiaHR0cHM6Ly9jb2duaXRvLWlkZW50aXR5LmFtYXpvbmF3cy5jb20vaWRlbnRpdHktcG9vbC1hcm4iOiJhcm46YXdzOmNvZ25pdG8taWRlbnRpdHk6dXMtd2VzdC0yOjY0Mzc5NTA3NzcxNTppZGVudGl0eXBvb2wvdXMtd2VzdC0yOjYxZWY2YjcyLTk0NzctNDYzYy1iOTQ2LWFhODk3MDhiZTg3ZCIsImV4cCI6MTY2NjE2NTUzMSwiaWF0IjoxNjY2MDc5MTMxfQ.dVwzsKeUSbeRfwwZbykl5IC4mn0EeW7enTLP-2tRlXnpXuH5Pv6IvCStpDwFduzHhKZ_9ZbPrVq0SSb97SduDKp8KMpJWzLx1GoRoGW_42n38f37O48KvEqkvLbJJMlmO-rJ6_MEEcVxHAOr5hf-o_Jfs9euvNH6FD8B6dbgtOCjODZtNJMa1GYvQrdhCI53reBVZxkScEWLbEO9T0j18CrkQkdTc5Y6lLYVvCHqu3rUANlp0jVP98Jk4mpxaaErjW1XoEN9FPG5MX6K6ZTE5Ng1d2HXfvrk87V-ShhIB0IcAwI2pad2BAU2QFDsfqgpjCOuUxSwKFv-5zkIDOn17Q",
        "identityId": "us-west-2:ce3af7df-c54f-4562-bc18-a9eefb099252"
    }
}

2022-10-18 15:45:37: -----------Request----------->
POST https://dev-rest.pwb.plume-dev.com/pwb/RegisterDevice

User-Agent: python-requests/2.28.1
Accept-Encoding: gzip, deflate
accept: application/json
Connection: keep-alive
Authorization: Bearer eyJraWQiOiJ1cy13ZXN0LTIxIiwidHlwIjoiSldTIiwiYWxnIjoiUlM1MTIifQ.eyJzdWIiOiJ1cy13ZXN0LTI6Y2UzYWY3ZGYtYzU0Zi00NTYyLWJjMTgtYTllZWZiMDk5MjUyIiwiYXVkIjoidXMtd2VzdC0yOjYxZWY2YjcyLTk0NzctNDYzYy1iOTQ2LWFhODk3MDhiZTg3ZCIsImFtciI6WyJhdXRoZW50aWNhdGVkIiwicHdiLnBsdW1lLmNvbSIsInB3Yi5wbHVtZS5jb206dXMtd2VzdC0yOjYxZWY2YjcyLTk0NzctNDYzYy1iOTQ2LWFhODk3MDhiZTg3ZDpiUnBXVFlZUG40anhEbjU0YVNTZU5pSkd1amhoQkFFYTN2ZTc0a0NvZkozTFR4amg2NDlDUkw1WVdpVUFIWnp3Il0sImlzcyI6Imh0dHBzOi8vY29nbml0by1pZGVudGl0eS5hbWF6b25hd3MuY29tIiwiaHR0cHM6Ly9jb2duaXRvLWlkZW50aXR5LmFtYXpvbmF3cy5jb20vaWRlbnRpdHktcG9vbC1hcm4iOiJhcm46YXdzOmNvZ25pdG8taWRlbnRpdHk6dXMtd2VzdC0yOjY0Mzc5NTA3NzcxNTppZGVudGl0eXBvb2wvdXMtd2VzdC0yOjYxZWY2YjcyLTk0NzctNDYzYy1iOTQ2LWFhODk3MDhiZTg3ZCIsImV4cCI6MTY2NjE2NTUzMSwiaWF0IjoxNjY2MDc5MTMxfQ.dVwzsKeUSbeRfwwZbykl5IC4mn0EeW7enTLP-2tRlXnpXuH5Pv6IvCStpDwFduzHhKZ_9ZbPrVq0SSb97SduDKp8KMpJWzLx1GoRoGW_42n38f37O48KvEqkvLbJJMlmO-rJ6_MEEcVxHAOr5hf-o_Jfs9euvNH6FD8B6dbgtOCjODZtNJMa1GYvQrdhCI53reBVZxkScEWLbEO9T0j18CrkQkdTc5Y6lLYVvCHqu3rUANlp0jVP98Jk4mpxaaErjW1XoEN9FPG5MX6K6ZTE5Ng1d2HXfvrk87V-ShhIB0IcAwI2pad2BAU2QFDsfqgpjCOuUxSwKFv-5zkIDOn17Q
Content-Type: application/json
Content-Length: 99

{
    "userId": "62e89e5391a0ca000a6d18b7",
    "deviceId": "60B4F7B30695",
    "subscriptionId": "kd8b000x22c"
}

2022-10-18 15:45:37: <-----------Response-----------
Status code: 200, elapsed seconds: 2.012119

Date: Tue, 18 Oct 2022 07:45:35 GMT
Content-Type: application/json
Content-Length: 5456
Connection: keep-alive
x-amzn-RequestId: 6b4f5e68-199b-4c9f-b900-4904fa54179c
Access-Control-Allow-Origin: *
x-amz-apigw-id: aMLwxFSVPHcFzUA=
X-Amzn-Trace-Id: Root=1-634e599e-36c370f63dbe88fb05311944;Sampled=0

{
    "data": {
        "registerStatus": "Success",
        "certificate": "-----BEGIN CERTIFICATE-----\nMIIDWjCCAkKgAwIBAgIVAIhbs/9OZPU9m8l40N5J4HhMLUB/MA0GCSqGSIb3DQEB\nCwUAME0xSzBJBgNVBAsMQkFtYXpvbiBXZWIgU2VydmljZXMgTz1BbWF6b24uY29t\nIEluYy4gTD1TZWF0dGxlIFNUPVdhc2hpbmd0b24gQz1VUzAeFw0yMjEwMTgwNzQz\nMzVaFw00OTEyMzEyMzU5NTlaMB4xHDAaBgNVBAMME0FXUyBJb1QgQ2VydGlmaWNh\ndGUwggEiMA0GCSqGSIb3DQEBAQUAA4IBDwAwggEKAoIBAQCwpB1AayYN01AD2jTd\nfd1ZsJYEHRtk33OcLjLRuJGtMkB9/k2Pbu3XT/XGkY4ZhZa3YoMdh9qP/TR+cu9i\nUYsT7APTcfhU8KlWyhqdcDy6cyJVFdf8Klu4wJrLpbaYIpPDz2reGSkkq2lMUvev\nw6/BRmW7cNx60Q0L8VB1fGGqb4wo5oK/kw7Ry5KyYZZIkNTmE+TpJabhsAkrtgXa\nfnfQ1K7y2a7hlb6foUDXyjoC8/ncYLKhsztkYsa1c/WWqKByE/1LzjXfu15ucRaM\ngPY0LnDIbdx2raucVVgLJjtD2pGyW31z3/PTeBv1yq0vjUWlbHUqtyKvdr3gLVnP\nI6gFAgMBAAGjYDBeMB8GA1UdIwQYMBaAFETjfhLpNn8ob/0vWABS1Hsf/YJSMB0G\nA1UdDgQWBBRU5Z6rebDOmv43I69NASLzNjFnqDAMBgNVHRMBAf8EAjAAMA4GA1Ud\nDwEB/wQEAwIHgDANBgkqhkiG9w0BAQsFAAOCAQEAicOO54tYRv2R6mjz6YJRoQ3p\niJ4I4xaLfn94AmAqY0RYbf/BZy/+iwrbIpan0SxkIfAc4Tsh0/1IlG2Rjjf2kRqN\nf6r3qlPyImTOnT7iT/yAUew3/YMgLMx+d3LxlseSteVj8VDMGoed8JnZ1cadMQlm\noQfl5jvaBNVcK/C8ejWp8dnbwI/+5AwavzB3w14t0Uw9+Mel9IXuMQy2cbu2jKaK\nEkzXDZaQs8T7ztbnlF+NZV0oUuWit3M3B9SSTvMXQ2Yx7vWxvfc77PQZzPSpeWFW\nmyr2DE9IKJYuGQyJbZtu92XijS27+glOcCc8X7hfJEdGHGngRGQNbhwPMJOm1w==\n-----END CERTIFICATE-----\n",
        "publicKey": "-----BEGIN PUBLIC KEY-----\nMIIBIjANBgkqhkiG9w0BAQEFAAOCAQ8AMIIBCgKCAQEAsKQdQGsmDdNQA9o03X3d\nWbCWBB0bZN9znC4y0biRrTJAff5Nj27t10/1xpGOGYWWt2KDHYfaj/00fnLvYlGL\nE+wD03H4VPCpVsoanXA8unMiVRXX/CpbuMCay6W2mCKTw89q3hkpJKtpTFL3r8Ov\nwUZlu3DcetENC/FQdXxhqm+MKOaCv5MO0cuSsmGWSJDU5hPk6SWm4bAJK7YF2n53\n0NSu8tmu4ZW+n6FA18o6AvP53GCyobM7ZGLGtXP1lqigchP9S84137tebnEWjID2\nNC5wyG3cdq2rnFVYCyY7Q9qRslt9c9/z03gb9cqtL41FpWx1Krcir3a94C1ZzyOo\nBQIDAQAB\n-----END PUBLIC KEY-----\n",
        "privateKey": "-----BEGIN RSA PRIVATE KEY-----\nMIIEpAIBAAKCAQEAsKQdQGsmDdNQA9o03X3dWbCWBB0bZN9znC4y0biRrTJAff5N\nj27t10/1xpGOGYWWt2KDHYfaj/00fnLvYlGLE+wD03H4VPCpVsoanXA8unMiVRXX\n/CpbuMCay6W2mCKTw89q3hkpJKtpTFL3r8OvwUZlu3DcetENC/FQdXxhqm+MKOaC\nv5MO0cuSsmGWSJDU5hPk6SWm4bAJK7YF2n530NSu8tmu4ZW+n6FA18o6AvP53GCy\nobM7ZGLGtXP1lqigchP9S84137tebnEWjID2NC5wyG3cdq2rnFVYCyY7Q9qRslt9\nc9/z03gb9cqtL41FpWx1Krcir3a94C1ZzyOoBQIDAQABAoIBAFuMUxTF860Krdex\nSeDZkNUhLj7njwESxmpVj0UecXHgL4idOjlydpY2/NxzJ8CWeeyFhArUFDS4OHKo\nwuSj+n7SvZDi6p+rMzil+nFKcE75yPtsHMq2cV8pg5C0TBRBJ3A+mdaOF8LHjAVg\norpXo0l6YNNqxPpqSma8JMUfN8cKt4sWc/pv+r+83OqEYDf171k/jjLNHYBq4kKq\nV+/BhgGYA/rPl8Wo/7+ne6l7L6GxwqtLb811ba6F4z+yYKAyfPC9A9lD47G3mMcH\nG8aWpnkBnolgVG9CXxAPFWidl9Dm5lyFasX8wntMwZTK6HKq03vggfnWh0O38zjH\nt5oyQQECgYEA6r2gOfEFqFa31i9rmnm9QihAL8JgZd23fZB0XzelQqfZGQ9Lmv7t\nZl35TKi0s3B+USUeTeQM+Ug4+5CEq4bdEJ/VvmA/9KWw15b0tcc+KJw3PCAbT8mt\n2o3jdZ2IFEXAGQbdYC27UZVPQOi6VDCY1fkWeRkf6PpJL8AMYeGcyqUCgYEAwKN4\nVjdFYiRBHnOLrUzu+5YtAnKcyxiPFU9W+dfh7BLLN3HXOhaYr/tMAhrdFKMPgCEE\nWy1eLmyCp+eWNxgq+JNa7U7Vl6Id3OD7t1t4GK3lwOmhkXzJcVGgzGhRvU5GrHAi\nH6kAUTSAwo8xcMklgCiiovMAgh7xPMf/7HEyyeECgYEAzydWvatIjd0xUM/6SpGC\nhl6U/lCv11WJd0LCn8Cwk5kiSi4oT3kHMd5egdsj1HLC1oNGMgC9vkORHdfUbLaQ\nYfpbmyy/Y/vQiwEJpV1WKmppiCLhV1EonoW2pHXHv/Qp6SwYsqbI9t8n2KVIwcE9\nLx8pSOb2NRii+4OkqcB7KI0CgYBqNjdVIehJcj/NMFvk0zQ41tY+MT8t436Qe0wz\nOMpBxSLykPvf9TF+ZgnEZ1dZ14XmWU3zj5IL+pwXQ2LZQaP/pg9OJFcz4ZihfhKL\nSA1xXf/9W1NPygOvTRhhW2sl+xCQZssJtb6NB2uu2hCiZOUeQklZmq2/EJxlrMf4\nb3lXQQKBgQDLelaixPKxOIq0P/1xnpi1eK4/NbizCNhvThWnJP3u5Dfba5Kzt7jM\nCqj+gWsrZxH/72Y83TQ7ypRCWrVJt80zmn/7TiJgr4vI9HgjiyLGKmMbqyzFXoOk\nUBS78xzTOHuQbmOJsG7boPh3w+yZpxbNQwBZtFsVemo5jaTsWErPEA==\n-----END RSA PRIVATE KEY-----\n",
        "rsaRootCert": "-----BEGIN CERTIFICATE-----\nMIIDQTCCAimgAwIBAgITBmyfz5m/jAo54vB4ikPmljZbyjANBgkqhkiG9w0BAQsF\nADA5MQswCQYDVQQGEwJVUzEPMA0GA1UEChMGQW1hem9uMRkwFwYDVQQDExBBbWF6\nb24gUm9vdCBDQSAxMB4XDTE1MDUyNjAwMDAwMFoXDTM4MDExNzAwMDAwMFowOTEL\nMAkGA1UEBhMCVVMxDzANBgNVBAoTBkFtYXpvbjEZMBcGA1UEAxMQQW1hem9uIFJv\nb3QgQ0EgMTCCASIwDQYJKoZIhvcNAQEBBQADggEPADCCAQoCggEBALJ4gHHKeNXj\nca9HgFB0fW7Y14h29Jlo91ghYPl0hAEvrAIthtOgQ3pOsqTQNroBvo3bSMgHFzZM\n9O6II8c+6zf1tRn4SWiw3te5djgdYZ6k/oI2peVKVuRF4fn9tBb6dNqcmzU5L/qw\nIFAGbHrQgLKm+a/sRxmPUDgH3KKHOVj4utWp+UhnMJbulHheb4mjUcAwhmahRWa6\nVOujw5H5SNz/0egwLX0tdHA114gk957EWW67c4cX8jJGKLhD+rcdqsq08p8kDi1L\n93FcXmn/6pUCyziKrlA4b9v7LWIbxcceVOF34GfID5yHI9Y/QCB/IIDEgEw+OyQm\njgSubJrIqg0CAwEAAaNCMEAwDwYDVR0TAQH/BAUwAwEB/zAOBgNVHQ8BAf8EBAMC\nAYYwHQYDVR0OBBYEFIQYzIU07LwMlJQuCFmcx7IQTgoIMA0GCSqGSIb3DQEBCwUA\nA4IBAQCY8jdaQZChGsV2USggNiMOruYou6r4lK5IpDB/G/wkjUu0yKGX9rbxenDI\nU5PMCCjjmCXPI6T53iHTfIUJrU6adTrCC2qJeHZERxhlbI1Bjjt/msv0tadQ1wUs\nN+gDS63pYaACbvXy8MWy7Vu33PqUXHeeE6V/Uq2V8viTO96LXFvKWlJbYK8U90vv\no/ufQJVtMVT8QtPHRh8jrdkPSHCa2XV4cdFyQzR1bldZwgJcJmApzyMZFo6IQ6XU\n5MsI+yMRQ+hDKXJioaldXgjUkK642M4UwtBV8ob2xJNDd2ZhwLnoQdeXeGADbkpy\nrqXRfboQnoZsG4q5WTP468SQvvG5\n-----END CERTIFICATE-----\n",
        "eccRootCert": "-----BEGIN CERTIFICATE-----\nMIIBtjCCAVugAwIBAgITBmyf1XSXNmY/Owua2eiedgPySjAKBggqhkjOPQQDAjA5\nMQswCQYDVQQGEwJVUzEPMA0GA1UEChMGQW1hem9uMRkwFwYDVQQDExBBbWF6b24g\nUm9vdCBDQSAzMB4XDTE1MDUyNjAwMDAwMFoXDTQwMDUyNjAwMDAwMFowOTELMAkG\nA1UEBhMCVVMxDzANBgNVBAoTBkFtYXpvbjEZMBcGA1UEAxMQQW1hem9uIFJvb3Qg\nQ0EgMzBZMBMGByqGSM49AgEGCCqGSM49AwEHA0IABCmXp8ZBf8ANm+gBG1bG8lKl\nui2yEujSLtf6ycXYqm0fc4E7O5hrOXwzpcVOho6AF2hiRVd9RFgdszflZwjrZt6j\nQjBAMA8GA1UdEwEB/wQFMAMBAf8wDgYDVR0PAQH/BAQDAgGGMB0GA1UdDgQWBBSr\nttvXBp43rDCGB5Fwx5zEGbF4wDAKBggqhkjOPQQDAgNJADBGAiEA4IWSoxe3jfkr\nBqWTrBqYaGFy+uGh0PsceGCmQ5nFuMQCIQCcAu/xlJyzlvnrxir4tiz+OpAUFteM\nYyRIHN8wfdVoOw==\n-----END CERTIFICATE-----\n"
    },
    "result": {
        "code": 201000,
        "message": "Successfully."
    }
}

2022-10-18 15:45:42: -----------Request----------->
POST https://dev-rest.pwb.plume-dev.com/pwb/UploadFile

User-Agent: python-requests/2.28.1
Accept-Encoding: gzip, deflate
accept: application/json
Connection: keep-alive
Authorization: Bearer eyJraWQiOiJ1cy13ZXN0LTIxIiwidHlwIjoiSldTIiwiYWxnIjoiUlM1MTIifQ.eyJzdWIiOiJ1cy13ZXN0LTI6Y2UzYWY3ZGYtYzU0Zi00NTYyLWJjMTgtYTllZWZiMDk5MjUyIiwiYXVkIjoidXMtd2VzdC0yOjYxZWY2YjcyLTk0NzctNDYzYy1iOTQ2LWFhODk3MDhiZTg3ZCIsImFtciI6WyJhdXRoZW50aWNhdGVkIiwicHdiLnBsdW1lLmNvbSIsInB3Yi5wbHVtZS5jb206dXMtd2VzdC0yOjYxZWY2YjcyLTk0NzctNDYzYy1iOTQ2LWFhODk3MDhiZTg3ZDpiUnBXVFlZUG40anhEbjU0YVNTZU5pSkd1amhoQkFFYTN2ZTc0a0NvZkozTFR4amg2NDlDUkw1WVdpVUFIWnp3Il0sImlzcyI6Imh0dHBzOi8vY29nbml0by1pZGVudGl0eS5hbWF6b25hd3MuY29tIiwiaHR0cHM6Ly9jb2duaXRvLWlkZW50aXR5LmFtYXpvbmF3cy5jb20vaWRlbnRpdHktcG9vbC1hcm4iOiJhcm46YXdzOmNvZ25pdG8taWRlbnRpdHk6dXMtd2VzdC0yOjY0Mzc5NTA3NzcxNTppZGVudGl0eXBvb2wvdXMtd2VzdC0yOjYxZWY2YjcyLTk0NzctNDYzYy1iOTQ2LWFhODk3MDhiZTg3ZCIsImV4cCI6MTY2NjE2NTUzMSwiaWF0IjoxNjY2MDc5MTMxfQ.dVwzsKeUSbeRfwwZbykl5IC4mn0EeW7enTLP-2tRlXnpXuH5Pv6IvCStpDwFduzHhKZ_9ZbPrVq0SSb97SduDKp8KMpJWzLx1GoRoGW_42n38f37O48KvEqkvLbJJMlmO-rJ6_MEEcVxHAOr5hf-o_Jfs9euvNH6FD8B6dbgtOCjODZtNJMa1GYvQrdhCI53reBVZxkScEWLbEO9T0j18CrkQkdTc5Y6lLYVvCHqu3rUANlp0jVP98Jk4mpxaaErjW1XoEN9FPG5MX6K6ZTE5Ng1d2HXfvrk87V-ShhIB0IcAwI2pad2BAU2QFDsfqgpjCOuUxSwKFv-5zkIDOn17Q
Content-Type: application/json
Content-Length: 167

{
    "userId": "62e89e5391a0ca000a6d18b7",
    "fileName": "62e89e5391a0ca000a6d18b7-60B4F7B30695-android-1666079102.json",
    "fileType": "application/json",
    "dataType": "json"
}

2022-10-18 15:45:42: <-----------Response-----------
Status code: 200, elapsed seconds: 2.296498

Date: Tue, 18 Oct 2022 07:45:39 GMT
Content-Type: application/json
Content-Length: 1344
Connection: keep-alive
x-amzn-RequestId: 783efe5b-fab2-411b-8690-3de3a6249e7c
Access-Control-Allow-Origin: *
x-amz-apigw-id: aMLxZGXzPHcFTcQ=
X-Amzn-Trace-Id: Root=1-634e59a2-72e74ce45ae41afc792a7611;Sampled=0

{
    "data": {
        "url": "https://plume-pwb-data.s3.us-west-2.amazonaws.com/json/62e89e5391a0ca000a6d18b7/20221018/62e89e5391a0ca000a6d18b7-60B4F7B30695-android-1666079102.json?AWSAccessKeyId=ASIAZLZJNJJJ7D3EZHEL&Content-Type=application%2Fjson&Expires=1666165539&Signature=K1VB8oMLefCcqsm82EZFxVYESJM%3D&x-amz-security-token=IQoJb3JpZ2luX2VjEFAaCXVzLXdlc3QtMiJGMEQCIEK5BSa56QwJKX6xgDUQgsw1XqK3L6RxcT7vAO1fci03AiARYt0xkwV%2FrhJnk%2BbEyPbdonzfbI6zqbW%2Fabb1DYdx7SqfAwgpEAEaDDY0Mzc5NTA3NzcxNSIMP%2FIEnLJ%2ByjK%2BbcJRKvwCv1hiqKMZKVNt%2Fww1u8YyopKDNAuT%2BXlLHpCz8e5Dk6HN%2BxM6FxRBJs8PjBSKJdq3TXT8R0kl5ircskzb8g9NihQrW8q04kfdHVovNff16fT0L%2FxLkq%2Fm8UW5wEIe2yKAGzjU7mVxmvN5HNXEowZIk5ZMTuqbgvM1gBfLLmfpyVd1gB5QD1WWpiRIbtBFMrlnq48vstWqljDbgJQPQ181IpdfcEs%2F6JnshSWc1JmFP0IcV5FzhAeHbpumFD%2Bty3fmg94X%2BYYbTPiXIxwNU%2BJcTf%2FDVYJOt9hmzs1ipOg6lheXsVuBbo0hH0M6YllMD3PfMTANVMGdieMpqFqrGjQqqvnUC2LJZxFCjreOWlXIJ8%2BncfpsSRpE72yf35zx%2BBFiOaOZ2AiqX8oQXTUbCadRKk8kPGR22Q2JzffVY%2B9u3AkeYCnGmvm2BYq%2B6ak2UZqa6w2sXJ34AuUhp8ph%2BpYf4av5a9sf8EdFU%2BdYk3l5Rqd2MA4cCLJNUntGyTYworO5mgY6ngG1LJNQqJGZNLfk0Z1eBEJSt8fAToSFvAHJdvCvRWmQ5KjfOq9O%2BEN5SQVnxySk%2FiZqnoc9%2F5QmFxAHrQmmZ%2BKp%2FD4nsktDFllNaaS1DphVORgWFP05LZ92VGBDeyIiwWvTkT2%2F908I08%2Bnxrl5SXABXUNTARI7tsxxnfG3VAlIiieA3CmD6wViGY1zbQ8n33FreZsgVsExwZacleWyIA%3D%3D"
    },
    "result": {
        "code": 201000,
        "message": "Successfully."
    }
}

