2023-02-08 13:27:54 [INFO   ][ln-47 ]: Start to load config file
2023-02-08 13:27:54 [DEBUG  ][ln-49 ]: config.ini: {'dut': {'ip': 'staging-rest.pwb.plume-dev.com'}, 'userinfo': {'usrid': 'zhicheng+4@plume.com', 'pwd': 'plume1234', 'devuserid': '6270462c9c997f0009538d15', 'devid': '60B4F7F5003B', 'mac': '60:B4:F7:F5:00:3B', 'androiddev1': 'd38c1487', 'androiddev2': 'R5CT50K7ENH', 'Commanduuid': '00004652-08c2-11e1-9073-0e8ac72e0011', 'Datauuid': '00004652-08c2-11e1-9073-0e8ac72e0013', 'ResponseUUID': '00004652-08c2-11e1-9073-0e8ac72e0012'}, 'unixtime': {'adddays': 0, 'addhours': 1, 'addsecs': 30}, 'allurewiget': {'Device': 'Deity Ring', 'DevVersion': 'FW v0xFF.2.11', 'FirmwareURL': 'https://drive.google.com/file/d/1VftYP92ntZ5uynnjqGla0O9qDrT7XeXj/view?usp=sharing'}, 'sleep': {'begin': '2022-12-12 23:00', 'totalsleep': 360}, 'walking': {'begin': '2022-12-13 10:00', 'totalwalking': 90}, 'running': {'begin': '2022-12-13 11:00', 'totalrunning': 90}}
2023-02-08 13:27:54 [DEBUG  ][ln-548]: ======================================== Star to run: <TestAPI> ========================================
2023-02-08 13:27:54 [DEBUG  ][ln-554]: ======================================== Star to run: <test_beacon_func> ========================================
2023-02-08 13:28:00 [INFO   ][ln-294]: ##################################################################

2023-02-08 13:28:00 [INFO   ][ln-295]: #  Test case : ( BLE beacon scan via Android Phone (HomePass App)  #)

2023-02-08 13:28:00 [INFO   ][ln-296]: ##################################################################)

2023-02-08 13:28:00 [INFO   ][ln-297]: ##################################################################
2023-02-08 13:28:38 [DEBUG  ][ln-85 ]: Lanch the HomePass APP successfully.
2023-02-08 13:29:04 [DEBUG  ][ln-95 ]: Go to Manu & Settines successfully
2023-02-08 13:29:09 [DEBUG  ][ln-106]: Click Add Plume Ring button successfully
2023-02-08 13:29:13 [DEBUG  ][ln-110]: Click first Accept button successfully
2023-02-08 13:29:17 [DEBUG  ][ln-114]: Click second Accept button successfully
2023-02-08 13:29:30 [DEBUG  ][ln-132]: click Next button successfully!
2023-02-08 13:29:51 [INFO   ][ln-170]: connect page
2023-02-08 13:29:52 [DEBUG  ][ln-176]: click Connect button successfully!
2023-02-08 13:30:09 [DEBUG  ][ln-210]: Set Year of birth successfully
2023-02-08 13:30:15 [INFO   ][ln-220]: Male
2023-02-08 13:30:17 [DEBUG  ][ln-226]: Set the Gender is Male successfully
2023-02-08 13:30:22 [DEBUG  ][ln-246]: Set Usual sleep time successfully
2023-02-08 13:30:23 [DEBUG  ][ln-252]: Click Next button successfully
2023-02-08 13:30:31 [DEBUG  ][ln-260]: Click I understand button successfully
2023-02-08 13:30:33 [DEBUG  ][ln-266]: Complete to Add Plume Ring
2023-02-08 13:30:38 [INFO   ][ln-386]: Done
2023-02-08 13:30:38 [DEBUG  ][ln-557]: teardown_method
2023-02-08 13:30:38 [DEBUG  ][ln-551]: teardown_class
2023-02-08 13:35:13 [INFO   ][ln-47 ]: Start to load config file
2023-02-08 13:35:13 [DEBUG  ][ln-49 ]: config.ini: {'dut': {'ip': 'staging-rest.pwb.plume-dev.com'}, 'userinfo': {'usrid': 'zhicheng+4@plume.com', 'pwd': 'plume1234', 'devuserid': '6270462c9c997f0009538d15', 'devid': '60B4F7F5003B', 'mac': '60:B4:F7:F5:00:3B', 'androiddev1': 'd38c1487', 'androiddev2': 'R5CT50K7ENH', 'Commanduuid': '00004652-08c2-11e1-9073-0e8ac72e0011', 'Datauuid': '00004652-08c2-11e1-9073-0e8ac72e0013', 'ResponseUUID': '00004652-08c2-11e1-9073-0e8ac72e0012'}, 'unixtime': {'adddays': 0, 'addhours': 1, 'addsecs': 30}, 'allurewiget': {'Device': 'Deity Ring', 'DevVersion': 'FW v0xFF.2.11', 'FirmwareURL': 'https://drive.google.com/file/d/1VftYP92ntZ5uynnjqGla0O9qDrT7XeXj/view?usp=sharing'}, 'sleep': {'begin': '2022-12-12 23:00', 'totalsleep': 360}, 'walking': {'begin': '2022-12-13 10:00', 'totalwalking': 90}, 'running': {'begin': '2022-12-13 11:00', 'totalrunning': 90}}
2023-02-08 13:35:13 [DEBUG  ][ln-548]: ======================================== Star to run: <TestAPI> ========================================
2023-02-08 13:35:13 [DEBUG  ][ln-554]: ======================================== Star to run: <test_beacon_func> ========================================
2023-02-08 13:35:19 [INFO   ][ln-294]: ##################################################################

2023-02-08 13:35:19 [INFO   ][ln-295]: #  Test case : ( BLE beacon scan via Android Phone (HomePass App)  #)

2023-02-08 13:35:19 [INFO   ][ln-296]: ##################################################################)

2023-02-08 13:35:19 [INFO   ][ln-297]: ##################################################################
2023-02-08 13:35:45 [DEBUG  ][ln-85 ]: Lanch the HomePass APP successfully.
2023-02-08 13:36:11 [DEBUG  ][ln-95 ]: Go to Manu & Settines successfully
2023-02-08 13:36:17 [DEBUG  ][ln-106]: Click Add Plume Ring button successfully
2023-02-08 13:36:21 [DEBUG  ][ln-110]: Click first Accept button successfully
2023-02-08 13:36:24 [DEBUG  ][ln-114]: Click second Accept button successfully
2023-02-08 13:36:38 [DEBUG  ][ln-132]: click Next button successfully!
2023-02-08 13:36:58 [INFO   ][ln-170]: connect page
2023-02-08 13:37:00 [DEBUG  ][ln-176]: click Connect button successfully!
2023-02-08 13:37:17 [DEBUG  ][ln-210]: Set Year of birth successfully
2023-02-08 13:37:22 [INFO   ][ln-220]: Other
2023-02-08 13:37:24 [DEBUG  ][ln-236]: Set the Gender is other successfully
2023-02-08 13:37:30 [DEBUG  ][ln-246]: Set Usual sleep time successfully
2023-02-08 13:37:30 [DEBUG  ][ln-252]: Click Next button successfully
2023-02-08 13:37:38 [DEBUG  ][ln-260]: Click I understand button successfully
2023-02-08 13:37:40 [DEBUG  ][ln-266]: Complete to Add Plume Ring
2023-02-08 13:37:45 [INFO   ][ln-386]: Done
2023-02-08 13:37:45 [DEBUG  ][ln-557]: teardown_method
2023-02-08 13:37:45 [DEBUG  ][ln-551]: teardown_class
