2023-07-18 19:58:59: -----------Request----------->
POST https://thrive-dog1-usw2-api.data.plume.tech/pwb/PlumeCloudLogin

User-Agent: python-requests/2.31.0
Accept-Encoding: gzip, deflate
accept: application/json
Connection: keep-alive
Content-Type: application/json
Content-Length: 77

{
    "email": "thrive-android+4@plume.com",
    "password": "plume1234",
    "ttl": 3600
}

2023-07-18 19:58:59: <-----------Response-----------
Status code: 200, elapsed seconds: 0.849193

Date: Tue, 18 Jul 2023 11:58:57 GMT
Content-Type: application/json
Content-Length: 768
Connection: keep-alive
x-amzn-RequestId: 13ad33b7-d38e-48cc-a9f8-b95cdcbecaa4
Access-Control-Allow-Origin: *
x-amz-apigw-id: IQi0LF8_PHcFxhg=
X-Amzn-Trace-Id: Root=1-64b67e80-20c073383389d42c6090dc65;Sampled=0;lineage=7fdd2b1e:0

{
    "data": {
        "id": "bcFWL8i6elupBiYFIiB6Je8PiHX6TWsDqo4vWgX181Nu3pspxm3IdrSfSn0RBuYq",
        "ttl": 3600,
        "created": "2023-07-18T11:58:57.061Z",
        "userId": "64895a7f924521000b2d7ac7",
        "expireAt": "2023-07-18T12:58:57.061Z",
        "user": {
            "id": "64895a7f924521000b2d7ac7",
            "accountId": "a8df017d-5cc1-4c2c-a9d1-473f8c47a89f",
            "anonymous": false,
            "autoProvisioned": false,
            "name": "thrive-android+4",
            "locked": false,
            "partnerId": "mobile_qa_test",
            "acceptLanguage": "en-US",
            "preferredLanguage": "en",
            "source": "customCreate",
            "createdAt": "2023-06-14T06:13:19.274Z",
            "provisioningSsoAuditTrail": false,
            "_version": "1.0.0",
            "email": "thrive-android+4@plume.com",
            "emailVerified": true,
            "firstKnownLoginTimestamp": "2023-06-14T06:14:04.869Z",
            "loginFailure": [
                1687849257916
            ]
        }
    },
    "result": {
        "code": 201000,
        "message": "Successfully."
    }
}

2023-07-18 19:59:02: -----------Request----------->
POST https://thrive-dog1-usw2-api.data.plume.tech/pwb/AuthenticateWithPlumeToken

User-Agent: python-requests/2.31.0
Accept-Encoding: gzip, deflate
accept: application/json
Connection: keep-alive
Content-Type: application/json
Content-Length: 121

{
    "accessToken": "bcFWL8i6elupBiYFIiB6Je8PiHX6TWsDqo4vWgX181Nu3pspxm3IdrSfSn0RBuYq",
    "userId": "64895a7f924521000b2d7ac7"
}

2023-07-18 19:59:02: <-----------Response-----------
Status code: 200, elapsed seconds: 1.055411

Date: Tue, 18 Jul 2023 11:59:00 GMT
Content-Type: application/json
Content-Length: 3846
Connection: keep-alive
x-amzn-RequestId: e97e97e4-13a7-447d-bc4f-4f744dde79b5
Access-Control-Allow-Origin: *
x-amz-apigw-id: IQi0mHmqPHcFXqQ=
X-Amzn-Trace-Id: Root=1-64b67e83-69e01cc507bd20073ad9f027;Sampled=0;lineage=144e69e0:0

{
    "data": {
        "email": "thrive-android+4@plume.com",
        "userGroup": "admin",
        "userName": "thrive-android+4",
        "userId": "64895a7f924521000b2d7ac7",
        "accessToken": "eyJraWQiOiJ1cy13ZXN0LTIzIiwidHlwIjoiSldTIiwiYWxnIjoiUlM1MTIifQ.eyJzdWIiOiJ1cy13ZXN0LTI6YzhkODc4YmUtMzM5Zi00N2RlLWJiZmMtOTMwZTg3ZGRhYmY4IiwiYXVkIjoidXMtd2VzdC0yOjU2YzQyNDM5LWJlMmMtNDUyMy04YmUwLTEwYjU4ODVlYTczMyIsImFtciI6WyJhdXRoZW50aWNhdGVkIiwic3RhZ2luZy1wd2IucGx1bWUuY29tIiwic3RhZ2luZy1wd2IucGx1bWUuY29tOnVzLXdlc3QtMjo1NmM0MjQzOS1iZTJjLTQ1MjMtOGJlMC0xMGI1ODg1ZWE3MzM6YmNGV0w4aTZlbHVwQmlZRklpQjZKZThQaUhYNlRXc0RxbzR2V2dYMTgxTnUzcHNweG0zSWRyU2ZTbjBSQnVZcSJdLCJpc3MiOiJodHRwczovL2NvZ25pdG8taWRlbnRpdHkuYW1hem9uYXdzLmNvbSIsImh0dHBzOi8vY29nbml0by1pZGVudGl0eS5hbWF6b25hd3MuY29tL2lkZW50aXR5LXBvb2wtYXJuIjoiYXJuOmF3czpjb2duaXRvLWlkZW50aXR5OnVzLXdlc3QtMjoxNDMwODk2MTA0ODI6aWRlbnRpdHlwb29sL3VzLXdlc3QtMjo1NmM0MjQzOS1iZTJjLTQ1MjMtOGJlMC0xMGI1ODg1ZWE3MzMiLCJleHAiOjE2ODk3Njc5MzksImlhdCI6MTY4OTY4MTUzOX0.G1fKrC-iceDkZfYSh9JeL4PcJAsi61YxYfXeAhhpVPQYgiz2dpVA6xxFjSJac9qG0W8CdkWFk6MNclAFSa3S3nE4v0hXiqq1DR5QUi3whenKbLS9l5_XAHrzb6YpsQoZtgC0O0dNVjW56V_R5bDycDRxP2C4SiSV_h0sf8HapNYkF-ZJ-e003gOrsTNLRpoSXk24K2IuZoPxWVvB4DQY413PNDftWCyxOVrMB9t1n7t7fUVgirvx-WM7KQW0gZl1IenUhjIYaAEMTqv6kl4_ChgpBfnu44OzUgcRrk5ZEU0z58868GOGk3RGkg6aiASwexw9JxyjULUDzNlBNRaK2A",
        "idToken": "eyJraWQiOiJJZGVudGl0eVRva2VuU2lnbktleSIsImFsZyI6IlJTNTEyIn0%3D.eyJpc3MiOiJhd3MtbGFtYmRhIiwiZXhwIjoxNzA1MjMzNTQwLCJzdWIiOiJpZC10b2tlbiIsImF1ZCI6InJpbmciLCJqdGkiOiIxN2EyZTY0My1hMjAyLTQwNWItYWY0ZC04OTRkMDFhNTdlZDMiLCJ1c2VySWQiOiI2NDg5NWE3ZjkyNDUyMTAwMGIyZDdhYzciLCJlbWFpbCI6InRocml2ZS1hbmRyb2lkKzRAcGx1bWUuY29tIiwiZ2VuZGVyIjoiIiwiYmlydGhkYXRlIjoiIn0%3D.LfiGqiyFv%2Bl8xlc15baKvnnmwwY5uPqw6HwaJrwH1tw%2BiE%2BZp%2F8FxMSiVYKISSsZyQcOKkl03LtxJ6nP9yxvOgQ82U3swNmogDpEmi8evBevE8pQPPmmygsCtrnhv2Zu6mdIfiCG8UPSlE2IJJT1LZYSQhrPtEOKwhzQRLrZph3XYq%2BtpvwwSNRxCZIrR0KulJthnDMi5gFV8fkCdJg6GBM1mOjXsls33hcAL9B1sqb5THOOnDb09g%2F6cr89O84RcatSD7medRRcSu3o0z84cMs30Nr2mn9bYWYqvGpN2rzsJrgD%2Feq14eH9QpV%2F%2FncVx79DpcBEUv%2FQjg%2BmPNJ4oaDQFNk7zXfM1yWWTNb2H1hN7LfMhlqJoVZ%2B0cKy7%2BDYO5ubLmqehpGjXC%2FDJSuzssw%2BouJCiznWsDtb207u1PojKZk%2F5VVIVXIz2jJGFdCBopSoTFm7l1DIvHOXlKRFHjTFAToZcU2sY5%2BCaAlB9cOkUSOTh%2FCWTOZifIaClK7wc2p6T%2FOvlyidusFkgmInjbG7%2FDY%2Bq6Y6fzpvW3Fm3xr3o9bdg6RlF2YLZu4VUNI3xVd5sXOxhcXyPcz93KC%2B1wirl9GRAAiUCXAFXoRaa3EVDeXfEyGIEFammM5L%2FnnZEiXjFq1ojOOAybNYe8iUAI4nwFLsItYS5syKKDo6xn0%3D",
        "refreshToken": "eyJraWQiOiJSZWZyZXNoVG9rZW5TaWduS2V5IiwiY3R5IjoiSldUIiwiZW5jIjoiQTI1NkdDTSIsImFsZyI6IlJTNTEyIn0%3D.AQICAHgg7rlLlhJZMilo20zyx9NECjg%2F8q0XYyoRMcHYs4Nh4AHaFSQM1SZs3K6tD7nu1d08AAABUTCCAU0GCSqGSIb3DQEHBqCCAT4wggE6AgEAMIIBMwYJKoZIhvcNAQcBMB4GCWCGSAFlAwQBLjARBAxJ1SBFyhojJcv78nECARCAggEE%2BMEWzk%2BR7lZhqqWdConOuyPwQMGD0HUVTnJZW1mJK4KD3qOAF%2FV5nLnCNB1OAkXiMniSpvt%2BHXDo7YcC9%2B%2FPkgHINdhC33udfmk%2FhVK%2BJ44u2NwnHne76tpYhHvVjrF%2Fv4NvPbBLiggpUEf1Ly4U2fu8Vn3FtyM%2FfBp7WtaSAfJ3vyAe6BdATVGPGGwOEVMtCKyxeoZaApd9Y4BIhCLCvZbDMx6%2FnVgUSFipt2Pcai96u6lNz9bXyAS9%2FbxH1Io5phI89C9WBqh%2BsNQ1xKfdpPzP3PUcZOKSR6Js26vblPm9dUwJzz6mzfOGL3cO4RFHkRFaZBUZ8tH9kTgzGKolIrQ45%2FQ%3D.fODQE9hO4%2BY%2F3JT07aIbOKPwPQstJxF%2FxVcX4O5xVTVE8JCUD2OBnhFMoFNANiObWFDVbBGIsiZvo%2Bf%2FqhgS5EQhNO5N8ZsiFBZfri7mhhz%2F1EvqZQrODvRAQn8Fh1T5ICI5eOqbFf9iSNVKsrQxUU5Yx7JfquN2iXsgK4RLLGDvXa05f6oofE%2B7%2BEAkdQ%2Bp0rXaFbAG3GWkuQo9MbmWd2x8tSa%2Fo5y7peq83skLfav0blHo9UJS8C8Z1Y0kr7xl7WFWcEVsoigd06hTLY5M7JWx9afIP6jxI0HsGkleBV63epIjfI6EK2EfcrorCsWDCGc4G9%2Bd%2FpCvuJl4kmSlrGkzvnGQDNxVyiLRmiJKVGbQgXOpJJjVeF4jykJzt7jxFcj7I%2FKSetsw6LfLXS8ynhsLLyogX23L80JcMb73ROMjjXiJJFkQW0YumrZq5q0nlyoVSqm6s4vpg0FSDXJsFQ7WGQShTuNS5GiKZF1hnNGE%2FTVh6zB4kJYOeFQc%2F5QJGTY7td%2F8lvlkKKWn84renDN0iT4bsteLe5fJ%2FUIqI2jyPesHQYJA73oJI%2Bf0qNcrBATqIpDM4p59%2FaDUustiWGZiUQT6ysz%2BHEpHhvzjDqwwrw7P7tURiDWP4qzX33jZhyV%2FJdc5AVY95grhPNH5RaJUbvK8efU4SNBF7Gq4knQ%3D",
        "identityId": "us-west-2:c8d878be-339f-47de-bbfc-930e87ddabf8"
    }
}

2023-07-18 19:59:06: -----------Request----------->
POST https://thrive-dog1-usw2-api.data.plume.tech/pwb/GetFallEventSummary

User-Agent: python-requests/2.31.0
Accept-Encoding: gzip, deflate
accept: application/json
Connection: keep-alive
Authorization: Bearer eyJraWQiOiJ1cy13ZXN0LTIzIiwidHlwIjoiSldTIiwiYWxnIjoiUlM1MTIifQ.eyJzdWIiOiJ1cy13ZXN0LTI6YzhkODc4YmUtMzM5Zi00N2RlLWJiZmMtOTMwZTg3ZGRhYmY4IiwiYXVkIjoidXMtd2VzdC0yOjU2YzQyNDM5LWJlMmMtNDUyMy04YmUwLTEwYjU4ODVlYTczMyIsImFtciI6WyJhdXRoZW50aWNhdGVkIiwic3RhZ2luZy1wd2IucGx1bWUuY29tIiwic3RhZ2luZy1wd2IucGx1bWUuY29tOnVzLXdlc3QtMjo1NmM0MjQzOS1iZTJjLTQ1MjMtOGJlMC0xMGI1ODg1ZWE3MzM6YmNGV0w4aTZlbHVwQmlZRklpQjZKZThQaUhYNlRXc0RxbzR2V2dYMTgxTnUzcHNweG0zSWRyU2ZTbjBSQnVZcSJdLCJpc3MiOiJodHRwczovL2NvZ25pdG8taWRlbnRpdHkuYW1hem9uYXdzLmNvbSIsImh0dHBzOi8vY29nbml0by1pZGVudGl0eS5hbWF6b25hd3MuY29tL2lkZW50aXR5LXBvb2wtYXJuIjoiYXJuOmF3czpjb2duaXRvLWlkZW50aXR5OnVzLXdlc3QtMjoxNDMwODk2MTA0ODI6aWRlbnRpdHlwb29sL3VzLXdlc3QtMjo1NmM0MjQzOS1iZTJjLTQ1MjMtOGJlMC0xMGI1ODg1ZWE3MzMiLCJleHAiOjE2ODk3Njc5MzksImlhdCI6MTY4OTY4MTUzOX0.G1fKrC-iceDkZfYSh9JeL4PcJAsi61YxYfXeAhhpVPQYgiz2dpVA6xxFjSJac9qG0W8CdkWFk6MNclAFSa3S3nE4v0hXiqq1DR5QUi3whenKbLS9l5_XAHrzb6YpsQoZtgC0O0dNVjW56V_R5bDycDRxP2C4SiSV_h0sf8HapNYkF-ZJ-e003gOrsTNLRpoSXk24K2IuZoPxWVvB4DQY413PNDftWCyxOVrMB9t1n7t7fUVgirvx-WM7KQW0gZl1IenUhjIYaAEMTqv6kl4_ChgpBfnu44OzUgcRrk5ZEU0z58868GOGk3RGkg6aiASwexw9JxyjULUDzNlBNRaK2A
Content-Type: application/json
Content-Length: 125

{
    "userId": "64895a7f924521000b2d7ac7",
    "startTime": 1689609600,
    "endTime": 1689692400,
    "interval": "day",
    "utcTimeOffset": 8
}

2023-07-18 19:59:06: <-----------Response-----------
Status code: 200, elapsed seconds: 1.942783

Date: Tue, 18 Jul 2023 11:59:04 GMT
Content-Type: application/json
Content-Length: 178
Connection: keep-alive
x-amzn-RequestId: 7b7c3457-791c-4e56-a9d3-19f2a6c41dfd
Access-Control-Allow-Origin: *
x-amz-apigw-id: IQi1FFE0PHcFpsg=
X-Amzn-Trace-Id: Root=1-64b67e86-0e04f68522dbc63b3b579aa3;Sampled=0;lineage=f38effcc:0

{
    "data": {
        "userId": "64895a7f924521000b2d7ac7",
        "startTime": 1689609600,
        "endTime": 1689695999,
        "utcTimeOffset": 8,
        "fallCountList": []
    },
    "result": {
        "code": 201000,
        "message": "Successfully."
    }
}

2023-07-18 19:59:09: -----------Request----------->
POST https://thrive-dog1-usw2-api.data.plume.tech/pwb/GetFallEventList

User-Agent: python-requests/2.31.0
Accept-Encoding: gzip, deflate
accept: application/json
Connection: keep-alive
Authorization: Bearer eyJraWQiOiJ1cy13ZXN0LTIzIiwidHlwIjoiSldTIiwiYWxnIjoiUlM1MTIifQ.eyJzdWIiOiJ1cy13ZXN0LTI6YzhkODc4YmUtMzM5Zi00N2RlLWJiZmMtOTMwZTg3ZGRhYmY4IiwiYXVkIjoidXMtd2VzdC0yOjU2YzQyNDM5LWJlMmMtNDUyMy04YmUwLTEwYjU4ODVlYTczMyIsImFtciI6WyJhdXRoZW50aWNhdGVkIiwic3RhZ2luZy1wd2IucGx1bWUuY29tIiwic3RhZ2luZy1wd2IucGx1bWUuY29tOnVzLXdlc3QtMjo1NmM0MjQzOS1iZTJjLTQ1MjMtOGJlMC0xMGI1ODg1ZWE3MzM6YmNGV0w4aTZlbHVwQmlZRklpQjZKZThQaUhYNlRXc0RxbzR2V2dYMTgxTnUzcHNweG0zSWRyU2ZTbjBSQnVZcSJdLCJpc3MiOiJodHRwczovL2NvZ25pdG8taWRlbnRpdHkuYW1hem9uYXdzLmNvbSIsImh0dHBzOi8vY29nbml0by1pZGVudGl0eS5hbWF6b25hd3MuY29tL2lkZW50aXR5LXBvb2wtYXJuIjoiYXJuOmF3czpjb2duaXRvLWlkZW50aXR5OnVzLXdlc3QtMjoxNDMwODk2MTA0ODI6aWRlbnRpdHlwb29sL3VzLXdlc3QtMjo1NmM0MjQzOS1iZTJjLTQ1MjMtOGJlMC0xMGI1ODg1ZWE3MzMiLCJleHAiOjE2ODk3Njc5MzksImlhdCI6MTY4OTY4MTUzOX0.G1fKrC-iceDkZfYSh9JeL4PcJAsi61YxYfXeAhhpVPQYgiz2dpVA6xxFjSJac9qG0W8CdkWFk6MNclAFSa3S3nE4v0hXiqq1DR5QUi3whenKbLS9l5_XAHrzb6YpsQoZtgC0O0dNVjW56V_R5bDycDRxP2C4SiSV_h0sf8HapNYkF-ZJ-e003gOrsTNLRpoSXk24K2IuZoPxWVvB4DQY413PNDftWCyxOVrMB9t1n7t7fUVgirvx-WM7KQW0gZl1IenUhjIYaAEMTqv6kl4_ChgpBfnu44OzUgcRrk5ZEU0z58868GOGk3RGkg6aiASwexw9JxyjULUDzNlBNRaK2A
Content-Type: application/json
Content-Length: 86

{
    "userId": "64895a7f924521000b2d7ac7",
    "startTime": 1689609600,
    "endTime": 1689692400
}

2023-07-18 19:59:09: <-----------Response-----------
Status code: 200, elapsed seconds: 1.050853

Date: Tue, 18 Jul 2023 11:59:07 GMT
Content-Type: application/json
Content-Length: 160
Connection: keep-alive
x-amzn-RequestId: 97bba58f-f595-4321-8083-39ff510ab6e3
Access-Control-Allow-Origin: *
x-amz-apigw-id: IQi1tHa-vHcFxdg=
X-Amzn-Trace-Id: Root=1-64b67e8a-129f0e1d663db8995cd3747d;Sampled=0;lineage=78260e42:0

{
    "data": {
        "startTime": 1689609600,
        "endTime": 1689692400,
        "userId": "64895a7f924521000b2d7ac7",
        "fallEventList": []
    },
    "result": {
        "code": 201000,
        "message": "Successfully."
    }
}

