2023-07-18 21:38:16: -----------Request----------->
POST https://thrive-dog1-usw2-api.data.plume.tech/pwb/PlumeCloudLogin

User-Agent: python-requests/2.31.0
Accept-Encoding: gzip, deflate
accept: application/json
Connection: keep-alive
Content-Type: application/json
Content-Length: 77

{
    "email": "thrive-android+4@plume.com",
    "password": "plume1234",
    "ttl": 3600
}

2023-07-18 21:38:16: <-----------Response-----------
Status code: 200, elapsed seconds: 0.83396

Date: Tue, 18 Jul 2023 13:38:14 GMT
Content-Type: application/json
Content-Length: 768
Connection: keep-alive
x-amzn-RequestId: 9fc35268-0d4d-4769-9055-018f66d163a5
Access-Control-Allow-Origin: *
x-amz-apigw-id: IQxXBGdVvHcF2MA=
X-Amzn-Trace-Id: Root=1-64b695c6-0844a8502afe560f2af170b5;Sampled=0;lineage=7fdd2b1e:0

{
    "data": {
        "id": "l8pEZGEMRKD4IendcWMBuGC1fy9vj3BlQIOaiontv2OpFGOTh8cXEZ3bE8vFwNLe",
        "ttl": 3600,
        "created": "2023-07-18T13:38:14.381Z",
        "userId": "64895a7f924521000b2d7ac7",
        "expireAt": "2023-07-18T14:38:14.381Z",
        "user": {
            "id": "64895a7f924521000b2d7ac7",
            "accountId": "a8df017d-5cc1-4c2c-a9d1-473f8c47a89f",
            "anonymous": false,
            "autoProvisioned": false,
            "name": "thrive-android+4",
            "locked": false,
            "partnerId": "mobile_qa_test",
            "acceptLanguage": "en-US",
            "preferredLanguage": "en",
            "source": "customCreate",
            "createdAt": "2023-06-14T06:13:19.274Z",
            "provisioningSsoAuditTrail": false,
            "_version": "1.0.0",
            "email": "thrive-android+4@plume.com",
            "emailVerified": true,
            "firstKnownLoginTimestamp": "2023-06-14T06:14:04.869Z",
            "loginFailure": [
                1687849257916
            ]
        }
    },
    "result": {
        "code": 201000,
        "message": "Successfully."
    }
}

2023-07-18 21:38:19: -----------Request----------->
POST https://thrive-dog1-usw2-api.data.plume.tech/pwb/AuthenticateWithPlumeToken

User-Agent: python-requests/2.31.0
Accept-Encoding: gzip, deflate
accept: application/json
Connection: keep-alive
Content-Type: application/json
Content-Length: 121

{
    "accessToken": "l8pEZGEMRKD4IendcWMBuGC1fy9vj3BlQIOaiontv2OpFGOTh8cXEZ3bE8vFwNLe",
    "userId": "64895a7f924521000b2d7ac7"
}

2023-07-18 21:38:19: <-----------Response-----------
Status code: 200, elapsed seconds: 1.068684

Date: Tue, 18 Jul 2023 13:38:17 GMT
Content-Type: application/json
Content-Length: 3832
Connection: keep-alive
x-amzn-RequestId: a038d197-5039-4e6f-ac02-15675ef60771
Access-Control-Allow-Origin: *
x-amz-apigw-id: IQxXcFAOvHcF1-g=
X-Amzn-Trace-Id: Root=1-64b695c8-7586c9b52c1f43da3d56d13c;Sampled=0;lineage=144e69e0:0

{
    "data": {
        "email": "thrive-android+4@plume.com",
        "userGroup": "admin",
        "userName": "thrive-android+4",
        "userId": "64895a7f924521000b2d7ac7",
        "accessToken": "eyJraWQiOiJ1cy13ZXN0LTIzIiwidHlwIjoiSldTIiwiYWxnIjoiUlM1MTIifQ.eyJzdWIiOiJ1cy13ZXN0LTI6MmJhZWQ0ODQtMTQ4YS00ZTBjLTk2YjYtOTMzZGQzNDMzMTNkIiwiYXVkIjoidXMtd2VzdC0yOjU2YzQyNDM5LWJlMmMtNDUyMy04YmUwLTEwYjU4ODVlYTczMyIsImFtciI6WyJhdXRoZW50aWNhdGVkIiwic3RhZ2luZy1wd2IucGx1bWUuY29tIiwic3RhZ2luZy1wd2IucGx1bWUuY29tOnVzLXdlc3QtMjo1NmM0MjQzOS1iZTJjLTQ1MjMtOGJlMC0xMGI1ODg1ZWE3MzM6bDhwRVpHRU1SS0Q0SWVuZGNXTUJ1R0MxZnk5dmozQmxRSU9haW9udHYyT3BGR09UaDhjWEVaM2JFOHZGd05MZSJdLCJpc3MiOiJodHRwczovL2NvZ25pdG8taWRlbnRpdHkuYW1hem9uYXdzLmNvbSIsImh0dHBzOi8vY29nbml0by1pZGVudGl0eS5hbWF6b25hd3MuY29tL2lkZW50aXR5LXBvb2wtYXJuIjoiYXJuOmF3czpjb2duaXRvLWlkZW50aXR5OnVzLXdlc3QtMjoxNDMwODk2MTA0ODI6aWRlbnRpdHlwb29sL3VzLXdlc3QtMjo1NmM0MjQzOS1iZTJjLTQ1MjMtOGJlMC0xMGI1ODg1ZWE3MzMiLCJleHAiOjE2ODk3NzM4OTcsImlhdCI6MTY4OTY4NzQ5N30.JlYW5y2XwY73gYmSPpLcmPB4KyrjPthA7IWEzTvpvcWi6PZwP-9UbUIGUrJWeDQgbiG5TYNHrXmWLdAkB-DFpsJClBiwIiSKvJJhUDjdc5uKsnvPQc9zL6UZSOVVjOvy4r-K3bBBw0x_RlY7VFoewOjOb4TZkqXNQ0kuIaTnfIq0Nr8_1wx15e-CAGH-ydRUo4Vaj_HFh2GmGCa4wll_9_B2T0GpsK4PKWkf55hfpbO4HyGKVKugv5o758sNufsnCfQOc2e1nDFl_sIGc7SJndtly5BhpUelgZlqyUWUT9m2uduBEIHPrqtWycCNQreRgQZsYpzhBhCPw6RS7m8dGw",
        "idToken": "eyJraWQiOiJJZGVudGl0eVRva2VuU2lnbktleSIsImFsZyI6IlJTNTEyIn0%3D.eyJpc3MiOiJhd3MtbGFtYmRhIiwiZXhwIjoxNzA1MjM5NDk3LCJzdWIiOiJpZC10b2tlbiIsImF1ZCI6InJpbmciLCJqdGkiOiIzYmE3OWU1ZC0zOWE1LTQ1NmUtODkwYy0wZjI1ZmY1ZjE3MjgiLCJ1c2VySWQiOiI2NDg5NWE3ZjkyNDUyMTAwMGIyZDdhYzciLCJlbWFpbCI6InRocml2ZS1hbmRyb2lkKzRAcGx1bWUuY29tIiwiZ2VuZGVyIjoiIiwiYmlydGhkYXRlIjoiIn0%3D.VijaMZhXyNSSSj5NXjjsYEyXo96xqw7h0Q%2BjpdH5t4rie4bXQ4UmQGJinan5qTQGdr%2Fa6zdw%2BRr5tSGNrNyHonb8J96Emg6IrVWA3YI1wiDvQKsdl3mR%2BGZSE992pVclX1%2BTNjJ3gs2UcIUmSeYBw7eeI%2FUoybQTqGUArzDqFk%2BY4GhIhRZDUSxyKMHb0QPcnUn5PGT1UNFZknquJLw6nEtynSI19nnCz0Fy1k9ZM9zQkGVvdqPRf3bdIgNkKw%2FNTvMvTnSCYG%2FOCClREXkjwzPrfkQ0S2O5qJUCtrNHH2z%2BiNObq5yaC30EauS%2B11MultnVNIbS1u%2FWTpuKi9XRACzDXC4DG628hvNxWT2nDhVLrj6xswfwss2dl31atoPoErFCRZOtkmnSQV%2BUOxq2RtHgEoqhTVBGkdOpLNZ1VV2wGALjr6XJugZ0Hm1dQOW3Hj%2BnHUBXUR5VMzM%2Bm9xLJjiO%2Fb7Fi7kyEF7z1cpfzzr05piLyPb76FRvXbbWifFq53y8niMMARU7NetjZvc8S%2FNe1fC0ApHzmOu1fia6op1BxWA3S5s%2BGl81ZTp1KpF4sbzfKnPNIV3O4BwaA%2FqMIGbl2Z6WqypL2HvFtSgIQdQzMExTA%2Bkpbr0diqAXpQoTCu5B%2BO8cQRhMFIMs9HHiJk4fvu1KUbeZhW7umaKWVB0%3D",
        "refreshToken": "eyJraWQiOiJSZWZyZXNoVG9rZW5TaWduS2V5IiwiY3R5IjoiSldUIiwiZW5jIjoiQTI1NkdDTSIsImFsZyI6IlJTNTEyIn0%3D.AQICAHgg7rlLlhJZMilo20zyx9NECjg%2F8q0XYyoRMcHYs4Nh4AGnebin6R98cbszKAeqPZMcAAABUTCCAU0GCSqGSIb3DQEHBqCCAT4wggE6AgEAMIIBMwYJKoZIhvcNAQcBMB4GCWCGSAFlAwQBLjARBAyVfDrrUv5RNsi3asQCARCAggEEJNxUqbyg5mOs6BLBCMOQ9FY%2FXF7WL%2BIyNzyoc35r7fmD3y24xUba%2BZaFMfS2aWkgF%2B6WwYNRT7z9Jqd8O3w4Ds7oountOBhrCFJMQn2MFaNLfhhuX1ezb19zx%2FyR56A4FjALLSECpbxx4bii91FI0LIXfR7lRbyXaGJyltVFEXCYvAIgn5iyHDXRmqagyh1WS8kP1wQeUeShm7H3tBH%2FesfnPTMZz7%2FiCMFSwBh31RV2y0tUUFnX3ZhVmEu62FXAWsxJ3Oaf%2FkZzti%2F4rEl%2FuykRbZvgzGsFt%2B413o9zAwNZr0nlL8PI5NZYeF55aRCX5o95uNwZ1kruko1mxaj37rAplZk%3D.qHOnAIKaFAXP1ijfT3QNO4rNum2UsRmAHAjdespqrUzjm601CgWgwMBUdcOJ2XlDawt64jGCpHl8nujtnH0Vu5ey0QItAKfp6X8L%2F2tn2WP2x2hBuLE5msvuTISZ74T8FWvf8ynbxKKjrCsUqc0ZePLw5wsSo8vQFdlFxAkqFdCtmYVX3G1E9wVBlBCFzEkTk0sVZCxI3HZVGRUpbxVeIMX6J2NMpj1Jq7kBNVKr7nue05WkPd5N5TvlCwnNW22w7zL9%2BstWoCWY%2FbR2fMRzUKD7GbaqeVg8YctUPmry6cccyjUUl%2BDCQueRREHFDF14UOS8qPpI%2BLtniMzRRX35SQ%2FC0ZnAfNs%2B3T1fLQnHmddvYG%2B4ueg9ZjlB5wQ9skwV8XLTTqlSUJm3Wen0mHxcimgaTmHiTOhkD0lsqxyI8UR6nnG%2F9cWrT%2FRX76QXUCCU%2FwhWFS6L8ciGnsloyH911cZ%2FEroouhHDDaiBnEp1Nk0VNpOWfLVSs9AxKd8BvdPc1oBu7C2y5gbVlTkMELWuuI6H6gwJ5rt0lPAl1qEOON%2BD93AMzKCgwI9rd1tR8LV8CsZD6jC6S%2FUNTU5MnCo2fzypLxsDw%2F%2Fk6FjBgFFt1OEzmjCZkgi8xA6ZWLkq4mEyY9OplmrF0I%2BLPda%2FBFj8%2F9YoiOBbTl5XSyY0ukMqwLc%3D",
        "identityId": "us-west-2:2baed484-148a-4e0c-96b6-933dd343313d"
    }
}

2023-07-18 21:38:25: -----------Request----------->
POST https://thrive-dog1-usw2-api.data.plume.tech/pwb/GetFallEventList

User-Agent: python-requests/2.31.0
Accept-Encoding: gzip, deflate
accept: application/json
Connection: keep-alive
Authorization: Bearer eyJraWQiOiJ1cy13ZXN0LTIzIiwidHlwIjoiSldTIiwiYWxnIjoiUlM1MTIifQ.eyJzdWIiOiJ1cy13ZXN0LTI6MmJhZWQ0ODQtMTQ4YS00ZTBjLTk2YjYtOTMzZGQzNDMzMTNkIiwiYXVkIjoidXMtd2VzdC0yOjU2YzQyNDM5LWJlMmMtNDUyMy04YmUwLTEwYjU4ODVlYTczMyIsImFtciI6WyJhdXRoZW50aWNhdGVkIiwic3RhZ2luZy1wd2IucGx1bWUuY29tIiwic3RhZ2luZy1wd2IucGx1bWUuY29tOnVzLXdlc3QtMjo1NmM0MjQzOS1iZTJjLTQ1MjMtOGJlMC0xMGI1ODg1ZWE3MzM6bDhwRVpHRU1SS0Q0SWVuZGNXTUJ1R0MxZnk5dmozQmxRSU9haW9udHYyT3BGR09UaDhjWEVaM2JFOHZGd05MZSJdLCJpc3MiOiJodHRwczovL2NvZ25pdG8taWRlbnRpdHkuYW1hem9uYXdzLmNvbSIsImh0dHBzOi8vY29nbml0by1pZGVudGl0eS5hbWF6b25hd3MuY29tL2lkZW50aXR5LXBvb2wtYXJuIjoiYXJuOmF3czpjb2duaXRvLWlkZW50aXR5OnVzLXdlc3QtMjoxNDMwODk2MTA0ODI6aWRlbnRpdHlwb29sL3VzLXdlc3QtMjo1NmM0MjQzOS1iZTJjLTQ1MjMtOGJlMC0xMGI1ODg1ZWE3MzMiLCJleHAiOjE2ODk3NzM4OTcsImlhdCI6MTY4OTY4NzQ5N30.JlYW5y2XwY73gYmSPpLcmPB4KyrjPthA7IWEzTvpvcWi6PZwP-9UbUIGUrJWeDQgbiG5TYNHrXmWLdAkB-DFpsJClBiwIiSKvJJhUDjdc5uKsnvPQc9zL6UZSOVVjOvy4r-K3bBBw0x_RlY7VFoewOjOb4TZkqXNQ0kuIaTnfIq0Nr8_1wx15e-CAGH-ydRUo4Vaj_HFh2GmGCa4wll_9_B2T0GpsK4PKWkf55hfpbO4HyGKVKugv5o758sNufsnCfQOc2e1nDFl_sIGc7SJndtly5BhpUelgZlqyUWUT9m2uduBEIHPrqtWycCNQreRgQZsYpzhBhCPw6RS7m8dGw
Content-Type: application/json
Content-Length: 86

{
    "userId": "64895a7f924521000b2d7ac7",
    "startTime": 1689523200,
    "endTime": 1689606000
}

2023-07-18 21:38:25: <-----------Response-----------
Status code: 200, elapsed seconds: 3.709411

Date: Tue, 18 Jul 2023 13:38:23 GMT
Content-Type: application/json
Content-Length: 347
Connection: keep-alive
x-amzn-RequestId: e63a0abb-2ed5-475e-86bd-663aebef53e7
Access-Control-Allow-Origin: *
x-amz-apigw-id: IQxX9FxdPHcFvLQ=
X-Amzn-Trace-Id: Root=1-64b695cc-287db9b32b8f25342932c792;Sampled=0;lineage=78260e42:0

{
    "data": {
        "startTime": 1689523200,
        "endTime": 1689606000,
        "userId": "64895a7f924521000b2d7ac7",
        "fallEventList": [
            {
                "eventId": "fall_64895a7f924521000b2d7ac7_kd90300027_1689586442",
                "userId": "64895a7f924521000b2d7ac7",
                "eventTime": 1689586442,
                "fallType": "Unknown",
                "detectionType": 1,
                "deviceId": "kd90300027"
            }
        ]
    },
    "result": {
        "code": 201000,
        "message": "Successfully."
    }
}

2023-07-18 21:38:30: -----------Request----------->
POST https://thrive-dog1-usw2-api.data.plume.tech/pwb/GetFallEventSummary

User-Agent: python-requests/2.31.0
Accept-Encoding: gzip, deflate
accept: application/json
Connection: keep-alive
Authorization: Bearer eyJraWQiOiJ1cy13ZXN0LTIzIiwidHlwIjoiSldTIiwiYWxnIjoiUlM1MTIifQ.eyJzdWIiOiJ1cy13ZXN0LTI6MmJhZWQ0ODQtMTQ4YS00ZTBjLTk2YjYtOTMzZGQzNDMzMTNkIiwiYXVkIjoidXMtd2VzdC0yOjU2YzQyNDM5LWJlMmMtNDUyMy04YmUwLTEwYjU4ODVlYTczMyIsImFtciI6WyJhdXRoZW50aWNhdGVkIiwic3RhZ2luZy1wd2IucGx1bWUuY29tIiwic3RhZ2luZy1wd2IucGx1bWUuY29tOnVzLXdlc3QtMjo1NmM0MjQzOS1iZTJjLTQ1MjMtOGJlMC0xMGI1ODg1ZWE3MzM6bDhwRVpHRU1SS0Q0SWVuZGNXTUJ1R0MxZnk5dmozQmxRSU9haW9udHYyT3BGR09UaDhjWEVaM2JFOHZGd05MZSJdLCJpc3MiOiJodHRwczovL2NvZ25pdG8taWRlbnRpdHkuYW1hem9uYXdzLmNvbSIsImh0dHBzOi8vY29nbml0by1pZGVudGl0eS5hbWF6b25hd3MuY29tL2lkZW50aXR5LXBvb2wtYXJuIjoiYXJuOmF3czpjb2duaXRvLWlkZW50aXR5OnVzLXdlc3QtMjoxNDMwODk2MTA0ODI6aWRlbnRpdHlwb29sL3VzLXdlc3QtMjo1NmM0MjQzOS1iZTJjLTQ1MjMtOGJlMC0xMGI1ODg1ZWE3MzMiLCJleHAiOjE2ODk3NzM4OTcsImlhdCI6MTY4OTY4NzQ5N30.JlYW5y2XwY73gYmSPpLcmPB4KyrjPthA7IWEzTvpvcWi6PZwP-9UbUIGUrJWeDQgbiG5TYNHrXmWLdAkB-DFpsJClBiwIiSKvJJhUDjdc5uKsnvPQc9zL6UZSOVVjOvy4r-K3bBBw0x_RlY7VFoewOjOb4TZkqXNQ0kuIaTnfIq0Nr8_1wx15e-CAGH-ydRUo4Vaj_HFh2GmGCa4wll_9_B2T0GpsK4PKWkf55hfpbO4HyGKVKugv5o758sNufsnCfQOc2e1nDFl_sIGc7SJndtly5BhpUelgZlqyUWUT9m2uduBEIHPrqtWycCNQreRgQZsYpzhBhCPw6RS7m8dGw
Content-Type: application/json
Content-Length: 125

{
    "userId": "64895a7f924521000b2d7ac7",
    "startTime": 1689523200,
    "endTime": 1689606000,
    "interval": "day",
    "utcTimeOffset": 8
}

2023-07-18 21:38:30: <-----------Response-----------
Status code: 200, elapsed seconds: 2.825345

Date: Tue, 18 Jul 2023 13:38:28 GMT
Content-Type: application/json
Content-Length: 215
Connection: keep-alive
x-amzn-RequestId: ba9c877d-4d05-481c-bcaf-085c7186850d
Access-Control-Allow-Origin: *
x-amz-apigw-id: IQxY7FFBvHcFVlg=
X-Amzn-Trace-Id: Root=1-64b695d2-11d49b3206cfa638357aba78;Sampled=0;lineage=f38effcc:0

{
    "data": {
        "userId": "64895a7f924521000b2d7ac7",
        "startTime": 1689523200,
        "endTime": 1689609599,
        "utcTimeOffset": 8,
        "fallCountList": [
            {
                "fallCount": 1,
                "fallDate": 1689523200
            }
        ]
    },
    "result": {
        "code": 201000,
        "message": "Successfully."
    }
}

