2023-07-18 19:56:31: -----------Request----------->
POST https://thrive-dog1-usw2-api.data.plume.tech/pwb/PlumeCloudLogin

User-Agent: python-requests/2.31.0
Accept-Encoding: gzip, deflate
accept: application/json
Connection: keep-alive
Content-Type: application/json
Content-Length: 77

{
    "email": "thrive-android+4@plume.com",
    "password": "plume1234",
    "ttl": 3600
}

2023-07-18 19:56:31: <-----------Response-----------
Status code: 200, elapsed seconds: 0.817813

Date: Tue, 18 Jul 2023 11:56:29 GMT
Content-Type: application/json
Content-Length: 768
Connection: keep-alive
x-amzn-RequestId: 6efec2de-eb89-4ad8-b4e3-5570c68ac233
Access-Control-Allow-Origin: *
x-amz-apigw-id: IQidFHAGvHcFrNQ=
X-Amzn-Trace-Id: Root=1-64b67ded-4e35538f5e47d0c3164cebe4;Sampled=0;lineage=7fdd2b1e:0

{
    "data": {
        "id": "mKrvTxnqHd0mdFEteyHEpNmtjfYiUsB45yypACcxyfWAzi3Ha3HG0FsNoA1f0MMv",
        "ttl": 3600,
        "created": "2023-07-18T11:56:29.224Z",
        "userId": "64895a7f924521000b2d7ac7",
        "expireAt": "2023-07-18T12:56:29.224Z",
        "user": {
            "id": "64895a7f924521000b2d7ac7",
            "accountId": "a8df017d-5cc1-4c2c-a9d1-473f8c47a89f",
            "anonymous": false,
            "autoProvisioned": false,
            "name": "thrive-android+4",
            "locked": false,
            "partnerId": "mobile_qa_test",
            "acceptLanguage": "en-US",
            "preferredLanguage": "en",
            "source": "customCreate",
            "createdAt": "2023-06-14T06:13:19.274Z",
            "provisioningSsoAuditTrail": false,
            "_version": "1.0.0",
            "email": "thrive-android+4@plume.com",
            "emailVerified": true,
            "firstKnownLoginTimestamp": "2023-06-14T06:14:04.869Z",
            "loginFailure": [
                1687849257916
            ]
        }
    },
    "result": {
        "code": 201000,
        "message": "Successfully."
    }
}

2023-07-18 19:56:34: -----------Request----------->
POST https://thrive-dog1-usw2-api.data.plume.tech/pwb/AuthenticateWithPlumeToken

User-Agent: python-requests/2.31.0
Accept-Encoding: gzip, deflate
accept: application/json
Connection: keep-alive
Content-Type: application/json
Content-Length: 121

{
    "accessToken": "mKrvTxnqHd0mdFEteyHEpNmtjfYiUsB45yypACcxyfWAzi3Ha3HG0FsNoA1f0MMv",
    "userId": "64895a7f924521000b2d7ac7"
}

2023-07-18 19:56:34: <-----------Response-----------
Status code: 200, elapsed seconds: 1.035903

Date: Tue, 18 Jul 2023 11:56:32 GMT
Content-Type: application/json
Content-Length: 3842
Connection: keep-alive
x-amzn-RequestId: f2720b75-118c-463a-a0ca-1dc2e4e5d83a
Access-Control-Allow-Origin: *
x-amz-apigw-id: IQidgF_MPHcF6IQ=
X-Amzn-Trace-Id: Root=1-64b67def-25ea8e614360dc6e79f6cd23;Sampled=0;lineage=144e69e0:0

{
    "data": {
        "email": "thrive-android+4@plume.com",
        "userGroup": "admin",
        "userName": "thrive-android+4",
        "userId": "64895a7f924521000b2d7ac7",
        "accessToken": "eyJraWQiOiJ1cy13ZXN0LTIzIiwidHlwIjoiSldTIiwiYWxnIjoiUlM1MTIifQ.eyJzdWIiOiJ1cy13ZXN0LTI6ZGU1MjkzZjItMTM0Mi00OTUxLWIzZmItZmYyN2Q5NDk0OGYzIiwiYXVkIjoidXMtd2VzdC0yOjU2YzQyNDM5LWJlMmMtNDUyMy04YmUwLTEwYjU4ODVlYTczMyIsImFtciI6WyJhdXRoZW50aWNhdGVkIiwic3RhZ2luZy1wd2IucGx1bWUuY29tIiwic3RhZ2luZy1wd2IucGx1bWUuY29tOnVzLXdlc3QtMjo1NmM0MjQzOS1iZTJjLTQ1MjMtOGJlMC0xMGI1ODg1ZWE3MzM6bUtydlR4bnFIZDBtZEZFdGV5SEVwTm10amZZaVVzQjQ1eXlwQUNjeHlmV0F6aTNIYTNIRzBGc05vQTFmME1NdiJdLCJpc3MiOiJodHRwczovL2NvZ25pdG8taWRlbnRpdHkuYW1hem9uYXdzLmNvbSIsImh0dHBzOi8vY29nbml0by1pZGVudGl0eS5hbWF6b25hd3MuY29tL2lkZW50aXR5LXBvb2wtYXJuIjoiYXJuOmF3czpjb2duaXRvLWlkZW50aXR5OnVzLXdlc3QtMjoxNDMwODk2MTA0ODI6aWRlbnRpdHlwb29sL3VzLXdlc3QtMjo1NmM0MjQzOS1iZTJjLTQ1MjMtOGJlMC0xMGI1ODg1ZWE3MzMiLCJleHAiOjE2ODk3Njc3OTEsImlhdCI6MTY4OTY4MTM5MX0.RZ3Tm3MzCAc7ejhztqFxmhh_eAb0jeCVLqK0lLTewPlKHljKSzl-VuhV7Op0qrsy6fh-vEhm7gUGuN_kcXaTTa8d7CvZvPb6ATyg9LNo-rHwCc0ysGRZqTNsrMbYvQMl_A1zjzXaMj7LzHuRuQFSktgnfHEzkps4wu6q6JYRvuLrA1VCJ-9NIKrFWlwMFnuq0qaVffx9EjsXr5Oy6kY8n-jGGiPN8Kc2zul4TCrKwxJwJpeLFLBGFFMEGFQrPYwyppTkwTqd_MFbyDnuL7baqm1sdACeSUS95K7V_AnEFpEmG1uM3aX9Zl2Zfyv0CYlRI0cR9C7xUPqTrGsnzz4kDQ",
        "idToken": "eyJraWQiOiJJZGVudGl0eVRva2VuU2lnbktleSIsImFsZyI6IlJTNTEyIn0%3D.eyJpc3MiOiJhd3MtbGFtYmRhIiwiZXhwIjoxNzA1MjMzMzkyLCJzdWIiOiJpZC10b2tlbiIsImF1ZCI6InJpbmciLCJqdGkiOiIxNDA1MzNmNi1lZDhjLTQ3ZTYtYTNlNy0yNDExYjZjODJjMGUiLCJ1c2VySWQiOiI2NDg5NWE3ZjkyNDUyMTAwMGIyZDdhYzciLCJlbWFpbCI6InRocml2ZS1hbmRyb2lkKzRAcGx1bWUuY29tIiwiZ2VuZGVyIjoiIiwiYmlydGhkYXRlIjoiIn0%3D.QKmJinhiHGRLUCFSZaBFsQm4QRjnEobIjKBzzmrnB5WVB4f3L2FiuLNvOyYquokdn8kHuGLYt%2Fd33ff7I9Ek7o98ETL%2BfAG3aWb6dkyG6Q6%2Bu4Xdlk4f5KJGcUfJaPEkpqDYmBauyDT01FlF%2BS8Dy4o3OMow1P2G88DLWdO1LVcWAHs9J3%2FMGg3i4C5jy02uO%2F5hNast%2FhSVTYrqYqKxFwkhcl%2B1PuuJs8oGUUhuWCHjridQ%2FmjDgaQ74fKW8cWZ2MPYoYXAWM2%2F5LxOcL449SeSD0ro5teCzJi4ejl%2BWt0u%2BXDEDzgRlNWPYzbS5rVRTtAymYiTDiYNSEs9y0kqliP1KXNQ1pkIzZFUoDZolLKpZaccmb3NjWuRFPtTjpLVYAJ9wLoK2UEf78rDE7RdPx%2B%2FtCNFsP9ItZlHqYV3%2BzNpTQcvUKhfvOHYXJfJgRPlXCAk4nZkm75lQJ6p2aG4wnNG3zONmoUK9sB%2BCCuzL4h7KizY16rlASO41c%2FZO8YW4Fw71lKfRZWdgkOw2wrIsqgd1elQE59RNM%2BeGJyDF6tT95nQjiFz28Uhse3fACQJQmy%2BhlmbprISjYfOFnszYLmUWbkG5z%2Fb8iFV6Pi793aeinu1FnO%2FptO80y6oKreHUH1wXBLd9GdFrqMlB2kBNmi02w3RcdCVZp%2FgEomfayg%3D",
        "refreshToken": "eyJraWQiOiJSZWZyZXNoVG9rZW5TaWduS2V5IiwiY3R5IjoiSldUIiwiZW5jIjoiQTI1NkdDTSIsImFsZyI6IlJTNTEyIn0%3D.AQICAHgg7rlLlhJZMilo20zyx9NECjg%2F8q0XYyoRMcHYs4Nh4AH13SeLCVgXl4V86wmADO12AAABUTCCAU0GCSqGSIb3DQEHBqCCAT4wggE6AgEAMIIBMwYJKoZIhvcNAQcBMB4GCWCGSAFlAwQBLjARBAygizcshOaEajRp13ECARCAggEEEyIOmtX1bo15giLGFwCyZNPCz%2FzOQL89KtGqPo09lLVstOedxLAXHv1Dp06PuFndAJXl4arPuHLfz%2Fx0lzk3oAHCxsuFHqlOLpAi2qyax70RMSL78%2FBH1wsXa8AXx9O%2FrlPttnZ6QnHz16c7Jf5UEha4wnnJXgJPeVwr09QEahEKdPe4cx1XVy9f2qbK0pIpbIIbJ64NARMNYfYafT5c3TXT0JKGejS0Z%2BPsNTOE8arAucamYERR7HcSkwL%2Fgr%2B69VGvAOwYOpMy%2F1PCqf1YiY3XCQHtW1tUvlf7S2HilfNhX5jeX%2BzRKcLf%2BLUEu2TNL6%2FHPeGRl5WEC%2F%2BCZBP4hj8dqjw%3D.BeAArkkDw2JaZ71Lsujh8Prv1euyX7BG3zc5fD0mR%2BUAG%2BAmxB9YbfkXdtUV1SK4ydPEGlloc5kX7LG9Yr8IGxNIexBx7IRvfT3%2Buh11G%2B3of0%2Fh0Qd4JKQSVsQ9G9vzubQu85pLBVkmUEngsgjvy1m%2ByuMmggr0lWf%2B%2FWkLBSN0tAR8dNsgJYibylda4na9WMf3TvRuVNXXyniImGtBGs8DrPsm2Qx%2BMymYjGhETz9vlSwwk8RS7CaE23E4r7lembhKyip86H2jumWfDFHS2km%2FuAbT8QZsG56Oy%2FGsst%2BA7xSYvDt8VxUq4Pdkl9XTi9lDidb1LPAFfu8iZrf9OOzGUVxKXBDUtwq97pULCqQZAmtcqsH0Tzq5Ol8EMC42oZNFDRSYx96bdbcz9bDSBkZrr6HPX3bCe7VvkbXjUoqf38Zkfs%2BKuBszp5WKaElgj3DFNt2aWQ2uLQV8t90cw1n6zGJjDtYGyzbLrXRiji0ZBEtkADnWiXj8NFxtgVYJkEuzNujybjLYoOxnWg%2F4jHsdF057hHAD4sWDLyE6kaRVJjQIb0l7Pli%2BWIPUQMJduTfodn3d3%2BEthRNF2Dms%2BL86gPTqUe%2BXx%2Fj5fjCNW9b9Y94JRtGyV6yaVQIEaW8iBOTwyK0uia7IU%2F36799HjxPd%2FQlfBN0CxKYIUpV34UA%3D",
        "identityId": "us-west-2:de5293f2-1342-4951-b3fb-ff27d94948f3"
    }
}

2023-07-18 19:56:37: -----------Request----------->
POST https://thrive-dog1-usw2-api.data.plume.tech/pwb/GetFallEventSummary

User-Agent: python-requests/2.31.0
Accept-Encoding: gzip, deflate
accept: application/json
Connection: keep-alive
Authorization: Bearer eyJraWQiOiJ1cy13ZXN0LTIzIiwidHlwIjoiSldTIiwiYWxnIjoiUlM1MTIifQ.eyJzdWIiOiJ1cy13ZXN0LTI6ZGU1MjkzZjItMTM0Mi00OTUxLWIzZmItZmYyN2Q5NDk0OGYzIiwiYXVkIjoidXMtd2VzdC0yOjU2YzQyNDM5LWJlMmMtNDUyMy04YmUwLTEwYjU4ODVlYTczMyIsImFtciI6WyJhdXRoZW50aWNhdGVkIiwic3RhZ2luZy1wd2IucGx1bWUuY29tIiwic3RhZ2luZy1wd2IucGx1bWUuY29tOnVzLXdlc3QtMjo1NmM0MjQzOS1iZTJjLTQ1MjMtOGJlMC0xMGI1ODg1ZWE3MzM6bUtydlR4bnFIZDBtZEZFdGV5SEVwTm10amZZaVVzQjQ1eXlwQUNjeHlmV0F6aTNIYTNIRzBGc05vQTFmME1NdiJdLCJpc3MiOiJodHRwczovL2NvZ25pdG8taWRlbnRpdHkuYW1hem9uYXdzLmNvbSIsImh0dHBzOi8vY29nbml0by1pZGVudGl0eS5hbWF6b25hd3MuY29tL2lkZW50aXR5LXBvb2wtYXJuIjoiYXJuOmF3czpjb2duaXRvLWlkZW50aXR5OnVzLXdlc3QtMjoxNDMwODk2MTA0ODI6aWRlbnRpdHlwb29sL3VzLXdlc3QtMjo1NmM0MjQzOS1iZTJjLTQ1MjMtOGJlMC0xMGI1ODg1ZWE3MzMiLCJleHAiOjE2ODk3Njc3OTEsImlhdCI6MTY4OTY4MTM5MX0.RZ3Tm3MzCAc7ejhztqFxmhh_eAb0jeCVLqK0lLTewPlKHljKSzl-VuhV7Op0qrsy6fh-vEhm7gUGuN_kcXaTTa8d7CvZvPb6ATyg9LNo-rHwCc0ysGRZqTNsrMbYvQMl_A1zjzXaMj7LzHuRuQFSktgnfHEzkps4wu6q6JYRvuLrA1VCJ-9NIKrFWlwMFnuq0qaVffx9EjsXr5Oy6kY8n-jGGiPN8Kc2zul4TCrKwxJwJpeLFLBGFFMEGFQrPYwyppTkwTqd_MFbyDnuL7baqm1sdACeSUS95K7V_AnEFpEmG1uM3aX9Zl2Zfyv0CYlRI0cR9C7xUPqTrGsnzz4kDQ
Content-Type: application/json
Content-Length: 125

{
    "userId": "64895a7f924521000b2d7ac7",
    "startTime": 1689609600,
    "endTime": 1689692400,
    "interval": "day",
    "utcTimeOffset": 8
}

2023-07-18 19:56:37: <-----------Response-----------
Status code: 200, elapsed seconds: 0.895231

Date: Tue, 18 Jul 2023 11:56:35 GMT
Content-Type: application/json
Content-Length: 178
Connection: keep-alive
x-amzn-RequestId: 171a4f31-72bb-4b91-bebb-8853ccca791e
Access-Control-Allow-Origin: *
x-amz-apigw-id: IQid-HXYvHcFe9g=
X-Amzn-Trace-Id: Root=1-64b67df2-3aa060670841366b396f7463;Sampled=0;lineage=f38effcc:0

{
    "data": {
        "userId": "64895a7f924521000b2d7ac7",
        "startTime": 1689609600,
        "endTime": 1689695999,
        "utcTimeOffset": 8,
        "fallCountList": []
    },
    "result": {
        "code": 201000,
        "message": "Successfully."
    }
}

2023-07-18 19:56:40: -----------Request----------->
POST https://thrive-dog1-usw2-api.data.plume.tech/pwb/GetFallEventList

User-Agent: python-requests/2.31.0
Accept-Encoding: gzip, deflate
accept: application/json
Connection: keep-alive
Authorization: Bearer eyJraWQiOiJ1cy13ZXN0LTIzIiwidHlwIjoiSldTIiwiYWxnIjoiUlM1MTIifQ.eyJzdWIiOiJ1cy13ZXN0LTI6ZGU1MjkzZjItMTM0Mi00OTUxLWIzZmItZmYyN2Q5NDk0OGYzIiwiYXVkIjoidXMtd2VzdC0yOjU2YzQyNDM5LWJlMmMtNDUyMy04YmUwLTEwYjU4ODVlYTczMyIsImFtciI6WyJhdXRoZW50aWNhdGVkIiwic3RhZ2luZy1wd2IucGx1bWUuY29tIiwic3RhZ2luZy1wd2IucGx1bWUuY29tOnVzLXdlc3QtMjo1NmM0MjQzOS1iZTJjLTQ1MjMtOGJlMC0xMGI1ODg1ZWE3MzM6bUtydlR4bnFIZDBtZEZFdGV5SEVwTm10amZZaVVzQjQ1eXlwQUNjeHlmV0F6aTNIYTNIRzBGc05vQTFmME1NdiJdLCJpc3MiOiJodHRwczovL2NvZ25pdG8taWRlbnRpdHkuYW1hem9uYXdzLmNvbSIsImh0dHBzOi8vY29nbml0by1pZGVudGl0eS5hbWF6b25hd3MuY29tL2lkZW50aXR5LXBvb2wtYXJuIjoiYXJuOmF3czpjb2duaXRvLWlkZW50aXR5OnVzLXdlc3QtMjoxNDMwODk2MTA0ODI6aWRlbnRpdHlwb29sL3VzLXdlc3QtMjo1NmM0MjQzOS1iZTJjLTQ1MjMtOGJlMC0xMGI1ODg1ZWE3MzMiLCJleHAiOjE2ODk3Njc3OTEsImlhdCI6MTY4OTY4MTM5MX0.RZ3Tm3MzCAc7ejhztqFxmhh_eAb0jeCVLqK0lLTewPlKHljKSzl-VuhV7Op0qrsy6fh-vEhm7gUGuN_kcXaTTa8d7CvZvPb6ATyg9LNo-rHwCc0ysGRZqTNsrMbYvQMl_A1zjzXaMj7LzHuRuQFSktgnfHEzkps4wu6q6JYRvuLrA1VCJ-9NIKrFWlwMFnuq0qaVffx9EjsXr5Oy6kY8n-jGGiPN8Kc2zul4TCrKwxJwJpeLFLBGFFMEGFQrPYwyppTkwTqd_MFbyDnuL7baqm1sdACeSUS95K7V_AnEFpEmG1uM3aX9Zl2Zfyv0CYlRI0cR9C7xUPqTrGsnzz4kDQ
Content-Type: application/json
Content-Length: 86

{
    "userId": "64895a7f924521000b2d7ac7",
    "startTime": 1689609600,
    "endTime": 1689692400
}

2023-07-18 19:56:40: <-----------Response-----------
Status code: 200, elapsed seconds: 1.110152

Date: Tue, 18 Jul 2023 11:56:38 GMT
Content-Type: application/json
Content-Length: 160
Connection: keep-alive
x-amzn-RequestId: 617d2e72-7f51-4f0d-b00b-9ba71bc709c4
Access-Control-Allow-Origin: *
x-amz-apigw-id: IQiecEfHvHcFncA=
X-Amzn-Trace-Id: Root=1-64b67df5-04ae2982290347a06dbee4f7;Sampled=0;lineage=78260e42:0

{
    "data": {
        "startTime": 1689609600,
        "endTime": 1689692400,
        "userId": "64895a7f924521000b2d7ac7",
        "fallEventList": []
    },
    "result": {
        "code": 201000,
        "message": "Successfully."
    }
}

