2023-07-18 19:55:12: -----------Request----------->
POST https://thrive-dog1-usw2-api.data.plume.tech/pwb/PlumeCloudLogin

User-Agent: python-requests/2.31.0
Accept-Encoding: gzip, deflate
accept: application/json
Connection: keep-alive
Content-Type: application/json
Content-Length: 77

{
    "email": "thrive-android+4@plume.com",
    "password": "plume1234",
    "ttl": 3600
}

2023-07-18 19:55:12: <-----------Response-----------
Status code: 200, elapsed seconds: 0.65302

Date: Tue, 18 Jul 2023 11:55:10 GMT
Content-Type: application/json
Content-Length: 768
Connection: keep-alive
x-amzn-RequestId: 6e6ea0cd-6533-46e6-a037-94ab930baed7
Access-Control-Allow-Origin: *
x-amz-apigw-id: IQiQvHyLvHcFSRg=
X-Amzn-Trace-Id: Root=1-64b67d9e-66fb548963a09c270d4bae8e;Sampled=0;lineage=7fdd2b1e:0

{
    "data": {
        "id": "EBljGJ8LPJ1jIcuAxgFxEElkgm9wXB0AzhjEHP0d3DDhClaPYfYfQu5hD3X8wCWt",
        "ttl": 3600,
        "created": "2023-07-18T11:55:10.243Z",
        "userId": "64895a7f924521000b2d7ac7",
        "expireAt": "2023-07-18T12:55:10.243Z",
        "user": {
            "id": "64895a7f924521000b2d7ac7",
            "accountId": "a8df017d-5cc1-4c2c-a9d1-473f8c47a89f",
            "anonymous": false,
            "autoProvisioned": false,
            "name": "thrive-android+4",
            "locked": false,
            "partnerId": "mobile_qa_test",
            "acceptLanguage": "en-US",
            "preferredLanguage": "en",
            "source": "customCreate",
            "createdAt": "2023-06-14T06:13:19.274Z",
            "provisioningSsoAuditTrail": false,
            "_version": "1.0.0",
            "email": "thrive-android+4@plume.com",
            "emailVerified": true,
            "firstKnownLoginTimestamp": "2023-06-14T06:14:04.869Z",
            "loginFailure": [
                1687849257916
            ]
        }
    },
    "result": {
        "code": 201000,
        "message": "Successfully."
    }
}

2023-07-18 19:55:15: -----------Request----------->
POST https://thrive-dog1-usw2-api.data.plume.tech/pwb/AuthenticateWithPlumeToken

User-Agent: python-requests/2.31.0
Accept-Encoding: gzip, deflate
accept: application/json
Connection: keep-alive
Content-Type: application/json
Content-Length: 121

{
    "accessToken": "EBljGJ8LPJ1jIcuAxgFxEElkgm9wXB0AzhjEHP0d3DDhClaPYfYfQu5hD3X8wCWt",
    "userId": "64895a7f924521000b2d7ac7"
}

2023-07-18 19:55:15: <-----------Response-----------
Status code: 200, elapsed seconds: 1.037005

Date: Tue, 18 Jul 2023 11:55:13 GMT
Content-Type: application/json
Content-Length: 3860
Connection: keep-alive
x-amzn-RequestId: 3d0c8425-34e2-4d03-b168-1214a2475001
Access-Control-Allow-Origin: *
x-amz-apigw-id: IQiRKGN4PHcF5Vg=
X-Amzn-Trace-Id: Root=1-64b67da0-7edbfa04783d3d45452c2ff4;Sampled=0;lineage=144e69e0:0

{
    "data": {
        "email": "thrive-android+4@plume.com",
        "userGroup": "admin",
        "userName": "thrive-android+4",
        "userId": "64895a7f924521000b2d7ac7",
        "accessToken": "eyJraWQiOiJ1cy13ZXN0LTIzIiwidHlwIjoiSldTIiwiYWxnIjoiUlM1MTIifQ.eyJzdWIiOiJ1cy13ZXN0LTI6ZThhYTI0ZmEtYWM3OS00OTM0LWFhNTQtODdiM2ZiYTQ2NTZmIiwiYXVkIjoidXMtd2VzdC0yOjU2YzQyNDM5LWJlMmMtNDUyMy04YmUwLTEwYjU4ODVlYTczMyIsImFtciI6WyJhdXRoZW50aWNhdGVkIiwic3RhZ2luZy1wd2IucGx1bWUuY29tIiwic3RhZ2luZy1wd2IucGx1bWUuY29tOnVzLXdlc3QtMjo1NmM0MjQzOS1iZTJjLTQ1MjMtOGJlMC0xMGI1ODg1ZWE3MzM6RUJsakdKOExQSjFqSWN1QXhnRnhFRWxrZ205d1hCMEF6aGpFSFAwZDNERGhDbGFQWWZZZlF1NWhEM1g4d0NXdCJdLCJpc3MiOiJodHRwczovL2NvZ25pdG8taWRlbnRpdHkuYW1hem9uYXdzLmNvbSIsImh0dHBzOi8vY29nbml0by1pZGVudGl0eS5hbWF6b25hd3MuY29tL2lkZW50aXR5LXBvb2wtYXJuIjoiYXJuOmF3czpjb2duaXRvLWlkZW50aXR5OnVzLXdlc3QtMjoxNDMwODk2MTA0ODI6aWRlbnRpdHlwb29sL3VzLXdlc3QtMjo1NmM0MjQzOS1iZTJjLTQ1MjMtOGJlMC0xMGI1ODg1ZWE3MzMiLCJleHAiOjE2ODk3Njc3MTIsImlhdCI6MTY4OTY4MTMxMn0.KHY0h640Q4pftOvx_eJ4dQ7-swWRuQpgEZKQAuB8W6mCHBBGRbcyB0Loa3wQKKC-kB2CvqkqaVWSDbLc4xxDSTpUklsAIY3NKgt2sfPBLyhuYiXgZXNs5pOp_iLzBYVwkdPRbLTYTI2RfDPub9j_OSzpAEWOxYPFy6wMhN3Cjf_lgxslouJQCDqJKWuMAW8VwJqPO0S00f4PURBKRwUaYxv2OydJjBK3HCwx6IEZHVZsTtJVxqPN_Ixf87B7VhfY9FIYSIIP2I9MPU9ShyoqEiesOAuL-5bVULXP1ceYv7hsxrhGfHo2LzcLuzjmBoxvRI57r2SMZzr68aQuxOabmw",
        "idToken": "eyJraWQiOiJJZGVudGl0eVRva2VuU2lnbktleSIsImFsZyI6IlJTNTEyIn0%3D.eyJpc3MiOiJhd3MtbGFtYmRhIiwiZXhwIjoxNzA1MjMzMzEzLCJzdWIiOiJpZC10b2tlbiIsImF1ZCI6InJpbmciLCJqdGkiOiJhNDEzYjE5Ny0zYjZhLTQ4YzItOTY4OS1iMDI3YTE4ZGQxYmIiLCJ1c2VySWQiOiI2NDg5NWE3ZjkyNDUyMTAwMGIyZDdhYzciLCJlbWFpbCI6InRocml2ZS1hbmRyb2lkKzRAcGx1bWUuY29tIiwiZ2VuZGVyIjoiIiwiYmlydGhkYXRlIjoiIn0%3D.ixdXEmcJZW2f%2FqiJ%2BOnrsI6qGr9PR51bwHYAdjruKGXCspHYBZsBY%2FCdWp2EaJQLWNZ%2FuCbYcZVjZAc2%2BlgYCbG1zZQ7pB%2FKnCmsYyQ247JnuzHWF0R6cL74GEjdtt1cFV8Is3Y7qB%2BxMra43Dl%2FPuhsBz8%2BjUyWOvkIfTUe6i%2BAq8TPhcGh6K5wshOPZDZxDvXmV1e%2FiKSebP71UbQd4nAYuWLz7xJgVfNJEQ%2BhWzw9HE0bNyuHXWQZ1jx9FGc7zopJW%2BYfFFdHEXEc0nPkkmk%2F7UZocT3NsMOq%2F1iD0WyPk1hN5uLWtntbMb0wCkrJ%2FjAPjGdQu4XJXD4oXD%2BNgUEZ1DYO7SCVQ1gtTVl8RV6obOVPuNM%2B4y%2BoftW5D%2BzF97BSp24YJKhl2r5l%2FKainkp2rueMN1UvwlntnxIk6jhvr%2FH0sKnr1TNNBbdvB%2Fwc9ADqc89IAd2TRbuZCNqzTcfev0kl0KWGTPtuvU9P7aN5%2FKbH0SZDX9V20ULSAsTXHKHBL8kUudkq0tywUSQ350yfjci0gt%2Bc6DcLRqcBrLqcfWImUxdB2ZlNJn3JM4N3HrTN4yYzpNCqLBdnOwj9Sn0vbHF9Wksu9uAm4SWEe9tNWc0%2BzGBa6ZU8RTXFcdZsf6whV3Qy6H0uScTxLEnf%2BNONINr%2BrHci3Z%2Fp5AAHtiw%3D",
        "refreshToken": "eyJraWQiOiJSZWZyZXNoVG9rZW5TaWduS2V5IiwiY3R5IjoiSldUIiwiZW5jIjoiQTI1NkdDTSIsImFsZyI6IlJTNTEyIn0%3D.AQICAHgg7rlLlhJZMilo20zyx9NECjg%2F8q0XYyoRMcHYs4Nh4AF%2FrBRCLjAgblM1lp31RiDaAAABUTCCAU0GCSqGSIb3DQEHBqCCAT4wggE6AgEAMIIBMwYJKoZIhvcNAQcBMB4GCWCGSAFlAwQBLjARBAwXKEPKmfT%2BWV1NI%2F8CARCAggEEvA9RMV63nUwmaoQyIvNxXIZBa%2B%2FUx6RHqKBLf%2Bb%2FOQ11yXv1c9FCzzexAITlcRU%2BBt18HCbJF24oR1ClP1tBUiE8GJH2osOGiQQjZOKBISv2OFDm9eREEh6R7RRdBSAz3P0jEGqNOTxSndf1FAs%2FRx8kiuV8pANLss%2BYeizra0buKLge3ZQG9l89C0Hz1bTocGDuDR70p7P7dYizlYTkF4cNzsVksFVGTh1KGzCm%2B9BYozdCHiL9RB84y3leW5oebGU1%2Bgy47n97%2FMkQS4oJlVmcge4cU0ppC4pMbDAp8VsM22DXHWroiBPn6ibDjCsgng83rPvMaF5ehbjFkHFRpP8Wxxo%3D.bniz9bSMAGr%2Bw7KlG%2FkkK6TNRNpBzj9LLgz%2B6vyRtFRROeYw7F8d40acbtR13EhIj0qczBEkWt47odl%2BB5SlojAt4kmZKcZL3TL8ODVrAh4cBSERLq2AbWReRxyXKsTFR8%2B80zNqzTqDKkcVBbxHpvUPXFXXY1%2FZGoVf%2FZ4jBW6gs92gwbakLuHmy141PoNkvndX3RKUriK%2BEd9OLPfcLOdFfRh4qOQIwyKpkQImaW7m5FSSblLYjZGmBC7XKti6b7JNPVsh7IU64MyHndF7HfksCZRtLSNuv6JrWU7UzK2Rxx276l4ms5ABhS3mtW2o%2BJLVFNI%2FbKDQ63TldFdy3ubwZkOldsSQ%2FD3ZwjKn9i6GQH9YKDNAw6IYc%2F%2Bwzts39bBKyIOOPH3ZPjYZelMQLLLyXkPr4hyead%2FdWhoB%2FA0G6mRhmSahddzJqih479MG54bmKbc740U6FG%2FawI9IYxevJn%2F8rFsw4CB992fAm5ajmdIf8ncdggwoijs7SQVIZMaF3Bs7g285pd4md05irbXkHn1yg%2Bf1O2doOM5xl%2BVHTWM8sAu4e2TEggXfXZsppIqULXxV7P8OczP3%2FXgXOYQBImyG1364adNP%2FDo8YldsiVCdFg3vXBYUzKhOxFGEDzuZebLIPYrHAi%2Bi9AXK%2FSkTYwO2pE5aC6iQZHT5UB8%3D",
        "identityId": "us-west-2:e8aa24fa-ac79-4934-aa54-87b3fba4656f"
    }
}

2023-07-18 19:55:18: -----------Request----------->
POST https://thrive-dog1-usw2-api.data.plume.tech/pwb/GetFallEventSummary

User-Agent: python-requests/2.31.0
Accept-Encoding: gzip, deflate
accept: application/json
Connection: keep-alive
Authorization: Bearer eyJraWQiOiJ1cy13ZXN0LTIzIiwidHlwIjoiSldTIiwiYWxnIjoiUlM1MTIifQ.eyJzdWIiOiJ1cy13ZXN0LTI6ZThhYTI0ZmEtYWM3OS00OTM0LWFhNTQtODdiM2ZiYTQ2NTZmIiwiYXVkIjoidXMtd2VzdC0yOjU2YzQyNDM5LWJlMmMtNDUyMy04YmUwLTEwYjU4ODVlYTczMyIsImFtciI6WyJhdXRoZW50aWNhdGVkIiwic3RhZ2luZy1wd2IucGx1bWUuY29tIiwic3RhZ2luZy1wd2IucGx1bWUuY29tOnVzLXdlc3QtMjo1NmM0MjQzOS1iZTJjLTQ1MjMtOGJlMC0xMGI1ODg1ZWE3MzM6RUJsakdKOExQSjFqSWN1QXhnRnhFRWxrZ205d1hCMEF6aGpFSFAwZDNERGhDbGFQWWZZZlF1NWhEM1g4d0NXdCJdLCJpc3MiOiJodHRwczovL2NvZ25pdG8taWRlbnRpdHkuYW1hem9uYXdzLmNvbSIsImh0dHBzOi8vY29nbml0by1pZGVudGl0eS5hbWF6b25hd3MuY29tL2lkZW50aXR5LXBvb2wtYXJuIjoiYXJuOmF3czpjb2duaXRvLWlkZW50aXR5OnVzLXdlc3QtMjoxNDMwODk2MTA0ODI6aWRlbnRpdHlwb29sL3VzLXdlc3QtMjo1NmM0MjQzOS1iZTJjLTQ1MjMtOGJlMC0xMGI1ODg1ZWE3MzMiLCJleHAiOjE2ODk3Njc3MTIsImlhdCI6MTY4OTY4MTMxMn0.KHY0h640Q4pftOvx_eJ4dQ7-swWRuQpgEZKQAuB8W6mCHBBGRbcyB0Loa3wQKKC-kB2CvqkqaVWSDbLc4xxDSTpUklsAIY3NKgt2sfPBLyhuYiXgZXNs5pOp_iLzBYVwkdPRbLTYTI2RfDPub9j_OSzpAEWOxYPFy6wMhN3Cjf_lgxslouJQCDqJKWuMAW8VwJqPO0S00f4PURBKRwUaYxv2OydJjBK3HCwx6IEZHVZsTtJVxqPN_Ixf87B7VhfY9FIYSIIP2I9MPU9ShyoqEiesOAuL-5bVULXP1ceYv7hsxrhGfHo2LzcLuzjmBoxvRI57r2SMZzr68aQuxOabmw
Content-Type: application/json
Content-Length: 125

{
    "userId": "64895a7f924521000b2d7ac7",
    "startTime": 1689609600,
    "endTime": 1689692400,
    "interval": "day",
    "utcTimeOffset": 8
}

2023-07-18 19:55:18: <-----------Response-----------
Status code: 200, elapsed seconds: 0.892416

Date: Tue, 18 Jul 2023 11:55:16 GMT
Content-Type: application/json
Content-Length: 178
Connection: keep-alive
x-amzn-RequestId: 6c596f22-8d48-4e85-9d14-fd8700d670da
Access-Control-Allow-Origin: *
x-amz-apigw-id: IQiRpF08vHcFWrw=
X-Amzn-Trace-Id: Root=1-64b67da3-2bb0d78c221e105442cdfab1;Sampled=0;lineage=f38effcc:0

{
    "data": {
        "userId": "64895a7f924521000b2d7ac7",
        "startTime": 1689609600,
        "endTime": 1689695999,
        "utcTimeOffset": 8,
        "fallCountList": []
    },
    "result": {
        "code": 201000,
        "message": "Successfully."
    }
}

2023-07-18 19:55:21: -----------Request----------->
POST https://thrive-dog1-usw2-api.data.plume.tech/pwb/GetFallEventList

User-Agent: python-requests/2.31.0
Accept-Encoding: gzip, deflate
accept: application/json
Connection: keep-alive
Authorization: Bearer eyJraWQiOiJ1cy13ZXN0LTIzIiwidHlwIjoiSldTIiwiYWxnIjoiUlM1MTIifQ.eyJzdWIiOiJ1cy13ZXN0LTI6ZThhYTI0ZmEtYWM3OS00OTM0LWFhNTQtODdiM2ZiYTQ2NTZmIiwiYXVkIjoidXMtd2VzdC0yOjU2YzQyNDM5LWJlMmMtNDUyMy04YmUwLTEwYjU4ODVlYTczMyIsImFtciI6WyJhdXRoZW50aWNhdGVkIiwic3RhZ2luZy1wd2IucGx1bWUuY29tIiwic3RhZ2luZy1wd2IucGx1bWUuY29tOnVzLXdlc3QtMjo1NmM0MjQzOS1iZTJjLTQ1MjMtOGJlMC0xMGI1ODg1ZWE3MzM6RUJsakdKOExQSjFqSWN1QXhnRnhFRWxrZ205d1hCMEF6aGpFSFAwZDNERGhDbGFQWWZZZlF1NWhEM1g4d0NXdCJdLCJpc3MiOiJodHRwczovL2NvZ25pdG8taWRlbnRpdHkuYW1hem9uYXdzLmNvbSIsImh0dHBzOi8vY29nbml0by1pZGVudGl0eS5hbWF6b25hd3MuY29tL2lkZW50aXR5LXBvb2wtYXJuIjoiYXJuOmF3czpjb2duaXRvLWlkZW50aXR5OnVzLXdlc3QtMjoxNDMwODk2MTA0ODI6aWRlbnRpdHlwb29sL3VzLXdlc3QtMjo1NmM0MjQzOS1iZTJjLTQ1MjMtOGJlMC0xMGI1ODg1ZWE3MzMiLCJleHAiOjE2ODk3Njc3MTIsImlhdCI6MTY4OTY4MTMxMn0.KHY0h640Q4pftOvx_eJ4dQ7-swWRuQpgEZKQAuB8W6mCHBBGRbcyB0Loa3wQKKC-kB2CvqkqaVWSDbLc4xxDSTpUklsAIY3NKgt2sfPBLyhuYiXgZXNs5pOp_iLzBYVwkdPRbLTYTI2RfDPub9j_OSzpAEWOxYPFy6wMhN3Cjf_lgxslouJQCDqJKWuMAW8VwJqPO0S00f4PURBKRwUaYxv2OydJjBK3HCwx6IEZHVZsTtJVxqPN_Ixf87B7VhfY9FIYSIIP2I9MPU9ShyoqEiesOAuL-5bVULXP1ceYv7hsxrhGfHo2LzcLuzjmBoxvRI57r2SMZzr68aQuxOabmw
Content-Type: application/json
Content-Length: 86

{
    "userId": "64895a7f924521000b2d7ac7",
    "startTime": 1689609600,
    "endTime": 1689692400
}

2023-07-18 19:55:21: <-----------Response-----------
Status code: 200, elapsed seconds: 1.201479

Date: Tue, 18 Jul 2023 11:55:19 GMT
Content-Type: application/json
Content-Length: 160
Connection: keep-alive
x-amzn-RequestId: 707ca65b-cf6b-4f8e-a8ea-240c659dbc70
Access-Control-Allow-Origin: *
x-amz-apigw-id: IQiSGEpbPHcFwPw=
X-Amzn-Trace-Id: Root=1-64b67da6-48835e81113526bc6561df66;Sampled=0;lineage=78260e42:0

{
    "data": {
        "startTime": 1689609600,
        "endTime": 1689692400,
        "userId": "64895a7f924521000b2d7ac7",
        "fallEventList": []
    },
    "result": {
        "code": 201000,
        "message": "Successfully."
    }
}

