2023-07-18 19:52:59: -----------Request----------->
POST https://thrive-dog1-usw2-api.data.plume.tech/pwb/PlumeCloudLogin

User-Agent: python-requests/2.31.0
Accept-Encoding: gzip, deflate
accept: application/json
Connection: keep-alive
Content-Type: application/json
Content-Length: 77

{
    "email": "thrive-android+4@plume.com",
    "password": "plume1234",
    "ttl": 3600
}

2023-07-18 19:52:59: <-----------Response-----------
Status code: 200, elapsed seconds: 0.838176

Date: Tue, 18 Jul 2023 11:52:57 GMT
Content-Type: application/json
Content-Length: 768
Connection: keep-alive
x-amzn-RequestId: 3f4e2173-5331-4388-a937-d0af02f038d9
Access-Control-Allow-Origin: *
x-amz-apigw-id: IQh78HsaPHcFuWg=
X-Amzn-Trace-Id: Root=1-64b67d18-15344cd4702e5298641f33d3;Sampled=0;lineage=7fdd2b1e:0

{
    "data": {
        "id": "s1Aocxd3kLpCItcbYXw7ZwvcECac15YkvWYkoiu9P25dhOLXYR91npEKe5Wb53xF",
        "ttl": 3600,
        "created": "2023-07-18T11:52:57.135Z",
        "userId": "64895a7f924521000b2d7ac7",
        "expireAt": "2023-07-18T12:52:57.135Z",
        "user": {
            "id": "64895a7f924521000b2d7ac7",
            "accountId": "a8df017d-5cc1-4c2c-a9d1-473f8c47a89f",
            "anonymous": false,
            "autoProvisioned": false,
            "name": "thrive-android+4",
            "locked": false,
            "partnerId": "mobile_qa_test",
            "acceptLanguage": "en-US",
            "preferredLanguage": "en",
            "source": "customCreate",
            "createdAt": "2023-06-14T06:13:19.274Z",
            "provisioningSsoAuditTrail": false,
            "_version": "1.0.0",
            "email": "thrive-android+4@plume.com",
            "emailVerified": true,
            "firstKnownLoginTimestamp": "2023-06-14T06:14:04.869Z",
            "loginFailure": [
                1687849257916
            ]
        }
    },
    "result": {
        "code": 201000,
        "message": "Successfully."
    }
}

2023-07-18 19:53:02: -----------Request----------->
POST https://thrive-dog1-usw2-api.data.plume.tech/pwb/AuthenticateWithPlumeToken

User-Agent: python-requests/2.31.0
Accept-Encoding: gzip, deflate
accept: application/json
Connection: keep-alive
Content-Type: application/json
Content-Length: 121

{
    "accessToken": "s1Aocxd3kLpCItcbYXw7ZwvcECac15YkvWYkoiu9P25dhOLXYR91npEKe5Wb53xF",
    "userId": "64895a7f924521000b2d7ac7"
}

2023-07-18 19:53:02: <-----------Response-----------
Status code: 200, elapsed seconds: 1.054363

Date: Tue, 18 Jul 2023 11:53:00 GMT
Content-Type: application/json
Content-Length: 3848
Connection: keep-alive
x-amzn-RequestId: 710ed18d-7d3b-45c2-9814-4525f1c923b9
Access-Control-Allow-Origin: *
x-amz-apigw-id: IQh8XEY9PHcFoqA=
X-Amzn-Trace-Id: Root=1-64b67d1b-3d4692cd67f32c686b77cdd8;Sampled=0;lineage=144e69e0:0

{
    "data": {
        "email": "thrive-android+4@plume.com",
        "userGroup": "admin",
        "userName": "thrive-android+4",
        "userId": "64895a7f924521000b2d7ac7",
        "accessToken": "eyJraWQiOiJ1cy13ZXN0LTIzIiwidHlwIjoiSldTIiwiYWxnIjoiUlM1MTIifQ.eyJzdWIiOiJ1cy13ZXN0LTI6OWRkZDQ4NDAtNGFiYy00OGY3LWI3OGQtOGRjMWI4YmRjMTU1IiwiYXVkIjoidXMtd2VzdC0yOjU2YzQyNDM5LWJlMmMtNDUyMy04YmUwLTEwYjU4ODVlYTczMyIsImFtciI6WyJhdXRoZW50aWNhdGVkIiwic3RhZ2luZy1wd2IucGx1bWUuY29tIiwic3RhZ2luZy1wd2IucGx1bWUuY29tOnVzLXdlc3QtMjo1NmM0MjQzOS1iZTJjLTQ1MjMtOGJlMC0xMGI1ODg1ZWE3MzM6czFBb2N4ZDNrTHBDSXRjYllYdzdad3ZjRUNhYzE1WWt2V1lrb2l1OVAyNWRoT0xYWVI5MW5wRUtlNVdiNTN4RiJdLCJpc3MiOiJodHRwczovL2NvZ25pdG8taWRlbnRpdHkuYW1hem9uYXdzLmNvbSIsImh0dHBzOi8vY29nbml0by1pZGVudGl0eS5hbWF6b25hd3MuY29tL2lkZW50aXR5LXBvb2wtYXJuIjoiYXJuOmF3czpjb2duaXRvLWlkZW50aXR5OnVzLXdlc3QtMjoxNDMwODk2MTA0ODI6aWRlbnRpdHlwb29sL3VzLXdlc3QtMjo1NmM0MjQzOS1iZTJjLTQ1MjMtOGJlMC0xMGI1ODg1ZWE3MzMiLCJleHAiOjE2ODk3Njc1NzksImlhdCI6MTY4OTY4MTE3OX0.cqzw6y8BkJRxFFPE2xGsUNqWXGCjCVywtRBYYi868AsQBai_EkCgS5-MidJcaqfJ4O8YheCerk5tZXk7qDRbGtuv3ESpDjQd-iCx60xSVJmZpxIauqWswjGapDWXT1zlc7RxXUwMmBFYM_ClrcPz8xrNw0HrQvnYgO_Mzc4sJt8P8QKukKY3ohh_2xkV3p_UGKHFFH_jhmPlYIAoxqsPIm-zXvAcJdLJeUUSrww4ypI2vhpMqmXUO8WO3ZpxPPbDB9lMSykJ3lbZBi-rYpUrwxBKmJb3s_08FaiLGy_s0reCTKMJFxa6RcaOeWCLYG-U94FymzwWBwRk1w1JOwSEdA",
        "idToken": "eyJraWQiOiJJZGVudGl0eVRva2VuU2lnbktleSIsImFsZyI6IlJTNTEyIn0%3D.eyJpc3MiOiJhd3MtbGFtYmRhIiwiZXhwIjoxNzA1MjMzMTgwLCJzdWIiOiJpZC10b2tlbiIsImF1ZCI6InJpbmciLCJqdGkiOiIxZTAzMzc4My00M2MyLTQ4OWMtOWE5ZS1mMWFjN2E5MWQ2NDgiLCJ1c2VySWQiOiI2NDg5NWE3ZjkyNDUyMTAwMGIyZDdhYzciLCJlbWFpbCI6InRocml2ZS1hbmRyb2lkKzRAcGx1bWUuY29tIiwiZ2VuZGVyIjoiIiwiYmlydGhkYXRlIjoiIn0%3D.XCgYTINJQO7%2FSJGZeq7CSHItcMWeMBJWTcuz1oDMogqqskp%2Fb9zj2kh1c9XmRVXTWwj9Y7RjmF3zTzxAXNeudWF434VkP1ozWaDEXaGyr342cy4Sd2oWHPV3TyJApn1LpFoVOgdBXnOM7nT7ukKXf4GKMtf1FLbeZIT2ojPieKGyEOUZWWOj6Sfyp3Kz12W2eMc6wwpRxxOrug5SpK%2B%2Fb2kXSa5Z9BbFeh2DRFwXCtCZ7UaM0f4JNwuYpF%2Fpl1%2FHzHB%2FuIdHuohrL7dojkEcIawTTghUYDvk2gSfQjs2X%2BeDdz9RsYOTYfVJlJ5Qx0xQWE%2BVrDw1fc5NL1%2BAzc%2FM7v6qDDsfyDu%2BSbqwCvGaUMRDhQSlGOKQaOmQnVNODtKGpZuZV0cu0p2GVIzTY6V5oiVCK5m8VObCnd6D5bAaG6s5V8WWjZTLof55OmJK%2BqE0491a0FTra6P7t5Tsm%2F8HULNB8hUvrMDl3EiMWGN2hy80DAaoWSK%2F4VPMF28HUUW0E0%2FTtRCsCiDZYIwI1L5rfyL8vaduSzIzr47qMplYrdN67TH6QfWhT0AnuDd0khfzne%2Fe1UhvSsfFH580d5gtzM61Tk3bZXMvRWpMFza%2BbQbxltzFLeCU0Ow2R1jWbxvuKtQV5qi7msMjOOAVlgmsbqPOyamys7Sk3RVhomdv%2Fcc%3D",
        "refreshToken": "eyJraWQiOiJSZWZyZXNoVG9rZW5TaWduS2V5IiwiY3R5IjoiSldUIiwiZW5jIjoiQTI1NkdDTSIsImFsZyI6IlJTNTEyIn0%3D.AQICAHgg7rlLlhJZMilo20zyx9NECjg%2F8q0XYyoRMcHYs4Nh4AFq8sF2YtRMRQhRba6sdjltAAABUTCCAU0GCSqGSIb3DQEHBqCCAT4wggE6AgEAMIIBMwYJKoZIhvcNAQcBMB4GCWCGSAFlAwQBLjARBAw6GNguXQhd6zpcM8MCARCAggEEHyd3XfSUgilbG1CMCDwgZNvDCvm1xbf73%2FtOXa0bxlwcs%2Fgfoj5fC6%2FnbJTPOLP0Ks4Fl5D6Ct9Bqf5j0asXuAQuU4j4dvZZLAWSm%2FcOpBtaLnC0W4Osm1v7aEhKxr2CvfXtrSM8TeAlgSmJUwezicIZ0srohtztvGCw3kzH%2BK3vAdcll5RLFA%2BZc5rCXHmsZInMFvr%2FRrDEjLcaEcuh0PLfF9zOhDQRRg%2BYjjMQ7vAq9QR%2FsyJh85tHAKItybMX%2BmfvSo9Y12h91%2F%2BijGA0%2FVaxHMaeAB%2BIvslitZTirHx0LYfHJTjlsdTQO7ewlrOLfyFNkrIsh3TIBtQrtYPQu%2FrNXvE%3D.JblewnDhRs7wWzc9d1ZEHBgGHnM6HL1jEgmtZ3Vgyu%2BMzsTBFNpHQmbtmWzk3LvGNcDTAPcJGAsg4L10AxqfMJOMVIv7Yeea0KK3rAcR%2Fkg80whHTb4qxmetYvrC3njj2eJ%2Bm%2Fw%2Fyr7Zl74TGhNYNwjAfFwaRtoRqdPSv9AG%2F52FT7nnQllo%2B4Q6B%2FOJT15zhYzb3GvYhGoPOW5Wos1XHFSRF2s7c%2BlYxcRRaGOllHqzyaG9Zq3vNWV3wy7rLKm5b8ZSrum%2Fy%2BNRw8mB8D%2Bg5%2F98uOcWcYUjH%2Fjucr6vt%2BC7i5tt8G1ritt%2BJOHkxORjYJ8%2BshX%2BQlYjjjOWO9pk09S%2FQAEFtx5cPVFCkySlDtAdW7RjJsHiXllRV0MszGKxDrsmoAPjYH%2BeS4NRmVSTjq27ffQ4DY9MDLcPBsM1DkTa3SES6tr02ouB2kQQhC%2FtRsfziVIC5AOGoeNNVfiy2oTNrDekX3ogUapvc8C152MOYly4esBQQQzUxVa8cNqADussERQYNf60l1SMmwKU05%2BdHOCT0FplKOvtrQoCqcolIVTmlpgGk5Lc%2B1dI%2BUAxFKAPcCMNrEecBkj7WiM1iC5fErMqy8cTt5qf6hLMP85NBdwJWdUikehQtfk2N7pEP6p65w8Tn0yJTXyjqfAF9JAx9s%2F7rXYJT6nQpLXSI98%3D",
        "identityId": "us-west-2:9ddd4840-4abc-48f7-b78d-8dc1b8bdc155"
    }
}

2023-07-18 19:53:06: -----------Request----------->
POST https://thrive-dog1-usw2-api.data.plume.tech/pwb/GetFallEventSummary

User-Agent: python-requests/2.31.0
Accept-Encoding: gzip, deflate
accept: application/json
Connection: keep-alive
Authorization: Bearer eyJraWQiOiJ1cy13ZXN0LTIzIiwidHlwIjoiSldTIiwiYWxnIjoiUlM1MTIifQ.eyJzdWIiOiJ1cy13ZXN0LTI6OWRkZDQ4NDAtNGFiYy00OGY3LWI3OGQtOGRjMWI4YmRjMTU1IiwiYXVkIjoidXMtd2VzdC0yOjU2YzQyNDM5LWJlMmMtNDUyMy04YmUwLTEwYjU4ODVlYTczMyIsImFtciI6WyJhdXRoZW50aWNhdGVkIiwic3RhZ2luZy1wd2IucGx1bWUuY29tIiwic3RhZ2luZy1wd2IucGx1bWUuY29tOnVzLXdlc3QtMjo1NmM0MjQzOS1iZTJjLTQ1MjMtOGJlMC0xMGI1ODg1ZWE3MzM6czFBb2N4ZDNrTHBDSXRjYllYdzdad3ZjRUNhYzE1WWt2V1lrb2l1OVAyNWRoT0xYWVI5MW5wRUtlNVdiNTN4RiJdLCJpc3MiOiJodHRwczovL2NvZ25pdG8taWRlbnRpdHkuYW1hem9uYXdzLmNvbSIsImh0dHBzOi8vY29nbml0by1pZGVudGl0eS5hbWF6b25hd3MuY29tL2lkZW50aXR5LXBvb2wtYXJuIjoiYXJuOmF3czpjb2duaXRvLWlkZW50aXR5OnVzLXdlc3QtMjoxNDMwODk2MTA0ODI6aWRlbnRpdHlwb29sL3VzLXdlc3QtMjo1NmM0MjQzOS1iZTJjLTQ1MjMtOGJlMC0xMGI1ODg1ZWE3MzMiLCJleHAiOjE2ODk3Njc1NzksImlhdCI6MTY4OTY4MTE3OX0.cqzw6y8BkJRxFFPE2xGsUNqWXGCjCVywtRBYYi868AsQBai_EkCgS5-MidJcaqfJ4O8YheCerk5tZXk7qDRbGtuv3ESpDjQd-iCx60xSVJmZpxIauqWswjGapDWXT1zlc7RxXUwMmBFYM_ClrcPz8xrNw0HrQvnYgO_Mzc4sJt8P8QKukKY3ohh_2xkV3p_UGKHFFH_jhmPlYIAoxqsPIm-zXvAcJdLJeUUSrww4ypI2vhpMqmXUO8WO3ZpxPPbDB9lMSykJ3lbZBi-rYpUrwxBKmJb3s_08FaiLGy_s0reCTKMJFxa6RcaOeWCLYG-U94FymzwWBwRk1w1JOwSEdA
Content-Type: application/json
Content-Length: 125

{
    "userId": "64895a7f924521000b2d7ac7",
    "startTime": 1689609600,
    "endTime": 1689692400,
    "interval": "day",
    "utcTimeOffset": 8
}

2023-07-18 19:53:06: <-----------Response-----------
Status code: 200, elapsed seconds: 2.310471

Date: Tue, 18 Jul 2023 11:53:04 GMT
Content-Type: application/json
Content-Length: 178
Connection: keep-alive
x-amzn-RequestId: 8fe1cf85-d032-4d24-a487-219e05a5d18b
Access-Control-Allow-Origin: *
x-amz-apigw-id: IQh82FDOvHcF3IA=
X-Amzn-Trace-Id: Root=1-64b67d1e-5bb4b2e805cc8a007dfdd3aa;Sampled=0;lineage=f38effcc:0

{
    "data": {
        "userId": "64895a7f924521000b2d7ac7",
        "startTime": 1689609600,
        "endTime": 1689695999,
        "utcTimeOffset": 8,
        "fallCountList": []
    },
    "result": {
        "code": 201000,
        "message": "Successfully."
    }
}

2023-07-18 19:53:11: -----------Request----------->
POST https://thrive-dog1-usw2-api.data.plume.tech/pwb/GetFallEventList

User-Agent: python-requests/2.31.0
Accept-Encoding: gzip, deflate
accept: application/json
Connection: keep-alive
Authorization: Bearer eyJraWQiOiJ1cy13ZXN0LTIzIiwidHlwIjoiSldTIiwiYWxnIjoiUlM1MTIifQ.eyJzdWIiOiJ1cy13ZXN0LTI6OWRkZDQ4NDAtNGFiYy00OGY3LWI3OGQtOGRjMWI4YmRjMTU1IiwiYXVkIjoidXMtd2VzdC0yOjU2YzQyNDM5LWJlMmMtNDUyMy04YmUwLTEwYjU4ODVlYTczMyIsImFtciI6WyJhdXRoZW50aWNhdGVkIiwic3RhZ2luZy1wd2IucGx1bWUuY29tIiwic3RhZ2luZy1wd2IucGx1bWUuY29tOnVzLXdlc3QtMjo1NmM0MjQzOS1iZTJjLTQ1MjMtOGJlMC0xMGI1ODg1ZWE3MzM6czFBb2N4ZDNrTHBDSXRjYllYdzdad3ZjRUNhYzE1WWt2V1lrb2l1OVAyNWRoT0xYWVI5MW5wRUtlNVdiNTN4RiJdLCJpc3MiOiJodHRwczovL2NvZ25pdG8taWRlbnRpdHkuYW1hem9uYXdzLmNvbSIsImh0dHBzOi8vY29nbml0by1pZGVudGl0eS5hbWF6b25hd3MuY29tL2lkZW50aXR5LXBvb2wtYXJuIjoiYXJuOmF3czpjb2duaXRvLWlkZW50aXR5OnVzLXdlc3QtMjoxNDMwODk2MTA0ODI6aWRlbnRpdHlwb29sL3VzLXdlc3QtMjo1NmM0MjQzOS1iZTJjLTQ1MjMtOGJlMC0xMGI1ODg1ZWE3MzMiLCJleHAiOjE2ODk3Njc1NzksImlhdCI6MTY4OTY4MTE3OX0.cqzw6y8BkJRxFFPE2xGsUNqWXGCjCVywtRBYYi868AsQBai_EkCgS5-MidJcaqfJ4O8YheCerk5tZXk7qDRbGtuv3ESpDjQd-iCx60xSVJmZpxIauqWswjGapDWXT1zlc7RxXUwMmBFYM_ClrcPz8xrNw0HrQvnYgO_Mzc4sJt8P8QKukKY3ohh_2xkV3p_UGKHFFH_jhmPlYIAoxqsPIm-zXvAcJdLJeUUSrww4ypI2vhpMqmXUO8WO3ZpxPPbDB9lMSykJ3lbZBi-rYpUrwxBKmJb3s_08FaiLGy_s0reCTKMJFxa6RcaOeWCLYG-U94FymzwWBwRk1w1JOwSEdA
Content-Type: application/json
Content-Length: 86

{
    "userId": "64895a7f924521000b2d7ac7",
    "startTime": 1689609600,
    "endTime": 1689692400
}

2023-07-18 19:53:11: <-----------Response-----------
Status code: 200, elapsed seconds: 2.79144

Date: Tue, 18 Jul 2023 11:53:09 GMT
Content-Type: application/json
Content-Length: 160
Connection: keep-alive
x-amzn-RequestId: 56e40ad3-e85a-49aa-aeee-10d580a6cf5e
Access-Control-Allow-Origin: *
x-amz-apigw-id: IQh9hFJhPHcFdsw=
X-Amzn-Trace-Id: Root=1-64b67d23-53e0f2c03c7ddb911a15b3ad;Sampled=0;lineage=78260e42:0

{
    "data": {
        "startTime": 1689609600,
        "endTime": 1689692400,
        "userId": "64895a7f924521000b2d7ac7",
        "fallEventList": []
    },
    "result": {
        "code": 201000,
        "message": "Successfully."
    }
}

