2023-07-18 21:44:52: -----------Request----------->
POST https://thrive-dog1-usw2-api.data.plume.tech/pwb/PlumeCloudLogin

User-Agent: python-requests/2.31.0
Accept-Encoding: gzip, deflate
accept: application/json
Connection: keep-alive
Content-Type: application/json
Content-Length: 77

{
    "email": "thrive-android+4@plume.com",
    "password": "plume1234",
    "ttl": 3600
}

2023-07-18 21:44:52: <-----------Response-----------
Status code: 200, elapsed seconds: 1.717797

Date: Tue, 18 Jul 2023 13:44:50 GMT
Content-Type: application/json
Content-Length: 768
Connection: keep-alive
x-amzn-RequestId: e68b035f-afbd-4bbe-885d-e71efbacc5d4
Access-Control-Allow-Origin: *
x-amz-apigw-id: IQyU1FgnPHcFdeQ=
X-Amzn-Trace-Id: Root=1-64b69751-2773ca4b3713ec4067f38c09;Sampled=0;lineage=7fdd2b1e:0

{
    "data": {
        "id": "uLkLP6kZO5MA8YdGtxMOPqdbi43jXJ4MJBHXMg5gg1EbsV0O4CuZ4tXuJpw2dvxk",
        "ttl": 3600,
        "created": "2023-07-18T13:44:50.880Z",
        "userId": "64895a7f924521000b2d7ac7",
        "expireAt": "2023-07-18T14:44:50.880Z",
        "user": {
            "id": "64895a7f924521000b2d7ac7",
            "accountId": "a8df017d-5cc1-4c2c-a9d1-473f8c47a89f",
            "anonymous": false,
            "autoProvisioned": false,
            "name": "thrive-android+4",
            "locked": false,
            "partnerId": "mobile_qa_test",
            "acceptLanguage": "en-US",
            "preferredLanguage": "en",
            "source": "customCreate",
            "createdAt": "2023-06-14T06:13:19.274Z",
            "provisioningSsoAuditTrail": false,
            "_version": "1.0.0",
            "email": "thrive-android+4@plume.com",
            "emailVerified": true,
            "firstKnownLoginTimestamp": "2023-06-14T06:14:04.869Z",
            "loginFailure": [
                1687849257916
            ]
        }
    },
    "result": {
        "code": 201000,
        "message": "Successfully."
    }
}

2023-07-18 21:44:56: -----------Request----------->
POST https://thrive-dog1-usw2-api.data.plume.tech/pwb/AuthenticateWithPlumeToken

User-Agent: python-requests/2.31.0
Accept-Encoding: gzip, deflate
accept: application/json
Connection: keep-alive
Content-Type: application/json
Content-Length: 121

{
    "accessToken": "uLkLP6kZO5MA8YdGtxMOPqdbi43jXJ4MJBHXMg5gg1EbsV0O4CuZ4tXuJpw2dvxk",
    "userId": "64895a7f924521000b2d7ac7"
}

2023-07-18 21:44:56: <-----------Response-----------
Status code: 200, elapsed seconds: 2.05155

Date: Tue, 18 Jul 2023 13:44:54 GMT
Content-Type: application/json
Content-Length: 3824
Connection: keep-alive
x-amzn-RequestId: e7bff284-3d32-4a50-a8bb-49449bd983f1
Access-Control-Allow-Origin: *
x-amz-apigw-id: IQyVZHKMPHcFqrw=
X-Amzn-Trace-Id: Root=1-64b69755-23134d2e3ca8c3751d9e5889;Sampled=0;lineage=144e69e0:0

{
    "data": {
        "email": "thrive-android+4@plume.com",
        "userGroup": "admin",
        "userName": "thrive-android+4",
        "userId": "64895a7f924521000b2d7ac7",
        "accessToken": "eyJraWQiOiJ1cy13ZXN0LTIzIiwidHlwIjoiSldTIiwiYWxnIjoiUlM1MTIifQ.eyJzdWIiOiJ1cy13ZXN0LTI6MjM1OTkyNjItNjYxMy00YTg5LWE5YjYtOTUwZTUxZjdmZjk2IiwiYXVkIjoidXMtd2VzdC0yOjU2YzQyNDM5LWJlMmMtNDUyMy04YmUwLTEwYjU4ODVlYTczMyIsImFtciI6WyJhdXRoZW50aWNhdGVkIiwic3RhZ2luZy1wd2IucGx1bWUuY29tIiwic3RhZ2luZy1wd2IucGx1bWUuY29tOnVzLXdlc3QtMjo1NmM0MjQzOS1iZTJjLTQ1MjMtOGJlMC0xMGI1ODg1ZWE3MzM6dUxrTFA2a1pPNU1BOFlkR3R4TU9QcWRiaTQzalhKNE1KQkhYTWc1Z2cxRWJzVjBPNEN1WjR0WHVKcHcyZHZ4ayJdLCJpc3MiOiJodHRwczovL2NvZ25pdG8taWRlbnRpdHkuYW1hem9uYXdzLmNvbSIsImh0dHBzOi8vY29nbml0by1pZGVudGl0eS5hbWF6b25hd3MuY29tL2lkZW50aXR5LXBvb2wtYXJuIjoiYXJuOmF3czpjb2duaXRvLWlkZW50aXR5OnVzLXdlc3QtMjoxNDMwODk2MTA0ODI6aWRlbnRpdHlwb29sL3VzLXdlc3QtMjo1NmM0MjQzOS1iZTJjLTQ1MjMtOGJlMC0xMGI1ODg1ZWE3MzMiLCJleHAiOjE2ODk3NzQyOTQsImlhdCI6MTY4OTY4Nzg5NH0.KNXHNRD0GfR4U3tBHULAva_qBHUEKt64HNSM04O8oelxpb6uH9qf_PfD9l9_jV4gErLjhn9h7cZ46tW0z0oxivxZ4-uaH_Fxxgtgp0keCq9rCyzvtYSPxAeRcp_-A8QiQf-ltRwd3mR2aVgv3aqXRYvZPu_1yVW0bR1J9v0KK7ING3zWIeM4IMLqaiINY9zFSyxnpzpE6WUDCVB_O38wd20Zp35m-7RGKJZ0PkAF-gCr6sJUV92GpjcmBjMi7w-7J3Art0kbgJ-ivJ9iIPRyuUr0LX28s7SSn5k3z17jomJ4jSUOinx3HBdhY-WpiJvKOJqrAobd3P5D2cTQcIt3-A",
        "idToken": "eyJraWQiOiJJZGVudGl0eVRva2VuU2lnbktleSIsImFsZyI6IlJTNTEyIn0%3D.eyJpc3MiOiJhd3MtbGFtYmRhIiwiZXhwIjoxNzA1MjM5ODk0LCJzdWIiOiJpZC10b2tlbiIsImF1ZCI6InJpbmciLCJqdGkiOiIwZWUwODlkYy1hMzgxLTQ5ZDItODZjMi1lYmExMWM5NmM2OWIiLCJ1c2VySWQiOiI2NDg5NWE3ZjkyNDUyMTAwMGIyZDdhYzciLCJlbWFpbCI6InRocml2ZS1hbmRyb2lkKzRAcGx1bWUuY29tIiwiZ2VuZGVyIjoiIiwiYmlydGhkYXRlIjoiIn0%3D.BYbMYl2WoHR6AqYz%2BWYijonHgVlKlLrblVADbARlorY5qk%2FDU6og0ihgMAGTjrMrepbTfgU9gr3Ut%2FE4Lhzd9cV75aOM2EmF5bCzakG359ldHGjWm1N8mj4Q4d2yizfVYtruglx6KJckmXs80Qk1rxUiSepIu7iLEX2JS6pK%2F%2FlCZDwJ2eAKKo26vb%2FxxUuFpcw7sSvdVPnba6HKBGtbtjwDFKzwC%2BpQ99Sj8EyL3vVGoi9uQ7ioE%2BpvQgnSiiALySGPHGLUymWyblj0NB0xf%2FwD%2BYytPXI8x4RkDQnY11D5qT2Y%2FSUf%2FU50CXlweOkbfY9YGPkBDSpkbTk%2Bg%2FMkiMvjHu51txPWzU9N%2Bdt0Hvb7Emtin1%2BFnH0OuH4181TjK8urnu6T7vcjti5bqymQHkIcx79fCf7sYzrIM3dvxXWrxM0XX1066nuDOJBptlewhl%2BpUBYd2%2F2MNZKzzbxO4bTizN4FIaNq8FIf9c5wHs3jEDsl%2FT1tcmfX%2FH%2BPSEPSl%2BWB1GpdGbhHUb%2BNU8uDCCdXkGerPnTyYaeKTPcddnsILO7AbV%2BoxI47Lw2XT4dwqRYqNH1NLkUfeU8k%2BrA%2BnORyh4PDxhhToOoQ8k53K4YXiQYqTIqg5GQGcO0wuDo6H2Ivwae2l2rHRR%2Ftg9k9hax6RsiIseakict1BwbSx%2B4%3D",
        "refreshToken": "eyJraWQiOiJSZWZyZXNoVG9rZW5TaWduS2V5IiwiY3R5IjoiSldUIiwiZW5jIjoiQTI1NkdDTSIsImFsZyI6IlJTNTEyIn0%3D.AQICAHgg7rlLlhJZMilo20zyx9NECjg%2F8q0XYyoRMcHYs4Nh4AG8z6CcvWyiUyGIIt82yJyhAAABUTCCAU0GCSqGSIb3DQEHBqCCAT4wggE6AgEAMIIBMwYJKoZIhvcNAQcBMB4GCWCGSAFlAwQBLjARBAzAQ3qD3z5BLmMhsToCARCAggEEMmQglyGuFA%2FrxytdNGvgCrbIgux2r1wwyDtSV61J8tRBNJ7fRULh3kryYxZezkFmDKHqkbkF8CC2S14d85V1uyttTXRJPACt6OilWPsoMqgdqhQgVkI386h9CkF9Aydrnh9BseEiI8KwG1SJPoat87jrEoTLnPMOx2EQphgTGtwT5joqhxVnYEeA32q3M9U%2Bsl5gaRJ66HHHt2p1tcZyMfEJbQ3J%2FJDHrXM5rLirnbRBvGTy8e6zI4LCEShQqAmJhIMDogkgSwLLJn9yHjB1cVpAPgRf64y9FNJxDwLV1nmM7g5VLFYI4cEgvFsiz6TA6kEgA%2BUf6AMQkyst0f3AJkHyrn4%3D.Izb365X0X7CI9MSIjLrjsekDR44UQm9d5KhHsnmvz5hU31tD7QxsVkxlTWjA6f9Fv5QeetUFzQZYWnyTOM%2FmKAQRmhPGilNfRmtmiuqEFOuqX2kDLNKpfLn07rn4j97ogc6Ctf5FDa8eZ5cBiwcnUxixn73XkPLW2x6OnBhs%2F4l91y9B6XtUNvvCePbDMSydWlIKJNjbcuONmTKoZQW4XMjHVv3fXtyH%2FrttOfeJ1v0Sy9jTOD9aWh5Ro12weC9ANe3CSZ2ilLFxN7xHoqRBL824jP3WdUVvBMauGJF2zZOvkUHJwC7%2Bc1YTWliq1fl6J7hlfRVkwyGE8%2FJJwcU6rurUpuSAV3bJxW7HpDPmK7eZ%2B33%2BOG4xwTxBL8oUxFu7tTrv3JHG1co0WdPhEgkBGJs8MNEnLnSUpQoNJZ%2FNFFlcQryvsovWml4NQvt6J9XBCW2WSKIGay3YMhTSrC5h6oIm5VrHeztknZLE857kFOrktQ1ptZ87NpToZDmb95Q%2FEFPEn%2BnjnamnGfBjJiZLUJc64k0NhHG%2Flf%2FNqgHV82L8opoqmLvuyrHVMogs9oLbLnZau8I3h%2Bb4LkVQglcVLUJi1YxIhoiHgpDeF%2BjWtZfmKsSMjGMlNCaAvYxcN8YRx0L6IKpALWl%2BCybemME7dmQpSTw2Jlp3LnkxSlRnehU%3D",
        "identityId": "us-west-2:23599262-6613-4a89-a9b6-950e51f7ff96"
    }
}

2023-07-18 21:45:02: -----------Request----------->
POST https://thrive-dog1-usw2-api.data.plume.tech/pwb/GetFallEventList

User-Agent: python-requests/2.31.0
Accept-Encoding: gzip, deflate
accept: application/json
Connection: keep-alive
Authorization: Bearer eyJraWQiOiJ1cy13ZXN0LTIzIiwidHlwIjoiSldTIiwiYWxnIjoiUlM1MTIifQ.eyJzdWIiOiJ1cy13ZXN0LTI6MjM1OTkyNjItNjYxMy00YTg5LWE5YjYtOTUwZTUxZjdmZjk2IiwiYXVkIjoidXMtd2VzdC0yOjU2YzQyNDM5LWJlMmMtNDUyMy04YmUwLTEwYjU4ODVlYTczMyIsImFtciI6WyJhdXRoZW50aWNhdGVkIiwic3RhZ2luZy1wd2IucGx1bWUuY29tIiwic3RhZ2luZy1wd2IucGx1bWUuY29tOnVzLXdlc3QtMjo1NmM0MjQzOS1iZTJjLTQ1MjMtOGJlMC0xMGI1ODg1ZWE3MzM6dUxrTFA2a1pPNU1BOFlkR3R4TU9QcWRiaTQzalhKNE1KQkhYTWc1Z2cxRWJzVjBPNEN1WjR0WHVKcHcyZHZ4ayJdLCJpc3MiOiJodHRwczovL2NvZ25pdG8taWRlbnRpdHkuYW1hem9uYXdzLmNvbSIsImh0dHBzOi8vY29nbml0by1pZGVudGl0eS5hbWF6b25hd3MuY29tL2lkZW50aXR5LXBvb2wtYXJuIjoiYXJuOmF3czpjb2duaXRvLWlkZW50aXR5OnVzLXdlc3QtMjoxNDMwODk2MTA0ODI6aWRlbnRpdHlwb29sL3VzLXdlc3QtMjo1NmM0MjQzOS1iZTJjLTQ1MjMtOGJlMC0xMGI1ODg1ZWE3MzMiLCJleHAiOjE2ODk3NzQyOTQsImlhdCI6MTY4OTY4Nzg5NH0.KNXHNRD0GfR4U3tBHULAva_qBHUEKt64HNSM04O8oelxpb6uH9qf_PfD9l9_jV4gErLjhn9h7cZ46tW0z0oxivxZ4-uaH_Fxxgtgp0keCq9rCyzvtYSPxAeRcp_-A8QiQf-ltRwd3mR2aVgv3aqXRYvZPu_1yVW0bR1J9v0KK7ING3zWIeM4IMLqaiINY9zFSyxnpzpE6WUDCVB_O38wd20Zp35m-7RGKJZ0PkAF-gCr6sJUV92GpjcmBjMi7w-7J3Art0kbgJ-ivJ9iIPRyuUr0LX28s7SSn5k3z17jomJ4jSUOinx3HBdhY-WpiJvKOJqrAobd3P5D2cTQcIt3-A
Content-Type: application/json
Content-Length: 86

{
    "userId": "64895a7f924521000b2d7ac7",
    "startTime": 1689523200,
    "endTime": 1689606000
}

2023-07-18 21:45:02: <-----------Response-----------
Status code: 200, elapsed seconds: 3.576095

Date: Tue, 18 Jul 2023 13:45:00 GMT
Content-Type: application/json
Content-Length: 347
Connection: keep-alive
x-amzn-RequestId: ad07a776-f035-44d3-b33e-acd1a02c5b76
Access-Control-Allow-Origin: *
x-amz-apigw-id: IQyWEH_ivHcF-iQ=
X-Amzn-Trace-Id: Root=1-64b69759-6b5843d348e114c6663a19da;Sampled=0;lineage=78260e42:0

{
    "data": {
        "startTime": 1689523200,
        "endTime": 1689606000,
        "userId": "64895a7f924521000b2d7ac7",
        "fallEventList": [
            {
                "eventId": "fall_64895a7f924521000b2d7ac7_kd90300027_1689586442",
                "userId": "64895a7f924521000b2d7ac7",
                "eventTime": 1689586442,
                "fallType": "Unknown",
                "detectionType": 1,
                "deviceId": "kd90300027"
            }
        ]
    },
    "result": {
        "code": 201000,
        "message": "Successfully."
    }
}

2023-07-18 21:45:07: -----------Request----------->
POST https://thrive-dog1-usw2-api.data.plume.tech/pwb/GetFallEventSummary

User-Agent: python-requests/2.31.0
Accept-Encoding: gzip, deflate
accept: application/json
Connection: keep-alive
Authorization: Bearer eyJraWQiOiJ1cy13ZXN0LTIzIiwidHlwIjoiSldTIiwiYWxnIjoiUlM1MTIifQ.eyJzdWIiOiJ1cy13ZXN0LTI6MjM1OTkyNjItNjYxMy00YTg5LWE5YjYtOTUwZTUxZjdmZjk2IiwiYXVkIjoidXMtd2VzdC0yOjU2YzQyNDM5LWJlMmMtNDUyMy04YmUwLTEwYjU4ODVlYTczMyIsImFtciI6WyJhdXRoZW50aWNhdGVkIiwic3RhZ2luZy1wd2IucGx1bWUuY29tIiwic3RhZ2luZy1wd2IucGx1bWUuY29tOnVzLXdlc3QtMjo1NmM0MjQzOS1iZTJjLTQ1MjMtOGJlMC0xMGI1ODg1ZWE3MzM6dUxrTFA2a1pPNU1BOFlkR3R4TU9QcWRiaTQzalhKNE1KQkhYTWc1Z2cxRWJzVjBPNEN1WjR0WHVKcHcyZHZ4ayJdLCJpc3MiOiJodHRwczovL2NvZ25pdG8taWRlbnRpdHkuYW1hem9uYXdzLmNvbSIsImh0dHBzOi8vY29nbml0by1pZGVudGl0eS5hbWF6b25hd3MuY29tL2lkZW50aXR5LXBvb2wtYXJuIjoiYXJuOmF3czpjb2duaXRvLWlkZW50aXR5OnVzLXdlc3QtMjoxNDMwODk2MTA0ODI6aWRlbnRpdHlwb29sL3VzLXdlc3QtMjo1NmM0MjQzOS1iZTJjLTQ1MjMtOGJlMC0xMGI1ODg1ZWE3MzMiLCJleHAiOjE2ODk3NzQyOTQsImlhdCI6MTY4OTY4Nzg5NH0.KNXHNRD0GfR4U3tBHULAva_qBHUEKt64HNSM04O8oelxpb6uH9qf_PfD9l9_jV4gErLjhn9h7cZ46tW0z0oxivxZ4-uaH_Fxxgtgp0keCq9rCyzvtYSPxAeRcp_-A8QiQf-ltRwd3mR2aVgv3aqXRYvZPu_1yVW0bR1J9v0KK7ING3zWIeM4IMLqaiINY9zFSyxnpzpE6WUDCVB_O38wd20Zp35m-7RGKJZ0PkAF-gCr6sJUV92GpjcmBjMi7w-7J3Art0kbgJ-ivJ9iIPRyuUr0LX28s7SSn5k3z17jomJ4jSUOinx3HBdhY-WpiJvKOJqrAobd3P5D2cTQcIt3-A
Content-Type: application/json
Content-Length: 125

{
    "userId": "64895a7f924521000b2d7ac7",
    "startTime": 1689523200,
    "endTime": 1689606000,
    "interval": "day",
    "utcTimeOffset": 8
}

2023-07-18 21:45:07: <-----------Response-----------
Status code: 200, elapsed seconds: 2.759572

Date: Tue, 18 Jul 2023 13:45:05 GMT
Content-Type: application/json
Content-Length: 215
Connection: keep-alive
x-amzn-RequestId: e8c574d7-2045-4b7a-9fbb-30dbb78b44c9
Access-Control-Allow-Origin: *
x-amz-apigw-id: IQyW_EYUvHcFeuw=
X-Amzn-Trace-Id: Root=1-64b6975f-25d44bbf4382c979781c201a;Sampled=0;lineage=f38effcc:0

{
    "data": {
        "userId": "64895a7f924521000b2d7ac7",
        "startTime": 1689523200,
        "endTime": 1689609599,
        "utcTimeOffset": 8,
        "fallCountList": [
            {
                "fallCount": 1,
                "fallDate": 1689523200
            }
        ]
    },
    "result": {
        "code": 201000,
        "message": "Successfully."
    }
}

