2023-11-23 14:11:29: -----------Request----------->
POST https://thrive-dog1-usw2-api.data.plume.tech/pwb/PlumeCloudLogin

User-Agent: python-requests/2.31.0
Accept-Encoding: gzip, deflate
accept: application/json
Connection: keep-alive
Content-Type: application/json
Content-Length: 73

{
    "email": "thrive-ios+4@plume.com",
    "password": "plume1234",
    "ttl": 3600
}

2023-11-23 14:11:29: <-----------Response-----------
Status code: 200, elapsed seconds: 3.188589

Date: Thu, 23 Nov 2023 06:11:27 GMT
Content-Type: application/json
Content-Length: 729
Connection: keep-alive
x-amzn-RequestId: efbc42b8-123f-4964-9109-86ce06f1a3ec
Access-Control-Allow-Origin: *
x-amz-apigw-id: O1n6VFImPHcEuaw=
X-Amzn-Trace-Id: Root=1-655eed0e-03a717d0315c44e02525d44b;Sampled=0;lineage=7fdd2b1e:0

{
    "data": {
        "id": "N9VRZVWQJrLHTvAjk5ptJJLqNvNqOtPZcXFENW4k2EfMpxKIyKNahKqeltZfflJj",
        "ttl": 3600,
        "created": "2023-11-23T06:11:27.562Z",
        "userId": "653f108a396de2000acd43d4",
        "expireAt": "2023-11-23T07:11:27.562Z",
        "user": {
            "id": "653f108a396de2000acd43d4",
            "accountId": "3b2c42d4-7cee-4756-b4bd-491cacc1ae57",
            "anonymous": false,
            "autoProvisioned": false,
            "name": "thrive-ios+4",
            "locked": false,
            "partnerId": "mobile_qa_test",
            "acceptLanguage": "en-US",
            "preferredLanguage": "en",
            "source": "customCreate",
            "createdAt": "2023-10-30T02:10:18.214Z",
            "provisioningSsoAuditTrail": false,
            "_version": "1.0.0",
            "email": "thrive-ios+4@plume.com",
            "emailVerified": true,
            "firstKnownLoginTimestamp": "2023-10-30T02:15:53.570Z"
        }
    },
    "result": {
        "code": 201000,
        "message": "Successfully."
    }
}

2023-11-23 14:11:34: -----------Request----------->
POST https://thrive-dog1-usw2-api.data.plume.tech/pwb/AuthenticateWithPlumeToken

User-Agent: python-requests/2.31.0
Accept-Encoding: gzip, deflate
accept: application/json
Connection: keep-alive
Content-Type: application/json
Content-Length: 121

{
    "accessToken": "N9VRZVWQJrLHTvAjk5ptJJLqNvNqOtPZcXFENW4k2EfMpxKIyKNahKqeltZfflJj",
    "userId": "653f108a396de2000acd43d4"
}

2023-11-23 14:11:34: <-----------Response-----------
Status code: 200, elapsed seconds: 2.352004

Date: Thu, 23 Nov 2023 06:11:31 GMT
Content-Type: application/json
Content-Length: 3828
Connection: keep-alive
x-amzn-RequestId: a429ba94-f157-4f6c-aaa7-0e41fcc1b3d2
Access-Control-Allow-Origin: *
x-amz-apigw-id: O1n65Fq1vHcErmg=
X-Amzn-Trace-Id: Root=1-655eed12-4e9bc5c62716167e59fd97db;Sampled=0;lineage=144e69e0:0

{
    "data": {
        "email": "thrive-ios+4@plume.com",
        "userGroup": "admin",
        "userName": "thrive-ios+4",
        "userId": "653f108a396de2000acd43d4",
        "accessToken": "eyJraWQiOiJ1cy13ZXN0LTI0IiwidHlwIjoiSldTIiwiYWxnIjoiUlM1MTIifQ.eyJzdWIiOiJ1cy13ZXN0LTI6NTA5MTY2YzItM2VlMC00MTQ4LWI2NTItZmMyNzBiZTA5ODc2IiwiYXVkIjoidXMtd2VzdC0yOjU2YzQyNDM5LWJlMmMtNDUyMy04YmUwLTEwYjU4ODVlYTczMyIsImFtciI6WyJhdXRoZW50aWNhdGVkIiwic3RhZ2luZy1wd2IucGx1bWUuY29tIiwic3RhZ2luZy1wd2IucGx1bWUuY29tOnVzLXdlc3QtMjo1NmM0MjQzOS1iZTJjLTQ1MjMtOGJlMC0xMGI1ODg1ZWE3MzM6TjlWUlpWV1FKckxIVHZBams1cHRKSkxxTnZOcU90UFpjWEZFTlc0azJFZk1weEtJeUtOYWhLcWVsdFpmZmxKaiJdLCJpc3MiOiJodHRwczovL2NvZ25pdG8taWRlbnRpdHkuYW1hem9uYXdzLmNvbSIsImh0dHBzOi8vY29nbml0by1pZGVudGl0eS5hbWF6b25hd3MuY29tL2lkZW50aXR5LXBvb2wtYXJuIjoiYXJuOmF3czpjb2duaXRvLWlkZW50aXR5OnVzLXdlc3QtMjoxNDMwODk2MTA0ODI6aWRlbnRpdHlwb29sL3VzLXdlc3QtMjo1NmM0MjQzOS1iZTJjLTQ1MjMtOGJlMC0xMGI1ODg1ZWE3MzMiLCJleHAiOjE3MDA4MDYyOTEsImlhdCI6MTcwMDcxOTg5MX0.GMFuPNpLkLqAMcVmM6AUkj2Ff1NP_Nx1mRd4vyoDcc1ikxA40hHEMBAkmTYexVfsKN6YCruu1abnLpEDMoYSA7Le_ff8CO7TKYK4qBtcqT1dQflK8Yv-HM92BMMXIp1pj8irvuMtS32idaTxXVaL9aJ14aeNtcpOSxneJtCH46WXpYQkdYd6o_WBu1tgmVAuaG-KxvZHVoVHkMxPCJ8SxspQHJWDS6E4LGuIjhaHbkYQH4zglQ2ty_g1weSrMmt8ZhAVfTIoR1JdOrrI_9MKyuFa7ENFMMAWiAwdLagXckIGY-s7RWd9WlKc6N0gs8ba5PdoI5jvkb3f5wsbe4tqEw",
        "idToken": "eyJraWQiOiJJZGVudGl0eVRva2VuU2lnbktleSIsImFsZyI6IlJTNTEyIn0%3D.eyJpc3MiOiJhd3MtbGFtYmRhIiwiZXhwIjoxNzE2MjcxODkxLCJzdWIiOiJpZC10b2tlbiIsImF1ZCI6InJpbmciLCJqdGkiOiI5YzUzZGUzZC05Yjg0LTRjODEtODM0My1jNjI0YTY0OTA4MGQiLCJ1c2VySWQiOiI2NTNmMTA4YTM5NmRlMjAwMGFjZDQzZDQiLCJlbWFpbCI6InRocml2ZS1pb3MrNEBwbHVtZS5jb20iLCJnZW5kZXIiOiIiLCJiaXJ0aGRhdGUiOiIifQ%3D%3D.OKpfQXCUN6M6bEBNrfE1rXEkDVw9y3LzA6hdPFumer86XhgludJR%2FONQNMEdqAg2SkqRjDzJn7lM5lNcH2e3MIctDTdYlscBW5YUYXKcyJjDLGHsEezlLtO6Om%2BiwLv2J6Ftj08oPBGAq5N5DFubESVb0reXPVIltz9RIQO%2BIRWeVLcdqIrJTsCMORVPMuzm0uQe%2B4U0siK1q2upYUlV69C%2FZajut1bBYaVo6x2DrXR3H3Zb%2FIciSjLW4HsTSY0VMMMs75ZfWWulllxoJcp%2BmxlaC8AdJLT477XXVCUqGOBhg6T4n1d1gb6Ya369Lhrp6Yz%2FxG5PtYTmyT4nqAujO9g7ubdmbGrrZlPJMLTqEqRS422Ia4D5wcLPdD2%2B%2F1rhkqGmizoAh38QPBIaLpvPmDNop8Pvgho%2BbCr1JfT3YjM%2F78cPreeWz2Xs220RZZwBELQNcKnoLaVpZLB%2F2uRV%2BCExN5flKLhyun6aVSovFwZ8akIxMWVJcjGoEaQ6irloVd%2BQoEtBWk1LPQfPN8yl16WmfdU1A7BAo89uRnf%2B4VmyFMDhflX%2FneqKQ6GCS5VppVkFtmko7IbUd6YZ9E%2BTO8Uq2w8zZxblqf%2B37rkx2a2oTTk2bRfHnTE0FbU5hit2CGrrOycgQAjjdR3jFyADbVoZ92I6j4JV6mkxJ0E9kfE%3D",
        "refreshToken": "eyJraWQiOiJSZWZyZXNoVG9rZW5TaWduS2V5IiwiY3R5IjoiSldUIiwiZW5jIjoiQTI1NkdDTSIsImFsZyI6IlJTNTEyIn0%3D.AQICAHgg7rlLlhJZMilo20zyx9NECjg%2F8q0XYyoRMcHYs4Nh4AFBM3jPRZA61hHch7yJKJ7oAAABUTCCAU0GCSqGSIb3DQEHBqCCAT4wggE6AgEAMIIBMwYJKoZIhvcNAQcBMB4GCWCGSAFlAwQBLjARBAz6Oldk6drzAy27rDECARCAggEE%2F6xZZrsSSITDEZQJSh6uSoFjE3msbK7nUnykmn%2Br%2Fol6kVRtSFPNCiAECtfidDNb%2BcC9DI2834t%2FK6Q7SoUoR0jxnqWuEMP52FTJQlY%2FMewE0C8y5cp8kBzfAg6Q8TnxTpQkBGEUnrBligS0U%2FT7LEulny%2BurW4XzqANyIQeVjkjTHK17588dBObt93NHkpxBzoe7OGBP0pmD2aDBJvCGbZR0XsMQWGe8UKg%2F0LxxFVJDsHYPwpbWjok5jyrjqlZ0mZHASAXginPdAbJ%2BsuDDnodRd8%2Be7OWktkmQVKFPC4k05Rlkcna4rQIKnIw0qtXcYMdgeFd1Umk5SgFfQOVbr9raBg%3D.BQZZFAc7dT8lGYYBQXNCKeoK1YiolEBjBSNFqJ3OsLLRMZq7gS%2FAk76f1q8lQybuAoWMHhtJnuYZZyGOJj%2BjwYeGRpIm2hde7g09FAdunP%2BDEb1fcc3NegRcYY1LoxVAom5IDO9Tr1E56DdmW2EDUfI9i%2BiX%2BPDNHfWcfccuqy%2BBydHaWtFtPG0iN3m9BiCO7inA%2B3VM9sSq5xHNCyDmz%2BWVUf9l%2Fhl2pWuPK4MohPakiYpw7X9iNuAf%2BNjdNsRRK6FylDNYb9l6cOXLsf0kYFh1kjc8hEYO%2F7TJFj5wsZ%2BAIN%2F8Cl1gIdSM%2BHdc82B0OGpYaLlXSadYj3nDnVppvxS7S%2FKkAwFel6C6hHJWXvuh6GGNjtFBUvIOxIsLsXoTrxJ0qBC4nfGbMHgvOpCfv%2FuiYMWGg6sd%2FHj4HncWy1WbkeA6a7V2vIlnIz3XfanUAnnDpIWkg5FWPkwZfBZ2Yx491ZMH3PZWZThdyCDuBq6On4%2FB%2FDmfqJ18SSPzpa245zasSXYplSa%2FENOoPeGLYvjUDUfWJBIQDpTMvlAcApcQD73TlZ9mofQqUm2Uxs86KAcPRZ4k9JHx3qZp%2BwjZe7vXyWB6Z6YBctYAZs3%2BkfDLUmdWK064ZUj%2FssBSXU5je3RF2EmTP%2Bfbcq976le9ptPg01F4QjD9zu8Sl2FvFkU%3D",
        "identityId": "us-west-2:509166c2-3ee0-4148-b652-fc270be09876"
    }
}

2023-11-23 14:11:40: -----------Request----------->
POST https://thrive-dog1-usw2-api.data.plume.tech/pwb/RegisterDevice

User-Agent: python-requests/2.31.0
Accept-Encoding: gzip, deflate
accept: application/json
Connection: keep-alive
Authorization: Bearer eyJraWQiOiJ1cy13ZXN0LTI0IiwidHlwIjoiSldTIiwiYWxnIjoiUlM1MTIifQ.eyJzdWIiOiJ1cy13ZXN0LTI6NTA5MTY2YzItM2VlMC00MTQ4LWI2NTItZmMyNzBiZTA5ODc2IiwiYXVkIjoidXMtd2VzdC0yOjU2YzQyNDM5LWJlMmMtNDUyMy04YmUwLTEwYjU4ODVlYTczMyIsImFtciI6WyJhdXRoZW50aWNhdGVkIiwic3RhZ2luZy1wd2IucGx1bWUuY29tIiwic3RhZ2luZy1wd2IucGx1bWUuY29tOnVzLXdlc3QtMjo1NmM0MjQzOS1iZTJjLTQ1MjMtOGJlMC0xMGI1ODg1ZWE3MzM6TjlWUlpWV1FKckxIVHZBams1cHRKSkxxTnZOcU90UFpjWEZFTlc0azJFZk1weEtJeUtOYWhLcWVsdFpmZmxKaiJdLCJpc3MiOiJodHRwczovL2NvZ25pdG8taWRlbnRpdHkuYW1hem9uYXdzLmNvbSIsImh0dHBzOi8vY29nbml0by1pZGVudGl0eS5hbWF6b25hd3MuY29tL2lkZW50aXR5LXBvb2wtYXJuIjoiYXJuOmF3czpjb2duaXRvLWlkZW50aXR5OnVzLXdlc3QtMjoxNDMwODk2MTA0ODI6aWRlbnRpdHlwb29sL3VzLXdlc3QtMjo1NmM0MjQzOS1iZTJjLTQ1MjMtOGJlMC0xMGI1ODg1ZWE3MzMiLCJleHAiOjE3MDA4MDYyOTEsImlhdCI6MTcwMDcxOTg5MX0.GMFuPNpLkLqAMcVmM6AUkj2Ff1NP_Nx1mRd4vyoDcc1ikxA40hHEMBAkmTYexVfsKN6YCruu1abnLpEDMoYSA7Le_ff8CO7TKYK4qBtcqT1dQflK8Yv-HM92BMMXIp1pj8irvuMtS32idaTxXVaL9aJ14aeNtcpOSxneJtCH46WXpYQkdYd6o_WBu1tgmVAuaG-KxvZHVoVHkMxPCJ8SxspQHJWDS6E4LGuIjhaHbkYQH4zglQ2ty_g1weSrMmt8ZhAVfTIoR1JdOrrI_9MKyuFa7ENFMMAWiAwdLagXckIGY-s7RWd9WlKc6N0gs8ba5PdoI5jvkb3f5wsbe4tqEw
Content-Type: application/json
Content-Length: 78

{
    "userId": "653f108a396de2000acd43d4",
    "deviceId": "653f108a396de2000acd43d4"
}

2023-11-23 14:11:40: <-----------Response-----------
Status code: 200, elapsed seconds: 1.852917

Date: Thu, 23 Nov 2023 06:11:38 GMT
Content-Type: application/json
Content-Length: 88
Connection: keep-alive
x-amzn-RequestId: ef5eb6de-cdb6-42c5-a718-f112796420ac
Access-Control-Allow-Origin: *
x-amz-apigw-id: O1n8DHHRvHcEKfQ=
X-Amzn-Trace-Id: Root=1-655eed19-3c91a26e2e9730621619c639;Sampled=0;lineage=c0ee9507:0

{
    "data": {
        "registerStatus": "Success"
    },
    "result": {
        "code": 201000,
        "message": "Successfully."
    }
}

2023-11-23 14:11:47: -----------Request----------->
POST https://thrive-dog1-usw2-api.data.plume.tech/pwb/UnregisterDevice

User-Agent: python-requests/2.31.0
Accept-Encoding: gzip, deflate
accept: application/json
Connection: keep-alive
Authorization: Bearer eyJraWQiOiJ1cy13ZXN0LTI0IiwidHlwIjoiSldTIiwiYWxnIjoiUlM1MTIifQ.eyJzdWIiOiJ1cy13ZXN0LTI6NTA5MTY2YzItM2VlMC00MTQ4LWI2NTItZmMyNzBiZTA5ODc2IiwiYXVkIjoidXMtd2VzdC0yOjU2YzQyNDM5LWJlMmMtNDUyMy04YmUwLTEwYjU4ODVlYTczMyIsImFtciI6WyJhdXRoZW50aWNhdGVkIiwic3RhZ2luZy1wd2IucGx1bWUuY29tIiwic3RhZ2luZy1wd2IucGx1bWUuY29tOnVzLXdlc3QtMjo1NmM0MjQzOS1iZTJjLTQ1MjMtOGJlMC0xMGI1ODg1ZWE3MzM6TjlWUlpWV1FKckxIVHZBams1cHRKSkxxTnZOcU90UFpjWEZFTlc0azJFZk1weEtJeUtOYWhLcWVsdFpmZmxKaiJdLCJpc3MiOiJodHRwczovL2NvZ25pdG8taWRlbnRpdHkuYW1hem9uYXdzLmNvbSIsImh0dHBzOi8vY29nbml0by1pZGVudGl0eS5hbWF6b25hd3MuY29tL2lkZW50aXR5LXBvb2wtYXJuIjoiYXJuOmF3czpjb2duaXRvLWlkZW50aXR5OnVzLXdlc3QtMjoxNDMwODk2MTA0ODI6aWRlbnRpdHlwb29sL3VzLXdlc3QtMjo1NmM0MjQzOS1iZTJjLTQ1MjMtOGJlMC0xMGI1ODg1ZWE3MzMiLCJleHAiOjE3MDA4MDYyOTEsImlhdCI6MTcwMDcxOTg5MX0.GMFuPNpLkLqAMcVmM6AUkj2Ff1NP_Nx1mRd4vyoDcc1ikxA40hHEMBAkmTYexVfsKN6YCruu1abnLpEDMoYSA7Le_ff8CO7TKYK4qBtcqT1dQflK8Yv-HM92BMMXIp1pj8irvuMtS32idaTxXVaL9aJ14aeNtcpOSxneJtCH46WXpYQkdYd6o_WBu1tgmVAuaG-KxvZHVoVHkMxPCJ8SxspQHJWDS6E4LGuIjhaHbkYQH4zglQ2ty_g1weSrMmt8ZhAVfTIoR1JdOrrI_9MKyuFa7ENFMMAWiAwdLagXckIGY-s7RWd9WlKc6N0gs8ba5PdoI5jvkb3f5wsbe4tqEw
Content-Type: application/json
Content-Length: 38

{
    "userId": "653f108a396de2000acd43d4"
}

2023-11-23 14:11:47: <-----------Response-----------
Status code: 200, elapsed seconds: 1.845433

Date: Thu, 23 Nov 2023 06:11:45 GMT
Content-Type: application/json
Content-Length: 90
Connection: keep-alive
x-amzn-RequestId: 7c505ebd-4dc4-430e-a9cf-c0aec7c08e60
Access-Control-Allow-Origin: *
x-amz-apigw-id: O1n9HEBRPHcEg8Q=
X-Amzn-Trace-Id: Root=1-655eed20-6ac3bdbc3eba6ad027d800d0;Sampled=0;lineage=f5980d93:0

{
    "data": {
        "unregisterResult": "Success"
    },
    "result": {
        "code": 201000,
        "message": "Successfully."
    }
}

