2023-11-27 10:54:58: -----------Request----------->
POST https://thrive-dog1-usw2-api.data.plume.tech/pwb/PlumeCloudLogin

User-Agent: python-requests/2.31.0
Accept-Encoding: gzip, deflate
accept: application/json
Connection: keep-alive
Content-Type: application/json
Content-Length: 73

{
    "email": "thrive-ios+4@plume.com",
    "password": "plume1234",
    "ttl": 3600
}

2023-11-27 10:54:58: <-----------Response-----------
Status code: 200, elapsed seconds: 1.688712

Date: Mon, 27 Nov 2023 02:54:56 GMT
Content-Type: application/json
Content-Length: 729
Connection: keep-alive
x-amzn-RequestId: ac57da28-01f2-4cb3-b142-402e4fef564e
Access-Control-Allow-Origin: *
x-amz-apigw-id: PCW4GEp9vHcEtAw=
X-Amzn-Trace-Id: Root=1-65640500-209bbaaa1447431929f99b40;Sampled=0;lineage=7fdd2b1e:0

{
    "data": {
        "id": "gE2JoosSkee2HBMsuercFi55eC1NOHW8bMCAnmWRHqawkCCaJoFdB2NsYoiZw1N9",
        "ttl": 3600,
        "created": "2023-11-27T02:54:56.541Z",
        "userId": "653f108a396de2000acd43d4",
        "expireAt": "2023-11-27T03:54:56.541Z",
        "user": {
            "id": "653f108a396de2000acd43d4",
            "accountId": "3b2c42d4-7cee-4756-b4bd-491cacc1ae57",
            "anonymous": false,
            "autoProvisioned": false,
            "name": "thrive-ios+4",
            "locked": false,
            "partnerId": "mobile_qa_test",
            "acceptLanguage": "en-US",
            "preferredLanguage": "en",
            "source": "customCreate",
            "createdAt": "2023-10-30T02:10:18.214Z",
            "provisioningSsoAuditTrail": false,
            "_version": "1.0.0",
            "email": "thrive-ios+4@plume.com",
            "emailVerified": true,
            "firstKnownLoginTimestamp": "2023-10-30T02:15:53.570Z"
        }
    },
    "result": {
        "code": 201000,
        "message": "Successfully."
    }
}

2023-11-27 10:55:01: -----------Request----------->
POST https://thrive-dog1-usw2-api.data.plume.tech/pwb/AuthenticateWithPlumeToken

User-Agent: python-requests/2.31.0
Accept-Encoding: gzip, deflate
accept: application/json
Connection: keep-alive
Content-Type: application/json
Content-Length: 121

{
    "accessToken": "gE2JoosSkee2HBMsuercFi55eC1NOHW8bMCAnmWRHqawkCCaJoFdB2NsYoiZw1N9",
    "userId": "653f108a396de2000acd43d4"
}

2023-11-27 10:55:01: <-----------Response-----------
Status code: 200, elapsed seconds: 1.272567

Date: Mon, 27 Nov 2023 02:54:59 GMT
Content-Type: application/json
Content-Length: 3838
Connection: keep-alive
x-amzn-RequestId: 64e935ae-52b8-4a26-801f-2260a3a7a5ec
Access-Control-Allow-Origin: *
x-amz-apigw-id: PCW4jHZnPHcER8Q=
X-Amzn-Trace-Id: Root=1-65640503-43e57f851b10c8ea03a01172;Sampled=0;lineage=144e69e0:0

{
    "data": {
        "email": "thrive-ios+4@plume.com",
        "userGroup": "admin",
        "userName": "thrive-ios+4",
        "userId": "653f108a396de2000acd43d4",
        "accessToken": "eyJraWQiOiJ1cy13ZXN0LTI0IiwidHlwIjoiSldTIiwiYWxnIjoiUlM1MTIifQ.eyJzdWIiOiJ1cy13ZXN0LTI6ZjY2ZTJlYjAtNDZjYy00Y2JhLWJhNzktMGM2NjEzYjU1NzdiIiwiYXVkIjoidXMtd2VzdC0yOjU2YzQyNDM5LWJlMmMtNDUyMy04YmUwLTEwYjU4ODVlYTczMyIsImFtciI6WyJhdXRoZW50aWNhdGVkIiwic3RhZ2luZy1wd2IucGx1bWUuY29tIiwic3RhZ2luZy1wd2IucGx1bWUuY29tOnVzLXdlc3QtMjo1NmM0MjQzOS1iZTJjLTQ1MjMtOGJlMC0xMGI1ODg1ZWE3MzM6Z0UySm9vc1NrZWUySEJNc3VlcmNGaTU1ZUMxTk9IVzhiTUNBbm1XUkhxYXdrQ0NhSm9GZEIyTnNZb2ladzFOOSJdLCJpc3MiOiJodHRwczovL2NvZ25pdG8taWRlbnRpdHkuYW1hem9uYXdzLmNvbSIsImh0dHBzOi8vY29nbml0by1pZGVudGl0eS5hbWF6b25hd3MuY29tL2lkZW50aXR5LXBvb2wtYXJuIjoiYXJuOmF3czpjb2duaXRvLWlkZW50aXR5OnVzLXdlc3QtMjoxNDMwODk2MTA0ODI6aWRlbnRpdHlwb29sL3VzLXdlc3QtMjo1NmM0MjQzOS1iZTJjLTQ1MjMtOGJlMC0xMGI1ODg1ZWE3MzMiLCJleHAiOjE3MDExNDAwOTksImlhdCI6MTcwMTA1MzY5OX0.TMeLIIWwgxRmkiSPS2wqzt2sfkUc3tJp6ViBetE2MCwzXdqQ1rcor7BOicikjAUiEkd9sJ2zfOdP40ZHUWWuwwMIhqTlefTNcl8276mm8VYcyaaE8IeIU5g4tz27OyJNCbjAf31rVtb4hIOSt4iq5eKGUlCPmEEoKad-oiYtAA-qduEyaZfBULDCI0p6ATcMBpQ51zrm3MB62rkIsSkrPX7MH0W4sV1Arr4th7PT98s5rZs13TV2Xdv-mPDuh6P6DHixqpp_5Xv8DIzjVEBWIiABsQ9gwPedyiHcXkIz7isaMfdRCP9uyh5cu7sQoT_gli1E9UZ1Ri10pbyuAThFFA",
        "idToken": "eyJraWQiOiJJZGVudGl0eVRva2VuU2lnbktleSIsImFsZyI6IlJTNTEyIn0%3D.eyJpc3MiOiJhd3MtbGFtYmRhIiwiZXhwIjoxNzE2NjA1Njk5LCJzdWIiOiJpZC10b2tlbiIsImF1ZCI6InJpbmciLCJqdGkiOiI0ODNiYWVjYy01NWJjLTQ3ZjUtODc2NC1kZGZiMDBmYzZkZTkiLCJ1c2VySWQiOiI2NTNmMTA4YTM5NmRlMjAwMGFjZDQzZDQiLCJlbWFpbCI6InRocml2ZS1pb3MrNEBwbHVtZS5jb20iLCJnZW5kZXIiOiIiLCJiaXJ0aGRhdGUiOiIifQ%3D%3D.dJvEUHYC89VZP7AWUg5Ya%2BWBKN3D1TEE%2FxlQrp04r3e%2BpMiag7lnAsK2uTy3flWBy9nJluQlbN30cru568C6UQcMVYGooLx6PohsOoBWeqsFHeqk6CFWCPyfHunKnpzActah%2BpCpAQcE9W%2B3LPkQKtX%2FZ3XfGpjahSsvSFVK2ps%2Fe2R%2BvMnlWfoiDkAmEY%2BiBqbOeuEDLZoQToYiDKDvI1di0yi5Wb9MKGZdKyg0PTKls7K8nHeD90NWjbBFcAkaNpRQWtFXYOo8YSLlohnxcLwDP%2Bnb%2FKQkDdr3ChV%2FOoOQmQLblvyiCWFFtrLtPl4OtzZuepImov0LkIxKAkzNXGNyC2QtCGjPlVcVaTNWRWNAMhN3XRNYXobqe6LPkvK8ZXTs6ZnLY3debFH6A%2FsSlaM86vJ5cUl956sAEzrxrRYnQ9y2EY1bpe4fGbsPYVH8pKigsZ0%2Buc8PreifOzfoKiC7mlSiBSs9FWo9FiCzK63T8qTFFoDN9uDFnQbso3PGx5HpYgE%2ByEfgqiBt%2FS67Wat2IJMZFeiE8xLpLT0mXJoxFFXTDWEuIQRUms2O%2BMR8UroqHe%2BSo06Unhs5lE%2BM%2FeU1lcbPDeeGfzMwH5oY%2B3ljh7aq1H%2Fp2Zt9gMTddV3ELekVEECAnxRwwbFu1Vv%2F5pi33eFeV%2BA6yFibbePDROc%3D",
        "refreshToken": "eyJraWQiOiJSZWZyZXNoVG9rZW5TaWduS2V5IiwiY3R5IjoiSldUIiwiZW5jIjoiQTI1NkdDTSIsImFsZyI6IlJTNTEyIn0%3D.AQICAHgg7rlLlhJZMilo20zyx9NECjg%2F8q0XYyoRMcHYs4Nh4AFlHrdhAamxKaBcZnou0EElAAABUTCCAU0GCSqGSIb3DQEHBqCCAT4wggE6AgEAMIIBMwYJKoZIhvcNAQcBMB4GCWCGSAFlAwQBLjARBAwxqn7mwtIUNe%2FmkgMCARCAggEEpatfituTzgdLjMdnT8emlZNYMPyCvZ1uhLBXCP014qlz37dWL4cTq%2FzKihLzcMlw9w2Zh14JiSGnerCKPjO0FgQIs71D44TtxegdZiv56l0L%2BOs7sHZb809PLtzSBrl0f%2F85pqTbSqzB1P79Zo1cmNofBAMeVWymdNcu7j9jfn1DN9kJaHjlePpJDd80q4ebdB%2BA4aBDBgV28L3sFAAZ%2FxQG0V%2BNypkGVkWYVuo%2BiHOuH6FPojd8vv6PiQXOKUD9M2IvSrLqIatS%2FVf0ruA0nxqiaMjBcMdSsM06kh1HcHkKqEod84VHNFFGgXHIEbeqEQVzzUcL0%2Ff%2FjW7Cl2mXzxwqgbI%3D.RHo242McAKzz2EDPSyPjHzZO550usi2YRY%2BdVKvOOI%2FFxXH8k3QDezztkPmBZIWruxbripFzCafxcFF7SrKlKTsO3%2F%2Fi2uQpHJZ7RT5z4Q90erMtE3jqbeEFZqK19sBozpJ7HxrbVT1feumvOw0H64LtqiSTrK0e4GA%2Fx2XRH%2F5PEcWpjYRRTxYp89AQs7XBInusoDscIlhRL45yJfsT29066XxweC6iL6MQp0QyTzORfLUdYx%2FZLeHSK%2BO3GGXetyEWiWKj0vRUr7PanS85q8W%2FxOOa3NunfAkUDfHrgJG8YUx75AIsrLul6%2F6TGgLVpBq1rj%2BzdbAgCuptZyANVSaqEkyFhwXxWZBuO2sI3K8zKT8StDe1ttnMQekiglG2LFLLd8UPlGTMxhPi%2BOi%2FJY%2Brg4VctMtCFxml5zpDmMi1sWGhSesWvZFyOf9dQybkaFq6MqGNlnFPIbp79waxqZesS%2Bp1lrkhcwVVTSyAa49FjXm%2F9cU9lXZFdqRJKVsKwerU%2FAjK2iQMVyNlNOd6PDmcvd1n8rfXdlyTj%2BMfMtdVW0J1IunXOFz%2B9K30KemVuufWYmBW8tdIYXLocU84ox9ro%2BB1x8KWL9byu%2FYTYtHmPuEEOWkhAotmjU4aQuAlUcmdieE%2F9kkzz08SbwJ9p%2FXL%2Fes9CYR7ylThLPzCpWA%3D",
        "identityId": "us-west-2:f66e2eb0-46cc-4cba-ba79-0c6613b5577b"
    }
}

