2023-11-30 15:38:09: -----------Request----------->
POST https://thrive-dog1-usw2-api.data.plume.tech/pwb/PlumeCloudLogin

User-Agent: python-requests/2.31.0
Accept-Encoding: gzip, deflate
accept: application/json
Connection: keep-alive
Content-Type: application/json
Content-Length: 73

{
    "email": "thrive-ios+4@plume.com",
    "password": "plume1234",
    "ttl": 3600
}

2023-11-30 15:38:09: <-----------Response-----------
Status code: 200, elapsed seconds: 2.646411

Date: Thu, 30 Nov 2023 07:38:07 GMT
Content-Type: application/json
Content-Length: 729
Connection: keep-alive
x-amzn-RequestId: a54f9292-4b73-49a7-9ea2-df65829abfc2
Access-Control-Allow-Origin: *
x-amz-apigw-id: PM5K0GKjvHcEbKA=
X-Amzn-Trace-Id: Root=1-65683bde-5fac496100a8231d1a5e34ae;Sampled=0;lineage=7fdd2b1e:0

{
    "data": {
        "id": "mTJ3h5hAvlU3SX1pMFWMEVoGuukSlpeP12dx2LXSJZEDDfCzSHd5pEG6nVy2PS6o",
        "ttl": 3600,
        "created": "2023-11-30T07:38:07.568Z",
        "userId": "653f108a396de2000acd43d4",
        "expireAt": "2023-11-30T08:38:07.568Z",
        "user": {
            "id": "653f108a396de2000acd43d4",
            "accountId": "3b2c42d4-7cee-4756-b4bd-491cacc1ae57",
            "anonymous": false,
            "autoProvisioned": false,
            "name": "thrive-ios+4",
            "locked": false,
            "partnerId": "mobile_qa_test",
            "acceptLanguage": "en-US",
            "preferredLanguage": "en",
            "source": "customCreate",
            "createdAt": "2023-10-30T02:10:18.214Z",
            "provisioningSsoAuditTrail": false,
            "_version": "1.0.0",
            "email": "thrive-ios+4@plume.com",
            "emailVerified": true,
            "firstKnownLoginTimestamp": "2023-10-30T02:15:53.570Z"
        }
    },
    "result": {
        "code": 201000,
        "message": "Successfully."
    }
}

2023-11-30 15:38:14: -----------Request----------->
POST https://thrive-dog1-usw2-api.data.plume.tech/pwb/AuthenticateWithPlumeToken

User-Agent: python-requests/2.31.0
Accept-Encoding: gzip, deflate
accept: application/json
Connection: keep-alive
Content-Type: application/json
Content-Length: 121

{
    "accessToken": "mTJ3h5hAvlU3SX1pMFWMEVoGuukSlpeP12dx2LXSJZEDDfCzSHd5pEG6nVy2PS6o",
    "userId": "653f108a396de2000acd43d4"
}

2023-11-30 15:38:14: <-----------Response-----------
Status code: 200, elapsed seconds: 2.313881

Date: Thu, 30 Nov 2023 07:38:11 GMT
Content-Type: application/json
Content-Length: 3800
Connection: keep-alive
x-amzn-RequestId: 56a16989-0d57-472c-a32e-cddec01e6881
Access-Control-Allow-Origin: *
x-amz-apigw-id: PM5LZG1nvHcEHPA=
X-Amzn-Trace-Id: Root=1-65683be2-180d070d66e435b16f860897;Sampled=0;lineage=144e69e0:0

{
    "data": {
        "email": "thrive-ios+4@plume.com",
        "userGroup": "admin",
        "userName": "thrive-ios+4",
        "userId": "653f108a396de2000acd43d4",
        "accessToken": "eyJraWQiOiJ1cy13ZXN0LTI0IiwidHlwIjoiSldTIiwiYWxnIjoiUlM1MTIifQ.eyJzdWIiOiJ1cy13ZXN0LTI6MGQ2YTFlOWQtNTAyZi00MzAwLTkyMDAtMmZjZGY1YjQ0ZWY2IiwiYXVkIjoidXMtd2VzdC0yOjU2YzQyNDM5LWJlMmMtNDUyMy04YmUwLTEwYjU4ODVlYTczMyIsImFtciI6WyJhdXRoZW50aWNhdGVkIiwic3RhZ2luZy1wd2IucGx1bWUuY29tIiwic3RhZ2luZy1wd2IucGx1bWUuY29tOnVzLXdlc3QtMjo1NmM0MjQzOS1iZTJjLTQ1MjMtOGJlMC0xMGI1ODg1ZWE3MzM6bVRKM2g1aEF2bFUzU1gxcE1GV01FVm9HdXVrU2xwZVAxMmR4MkxYU0paRUREZkN6U0hkNXBFRzZuVnkyUFM2byJdLCJpc3MiOiJodHRwczovL2NvZ25pdG8taWRlbnRpdHkuYW1hem9uYXdzLmNvbSIsImh0dHBzOi8vY29nbml0by1pZGVudGl0eS5hbWF6b25hd3MuY29tL2lkZW50aXR5LXBvb2wtYXJuIjoiYXJuOmF3czpjb2duaXRvLWlkZW50aXR5OnVzLXdlc3QtMjoxNDMwODk2MTA0ODI6aWRlbnRpdHlwb29sL3VzLXdlc3QtMjo1NmM0MjQzOS1iZTJjLTQ1MjMtOGJlMC0xMGI1ODg1ZWE3MzMiLCJleHAiOjE3MDE0MTYyOTEsImlhdCI6MTcwMTMyOTg5MX0.AgOkweAC35BcHePg_LScxgQPlpOykdJifAQ368nyk984WFZM7BSc8TfYTGNH1Z2e7C7DbJdmHpzfRCdGUdUdh7tvk8gDKfH4hP0C9euHrYgMuRg8qv-vZYsHSRfjVscqSXOtBuisQzrp-uLolXIqzxU9x6FEUbAwZz8NeG_8zq1hXWRkpMXvv_97C8GhAcuNfU9et7D9PDrmaRBPi3elK2W_pCOmcLDQ-nAqfQ9Cce2WTba5w2lsAPWE6u3qmSw_MOn-uikidfnFrlRW4hrA_3AqUUf_hObSayZr23ZmwfyZeZ4yHWIfViSweZswmek0MDBeZgayUTjgZAnyrxFx2w",
        "idToken": "eyJraWQiOiJJZGVudGl0eVRva2VuU2lnbktleSIsImFsZyI6IlJTNTEyIn0%3D.eyJpc3MiOiJhd3MtbGFtYmRhIiwiZXhwIjoxNzE2ODgxODkxLCJzdWIiOiJpZC10b2tlbiIsImF1ZCI6InJpbmciLCJqdGkiOiJlNGYzMjJlOS1jMTk2LTRmMmMtODJkOS0wZWIyMmJjY2E2MTUiLCJ1c2VySWQiOiI2NTNmMTA4YTM5NmRlMjAwMGFjZDQzZDQiLCJlbWFpbCI6InRocml2ZS1pb3MrNEBwbHVtZS5jb20iLCJnZW5kZXIiOiIiLCJiaXJ0aGRhdGUiOiIifQ%3D%3D.jKQ7xwPIYR6aF8rD5QILQKW7cJAIYxwvqAjbIvL8KsgChkaLoGnkfv66LoGzL2r5NDLqCIjBkEEWoZyrotcZKwgd8YqVhP7c0KpVTDxt2UJrVmF5FVsiRrWtcUdebZXOkmIGEuAjHiyK1OmVT4GYsdRWHpmVOBTOiSsJCjQqRVMDpbfQUdxp%2FawlOv9A0fzN3Vz5kSYADRZxVrObZfoXEzu0qnL9nD6zFVhW5CiVKpQNkECdy43TfOnc0q%2Bz%2BtayVids1Sk7dvT1mWTemhLBlIBrAjhbmZUtgyHfBseb%2F3HIF96194xQz%2BHgafkhCXNcoLjapSiBuJZESUJC%2Bg1LzRov3fTgPHT8pqfQfgFwkq1OiQsjBkAIl7L5O5KG9WWRUlReyigQyHwphbi613fBRMbF9Fqr8hP%2BdkAUsPJxP3txmijetx%2BvJBkJGVhEPgq34%2BEOhTjg9m6C%2BWitill1wBElJ9TPp7DWeddEwSmVoXbCKxIVeSAaKxA4SiZuS0F3Tq7J86KY6adKkZBuSu5ZkmZrBepdeYOl%2BQhuzPZIqMLweGm2XxgmprJG1PvdkzjW41vb3QogBVeMMb74boMASE0uceG52Wj0OtayfDm5ndwu3%2BgptSWLw8cpjFlARi6N6YG5%2F5pdheLbLTzuacUMci8Xd77KhGX6gJMCZdN4Zsc%3D",
        "refreshToken": "eyJraWQiOiJSZWZyZXNoVG9rZW5TaWduS2V5IiwiY3R5IjoiSldUIiwiZW5jIjoiQTI1NkdDTSIsImFsZyI6IlJTNTEyIn0%3D.AQICAHgg7rlLlhJZMilo20zyx9NECjg%2F8q0XYyoRMcHYs4Nh4AGNh1v%2Bn6glcRhX52ReSguxAAABUTCCAU0GCSqGSIb3DQEHBqCCAT4wggE6AgEAMIIBMwYJKoZIhvcNAQcBMB4GCWCGSAFlAwQBLjARBAy92zOLA%2F844lobIkUCARCAggEEkCwuzdEZjhFwwT6bJZGbD4%2FMWfdQivKrp6TX6gbFUQoPmaJ6y5PVEmdCUU7f4iAkYyfUWOXz30MbwwXXpGche%2FsPolIIqcXez7y3pRx1OCmZ5mupczRyE7gfztTCIpnNbHvQ1V9aFVAc3r5JsFv29IZuidI99%2Fjk4YlZV9iY2PJ4bt59FRbDjjNP9wjcYa82PkWgFOSoSGcTc6BO6dvrBfbp%2FBqywocz%2FYb8lZ679PpaKK0y7DkIQ98b4gS3ezqpf3Rtup%2Fbm%2FEMttEBYgjAx%2BBy4gadIhlBT%2FfFG6mDg%2F7nzbaS679wu4aYSuqcQbPefzqPKWFCSUQoqYdrSP3f%2BZBdmuU%3D.aq1vqBvGIUteGD%2F1HJZSzHRftqYIe2t0BZbfNHNkET4ZBSwXfyWsmVe93QPrKEiImsj6HeSLpxBBYas3bMb884XaRsQAxwd1n2iFN9zvI7CmBQijvO%2F9SLFpr1P0cA0xniekiiQSc3Yj3kOKHucZLEsJJ0c4rm03s5x%2BjBsVqcBtdlvk9v20js05PUqvb%2B%2BYrSSWJ0IZ94FNeB2%2FkbMAV8U0vdekjxELpyembWvdB1RrhycgfREKFEIM3fZ7mwarf6yEy9RRhyn0%2Ffq%2FtwYFl0XcNNGlS2ihYkRHrH4Skkn6EGqC09PSCOKPs1YBLOKlfAw9XfVBlgWCb8oBUcH3Y2iGeTMbgtLuGuxwKdAB6xaFRsStDwN02nIxHAIWVr3gIZyUfHge0ZTyJ3yyuU3oHOi1IkqOtJJHymyG2abGzdfzmrpYZdPG%2BYBnO6cbgSZDzzSKFltUf%2BGgA4NgzfOoXUxyEOIat8ar44FHp8hClIRoHCH4D58OtWMe1j3Nq1MIoyGmb1rvM2EgxxdfGkueL%2BqpNaCjH3GT57UTkCFwCFFUXcWYijPzozsH52gRPn3GOnI5yKUOsxiNLEZM62pzPmJ6Hx2ozTVpJfj3%2By7cIfTvnGBHiQ4Q3p2HA7ZURSwXfpqsQFDlqdGuSTqiol%2B529%2BNnQoRbHMqN6bdCMCu2YI%3D",
        "identityId": "us-west-2:0d6a1e9d-502f-4300-9200-2fcdf5b44ef6"
    }
}

2023-11-30 15:38:18: -----------Request----------->
POST https://thrive-dog1-usw2-api.data.plume.tech/pwb/GetDailySleepInsightList

User-Agent: python-requests/2.31.0
Accept-Encoding: gzip, deflate
accept: application/json
Connection: keep-alive
Authorization: Bearer eyJraWQiOiJ1cy13ZXN0LTI0IiwidHlwIjoiSldTIiwiYWxnIjoiUlM1MTIifQ.eyJzdWIiOiJ1cy13ZXN0LTI6MGQ2YTFlOWQtNTAyZi00MzAwLTkyMDAtMmZjZGY1YjQ0ZWY2IiwiYXVkIjoidXMtd2VzdC0yOjU2YzQyNDM5LWJlMmMtNDUyMy04YmUwLTEwYjU4ODVlYTczMyIsImFtciI6WyJhdXRoZW50aWNhdGVkIiwic3RhZ2luZy1wd2IucGx1bWUuY29tIiwic3RhZ2luZy1wd2IucGx1bWUuY29tOnVzLXdlc3QtMjo1NmM0MjQzOS1iZTJjLTQ1MjMtOGJlMC0xMGI1ODg1ZWE3MzM6bVRKM2g1aEF2bFUzU1gxcE1GV01FVm9HdXVrU2xwZVAxMmR4MkxYU0paRUREZkN6U0hkNXBFRzZuVnkyUFM2byJdLCJpc3MiOiJodHRwczovL2NvZ25pdG8taWRlbnRpdHkuYW1hem9uYXdzLmNvbSIsImh0dHBzOi8vY29nbml0by1pZGVudGl0eS5hbWF6b25hd3MuY29tL2lkZW50aXR5LXBvb2wtYXJuIjoiYXJuOmF3czpjb2duaXRvLWlkZW50aXR5OnVzLXdlc3QtMjoxNDMwODk2MTA0ODI6aWRlbnRpdHlwb29sL3VzLXdlc3QtMjo1NmM0MjQzOS1iZTJjLTQ1MjMtOGJlMC0xMGI1ODg1ZWE3MzMiLCJleHAiOjE3MDE0MTYyOTEsImlhdCI6MTcwMTMyOTg5MX0.AgOkweAC35BcHePg_LScxgQPlpOykdJifAQ368nyk984WFZM7BSc8TfYTGNH1Z2e7C7DbJdmHpzfRCdGUdUdh7tvk8gDKfH4hP0C9euHrYgMuRg8qv-vZYsHSRfjVscqSXOtBuisQzrp-uLolXIqzxU9x6FEUbAwZz8NeG_8zq1hXWRkpMXvv_97C8GhAcuNfU9et7D9PDrmaRBPi3elK2W_pCOmcLDQ-nAqfQ9Cce2WTba5w2lsAPWE6u3qmSw_MOn-uikidfnFrlRW4hrA_3AqUUf_hObSayZr23ZmwfyZeZ4yHWIfViSweZswmek0MDBeZgayUTjgZAnyrxFx2w
Content-Type: application/json
Content-Length: 134

{
    "userId": "653f108a396de2000acd43d4",
    "startTime": 1701259200,
    "endTime": 1701309600,
    "pageSize": 1,
    "startKey": "",
    "utcOffset": -8
}

2023-11-30 15:38:18: <-----------Response-----------
Status code: 200, elapsed seconds: 2.147354

Date: Thu, 30 Nov 2023 07:38:16 GMT
Content-Type: application/json
Content-Length: 580
Connection: keep-alive
x-amzn-RequestId: 4e003683-892b-456a-88ec-1efd98891561
Access-Control-Allow-Origin: *
x-amz-apigw-id: PM5MFH0DvHcEBDg=
X-Amzn-Trace-Id: Root=1-65683be6-27a60cfa726a28154395bbeb;Sampled=0;lineage=75671f14:0

{
    "data": {
        "userId": "653f108a396de2000acd43d4",
        "startTime": 1701259200,
        "endTime": 1701309600,
        "startKey": "",
        "dailySleepInsightList": [
            {
                "deepSleepTime": 3000,
                "awakeTime": 300,
                "remTime": 2400,
                "lightSleepTime": 12902,
                "totalSleepTime": 18302,
                "wakeUpTimes": 1,
                "userId": "653f108a396de2000acd43d4",
                "sleepDate": 1701273600,
                "timeZone": "Asia/Brunei",
                "utcOffset": 8,
                "startTime": 1701289157,
                "endTime": 1701307759,
                "maxHr": 135,
                "minHr": 59,
                "maxSpo2": 100,
                "minSpo2": 90,
                "sleepSessionId": "541d71833aca0cedad83b6a7e87eb4d8",
                "avgHr": 70,
                "avgSpo2": 99,
                "sleepScore": 4
            }
        ]
    },
    "result": {
        "code": 201000,
        "message": "Successfully."
    }
}

