2023-11-27 17:51:08: -----------Request----------->
POST https://thrive-dog1-usw2-api.data.plume.tech/pwb/PlumeCloudLogin

User-Agent: python-requests/2.31.0
Accept-Encoding: gzip, deflate
accept: application/json
Connection: keep-alive
Content-Type: application/json
Content-Length: 73

{
    "email": "thrive-ios+4@plume.com",
    "password": "plume1234",
    "ttl": 3600
}

2023-11-27 17:51:08: <-----------Response-----------
Status code: 200, elapsed seconds: 3.957649

Date: Mon, 27 Nov 2023 09:51:06 GMT
Content-Type: application/json
Content-Length: 729
Connection: keep-alive
x-amzn-RequestId: 1fadcf3a-2c1a-4868-ae17-a331085c1862
Access-Control-Allow-Origin: *
x-amz-apigw-id: PDT1nE2iPHcEHPA=
X-Amzn-Trace-Id: Root=1-6564668a-6ba52b661e7312a2088082c3;Sampled=0;lineage=7fdd2b1e:0

{
    "data": {
        "id": "EVWwEvgXr5qdRlnRhUMNx1LHqpGL8lcXoyC0aTWVIOD5GRluGngvdjCDOW4y8UHj",
        "ttl": 3600,
        "created": "2023-11-27T09:51:06.234Z",
        "userId": "653f108a396de2000acd43d4",
        "expireAt": "2023-11-27T10:51:06.234Z",
        "user": {
            "id": "653f108a396de2000acd43d4",
            "accountId": "3b2c42d4-7cee-4756-b4bd-491cacc1ae57",
            "anonymous": false,
            "autoProvisioned": false,
            "name": "thrive-ios+4",
            "locked": false,
            "partnerId": "mobile_qa_test",
            "acceptLanguage": "en-US",
            "preferredLanguage": "en",
            "source": "customCreate",
            "createdAt": "2023-10-30T02:10:18.214Z",
            "provisioningSsoAuditTrail": false,
            "_version": "1.0.0",
            "email": "thrive-ios+4@plume.com",
            "emailVerified": true,
            "firstKnownLoginTimestamp": "2023-10-30T02:15:53.570Z"
        }
    },
    "result": {
        "code": 201000,
        "message": "Successfully."
    }
}

2023-11-27 17:51:11: -----------Request----------->
POST https://thrive-dog1-usw2-api.data.plume.tech/pwb/AuthenticateWithPlumeToken

User-Agent: python-requests/2.31.0
Accept-Encoding: gzip, deflate
accept: application/json
Connection: keep-alive
Content-Type: application/json
Content-Length: 121

{
    "accessToken": "EVWwEvgXr5qdRlnRhUMNx1LHqpGL8lcXoyC0aTWVIOD5GRluGngvdjCDOW4y8UHj",
    "userId": "653f108a396de2000acd43d4"
}

2023-11-27 17:51:11: <-----------Response-----------
Status code: 200, elapsed seconds: 1.201768

Date: Mon, 27 Nov 2023 09:51:09 GMT
Content-Type: application/json
Content-Length: 3832
Connection: keep-alive
x-amzn-RequestId: de2d658c-af61-4ede-9cbe-b3f7fc8adcdc
Access-Control-Allow-Origin: *
x-amz-apigw-id: PDT2EE4APHcER3A=
X-Amzn-Trace-Id: Root=1-6564668c-33185e1f033e5d592605276c;Sampled=0;lineage=144e69e0:0

{
    "data": {
        "email": "thrive-ios+4@plume.com",
        "userGroup": "admin",
        "userName": "thrive-ios+4",
        "userId": "653f108a396de2000acd43d4",
        "accessToken": "eyJraWQiOiJ1cy13ZXN0LTI0IiwidHlwIjoiSldTIiwiYWxnIjoiUlM1MTIifQ.eyJzdWIiOiJ1cy13ZXN0LTI6NTYyNTNmY2YtYjJlMS00NDZiLWJlZjEtNjJiMTVlMTMxNjk3IiwiYXVkIjoidXMtd2VzdC0yOjU2YzQyNDM5LWJlMmMtNDUyMy04YmUwLTEwYjU4ODVlYTczMyIsImFtciI6WyJhdXRoZW50aWNhdGVkIiwic3RhZ2luZy1wd2IucGx1bWUuY29tIiwic3RhZ2luZy1wd2IucGx1bWUuY29tOnVzLXdlc3QtMjo1NmM0MjQzOS1iZTJjLTQ1MjMtOGJlMC0xMGI1ODg1ZWE3MzM6RVZXd0V2Z1hyNXFkUmxuUmhVTU54MUxIcXBHTDhsY1hveUMwYVRXVklPRDVHUmx1R25ndmRqQ0RPVzR5OFVIaiJdLCJpc3MiOiJodHRwczovL2NvZ25pdG8taWRlbnRpdHkuYW1hem9uYXdzLmNvbSIsImh0dHBzOi8vY29nbml0by1pZGVudGl0eS5hbWF6b25hd3MuY29tL2lkZW50aXR5LXBvb2wtYXJuIjoiYXJuOmF3czpjb2duaXRvLWlkZW50aXR5OnVzLXdlc3QtMjoxNDMwODk2MTA0ODI6aWRlbnRpdHlwb29sL3VzLXdlc3QtMjo1NmM0MjQzOS1iZTJjLTQ1MjMtOGJlMC0xMGI1ODg1ZWE3MzMiLCJleHAiOjE3MDExNjUwNjksImlhdCI6MTcwMTA3ODY2OX0.a7ulseIW-80nYY1HqLhSBr9zVDtd4VrSgZVUvk-LnBvqDtRN_xz_ldLZ3l1t3owhdJK00QKtjWOuRG_R2SvWGy1qP8zzgM_EicxEA0JHLATBHLjqA8HRr80JlPWNrXv13kmLo7FkiUHDqj1Jo2Y_famgIqwljWUw2Vj50SyLx1v48aIapuJKWxJMl9zxMh8R3rF3_WalCzjPY5N01nFFFrv-e8maRaOeqKQJKbV_YTtVTnV-L4BxBcZPeX32apGjGGWBYfk_Wew2rrg15DD_IgcluS9Q6jDDv-V9hLLpO-R9BC_2x0anCNj3ge772Qd7crpn6U5r-sZdkfeUAcDkZQ",
        "idToken": "eyJraWQiOiJJZGVudGl0eVRva2VuU2lnbktleSIsImFsZyI6IlJTNTEyIn0%3D.eyJpc3MiOiJhd3MtbGFtYmRhIiwiZXhwIjoxNzE2NjMwNjY5LCJzdWIiOiJpZC10b2tlbiIsImF1ZCI6InJpbmciLCJqdGkiOiIyNTFiN2RlNy1mMWEwLTQzYjUtODUyZC1mMmVhOGY1MDhkZDMiLCJ1c2VySWQiOiI2NTNmMTA4YTM5NmRlMjAwMGFjZDQzZDQiLCJlbWFpbCI6InRocml2ZS1pb3MrNEBwbHVtZS5jb20iLCJnZW5kZXIiOiIiLCJiaXJ0aGRhdGUiOiIifQ%3D%3D.epsQTaCPDQd027%2BpmwHxRm6m75%2B3KkYURCLjtfO1tdZQbiVRjsy85aEmSutcC19STdJPcT96ULtwVTdTtTKY7neB20jWRzcUZ310gz2qZAAYW%2F%2Fh%2Bj6v%2Bt39mUiYN47kTtPkmnilpEmaRBFWEpyhRR6qkn3dnhWi1IpygXSjVrnQLoBmTZMS7b4QFyIoA%2F7SmTY0pt1Dq0nKl8X7zod0TgZUHM3s3nrAVGEf0DP9xtWOlDCRVSvTIVXT8OvathxxQELMlDiMNCF%2BbkXErIWRHAyaBqB%2BxVyEejOhmYGviUX94p54ojfC1pJegx85EO8Y60%2BY8taMsbAveiLEJqLooWflS%2FVDfBJdMa8RtqrUletfVFrQg9IkN%2F%2F%2B0lFArSxWdksJusxURkmGorsWQvp8cwcGtD8MXi9NpI2qJWybUjp0RTeAChnYl3nswpZ7BFwJqNLYcHRlx9zzLe9tjNhrdzcV6RA45utxYH3JCq1el7FTmVtgVBAcCZoA01jUjXo6xoaev%2FMMNxZuGXH9izkmeWTCuA6XJvVBDFj7K79JudNJWOGEdxm7qYdx1p1%2FJgMSSajn46U8Nv1V%2F0%2F36MDRfqjYu8nzZXiJIcKZGGXVhViBfZcHIm1SKsY6BdQXJ3PFBeKcrCJyhU31Uws25rGEyQ8vetT3kr8YbF1%2FuBy1Ceg%3D",
        "refreshToken": "eyJraWQiOiJSZWZyZXNoVG9rZW5TaWduS2V5IiwiY3R5IjoiSldUIiwiZW5jIjoiQTI1NkdDTSIsImFsZyI6IlJTNTEyIn0%3D.AQICAHgg7rlLlhJZMilo20zyx9NECjg%2F8q0XYyoRMcHYs4Nh4AEANUfoVFYMkNOPbC5gNMe%2FAAABUTCCAU0GCSqGSIb3DQEHBqCCAT4wggE6AgEAMIIBMwYJKoZIhvcNAQcBMB4GCWCGSAFlAwQBLjARBAyuhcHNwardTbgwmAsCARCAggEEwc4jB8bQE52n3kD5yuhXN63X2pNPxFck%2Ff9YhETwSbkpGeLO70h1GJkERsLefg03JqGoiBH3DyIamQicB%2FFMvx5Er%2BGYUGoY5IR%2F6ESbFLnoC3c1u2%2B5Eisb9VJlMweOeshj2D42LBYetnCVk7n3KL6AIq9MD1TY9j%2FUS48xYCC6h8dh%2BhNXp31YBOxs6ScS3ei4u%2FLqT%2BEuhbwiGvaSOa5NmCdi8uWf51xTW8KYWTSsuoxllN5u9yLkTWk17US5%2BXOd54tdwKvP8BKXiL3Xe1gPJHrbIqWUkOfGJw4EIMXq0jkWFXQqucPOA8NNZfMM9oT2I8cCRXuI%2FxrN3eaoYxEgS7o%3D.QR4mkLTtpR8%2BPwQB20Xz48cuJlAvHV%2BV%2FfOx5Fg1oYYvjmcEcsICgmKSkoBiEnMe3oOpTHwfs1VKwEzXm%2BGwSFDnhA6AxyeTZ22axfenyEW5M75B7I1djwuG4MLmPIWXHKOKnm2fO%2FAh4kiiOoSVo8d8W9nX3U6njfB2ypb1ACcuut%2F%2BR2ae%2BCDG9wLBsiYhGOLEIYGjKJdiSMrRm%2Brg4CSi4aeUwNuxQ%2FQcy8XY2z4%2BFmPjnTjwK1mHKzbM6dp0NiSniKPWYVTFCS6bqAzh408QnaH8dfDX%2BQIErojQfqSt%2B36KWn9%2Bo0a6DoK4RVASX0WPKzMRsn6mR21E3dwnpDD7KSIPWAhCJrv825c1TreRzuv2OVNyFO%2FrXucKPHVm2RhYj9%2B%2FIeKU3yz%2BJmFLAmkdiXauowOfTSfMYQtbjf7zyqLYSxeq50UT4P0uCgIIvy4Y2%2BB5AZhi%2FjnyD%2BX%2B3IeazwDvufpFaJWzsyiY5Z18WZAVuCwvYkTvvhNW0VX2ZmDWEno4k9eeJa41oXHJ76sX6Tf4Kzaj9Cpdr4c2VygCiKb%2FpXooaBcsKct2tlOuaLfbfC6r7yc3h1KWjcDIKSRvRUJP0QIb%2BEsCRZgWEXy9ELV93y9iaSdAz2AW%2FOhfhZ8rMIcEzxTavAXwHstVurbu4LYtQrBnpfqhtxHOrvI%3D",
        "identityId": "us-west-2:56253fcf-b2e1-446b-bef1-62b15e131697"
    }
}

2023-11-27 17:51:14: -----------Request----------->
POST https://thrive-dog1-usw2-api.data.plume.tech/pwb/GetFitnessActivityList

User-Agent: python-requests/2.31.0
Accept-Encoding: gzip, deflate
accept: application/json
Connection: keep-alive
Authorization: Bearer eyJraWQiOiJ1cy13ZXN0LTI0IiwidHlwIjoiSldTIiwiYWxnIjoiUlM1MTIifQ.eyJzdWIiOiJ1cy13ZXN0LTI6NTYyNTNmY2YtYjJlMS00NDZiLWJlZjEtNjJiMTVlMTMxNjk3IiwiYXVkIjoidXMtd2VzdC0yOjU2YzQyNDM5LWJlMmMtNDUyMy04YmUwLTEwYjU4ODVlYTczMyIsImFtciI6WyJhdXRoZW50aWNhdGVkIiwic3RhZ2luZy1wd2IucGx1bWUuY29tIiwic3RhZ2luZy1wd2IucGx1bWUuY29tOnVzLXdlc3QtMjo1NmM0MjQzOS1iZTJjLTQ1MjMtOGJlMC0xMGI1ODg1ZWE3MzM6RVZXd0V2Z1hyNXFkUmxuUmhVTU54MUxIcXBHTDhsY1hveUMwYVRXVklPRDVHUmx1R25ndmRqQ0RPVzR5OFVIaiJdLCJpc3MiOiJodHRwczovL2NvZ25pdG8taWRlbnRpdHkuYW1hem9uYXdzLmNvbSIsImh0dHBzOi8vY29nbml0by1pZGVudGl0eS5hbWF6b25hd3MuY29tL2lkZW50aXR5LXBvb2wtYXJuIjoiYXJuOmF3czpjb2duaXRvLWlkZW50aXR5OnVzLXdlc3QtMjoxNDMwODk2MTA0ODI6aWRlbnRpdHlwb29sL3VzLXdlc3QtMjo1NmM0MjQzOS1iZTJjLTQ1MjMtOGJlMC0xMGI1ODg1ZWE3MzMiLCJleHAiOjE3MDExNjUwNjksImlhdCI6MTcwMTA3ODY2OX0.a7ulseIW-80nYY1HqLhSBr9zVDtd4VrSgZVUvk-LnBvqDtRN_xz_ldLZ3l1t3owhdJK00QKtjWOuRG_R2SvWGy1qP8zzgM_EicxEA0JHLATBHLjqA8HRr80JlPWNrXv13kmLo7FkiUHDqj1Jo2Y_famgIqwljWUw2Vj50SyLx1v48aIapuJKWxJMl9zxMh8R3rF3_WalCzjPY5N01nFFFrv-e8maRaOeqKQJKbV_YTtVTnV-L4BxBcZPeX32apGjGGWBYfk_Wew2rrg15DD_IgcluS9Q6jDDv-V9hLLpO-R9BC_2x0anCNj3ge772Qd7crpn6U5r-sZdkfeUAcDkZQ
Content-Type: application/json
Content-Length: 117

{
    "userId": "653f108a396de2000acd43d4",
    "startTime": 1701014400,
    "endTime": 1701100799,
    "pageSize": 5,
    "startKey": ""
}

2023-11-27 17:51:14: <-----------Response-----------
Status code: 200, elapsed seconds: 1.170848

Date: Mon, 27 Nov 2023 09:51:12 GMT
Content-Type: application/json
Content-Length: 522
Connection: keep-alive
x-amzn-RequestId: 95e51502-8aaf-4bfe-8b34-6f3c96de2362
Access-Control-Allow-Origin: *
x-amz-apigw-id: PDT2kHc7PHcEOcg=
X-Amzn-Trace-Id: Root=1-65646690-2444e9ec2800fe99566ef019;Sampled=0;lineage=557b233b:0

{
    "data": {
        "startTime": 1701014400,
        "endTime": 1701100799,
        "userId": "653f108a396de2000acd43d4",
        "activitiesList": [
            {
                "activityId": "activity_653f108a396de2000acd43d460:b4:f7:f5:04:d2_1701049952",
                "userId": "653f108a396de2000acd43d4",
                "fitnessActivityTypeId": 1,
                "userConfirmation": "Unkown",
                "manualActivity": false,
                "state": "completed",
                "startTimeStamp": 1701049952,
                "duration": 431,
                "stepCount": 557,
                "highHrRate": 129,
                "lowHrRate": 81,
                "avgHrRate": 112,
                "highSpo2": 100,
                "lowSpo2": 100,
                "avgSpo2": 100
            }
        ]
    },
    "result": {
        "code": 201000,
        "message": "Successfully."
    }
}

