2023-11-27 11:52:23: -----------Request----------->
POST https://thrive-dog1-usw2-api.data.plume.tech/pwb/PlumeCloudLogin

User-Agent: python-requests/2.31.0
Accept-Encoding: gzip, deflate
accept: application/json
Connection: keep-alive
Content-Type: application/json
Content-Length: 73

{
    "email": "thrive-ios+4@plume.com",
    "password": "plume1234",
    "ttl": 3600
}

2023-11-27 11:52:23: <-----------Response-----------
Status code: 200, elapsed seconds: 0.864622

Date: Mon, 27 Nov 2023 03:52:21 GMT
Content-Type: application/json
Content-Length: 729
Connection: keep-alive
x-amzn-RequestId: 145cfb24-c216-4c62-ad3b-3c52b3e4aa17
Access-Control-Allow-Origin: *
x-amz-apigw-id: PCfScHkuPHcEuzA=
X-Amzn-Trace-Id: Root=1-65641275-11757cfe4c12d0591eca314a;Sampled=0;lineage=7fdd2b1e:0

{
    "data": {
        "id": "2ztrRfK0xkSk1kQ2rDWfx4NJ6NaGQWbpVCuRDLMQSlEnE8X2XmB78vXCSxgPVhnU",
        "ttl": 3600,
        "created": "2023-11-27T03:52:21.880Z",
        "userId": "653f108a396de2000acd43d4",
        "expireAt": "2023-11-27T04:52:21.880Z",
        "user": {
            "id": "653f108a396de2000acd43d4",
            "accountId": "3b2c42d4-7cee-4756-b4bd-491cacc1ae57",
            "anonymous": false,
            "autoProvisioned": false,
            "name": "thrive-ios+4",
            "locked": false,
            "partnerId": "mobile_qa_test",
            "acceptLanguage": "en-US",
            "preferredLanguage": "en",
            "source": "customCreate",
            "createdAt": "2023-10-30T02:10:18.214Z",
            "provisioningSsoAuditTrail": false,
            "_version": "1.0.0",
            "email": "thrive-ios+4@plume.com",
            "emailVerified": true,
            "firstKnownLoginTimestamp": "2023-10-30T02:15:53.570Z"
        }
    },
    "result": {
        "code": 201000,
        "message": "Successfully."
    }
}

2023-11-27 11:52:27: -----------Request----------->
POST https://thrive-dog1-usw2-api.data.plume.tech/pwb/AuthenticateWithPlumeToken

User-Agent: python-requests/2.31.0
Accept-Encoding: gzip, deflate
accept: application/json
Connection: keep-alive
Content-Type: application/json
Content-Length: 121

{
    "accessToken": "2ztrRfK0xkSk1kQ2rDWfx4NJ6NaGQWbpVCuRDLMQSlEnE8X2XmB78vXCSxgPVhnU",
    "userId": "653f108a396de2000acd43d4"
}

2023-11-27 11:52:27: <-----------Response-----------
Status code: 200, elapsed seconds: 1.207859

Date: Mon, 27 Nov 2023 03:52:25 GMT
Content-Type: application/json
Content-Length: 3824
Connection: keep-alive
x-amzn-RequestId: 23aa7b3f-c610-4374-9448-ecfb63b59254
Access-Control-Allow-Origin: *
x-amz-apigw-id: PCfS4FAkPHcERTQ=
X-Amzn-Trace-Id: Root=1-65641278-0d67957a3766d77a4742b2c0;Sampled=0;lineage=144e69e0:0

{
    "data": {
        "email": "thrive-ios+4@plume.com",
        "userGroup": "admin",
        "userName": "thrive-ios+4",
        "userId": "653f108a396de2000acd43d4",
        "accessToken": "eyJraWQiOiJ1cy13ZXN0LTI0IiwidHlwIjoiSldTIiwiYWxnIjoiUlM1MTIifQ.eyJzdWIiOiJ1cy13ZXN0LTI6YjBlYzgyN2UtNmRmMy00MzM0LTgxMjMtYWE4NTMwNzliNWI1IiwiYXVkIjoidXMtd2VzdC0yOjU2YzQyNDM5LWJlMmMtNDUyMy04YmUwLTEwYjU4ODVlYTczMyIsImFtciI6WyJhdXRoZW50aWNhdGVkIiwic3RhZ2luZy1wd2IucGx1bWUuY29tIiwic3RhZ2luZy1wd2IucGx1bWUuY29tOnVzLXdlc3QtMjo1NmM0MjQzOS1iZTJjLTQ1MjMtOGJlMC0xMGI1ODg1ZWE3MzM6Mnp0clJmSzB4a1NrMWtRMnJEV2Z4NE5KNk5hR1FXYnBWQ3VSRExNUVNsRW5FOFgyWG1CNzh2WENTeGdQVmhuVSJdLCJpc3MiOiJodHRwczovL2NvZ25pdG8taWRlbnRpdHkuYW1hem9uYXdzLmNvbSIsImh0dHBzOi8vY29nbml0by1pZGVudGl0eS5hbWF6b25hd3MuY29tL2lkZW50aXR5LXBvb2wtYXJuIjoiYXJuOmF3czpjb2duaXRvLWlkZW50aXR5OnVzLXdlc3QtMjoxNDMwODk2MTA0ODI6aWRlbnRpdHlwb29sL3VzLXdlc3QtMjo1NmM0MjQzOS1iZTJjLTQ1MjMtOGJlMC0xMGI1ODg1ZWE3MzMiLCJleHAiOjE3MDExNDM1NDQsImlhdCI6MTcwMTA1NzE0NH0.Mi5kb_Amjc6ugClqeMGM8Ww9MeYc1SJza1YnJqSHf7LKoFSxavoqZuumGaxEDAXGtqOijdtwqffWwApKdD8AMm4gNaIRuTNfag9H9bqWQB8IMs_mtA7lYslAwhrFXP5sbBCSQnNv_wKa38PfdpNFenVWHRloAVz-hPvP0KuoLK03OhlIVzZ2sgG7Ixd_edYJjnCukZ0zn0Q9bdtXueByvm-3KeRj0xiCObVzRUxpKTbL8CMYMgmJfAyr3B3eZvEmcs98Vp1AsvcnCSQEqRTCmmLmnUJcP4NPIMLJ2J5M2Yp9cAcwjqF8qllUnymuRxx94trNbpmtv6PTrG43Q_DTWg",
        "idToken": "eyJraWQiOiJJZGVudGl0eVRva2VuU2lnbktleSIsImFsZyI6IlJTNTEyIn0%3D.eyJpc3MiOiJhd3MtbGFtYmRhIiwiZXhwIjoxNzE2NjA5MTQ1LCJzdWIiOiJpZC10b2tlbiIsImF1ZCI6InJpbmciLCJqdGkiOiI4YmE4OWViNi00MmNjLTQwNzctODE0Zi0yOWVjMmU3ZTlkNGIiLCJ1c2VySWQiOiI2NTNmMTA4YTM5NmRlMjAwMGFjZDQzZDQiLCJlbWFpbCI6InRocml2ZS1pb3MrNEBwbHVtZS5jb20iLCJnZW5kZXIiOiIiLCJiaXJ0aGRhdGUiOiIifQ%3D%3D.AEt6wtlghZvPBNmMWhrtiiJuId5cd4V0GAA%2BhWqqFpYv4mm7PEnzsf3cUAAIEqTperiXCK9ZRt62GJQgRJIJsmZQnaS%2FaWzq7OellAUdiRiQCVbg4Z4mf2%2FjybjG%2B%2Bcs8HDl%2FFV8q%2FbvUpIvkHw9AAZx9VIERnUPU3OqCVYCAxTj0rn5Ty4YRo%2BMLQAgEYzKfRIRFpFzRIwHyTX8eht2z1vfJv2OvXCCvme%2FjvVsybjMVFqtuW8PWA36qGuo4vdY%2BfUuP52ZOpOTisAFCgeKBPJZFTm%2BxBRq0f9cLtgCFflwjmSqmwlAXvg%2FNTE%2Ff93fVQhj9VMjMZ1%2BbG009Be1ybxShIunCHu4eLL84QtJEiZhfO255ZE9TyuEZo5anqz0HGmXD88M%2BASjJBqU85ZQ43HOQVmP98C3fuql9GSPRnmXktaHWaATDK%2BQrD2%2BBr0nl3VtCqRIkPURNYMO%2BkvP3h7iNa6rsBIVSxXAdso9npTNPngdY5rJJe2iZ8rh8KeuTNlMsHur4Ts7kvh0LaH5LojWSouGdjdeW0DeujG6qSByRFAiTKjCnwztWUSM6XDD%2BtP00CinHta1lrBiMeBDhEForrr4M7kut0jXURtCDkGEx9wJpaEdd6oo4OLU2qkbmKOC1TQL2WVPeZdTyALUAMRkclliTcQzqLTTjq1U3kY%3D",
        "refreshToken": "eyJraWQiOiJSZWZyZXNoVG9rZW5TaWduS2V5IiwiY3R5IjoiSldUIiwiZW5jIjoiQTI1NkdDTSIsImFsZyI6IlJTNTEyIn0%3D.AQICAHgg7rlLlhJZMilo20zyx9NECjg%2F8q0XYyoRMcHYs4Nh4AFnfKmntHGyPeHJLc8N8ykmAAABUTCCAU0GCSqGSIb3DQEHBqCCAT4wggE6AgEAMIIBMwYJKoZIhvcNAQcBMB4GCWCGSAFlAwQBLjARBAyljJq7Z%2FOf9zXKAbACARCAggEEV%2FBLuKEVekLQfSbJaYtH0efYVXXGRWr7IwgPok0LlVkx19qo3uAkYYVGL7lATWlfOn%2F2%2FdxWHoS86aoZzoUzsNxiixtP6oqEDaXApdIhbLyM9jQee173rzwazgIk%2B2fG425PKeiXO%2BaNQFF2GTBhMVZRZHKr3ucIa9FYEGPJoGISUmYtWW%2F%2Fxg4IBMvTwG10NNF7MvJHJb5GFaTv0vK7PJobA55JBaNiGJm3po9qsWHYQYE0qHbsgY1oOg2%2FimN3Ij18Yk%2B%2BDFPl0SIbVXZ3y%2FPPqgcZ59RrDU7ruMihnGjd%2BjVPtWH5gdmgybYLNfBxPONXj1xsc%2Bl%2F%2FfVQu%2BjrMHgNS7Q%3D.LEWcoEl09HVsP6y8VqzpRIt6XLdHo%2BtgM23aiEBzBK4CAWF3Q5U85%2BEN9bwFANR5D34CO9RvCmjnTbiTrk8Fdco9hflAgQxraWAVNUYEdEgtGdbYeCiQ39K8MwainDcgw72o5kUvHbLcao4iBeMT1v75T25ewikNdofILZNlr3TJ0aybxIZAZ5yU%2B6HcM29e5Q7wxUb26PoANViYD9bOqlLbO5uoEJQjpSYYFQ8mh04R%2BaAniyy%2FnRpqANrywAr3OaMD3audlSRwjLntBBeLWsi2Zio6pCl0SwvkRmpYk0ntfYB81BcoTSy4IswkEXjOF%2BmiWgGn0o706uScBZrGrnpVco5gM3cPX4CpqZHXZYklIxjMzcLGu%2BX5MjcP6Z%2BXmYAiZk0hoULmZ8lsmFUMiObkTgJJcsIgvH6y5%2Fte4dlkfP6bAyC2rpeUl4WclYS25QYXDcNNSU4Mo%2BAOw%2FAG3l8RSOMVtqO03hpAnPTSkCh5w9fGAIWOFS2hmD556UGp2W5IM3jq1MZOJktQuTsNbBHh4VepRHGmjrBtUzSFwsgOsG8Igym5KFYlNEf2vMzC%2BCMumxYA6%2Fq3IxmZqnnY3YJ%2BxSypzkmQGexK8SdEEBF1sahL29zR%2FVWciNvHy7cxKmvC196B%2BrylTL8GKcvGStHVVzsrRmEq8Fhn4wmOtS0%3D",
        "identityId": "us-west-2:b0ec827e-6df3-4334-8123-aa853079b5b5"
    }
}

2023-11-27 11:52:34: -----------Request----------->
POST https://thrive-dog1-usw2-api.data.plume.tech/pwb/RegisterDevice

User-Agent: python-requests/2.31.0
Accept-Encoding: gzip, deflate
accept: application/json
Connection: keep-alive
Authorization: Bearer eyJraWQiOiJ1cy13ZXN0LTI0IiwidHlwIjoiSldTIiwiYWxnIjoiUlM1MTIifQ.eyJzdWIiOiJ1cy13ZXN0LTI6YjBlYzgyN2UtNmRmMy00MzM0LTgxMjMtYWE4NTMwNzliNWI1IiwiYXVkIjoidXMtd2VzdC0yOjU2YzQyNDM5LWJlMmMtNDUyMy04YmUwLTEwYjU4ODVlYTczMyIsImFtciI6WyJhdXRoZW50aWNhdGVkIiwic3RhZ2luZy1wd2IucGx1bWUuY29tIiwic3RhZ2luZy1wd2IucGx1bWUuY29tOnVzLXdlc3QtMjo1NmM0MjQzOS1iZTJjLTQ1MjMtOGJlMC0xMGI1ODg1ZWE3MzM6Mnp0clJmSzB4a1NrMWtRMnJEV2Z4NE5KNk5hR1FXYnBWQ3VSRExNUVNsRW5FOFgyWG1CNzh2WENTeGdQVmhuVSJdLCJpc3MiOiJodHRwczovL2NvZ25pdG8taWRlbnRpdHkuYW1hem9uYXdzLmNvbSIsImh0dHBzOi8vY29nbml0by1pZGVudGl0eS5hbWF6b25hd3MuY29tL2lkZW50aXR5LXBvb2wtYXJuIjoiYXJuOmF3czpjb2duaXRvLWlkZW50aXR5OnVzLXdlc3QtMjoxNDMwODk2MTA0ODI6aWRlbnRpdHlwb29sL3VzLXdlc3QtMjo1NmM0MjQzOS1iZTJjLTQ1MjMtOGJlMC0xMGI1ODg1ZWE3MzMiLCJleHAiOjE3MDExNDM1NDQsImlhdCI6MTcwMTA1NzE0NH0.Mi5kb_Amjc6ugClqeMGM8Ww9MeYc1SJza1YnJqSHf7LKoFSxavoqZuumGaxEDAXGtqOijdtwqffWwApKdD8AMm4gNaIRuTNfag9H9bqWQB8IMs_mtA7lYslAwhrFXP5sbBCSQnNv_wKa38PfdpNFenVWHRloAVz-hPvP0KuoLK03OhlIVzZ2sgG7Ixd_edYJjnCukZ0zn0Q9bdtXueByvm-3KeRj0xiCObVzRUxpKTbL8CMYMgmJfAyr3B3eZvEmcs98Vp1AsvcnCSQEqRTCmmLmnUJcP4NPIMLJ2J5M2Yp9cAcwjqF8qllUnymuRxx94trNbpmtv6PTrG43Q_DTWg
Content-Type: application/json
Content-Length: 78

{
    "userId": "653f108a396de2000acd43d4",
    "deviceId": "653f108a396de2000acd43d4"
}

2023-11-27 11:52:34: <-----------Response-----------
Status code: 200, elapsed seconds: 1.962447

Date: Mon, 27 Nov 2023 03:52:32 GMT
Content-Type: application/json
Content-Length: 88
Connection: keep-alive
x-amzn-RequestId: a005e111-0dfe-4da1-a927-8dfce906f208
Access-Control-Allow-Origin: *
x-amz-apigw-id: PCfUBHkRPHcESrA=
X-Amzn-Trace-Id: Root=1-6564127f-5a9eb9f719bde0965fc85147;Sampled=0;lineage=c0ee9507:0

{
    "data": {
        "registerStatus": "Success"
    },
    "result": {
        "code": 201000,
        "message": "Successfully."
    }
}

2023-11-27 11:52:40: -----------Request----------->
POST https://thrive-dog1-usw2-api.data.plume.tech/pwb/UnregisterDevice

User-Agent: python-requests/2.31.0
Accept-Encoding: gzip, deflate
accept: application/json
Connection: keep-alive
Authorization: Bearer eyJraWQiOiJ1cy13ZXN0LTI0IiwidHlwIjoiSldTIiwiYWxnIjoiUlM1MTIifQ.eyJzdWIiOiJ1cy13ZXN0LTI6YjBlYzgyN2UtNmRmMy00MzM0LTgxMjMtYWE4NTMwNzliNWI1IiwiYXVkIjoidXMtd2VzdC0yOjU2YzQyNDM5LWJlMmMtNDUyMy04YmUwLTEwYjU4ODVlYTczMyIsImFtciI6WyJhdXRoZW50aWNhdGVkIiwic3RhZ2luZy1wd2IucGx1bWUuY29tIiwic3RhZ2luZy1wd2IucGx1bWUuY29tOnVzLXdlc3QtMjo1NmM0MjQzOS1iZTJjLTQ1MjMtOGJlMC0xMGI1ODg1ZWE3MzM6Mnp0clJmSzB4a1NrMWtRMnJEV2Z4NE5KNk5hR1FXYnBWQ3VSRExNUVNsRW5FOFgyWG1CNzh2WENTeGdQVmhuVSJdLCJpc3MiOiJodHRwczovL2NvZ25pdG8taWRlbnRpdHkuYW1hem9uYXdzLmNvbSIsImh0dHBzOi8vY29nbml0by1pZGVudGl0eS5hbWF6b25hd3MuY29tL2lkZW50aXR5LXBvb2wtYXJuIjoiYXJuOmF3czpjb2duaXRvLWlkZW50aXR5OnVzLXdlc3QtMjoxNDMwODk2MTA0ODI6aWRlbnRpdHlwb29sL3VzLXdlc3QtMjo1NmM0MjQzOS1iZTJjLTQ1MjMtOGJlMC0xMGI1ODg1ZWE3MzMiLCJleHAiOjE3MDExNDM1NDQsImlhdCI6MTcwMTA1NzE0NH0.Mi5kb_Amjc6ugClqeMGM8Ww9MeYc1SJza1YnJqSHf7LKoFSxavoqZuumGaxEDAXGtqOijdtwqffWwApKdD8AMm4gNaIRuTNfag9H9bqWQB8IMs_mtA7lYslAwhrFXP5sbBCSQnNv_wKa38PfdpNFenVWHRloAVz-hPvP0KuoLK03OhlIVzZ2sgG7Ixd_edYJjnCukZ0zn0Q9bdtXueByvm-3KeRj0xiCObVzRUxpKTbL8CMYMgmJfAyr3B3eZvEmcs98Vp1AsvcnCSQEqRTCmmLmnUJcP4NPIMLJ2J5M2Yp9cAcwjqF8qllUnymuRxx94trNbpmtv6PTrG43Q_DTWg
Content-Type: application/json
Content-Length: 38

{
    "userId": "653f108a396de2000acd43d4"
}

2023-11-27 11:52:40: <-----------Response-----------
Status code: 200, elapsed seconds: 0.847948

Date: Mon, 27 Nov 2023 03:52:37 GMT
Content-Type: application/json
Content-Length: 90
Connection: keep-alive
x-amzn-RequestId: a7c8701b-e0d8-4cbb-a425-2a5d06935f1f
Access-Control-Allow-Origin: *
x-amz-apigw-id: PCfU9H_DPHcEFlg=
X-Amzn-Trace-Id: Root=1-65641285-5b6e737d2a0eea685e133906;Sampled=0;lineage=f5980d93:0

{
    "data": {
        "unregisterResult": "Success"
    },
    "result": {
        "code": 201000,
        "message": "Successfully."
    }
}

