2023-11-30 10:54:46: -----------Request----------->
POST https://thrive-dog1-usw2-api.data.plume.tech/pwb/PlumeCloudLogin

User-Agent: python-requests/2.31.0
Accept-Encoding: gzip, deflate
accept: application/json
Connection: keep-alive
Content-Type: application/json
Content-Length: 73

{
    "email": "thrive-ios+4@plume.com",
    "password": "plume1234",
    "ttl": 3600
}

2023-11-30 10:54:46: <-----------Response-----------
Status code: 200, elapsed seconds: 4.105708

Date: Thu, 30 Nov 2023 02:54:44 GMT
Content-Type: application/json
Content-Length: 729
Connection: keep-alive
x-amzn-RequestId: 883d195b-e984-4dbe-bbe3-d42558fff97a
Access-Control-Allow-Origin: *
x-amz-apigw-id: PMPqEHmEvHcEgcA=
X-Amzn-Trace-Id: Root=1-6567f973-775d23092db894fb16263680;Sampled=0;lineage=7fdd2b1e:0

{
    "data": {
        "id": "CGqYCMnvIhc3VHlRJNXdZGhQARU92XPk0dGtodnihAHefsB3nTtiwzc4xtpIDyIu",
        "ttl": 3600,
        "created": "2023-11-30T02:54:44.360Z",
        "userId": "653f108a396de2000acd43d4",
        "expireAt": "2023-11-30T03:54:44.360Z",
        "user": {
            "id": "653f108a396de2000acd43d4",
            "accountId": "3b2c42d4-7cee-4756-b4bd-491cacc1ae57",
            "anonymous": false,
            "autoProvisioned": false,
            "name": "thrive-ios+4",
            "locked": false,
            "partnerId": "mobile_qa_test",
            "acceptLanguage": "en-US",
            "preferredLanguage": "en",
            "source": "customCreate",
            "createdAt": "2023-10-30T02:10:18.214Z",
            "provisioningSsoAuditTrail": false,
            "_version": "1.0.0",
            "email": "thrive-ios+4@plume.com",
            "emailVerified": true,
            "firstKnownLoginTimestamp": "2023-10-30T02:15:53.570Z"
        }
    },
    "result": {
        "code": 201000,
        "message": "Successfully."
    }
}

2023-11-30 10:54:50: -----------Request----------->
POST https://thrive-dog1-usw2-api.data.plume.tech/pwb/AuthenticateWithPlumeToken

User-Agent: python-requests/2.31.0
Accept-Encoding: gzip, deflate
accept: application/json
Connection: keep-alive
Content-Type: application/json
Content-Length: 121

{
    "accessToken": "CGqYCMnvIhc3VHlRJNXdZGhQARU92XPk0dGtodnihAHefsB3nTtiwzc4xtpIDyIu",
    "userId": "653f108a396de2000acd43d4"
}

2023-11-30 10:54:50: <-----------Response-----------
Status code: 200, elapsed seconds: 2.164187

Date: Thu, 30 Nov 2023 02:54:48 GMT
Content-Type: application/json
Content-Length: 3832
Connection: keep-alive
x-amzn-RequestId: be54d52b-32c5-4e71-b10b-2e29dd4190cd
Access-Control-Allow-Origin: *
x-amz-apigw-id: PMPqpFTpPHcEYQw=
X-Amzn-Trace-Id: Root=1-6567f977-1408cd9a604a96101dbaf699;Sampled=0;lineage=144e69e0:0

{
    "data": {
        "email": "thrive-ios+4@plume.com",
        "userGroup": "admin",
        "userName": "thrive-ios+4",
        "userId": "653f108a396de2000acd43d4",
        "accessToken": "eyJraWQiOiJ1cy13ZXN0LTI0IiwidHlwIjoiSldTIiwiYWxnIjoiUlM1MTIifQ.eyJzdWIiOiJ1cy13ZXN0LTI6NGU2YzgzYmUtZWI0NC00NDk3LTljYjgtNjczMWJiZDg5ZGViIiwiYXVkIjoidXMtd2VzdC0yOjU2YzQyNDM5LWJlMmMtNDUyMy04YmUwLTEwYjU4ODVlYTczMyIsImFtciI6WyJhdXRoZW50aWNhdGVkIiwic3RhZ2luZy1wd2IucGx1bWUuY29tIiwic3RhZ2luZy1wd2IucGx1bWUuY29tOnVzLXdlc3QtMjo1NmM0MjQzOS1iZTJjLTQ1MjMtOGJlMC0xMGI1ODg1ZWE3MzM6Q0dxWUNNbnZJaGMzVkhsUkpOWGRaR2hRQVJVOTJYUGswZEd0b2RuaWhBSGVmc0IzblR0aXd6YzR4dHBJRHlJdSJdLCJpc3MiOiJodHRwczovL2NvZ25pdG8taWRlbnRpdHkuYW1hem9uYXdzLmNvbSIsImh0dHBzOi8vY29nbml0by1pZGVudGl0eS5hbWF6b25hd3MuY29tL2lkZW50aXR5LXBvb2wtYXJuIjoiYXJuOmF3czpjb2duaXRvLWlkZW50aXR5OnVzLXdlc3QtMjoxNDMwODk2MTA0ODI6aWRlbnRpdHlwb29sL3VzLXdlc3QtMjo1NmM0MjQzOS1iZTJjLTQ1MjMtOGJlMC0xMGI1ODg1ZWE3MzMiLCJleHAiOjE3MDEzOTkyODgsImlhdCI6MTcwMTMxMjg4OH0.QTp-qAhDLBQMvLZaU4_bU2sUOx3lAZEZtuMGvMbYaE39qnjaTt9-IuhHN4u1NfBd6Ct-OrwlGQkzp6OVnAG8dkkUDQW61ZsWKDOxcp-LK8t-3n-9Efo9z9sJITCFZ-aMKjLrT-m3wwVcKNaLcuZQ8W56r4TbKyub8IW_s9q5wI1fDiDRpmh1b-uwB3zPqC1qL_ENfAsyyxdfq6SMBJ-npDIt3tww26m3vvdDRvj-EAT_Na8zC1XJGEehWzW4rtudgQvd9wGA-lGdRuMc_GRDawwdkatqRossxnGqyo3pqbl-2ZnB7Xwjh0D4xcAp3Qj3qYhcImb4e7SSekPuYpJekw",
        "idToken": "eyJraWQiOiJJZGVudGl0eVRva2VuU2lnbktleSIsImFsZyI6IlJTNTEyIn0%3D.eyJpc3MiOiJhd3MtbGFtYmRhIiwiZXhwIjoxNzE2ODY0ODg4LCJzdWIiOiJpZC10b2tlbiIsImF1ZCI6InJpbmciLCJqdGkiOiJiYjRmOWZiYi1mYmY0LTRmMWMtYmNjMi1hYmE2Yzk5Njg0MmUiLCJ1c2VySWQiOiI2NTNmMTA4YTM5NmRlMjAwMGFjZDQzZDQiLCJlbWFpbCI6InRocml2ZS1pb3MrNEBwbHVtZS5jb20iLCJnZW5kZXIiOiIiLCJiaXJ0aGRhdGUiOiIifQ%3D%3D.ezPiEku1%2Bw9qJGkOTkxOVFs1SQVOwnwlQovx%2FcVMf%2Ffs6vhFrpY%2Bv2QYJBQtv%2FSXAtvVp%2FCu0445fNW4Lsaj7epbAnvYN3IDLQH2LW6zWvw0yed9L0Xpug3NZD2vipbcMPgS6y67H4YiuJQDcLWW49g8do3%2FbAO5tTJhGM7bHxrCCTGgqpfb6V9J4zBnZ91ZXyTcAAXWQ44DtYDz99R9iUvbBMUdjyj53N4IsnI8cnKD%2BZVs1jmoqa%2B6v4HAfzGpe7z3ee9BiO13N4fddmLSDWq9TxRZFsai4cDaCFRN14o7nLRCG3uRbjxunpaVB0Z2x7I8df1f6YpuyMz0zdSlvZyuJZpd7nnSGyi1AB6v5dfJmqXNQ9fAF0BmzS%2FoIZSHxyNt6Fe42nh0aDUGSL%2BWAyovwf9VH1kfyCJxXvHMwNFQNhsnIsAzlk3ZwP7pzCT2ltzjRChk6lRnHdwNjUKbYQyvXMNklabg0GA7aVJtZYFa63Eo6z1jIeXOOdTYyq1Q%2BEDdUKbrvmy2w5v2BN4z5spdIcHk4l3%2BrgU16Xva%2BgeAlWE5ov4BIXGFXbsInCNa4aZVijdO9BSMJBw8MQgtuWbMIZRs6kY1TtHKiiBNGl7jOQygtql72JBrDNbZXHwcKMKnqmQ9GxZOHCX7e1L%2B68LkM75qx9eh%2FWljeetVMkA%3D",
        "refreshToken": "eyJraWQiOiJSZWZyZXNoVG9rZW5TaWduS2V5IiwiY3R5IjoiSldUIiwiZW5jIjoiQTI1NkdDTSIsImFsZyI6IlJTNTEyIn0%3D.AQICAHgg7rlLlhJZMilo20zyx9NECjg%2F8q0XYyoRMcHYs4Nh4AG3QPXkgkpu8k7SBMzv6MSSAAABUTCCAU0GCSqGSIb3DQEHBqCCAT4wggE6AgEAMIIBMwYJKoZIhvcNAQcBMB4GCWCGSAFlAwQBLjARBAx0uuHNS6FXO6nPhVwCARCAggEEbSqyvsc2yhcW2IQAPmLM%2BVH4xU%2BGoVJrcumsA0Btv9x9vtmvQeswQmYfF0%2FJ9RaMw6dt%2B9jF7jhLLYm0jhBYt3XEyfS%2FOP05IG6vP7lIkx0kiO1eEX%2F2VnwcS7sTH5F8Rc0qfvRgcmxDvZ8aPuQlMQLIT7RdrVU%2F1L6tPqVd0T8jCxhMLEjtO61a9csdNnZ2y2Dm4%2BwAsz7PZJmJtz1qz6afQUUICRa7yt4n%2BtTLkWnGiaAVyaf2qZTsqpl1AlwIuPIK3s1GVdmaEMX3q39QI7mMLz5N85sCEIqu76xOhRipC%2BO0TB5eJTyD4aFmIXKXOtoA2No2Tf5w6lenIPxUGvOmZ6o%3D.a9Xi9bj1T4rZ4mPtuXMixEeuJePLrPLQAlRw6fbaxMOFl1hzii%2F8JxCUqbPnIPuG%2FW6BM7UMSTwBNKK1RO%2FLDMb8Co%2BXOMMpDthZDn2vEifwpnMWxwd85DNsBnYfd%2BYTpBN5%2BSGnzXtoRatrl4Jnvssb9hRN6T7WRahOGAIwsDuHXrlz7dJ80R%2F7MxvbXjnB94tv%2FCL8yVpw8Vh4LbqtCX4mS6sGNXjQSfI1bMMXTcM3PXKOICYap0v8ce7SWA0L8XNTW8toebqCwgxvY%2F1yX%2FFddP82Fs7%2BE9ab9CQJcNorXx%2FyxQ4r%2FClDIC0F3TCZgixHBPLuuyOr9gWtCRaytkJazmeUTdM5uQzY%2FZ8h%2BBvAT%2BX3x5uIPZCBLmFFMAyd1aqUOBoSegG2FMAKP%2B%2BR9m296d2VI22a%2BSeS%2FyAhS9T2qEGPSwadzJ%2FOS2ExhUZa7MbFW%2BL0jH6I6eZqnx%2FF%2BRiLnsej6YPQxn185Z4ohGweguKJXYPsW8XyqbC%2BMhiddKl6hwqCvh%2F2pffqow6lDTp0WP1Y%2FqMGjCUBV%2F4%2BWz%2BN4whWakNXmVlapwjNsqnjqvE2MffvpUkEHjCmmULSw7PFIFF3oV579sBL2GZNhRkvrrixosaDF5pyPvkmFXsAlOEaHlZ3cRsSkmH1xBqYXD6YK5UOiTfQhPZyBbpbt0k%3D",
        "identityId": "us-west-2:4e6c83be-eb44-4497-9cb8-6731bbd89deb"
    }
}

2023-11-30 10:54:54: -----------Request----------->
POST https://thrive-dog1-usw2-api.data.plume.tech/pwb/GetDailySleepInsightList

User-Agent: python-requests/2.31.0
Accept-Encoding: gzip, deflate
accept: application/json
Connection: keep-alive
Authorization: Bearer eyJraWQiOiJ1cy13ZXN0LTI0IiwidHlwIjoiSldTIiwiYWxnIjoiUlM1MTIifQ.eyJzdWIiOiJ1cy13ZXN0LTI6NGU2YzgzYmUtZWI0NC00NDk3LTljYjgtNjczMWJiZDg5ZGViIiwiYXVkIjoidXMtd2VzdC0yOjU2YzQyNDM5LWJlMmMtNDUyMy04YmUwLTEwYjU4ODVlYTczMyIsImFtciI6WyJhdXRoZW50aWNhdGVkIiwic3RhZ2luZy1wd2IucGx1bWUuY29tIiwic3RhZ2luZy1wd2IucGx1bWUuY29tOnVzLXdlc3QtMjo1NmM0MjQzOS1iZTJjLTQ1MjMtOGJlMC0xMGI1ODg1ZWE3MzM6Q0dxWUNNbnZJaGMzVkhsUkpOWGRaR2hRQVJVOTJYUGswZEd0b2RuaWhBSGVmc0IzblR0aXd6YzR4dHBJRHlJdSJdLCJpc3MiOiJodHRwczovL2NvZ25pdG8taWRlbnRpdHkuYW1hem9uYXdzLmNvbSIsImh0dHBzOi8vY29nbml0by1pZGVudGl0eS5hbWF6b25hd3MuY29tL2lkZW50aXR5LXBvb2wtYXJuIjoiYXJuOmF3czpjb2duaXRvLWlkZW50aXR5OnVzLXdlc3QtMjoxNDMwODk2MTA0ODI6aWRlbnRpdHlwb29sL3VzLXdlc3QtMjo1NmM0MjQzOS1iZTJjLTQ1MjMtOGJlMC0xMGI1ODg1ZWE3MzMiLCJleHAiOjE3MDEzOTkyODgsImlhdCI6MTcwMTMxMjg4OH0.QTp-qAhDLBQMvLZaU4_bU2sUOx3lAZEZtuMGvMbYaE39qnjaTt9-IuhHN4u1NfBd6Ct-OrwlGQkzp6OVnAG8dkkUDQW61ZsWKDOxcp-LK8t-3n-9Efo9z9sJITCFZ-aMKjLrT-m3wwVcKNaLcuZQ8W56r4TbKyub8IW_s9q5wI1fDiDRpmh1b-uwB3zPqC1qL_ENfAsyyxdfq6SMBJ-npDIt3tww26m3vvdDRvj-EAT_Na8zC1XJGEehWzW4rtudgQvd9wGA-lGdRuMc_GRDawwdkatqRossxnGqyo3pqbl-2ZnB7Xwjh0D4xcAp3Qj3qYhcImb4e7SSekPuYpJekw
Content-Type: application/json
Content-Length: 134

{
    "userId": "653f108a396de2000acd43d4",
    "startTime": 1701273600,
    "endTime": 1701359999,
    "pageSize": 1,
    "startKey": "",
    "utcOffset": -8
}

2023-11-30 10:54:54: <-----------Response-----------
Status code: 200, elapsed seconds: 1.924838

Date: Thu, 30 Nov 2023 02:54:52 GMT
Content-Type: application/json
Content-Length: 577
Connection: keep-alive
x-amzn-RequestId: 6e7e1509-43db-450e-bbc7-e7a6ae537f1f
Access-Control-Allow-Origin: *
x-amz-apigw-id: PMPrTHydvHcEJuA=
X-Amzn-Trace-Id: Root=1-6567f97b-0beddd2d36f064381fdae84e;Sampled=0;lineage=75671f14:0

{
    "data": {
        "userId": "653f108a396de2000acd43d4",
        "startTime": 1701273600,
        "endTime": 1701359999,
        "startKey": "",
        "dailySleepInsightList": [
            {
                "deepSleepTime": 3000,
                "awakeTime": 0,
                "remTime": 2400,
                "lightSleepTime": 10195,
                "totalSleepTime": 15595,
                "wakeUpTimes": 0,
                "userId": "653f108a396de2000acd43d4",
                "sleepDate": 1701273600,
                "timeZone": "Asia/Brunei",
                "utcOffset": 8,
                "startTime": 1701289157,
                "endTime": 1701305652,
                "maxHr": 79,
                "minHr": 62,
                "maxSpo2": 100,
                "minSpo2": 96,
                "sleepSessionId": "541d71833aca0cedad83b6a7e87eb4d8",
                "avgHr": 68,
                "avgSpo2": 99,
                "sleepScore": 4
            }
        ]
    },
    "result": {
        "code": 201000,
        "message": "Successfully."
    }
}

