2023-11-23 13:50:38: -----------Request----------->
POST https://thrive-dog1-usw2-api.data.plume.tech/pwb/PlumeCloudLogin

User-Agent: python-requests/2.31.0
Accept-Encoding: gzip, deflate
accept: application/json
Connection: keep-alive
Content-Type: application/json
Content-Length: 73

{
    "email": "thrive-ios+4@plume.com",
    "password": "plume1234",
    "ttl": 3600
}

2023-11-23 13:50:38: <-----------Response-----------
Status code: 200, elapsed seconds: 1.918081

Date: Thu, 23 Nov 2023 05:50:36 GMT
Content-Type: application/json
Content-Length: 729
Connection: keep-alive
x-amzn-RequestId: 4ebb0b82-0da5-4722-802c-2fb53fcb3197
Access-Control-Allow-Origin: *
x-amz-apigw-id: O1k22HEOPHcENOg=
X-Amzn-Trace-Id: Root=1-655ee82b-54a41d56750eaa46035fc346;Sampled=0;lineage=7fdd2b1e:0

{
    "data": {
        "id": "sf4XJ9UhaciCL68ivoWwcajmNGvmbsNfnagX2ozmw6Y7ErRT97CHyQELUMP6reHI",
        "ttl": 3600,
        "created": "2023-11-23T05:50:36.695Z",
        "userId": "653f108a396de2000acd43d4",
        "expireAt": "2023-11-23T06:50:36.695Z",
        "user": {
            "id": "653f108a396de2000acd43d4",
            "accountId": "3b2c42d4-7cee-4756-b4bd-491cacc1ae57",
            "anonymous": false,
            "autoProvisioned": false,
            "name": "thrive-ios+4",
            "locked": false,
            "partnerId": "mobile_qa_test",
            "acceptLanguage": "en-US",
            "preferredLanguage": "en",
            "source": "customCreate",
            "createdAt": "2023-10-30T02:10:18.214Z",
            "provisioningSsoAuditTrail": false,
            "_version": "1.0.0",
            "email": "thrive-ios+4@plume.com",
            "emailVerified": true,
            "firstKnownLoginTimestamp": "2023-10-30T02:15:53.570Z"
        }
    },
    "result": {
        "code": 201000,
        "message": "Successfully."
    }
}

2023-11-23 13:50:43: -----------Request----------->
POST https://thrive-dog1-usw2-api.data.plume.tech/pwb/AuthenticateWithPlumeToken

User-Agent: python-requests/2.31.0
Accept-Encoding: gzip, deflate
accept: application/json
Connection: keep-alive
Content-Type: application/json
Content-Length: 121

{
    "accessToken": "sf4XJ9UhaciCL68ivoWwcajmNGvmbsNfnagX2ozmw6Y7ErRT97CHyQELUMP6reHI",
    "userId": "653f108a396de2000acd43d4"
}

2023-11-23 13:50:43: <-----------Response-----------
Status code: 200, elapsed seconds: 2.215586

Date: Thu, 23 Nov 2023 05:50:41 GMT
Content-Type: application/json
Content-Length: 3832
Connection: keep-alive
x-amzn-RequestId: fdeb52ad-cdfe-462f-9fef-b42b89817fbf
Access-Control-Allow-Origin: *
x-amz-apigw-id: O1k3dEeSPHcETNA=
X-Amzn-Trace-Id: Root=1-655ee82f-5526bb755094ae996f0a64fe;Sampled=0;lineage=144e69e0:0

{
    "data": {
        "email": "thrive-ios+4@plume.com",
        "userGroup": "admin",
        "userName": "thrive-ios+4",
        "userId": "653f108a396de2000acd43d4",
        "accessToken": "eyJraWQiOiJ1cy13ZXN0LTI0IiwidHlwIjoiSldTIiwiYWxnIjoiUlM1MTIifQ.eyJzdWIiOiJ1cy13ZXN0LTI6NzEyMDM0NDgtMjAwMS00Njc3LWJlNmQtYThhNzcwMWNkMDUyIiwiYXVkIjoidXMtd2VzdC0yOjU2YzQyNDM5LWJlMmMtNDUyMy04YmUwLTEwYjU4ODVlYTczMyIsImFtciI6WyJhdXRoZW50aWNhdGVkIiwic3RhZ2luZy1wd2IucGx1bWUuY29tIiwic3RhZ2luZy1wd2IucGx1bWUuY29tOnVzLXdlc3QtMjo1NmM0MjQzOS1iZTJjLTQ1MjMtOGJlMC0xMGI1ODg1ZWE3MzM6c2Y0WEo5VWhhY2lDTDY4aXZvV3djYWptTkd2bWJzTmZuYWdYMm96bXc2WTdFclJUOTdDSHlRRUxVTVA2cmVISSJdLCJpc3MiOiJodHRwczovL2NvZ25pdG8taWRlbnRpdHkuYW1hem9uYXdzLmNvbSIsImh0dHBzOi8vY29nbml0by1pZGVudGl0eS5hbWF6b25hd3MuY29tL2lkZW50aXR5LXBvb2wtYXJuIjoiYXJuOmF3czpjb2duaXRvLWlkZW50aXR5OnVzLXdlc3QtMjoxNDMwODk2MTA0ODI6aWRlbnRpdHlwb29sL3VzLXdlc3QtMjo1NmM0MjQzOS1iZTJjLTQ1MjMtOGJlMC0xMGI1ODg1ZWE3MzMiLCJleHAiOjE3MDA4MDUwNDAsImlhdCI6MTcwMDcxODY0MH0.GCBNyMzn-8QAixeEwrZUNMTMHd71BjUBxbO0btrkyTMrgN2PeccnQrI6S91AMG9kevZZJry17IHR4tT5LidRb6_POC97gRQHoQgyzOcbZbMxuxUHuskjJBwSFVpoVp4Tirx6yN5lyNpS65GDDQxLuaGGcPArnfZKvMZ_SpPxqNN4DT-85_I101REZF4qWj4Z9ysRPA3D5GzA0YDQ8yy9uCjAnoFE9-lmmScVhXEJUpD_LDNWraJfz7jo7JCjSUD4UC2gmfuUjrfLYey5P6sbqBPlT4ZN2R7IiPcqOPWIvpcVhf5qWdQQtzL7-MXpO1YRoJS3LHr74xEN1kcHip-SPA",
        "idToken": "eyJraWQiOiJJZGVudGl0eVRva2VuU2lnbktleSIsImFsZyI6IlJTNTEyIn0%3D.eyJpc3MiOiJhd3MtbGFtYmRhIiwiZXhwIjoxNzE2MjcwNjQxLCJzdWIiOiJpZC10b2tlbiIsImF1ZCI6InJpbmciLCJqdGkiOiI5OTgzNWRkNS0yOTU0LTRiNWMtYmE3NS1hYjE4MWM4ZmQ0YmIiLCJ1c2VySWQiOiI2NTNmMTA4YTM5NmRlMjAwMGFjZDQzZDQiLCJlbWFpbCI6InRocml2ZS1pb3MrNEBwbHVtZS5jb20iLCJnZW5kZXIiOiIiLCJiaXJ0aGRhdGUiOiIifQ%3D%3D.ELASiv5vXqOga6HlaOKTCFppZhWhyLFxKzJlq5XJrLtpCm2zEUR1qDMNMEGMCtUz30%2F0lTSnODayrf1V0vvO17XHAYatmSHgIGGR5GlCrSAH%2B1wdgGw1bY24xx%2BHyI6jywSELgiw3xOHnbqqQ%2F705%2F3EYwLVM97bWv2vHsQ7DW2KU5hzaNbE%2BSFNImXLLMRwVtAqZEX%2BVKXI0W9TTM0grdevVRcDkQaSmlCgx1GGHL%2FGyMHxqaIJBgf429TZWVp70XDxJAP0YY7A%2FpiMFvcb8zIMeHXE80uxeYNFWXSTsxUuKN2X4SjvLsjyT6ZBQa9pqP7sBJTH%2FPA3xfdI7DAGkCRFwcaui6wfxG%2B3gUbKBPEN9w2xqB2Pc1nkAc6Vz%2Fiv%2FvGiudlc8GuoZqOYGLziTuocCIXncTqhjjQ3mIwVp3Aimu61PSzVzrok5MViVmFbKIA86m8QoOg7YppRJTbOa971hwG4wMzikpF8P7UC4Y3ob2xLVHIsnKTinI2hE9a%2F%2Bcs3E9rqeJ1NxlzF%2FzW9%2BYzkeifxP%2FxgQenceiVmCwdBsWQTEql%2B15wlZauxrz0z6S9uWwNoPuCH%2Bm9Ne7hy05bvY6igOEIcYwMEtd7XTcQKGfB5V8372z8xMuiPGv%2FZj51X%2F7tWjtGgKTVisuKyfJMcJ%2FXXFQGCOD94hnxqMWA%3D",
        "refreshToken": "eyJraWQiOiJSZWZyZXNoVG9rZW5TaWduS2V5IiwiY3R5IjoiSldUIiwiZW5jIjoiQTI1NkdDTSIsImFsZyI6IlJTNTEyIn0%3D.AQICAHgg7rlLlhJZMilo20zyx9NECjg%2F8q0XYyoRMcHYs4Nh4AHclhZayhklsAR%2FrpLq%2BXtPAAABUTCCAU0GCSqGSIb3DQEHBqCCAT4wggE6AgEAMIIBMwYJKoZIhvcNAQcBMB4GCWCGSAFlAwQBLjARBAybJof3mwnczg8hg38CARCAggEEOHsu5ltW%2FFenamI8wcE1ZY8FOU544x%2Bj0by7U35Ae0o4XNRCMoJQCAvHVrIdaYHuWuk%2B6R7sSt5q%2FKHTEtW4%2F9L7gZGVlnGx5LwBC3v%2FJvFIpuyxcIYbPG7L0W%2BZOQV2V%2BzHMxe%2F7QVO1olVOM5vuhQpY9yZEEulc%2B3LahcvB2Ms1GMxdQ%2F%2BpICmKBQncujjomaVfJLHKyCTWd9Cvoi4nyHXail1OPEb0vtteORI2BXa%2FNVungWoSosWaoGEc57cSwChbCrbwORcCRQzCOwg2lJKO0VM5usmkZ5p96xeJzIXWV5LoGM3cOSc8AzmoAOZZCom5sGF7uQ2cM50C%2BqWvsGj0IA%3D.kdYcRhiUXRXqVhBLT08egJPMW0JPjHOaWYH6q3W0Rvpyl%2B4c%2FE7XecWJBaMOE24lAPim4vzGpFDW%2B%2BCNlEmBrDmGwudWITcgznJL5v5XsEmniVYmWM7lmrnjLcc09CLcFzftQtBD1r3U2w30dUpyh53bT98DjCuFLj1tIom28dPef%2F%2Bigm5LPl7cV2iLiG1t7Ktrrzz7xzleEgKsTd07x%2FnWfz3x3JWGnpJBz9kGmd2UeYTECRLYUsbtOjsAu4E1y%2BeAe8DVgtqIwROu1%2BmBOGeUweAZNoxqRJpVxrPKNNqYp8T31Jt1dbO94KRnRq%2BkL5R1XNZ8sHt6wItqgD0fdF51znlVQD27APaEJASQTt%2FpGTGhIGTTNw17bFQfBM7iRJsWB7yszurOcLglwJvhUINs9z1tJiTq%2FH1UfTzysJTsFeGpQa47NfrhToLlqsewaWmlGS4OIKAqQWW52D1KfDE%2BGhj71dB97Hm8nDW9Ir6h3dch4wJbLMvMBsVthAqMfgRRAcBWMOmFgrf6Xm1fWh42RvwLE6t4vGuXSvm2S6LVcNAxAL9BGq2tuiDDBLgNBcoPFqu2%2BytS2dYCDxx8WzzizaTYqeJHYDLHdmchN4q1igZifZCLLsQZ%2BLgD7luAywOO%2FIu93hPB4tvGIQuT3SDwMyARn%2Fg5k4F360CgYv0%3D",
        "identityId": "us-west-2:71203448-2001-4677-be6d-a8a7701cd052"
    }
}

2023-11-23 13:50:50: -----------Request----------->
POST https://thrive-dog1-usw2-api.data.plume.tech/pwb/RegisterDevice

User-Agent: python-requests/2.31.0
Accept-Encoding: gzip, deflate
accept: application/json
Connection: keep-alive
Authorization: Bearer eyJraWQiOiJ1cy13ZXN0LTI0IiwidHlwIjoiSldTIiwiYWxnIjoiUlM1MTIifQ.eyJzdWIiOiJ1cy13ZXN0LTI6NzEyMDM0NDgtMjAwMS00Njc3LWJlNmQtYThhNzcwMWNkMDUyIiwiYXVkIjoidXMtd2VzdC0yOjU2YzQyNDM5LWJlMmMtNDUyMy04YmUwLTEwYjU4ODVlYTczMyIsImFtciI6WyJhdXRoZW50aWNhdGVkIiwic3RhZ2luZy1wd2IucGx1bWUuY29tIiwic3RhZ2luZy1wd2IucGx1bWUuY29tOnVzLXdlc3QtMjo1NmM0MjQzOS1iZTJjLTQ1MjMtOGJlMC0xMGI1ODg1ZWE3MzM6c2Y0WEo5VWhhY2lDTDY4aXZvV3djYWptTkd2bWJzTmZuYWdYMm96bXc2WTdFclJUOTdDSHlRRUxVTVA2cmVISSJdLCJpc3MiOiJodHRwczovL2NvZ25pdG8taWRlbnRpdHkuYW1hem9uYXdzLmNvbSIsImh0dHBzOi8vY29nbml0by1pZGVudGl0eS5hbWF6b25hd3MuY29tL2lkZW50aXR5LXBvb2wtYXJuIjoiYXJuOmF3czpjb2duaXRvLWlkZW50aXR5OnVzLXdlc3QtMjoxNDMwODk2MTA0ODI6aWRlbnRpdHlwb29sL3VzLXdlc3QtMjo1NmM0MjQzOS1iZTJjLTQ1MjMtOGJlMC0xMGI1ODg1ZWE3MzMiLCJleHAiOjE3MDA4MDUwNDAsImlhdCI6MTcwMDcxODY0MH0.GCBNyMzn-8QAixeEwrZUNMTMHd71BjUBxbO0btrkyTMrgN2PeccnQrI6S91AMG9kevZZJry17IHR4tT5LidRb6_POC97gRQHoQgyzOcbZbMxuxUHuskjJBwSFVpoVp4Tirx6yN5lyNpS65GDDQxLuaGGcPArnfZKvMZ_SpPxqNN4DT-85_I101REZF4qWj4Z9ysRPA3D5GzA0YDQ8yy9uCjAnoFE9-lmmScVhXEJUpD_LDNWraJfz7jo7JCjSUD4UC2gmfuUjrfLYey5P6sbqBPlT4ZN2R7IiPcqOPWIvpcVhf5qWdQQtzL7-MXpO1YRoJS3LHr74xEN1kcHip-SPA
Content-Type: application/json
Content-Length: 78

{
    "userId": "653f108a396de2000acd43d4",
    "deviceId": "653f108a396de2000acd43d4"
}

2023-11-23 13:50:50: <-----------Response-----------
Status code: 200, elapsed seconds: 1.91865

Date: Thu, 23 Nov 2023 05:50:47 GMT
Content-Type: application/json
Content-Length: 88
Connection: keep-alive
x-amzn-RequestId: 99ccaf6f-ebff-45d2-a9f2-883edf64eae4
Access-Control-Allow-Origin: *
x-amz-apigw-id: O1k4mGByPHcEK6Q=
X-Amzn-Trace-Id: Root=1-655ee836-17f64a2f487c9bbb50d64d9c;Sampled=0;lineage=c0ee9507:0

{
    "data": {
        "registerStatus": "Success"
    },
    "result": {
        "code": 201000,
        "message": "Successfully."
    }
}

2023-11-23 13:50:56: -----------Request----------->
POST https://thrive-dog1-usw2-api.data.plume.tech/pwb/UnregisterDevice

User-Agent: python-requests/2.31.0
Accept-Encoding: gzip, deflate
accept: application/json
Connection: keep-alive
Authorization: Bearer eyJraWQiOiJ1cy13ZXN0LTI0IiwidHlwIjoiSldTIiwiYWxnIjoiUlM1MTIifQ.eyJzdWIiOiJ1cy13ZXN0LTI6NzEyMDM0NDgtMjAwMS00Njc3LWJlNmQtYThhNzcwMWNkMDUyIiwiYXVkIjoidXMtd2VzdC0yOjU2YzQyNDM5LWJlMmMtNDUyMy04YmUwLTEwYjU4ODVlYTczMyIsImFtciI6WyJhdXRoZW50aWNhdGVkIiwic3RhZ2luZy1wd2IucGx1bWUuY29tIiwic3RhZ2luZy1wd2IucGx1bWUuY29tOnVzLXdlc3QtMjo1NmM0MjQzOS1iZTJjLTQ1MjMtOGJlMC0xMGI1ODg1ZWE3MzM6c2Y0WEo5VWhhY2lDTDY4aXZvV3djYWptTkd2bWJzTmZuYWdYMm96bXc2WTdFclJUOTdDSHlRRUxVTVA2cmVISSJdLCJpc3MiOiJodHRwczovL2NvZ25pdG8taWRlbnRpdHkuYW1hem9uYXdzLmNvbSIsImh0dHBzOi8vY29nbml0by1pZGVudGl0eS5hbWF6b25hd3MuY29tL2lkZW50aXR5LXBvb2wtYXJuIjoiYXJuOmF3czpjb2duaXRvLWlkZW50aXR5OnVzLXdlc3QtMjoxNDMwODk2MTA0ODI6aWRlbnRpdHlwb29sL3VzLXdlc3QtMjo1NmM0MjQzOS1iZTJjLTQ1MjMtOGJlMC0xMGI1ODg1ZWE3MzMiLCJleHAiOjE3MDA4MDUwNDAsImlhdCI6MTcwMDcxODY0MH0.GCBNyMzn-8QAixeEwrZUNMTMHd71BjUBxbO0btrkyTMrgN2PeccnQrI6S91AMG9kevZZJry17IHR4tT5LidRb6_POC97gRQHoQgyzOcbZbMxuxUHuskjJBwSFVpoVp4Tirx6yN5lyNpS65GDDQxLuaGGcPArnfZKvMZ_SpPxqNN4DT-85_I101REZF4qWj4Z9ysRPA3D5GzA0YDQ8yy9uCjAnoFE9-lmmScVhXEJUpD_LDNWraJfz7jo7JCjSUD4UC2gmfuUjrfLYey5P6sbqBPlT4ZN2R7IiPcqOPWIvpcVhf5qWdQQtzL7-MXpO1YRoJS3LHr74xEN1kcHip-SPA
Content-Type: application/json
Content-Length: 38

{
    "userId": "653f108a396de2000acd43d4"
}

2023-11-23 13:50:56: <-----------Response-----------
Status code: 200, elapsed seconds: 1.929747

Date: Thu, 23 Nov 2023 05:50:54 GMT
Content-Type: application/json
Content-Length: 90
Connection: keep-alive
x-amzn-RequestId: 03ea6a2c-23d1-404f-8ed2-f6d72d3c71bb
Access-Control-Allow-Origin: *
x-amz-apigw-id: O1k5rFEUPHcEL5g=
X-Amzn-Trace-Id: Root=1-655ee83d-1e9a41ab69118e1b6b0435d1;Sampled=0;lineage=f5980d93:0

{
    "data": {
        "unregisterResult": "Success"
    },
    "result": {
        "code": 201000,
        "message": "Successfully."
    }
}

