2023-11-23 09:46:20: -----------Request----------->
POST https://thrive-dog1-usw2-api.data.plume.tech/pwb/PlumeCloudLogin

User-Agent: python-requests/2.31.0
Accept-Encoding: gzip, deflate
accept: application/json
Connection: keep-alive
Content-Type: application/json
Content-Length: 73

{
    "email": "thrive-ios+4@plume.com",
    "password": "plume1234",
    "ttl": 3600
}

2023-11-23 09:46:20: <-----------Response-----------
Status code: 200, elapsed seconds: 1.949038

Date: Thu, 23 Nov 2023 01:46:18 GMT
Content-Type: application/json
Content-Length: 729
Connection: keep-alive
x-amzn-RequestId: 4e4ac635-5e02-4538-a8f5-eefbc504c7e2
Access-Control-Allow-Origin: *
x-amz-apigw-id: O1BErFqhvHcEpaA=
X-Amzn-Trace-Id: Root=1-655eaeea-34c372bf230f5a2a3578d8cf;Sampled=0;lineage=7fdd2b1e:0

{
    "data": {
        "id": "P5DDlWjBGRDRFwJytbG1Iyd92zDuJkJZEzaBiE1B0ncfceCoBrTV3BZajbor2GXf",
        "ttl": 3600,
        "created": "2023-11-23T01:46:18.601Z",
        "userId": "653f108a396de2000acd43d4",
        "expireAt": "2023-11-23T02:46:18.601Z",
        "user": {
            "id": "653f108a396de2000acd43d4",
            "accountId": "3b2c42d4-7cee-4756-b4bd-491cacc1ae57",
            "anonymous": false,
            "autoProvisioned": false,
            "name": "thrive-ios+4",
            "locked": false,
            "partnerId": "mobile_qa_test",
            "acceptLanguage": "en-US",
            "preferredLanguage": "en",
            "source": "customCreate",
            "createdAt": "2023-10-30T02:10:18.214Z",
            "provisioningSsoAuditTrail": false,
            "_version": "1.0.0",
            "email": "thrive-ios+4@plume.com",
            "emailVerified": true,
            "firstKnownLoginTimestamp": "2023-10-30T02:15:53.570Z"
        }
    },
    "result": {
        "code": 201000,
        "message": "Successfully."
    }
}

2023-11-23 09:46:23: -----------Request----------->
POST https://thrive-dog1-usw2-api.data.plume.tech/pwb/AuthenticateWithPlumeToken

User-Agent: python-requests/2.31.0
Accept-Encoding: gzip, deflate
accept: application/json
Connection: keep-alive
Content-Type: application/json
Content-Length: 121

{
    "accessToken": "P5DDlWjBGRDRFwJytbG1Iyd92zDuJkJZEzaBiE1B0ncfceCoBrTV3BZajbor2GXf",
    "userId": "653f108a396de2000acd43d4"
}

2023-11-23 09:46:23: <-----------Response-----------
Status code: 200, elapsed seconds: 1.278121

Date: Thu, 23 Nov 2023 01:46:21 GMT
Content-Type: application/json
Content-Length: 3812
Connection: keep-alive
x-amzn-RequestId: 0247d6e9-17ac-4ddd-9802-68547099bdaf
Access-Control-Allow-Origin: *
x-amz-apigw-id: O1BFHHQpPHcEaow=
X-Amzn-Trace-Id: Root=1-655eaeed-6eb54816288f0d9d2d909005;Sampled=0;lineage=144e69e0:0

{
    "data": {
        "email": "thrive-ios+4@plume.com",
        "userGroup": "admin",
        "userName": "thrive-ios+4",
        "userId": "653f108a396de2000acd43d4",
        "accessToken": "eyJraWQiOiJ1cy13ZXN0LTI0IiwidHlwIjoiSldTIiwiYWxnIjoiUlM1MTIifQ.eyJzdWIiOiJ1cy13ZXN0LTI6MDZiMjU4MWItZjFjYS00NzE2LTlkNDItNDhkNzc5YTUwY2ZhIiwiYXVkIjoidXMtd2VzdC0yOjU2YzQyNDM5LWJlMmMtNDUyMy04YmUwLTEwYjU4ODVlYTczMyIsImFtciI6WyJhdXRoZW50aWNhdGVkIiwic3RhZ2luZy1wd2IucGx1bWUuY29tIiwic3RhZ2luZy1wd2IucGx1bWUuY29tOnVzLXdlc3QtMjo1NmM0MjQzOS1iZTJjLTQ1MjMtOGJlMC0xMGI1ODg1ZWE3MzM6UDVERGxXakJHUkRSRndKeXRiRzFJeWQ5MnpEdUprSlpFemFCaUUxQjBuY2ZjZUNvQnJUVjNCWmFqYm9yMkdYZiJdLCJpc3MiOiJodHRwczovL2NvZ25pdG8taWRlbnRpdHkuYW1hem9uYXdzLmNvbSIsImh0dHBzOi8vY29nbml0by1pZGVudGl0eS5hbWF6b25hd3MuY29tL2lkZW50aXR5LXBvb2wtYXJuIjoiYXJuOmF3czpjb2duaXRvLWlkZW50aXR5OnVzLXdlc3QtMjoxNDMwODk2MTA0ODI6aWRlbnRpdHlwb29sL3VzLXdlc3QtMjo1NmM0MjQzOS1iZTJjLTQ1MjMtOGJlMC0xMGI1ODg1ZWE3MzMiLCJleHAiOjE3MDA3OTAzODEsImlhdCI6MTcwMDcwMzk4MX0.CEO0xatpvrJEdlwD1cNqRnN1Uxj8uCKvgEVoPA8o2THPh9Juzb-IelFx-xZUIB1DCC6LNZt2WttF-9Dt1-KTR_pRHi7uZvsSAkQpJZXsdClEIR_SCW5vqziBFGhqDX2Km8JztUnrO3-xSJGKZ9JrIgp_O7ACjf87WFsERM5x-2N-64Jysbmt0AE9H7T4SuCMamXJqgOXgEEPLg-Lt3fngaPrWHG3_SvAFISAr3k1x5Yj46MmUb27x35GAa-EcwMCxUVzunFlne-azFy7wKbltW5qawGld0u7lYote_q5lqsqUBAWXiVPHEkeLKasepjE7oSDAUCosFJXMX9PZen-8g",
        "idToken": "eyJraWQiOiJJZGVudGl0eVRva2VuU2lnbktleSIsImFsZyI6IlJTNTEyIn0%3D.eyJpc3MiOiJhd3MtbGFtYmRhIiwiZXhwIjoxNzE2MjU1OTgxLCJzdWIiOiJpZC10b2tlbiIsImF1ZCI6InJpbmciLCJqdGkiOiI1OTk1OWZlYi1iZDJhLTQ5ZDMtOWE5NS01MTE0M2RjZjA2NjAiLCJ1c2VySWQiOiI2NTNmMTA4YTM5NmRlMjAwMGFjZDQzZDQiLCJlbWFpbCI6InRocml2ZS1pb3MrNEBwbHVtZS5jb20iLCJnZW5kZXIiOiIiLCJiaXJ0aGRhdGUiOiIifQ%3D%3D.Ubyno8jlg5lbtRWU22idw%2B4t64TzbVZga3uxGFJUottWUZY1uvciWvWNwWS02LsU2u146QS606De0QmTlrl9kkYyGTHpKbzB136HSvC1BraC7Mu7o8zRIT3byieKlzGiZnNqfYqTPSYYPL93eL9crKfpX9hLqFLl%2FR%2BR6rp8ni3qIQj0%2FrMUJwh2oaaEgshaGqwu12jSbfBeoYXxOd1Y%2FpZ1BbcOe%2B3O7pNfDNeohCGMzj7ERv4z6qXqBb7rnCzppj6oGxyDjNAHxZCsleXNqvUqI9XjzLK%2FmNT23JJaausqIqAAYPkmEnsGV48Ga9sMFX5nNf%2FQ9t8jnrV9UB2KBfTXtAxQd1uuDwxGo4%2BiGIxfLP05gZiSvxu6pYeAswoujB9svMJ62jYPtcpe9OVU0ZeH7JFPXe%2BnW6vl0W1I76B6adn7aBsuDEizhHoiSHOSnbdghowdHcVifwepjpe3lQ13K%2BKxQVJNUfgywnepX4trvnF%2BYADdqktxQoQHB7sOSTXS8qcvjr%2Fy9Nqo2onxRFoFPjUhPfUyp8Rre%2BXoa9YZhG353%2Fugb03brUcnyoAMxBlGdW8jCJBP6OGDvsDyQJmolOTFjtZJsCHFoRuKKhxODjaEarVZKpqJPb2PqgM%2FKj6eSkmJ1vVzn%2FNmmmkaad4s%2FVzcOVQG7H%2F2nlgH9ys%3D",
        "refreshToken": "eyJraWQiOiJSZWZyZXNoVG9rZW5TaWduS2V5IiwiY3R5IjoiSldUIiwiZW5jIjoiQTI1NkdDTSIsImFsZyI6IlJTNTEyIn0%3D.AQICAHgg7rlLlhJZMilo20zyx9NECjg%2F8q0XYyoRMcHYs4Nh4AEAkW9bgpL87pCA2lt5%2BiDhAAABUTCCAU0GCSqGSIb3DQEHBqCCAT4wggE6AgEAMIIBMwYJKoZIhvcNAQcBMB4GCWCGSAFlAwQBLjARBAz6988cOY7lqfnSmnACARCAggEEStkXoSxzIpdWDX1%2Bii0SEsmpcyblw31XoRGwVhebh4QZ55u6UsHNtC%2FJrerHP0GCLYcazK8xnOJAl9DxqyuV1F%2BF7uKPwF%2Bw8P8srnhSD3X%2FpQpfwC9RhiEAEz%2F4TJUGBG1ajmc4lBjaEXmpY4z8K8MSNzEikohI3d1dcQ4pAlvCNdiuHU0sz0rmw71LPdAZs0OAaqg2tEBiPBgPIAVF12thi2sUh2JKObeG2y1zIH7R73D6ZJNpCgwtGgaa%2FhbTq7o1R8yxRU5cFG7eS3aA6H5DcfTgqEvQEO2%2FdvE4vs91ZFT7eOxYru%2BsNbtdCEiLykMYx95nhDUEUxyu7%2F9904wljUg%3D.QvBqagnMSjxordhHc8qNxnCmX5d2EzoODh2hVTfBWmN2BCrR5pcQVmZQ8Fv2Xvkhkf1kBiuXXpuriJBnDaP7xuqsqyc2Ti1%2BUL0nQ4gDDoBlTgaQbnmAJGXND9oq68O%2BFeQAGabuTPJnNr6ftkVupSY9XYlxvFXkKNUbRPesbx8whvah4IOtgV5J60Pd2yEYcwBAkUNhcLj%2BYBMcVTUMZa3RKGgybTkgVvRQmXJnMDFHJHCZWMw0GUtMOwLSW%2BLeY6Z%2BczrYdCW7yQJswgFoiAoY4pTdltP66eKkOPzh6cidVn3qoNpzr6%2BhIlM2R%2BCNLM%2Fw61uwL8uhH1RShOW43GlP4oMuliO9pmUKC%2FRIJswJednocOX9uPCWwwdIriwzaDXmHcwPOFgny5HQpJpA8yRNZUfSBU%2FmLdp9JCiJV4P3GSGilLAqbUfjj%2FrmCUgP4u1w%2BXrrJzVLbUYdewVPkfPqC167HMALfKu2Dgxr0SGXkjqZB1OFShv%2Fo7ukKO7KaSTki900ztHS%2BcgWJT4nAAZ5bum7HhfIE62kSW8t9ROMr30etsRdQZtCFfuru%2BW2zlK%2B5QoDWXwmCd7aaCUuqrjnxsDHkNnswFU9Ezhu493MuyyY7DWYwRXen32ivfExkB3C4DHz1cGiGVHfShNV7aDWcOhncDg49PDQZ8ETke4%3D",
        "identityId": "us-west-2:06b2581b-f1ca-4716-9d42-48d779a50cfa"
    }
}

2023-11-23 09:46:29: -----------Request----------->
POST https://thrive-dog1-usw2-api.data.plume.tech/pwb/RegisterDevice

User-Agent: python-requests/2.31.0
Accept-Encoding: gzip, deflate
accept: application/json
Connection: keep-alive
Authorization: Bearer eyJraWQiOiJ1cy13ZXN0LTI0IiwidHlwIjoiSldTIiwiYWxnIjoiUlM1MTIifQ.eyJzdWIiOiJ1cy13ZXN0LTI6MDZiMjU4MWItZjFjYS00NzE2LTlkNDItNDhkNzc5YTUwY2ZhIiwiYXVkIjoidXMtd2VzdC0yOjU2YzQyNDM5LWJlMmMtNDUyMy04YmUwLTEwYjU4ODVlYTczMyIsImFtciI6WyJhdXRoZW50aWNhdGVkIiwic3RhZ2luZy1wd2IucGx1bWUuY29tIiwic3RhZ2luZy1wd2IucGx1bWUuY29tOnVzLXdlc3QtMjo1NmM0MjQzOS1iZTJjLTQ1MjMtOGJlMC0xMGI1ODg1ZWE3MzM6UDVERGxXakJHUkRSRndKeXRiRzFJeWQ5MnpEdUprSlpFemFCaUUxQjBuY2ZjZUNvQnJUVjNCWmFqYm9yMkdYZiJdLCJpc3MiOiJodHRwczovL2NvZ25pdG8taWRlbnRpdHkuYW1hem9uYXdzLmNvbSIsImh0dHBzOi8vY29nbml0by1pZGVudGl0eS5hbWF6b25hd3MuY29tL2lkZW50aXR5LXBvb2wtYXJuIjoiYXJuOmF3czpjb2duaXRvLWlkZW50aXR5OnVzLXdlc3QtMjoxNDMwODk2MTA0ODI6aWRlbnRpdHlwb29sL3VzLXdlc3QtMjo1NmM0MjQzOS1iZTJjLTQ1MjMtOGJlMC0xMGI1ODg1ZWE3MzMiLCJleHAiOjE3MDA3OTAzODEsImlhdCI6MTcwMDcwMzk4MX0.CEO0xatpvrJEdlwD1cNqRnN1Uxj8uCKvgEVoPA8o2THPh9Juzb-IelFx-xZUIB1DCC6LNZt2WttF-9Dt1-KTR_pRHi7uZvsSAkQpJZXsdClEIR_SCW5vqziBFGhqDX2Km8JztUnrO3-xSJGKZ9JrIgp_O7ACjf87WFsERM5x-2N-64Jysbmt0AE9H7T4SuCMamXJqgOXgEEPLg-Lt3fngaPrWHG3_SvAFISAr3k1x5Yj46MmUb27x35GAa-EcwMCxUVzunFlne-azFy7wKbltW5qawGld0u7lYote_q5lqsqUBAWXiVPHEkeLKasepjE7oSDAUCosFJXMX9PZen-8g
Content-Type: application/json
Content-Length: 78

{
    "userId": "653f108a396de2000acd43d4",
    "deviceId": "653f108a396de2000acd43d4"
}

2023-11-23 09:46:29: <-----------Response-----------
Status code: 200, elapsed seconds: 0.928453

Date: Thu, 23 Nov 2023 01:46:27 GMT
Content-Type: application/json
Content-Length: 88
Connection: keep-alive
x-amzn-RequestId: d7503d49-4497-4280-8ad5-14b23efbbc3e
Access-Control-Allow-Origin: *
x-amz-apigw-id: O1BGGHbqvHcEY2Q=
X-Amzn-Trace-Id: Root=1-655eaef3-5831d4231e6be8bb62173b99;Sampled=0;lineage=c0ee9507:0

{
    "data": {
        "registerStatus": "Success"
    },
    "result": {
        "code": 201000,
        "message": "Successfully."
    }
}

2023-11-23 09:46:35: -----------Request----------->
POST https://thrive-dog1-usw2-api.data.plume.tech/pwb/UnregisterDevice

User-Agent: python-requests/2.31.0
Accept-Encoding: gzip, deflate
accept: application/json
Connection: keep-alive
Authorization: Bearer eyJraWQiOiJ1cy13ZXN0LTI0IiwidHlwIjoiSldTIiwiYWxnIjoiUlM1MTIifQ.eyJzdWIiOiJ1cy13ZXN0LTI6MDZiMjU4MWItZjFjYS00NzE2LTlkNDItNDhkNzc5YTUwY2ZhIiwiYXVkIjoidXMtd2VzdC0yOjU2YzQyNDM5LWJlMmMtNDUyMy04YmUwLTEwYjU4ODVlYTczMyIsImFtciI6WyJhdXRoZW50aWNhdGVkIiwic3RhZ2luZy1wd2IucGx1bWUuY29tIiwic3RhZ2luZy1wd2IucGx1bWUuY29tOnVzLXdlc3QtMjo1NmM0MjQzOS1iZTJjLTQ1MjMtOGJlMC0xMGI1ODg1ZWE3MzM6UDVERGxXakJHUkRSRndKeXRiRzFJeWQ5MnpEdUprSlpFemFCaUUxQjBuY2ZjZUNvQnJUVjNCWmFqYm9yMkdYZiJdLCJpc3MiOiJodHRwczovL2NvZ25pdG8taWRlbnRpdHkuYW1hem9uYXdzLmNvbSIsImh0dHBzOi8vY29nbml0by1pZGVudGl0eS5hbWF6b25hd3MuY29tL2lkZW50aXR5LXBvb2wtYXJuIjoiYXJuOmF3czpjb2duaXRvLWlkZW50aXR5OnVzLXdlc3QtMjoxNDMwODk2MTA0ODI6aWRlbnRpdHlwb29sL3VzLXdlc3QtMjo1NmM0MjQzOS1iZTJjLTQ1MjMtOGJlMC0xMGI1ODg1ZWE3MzMiLCJleHAiOjE3MDA3OTAzODEsImlhdCI6MTcwMDcwMzk4MX0.CEO0xatpvrJEdlwD1cNqRnN1Uxj8uCKvgEVoPA8o2THPh9Juzb-IelFx-xZUIB1DCC6LNZt2WttF-9Dt1-KTR_pRHi7uZvsSAkQpJZXsdClEIR_SCW5vqziBFGhqDX2Km8JztUnrO3-xSJGKZ9JrIgp_O7ACjf87WFsERM5x-2N-64Jysbmt0AE9H7T4SuCMamXJqgOXgEEPLg-Lt3fngaPrWHG3_SvAFISAr3k1x5Yj46MmUb27x35GAa-EcwMCxUVzunFlne-azFy7wKbltW5qawGld0u7lYote_q5lqsqUBAWXiVPHEkeLKasepjE7oSDAUCosFJXMX9PZen-8g
Content-Type: application/json
Content-Length: 38

{
    "userId": "653f108a396de2000acd43d4"
}

2023-11-23 09:46:35: <-----------Response-----------
Status code: 200, elapsed seconds: 1.034346

Date: Thu, 23 Nov 2023 01:46:33 GMT
Content-Type: application/json
Content-Length: 90
Connection: keep-alive
x-amzn-RequestId: c089cee8-ca5d-4f14-9c8b-7c639b21a5c0
Access-Control-Allow-Origin: *
x-amz-apigw-id: O1BHCGP-PHcEZDg=
X-Amzn-Trace-Id: Root=1-655eaef9-5550ccab3e200b6954d8aba5;Sampled=0;lineage=f5980d93:0

{
    "data": {
        "unregisterResult": "Success"
    },
    "result": {
        "code": 201000,
        "message": "Successfully."
    }
}

