2023-11-27 18:44:29: -----------Request----------->
POST https://thrive-dog1-usw2-api.data.plume.tech/pwb/PlumeCloudLogin

User-Agent: python-requests/2.31.0
Accept-Encoding: gzip, deflate
accept: application/json
Connection: keep-alive
Content-Type: application/json
Content-Length: 73

{
    "email": "thrive-ios+4@plume.com",
    "password": "plume1234",
    "ttl": 3600
}

2023-11-27 18:44:29: <-----------Response-----------
Status code: 200, elapsed seconds: 1.878364

Date: Mon, 27 Nov 2023 10:44:27 GMT
Content-Type: application/json
Content-Length: 729
Connection: keep-alive
x-amzn-RequestId: 3da24fff-c266-48f6-b064-7d0ea092d6a3
Access-Control-Allow-Origin: *
x-amz-apigw-id: PDbpyF1fPHcEtjg=
X-Amzn-Trace-Id: Root=1-6564730b-60e11d2c6adcddd6107bef3b;Sampled=0;lineage=7fdd2b1e:0

{
    "data": {
        "id": "ecqu7CJfiTdtSPAnAzFcZvUDpzgHXtKH1pAEaqFYKEvoGsCUNHGL6hK3DbxsXbMN",
        "ttl": 3600,
        "created": "2023-11-27T10:44:27.293Z",
        "userId": "653f108a396de2000acd43d4",
        "expireAt": "2023-11-27T11:44:27.293Z",
        "user": {
            "id": "653f108a396de2000acd43d4",
            "accountId": "3b2c42d4-7cee-4756-b4bd-491cacc1ae57",
            "anonymous": false,
            "autoProvisioned": false,
            "name": "thrive-ios+4",
            "locked": false,
            "partnerId": "mobile_qa_test",
            "acceptLanguage": "en-US",
            "preferredLanguage": "en",
            "source": "customCreate",
            "createdAt": "2023-10-30T02:10:18.214Z",
            "provisioningSsoAuditTrail": false,
            "_version": "1.0.0",
            "email": "thrive-ios+4@plume.com",
            "emailVerified": true,
            "firstKnownLoginTimestamp": "2023-10-30T02:15:53.570Z"
        }
    },
    "result": {
        "code": 201000,
        "message": "Successfully."
    }
}

2023-11-27 18:44:32: -----------Request----------->
POST https://thrive-dog1-usw2-api.data.plume.tech/pwb/AuthenticateWithPlumeToken

User-Agent: python-requests/2.31.0
Accept-Encoding: gzip, deflate
accept: application/json
Connection: keep-alive
Content-Type: application/json
Content-Length: 121

{
    "accessToken": "ecqu7CJfiTdtSPAnAzFcZvUDpzgHXtKH1pAEaqFYKEvoGsCUNHGL6hK3DbxsXbMN",
    "userId": "653f108a396de2000acd43d4"
}

2023-11-27 18:44:32: <-----------Response-----------
Status code: 200, elapsed seconds: 1.223065

Date: Mon, 27 Nov 2023 10:44:30 GMT
Content-Type: application/json
Content-Length: 3834
Connection: keep-alive
x-amzn-RequestId: 2b9c1436-cf2a-4546-baad-79526fec1dd9
Access-Control-Allow-Origin: *
x-amz-apigw-id: PDbqOG30vHcEtqQ=
X-Amzn-Trace-Id: Root=1-6564730d-6a8ed6e05034e95c612684d7;Sampled=0;lineage=144e69e0:0

{
    "data": {
        "email": "thrive-ios+4@plume.com",
        "userGroup": "admin",
        "userName": "thrive-ios+4",
        "userId": "653f108a396de2000acd43d4",
        "accessToken": "eyJraWQiOiJ1cy13ZXN0LTI0IiwidHlwIjoiSldTIiwiYWxnIjoiUlM1MTIifQ.eyJzdWIiOiJ1cy13ZXN0LTI6ZDE5ZGVkN2QtZTlmMC00NGI1LTg2MmUtMmQ3MjM4MmM4YWYxIiwiYXVkIjoidXMtd2VzdC0yOjU2YzQyNDM5LWJlMmMtNDUyMy04YmUwLTEwYjU4ODVlYTczMyIsImFtciI6WyJhdXRoZW50aWNhdGVkIiwic3RhZ2luZy1wd2IucGx1bWUuY29tIiwic3RhZ2luZy1wd2IucGx1bWUuY29tOnVzLXdlc3QtMjo1NmM0MjQzOS1iZTJjLTQ1MjMtOGJlMC0xMGI1ODg1ZWE3MzM6ZWNxdTdDSmZpVGR0U1BBbkF6RmNadlVEcHpnSFh0S0gxcEFFYXFGWUtFdm9Hc0NVTkhHTDZoSzNEYnhzWGJNTiJdLCJpc3MiOiJodHRwczovL2NvZ25pdG8taWRlbnRpdHkuYW1hem9uYXdzLmNvbSIsImh0dHBzOi8vY29nbml0by1pZGVudGl0eS5hbWF6b25hd3MuY29tL2lkZW50aXR5LXBvb2wtYXJuIjoiYXJuOmF3czpjb2duaXRvLWlkZW50aXR5OnVzLXdlc3QtMjoxNDMwODk2MTA0ODI6aWRlbnRpdHlwb29sL3VzLXdlc3QtMjo1NmM0MjQzOS1iZTJjLTQ1MjMtOGJlMC0xMGI1ODg1ZWE3MzMiLCJleHAiOjE3MDExNjgyNzAsImlhdCI6MTcwMTA4MTg3MH0.LnSpj5dm_0_Z59VvS2CJwSn-Ayt4AlRVxC48oRFsahutgFF0y62Pm4WlW9aKMvMOH6IDeF8EueU9z_DVOIXx9ylUIHQTgHthBetMyWndxIdYShOyBZC_KjSsM3iWL12d2X_-kfzGBFq3h1BG_hksZSIF7L-4B6GKh1IOiOUewIcfrFizbMDzwTv1jgCNhMPbjfTDDnoAqc6tKtdpTewd3GGLpJQ1EFWFB_qFJw2kwfTkpJjMv4oyXxLwFQmzMPc6523652lEV20TMRFnG9uI0F9PPuRQSo5Qd2qRoq_i1jkcJLazTqh0uLJXawr9OBApa5-RC6Fp8XYBORbtyQdmkQ",
        "idToken": "eyJraWQiOiJJZGVudGl0eVRva2VuU2lnbktleSIsImFsZyI6IlJTNTEyIn0%3D.eyJpc3MiOiJhd3MtbGFtYmRhIiwiZXhwIjoxNzE2NjMzODcwLCJzdWIiOiJpZC10b2tlbiIsImF1ZCI6InJpbmciLCJqdGkiOiI3ZGE5ZmUxZS1mODljLTRkMWItOGFlMi04ZjkyNzA1NDBkMWEiLCJ1c2VySWQiOiI2NTNmMTA4YTM5NmRlMjAwMGFjZDQzZDQiLCJlbWFpbCI6InRocml2ZS1pb3MrNEBwbHVtZS5jb20iLCJnZW5kZXIiOiIiLCJiaXJ0aGRhdGUiOiIifQ%3D%3D.Mq%2B1e1jxCNlbNtAR%2FCzwFOAOz2waZwvapnOmxV0qaUZLLEKUGd3BCxjfzk5g64x8xSoIkR1Ntz4MVbDeBUNUlfdKVkRwsj0emezXmay%2FkRrdQyn9noWzZqvq1bwtv88uGgDkYgFzMgsQVY9FEEqlU1yKJ1WuDRYP4e1ErBsItb5tP7BcyzNYalO5ZAe%2B%2BUNJXo0UZTinPKanuH1ycPb06K9rNBGU9CPaD6Pz7UTs6uaSYs2w2XxmT6FfDPRfS55K13XLuyz%2F59xQx2uK5jQE3SrAe6H6XlX9CLTMU9ymTIzPrq8vuC2Vkq2027XwrTbU%2Fad03Wwk5VarhP%2BECR5wOxPolkPiBLz7%2FnM3DQaeqddzo8SpWqcqfDQNanYcyv%2BEazSpJMYxOFG%2FKhoURxXUo%2Fdbf7%2BtPgnk1AAV2VsB7lOnn%2B0M9nio6KGAvOSgW%2B1zwXeTF0vePzu7yqFGTrXHbCPAeLhAxSb%2F68ZKzkCekIF5jx%2Fg77av4uSdXzeho9nWEzWamZbyqqt%2FZLLeP%2Fsjbac49N8844IqdV8LTk1RZhYTiineJBwshbC5qxZkCYfri%2B49ZR1DXzGffey%2BnowbqDtTu8jd5q5DDELmYPvVJpiBaTLDpTyma1HqSggPhGr4eaDtFfGN4OcPjOTEpJyiJSAf1hO37VcRTMGE6mF4L%2Bc%3D",
        "refreshToken": "eyJraWQiOiJSZWZyZXNoVG9rZW5TaWduS2V5IiwiY3R5IjoiSldUIiwiZW5jIjoiQTI1NkdDTSIsImFsZyI6IlJTNTEyIn0%3D.AQICAHgg7rlLlhJZMilo20zyx9NECjg%2F8q0XYyoRMcHYs4Nh4AEyLzYoa6fxofBol50MXfFvAAABUTCCAU0GCSqGSIb3DQEHBqCCAT4wggE6AgEAMIIBMwYJKoZIhvcNAQcBMB4GCWCGSAFlAwQBLjARBAyWqPlTGFCT9Y3DCiECARCAggEE7n8J5ebY9tDOxLR7u1WTaP82M66UtsPLx3rCJ6iW%2B%2FTodT%2FJBa697w3YxldL8CpqC4u%2BonZ1zVLxnkQXwTPpwBTq7uOZPYLwFyQ0OefXmLxStffzhmfgJ7zO1BaPsxtijESkJhHpPKGkA%2B3lbXG7T9eFVov4xU0cwop33Qd2Mh4X%2BZ5HBPTCd0aeSA038cECGWizWpxvqdlgYLFccMu0Hv8nW0lZigJX%2FiMraMwscA%2FfThkzNNkPKEv5XLHBACvx37IbskSmmtdXD1%2BksiL%2BuFdMDIep58F%2Fj6KQrJJh%2Bk5i9yNs%2FVJsP9%2BBmwwyEXb1Ue7octJs1%2FIgARmAi5L1vbpANJY%3D.jlUqG32p%2BvyrYaHGU0te9YWABMVVL8GLKH21YJBWXiJltBiTAXKBjOjujorB5M14iIf3I4gJfvX9axifelm2aqdoVo8dljyoyuijhjI0kGQwvRs0zDbbtVPHVghUaKKB7ZkGqm355e1vESQACMSkCwNKSOVM%2Bdc5erI9DC%2BSMADKmceQ1yT2nF5uZoIoZj0Hd0hzWspLTuqLi16daR6pb%2FiqmPQ4UUQj9hRKOnXp1TLTts4AwRpyzFuUXRYuGtiD4ixSRUIGXjOmZqhvu7LEF3aMYO2xQEduW2r8AuHnmBqcxVnU%2FE%2BGcnX%2FTIgFyHule1IZWCyleqW7fCXk0bbboIYQCvAQ6c%2FFe1y8SMlItnVOzyg7pq3nBy1%2FJdzmId6%2BppvJ5w%2BF9xFNpHyaxMRBs2E0QeNWf3uuOgLaI7q3TrWcm29TCIMBiIgWGbB0q1LoZYpELBprm7v9v2JjwWq3nYRiwqQcypE7c9j%2FoeCSgKcKi4DdyoJ5DytU%2FU30FpjhaHsajYCKIHFkFjrVcEj%2Fbsv80FElwTFAyR%2FQwG5J9%2F1j0RGuk5C%2FPzUZOw8PHIPVw5MtqgjwONTUbUCJPKBgLwrL%2BuI8G0kOewTdwinlJ6RO0WmUFK1LhS7X7iWwa2juVRSOynueycwl5%2FwmuRIUK4ZxhdMWSiKMIww%2BGdyf9B4%3D",
        "identityId": "us-west-2:d19ded7d-e9f0-44b5-862e-2d72382c8af1"
    }
}

2023-11-27 18:44:35: -----------Request----------->
POST https://thrive-dog1-usw2-api.data.plume.tech/pwb/GetFitnessActivityList

User-Agent: python-requests/2.31.0
Accept-Encoding: gzip, deflate
accept: application/json
Connection: keep-alive
Authorization: Bearer eyJraWQiOiJ1cy13ZXN0LTI0IiwidHlwIjoiSldTIiwiYWxnIjoiUlM1MTIifQ.eyJzdWIiOiJ1cy13ZXN0LTI6ZDE5ZGVkN2QtZTlmMC00NGI1LTg2MmUtMmQ3MjM4MmM4YWYxIiwiYXVkIjoidXMtd2VzdC0yOjU2YzQyNDM5LWJlMmMtNDUyMy04YmUwLTEwYjU4ODVlYTczMyIsImFtciI6WyJhdXRoZW50aWNhdGVkIiwic3RhZ2luZy1wd2IucGx1bWUuY29tIiwic3RhZ2luZy1wd2IucGx1bWUuY29tOnVzLXdlc3QtMjo1NmM0MjQzOS1iZTJjLTQ1MjMtOGJlMC0xMGI1ODg1ZWE3MzM6ZWNxdTdDSmZpVGR0U1BBbkF6RmNadlVEcHpnSFh0S0gxcEFFYXFGWUtFdm9Hc0NVTkhHTDZoSzNEYnhzWGJNTiJdLCJpc3MiOiJodHRwczovL2NvZ25pdG8taWRlbnRpdHkuYW1hem9uYXdzLmNvbSIsImh0dHBzOi8vY29nbml0by1pZGVudGl0eS5hbWF6b25hd3MuY29tL2lkZW50aXR5LXBvb2wtYXJuIjoiYXJuOmF3czpjb2duaXRvLWlkZW50aXR5OnVzLXdlc3QtMjoxNDMwODk2MTA0ODI6aWRlbnRpdHlwb29sL3VzLXdlc3QtMjo1NmM0MjQzOS1iZTJjLTQ1MjMtOGJlMC0xMGI1ODg1ZWE3MzMiLCJleHAiOjE3MDExNjgyNzAsImlhdCI6MTcwMTA4MTg3MH0.LnSpj5dm_0_Z59VvS2CJwSn-Ayt4AlRVxC48oRFsahutgFF0y62Pm4WlW9aKMvMOH6IDeF8EueU9z_DVOIXx9ylUIHQTgHthBetMyWndxIdYShOyBZC_KjSsM3iWL12d2X_-kfzGBFq3h1BG_hksZSIF7L-4B6GKh1IOiOUewIcfrFizbMDzwTv1jgCNhMPbjfTDDnoAqc6tKtdpTewd3GGLpJQ1EFWFB_qFJw2kwfTkpJjMv4oyXxLwFQmzMPc6523652lEV20TMRFnG9uI0F9PPuRQSo5Qd2qRoq_i1jkcJLazTqh0uLJXawr9OBApa5-RC6Fp8XYBORbtyQdmkQ
Content-Type: application/json
Content-Length: 117

{
    "userId": "653f108a396de2000acd43d4",
    "startTime": 1701014400,
    "endTime": 1701100799,
    "pageSize": 5,
    "startKey": ""
}

2023-11-27 18:44:35: <-----------Response-----------
Status code: 200, elapsed seconds: 0.855027

Date: Mon, 27 Nov 2023 10:44:33 GMT
Content-Type: application/json
Content-Length: 522
Connection: keep-alive
x-amzn-RequestId: 17bedc3c-d3a0-4cf8-8ea1-14b8bc71ba70
Access-Control-Allow-Origin: *
x-amz-apigw-id: PDbqvHgVvHcETqA=
X-Amzn-Trace-Id: Root=1-65647311-39e6c9c370dec3450ac03459;Sampled=0;lineage=557b233b:0

{
    "data": {
        "startTime": 1701014400,
        "endTime": 1701100799,
        "userId": "653f108a396de2000acd43d4",
        "activitiesList": [
            {
                "activityId": "activity_653f108a396de2000acd43d460:b4:f7:f5:04:d2_1701049952",
                "userId": "653f108a396de2000acd43d4",
                "fitnessActivityTypeId": 1,
                "userConfirmation": "Unkown",
                "manualActivity": false,
                "state": "completed",
                "startTimeStamp": 1701049952,
                "duration": 431,
                "stepCount": 557,
                "highHrRate": 129,
                "lowHrRate": 81,
                "avgHrRate": 112,
                "highSpo2": 100,
                "lowSpo2": 100,
                "avgSpo2": 100
            }
        ]
    },
    "result": {
        "code": 201000,
        "message": "Successfully."
    }
}

