2023-11-27 10:40:12: -----------Request----------->
POST https://thrive-dog1-usw2-api.data.plume.tech/pwb/PlumeCloudLogin

User-Agent: python-requests/2.31.0
Accept-Encoding: gzip, deflate
accept: application/json
Connection: keep-alive
Content-Type: application/json
Content-Length: 73

{
    "email": "thrive-ios+4@plume.com",
    "password": "plume1234",
    "ttl": 3600
}

2023-11-27 10:40:12: <-----------Response-----------
Status code: 200, elapsed seconds: 2.107067

Date: Mon, 27 Nov 2023 02:40:10 GMT
Content-Type: application/json
Content-Length: 729
Connection: keep-alive
x-amzn-RequestId: 89b17f57-bd0c-4719-a464-6dddc08a6585
Access-Control-Allow-Origin: *
x-amz-apigw-id: PCUtfGuXvHcEtAw=
X-Amzn-Trace-Id: Root=1-65640189-14e3b59a5373bc18717d6f3e;Sampled=0;lineage=7fdd2b1e:0

{
    "data": {
        "id": "PDxARDoft66X4MhanmdRHtuoA95nVP2RXEpEjZALH0Pf7BRp1MDEgBMvai6RQSr7",
        "ttl": 3600,
        "created": "2023-11-27T02:40:10.531Z",
        "userId": "653f108a396de2000acd43d4",
        "expireAt": "2023-11-27T03:40:10.531Z",
        "user": {
            "id": "653f108a396de2000acd43d4",
            "accountId": "3b2c42d4-7cee-4756-b4bd-491cacc1ae57",
            "anonymous": false,
            "autoProvisioned": false,
            "name": "thrive-ios+4",
            "locked": false,
            "partnerId": "mobile_qa_test",
            "acceptLanguage": "en-US",
            "preferredLanguage": "en",
            "source": "customCreate",
            "createdAt": "2023-10-30T02:10:18.214Z",
            "provisioningSsoAuditTrail": false,
            "_version": "1.0.0",
            "email": "thrive-ios+4@plume.com",
            "emailVerified": true,
            "firstKnownLoginTimestamp": "2023-10-30T02:15:53.570Z"
        }
    },
    "result": {
        "code": 201000,
        "message": "Successfully."
    }
}

2023-11-27 10:40:15: -----------Request----------->
POST https://thrive-dog1-usw2-api.data.plume.tech/pwb/AuthenticateWithPlumeToken

User-Agent: python-requests/2.31.0
Accept-Encoding: gzip, deflate
accept: application/json
Connection: keep-alive
Content-Type: application/json
Content-Length: 121

{
    "accessToken": "PDxARDoft66X4MhanmdRHtuoA95nVP2RXEpEjZALH0Pf7BRp1MDEgBMvai6RQSr7",
    "userId": "653f108a396de2000acd43d4"
}

2023-11-27 10:40:15: <-----------Response-----------
Status code: 200, elapsed seconds: 1.304263

Date: Mon, 27 Nov 2023 02:40:13 GMT
Content-Type: application/json
Content-Length: 3828
Connection: keep-alive
x-amzn-RequestId: d5a6eb94-9d46-48df-ab74-51168fb15914
Access-Control-Allow-Origin: *
x-amz-apigw-id: PCUuHFDFPHcEvkg=
X-Amzn-Trace-Id: Root=1-6564018d-74d4632504af33007fc8b5b1;Sampled=0;lineage=144e69e0:0

{
    "data": {
        "email": "thrive-ios+4@plume.com",
        "userGroup": "admin",
        "userName": "thrive-ios+4",
        "userId": "653f108a396de2000acd43d4",
        "accessToken": "eyJraWQiOiJ1cy13ZXN0LTI0IiwidHlwIjoiSldTIiwiYWxnIjoiUlM1MTIifQ.eyJzdWIiOiJ1cy13ZXN0LTI6YzhiODAzMTAtMTBhOS00MTgyLTk2NTYtYTM3ZGVjNDY0NzIxIiwiYXVkIjoidXMtd2VzdC0yOjU2YzQyNDM5LWJlMmMtNDUyMy04YmUwLTEwYjU4ODVlYTczMyIsImFtciI6WyJhdXRoZW50aWNhdGVkIiwic3RhZ2luZy1wd2IucGx1bWUuY29tIiwic3RhZ2luZy1wd2IucGx1bWUuY29tOnVzLXdlc3QtMjo1NmM0MjQzOS1iZTJjLTQ1MjMtOGJlMC0xMGI1ODg1ZWE3MzM6UER4QVJEb2Z0NjZYNE1oYW5tZFJIdHVvQTk1blZQMlJYRXBFalpBTEgwUGY3QlJwMU1ERWdCTXZhaTZSUVNyNyJdLCJpc3MiOiJodHRwczovL2NvZ25pdG8taWRlbnRpdHkuYW1hem9uYXdzLmNvbSIsImh0dHBzOi8vY29nbml0by1pZGVudGl0eS5hbWF6b25hd3MuY29tL2lkZW50aXR5LXBvb2wtYXJuIjoiYXJuOmF3czpjb2duaXRvLWlkZW50aXR5OnVzLXdlc3QtMjoxNDMwODk2MTA0ODI6aWRlbnRpdHlwb29sL3VzLXdlc3QtMjo1NmM0MjQzOS1iZTJjLTQ1MjMtOGJlMC0xMGI1ODg1ZWE3MzMiLCJleHAiOjE3MDExMzkyMTMsImlhdCI6MTcwMTA1MjgxM30.CBkalT-Zf_AoUcB6A5N8Cgbjze0OrwAvFqf-98Ky0RwdnpDIGHEJycBWOzXhQOEKXCtPZGMbGadO8YwRglSj8c_MLp7rIQxsOfQGUIB1laVl_gFYlfn0SbC8pgK6Iy0-9xdIUDoEGR-Lw_OdmoLcYDDkaa3TGExQBziuq2Yzs9iKoYmbrFN80c8EEfGBYa20R1LhV72EotXhL4J0wlcciJc4jHp7Xi3_j8UKokbI8mMoPjilFHmrRCH_bR6aa-l7Vpnamu7bjJpr7Az4TmvF0vIlvoKKa3ZODe20HFH34urSW-84sw1Bkdin6zAH6_5aV4mGRxHirzLrmbgRaQanfw",
        "idToken": "eyJraWQiOiJJZGVudGl0eVRva2VuU2lnbktleSIsImFsZyI6IlJTNTEyIn0%3D.eyJpc3MiOiJhd3MtbGFtYmRhIiwiZXhwIjoxNzE2NjA0ODEzLCJzdWIiOiJpZC10b2tlbiIsImF1ZCI6InJpbmciLCJqdGkiOiIzYzFhMTNlMy0xYzk4LTQyMDQtYWM0Zi1lMGYzY2Q3NzAyYzciLCJ1c2VySWQiOiI2NTNmMTA4YTM5NmRlMjAwMGFjZDQzZDQiLCJlbWFpbCI6InRocml2ZS1pb3MrNEBwbHVtZS5jb20iLCJnZW5kZXIiOiIiLCJiaXJ0aGRhdGUiOiIifQ%3D%3D.a8zc1G26Wno0O0u6oS1vXwKr6WQ7UVrpFjIDUL2QLee3Mh8fLZf5CzRNnOTXe%2BBAndSmbt8JTKfJcJs0ZzRT612ANQ0CngE4hc3CzFWJ3sUvO9pnbp3gDgdfgD9LJY3xr%2FOiwys%2BGmdWDl7bMMCQvH0dexviQXRBUtnH6ceOkySfcP9QyI3QUQ85xZets8R3kyRb%2FKaLMz2ks32XHLFMhLBDBKBWiGTdwPBawk0ZSOKv53ODl0aMax4rFYyyJpX45EvFZfm%2B%2F%2FQTKEPVTpszZkWml%2F8vsIlk4OHVxHPpsXuJ5sFGaLMk%2FjxXEzQ51%2Fa1DoRUgKCgU6SXVjrZbGZYemeItx%2F5HdgpD4xBIiNOA2wahvXs1sYkUituRFXOx3kMKTZmKqk51JoLnjHEWj6%2FyP124LaRT01nVRyYgI8Xepv3s0pBA1H1Jr54AUGE1yPVPo9zVbTA%2F9MZJemrzy%2FGnFmV7xEB76ht4QXTqJk922TiA7ZS7Dssgynd5xUC9NWWZHoxn6YmDx7rXGxlHhopFW3Dw2ZpJqy%2F%2FJ6QZSh54mTFQDGR2%2FIBHwu7UZKnyG5eHeFkIWg8vo83iAh%2FpjICCs3TKt5HZGkC8g5Xy1OMOi5r2HsEMZHbklsaxt%2B8XUJRF3d93wAjqMqrOA2wNUpE420Z9GNy8LbpW4AQczEwjuY%3D",
        "refreshToken": "eyJraWQiOiJSZWZyZXNoVG9rZW5TaWduS2V5IiwiY3R5IjoiSldUIiwiZW5jIjoiQTI1NkdDTSIsImFsZyI6IlJTNTEyIn0%3D.AQICAHgg7rlLlhJZMilo20zyx9NECjg%2F8q0XYyoRMcHYs4Nh4AEZ2wAOaNgcU1fZmKr8p1JkAAABUTCCAU0GCSqGSIb3DQEHBqCCAT4wggE6AgEAMIIBMwYJKoZIhvcNAQcBMB4GCWCGSAFlAwQBLjARBAzRwhy70zYoLNw2EbICARCAggEEiHeLqxVwrBQ8OmcorSMFyfT3ItYK4Vz0s8dK7f69LzQPI0P%2Bg3VWzqOohcEYveyZ5tynNmq%2B6OxCTtX3lMcUteyq8k%2F2EWZguAPGRAMy25FeAgI3Gs3qsxorsIsHzhdcF4X%2FBflMKe0Qnja6COQ2S9vLqeu0OfH7KxaKqT1vK7Q7%2BpZlPh55%2FDhUTbT5D4k%2F3QAJuBOUwq86atGKYuht6oIUnhhn%2FfJHUjk2yFzoKO6SAsKKc3IQslfylAy1JFu52fOaAElwOo50JwoRg9Sf2Z%2F%2BLaasdrmCQE58webtYLZkNPlCJXXU%2BuMfU%2BhIiG6RAedxNFLB66tXAgygPAZhMUwxi9I%3D.PkMmLSwaISOYlrOiCXkt868Yks%2F3CCeaR4ruzG0S6bU5S8dB1QMiJI77rJpBZx3jgnCDqG81RBx%2FY%2F6%2Bm9cpvaJRntQbm4POiLtpBkw6QMmLEaACuQTY4i1A1H4fOmazGOTAWXK5HbVCL5fNOkC0eA%2FdDeV9tPyEkMNGLOxwVFst4ZbMmarzLpyGoMHF9GaxglUvP7o9UdFTpyfgirqLa0N400yMBy66ebXCpImElZaRIf7fkWioZExpdKqU%2F88ai9SIIysR9xhnvXx%2BQp0%2FY5eGfnOswHjrOUK7OghPdjoD23n0CyyO1yB6MRL2bQGL2HK45VHKetrtVnuR5S%2FjMvbmpcUmJtAAW%2FWawbaXmaTlmyE7IRWBufj6%2FLeoQ1LughdvcC%2BNP1NbkI3W35lZw7jYbYOlJe%2FSIHNOjZwq49IHm7YfSeZbYijaFfjRO612l1gxj2mXKLYXqxLFpc8Ub7JCruP7PW0BGPxfzYm2fgNvES5NUt7imFFaJbUkV%2Bl8A7CFPzED%2F%2FitgJbtOaMWaiwKADWhe3PgZ1jhLrhYURM%2FhBci%2BOSej9IBnQHUF%2BieTJ%2B5I7F%2FpyyoQ7Zlpxnn2N3ZzRFoIRLB3hx6NshiNFvssZooEe5F2%2FSMXnAFF7AlJZQTfRBv%2F8vESIzoMituXKCLoZMZO1zccIEXmCnsFhA%3D",
        "identityId": "us-west-2:c8b80310-10a9-4182-9656-a37dec464721"
    }
}

2023-11-27 10:40:21: -----------Request----------->
POST https://thrive-dog1-usw2-api.data.plume.tech/pwb/RegisterDevice

User-Agent: python-requests/2.31.0
Accept-Encoding: gzip, deflate
accept: application/json
Connection: keep-alive
Authorization: Bearer eyJraWQiOiJ1cy13ZXN0LTI0IiwidHlwIjoiSldTIiwiYWxnIjoiUlM1MTIifQ.eyJzdWIiOiJ1cy13ZXN0LTI6YzhiODAzMTAtMTBhOS00MTgyLTk2NTYtYTM3ZGVjNDY0NzIxIiwiYXVkIjoidXMtd2VzdC0yOjU2YzQyNDM5LWJlMmMtNDUyMy04YmUwLTEwYjU4ODVlYTczMyIsImFtciI6WyJhdXRoZW50aWNhdGVkIiwic3RhZ2luZy1wd2IucGx1bWUuY29tIiwic3RhZ2luZy1wd2IucGx1bWUuY29tOnVzLXdlc3QtMjo1NmM0MjQzOS1iZTJjLTQ1MjMtOGJlMC0xMGI1ODg1ZWE3MzM6UER4QVJEb2Z0NjZYNE1oYW5tZFJIdHVvQTk1blZQMlJYRXBFalpBTEgwUGY3QlJwMU1ERWdCTXZhaTZSUVNyNyJdLCJpc3MiOiJodHRwczovL2NvZ25pdG8taWRlbnRpdHkuYW1hem9uYXdzLmNvbSIsImh0dHBzOi8vY29nbml0by1pZGVudGl0eS5hbWF6b25hd3MuY29tL2lkZW50aXR5LXBvb2wtYXJuIjoiYXJuOmF3czpjb2duaXRvLWlkZW50aXR5OnVzLXdlc3QtMjoxNDMwODk2MTA0ODI6aWRlbnRpdHlwb29sL3VzLXdlc3QtMjo1NmM0MjQzOS1iZTJjLTQ1MjMtOGJlMC0xMGI1ODg1ZWE3MzMiLCJleHAiOjE3MDExMzkyMTMsImlhdCI6MTcwMTA1MjgxM30.CBkalT-Zf_AoUcB6A5N8Cgbjze0OrwAvFqf-98Ky0RwdnpDIGHEJycBWOzXhQOEKXCtPZGMbGadO8YwRglSj8c_MLp7rIQxsOfQGUIB1laVl_gFYlfn0SbC8pgK6Iy0-9xdIUDoEGR-Lw_OdmoLcYDDkaa3TGExQBziuq2Yzs9iKoYmbrFN80c8EEfGBYa20R1LhV72EotXhL4J0wlcciJc4jHp7Xi3_j8UKokbI8mMoPjilFHmrRCH_bR6aa-l7Vpnamu7bjJpr7Az4TmvF0vIlvoKKa3ZODe20HFH34urSW-84sw1Bkdin6zAH6_5aV4mGRxHirzLrmbgRaQanfw
Content-Type: application/json
Content-Length: 78

{
    "userId": "653f108a396de2000acd43d4",
    "deviceId": "653f108a396de2000acd43d4"
}

2023-11-27 10:40:21: <-----------Response-----------
Status code: 200, elapsed seconds: 0.944787

Date: Mon, 27 Nov 2023 02:40:19 GMT
Content-Type: application/json
Content-Length: 88
Connection: keep-alive
x-amzn-RequestId: 0f94cc97-24e9-4e09-a78b-6a86909d0830
Access-Control-Allow-Origin: *
x-amz-apigw-id: PCUvGFFRPHcEYVw=
X-Amzn-Trace-Id: Root=1-65640193-6412d5670e1a255f722955b8;Sampled=0;lineage=c0ee9507:0

{
    "data": {
        "registerStatus": "Success"
    },
    "result": {
        "code": 201000,
        "message": "Successfully."
    }
}

2023-11-27 10:40:29: -----------Request----------->
POST https://thrive-dog1-usw2-api.data.plume.tech/pwb/UnregisterDevice

User-Agent: python-requests/2.31.0
Accept-Encoding: gzip, deflate
accept: application/json
Connection: keep-alive
Authorization: Bearer eyJraWQiOiJ1cy13ZXN0LTI0IiwidHlwIjoiSldTIiwiYWxnIjoiUlM1MTIifQ.eyJzdWIiOiJ1cy13ZXN0LTI6YzhiODAzMTAtMTBhOS00MTgyLTk2NTYtYTM3ZGVjNDY0NzIxIiwiYXVkIjoidXMtd2VzdC0yOjU2YzQyNDM5LWJlMmMtNDUyMy04YmUwLTEwYjU4ODVlYTczMyIsImFtciI6WyJhdXRoZW50aWNhdGVkIiwic3RhZ2luZy1wd2IucGx1bWUuY29tIiwic3RhZ2luZy1wd2IucGx1bWUuY29tOnVzLXdlc3QtMjo1NmM0MjQzOS1iZTJjLTQ1MjMtOGJlMC0xMGI1ODg1ZWE3MzM6UER4QVJEb2Z0NjZYNE1oYW5tZFJIdHVvQTk1blZQMlJYRXBFalpBTEgwUGY3QlJwMU1ERWdCTXZhaTZSUVNyNyJdLCJpc3MiOiJodHRwczovL2NvZ25pdG8taWRlbnRpdHkuYW1hem9uYXdzLmNvbSIsImh0dHBzOi8vY29nbml0by1pZGVudGl0eS5hbWF6b25hd3MuY29tL2lkZW50aXR5LXBvb2wtYXJuIjoiYXJuOmF3czpjb2duaXRvLWlkZW50aXR5OnVzLXdlc3QtMjoxNDMwODk2MTA0ODI6aWRlbnRpdHlwb29sL3VzLXdlc3QtMjo1NmM0MjQzOS1iZTJjLTQ1MjMtOGJlMC0xMGI1ODg1ZWE3MzMiLCJleHAiOjE3MDExMzkyMTMsImlhdCI6MTcwMTA1MjgxM30.CBkalT-Zf_AoUcB6A5N8Cgbjze0OrwAvFqf-98Ky0RwdnpDIGHEJycBWOzXhQOEKXCtPZGMbGadO8YwRglSj8c_MLp7rIQxsOfQGUIB1laVl_gFYlfn0SbC8pgK6Iy0-9xdIUDoEGR-Lw_OdmoLcYDDkaa3TGExQBziuq2Yzs9iKoYmbrFN80c8EEfGBYa20R1LhV72EotXhL4J0wlcciJc4jHp7Xi3_j8UKokbI8mMoPjilFHmrRCH_bR6aa-l7Vpnamu7bjJpr7Az4TmvF0vIlvoKKa3ZODe20HFH34urSW-84sw1Bkdin6zAH6_5aV4mGRxHirzLrmbgRaQanfw
Content-Type: application/json
Content-Length: 38

{
    "userId": "653f108a396de2000acd43d4"
}

2023-11-27 10:40:29: <-----------Response-----------
Status code: 200, elapsed seconds: 2.136474

Date: Mon, 27 Nov 2023 02:40:26 GMT
Content-Type: application/json
Content-Length: 90
Connection: keep-alive
x-amzn-RequestId: c82f252a-2e82-4970-875e-e366d8d35130
Access-Control-Allow-Origin: *
x-amz-apigw-id: PCUwDFxUvHcEZlw=
X-Amzn-Trace-Id: Root=1-65640199-17d5859a22a52f9838a2f69b;Sampled=0;lineage=f5980d93:0

{
    "data": {
        "unregisterResult": "Success"
    },
    "result": {
        "code": 201000,
        "message": "Successfully."
    }
}

