2023-11-23 09:15:32: -----------Request----------->
POST https://thrive-dog1-usw2-api.data.plume.tech/pwb/PlumeCloudLogin

User-Agent: python-requests/2.31.0
Accept-Encoding: gzip, deflate
accept: application/json
Connection: keep-alive
Content-Type: application/json
Content-Length: 73

{
    "email": "thrive-ios+4@plume.com",
    "password": "plume1234",
    "ttl": 3600
}

2023-11-23 09:15:32: <-----------Response-----------
Status code: 200, elapsed seconds: 2.665168

Date: Thu, 23 Nov 2023 01:15:30 GMT
Content-Type: application/json
Content-Length: 729
Connection: keep-alive
x-amzn-RequestId: 4f0b4d14-30a2-4106-9f92-6552e8c0e363
Access-Control-Allow-Origin: *
x-amz-apigw-id: O08jyFBfvHcEZPg=
X-Amzn-Trace-Id: Root=1-655ea7b1-382b1fdd606c625359b73b38;Sampled=0;lineage=7fdd2b1e:0

{
    "data": {
        "id": "ewD3l0SGfPXztTtAyxhf3L7fITKg5y8Yp0bAFdfnENAR3uMerifNRbrjxvzhtJWw",
        "ttl": 3600,
        "created": "2023-11-23T01:15:30.618Z",
        "userId": "653f108a396de2000acd43d4",
        "expireAt": "2023-11-23T02:15:30.618Z",
        "user": {
            "id": "653f108a396de2000acd43d4",
            "accountId": "3b2c42d4-7cee-4756-b4bd-491cacc1ae57",
            "anonymous": false,
            "autoProvisioned": false,
            "name": "thrive-ios+4",
            "locked": false,
            "partnerId": "mobile_qa_test",
            "acceptLanguage": "en-US",
            "preferredLanguage": "en",
            "source": "customCreate",
            "createdAt": "2023-10-30T02:10:18.214Z",
            "provisioningSsoAuditTrail": false,
            "_version": "1.0.0",
            "email": "thrive-ios+4@plume.com",
            "emailVerified": true,
            "firstKnownLoginTimestamp": "2023-10-30T02:15:53.570Z"
        }
    },
    "result": {
        "code": 201000,
        "message": "Successfully."
    }
}

2023-11-23 09:15:36: -----------Request----------->
POST https://thrive-dog1-usw2-api.data.plume.tech/pwb/AuthenticateWithPlumeToken

User-Agent: python-requests/2.31.0
Accept-Encoding: gzip, deflate
accept: application/json
Connection: keep-alive
Content-Type: application/json
Content-Length: 121

{
    "accessToken": "ewD3l0SGfPXztTtAyxhf3L7fITKg5y8Yp0bAFdfnENAR3uMerifNRbrjxvzhtJWw",
    "userId": "653f108a396de2000acd43d4"
}

2023-11-23 09:15:36: <-----------Response-----------
Status code: 200, elapsed seconds: 2.257681

Date: Thu, 23 Nov 2023 01:15:34 GMT
Content-Type: application/json
Content-Length: 3810
Connection: keep-alive
x-amzn-RequestId: d249ed16-2e59-4ece-8438-1aef68776b5b
Access-Control-Allow-Origin: *
x-amz-apigw-id: O08kYHsyPHcEmwg=
X-Amzn-Trace-Id: Root=1-655ea7b5-431734a33590b85914cc6520;Sampled=0;lineage=144e69e0:0

{
    "data": {
        "email": "thrive-ios+4@plume.com",
        "userGroup": "admin",
        "userName": "thrive-ios+4",
        "userId": "653f108a396de2000acd43d4",
        "accessToken": "eyJraWQiOiJ1cy13ZXN0LTI0IiwidHlwIjoiSldTIiwiYWxnIjoiUlM1MTIifQ.eyJzdWIiOiJ1cy13ZXN0LTI6NWY1OTRkNTItYTZiYy00YmM5LWI2YTEtNWQ4MmFlZWIzMDZlIiwiYXVkIjoidXMtd2VzdC0yOjU2YzQyNDM5LWJlMmMtNDUyMy04YmUwLTEwYjU4ODVlYTczMyIsImFtciI6WyJhdXRoZW50aWNhdGVkIiwic3RhZ2luZy1wd2IucGx1bWUuY29tIiwic3RhZ2luZy1wd2IucGx1bWUuY29tOnVzLXdlc3QtMjo1NmM0MjQzOS1iZTJjLTQ1MjMtOGJlMC0xMGI1ODg1ZWE3MzM6ZXdEM2wwU0dmUFh6dFR0QXl4aGYzTDdmSVRLZzV5OFlwMGJBRmRmbkVOQVIzdU1lcmlmTlJicmp4dnpodEpXdyJdLCJpc3MiOiJodHRwczovL2NvZ25pdG8taWRlbnRpdHkuYW1hem9uYXdzLmNvbSIsImh0dHBzOi8vY29nbml0by1pZGVudGl0eS5hbWF6b25hd3MuY29tL2lkZW50aXR5LXBvb2wtYXJuIjoiYXJuOmF3czpjb2duaXRvLWlkZW50aXR5OnVzLXdlc3QtMjoxNDMwODk2MTA0ODI6aWRlbnRpdHlwb29sL3VzLXdlc3QtMjo1NmM0MjQzOS1iZTJjLTQ1MjMtOGJlMC0xMGI1ODg1ZWE3MzMiLCJleHAiOjE3MDA3ODg1MzQsImlhdCI6MTcwMDcwMjEzNH0.I7PCYhQPGw52tPrnMoAKwERkm4MfxkZTaBneuXCCvOkGpLX8pHCMEyqa55VaSMIKbX6n_Hr-QESXjoeM1KN3HIGcsGin8DURDG1EAFIRUM2mMGaIJGkBDCs6bN4uULdROnOiNkOfdePNkGRo6FZ46BLE7gDDTMbziH6lM0KXjs6ALeAAm4P33R7iZl9UGCDiZOxSC382FfeEuLfZ4iLx9kdeZEQcOntHwqfkYkC7uRyl0LCVhg9BtYjPyijAcDzhLLn3jfDLwRIKEwFhRsqZ0ukn_WlCcpM3m8nonTqnJJ0EmusHLrdDeYaqz8jXU7TfF-PRSStYDagqmahlm1Dy2A",
        "idToken": "eyJraWQiOiJJZGVudGl0eVRva2VuU2lnbktleSIsImFsZyI6IlJTNTEyIn0%3D.eyJpc3MiOiJhd3MtbGFtYmRhIiwiZXhwIjoxNzE2MjU0MTM0LCJzdWIiOiJpZC10b2tlbiIsImF1ZCI6InJpbmciLCJqdGkiOiIxMjk5MTUzYy00NGZkLTRjYjQtYTliZC1hMWNkNzc4MzM5YzgiLCJ1c2VySWQiOiI2NTNmMTA4YTM5NmRlMjAwMGFjZDQzZDQiLCJlbWFpbCI6InRocml2ZS1pb3MrNEBwbHVtZS5jb20iLCJnZW5kZXIiOiIiLCJiaXJ0aGRhdGUiOiIifQ%3D%3D.AZ7vTMKzuZU%2F6XAongWZhN8B%2BbO%2FvWQu39zaczGAYH6vPkExpD0cwu7i%2FHDooZVU0nyB0i3lkW4p2eBFHpLg7ETNWqyJ68K7OkwfQgWc3bcpWtuMDq%2F09I5v9ri7r217%2FA%2BMYYPzR72%2B55xGiJYvh0OxkKlep9OKI6f1TZSwvbTAM4n5wxePsxlUko2zHHerk%2FsMjPaiMj4FGosWaHnPelQeFLOSQaRFocHV0l1snoDQ7KOyVxwBlWDwlHUZg%2BLGVH%2BlULwtZDv7Wy8llmmXswAMXIH95AcNQmgQRZcmmi0wlXEiZEJwc57gUvhQ%2Bk8WF6ajeyC7KP3iT8nMZjB3%2FbnBvFCQFKMpKP5muhy%2FGOoneyIMXqRvd984xDOqpaBW8np4X2t7w5W7krWPBU8gPd1vx3c3vUKKmIKctjC49PcVfbxEHGy82375Qq1P4H669Wtj726KZD0J%2ByfwlfYL0FhqE9wrAYQuCsdrNuhf%2F42KoGisazLJZgOnPpZYm0xUok%2BoJqFLQ7kBeOkcrCaBmQryID0qpM3C7LNchS%2FaVxHFJyfAG3gWWNTjTyL7ftkzo65oZWiJ%2Be42NJYCGU%2FC3isnaAf5pTL4QH4s1cr3%2FtcDPdXmW3WhW3bZfERPBQeKrU4Z7gs2UcqoV1REtvEn70UU4PFXd3SQMGbUTpjT8As%3D",
        "refreshToken": "eyJraWQiOiJSZWZyZXNoVG9rZW5TaWduS2V5IiwiY3R5IjoiSldUIiwiZW5jIjoiQTI1NkdDTSIsImFsZyI6IlJTNTEyIn0%3D.AQICAHgg7rlLlhJZMilo20zyx9NECjg%2F8q0XYyoRMcHYs4Nh4AGe1LLsrGrqIFLj86Z8idTiAAABUTCCAU0GCSqGSIb3DQEHBqCCAT4wggE6AgEAMIIBMwYJKoZIhvcNAQcBMB4GCWCGSAFlAwQBLjARBAzILXGxq6mqRSU8pkECARCAggEEZzjiSvXSn%2BGyefuaqZq2i2qhGetOcuauIIoSPj3BAhwG3ZS1E9QH526ZLS%2BFU4wBUl3VbHV7oZE1TxR0qulFDC7tldZHtDiCia1rHxyrKARaSXN4Pe3UZpc9jfFdxRmbJmpDcZeFdLlq3lQ5DCUfT2XhFOHG9IPjW91PvDFvCcKesSQ5RURrBDiQSKM9ju44JviYzDUBvInwzteQ%2FjyWPeUnFbmVw0IDgAKnluc9j6lSW2%2BcCokajjZcpLTpYfl5807mF4Ef0CyxxfHOBdVE3%2FnNPc0T73KfxLkav9kKVso%2FrXIjrdkZWYQ9O1Ava3HGoJaFAsAfIv6r2LrKR%2B1s3c7UFlU%3D.Me4JW7IZ%2F2JVSlVMohNuvEXziSTvHgbnwFjkRaEvWM0puALuvTf2oPisMfRLZUxZIALqcLrfc272CzB9qQk21jpeyioIfys3NC9dGaVMGTjfvRpUn1QsFBdiPkQV8K5OiBEPYcpnNiqPx6U0XY05%2BxWJDDir4tlm7Jwhx5nTbJm1XWiUGXieql3hqPWg5NR9LB3NPxryaDnc%2FomVYiobdUVOvLi8g%2Bs6ZmYoh5sv%2Bmp%2Fkcnc46FZ1AeCY5wtkmtkLnDwWODDtct9NIYu0MXiQ4jGoOg%2FYypXQddebD6wGVwDB18iA7Rg87XyqpFYH957tLW%2BxSyx0PqTqlYEfekOIZjviXQUUVURFBMTfzmbDjpVcJbFinyxnS67ApOlxFA5M8ciTp0U%2BifrShwIEjnwbyHUQLI6YTOX7POy62KaroWmMFsMyeCgQQ93Rhh%2FT6kmqOOqvomaNFr8xdlZqH%2BOYmVfNhp5GtbNgo%2FltvV%2FtrF5wdH2rCQOZvDnzI0D0ypi4AHFB0Ipzmy1yCoi5bAliXbqfaHuNMVuQn%2BUzN8Xud9qOd3CxBWCLlWQFGdOxNeRrnDI3v6tXF2HaltXe%2FQ409FExR%2F8CF9cZOulCEM0ggMfupG1S%2BPubC96olEaOtTKocuIK2RkAumgMIQOTOknpCgWmYXVKatoTIk8pHUjx3w%3D",
        "identityId": "us-west-2:5f594d52-a6bc-4bc9-b6a1-5d82aeeb306e"
    }
}

