2023-11-28 10:47:38: -----------Request----------->
POST https://thrive-dog1-usw2-api.data.plume.tech/pwb/PlumeCloudLogin

User-Agent: python-requests/2.31.0
Accept-Encoding: gzip, deflate
accept: application/json
Connection: keep-alive
Content-Type: application/json
Content-Length: 73

{
    "email": "thrive-ios+4@plume.com",
    "password": "plume1234",
    "ttl": 3600
}

2023-11-28 10:47:38: <-----------Response-----------
Status code: 200, elapsed seconds: 1.12095

Date: Tue, 28 Nov 2023 02:47:36 GMT
Content-Type: application/json
Content-Length: 729
Connection: keep-alive
x-amzn-RequestId: 7842108a-6f35-4b83-bd48-f5ba64490a5e
Access-Control-Allow-Origin: *
x-amz-apigw-id: PFovSHF4PHcEjOA=
X-Amzn-Trace-Id: Root=1-656554c7-5e8c2e950a5e593c233e7143;Sampled=0;lineage=7fdd2b1e:0

{
    "data": {
        "id": "VGVPrDxPhkE5yrtaT359uJMQOLXpbTrkXQawFqQ7VB73sInx7VBQU69rSFnaz2gd",
        "ttl": 3600,
        "created": "2023-11-28T02:47:36.117Z",
        "userId": "653f108a396de2000acd43d4",
        "expireAt": "2023-11-28T03:47:36.117Z",
        "user": {
            "id": "653f108a396de2000acd43d4",
            "accountId": "3b2c42d4-7cee-4756-b4bd-491cacc1ae57",
            "anonymous": false,
            "autoProvisioned": false,
            "name": "thrive-ios+4",
            "locked": false,
            "partnerId": "mobile_qa_test",
            "acceptLanguage": "en-US",
            "preferredLanguage": "en",
            "source": "customCreate",
            "createdAt": "2023-10-30T02:10:18.214Z",
            "provisioningSsoAuditTrail": false,
            "_version": "1.0.0",
            "email": "thrive-ios+4@plume.com",
            "emailVerified": true,
            "firstKnownLoginTimestamp": "2023-10-30T02:15:53.570Z"
        }
    },
    "result": {
        "code": 201000,
        "message": "Successfully."
    }
}

2023-11-28 10:47:41: -----------Request----------->
POST https://thrive-dog1-usw2-api.data.plume.tech/pwb/AuthenticateWithPlumeToken

User-Agent: python-requests/2.31.0
Accept-Encoding: gzip, deflate
accept: application/json
Connection: keep-alive
Content-Type: application/json
Content-Length: 121

{
    "accessToken": "VGVPrDxPhkE5yrtaT359uJMQOLXpbTrkXQawFqQ7VB73sInx7VBQU69rSFnaz2gd",
    "userId": "653f108a396de2000acd43d4"
}

2023-11-28 10:47:41: <-----------Response-----------
Status code: 200, elapsed seconds: 1.3671

Date: Tue, 28 Nov 2023 02:47:39 GMT
Content-Type: application/json
Content-Length: 3824
Connection: keep-alive
x-amzn-RequestId: 4b7a3bd0-0012-4c20-aa7a-58b4271801c4
Access-Control-Allow-Origin: *
x-amz-apigw-id: PFovvH8HvHcEN-A=
X-Amzn-Trace-Id: Root=1-656554ca-17f7267717519387562ed7c0;Sampled=0;lineage=144e69e0:0

{
    "data": {
        "email": "thrive-ios+4@plume.com",
        "userGroup": "admin",
        "userName": "thrive-ios+4",
        "userId": "653f108a396de2000acd43d4",
        "accessToken": "eyJraWQiOiJ1cy13ZXN0LTI0IiwidHlwIjoiSldTIiwiYWxnIjoiUlM1MTIifQ.eyJzdWIiOiJ1cy13ZXN0LTI6MTQ2MzA4YmMtYzA2NS00Nzc2LWIxZjYtYjM3OThmZjFhNmI3IiwiYXVkIjoidXMtd2VzdC0yOjU2YzQyNDM5LWJlMmMtNDUyMy04YmUwLTEwYjU4ODVlYTczMyIsImFtciI6WyJhdXRoZW50aWNhdGVkIiwic3RhZ2luZy1wd2IucGx1bWUuY29tIiwic3RhZ2luZy1wd2IucGx1bWUuY29tOnVzLXdlc3QtMjo1NmM0MjQzOS1iZTJjLTQ1MjMtOGJlMC0xMGI1ODg1ZWE3MzM6VkdWUHJEeFBoa0U1eXJ0YVQzNTl1Sk1RT0xYcGJUcmtYUWF3RnFRN1ZCNzNzSW54N1ZCUVU2OXJTRm5hejJnZCJdLCJpc3MiOiJodHRwczovL2NvZ25pdG8taWRlbnRpdHkuYW1hem9uYXdzLmNvbSIsImh0dHBzOi8vY29nbml0by1pZGVudGl0eS5hbWF6b25hd3MuY29tL2lkZW50aXR5LXBvb2wtYXJuIjoiYXJuOmF3czpjb2duaXRvLWlkZW50aXR5OnVzLXdlc3QtMjoxNDMwODk2MTA0ODI6aWRlbnRpdHlwb29sL3VzLXdlc3QtMjo1NmM0MjQzOS1iZTJjLTQ1MjMtOGJlMC0xMGI1ODg1ZWE3MzMiLCJleHAiOjE3MDEyMjYwNTksImlhdCI6MTcwMTEzOTY1OX0.d_sCx_BA7yuOpazrbjOHZ868BjeFQyD2D05h0QAWKNVzd4tk043W2D9lb-A8rm0Pp6yuEyZdaKhlX4Q3xvHcL03p8qDCJmR76yZpww3JcI7UJK3pKJDGbWtF_1_tJNdm8z6lvKgqsTqbgmc0qnSV9tzx6GBV_ME6rFbWlU_RzlMMaWQe6KK-FWrA9BoUwv_-AGdjj8eTH7YoEwqkv4Qaecwy4kDb_elXi41VCiJe1sHSw5G97yhxdSZ19WDBuLazclvmSETG8UUasJisZ9-PJlUensl167g_vqqP6L7KaDhyNHpeiwIUaeOqs0oTygMUZ2TYrau97h39B0tfUIvV6Q",
        "idToken": "eyJraWQiOiJJZGVudGl0eVRva2VuU2lnbktleSIsImFsZyI6IlJTNTEyIn0%3D.eyJpc3MiOiJhd3MtbGFtYmRhIiwiZXhwIjoxNzE2NjkxNjU5LCJzdWIiOiJpZC10b2tlbiIsImF1ZCI6InJpbmciLCJqdGkiOiJjZjViYTQ0MS0zOGZiLTQzNzYtOGUzMy1hMzJlMDdjZWY5MjkiLCJ1c2VySWQiOiI2NTNmMTA4YTM5NmRlMjAwMGFjZDQzZDQiLCJlbWFpbCI6InRocml2ZS1pb3MrNEBwbHVtZS5jb20iLCJnZW5kZXIiOiIiLCJiaXJ0aGRhdGUiOiIifQ%3D%3D.HTpUa%2BSRSk0R15bcVNGUT8x4pgzEIZDvctrRh%2FFrA6BXrehvHCqe8wlRprL46vj0d6GggIOom6zleWi0qUdqbIflimqhXZxGz3wcDLZLry4nGczNYlI4r53fYfENpD7TQePYIQ7Ts24qBwyYA4UoKK71EDDX1x2%2F0SlC7ctppDoePexXoddoWny6JSxqcFzFV4NwJQhT5jmHs%2FsjTwghqMPqieWjw0%2BJvb3qkmG9bPIeoHRPffiY4TbsYEKl92Epqb61B86fvUReUvKfn1GPVcDoKkhFv3vIFfLO7uWC5yl5Nssvouv2YvdHUe3Zi4NRD36E%2Fsjozya3zFEZ9WYf9u7W%2BVmMbsYyDdd8D3evrWn3jhH%2BGyt3P%2BmwE5ROxEf1q6Fo9m8w%2FPa1GgaGFPns3EWhu3BWIyXYOnnt1%2Bwy082x2ON0c9ZYLRWGgePtypzM1lM6KiYfuGJkDFScgZF6R484f2jkMUrUKo9xAK2BkgK77%2FKaNd2%2BRGZELYz%2Bet3vQ34jA0HkTbz5%2F7Df6nvZz0nHJ%2BAKnxrBSEZE2FlFeA4JU8hX53Sc1ZBPYCz7fMvuRE1eMJfwuecz9mayEL1j4kOZMCMqQfTvBuSRnDVv1uzTfTS3dGo5BDcfhEYmhT9ZcjtY3lsHj06mBpejXm9X2oEapMHEbXgTfeZHXCxE6QA%3D",
        "refreshToken": "eyJraWQiOiJSZWZyZXNoVG9rZW5TaWduS2V5IiwiY3R5IjoiSldUIiwiZW5jIjoiQTI1NkdDTSIsImFsZyI6IlJTNTEyIn0%3D.AQICAHgg7rlLlhJZMilo20zyx9NECjg%2F8q0XYyoRMcHYs4Nh4AHrdmGnwXEN3LzHUBDZcwHfAAABUTCCAU0GCSqGSIb3DQEHBqCCAT4wggE6AgEAMIIBMwYJKoZIhvcNAQcBMB4GCWCGSAFlAwQBLjARBAxXk5dlcHK2BR%2FW1bMCARCAggEEVYUHqdUoK2SC6U0T6Cb955kUJd5hQfNfZcY%2BtcjSk2%2BKeVrd3BF%2BvxIzhmtv5u3Z2t1dkltf669GQyK21WQcpTI5b3yNgntRFc7nN44ED2zeefq04BisErTrQJBjTX3vDK5WMeoYuzC1fu7qcG7oJraSxrBSKh%2BbcTdXZzdczHBAYZ4%2FGSadbJZo6FesfiyLVKrNONjI%2F3yT79pq%2FuPch6QLXpLJ0F6jxeMT8qrygh1bJqhIRr%2FaJJPHjC%2B172WHwoeFqaVq0Pg3ZCROToNv5ySz7gYh%2BXm8OitYHZZ41JCNMB2%2F8ZG%2F4nYDqoCL9PpQBzvFqksuIOSq8i1gHx8Xm2yGKWo%3D.TkdFj3qageyKz6dCN6V6DARhp8xqKbfBwgzjx14iTvnuMbtU0PtJsDzSSf14eFbEmFS%2BXMokHy2OfIu3rBHeaV6mq59XskF4ZNgpycQZq8L4ZuyBo%2BfAj7U8Iax%2BfDp07qP32bfwsX%2BWErtq6o6DiKJmFgRxoy8FJ%2B770BPc6MJB8PXABBn2Ro%2FL%2F%2F06TNw%2Bel6980Qi5Rj8PmYKZPka%2BMAb753GEK6zurY8TlRwzPkqEYQWcxYFE0SCQjJtGE6SpA5%2B1UXCOW8FoenovKTVsYZaLoiQaJiRZ4EFxA%2BeHWqa6qwpB2rFXizEfsN2zpQihFS3Zu0jq0T3Qibw1XBWgABg90Wx3EPiAGuYtLzidYC3%2BBrhjW3GRHCIW3RW%2Bs8a9bIKWwwwc8RsiT1SSrfxWIVrUHbBlRIQ0YlLIJvHtcVhSerJK2OsPNSWNGB2b13JW65C29CGNXTH2%2FNGAMTE%2FA7xm8dSUaG1nozLUr0AXOYRP0VTNk%2BEk0ZPECdv%2FIYlhmA%2FXe7y2DvGfeab%2F7e7%2BlMVBt65Z1lqQ0uQolaxGhkaAjZLC7HN2lRuMdSLL0xaSC1Z8bAzeHvlFso7aZ%2FOOZ2OaMvICXqarVmaVTp5HYZ3lufF1HE6yyIsr3EJhxu8BLGRlUQAUeS5GDaO%2F0N5VHANIaXacE49ZWkQgJkOQAc%3D",
        "identityId": "us-west-2:146308bc-c065-4776-b1f6-b3798ff1a6b7"
    }
}

2023-11-28 10:47:45: -----------Request----------->
POST https://thrive-dog1-usw2-api.data.plume.tech/pwb/GetFitnessInsightSummary

User-Agent: python-requests/2.31.0
Accept-Encoding: gzip, deflate
accept: application/json
Connection: keep-alive
Authorization: Bearer eyJraWQiOiJ1cy13ZXN0LTI0IiwidHlwIjoiSldTIiwiYWxnIjoiUlM1MTIifQ.eyJzdWIiOiJ1cy13ZXN0LTI6MTQ2MzA4YmMtYzA2NS00Nzc2LWIxZjYtYjM3OThmZjFhNmI3IiwiYXVkIjoidXMtd2VzdC0yOjU2YzQyNDM5LWJlMmMtNDUyMy04YmUwLTEwYjU4ODVlYTczMyIsImFtciI6WyJhdXRoZW50aWNhdGVkIiwic3RhZ2luZy1wd2IucGx1bWUuY29tIiwic3RhZ2luZy1wd2IucGx1bWUuY29tOnVzLXdlc3QtMjo1NmM0MjQzOS1iZTJjLTQ1MjMtOGJlMC0xMGI1ODg1ZWE3MzM6VkdWUHJEeFBoa0U1eXJ0YVQzNTl1Sk1RT0xYcGJUcmtYUWF3RnFRN1ZCNzNzSW54N1ZCUVU2OXJTRm5hejJnZCJdLCJpc3MiOiJodHRwczovL2NvZ25pdG8taWRlbnRpdHkuYW1hem9uYXdzLmNvbSIsImh0dHBzOi8vY29nbml0by1pZGVudGl0eS5hbWF6b25hd3MuY29tL2lkZW50aXR5LXBvb2wtYXJuIjoiYXJuOmF3czpjb2duaXRvLWlkZW50aXR5OnVzLXdlc3QtMjoxNDMwODk2MTA0ODI6aWRlbnRpdHlwb29sL3VzLXdlc3QtMjo1NmM0MjQzOS1iZTJjLTQ1MjMtOGJlMC0xMGI1ODg1ZWE3MzMiLCJleHAiOjE3MDEyMjYwNTksImlhdCI6MTcwMTEzOTY1OX0.d_sCx_BA7yuOpazrbjOHZ868BjeFQyD2D05h0QAWKNVzd4tk043W2D9lb-A8rm0Pp6yuEyZdaKhlX4Q3xvHcL03p8qDCJmR76yZpww3JcI7UJK3pKJDGbWtF_1_tJNdm8z6lvKgqsTqbgmc0qnSV9tzx6GBV_ME6rFbWlU_RzlMMaWQe6KK-FWrA9BoUwv_-AGdjj8eTH7YoEwqkv4Qaecwy4kDb_elXi41VCiJe1sHSw5G97yhxdSZ19WDBuLazclvmSETG8UUasJisZ9-PJlUensl167g_vqqP6L7KaDhyNHpeiwIUaeOqs0oTygMUZ2TYrau97h39B0tfUIvV6Q
Content-Type: application/json
Content-Length: 125

{
    "userId": "653f108a396de2000acd43d4",
    "startTime": 1701100800,
    "endTime": 1701187199,
    "interval": "day",
    "utcTimeOffset": 8
}

2023-11-28 10:47:45: <-----------Response-----------
Status code: 200, elapsed seconds: 1.968495

Date: Tue, 28 Nov 2023 02:47:43 GMT
Content-Type: application/json
Content-Length: 388
Connection: keep-alive
x-amzn-RequestId: da0094f3-075f-4996-a652-6ad2545dac22
Access-Control-Allow-Origin: *
x-amz-apigw-id: PFowRGUMvHcEuJA=
X-Amzn-Trace-Id: Root=1-656554ce-5860a926779317c1333ae4e9;Sampled=0;lineage=7f669d97:0

{
    "data": {
        "userId": "653f108a396de2000acd43d4",
        "startTime": 1701100800,
        "endTime": 1701187199,
        "utcTimeOffset": 8,
        "fitnessInsightList": [
            {
                "userId": "653f108a396de2000acd43d4",
                "intervalStartTime": 1701100800,
                "interval": "day",
                "stepCount": 29,
                "activeMinutes": 0,
                "highHrRate": 91,
                "lowHrRate": 62,
                "avgHrRate": 70,
                "highSpo2": 100,
                "lowSpo2": 95,
                "avgSpo2": 99
            }
        ]
    },
    "result": {
        "code": 201000,
        "message": "Successfully."
    }
}

