2023-11-30 10:40:46: -----------Request----------->
POST https://thrive-dog1-usw2-api.data.plume.tech/pwb/PlumeCloudLogin

User-Agent: python-requests/2.31.0
Accept-Encoding: gzip, deflate
accept: application/json
Connection: keep-alive
Content-Type: application/json
Content-Length: 73

{
    "email": "thrive-ios+4@plume.com",
    "password": "plume1234",
    "ttl": 3600
}

2023-11-30 10:40:46: <-----------Response-----------
Status code: 200, elapsed seconds: 0.910929

Date: Thu, 30 Nov 2023 02:40:44 GMT
Content-Type: application/json
Content-Length: 729
Connection: keep-alive
x-amzn-RequestId: ade45e5d-6297-4f7b-9f7e-843769d19e62
Access-Control-Allow-Origin: *
x-amz-apigw-id: PMNm5GhvvHcEasg=
X-Amzn-Trace-Id: Root=1-6567f62b-321938764cbf233a2d3e741c;Sampled=0;lineage=7fdd2b1e:0

{
    "data": {
        "id": "WaWcuoYVSfq0hBVh7OcvLogcuAG1h8Cvi4PIuEiXwYDyMBkNMU9DNB5NvTiv7E8h",
        "ttl": 3600,
        "created": "2023-11-30T02:40:44.029Z",
        "userId": "653f108a396de2000acd43d4",
        "expireAt": "2023-11-30T03:40:44.029Z",
        "user": {
            "id": "653f108a396de2000acd43d4",
            "accountId": "3b2c42d4-7cee-4756-b4bd-491cacc1ae57",
            "anonymous": false,
            "autoProvisioned": false,
            "name": "thrive-ios+4",
            "locked": false,
            "partnerId": "mobile_qa_test",
            "acceptLanguage": "en-US",
            "preferredLanguage": "en",
            "source": "customCreate",
            "createdAt": "2023-10-30T02:10:18.214Z",
            "provisioningSsoAuditTrail": false,
            "_version": "1.0.0",
            "email": "thrive-ios+4@plume.com",
            "emailVerified": true,
            "firstKnownLoginTimestamp": "2023-10-30T02:15:53.570Z"
        }
    },
    "result": {
        "code": 201000,
        "message": "Successfully."
    }
}

2023-11-30 10:40:49: -----------Request----------->
POST https://thrive-dog1-usw2-api.data.plume.tech/pwb/AuthenticateWithPlumeToken

User-Agent: python-requests/2.31.0
Accept-Encoding: gzip, deflate
accept: application/json
Connection: keep-alive
Content-Type: application/json
Content-Length: 121

{
    "accessToken": "WaWcuoYVSfq0hBVh7OcvLogcuAG1h8Cvi4PIuEiXwYDyMBkNMU9DNB5NvTiv7E8h",
    "userId": "653f108a396de2000acd43d4"
}

2023-11-30 10:40:49: <-----------Response-----------
Status code: 200, elapsed seconds: 1.337269

Date: Thu, 30 Nov 2023 02:40:47 GMT
Content-Type: application/json
Content-Length: 3844
Connection: keep-alive
x-amzn-RequestId: d60d2d32-2769-4c5b-bc60-8abe338edf4c
Access-Control-Allow-Origin: *
x-amz-apigw-id: PMNnWERmvHcEYRg=
X-Amzn-Trace-Id: Root=1-6567f62e-28a84abb63407edd3d872c76;Sampled=0;lineage=144e69e0:0

{
    "data": {
        "email": "thrive-ios+4@plume.com",
        "userGroup": "admin",
        "userName": "thrive-ios+4",
        "userId": "653f108a396de2000acd43d4",
        "accessToken": "eyJraWQiOiJ1cy13ZXN0LTI0IiwidHlwIjoiSldTIiwiYWxnIjoiUlM1MTIifQ.eyJzdWIiOiJ1cy13ZXN0LTI6MTlkODY1Y2ItZjVkZi00NTJkLWI0MTYtNzJkMDk1NWY4Zjc2IiwiYXVkIjoidXMtd2VzdC0yOjU2YzQyNDM5LWJlMmMtNDUyMy04YmUwLTEwYjU4ODVlYTczMyIsImFtciI6WyJhdXRoZW50aWNhdGVkIiwic3RhZ2luZy1wd2IucGx1bWUuY29tIiwic3RhZ2luZy1wd2IucGx1bWUuY29tOnVzLXdlc3QtMjo1NmM0MjQzOS1iZTJjLTQ1MjMtOGJlMC0xMGI1ODg1ZWE3MzM6V2FXY3VvWVZTZnEwaEJWaDdPY3ZMb2djdUFHMWg4Q3ZpNFBJdUVpWHdZRHlNQmtOTVU5RE5CNU52VGl2N0U4aCJdLCJpc3MiOiJodHRwczovL2NvZ25pdG8taWRlbnRpdHkuYW1hem9uYXdzLmNvbSIsImh0dHBzOi8vY29nbml0by1pZGVudGl0eS5hbWF6b25hd3MuY29tL2lkZW50aXR5LXBvb2wtYXJuIjoiYXJuOmF3czpjb2duaXRvLWlkZW50aXR5OnVzLXdlc3QtMjoxNDMwODk2MTA0ODI6aWRlbnRpdHlwb29sL3VzLXdlc3QtMjo1NmM0MjQzOS1iZTJjLTQ1MjMtOGJlMC0xMGI1ODg1ZWE3MzMiLCJleHAiOjE3MDEzOTg0NDcsImlhdCI6MTcwMTMxMjA0N30.SBwRAgmIdwqSbSqrGmT2WO1b5bnKRbrOacVLVEc1ifVCC8k-uTkKZRwLJa2_GmPODIOLeiY4NJsFXaJtHgPd7B1NM8tIOpgAJqhTr2jo2qXB2wOJ3R6BYdnRGCiRYZina9KPOuBq7ZEEHGXo0xIp-GRiG7n5KeUs8HTDmXEVhd-wVypV7As0kLzsGjEwim-aakdlAjv01n2LFJO200OfGxCnYoSAAvl87ySR2IrRb0YIU2ZeXK7wBDBlEth2ekX_e1pf6n3KyEuEFD6e0ZUTQrYG3PJH2sW9H4fJr5k9eMIHqXrSEeQfCXinrL6K4DiSNTm3xok2NhfQH96eiDyYSg",
        "idToken": "eyJraWQiOiJJZGVudGl0eVRva2VuU2lnbktleSIsImFsZyI6IlJTNTEyIn0%3D.eyJpc3MiOiJhd3MtbGFtYmRhIiwiZXhwIjoxNzE2ODY0MDQ3LCJzdWIiOiJpZC10b2tlbiIsImF1ZCI6InJpbmciLCJqdGkiOiI4OTBhMjE0OS1kNTUxLTQzMjgtYmRhYi0zMThjMTIwNDQwYmEiLCJ1c2VySWQiOiI2NTNmMTA4YTM5NmRlMjAwMGFjZDQzZDQiLCJlbWFpbCI6InRocml2ZS1pb3MrNEBwbHVtZS5jb20iLCJnZW5kZXIiOiIiLCJiaXJ0aGRhdGUiOiIifQ%3D%3D.cQEHlYsPCzmpIjtkJZHsBBtqid10dig8tucTHFxVSQHzzRRgw6PTSBlguyrRlJ0stJFc9eAO8f4IacgowpqcxrmbQMDoFski4RX6cXyLzFvf%2FyRbMKvc86YyV9Anhmy7SChymnn%2FFlRyKHu2ivlVzMGSdgxJZ2kMMK%2FfHR2QDx%2FPCbTH5ZCMc%2Fd1%2B%2F2h82O9EbyHBbvjf38g0iwNsKNt1NTlLe6AExSpYyMCcbXQV8IhOmOb9kzBoTnhCa%2F4hslbrGGD3NvlXFT2gsFrN4nXaaO1DuydA2M4Wv8i6Giw6VMZor4T4KMVMO9mqE4O%2FPipW8kIP09u5fSO4BlXQqAMKrnzsrzLzhm4ritw3qe29jRgjPBLhHIgFrf9KnW7Pxh63IMODWQS2a5TSrEe5WwohjQHMvmEYgrkUravdRTMhxACR24eR4hX10txfFJ%2FVgHCNz%2BbQwTmCc%2FeK3B22dNZDdfz2Q%2Ba%2BmqdfWc4s7AdzMhJEHE68Qy7aPkfGUaHNrYBViGK8HhH0vHllhR%2FZALKMfztmlFqS7K5NEvTomyKV3suNM4yY%2BqfhF%2BbEqr0CmZLqtuKAFkk56lMl%2BFg2cqWlQwVu1T2tn5OhO%2FGvs7Szotj1mDxww%2BbcWCOZu7b7jZij20PNQh4aAX1f6noLSl%2BloL8dSFht%2Fdfq7p4UAiaDCA%3D",
        "refreshToken": "eyJraWQiOiJSZWZyZXNoVG9rZW5TaWduS2V5IiwiY3R5IjoiSldUIiwiZW5jIjoiQTI1NkdDTSIsImFsZyI6IlJTNTEyIn0%3D.AQICAHgg7rlLlhJZMilo20zyx9NECjg%2F8q0XYyoRMcHYs4Nh4AGGhS1Ci5O01RZvM%2FUG8CB0AAABUTCCAU0GCSqGSIb3DQEHBqCCAT4wggE6AgEAMIIBMwYJKoZIhvcNAQcBMB4GCWCGSAFlAwQBLjARBAzshBQU3POUwaR2vD8CARCAggEEMjmUstFfXJtyHIEyq51Tqz%2Bt%2BW1VlFCjFjg4cwnzbJC%2FPdhs8yRHvEq1ZJH6G4P7Lw7zk1l%2B%2BILxOXXsQ%2BS2xqtYt8L8Nnaz%2Bn4yQSXo%2Fk%2BRq4j8H8K50J0c6M5vqC503JRpMMc0s71FAP7X7wnGv9yCcQ%2F0%2F952%2B2aFRpFOCZ%2FgYw2J0z61d4JKtBrVyLLcUmuihaTuA0yA0QLQ79lnhsFPt3ZUrkCKjRc%2FqeW%2F%2BPVwY4kw6%2FzAhSxVlzkwiB0vMU74zL6l64%2FQsmoM8DQLB2yjjAyekzumjLMhNxdtGbMCZu%2Fwlz0Tnez6onQdhwtCey6c%2BMlOOruszMAvXwnGTQCDPO0%3D.Cajvt6t7LvN5gNtwnd%2FASsh%2BgNpjLlLi4FbPF143ABB91zDPTXFyN3F2i68fh3T7h0cDvrsDsz3GoSt1VFvPKnG6EcnsKL%2BdOuL105W7XSgC%2FQbznN8f9KIa9lQT8Vhgewr8GpeQOulu9s3KrqJv8%2BD8ucJ3a2eqoNSCp5iH%2FOKFDsn8nWkBBxElcUcc9p%2BrYhLggOD31krp%2BtETEB1e6%2BKiu%2BVnWEqSQnQJPXjl7IrO5nMnFXzMe8WLw7myzL0Q9y6w%2FxRcLjF0%2FD7IRdkUcQJC0msGOJU9eoeJgQ84zjzxvybpe5eaE1M5AiAk1FAhrOIRm9NnKMVW0BU8yGKXAM2A4lDKaJzjoIIioomc7MHfRHbfebBh3OsbvDF2IN0pPUGQvNFIxJQW8l9%2FeDJITP%2Fe9vGEy9YjCqiw%2B82VMkvTZeBy55%2BSMJ9BlAhxLP7fzQhwzHUgBjHsYzj6DtvtYT6sfhUxXc5mMJB9DYFKfPZEUk9AYHhBXAxOeTr%2FrzgkPdqKz%2FwfmcSeGcv82Mqn8jpiYgir91BY7k9wNtDRJkdf9Ax%2B2aV1LkNQkIKTLWchXL2E6F4QDylXicWeJ3WprdIb6QRoYeHSRUyVdzEwTgHR7mcU2kk05mHuiZ6Dk79LiDIjzYGettiD6vBmJ2O0B03q4UhtATOGJ1kbVp6mwRw%3D",
        "identityId": "us-west-2:19d865cb-f5df-452d-b416-72d0955f8f76"
    }
}

2023-11-30 10:40:52: -----------Request----------->
POST https://thrive-dog1-usw2-api.data.plume.tech/pwb/GetDailySleepInsightList

User-Agent: python-requests/2.31.0
Accept-Encoding: gzip, deflate
accept: application/json
Connection: keep-alive
Authorization: Bearer eyJraWQiOiJ1cy13ZXN0LTI0IiwidHlwIjoiSldTIiwiYWxnIjoiUlM1MTIifQ.eyJzdWIiOiJ1cy13ZXN0LTI6MTlkODY1Y2ItZjVkZi00NTJkLWI0MTYtNzJkMDk1NWY4Zjc2IiwiYXVkIjoidXMtd2VzdC0yOjU2YzQyNDM5LWJlMmMtNDUyMy04YmUwLTEwYjU4ODVlYTczMyIsImFtciI6WyJhdXRoZW50aWNhdGVkIiwic3RhZ2luZy1wd2IucGx1bWUuY29tIiwic3RhZ2luZy1wd2IucGx1bWUuY29tOnVzLXdlc3QtMjo1NmM0MjQzOS1iZTJjLTQ1MjMtOGJlMC0xMGI1ODg1ZWE3MzM6V2FXY3VvWVZTZnEwaEJWaDdPY3ZMb2djdUFHMWg4Q3ZpNFBJdUVpWHdZRHlNQmtOTVU5RE5CNU52VGl2N0U4aCJdLCJpc3MiOiJodHRwczovL2NvZ25pdG8taWRlbnRpdHkuYW1hem9uYXdzLmNvbSIsImh0dHBzOi8vY29nbml0by1pZGVudGl0eS5hbWF6b25hd3MuY29tL2lkZW50aXR5LXBvb2wtYXJuIjoiYXJuOmF3czpjb2duaXRvLWlkZW50aXR5OnVzLXdlc3QtMjoxNDMwODk2MTA0ODI6aWRlbnRpdHlwb29sL3VzLXdlc3QtMjo1NmM0MjQzOS1iZTJjLTQ1MjMtOGJlMC0xMGI1ODg1ZWE3MzMiLCJleHAiOjE3MDEzOTg0NDcsImlhdCI6MTcwMTMxMjA0N30.SBwRAgmIdwqSbSqrGmT2WO1b5bnKRbrOacVLVEc1ifVCC8k-uTkKZRwLJa2_GmPODIOLeiY4NJsFXaJtHgPd7B1NM8tIOpgAJqhTr2jo2qXB2wOJ3R6BYdnRGCiRYZina9KPOuBq7ZEEHGXo0xIp-GRiG7n5KeUs8HTDmXEVhd-wVypV7As0kLzsGjEwim-aakdlAjv01n2LFJO200OfGxCnYoSAAvl87ySR2IrRb0YIU2ZeXK7wBDBlEth2ekX_e1pf6n3KyEuEFD6e0ZUTQrYG3PJH2sW9H4fJr5k9eMIHqXrSEeQfCXinrL6K4DiSNTm3xok2NhfQH96eiDyYSg
Content-Type: application/json
Content-Length: 134

{
    "userId": "653f108a396de2000acd43d4",
    "startTime": 1701273600,
    "endTime": 1701359999,
    "pageSize": 1,
    "startKey": "",
    "utcOffset": -8
}

2023-11-30 10:40:52: <-----------Response-----------
Status code: 200, elapsed seconds: 0.996181

Date: Thu, 30 Nov 2023 02:40:50 GMT
Content-Type: application/json
Content-Length: 577
Connection: keep-alive
x-amzn-RequestId: 7e144f84-eb5b-4d99-abfc-a1d29cba2927
Access-Control-Allow-Origin: *
x-amz-apigw-id: PMNn4EOmvHcEPOg=
X-Amzn-Trace-Id: Root=1-6567f632-0905d6d2206ea29160132ccf;Sampled=0;lineage=75671f14:0

{
    "data": {
        "userId": "653f108a396de2000acd43d4",
        "startTime": 1701273600,
        "endTime": 1701359999,
        "startKey": "",
        "dailySleepInsightList": [
            {
                "deepSleepTime": 3000,
                "awakeTime": 0,
                "remTime": 2400,
                "lightSleepTime": 10195,
                "totalSleepTime": 15595,
                "wakeUpTimes": 0,
                "userId": "653f108a396de2000acd43d4",
                "sleepDate": 1701273600,
                "timeZone": "Asia/Brunei",
                "utcOffset": 8,
                "startTime": 1701289157,
                "endTime": 1701305652,
                "maxHr": 79,
                "minHr": 62,
                "maxSpo2": 100,
                "minSpo2": 96,
                "sleepSessionId": "541d71833aca0cedad83b6a7e87eb4d8",
                "avgHr": 68,
                "avgSpo2": 99,
                "sleepScore": 4
            }
        ]
    },
    "result": {
        "code": 201000,
        "message": "Successfully."
    }
}

