2023-11-27 11:30:28: -----------Request----------->
POST https://thrive-dog1-usw2-api.data.plume.tech/pwb/PlumeCloudLogin

User-Agent: python-requests/2.31.0
Accept-Encoding: gzip, deflate
accept: application/json
Connection: keep-alive
Content-Type: application/json
Content-Length: 73

{
    "email": "thrive-ios+4@plume.com",
    "password": "plume1234",
    "ttl": 3600
}

2023-11-27 11:30:28: <-----------Response-----------
Status code: 200, elapsed seconds: 4.094134

Date: Mon, 27 Nov 2023 03:30:26 GMT
Content-Type: application/json
Content-Length: 729
Connection: keep-alive
x-amzn-RequestId: 4ca216c4-00ac-4637-8357-fbb4f36ff0f2
Access-Control-Allow-Origin: *
x-amz-apigw-id: PCcE1HLwPHcEBSg=
X-Amzn-Trace-Id: Root=1-65640d51-7d73a4722d4829215f374db8;Sampled=0;lineage=7fdd2b1e:0

{
    "data": {
        "id": "pTXdh2oc06ofumdy6guAQ5NxVBJjEOsbmU02huzz5WWsS6tilmYxFDAVSpruAVph",
        "ttl": 3600,
        "created": "2023-11-27T03:30:26.046Z",
        "userId": "653f108a396de2000acd43d4",
        "expireAt": "2023-11-27T04:30:26.046Z",
        "user": {
            "id": "653f108a396de2000acd43d4",
            "accountId": "3b2c42d4-7cee-4756-b4bd-491cacc1ae57",
            "anonymous": false,
            "autoProvisioned": false,
            "name": "thrive-ios+4",
            "locked": false,
            "partnerId": "mobile_qa_test",
            "acceptLanguage": "en-US",
            "preferredLanguage": "en",
            "source": "customCreate",
            "createdAt": "2023-10-30T02:10:18.214Z",
            "provisioningSsoAuditTrail": false,
            "_version": "1.0.0",
            "email": "thrive-ios+4@plume.com",
            "emailVerified": true,
            "firstKnownLoginTimestamp": "2023-10-30T02:15:53.570Z"
        }
    },
    "result": {
        "code": 201000,
        "message": "Successfully."
    }
}

2023-11-27 11:30:31: -----------Request----------->
POST https://thrive-dog1-usw2-api.data.plume.tech/pwb/AuthenticateWithPlumeToken

User-Agent: python-requests/2.31.0
Accept-Encoding: gzip, deflate
accept: application/json
Connection: keep-alive
Content-Type: application/json
Content-Length: 121

{
    "accessToken": "pTXdh2oc06ofumdy6guAQ5NxVBJjEOsbmU02huzz5WWsS6tilmYxFDAVSpruAVph",
    "userId": "653f108a396de2000acd43d4"
}

2023-11-27 11:30:31: <-----------Response-----------
Status code: 200, elapsed seconds: 1.394721

Date: Mon, 27 Nov 2023 03:30:29 GMT
Content-Type: application/json
Content-Length: 3836
Connection: keep-alive
x-amzn-RequestId: e6ee3797-5fc9-41ee-b002-91433213b8b8
Access-Control-Allow-Origin: *
x-amz-apigw-id: PCcFTEUfPHcErPw=
X-Amzn-Trace-Id: Root=1-65640d54-3955ce0e0dbd495c02c6165e;Sampled=0;lineage=144e69e0:0

{
    "data": {
        "email": "thrive-ios+4@plume.com",
        "userGroup": "admin",
        "userName": "thrive-ios+4",
        "userId": "653f108a396de2000acd43d4",
        "accessToken": "eyJraWQiOiJ1cy13ZXN0LTI0IiwidHlwIjoiSldTIiwiYWxnIjoiUlM1MTIifQ.eyJzdWIiOiJ1cy13ZXN0LTI6OTFhMjc4NTEtODhkYS00ZTY5LTkzNTctNTNiZmRhMmRiNjVjIiwiYXVkIjoidXMtd2VzdC0yOjU2YzQyNDM5LWJlMmMtNDUyMy04YmUwLTEwYjU4ODVlYTczMyIsImFtciI6WyJhdXRoZW50aWNhdGVkIiwic3RhZ2luZy1wd2IucGx1bWUuY29tIiwic3RhZ2luZy1wd2IucGx1bWUuY29tOnVzLXdlc3QtMjo1NmM0MjQzOS1iZTJjLTQ1MjMtOGJlMC0xMGI1ODg1ZWE3MzM6cFRYZGgyb2MwNm9mdW1keTZndUFRNU54VkJKakVPc2JtVTAyaHV6ejVXV3NTNnRpbG1ZeEZEQVZTcHJ1QVZwaCJdLCJpc3MiOiJodHRwczovL2NvZ25pdG8taWRlbnRpdHkuYW1hem9uYXdzLmNvbSIsImh0dHBzOi8vY29nbml0by1pZGVudGl0eS5hbWF6b25hd3MuY29tL2lkZW50aXR5LXBvb2wtYXJuIjoiYXJuOmF3czpjb2duaXRvLWlkZW50aXR5OnVzLXdlc3QtMjoxNDMwODk2MTA0ODI6aWRlbnRpdHlwb29sL3VzLXdlc3QtMjo1NmM0MjQzOS1iZTJjLTQ1MjMtOGJlMC0xMGI1ODg1ZWE3MzMiLCJleHAiOjE3MDExNDIyMjksImlhdCI6MTcwMTA1NTgyOX0.IIHrUg-2KcwnRpHs8NVOyfB6qsZdPWtxc_rR9hzxIB0sEWPYRmIkRC8io4FF6mfA0lCn_SvYg_qqUEw23CZOztXb---_4IWtdPW_A3WJZ63wqm-3OlpYewgcbFXCkXKeiiPpGiaTQ0tZeEsuRKD6CvVSC8DDPLfbje3syGHD5LWmVL1q7oB_csQU-Pcs9RfT5CNeDuzK-ESgvFh40eFW-Z4t9DFGo9UippB7C1VJrbMfmmUCxjyNB86mI4zky6y0IZYf6NWHjRWrx7ysPpLNEa28sWH8PCoTCSA5T6BEJziWhLiN37sluK1rp7A--oxvUdaq_NSTxNo6Gca7dw094g",
        "idToken": "eyJraWQiOiJJZGVudGl0eVRva2VuU2lnbktleSIsImFsZyI6IlJTNTEyIn0%3D.eyJpc3MiOiJhd3MtbGFtYmRhIiwiZXhwIjoxNzE2NjA3ODI5LCJzdWIiOiJpZC10b2tlbiIsImF1ZCI6InJpbmciLCJqdGkiOiJkODcyMTY4OC0xYTc1LTRjMTEtYjIxNy1kOTYzZjQ4NWM4MjgiLCJ1c2VySWQiOiI2NTNmMTA4YTM5NmRlMjAwMGFjZDQzZDQiLCJlbWFpbCI6InRocml2ZS1pb3MrNEBwbHVtZS5jb20iLCJnZW5kZXIiOiIiLCJiaXJ0aGRhdGUiOiIifQ%3D%3D.FIv%2FLd4CzMmgRvaZAOtoXFBLni%2Boy9DmsxBN2Hfg13VEZWWxCRA11XtAQPUQ2eZMF%2BX0AZXP1gF4IroZcKv0%2BkntcIPSHf%2FhOXCW7wD3jCsgNPZNoFIurejNcYI8FZMnyuxWHjtYOOhMdUTJSfzoXcUtopGO3PvhJbm%2FadzZMO2zhyye8yHT5IP8iW%2F96kleOdTlNlJB2iWG4HdKoTnCthLrdWFYJtgiDUVJhaXPBsKDoZt7y9aWcqPOleQGdo%2BQqVsAf9MOxtHyXM%2FEz9HRUJrwPjGeRYsuIW1Baz9XBe%2Fek3i2T%2Fwq1BEl%2F7nS%2FcFWrPcENBHdqxxto%2FskWrvgpwL1m6owLQ4FBVCoEHfWYx5pmfNynpH1F4RN3k9mNZjHKH10%2B7BF4OwLXxVMEJkMUFuHbsamRInIPibm5KplSShfk%2Btv9Iv%2BHVAllVx7GcplivpXaTIMVkcEKI9HDGbXRGoxzrA4UwrGFG6DZFwx%2BqXKmuS9VZX1cGx4hG24AYiPdNjYpvK6K6r1Gfx8%2FUaIhoQtrkLgFIPg%2FKXlUUQRaYMOKVfKknFWgQ8LKJ49kxzMrd4%2F1PS35%2FsjJ3KKNgVciEE1sKL0k63JlMdXgEGHjM3bakRqjumYW6pnbbjdQrD18li%2BBhG5il3VJwEbj6GQTFB4H08jqHCZVh5oTpQakdY%3D",
        "refreshToken": "eyJraWQiOiJSZWZyZXNoVG9rZW5TaWduS2V5IiwiY3R5IjoiSldUIiwiZW5jIjoiQTI1NkdDTSIsImFsZyI6IlJTNTEyIn0%3D.AQICAHgg7rlLlhJZMilo20zyx9NECjg%2F8q0XYyoRMcHYs4Nh4AE6VrkQsOXCyb0Vke4Q%2FaKgAAABUTCCAU0GCSqGSIb3DQEHBqCCAT4wggE6AgEAMIIBMwYJKoZIhvcNAQcBMB4GCWCGSAFlAwQBLjARBAy7rZ9oAaUcRIzURzsCARCAggEEzzaTVkFFkWEUCNbukpqS%2BPsvWEpBFKpL3iIqr30mU5lzdU0x3tYf823SCb0WD5%2BHGbJIQwfBX%2FfnPgyD1ZcGAftDcnMNg1dcFi%2BhlluMzB9A0vNI4d5kcMa7P5orP5Y%2FIMhxAVPv9wrg1b2J2R%2Bo90LXkNn7OVpf42E5GU%2BjAhx%2FVWWzwciFuy0ZIN8twv5BMT9XnZV16Mudwm6xJXuoDWLQPg6K0KQZYtDcrbSA7m%2FdlT9eVeAQJ643XbhzjLvcpKwXnAxuue4DpUoAs%2FTKBGKZ8nlgtGmYUtOqAI0hdvl2C8O6nM4qVuPTHDEdcYJW0KBQX86N1SzFVipJs66JtTwTgGg%3D.Z1004mU9Z6HIDCH%2BGf4T%2BY5JjBs3mG8J87m9d4XGXy%2FRzyh6OQPoP5wKmPVITpjicLGmJR6MC58yWEfxdNu20kaXmrzCXDRNoyMhkIna9eGmNYzGtFoA9B%2Bzs0ElWATnpEuwpUkH3lLfF0rKq9tDedSZDlZf%2FVYBwtwRTRFJLTdcZDbNVnyf37HYrVU1OeBzM5o7oSTRgMl%2FIFRzIqsgRgFt9C3byNp4Rjd23%2BoBDVJfgCqj76AwFp3ze8IwwI6O2X%2FjIDsRDlDtrhiKbbYhJDuYerqRI3kkwtdqd%2BafIaCikpW9gSP7oxn0OVCJY9bt%2B8IqNejl9TT666w1Ng0tXQkmm5IYa4J4T15EIVl42sYq1RoWdl0QgFs6cKDInrLgYBMtda9LTnryjNt%2Far9MDc6c2JTyMKHvEhoUUsvoQHAq%2BanAYf206P7j14VsloCyhJe%2Bc3vkAGZ492UrEKYH21geMZjnrbbzc7qN6Vl%2Fu5FOT8HgX%2B%2BtxBASzF0YrLwJfqopSfFiyR9P1tSd1Bi4Nm7d9HuXbaMUQJiu5xZ9u%2BUBfzGSrdI32err%2Btk%2FwgCwuvq5uo24vnIc76kRfMv2Xf5UKKsso6Be9eh8yxIuJZP6BIQWUaO8I5%2BCb8A3gf0wVRxo5ei5sxix3QkiQ%2BmD%2B99khXFNuz3%2F1eMR590MQ%2FA%3D",
        "identityId": "us-west-2:91a27851-88da-4e69-9357-53bfda2db65c"
    }
}

2023-11-27 11:30:37: -----------Request----------->
POST https://thrive-dog1-usw2-api.data.plume.tech/pwb/RegisterDevice

User-Agent: python-requests/2.31.0
Accept-Encoding: gzip, deflate
accept: application/json
Connection: keep-alive
Authorization: Bearer eyJraWQiOiJ1cy13ZXN0LTI0IiwidHlwIjoiSldTIiwiYWxnIjoiUlM1MTIifQ.eyJzdWIiOiJ1cy13ZXN0LTI6OTFhMjc4NTEtODhkYS00ZTY5LTkzNTctNTNiZmRhMmRiNjVjIiwiYXVkIjoidXMtd2VzdC0yOjU2YzQyNDM5LWJlMmMtNDUyMy04YmUwLTEwYjU4ODVlYTczMyIsImFtciI6WyJhdXRoZW50aWNhdGVkIiwic3RhZ2luZy1wd2IucGx1bWUuY29tIiwic3RhZ2luZy1wd2IucGx1bWUuY29tOnVzLXdlc3QtMjo1NmM0MjQzOS1iZTJjLTQ1MjMtOGJlMC0xMGI1ODg1ZWE3MzM6cFRYZGgyb2MwNm9mdW1keTZndUFRNU54VkJKakVPc2JtVTAyaHV6ejVXV3NTNnRpbG1ZeEZEQVZTcHJ1QVZwaCJdLCJpc3MiOiJodHRwczovL2NvZ25pdG8taWRlbnRpdHkuYW1hem9uYXdzLmNvbSIsImh0dHBzOi8vY29nbml0by1pZGVudGl0eS5hbWF6b25hd3MuY29tL2lkZW50aXR5LXBvb2wtYXJuIjoiYXJuOmF3czpjb2duaXRvLWlkZW50aXR5OnVzLXdlc3QtMjoxNDMwODk2MTA0ODI6aWRlbnRpdHlwb29sL3VzLXdlc3QtMjo1NmM0MjQzOS1iZTJjLTQ1MjMtOGJlMC0xMGI1ODg1ZWE3MzMiLCJleHAiOjE3MDExNDIyMjksImlhdCI6MTcwMTA1NTgyOX0.IIHrUg-2KcwnRpHs8NVOyfB6qsZdPWtxc_rR9hzxIB0sEWPYRmIkRC8io4FF6mfA0lCn_SvYg_qqUEw23CZOztXb---_4IWtdPW_A3WJZ63wqm-3OlpYewgcbFXCkXKeiiPpGiaTQ0tZeEsuRKD6CvVSC8DDPLfbje3syGHD5LWmVL1q7oB_csQU-Pcs9RfT5CNeDuzK-ESgvFh40eFW-Z4t9DFGo9UippB7C1VJrbMfmmUCxjyNB86mI4zky6y0IZYf6NWHjRWrx7ysPpLNEa28sWH8PCoTCSA5T6BEJziWhLiN37sluK1rp7A--oxvUdaq_NSTxNo6Gca7dw094g
Content-Type: application/json
Content-Length: 78

{
    "userId": "653f108a396de2000acd43d4",
    "deviceId": "653f108a396de2000acd43d4"
}

2023-11-27 11:30:37: <-----------Response-----------
Status code: 200, elapsed seconds: 0.911194

Date: Mon, 27 Nov 2023 03:30:35 GMT
Content-Type: application/json
Content-Length: 88
Connection: keep-alive
x-amzn-RequestId: 354eb2f0-8746-448e-aef0-44ecb723d5a8
Access-Control-Allow-Origin: *
x-amz-apigw-id: PCcGSG1iPHcElUw=
X-Amzn-Trace-Id: Root=1-65640d5b-0dbadd852930caba07071ad9;Sampled=0;lineage=c0ee9507:0

{
    "data": {
        "registerStatus": "Success"
    },
    "result": {
        "code": 201000,
        "message": "Successfully."
    }
}

2023-11-27 11:30:43: -----------Request----------->
POST https://thrive-dog1-usw2-api.data.plume.tech/pwb/UnregisterDevice

User-Agent: python-requests/2.31.0
Accept-Encoding: gzip, deflate
accept: application/json
Connection: keep-alive
Authorization: Bearer eyJraWQiOiJ1cy13ZXN0LTI0IiwidHlwIjoiSldTIiwiYWxnIjoiUlM1MTIifQ.eyJzdWIiOiJ1cy13ZXN0LTI6OTFhMjc4NTEtODhkYS00ZTY5LTkzNTctNTNiZmRhMmRiNjVjIiwiYXVkIjoidXMtd2VzdC0yOjU2YzQyNDM5LWJlMmMtNDUyMy04YmUwLTEwYjU4ODVlYTczMyIsImFtciI6WyJhdXRoZW50aWNhdGVkIiwic3RhZ2luZy1wd2IucGx1bWUuY29tIiwic3RhZ2luZy1wd2IucGx1bWUuY29tOnVzLXdlc3QtMjo1NmM0MjQzOS1iZTJjLTQ1MjMtOGJlMC0xMGI1ODg1ZWE3MzM6cFRYZGgyb2MwNm9mdW1keTZndUFRNU54VkJKakVPc2JtVTAyaHV6ejVXV3NTNnRpbG1ZeEZEQVZTcHJ1QVZwaCJdLCJpc3MiOiJodHRwczovL2NvZ25pdG8taWRlbnRpdHkuYW1hem9uYXdzLmNvbSIsImh0dHBzOi8vY29nbml0by1pZGVudGl0eS5hbWF6b25hd3MuY29tL2lkZW50aXR5LXBvb2wtYXJuIjoiYXJuOmF3czpjb2duaXRvLWlkZW50aXR5OnVzLXdlc3QtMjoxNDMwODk2MTA0ODI6aWRlbnRpdHlwb29sL3VzLXdlc3QtMjo1NmM0MjQzOS1iZTJjLTQ1MjMtOGJlMC0xMGI1ODg1ZWE3MzMiLCJleHAiOjE3MDExNDIyMjksImlhdCI6MTcwMTA1NTgyOX0.IIHrUg-2KcwnRpHs8NVOyfB6qsZdPWtxc_rR9hzxIB0sEWPYRmIkRC8io4FF6mfA0lCn_SvYg_qqUEw23CZOztXb---_4IWtdPW_A3WJZ63wqm-3OlpYewgcbFXCkXKeiiPpGiaTQ0tZeEsuRKD6CvVSC8DDPLfbje3syGHD5LWmVL1q7oB_csQU-Pcs9RfT5CNeDuzK-ESgvFh40eFW-Z4t9DFGo9UippB7C1VJrbMfmmUCxjyNB86mI4zky6y0IZYf6NWHjRWrx7ysPpLNEa28sWH8PCoTCSA5T6BEJziWhLiN37sluK1rp7A--oxvUdaq_NSTxNo6Gca7dw094g
Content-Type: application/json
Content-Length: 38

{
    "userId": "653f108a396de2000acd43d4"
}

2023-11-27 11:30:43: <-----------Response-----------
Status code: 200, elapsed seconds: 1.031007

Date: Mon, 27 Nov 2023 03:30:41 GMT
Content-Type: application/json
Content-Length: 90
Connection: keep-alive
x-amzn-RequestId: c938f097-5351-49ae-bf50-dc17f8c136f1
Access-Control-Allow-Origin: *
x-amz-apigw-id: PCcHOEJjPHcEKgA=
X-Amzn-Trace-Id: Root=1-65640d61-188366ed4a024a895b13b791;Sampled=0;lineage=f5980d93:0

{
    "data": {
        "unregisterResult": "Success"
    },
    "result": {
        "code": 201000,
        "message": "Successfully."
    }
}

