2023-11-30 15:48:07: -----------Request----------->
POST https://thrive-dog1-usw2-api.data.plume.tech/pwb/PlumeCloudLogin

User-Agent: python-requests/2.31.0
Accept-Encoding: gzip, deflate
accept: application/json
Connection: keep-alive
Content-Type: application/json
Content-Length: 73

{
    "email": "thrive-ios+4@plume.com",
    "password": "plume1234",
    "ttl": 3600
}

2023-11-30 15:48:07: <-----------Response-----------
Status code: 200, elapsed seconds: 0.961261

Date: Thu, 30 Nov 2023 07:48:05 GMT
Content-Type: application/json
Content-Length: 729
Connection: keep-alive
x-amzn-RequestId: fff70b09-454d-48e5-a59e-01793bc1873b
Access-Control-Allow-Origin: *
x-amz-apigw-id: PM6oUGfLPHcErTg=
X-Amzn-Trace-Id: Root=1-65683e34-7bcf8d456d0234fa75cb478d;Sampled=0;lineage=7fdd2b1e:0

{
    "data": {
        "id": "DdvwV0sm3ItJBDH6maoIGk6N7JLVvngu9QmVuOkjwOFBG8F5A1enEKsRXqzR6zAH",
        "ttl": 3600,
        "created": "2023-11-30T07:48:05.132Z",
        "userId": "653f108a396de2000acd43d4",
        "expireAt": "2023-11-30T08:48:05.132Z",
        "user": {
            "id": "653f108a396de2000acd43d4",
            "accountId": "3b2c42d4-7cee-4756-b4bd-491cacc1ae57",
            "anonymous": false,
            "autoProvisioned": false,
            "name": "thrive-ios+4",
            "locked": false,
            "partnerId": "mobile_qa_test",
            "acceptLanguage": "en-US",
            "preferredLanguage": "en",
            "source": "customCreate",
            "createdAt": "2023-10-30T02:10:18.214Z",
            "provisioningSsoAuditTrail": false,
            "_version": "1.0.0",
            "email": "thrive-ios+4@plume.com",
            "emailVerified": true,
            "firstKnownLoginTimestamp": "2023-10-30T02:15:53.570Z"
        }
    },
    "result": {
        "code": 201000,
        "message": "Successfully."
    }
}

2023-11-30 15:48:10: -----------Request----------->
POST https://thrive-dog1-usw2-api.data.plume.tech/pwb/AuthenticateWithPlumeToken

User-Agent: python-requests/2.31.0
Accept-Encoding: gzip, deflate
accept: application/json
Connection: keep-alive
Content-Type: application/json
Content-Length: 121

{
    "accessToken": "DdvwV0sm3ItJBDH6maoIGk6N7JLVvngu9QmVuOkjwOFBG8F5A1enEKsRXqzR6zAH",
    "userId": "653f108a396de2000acd43d4"
}

2023-11-30 15:48:10: <-----------Response-----------
Status code: 200, elapsed seconds: 1.339252

Date: Thu, 30 Nov 2023 07:48:08 GMT
Content-Type: application/json
Content-Length: 3850
Connection: keep-alive
x-amzn-RequestId: 1851f06f-33ac-4b30-9bcb-b746d37ef9aa
Access-Control-Allow-Origin: *
x-amz-apigw-id: PM6oxGezvHcESPQ=
X-Amzn-Trace-Id: Root=1-65683e37-4e0893b56859d8615eb2382c;Sampled=0;lineage=144e69e0:0

{
    "data": {
        "email": "thrive-ios+4@plume.com",
        "userGroup": "admin",
        "userName": "thrive-ios+4",
        "userId": "653f108a396de2000acd43d4",
        "accessToken": "eyJraWQiOiJ1cy13ZXN0LTI0IiwidHlwIjoiSldTIiwiYWxnIjoiUlM1MTIifQ.eyJzdWIiOiJ1cy13ZXN0LTI6YWJmMzBmYjMtNTMyOC00YjczLTk1OTUtMDNkNDQ4NjU4NjIxIiwiYXVkIjoidXMtd2VzdC0yOjU2YzQyNDM5LWJlMmMtNDUyMy04YmUwLTEwYjU4ODVlYTczMyIsImFtciI6WyJhdXRoZW50aWNhdGVkIiwic3RhZ2luZy1wd2IucGx1bWUuY29tIiwic3RhZ2luZy1wd2IucGx1bWUuY29tOnVzLXdlc3QtMjo1NmM0MjQzOS1iZTJjLTQ1MjMtOGJlMC0xMGI1ODg1ZWE3MzM6RGR2d1Ywc20zSXRKQkRINm1hb0lHazZON0pMVnZuZ3U5UW1WdU9randPRkJHOEY1QTFlbkVLc1JYcXpSNnpBSCJdLCJpc3MiOiJodHRwczovL2NvZ25pdG8taWRlbnRpdHkuYW1hem9uYXdzLmNvbSIsImh0dHBzOi8vY29nbml0by1pZGVudGl0eS5hbWF6b25hd3MuY29tL2lkZW50aXR5LXBvb2wtYXJuIjoiYXJuOmF3czpjb2duaXRvLWlkZW50aXR5OnVzLXdlc3QtMjoxNDMwODk2MTA0ODI6aWRlbnRpdHlwb29sL3VzLXdlc3QtMjo1NmM0MjQzOS1iZTJjLTQ1MjMtOGJlMC0xMGI1ODg1ZWE3MzMiLCJleHAiOjE3MDE0MTY4ODgsImlhdCI6MTcwMTMzMDQ4OH0.aO3aPiOD_XME9Qbs3nsZKck189nrfoKBm3rDo_vqrR_BRs4dVrdg75xmW_thsqmGAsDQ2TCkVSLIqXMrbU-BmT3Ssqp9U-NgtHztLE3nvSJdC2OthaywGwkjVATtcpVYucpKhcAdWig7oB0fAedJYllYYW3uXtNGG03TcenC-CsGOy8OOBMbSP4rZZ3vVFwAuqZ8dGqcrROB5U4eKAXYNLNE1-PflYVRu_3Ol9_E4sGZBtg3QzjT0tTajwieZqslbDk8oJ85CiPV2b_vhIj5jQjBCXU3-eL-sn7rb7lfPNziygd_TE2-4XCJkNPiSTfANKhbckbjYBtBbY-_YUswJw",
        "idToken": "eyJraWQiOiJJZGVudGl0eVRva2VuU2lnbktleSIsImFsZyI6IlJTNTEyIn0%3D.eyJpc3MiOiJhd3MtbGFtYmRhIiwiZXhwIjoxNzE2ODgyNDg4LCJzdWIiOiJpZC10b2tlbiIsImF1ZCI6InJpbmciLCJqdGkiOiJmMTZkNWY5Zi0xNjIyLTRhYmEtYmYwMC0xYTFhN2FiNDJjNzQiLCJ1c2VySWQiOiI2NTNmMTA4YTM5NmRlMjAwMGFjZDQzZDQiLCJlbWFpbCI6InRocml2ZS1pb3MrNEBwbHVtZS5jb20iLCJnZW5kZXIiOiIiLCJiaXJ0aGRhdGUiOiIifQ%3D%3D.jWYO%2FkkbqZnyxotKtMNuTke2%2F5M%2FSU01hBn%2BI0fUid%2BZrv5ClGb9NLhxcLuHvPaTSu%2Brq61IUzFuPJWC2jGWtYQ7zZLWQUX9HXtaJNzl4Nt3VZmwKH8cBu5cGhGBFGPn6I6y6UjqFc1n5s8JVnNKvgVjulvCZ9JTvSJJzLmnh184s2HWJyoLBfLosz59h9uN%2Ffx8i3xfiEagYQvXX8VD45vqwpJnziZN9topQfV9IkdBM9xzJ%2BwG9SKmiCEy9awOsJkXcj1fhafIq8R3bLxQ%2FFP%2FFO3coB5S%2BOlVMob%2FPgHh3FA8fvLlCpgOEFWep7CuSPiqXTvPW7ZDNSILF3FiDp9ZYyWeqfApUZ6GbPvTXMJcTsKZrYiNo%2BVvHRdcKyGI27pHOy%2FknLeMraM%2F7GMwbjODF69OdcH9RykWc4m3AsgiAeWYzCKOUVElNrgCQLDICTRuuuy6sK6ji6mFaJFD0nm28%2FC%2Fl8bHD1riXH%2B5yvq%2B6bKaoMX3TehKCxUfWb%2BB5Mq0c%2Fpoit9aB5bInFieZdMDeb3Z78NeQ6%2FoAKZiU7MQvkb6bdNLUVSwHX3X4HbpdCsQMtTFvFsd%2BmYUQcSwKyXDAMLwe4Z%2BDnrkBTwi1YtAEBiwq%2FxE5hm94rayFVJN7Lnsn%2F%2FAN2N6W68JpaZgNiVCs0frw%2B%2FI%2BT4hRyGPd18%3D",
        "refreshToken": "eyJraWQiOiJSZWZyZXNoVG9rZW5TaWduS2V5IiwiY3R5IjoiSldUIiwiZW5jIjoiQTI1NkdDTSIsImFsZyI6IlJTNTEyIn0%3D.AQICAHgg7rlLlhJZMilo20zyx9NECjg%2F8q0XYyoRMcHYs4Nh4AF7zrKRS12TfDgBscisL9G4AAABUTCCAU0GCSqGSIb3DQEHBqCCAT4wggE6AgEAMIIBMwYJKoZIhvcNAQcBMB4GCWCGSAFlAwQBLjARBAzGm2bVTkHV7YQUw%2FICARCAggEET2W8Z5BXvpnyNJa%2BfJ5VeYBW0%2BecxyBwb3Ir0WhNUaoR0yxAc3vYtoMALe5%2BjhT94VA3boxhbW%2F4DzlOlQjguUfPRhUkOVcLUjk7Ar4YSLxQUzBVpntulWV5HEZBgD8XwtUYBmUKKYVtZ1XFB93uSjn49oUFjX9mqViKzYarxjCsWYPos0F73P3Y5uxYR2deF4lQGjcxg4k7uGY2iPUyppNxknE7mVt6aIbB2R%2B4T%2BMbhy7Z7tQEoV3hKyjutVJfmjdAzWQ%2FQ8ARoj15E2Mo6I%2BNMjrxE2tcS6yD%2BZGo7RyhkTHFhcLQjtr8Y8U%2FY8zgzSqULTnhSp5gEI47fJtwyFx2HCw%3D.nE3ZjHLsH61KdG9aYY6XeRrzb10LOjgtlTCVXrRkLaMY9tCyht1CoG9oCtRmEF2Z5AXfO5CQlkc%2Bm0AWEUYv%2BAhqddIVe7qGON8T%2FFyEKq8xHLCSz%2BjS1gsMARBxx9bBJIlEuzmGflj1y%2F7xF5mgGQ8E4vxPhVgitzkc1GGBAUA9eApaLGBNaaEG2f7HOBzc8FJk1FAiajR%2Bg4yAiGcT5nujTx1nPSGkHfmgkxRiLtnr4g4ozNpgPpWGBPbUfONrjuhW963f3%2Fl1n2M9bkGkwFN3oGYWWwA4wm2r1OW5%2FEjI2pk%2BxGTZO5fkug%2Fu69XQ80hDvEgKD6zkpjeGOWUWF%2Bi%2FNr%2FnabxwIUOleuaKZUzURkR1%2B3feU9jDIXyqsIYjapaopVx8ieVZjYqeZKFVaQ9nDWtRagCjEo9XzLPt9a42t%2Fg02MVP5Jjzd8dr6YCZhxut3vTEEi58v4A3yUgBH6Aqk3D806VAChBcA0ZCyK2qh0Z60Od%2Bt6oc3At%2ByaDjs6lNpqQkU7yPeVyTKTJHc2lprfzurMX%2B%2FRaZK5eLSpFy4GPmrlQx0Yu10w%2F%2FMRvlxlyJEZzuW9IVpXgS%2B6t1iLv82P%2FHRuu5smICtHs3jiB4h4K8ePLbaKllTyx3lBNer97kLx6tcoZOOG%2B5RublEBpZuWP1r84rdG8ZyEw4TE8%3D",
        "identityId": "us-west-2:abf30fb3-5328-4b73-9595-03d448658621"
    }
}

2023-11-30 15:48:13: -----------Request----------->
POST https://thrive-dog1-usw2-api.data.plume.tech/pwb/GetDailySleepInsightList

User-Agent: python-requests/2.31.0
Accept-Encoding: gzip, deflate
accept: application/json
Connection: keep-alive
Authorization: Bearer eyJraWQiOiJ1cy13ZXN0LTI0IiwidHlwIjoiSldTIiwiYWxnIjoiUlM1MTIifQ.eyJzdWIiOiJ1cy13ZXN0LTI6YWJmMzBmYjMtNTMyOC00YjczLTk1OTUtMDNkNDQ4NjU4NjIxIiwiYXVkIjoidXMtd2VzdC0yOjU2YzQyNDM5LWJlMmMtNDUyMy04YmUwLTEwYjU4ODVlYTczMyIsImFtciI6WyJhdXRoZW50aWNhdGVkIiwic3RhZ2luZy1wd2IucGx1bWUuY29tIiwic3RhZ2luZy1wd2IucGx1bWUuY29tOnVzLXdlc3QtMjo1NmM0MjQzOS1iZTJjLTQ1MjMtOGJlMC0xMGI1ODg1ZWE3MzM6RGR2d1Ywc20zSXRKQkRINm1hb0lHazZON0pMVnZuZ3U5UW1WdU9randPRkJHOEY1QTFlbkVLc1JYcXpSNnpBSCJdLCJpc3MiOiJodHRwczovL2NvZ25pdG8taWRlbnRpdHkuYW1hem9uYXdzLmNvbSIsImh0dHBzOi8vY29nbml0by1pZGVudGl0eS5hbWF6b25hd3MuY29tL2lkZW50aXR5LXBvb2wtYXJuIjoiYXJuOmF3czpjb2duaXRvLWlkZW50aXR5OnVzLXdlc3QtMjoxNDMwODk2MTA0ODI6aWRlbnRpdHlwb29sL3VzLXdlc3QtMjo1NmM0MjQzOS1iZTJjLTQ1MjMtOGJlMC0xMGI1ODg1ZWE3MzMiLCJleHAiOjE3MDE0MTY4ODgsImlhdCI6MTcwMTMzMDQ4OH0.aO3aPiOD_XME9Qbs3nsZKck189nrfoKBm3rDo_vqrR_BRs4dVrdg75xmW_thsqmGAsDQ2TCkVSLIqXMrbU-BmT3Ssqp9U-NgtHztLE3nvSJdC2OthaywGwkjVATtcpVYucpKhcAdWig7oB0fAedJYllYYW3uXtNGG03TcenC-CsGOy8OOBMbSP4rZZ3vVFwAuqZ8dGqcrROB5U4eKAXYNLNE1-PflYVRu_3Ol9_E4sGZBtg3QzjT0tTajwieZqslbDk8oJ85CiPV2b_vhIj5jQjBCXU3-eL-sn7rb7lfPNziygd_TE2-4XCJkNPiSTfANKhbckbjYBtBbY-_YUswJw
Content-Type: application/json
Content-Length: 134

{
    "userId": "653f108a396de2000acd43d4",
    "startTime": 1701259200,
    "endTime": 1701309600,
    "pageSize": 1,
    "startKey": "",
    "utcOffset": -8
}

2023-11-30 15:48:13: <-----------Response-----------
Status code: 200, elapsed seconds: 0.842868

Date: Thu, 30 Nov 2023 07:48:11 GMT
Content-Type: application/json
Content-Length: 580
Connection: keep-alive
x-amzn-RequestId: 3793d819-dd22-4e1b-aa7b-a434bbbceb82
Access-Control-Allow-Origin: *
x-amz-apigw-id: PM6pSFnYvHcEKpw=
X-Amzn-Trace-Id: Root=1-65683e3b-42b5e3935d98551e007bb31e;Sampled=0;lineage=75671f14:0

{
    "data": {
        "userId": "653f108a396de2000acd43d4",
        "startTime": 1701259200,
        "endTime": 1701309600,
        "startKey": "",
        "dailySleepInsightList": [
            {
                "deepSleepTime": 3000,
                "awakeTime": 300,
                "remTime": 2400,
                "lightSleepTime": 12902,
                "totalSleepTime": 18302,
                "wakeUpTimes": 1,
                "userId": "653f108a396de2000acd43d4",
                "sleepDate": 1701273600,
                "timeZone": "Asia/Brunei",
                "utcOffset": 8,
                "startTime": 1701289157,
                "endTime": 1701307759,
                "maxHr": 135,
                "minHr": 59,
                "maxSpo2": 100,
                "minSpo2": 90,
                "sleepSessionId": "541d71833aca0cedad83b6a7e87eb4d8",
                "avgHr": 70,
                "avgSpo2": 99,
                "sleepScore": 4
            }
        ]
    },
    "result": {
        "code": 201000,
        "message": "Successfully."
    }
}

