2023-11-27 18:13:51: -----------Request----------->
POST https://thrive-dog1-usw2-api.data.plume.tech/pwb/PlumeCloudLogin

User-Agent: python-requests/2.31.0
Accept-Encoding: gzip, deflate
accept: application/json
Connection: keep-alive
Content-Type: application/json
Content-Length: 73

{
    "email": "thrive-ios+4@plume.com",
    "password": "plume1234",
    "ttl": 3600
}

2023-11-27 18:13:51: <-----------Response-----------
Status code: 200, elapsed seconds: 0.931453

Date: Mon, 27 Nov 2023 10:13:49 GMT
Content-Type: application/json
Content-Length: 729
Connection: keep-alive
x-amzn-RequestId: 2fc2a3cc-9457-46ea-801f-ff5e2285cb73
Access-Control-Allow-Origin: *
x-amz-apigw-id: PDXKkG9CPHcElgA=
X-Amzn-Trace-Id: Root=1-65646bdc-3024c0102afbb1710585546a;Sampled=0;lineage=7fdd2b1e:0

{
    "data": {
        "id": "buorR3DZEKBaQw4HIfIP1rdRyr98sJ7SJigmlmzULn2CZZnkJNZ91mx2plb8pEGP",
        "ttl": 3600,
        "created": "2023-11-27T10:13:49.122Z",
        "userId": "653f108a396de2000acd43d4",
        "expireAt": "2023-11-27T11:13:49.122Z",
        "user": {
            "id": "653f108a396de2000acd43d4",
            "accountId": "3b2c42d4-7cee-4756-b4bd-491cacc1ae57",
            "anonymous": false,
            "autoProvisioned": false,
            "name": "thrive-ios+4",
            "locked": false,
            "partnerId": "mobile_qa_test",
            "acceptLanguage": "en-US",
            "preferredLanguage": "en",
            "source": "customCreate",
            "createdAt": "2023-10-30T02:10:18.214Z",
            "provisioningSsoAuditTrail": false,
            "_version": "1.0.0",
            "email": "thrive-ios+4@plume.com",
            "emailVerified": true,
            "firstKnownLoginTimestamp": "2023-10-30T02:15:53.570Z"
        }
    },
    "result": {
        "code": 201000,
        "message": "Successfully."
    }
}

2023-11-27 18:13:54: -----------Request----------->
POST https://thrive-dog1-usw2-api.data.plume.tech/pwb/AuthenticateWithPlumeToken

User-Agent: python-requests/2.31.0
Accept-Encoding: gzip, deflate
accept: application/json
Connection: keep-alive
Content-Type: application/json
Content-Length: 121

{
    "accessToken": "buorR3DZEKBaQw4HIfIP1rdRyr98sJ7SJigmlmzULn2CZZnkJNZ91mx2plb8pEGP",
    "userId": "653f108a396de2000acd43d4"
}

2023-11-27 18:13:54: <-----------Response-----------
Status code: 200, elapsed seconds: 1.286212

Date: Mon, 27 Nov 2023 10:13:52 GMT
Content-Type: application/json
Content-Length: 3844
Connection: keep-alive
x-amzn-RequestId: 2a8f8619-ea94-4bdf-bc50-d68b379be64e
Access-Control-Allow-Origin: *
x-amz-apigw-id: PDXLBFmlPHcEb2A=
X-Amzn-Trace-Id: Root=1-65646bdf-77fb064d6bb239b825414094;Sampled=0;lineage=144e69e0:0

{
    "data": {
        "email": "thrive-ios+4@plume.com",
        "userGroup": "admin",
        "userName": "thrive-ios+4",
        "userId": "653f108a396de2000acd43d4",
        "accessToken": "eyJraWQiOiJ1cy13ZXN0LTI0IiwidHlwIjoiSldTIiwiYWxnIjoiUlM1MTIifQ.eyJzdWIiOiJ1cy13ZXN0LTI6MzE3ODEwNzQtMTU3NS00ZTM1LTg3YzgtZGJlMTAyMDE2YzNlIiwiYXVkIjoidXMtd2VzdC0yOjU2YzQyNDM5LWJlMmMtNDUyMy04YmUwLTEwYjU4ODVlYTczMyIsImFtciI6WyJhdXRoZW50aWNhdGVkIiwic3RhZ2luZy1wd2IucGx1bWUuY29tIiwic3RhZ2luZy1wd2IucGx1bWUuY29tOnVzLXdlc3QtMjo1NmM0MjQzOS1iZTJjLTQ1MjMtOGJlMC0xMGI1ODg1ZWE3MzM6YnVvclIzRFpFS0JhUXc0SElmSVAxcmRSeXI5OHNKN1NKaWdtbG16VUxuMkNaWm5rSk5aOTFteDJwbGI4cEVHUCJdLCJpc3MiOiJodHRwczovL2NvZ25pdG8taWRlbnRpdHkuYW1hem9uYXdzLmNvbSIsImh0dHBzOi8vY29nbml0by1pZGVudGl0eS5hbWF6b25hd3MuY29tL2lkZW50aXR5LXBvb2wtYXJuIjoiYXJuOmF3czpjb2duaXRvLWlkZW50aXR5OnVzLXdlc3QtMjoxNDMwODk2MTA0ODI6aWRlbnRpdHlwb29sL3VzLXdlc3QtMjo1NmM0MjQzOS1iZTJjLTQ1MjMtOGJlMC0xMGI1ODg1ZWE3MzMiLCJleHAiOjE3MDExNjY0MzIsImlhdCI6MTcwMTA4MDAzMn0.JIhkq37kEyK5Nf9DMvFfx96EZ2Qq6LqJsb1iGLS7QgCW2CcI2WSkR-x6eHomeplqooSi55VAgkZotquyTC_WSBfUQ3Oqodv98ioqLWyEqQnF4u1nI6qo-Nz2TninVqdc4yuYWpi4gr7FsXoAE59jolOfAzhkehLh0vRIHFaLEGt4yJuEfJg1on6GaiY40ek7KKTLDdRvim4KCp-3jeEYDtMeC1MCLTFOXWsmI59H1NYqK5RptwcMyXaZaC9fQ6jNTLdajzFt460Ie4no0VfDXrlEevFS2PaX--MTsbayCynbCqMZhejrrenuEgPkpzHxxTBfsGXv4AU2rjIHMZU3iQ",
        "idToken": "eyJraWQiOiJJZGVudGl0eVRva2VuU2lnbktleSIsImFsZyI6IlJTNTEyIn0%3D.eyJpc3MiOiJhd3MtbGFtYmRhIiwiZXhwIjoxNzE2NjMyMDMyLCJzdWIiOiJpZC10b2tlbiIsImF1ZCI6InJpbmciLCJqdGkiOiIyYTJkODczZC0zOTEwLTRjZTUtYmMwZC04ZWM5ZmQ3NDMxZmEiLCJ1c2VySWQiOiI2NTNmMTA4YTM5NmRlMjAwMGFjZDQzZDQiLCJlbWFpbCI6InRocml2ZS1pb3MrNEBwbHVtZS5jb20iLCJnZW5kZXIiOiIiLCJiaXJ0aGRhdGUiOiIifQ%3D%3D.cdfdSrsygX7Vb4p6ZcFapjl4fPmY9H6xguI3vXZ4S%2FHrQ2njcvfNTGTkrp1O4tYhXQA4oDndm3xs0U9UNJgmPQgt5kEMAvRSihEP%2Fom5zqgoI71cLAA8Yp6TqBpTvUVJahZ71YsnblXirmk4lL%2BqAi1m0sUqJSqZ2N3V0GFtkTb8qgxUL85DlKke9g5fiBLIMqS3a7fWTGvjF39J9WfqEBGTKZmaUF2uGnncRzNDNBqyU2EzRg5yUUSVY4LNDunf5rZ4TWb%2FozIHvPBvfc4XFjnUJ26EGg8sfpu%2FwDn5bSUNsLmDPS8kWSUiPvwFVwYc6uABQfyCJ74FqrAClcvFo5esiMTQL1%2BfhCpSuhcXhHkmzZGjpntpiaxUo9nr14rbskGwcQwWsfYuURwmFFH7aQTfE%2F5vCfSxZd8h6bZE4Gu%2B9NyIVqzxyscRe1DoV%2Bds5nKKMNTisfIb%2FACXsCvJS4aL%2BMsBjl3Mo0KHA22TXbzbQMz3QcSyQVCnqjF4w54Xxrs00dnNO%2B7RoPKTvCsYsC3UL4Z5EoOrMycvoD0ynXFlP5Ka0w1xFosIi56sFWoI2SXtrVhZ0V2wGSnOC55QB9aF%2F6jqq8NS0L1JwvO8tpjiZftEHNSexotpepG6ZbYRmDkHu%2BvgHFC%2B6em59sspxOWzVb14dGrC2cdVV0Uk2EY%3D",
        "refreshToken": "eyJraWQiOiJSZWZyZXNoVG9rZW5TaWduS2V5IiwiY3R5IjoiSldUIiwiZW5jIjoiQTI1NkdDTSIsImFsZyI6IlJTNTEyIn0%3D.AQICAHgg7rlLlhJZMilo20zyx9NECjg%2F8q0XYyoRMcHYs4Nh4AHhBFPsYyCyY2wrMt%2BvikfdAAABUTCCAU0GCSqGSIb3DQEHBqCCAT4wggE6AgEAMIIBMwYJKoZIhvcNAQcBMB4GCWCGSAFlAwQBLjARBAwAoG2XzLf2q0mJrHACARCAggEEcWkn%2BGo52jHNWaX%2FEHl3Wuai6RUE%2BSQmTds7pWSNfd8bKI4SeShJj1XgcO9Pngr%2FITbBVBJgd5JTju7Rtl3mw0Qv7l9svNcrEAwHCm9vpHwF3%2BvhfOjRwhuvbajI6IZSnVPyLMLTl%2FzPb7daKkC90qDjJ%2B26bO2mpX1ExB8TNGgOwTHhTV3LO3E1lyszpD3GwlCLiqwwhBruRRAOvfioOKDfs8c0%2BogTjQ9%2BPC5cj1nVMdYjuxMUML70Ee9kvNSFjj9peN9xyDzR0YpIDE%2Fju5nyyemgF45noVW4wVREMZlpcNW0DadpCQUFqUYmjANvh1MkzVhdqYM%2FPf0aATJhXe%2FU9v4%3D.fHOp%2B%2BReRZiAKcaQDJQ2%2F2eDMCuZ%2FMV3a6MfjiQ%2Bi0xo%2BHXhkad2I9FADPuk5ZEkZCm33hqFQ0YTSS2XM7qasJ1KoTT627j3dIASSVcDxENMjn0WbnbACQxY7QBU%2FnUBfX9HkwJqIySors4AKmRHrV%2BpzlwfR%2BqaQm51g8FOEh1HY3eWcMqLu1np59IvqePFgb8XLNDwieRmVgRIV%2F%2BETZf1x6J3AAjPrSOQArHOXKx%2BxcYMdjcbryxwpzkD8voZYIfQ9NO33cSu%2FhDZf5M%2FboIaGRT27GIuC2mv%2ByHrps34rmEsjQM%2BWvga6z%2BaV5Yr3vxTh2FZg8eax98IrW%2BxAdVkbCchD%2B4fby2ygYryFt4Ej5p2X6iN5oEZuWh1FBvvEUlCi%2F81Mfxd%2FG4oZl2Xy0sdXXrYsSRAEetDQs9lLGJ0NiCl5SRDL7Xu4m5jfdq1L9i0b1wpVMDO%2Bimvho2er8BViPyanQaHDWjD54%2F05ONYT%2BYl%2F3HOnHI69TzZI%2F1AuEaYwAeVl%2F2bTtRqHlep0TD%2BHn22%2F9Mekh%2FGru8Ue2YBGmON1LpN%2F%2Bd%2BrwLWYz1P9MwXILa764To1ieVNNINiZJR0CjvC9uokOAyF5Seh6Ew6fvgJ7p91NB%2FQzCnMumiNjjVtHoX8lJLF1fhLDEgULREmFTQ68PoHjhZEWqoWdc%3D",
        "identityId": "us-west-2:31781074-1575-4e35-87c8-dbe102016c3e"
    }
}

2023-11-27 18:13:59: -----------Request----------->
POST https://thrive-dog1-usw2-api.data.plume.tech/pwb/GetFitnessActivityList

User-Agent: python-requests/2.31.0
Accept-Encoding: gzip, deflate
accept: application/json
Connection: keep-alive
Authorization: Bearer eyJraWQiOiJ1cy13ZXN0LTI0IiwidHlwIjoiSldTIiwiYWxnIjoiUlM1MTIifQ.eyJzdWIiOiJ1cy13ZXN0LTI6MzE3ODEwNzQtMTU3NS00ZTM1LTg3YzgtZGJlMTAyMDE2YzNlIiwiYXVkIjoidXMtd2VzdC0yOjU2YzQyNDM5LWJlMmMtNDUyMy04YmUwLTEwYjU4ODVlYTczMyIsImFtciI6WyJhdXRoZW50aWNhdGVkIiwic3RhZ2luZy1wd2IucGx1bWUuY29tIiwic3RhZ2luZy1wd2IucGx1bWUuY29tOnVzLXdlc3QtMjo1NmM0MjQzOS1iZTJjLTQ1MjMtOGJlMC0xMGI1ODg1ZWE3MzM6YnVvclIzRFpFS0JhUXc0SElmSVAxcmRSeXI5OHNKN1NKaWdtbG16VUxuMkNaWm5rSk5aOTFteDJwbGI4cEVHUCJdLCJpc3MiOiJodHRwczovL2NvZ25pdG8taWRlbnRpdHkuYW1hem9uYXdzLmNvbSIsImh0dHBzOi8vY29nbml0by1pZGVudGl0eS5hbWF6b25hd3MuY29tL2lkZW50aXR5LXBvb2wtYXJuIjoiYXJuOmF3czpjb2duaXRvLWlkZW50aXR5OnVzLXdlc3QtMjoxNDMwODk2MTA0ODI6aWRlbnRpdHlwb29sL3VzLXdlc3QtMjo1NmM0MjQzOS1iZTJjLTQ1MjMtOGJlMC0xMGI1ODg1ZWE3MzMiLCJleHAiOjE3MDExNjY0MzIsImlhdCI6MTcwMTA4MDAzMn0.JIhkq37kEyK5Nf9DMvFfx96EZ2Qq6LqJsb1iGLS7QgCW2CcI2WSkR-x6eHomeplqooSi55VAgkZotquyTC_WSBfUQ3Oqodv98ioqLWyEqQnF4u1nI6qo-Nz2TninVqdc4yuYWpi4gr7FsXoAE59jolOfAzhkehLh0vRIHFaLEGt4yJuEfJg1on6GaiY40ek7KKTLDdRvim4KCp-3jeEYDtMeC1MCLTFOXWsmI59H1NYqK5RptwcMyXaZaC9fQ6jNTLdajzFt460Ie4no0VfDXrlEevFS2PaX--MTsbayCynbCqMZhejrrenuEgPkpzHxxTBfsGXv4AU2rjIHMZU3iQ
Content-Type: application/json
Content-Length: 117

{
    "userId": "653f108a396de2000acd43d4",
    "startTime": 1701014400,
    "endTime": 1701100799,
    "pageSize": 5,
    "startKey": ""
}

2023-11-27 18:13:59: <-----------Response-----------
Status code: 200, elapsed seconds: 2.692138

Date: Mon, 27 Nov 2023 10:13:57 GMT
Content-Type: application/json
Content-Length: 522
Connection: keep-alive
x-amzn-RequestId: e15d5df4-9c30-478f-94f8-f03ffe887209
Access-Control-Allow-Origin: *
x-amz-apigw-id: PDXLiEgIPHcETiA=
X-Amzn-Trace-Id: Root=1-65646be3-65f1220352ce7f6132b66ae5;Sampled=0;lineage=557b233b:0

{
    "data": {
        "startTime": 1701014400,
        "endTime": 1701100799,
        "userId": "653f108a396de2000acd43d4",
        "activitiesList": [
            {
                "activityId": "activity_653f108a396de2000acd43d460:b4:f7:f5:04:d2_1701049952",
                "userId": "653f108a396de2000acd43d4",
                "fitnessActivityTypeId": 1,
                "userConfirmation": "Unkown",
                "manualActivity": false,
                "state": "completed",
                "startTimeStamp": 1701049952,
                "duration": 431,
                "stepCount": 557,
                "highHrRate": 129,
                "lowHrRate": 81,
                "avgHrRate": 112,
                "highSpo2": 100,
                "lowSpo2": 100,
                "avgSpo2": 100
            }
        ]
    },
    "result": {
        "code": 201000,
        "message": "Successfully."
    }
}

