2023-11-30 15:21:09: -----------Request----------->
POST https://thrive-dog1-usw2-api.data.plume.tech/pwb/PlumeCloudLogin

User-Agent: python-requests/2.31.0
Accept-Encoding: gzip, deflate
accept: application/json
Connection: keep-alive
Content-Type: application/json
Content-Length: 73

{
    "email": "thrive-ios+4@plume.com",
    "password": "plume1234",
    "ttl": 3600
}

2023-11-30 15:21:09: <-----------Response-----------
Status code: 200, elapsed seconds: 2.40202

Date: Thu, 30 Nov 2023 07:21:07 GMT
Content-Type: application/json
Content-Length: 729
Connection: keep-alive
x-amzn-RequestId: 44f33992-ded3-4796-a9d4-94983dbe5be0
Access-Control-Allow-Origin: *
x-amz-apigw-id: PM2rkHd8vHcEtqQ=
X-Amzn-Trace-Id: Root=1-656837e3-301409417c428edb79d19530;Sampled=0;lineage=7fdd2b1e:0

{
    "data": {
        "id": "oqD03ARZx4nns2d2KU8hpTEN0CsKgOsuyrZF4oCb4TRSY65L92AZTaVF2RizEpPl",
        "ttl": 3600,
        "created": "2023-11-30T07:21:07.505Z",
        "userId": "653f108a396de2000acd43d4",
        "expireAt": "2023-11-30T08:21:07.505Z",
        "user": {
            "id": "653f108a396de2000acd43d4",
            "accountId": "3b2c42d4-7cee-4756-b4bd-491cacc1ae57",
            "anonymous": false,
            "autoProvisioned": false,
            "name": "thrive-ios+4",
            "locked": false,
            "partnerId": "mobile_qa_test",
            "acceptLanguage": "en-US",
            "preferredLanguage": "en",
            "source": "customCreate",
            "createdAt": "2023-10-30T02:10:18.214Z",
            "provisioningSsoAuditTrail": false,
            "_version": "1.0.0",
            "email": "thrive-ios+4@plume.com",
            "emailVerified": true,
            "firstKnownLoginTimestamp": "2023-10-30T02:15:53.570Z"
        }
    },
    "result": {
        "code": 201000,
        "message": "Successfully."
    }
}

2023-11-30 15:21:12: -----------Request----------->
POST https://thrive-dog1-usw2-api.data.plume.tech/pwb/AuthenticateWithPlumeToken

User-Agent: python-requests/2.31.0
Accept-Encoding: gzip, deflate
accept: application/json
Connection: keep-alive
Content-Type: application/json
Content-Length: 121

{
    "accessToken": "oqD03ARZx4nns2d2KU8hpTEN0CsKgOsuyrZF4oCb4TRSY65L92AZTaVF2RizEpPl",
    "userId": "653f108a396de2000acd43d4"
}

2023-11-30 15:21:12: <-----------Response-----------
Status code: 200, elapsed seconds: 1.220764

Date: Thu, 30 Nov 2023 07:21:10 GMT
Content-Type: application/json
Content-Length: 3836
Connection: keep-alive
x-amzn-RequestId: 195cd7a8-60a6-450c-8a38-c026a9e7c09c
Access-Control-Allow-Origin: *
x-amz-apigw-id: PM2sBH_ZvHcEKgA=
X-Amzn-Trace-Id: Root=1-656837e6-0fbb10510bca26617614f690;Sampled=0;lineage=144e69e0:0

{
    "data": {
        "email": "thrive-ios+4@plume.com",
        "userGroup": "admin",
        "userName": "thrive-ios+4",
        "userId": "653f108a396de2000acd43d4",
        "accessToken": "eyJraWQiOiJ1cy13ZXN0LTI0IiwidHlwIjoiSldTIiwiYWxnIjoiUlM1MTIifQ.eyJzdWIiOiJ1cy13ZXN0LTI6ODM1OGIwNGItZjdkZS00MWEwLTkzMTEtMzkyODE3MGVjMGE4IiwiYXVkIjoidXMtd2VzdC0yOjU2YzQyNDM5LWJlMmMtNDUyMy04YmUwLTEwYjU4ODVlYTczMyIsImFtciI6WyJhdXRoZW50aWNhdGVkIiwic3RhZ2luZy1wd2IucGx1bWUuY29tIiwic3RhZ2luZy1wd2IucGx1bWUuY29tOnVzLXdlc3QtMjo1NmM0MjQzOS1iZTJjLTQ1MjMtOGJlMC0xMGI1ODg1ZWE3MzM6b3FEMDNBUlp4NG5uczJkMktVOGhwVEVOMENzS2dPc3V5clpGNG9DYjRUUlNZNjVMOTJBWlRhVkYyUml6RXBQbCJdLCJpc3MiOiJodHRwczovL2NvZ25pdG8taWRlbnRpdHkuYW1hem9uYXdzLmNvbSIsImh0dHBzOi8vY29nbml0by1pZGVudGl0eS5hbWF6b25hd3MuY29tL2lkZW50aXR5LXBvb2wtYXJuIjoiYXJuOmF3czpjb2duaXRvLWlkZW50aXR5OnVzLXdlc3QtMjoxNDMwODk2MTA0ODI6aWRlbnRpdHlwb29sL3VzLXdlc3QtMjo1NmM0MjQzOS1iZTJjLTQ1MjMtOGJlMC0xMGI1ODg1ZWE3MzMiLCJleHAiOjE3MDE0MTUyNzAsImlhdCI6MTcwMTMyODg3MH0.YBC6jIOOop0gt7FwM8MMoRS6xKdSoDemxq_cyXDdxFJKRIcEEiX59doiUESBWtjd37vjKZy5rZJmkbkZKSrJWhvnN3hNbf83HnpEcmAmn0an9sknYxgedOJcSMV7vu1hiqA4CRcuaNo3qHNW4THnHQSckM5R2A2ncUqx4-HRJYgAUhUdJ7cBHnBXDQMicSo84qpAhl169YeOIV3QJRolFdeHhdhgFhp8xFCByUFUxDDOobeACXXjsCkPXXh-zYU7Uh8p9y8v6IB2-68Z7Zb3PUPAqHxjj6o8wffUlDYQGzXTixcNzE3_v08GzauWDKxqIcfOii_yWhVX5yjp9iu3dA",
        "idToken": "eyJraWQiOiJJZGVudGl0eVRva2VuU2lnbktleSIsImFsZyI6IlJTNTEyIn0%3D.eyJpc3MiOiJhd3MtbGFtYmRhIiwiZXhwIjoxNzE2ODgwODcwLCJzdWIiOiJpZC10b2tlbiIsImF1ZCI6InJpbmciLCJqdGkiOiIyMGIwNjBjNS00ZmE0LTQwNzItOGZiNi1iYzQ5ZmEwNzEyY2YiLCJ1c2VySWQiOiI2NTNmMTA4YTM5NmRlMjAwMGFjZDQzZDQiLCJlbWFpbCI6InRocml2ZS1pb3MrNEBwbHVtZS5jb20iLCJnZW5kZXIiOiIiLCJiaXJ0aGRhdGUiOiIifQ%3D%3D.ZNZs8WrlCXvZL%2F29YJfCEhHhrdtqP0UhMXiKDiWQg3UqFjFbDO0BKxsWZugsGXq7oYvv%2BzTjKb5U2lx8yGU8sFy3lFnNr%2Fmrhyy80gqOWs1y3o%2F%2FFr6RZ9DFSX79vMEIu%2FK8pBEhz4JLehLuAb8F3JM%2BayK%2BN48ofHdYx6o863IbfWUF%2BJ3zN86%2BnIZaOTIJdv2LCeFYS%2F%2F9Z22%2BPmGbTfhWFsA1HZTGulMqIBOyCo45fpaXAfOiHaFsMDFzraXWIrGO6HNr%2FJBSTB0yh2voYi1UjVtEzuMpritd%2Brij333uGXAacdmeZowr2P6VVxRgxZigYufb6wDXey3qBVGBCaHAm5T%2FfqooCKGNeFreHqocBivXGPvv7ywhFweRoL0xB0XjgNaLbnp%2FNKBwRY7mdF5x6%2Bihzgc7J%2F56xb8CWZj0K%2Fg8EnWZ8BFfc3vyTCD8DbTzHbHfjE7iEsEnvmMjXAReZ0JrR%2BR2FCsnbmrU6rUS5rNktUC8WGxXDnU33ZuSoZ8HnEcyHxK9Nx9UV4QpucMOYD3oCeeeCtXbUGcxXM6yqo%2FO8mH3ca927Zt%2BfdtGt12SXibK3HbxXD1CSmWRB0LlXINDqJ0PZgMR1SaQeP4eblSkhu6r8UQf2fjDG6udwcAEWCLf3QcTIQ5vL8iF6i0Iu%2F5tYmYybVV6Pcr7ocA%3D",
        "refreshToken": "eyJraWQiOiJSZWZyZXNoVG9rZW5TaWduS2V5IiwiY3R5IjoiSldUIiwiZW5jIjoiQTI1NkdDTSIsImFsZyI6IlJTNTEyIn0%3D.AQICAHgg7rlLlhJZMilo20zyx9NECjg%2F8q0XYyoRMcHYs4Nh4AH1YuSAhk7dFDTRregXib3TAAABUTCCAU0GCSqGSIb3DQEHBqCCAT4wggE6AgEAMIIBMwYJKoZIhvcNAQcBMB4GCWCGSAFlAwQBLjARBAwHTg6XYocei9gAzlwCARCAggEEwA98ZuFl4%2B8m84iyJVg%2Fjx2o1dpA%2BUi%2Bbo7zU1UXkpUwWDmH9d91NvkFZ1F%2Fx1wj1IOd%2BCIUusIgPUw0%2Ft7Pokpwgz4MEwV9%2BXYyQbxXoGSZ9ncxjZMejO7wPaRyzfpsMGpvPMzogT8jRHP5wTVbSIY2jkBsicRI%2B8%2F6LjYdF1lDdR6fVgWB4EJxIogMx4d%2BKwr09heAtTt2L44k2qXWjjPoyVn62jDNSCnv19U9NR4SaLQX2dnZWQHuSoVcK8BfJPjrFIXL9cLWQ43RxvrU6nnhsYHF%2F18NY3GzAOh4aI2VjeI2%2FfklKyhdk7p5PUOP45lvaLggiGUJKex8Wzb7oElGA8I%3D.lHCI6iXnuathoYYkxGyIJHnFMDeNvwhjKaajT%2FCFPEFmpIKPwmTMGFt6RATDllRQWwO9dAPAZi%2Fq5dWqGxZjbGbE76W0oyqqw8PoKwU06DPluVopuoMKS3gWD2hqBGas7mZ5KDBCpHIG4cpw3h3ERmBhrb5iFU5jy9BLSBrPKwcwUPxA41700OrHJATGj%2FQEk%2B3%2F7SWHiRw5985YSD64w9zPg9UHXRdArGV9SIp9Vg6I1putncvHP%2Bt1YcU3fiAimW%2F8udSNgBvVvq%2FGT%2FtRhCc0lPM34ZUgWwDRWcHlxzHBkFvq2YEou49%2BYNUbJVog8nrnE754tonFmlVIX8PZ6pjEyGNJa3kbbgKZdKRW8BnnRPwEgYS43nwzma60mcXFkW0k%2B70%2BUXRlOrEV0u9iD9nPqnH8c%2BQunGL7QQ0cOGzS16WrgQQuKgGCj2WfR0fY9KkoYhSD60cgKMDatKzqUftbmWWDnVMpwcKKq58O4HeH4hATyFOAmcFmiJLPlQZ%2FY8oRASS8gShCfzA%2FxD%2FUR%2FRpntV7cTzvYKAInWoD6Qp304bMQayLBidsbZKkusvTIOzvvheGeAzaRubWvcd7BHg%2B6PMRLgRWE%2Fex2TeO4uMlR%2BURW9uIqNkGMSrU806XG9Sny5R411aw6uOSEwan8QRCe27EyCsEy%2B3kz3z4ghI%3D",
        "identityId": "us-west-2:8358b04b-f7de-41a0-9311-3928170ec0a8"
    }
}

2023-11-30 15:21:15: -----------Request----------->
POST https://thrive-dog1-usw2-api.data.plume.tech/pwb/GetDailySleepInsightList

User-Agent: python-requests/2.31.0
Accept-Encoding: gzip, deflate
accept: application/json
Connection: keep-alive
Authorization: Bearer eyJraWQiOiJ1cy13ZXN0LTI0IiwidHlwIjoiSldTIiwiYWxnIjoiUlM1MTIifQ.eyJzdWIiOiJ1cy13ZXN0LTI6ODM1OGIwNGItZjdkZS00MWEwLTkzMTEtMzkyODE3MGVjMGE4IiwiYXVkIjoidXMtd2VzdC0yOjU2YzQyNDM5LWJlMmMtNDUyMy04YmUwLTEwYjU4ODVlYTczMyIsImFtciI6WyJhdXRoZW50aWNhdGVkIiwic3RhZ2luZy1wd2IucGx1bWUuY29tIiwic3RhZ2luZy1wd2IucGx1bWUuY29tOnVzLXdlc3QtMjo1NmM0MjQzOS1iZTJjLTQ1MjMtOGJlMC0xMGI1ODg1ZWE3MzM6b3FEMDNBUlp4NG5uczJkMktVOGhwVEVOMENzS2dPc3V5clpGNG9DYjRUUlNZNjVMOTJBWlRhVkYyUml6RXBQbCJdLCJpc3MiOiJodHRwczovL2NvZ25pdG8taWRlbnRpdHkuYW1hem9uYXdzLmNvbSIsImh0dHBzOi8vY29nbml0by1pZGVudGl0eS5hbWF6b25hd3MuY29tL2lkZW50aXR5LXBvb2wtYXJuIjoiYXJuOmF3czpjb2duaXRvLWlkZW50aXR5OnVzLXdlc3QtMjoxNDMwODk2MTA0ODI6aWRlbnRpdHlwb29sL3VzLXdlc3QtMjo1NmM0MjQzOS1iZTJjLTQ1MjMtOGJlMC0xMGI1ODg1ZWE3MzMiLCJleHAiOjE3MDE0MTUyNzAsImlhdCI6MTcwMTMyODg3MH0.YBC6jIOOop0gt7FwM8MMoRS6xKdSoDemxq_cyXDdxFJKRIcEEiX59doiUESBWtjd37vjKZy5rZJmkbkZKSrJWhvnN3hNbf83HnpEcmAmn0an9sknYxgedOJcSMV7vu1hiqA4CRcuaNo3qHNW4THnHQSckM5R2A2ncUqx4-HRJYgAUhUdJ7cBHnBXDQMicSo84qpAhl169YeOIV3QJRolFdeHhdhgFhp8xFCByUFUxDDOobeACXXjsCkPXXh-zYU7Uh8p9y8v6IB2-68Z7Zb3PUPAqHxjj6o8wffUlDYQGzXTixcNzE3_v08GzauWDKxqIcfOii_yWhVX5yjp9iu3dA
Content-Type: application/json
Content-Length: 134

{
    "userId": "653f108a396de2000acd43d4",
    "startTime": 1701259200,
    "endTime": 1701309600,
    "pageSize": 1,
    "startKey": "",
    "utcOffset": -8
}

2023-11-30 15:21:15: <-----------Response-----------
Status code: 200, elapsed seconds: 0.781139

Date: Thu, 30 Nov 2023 07:21:13 GMT
Content-Type: application/json
Content-Length: 580
Connection: keep-alive
x-amzn-RequestId: 812fb4ce-54ea-4d16-aae0-1dae198b6354
Access-Control-Allow-Origin: *
x-amz-apigw-id: PM2shHZSvHcEO8A=
X-Amzn-Trace-Id: Root=1-656837e9-07e3d60d1d9ce14841826045;Sampled=0;lineage=75671f14:0

{
    "data": {
        "userId": "653f108a396de2000acd43d4",
        "startTime": 1701259200,
        "endTime": 1701309600,
        "startKey": "",
        "dailySleepInsightList": [
            {
                "deepSleepTime": 3000,
                "awakeTime": 300,
                "remTime": 2400,
                "lightSleepTime": 12902,
                "totalSleepTime": 18302,
                "wakeUpTimes": 1,
                "userId": "653f108a396de2000acd43d4",
                "sleepDate": 1701273600,
                "timeZone": "Asia/Brunei",
                "utcOffset": 8,
                "startTime": 1701289157,
                "endTime": 1701307759,
                "maxHr": 135,
                "minHr": 59,
                "maxSpo2": 100,
                "minSpo2": 90,
                "sleepSessionId": "541d71833aca0cedad83b6a7e87eb4d8",
                "avgHr": 70,
                "avgSpo2": 99,
                "sleepScore": 4
            }
        ]
    },
    "result": {
        "code": 201000,
        "message": "Successfully."
    }
}

