2023-11-27 18:37:18: -----------Request----------->
POST https://thrive-dog1-usw2-api.data.plume.tech/pwb/PlumeCloudLogin

User-Agent: python-requests/2.31.0
Accept-Encoding: gzip, deflate
accept: application/json
Connection: keep-alive
Content-Type: application/json
Content-Length: 73

{
    "email": "thrive-ios+4@plume.com",
    "password": "plume1234",
    "ttl": 3600
}

2023-11-27 18:37:18: <-----------Response-----------
Status code: 200, elapsed seconds: 1.232567

Date: Mon, 27 Nov 2023 10:37:16 GMT
Content-Type: application/json
Content-Length: 729
Connection: keep-alive
x-amzn-RequestId: 2376b489-26a5-4487-9a87-a175c1693bd8
Access-Control-Allow-Origin: *
x-amz-apigw-id: PDambEMdvHcETqQ=
X-Amzn-Trace-Id: Root=1-6564715c-738b5b857b3fd544322e99ee;Sampled=0;lineage=7fdd2b1e:0

{
    "data": {
        "id": "DDFnEIl3D97hrY0QovHMAMzW1OAeIUl6DoClB5DCrSX5F8PAgqtsyFPqAgqafVsf",
        "ttl": 3600,
        "created": "2023-11-27T10:37:16.348Z",
        "userId": "653f108a396de2000acd43d4",
        "expireAt": "2023-11-27T11:37:16.348Z",
        "user": {
            "id": "653f108a396de2000acd43d4",
            "accountId": "3b2c42d4-7cee-4756-b4bd-491cacc1ae57",
            "anonymous": false,
            "autoProvisioned": false,
            "name": "thrive-ios+4",
            "locked": false,
            "partnerId": "mobile_qa_test",
            "acceptLanguage": "en-US",
            "preferredLanguage": "en",
            "source": "customCreate",
            "createdAt": "2023-10-30T02:10:18.214Z",
            "provisioningSsoAuditTrail": false,
            "_version": "1.0.0",
            "email": "thrive-ios+4@plume.com",
            "emailVerified": true,
            "firstKnownLoginTimestamp": "2023-10-30T02:15:53.570Z"
        }
    },
    "result": {
        "code": 201000,
        "message": "Successfully."
    }
}

2023-11-27 18:37:21: -----------Request----------->
POST https://thrive-dog1-usw2-api.data.plume.tech/pwb/AuthenticateWithPlumeToken

User-Agent: python-requests/2.31.0
Accept-Encoding: gzip, deflate
accept: application/json
Connection: keep-alive
Content-Type: application/json
Content-Length: 121

{
    "accessToken": "DDFnEIl3D97hrY0QovHMAMzW1OAeIUl6DoClB5DCrSX5F8PAgqtsyFPqAgqafVsf",
    "userId": "653f108a396de2000acd43d4"
}

2023-11-27 18:37:21: <-----------Response-----------
Status code: 200, elapsed seconds: 1.25444

Date: Mon, 27 Nov 2023 10:37:19 GMT
Content-Type: application/json
Content-Length: 3842
Connection: keep-alive
x-amzn-RequestId: 9b1856b5-cd08-4581-b058-fa4d22d4551a
Access-Control-Allow-Origin: *
x-amz-apigw-id: PDam6HndvHcEe5w=
X-Amzn-Trace-Id: Root=1-6564715f-7a5941626977d53227127758;Sampled=0;lineage=144e69e0:0

{
    "data": {
        "email": "thrive-ios+4@plume.com",
        "userGroup": "admin",
        "userName": "thrive-ios+4",
        "userId": "653f108a396de2000acd43d4",
        "accessToken": "eyJraWQiOiJ1cy13ZXN0LTI0IiwidHlwIjoiSldTIiwiYWxnIjoiUlM1MTIifQ.eyJzdWIiOiJ1cy13ZXN0LTI6NDA1NWIzMmMtZGUyNi00MmY3LWFhNmItODM2YjMzMzBkY2ZmIiwiYXVkIjoidXMtd2VzdC0yOjU2YzQyNDM5LWJlMmMtNDUyMy04YmUwLTEwYjU4ODVlYTczMyIsImFtciI6WyJhdXRoZW50aWNhdGVkIiwic3RhZ2luZy1wd2IucGx1bWUuY29tIiwic3RhZ2luZy1wd2IucGx1bWUuY29tOnVzLXdlc3QtMjo1NmM0MjQzOS1iZTJjLTQ1MjMtOGJlMC0xMGI1ODg1ZWE3MzM6RERGbkVJbDNEOTdoclkwUW92SE1BTXpXMU9BZUlVbDZEb0NsQjVEQ3JTWDVGOFBBZ3F0c3lGUHFBZ3FhZlZzZiJdLCJpc3MiOiJodHRwczovL2NvZ25pdG8taWRlbnRpdHkuYW1hem9uYXdzLmNvbSIsImh0dHBzOi8vY29nbml0by1pZGVudGl0eS5hbWF6b25hd3MuY29tL2lkZW50aXR5LXBvb2wtYXJuIjoiYXJuOmF3czpjb2duaXRvLWlkZW50aXR5OnVzLXdlc3QtMjoxNDMwODk2MTA0ODI6aWRlbnRpdHlwb29sL3VzLXdlc3QtMjo1NmM0MjQzOS1iZTJjLTQ1MjMtOGJlMC0xMGI1ODg1ZWE3MzMiLCJleHAiOjE3MDExNjc4MzksImlhdCI6MTcwMTA4MTQzOX0.Dapf6dB0OG-rrrrADTrRX6C8Ez4hoWfMmT32_neGrLTiGvS_uCRtat3EAzneRh3szXnttuYwoXVjC_9-1Q6G4szsIWOGjgZWX617bciWO_CHg5BiywlshBDmhZAoa2tPr52dLCSHUxFZkAx9eI6h6sYwNkoinx0PTnFjB-eHVkP-YQm0lTDU7FA9MSD6mURbcHbzhNt_P14r7QQaDRziwXd25l0a-NtRKngyVO2O4rJCBz1VN0aRjNA81p340Ezgd6uDNwLQy5cEsH-u1YloPp9Jfcv9u1damqJz6oIcCrT8BZGGduvBJB6LOic9Uzj3tSaFPzC3KbyzezAppBP_dg",
        "idToken": "eyJraWQiOiJJZGVudGl0eVRva2VuU2lnbktleSIsImFsZyI6IlJTNTEyIn0%3D.eyJpc3MiOiJhd3MtbGFtYmRhIiwiZXhwIjoxNzE2NjMzNDM5LCJzdWIiOiJpZC10b2tlbiIsImF1ZCI6InJpbmciLCJqdGkiOiI5YTdjNGY5Yi0yMDBmLTQ3YjktYWQzOS04YTRkOTM1NzcwOTIiLCJ1c2VySWQiOiI2NTNmMTA4YTM5NmRlMjAwMGFjZDQzZDQiLCJlbWFpbCI6InRocml2ZS1pb3MrNEBwbHVtZS5jb20iLCJnZW5kZXIiOiIiLCJiaXJ0aGRhdGUiOiIifQ%3D%3D.kMtTf%2BjbXyAO3%2Bt6kwpOcgGnX8eDpz%2Bc0hlD3f927Lb122SRA%2BDYuH2X3aTXZ3NBCxjrC2hR1FDqTI7Y3g2ZHslJyJGJQEZtKLq2LMJjMyU2aEU22ezdCdSSlgi1pxE0ltvfpviHhJreeRH%2ByKlXsZi7tYFAR0VUbz0BEHZuUrtQMddD9U3sSjtJod7Xz6Cfc0KQitIAYW5iisgvcRPmHp6KWGfDUdsXnZISx7hDVwQPhxKGnmWAC2k%2BA6Sw%2BP0k%2FxxjX3kB6AI%2BY6EVWjj4isx4rD%2BHjpuMqLdZ%2BzZECQZTmzXpeLIWgn4t%2BmXzjAe3JEA2dMYy%2BZvU2u58vMBpR9eSw%2FQ2mbKR8iaC%2FpP51hk5hgI32lxnvEtAqhMbms5dmcpvvJizHAXJvsfakIxT8SVme3bzzDdn2ridreHKQCRJ6vi39bZ24XRGKhKh9HpSKPlaEZcTNwViglnfrMK8J14bDlgZ68cEnOt9S2PVNyYIoFar7iNcGMwnX3R0ptoZoGXQs8AFyMmsLNJv%2BcuEyxuvAxgykVb8w%2BBseQzaY89U3JLHWtCOkxA2qml4ypE4xs5xZ%2FczN%2Bpe0SUin0Il%2BLm7fBv2R54Bmv9Amoy55uCvCuhvgvAL0WMEl32f%2BCCNUEc%2BfL%2BXFe53tu%2FbGPdVGnh18cSpySb3fuvLjyy%2BPy0%3D",
        "refreshToken": "eyJraWQiOiJSZWZyZXNoVG9rZW5TaWduS2V5IiwiY3R5IjoiSldUIiwiZW5jIjoiQTI1NkdDTSIsImFsZyI6IlJTNTEyIn0%3D.AQICAHgg7rlLlhJZMilo20zyx9NECjg%2F8q0XYyoRMcHYs4Nh4AFdTe4qfKnDNVFtGwNKXKqQAAABUTCCAU0GCSqGSIb3DQEHBqCCAT4wggE6AgEAMIIBMwYJKoZIhvcNAQcBMB4GCWCGSAFlAwQBLjARBAzlwWMISMZDqAJBatECARCAggEE4S%2F3qPVJCCCR6w8i6XdGKJIda561jDL5dyqQZMz4m7XD1qJ4rvikpVqCbkxj78R%2FZ1BoK%2Bei%2Bzh0ji1ucJTBjMX7%2B0zXKl%2BlsDbJhY%2FqpHpL7YuztyMVFNsBhGz4OkaJfXYxt55Wyt000JAJzxgcnn%2FRvgtJEyskHnb3A4%2F1fkNY7IpOgK3uopzMk24rjbFMoY%2BBKfqgmgClsGAgAB%2Bk4iKkbKrzSeuQu8QsWNXVP8NXqDLGqCc5vr4Q1KfGoVuIKgYKDyFPS3DT7CQgRDUQjiGodcy3h7sf6pTfT0qvctNPRy6hPdNOAKZ7PaxV0PZEcgm%2BUgR%2FR%2B5Vdv2GfgM0X1MBbwI%3D.lg89Wll9TB6qhfWIrfG07CBLPfnqFTMLRdMTnUyfQigX%2FIZnUZ3N8LyG7DSYYEC29mUmMDNauKoaBYHERW73gmdepsDPfsfboE7054CVTp9KUTG%2FrDzElT8DKFfFdy4SoTFkFj6h7yhazI0Xnl2u%2BULvePYv24SNMs4w6mmW4F1H0hkRnI0VYISVnQAs67P4NqXfQ9bE234yjBgqDszsVjEbYayjWqG%2BMVOmB1DD94hlQJI9Mfm07%2BYzbn8Fcj8CZB%2FmGG4r%2FGZkrR3AIj4k28hq0gKTR8l%2FIiIhrmYwkFWickMT0m%2Fh2lf44RTuCp0iAv2%2BcVvJQiCEJNd2dNDPJnbpRLHLbDj%2B2%2BjchU82hDX9BhmkHuB%2BfWFCGr96Tq5Jy0Dli3iXQRwFsXyGvdx8L%2BFjMsccAmwCJ8lEdLqg%2FjmMK05V9%2Fha5TIo20%2FtuPMzHIdugRnbyF65PEUUlfdkfV5Bjjua2cgHiepbXGBB57mm9Z5RV1qWKCH7Nr6m4a7oi8exze%2B%2FU8ZMxSFncLd64FyBYbXR8M6sxPbWXm%2FJP2xU3eIlNnzu4cGqvHV6eKy6Ivj9zHH6zpD5jsMqG3kZphvUVgrmjs5ie4oraX%2B6kFZpyDpeFWKRE7RtTDOwVsx3rVC%2BmzVqWHgCu3XuwdkavJPRTFtCjitrdPAVjlF61Dc%3D",
        "identityId": "us-west-2:4055b32c-de26-42f7-aa6b-836b3330dcff"
    }
}

2023-11-27 18:37:24: -----------Request----------->
POST https://thrive-dog1-usw2-api.data.plume.tech/pwb/GetFitnessActivityList

User-Agent: python-requests/2.31.0
Accept-Encoding: gzip, deflate
accept: application/json
Connection: keep-alive
Authorization: Bearer eyJraWQiOiJ1cy13ZXN0LTI0IiwidHlwIjoiSldTIiwiYWxnIjoiUlM1MTIifQ.eyJzdWIiOiJ1cy13ZXN0LTI6NDA1NWIzMmMtZGUyNi00MmY3LWFhNmItODM2YjMzMzBkY2ZmIiwiYXVkIjoidXMtd2VzdC0yOjU2YzQyNDM5LWJlMmMtNDUyMy04YmUwLTEwYjU4ODVlYTczMyIsImFtciI6WyJhdXRoZW50aWNhdGVkIiwic3RhZ2luZy1wd2IucGx1bWUuY29tIiwic3RhZ2luZy1wd2IucGx1bWUuY29tOnVzLXdlc3QtMjo1NmM0MjQzOS1iZTJjLTQ1MjMtOGJlMC0xMGI1ODg1ZWE3MzM6RERGbkVJbDNEOTdoclkwUW92SE1BTXpXMU9BZUlVbDZEb0NsQjVEQ3JTWDVGOFBBZ3F0c3lGUHFBZ3FhZlZzZiJdLCJpc3MiOiJodHRwczovL2NvZ25pdG8taWRlbnRpdHkuYW1hem9uYXdzLmNvbSIsImh0dHBzOi8vY29nbml0by1pZGVudGl0eS5hbWF6b25hd3MuY29tL2lkZW50aXR5LXBvb2wtYXJuIjoiYXJuOmF3czpjb2duaXRvLWlkZW50aXR5OnVzLXdlc3QtMjoxNDMwODk2MTA0ODI6aWRlbnRpdHlwb29sL3VzLXdlc3QtMjo1NmM0MjQzOS1iZTJjLTQ1MjMtOGJlMC0xMGI1ODg1ZWE3MzMiLCJleHAiOjE3MDExNjc4MzksImlhdCI6MTcwMTA4MTQzOX0.Dapf6dB0OG-rrrrADTrRX6C8Ez4hoWfMmT32_neGrLTiGvS_uCRtat3EAzneRh3szXnttuYwoXVjC_9-1Q6G4szsIWOGjgZWX617bciWO_CHg5BiywlshBDmhZAoa2tPr52dLCSHUxFZkAx9eI6h6sYwNkoinx0PTnFjB-eHVkP-YQm0lTDU7FA9MSD6mURbcHbzhNt_P14r7QQaDRziwXd25l0a-NtRKngyVO2O4rJCBz1VN0aRjNA81p340Ezgd6uDNwLQy5cEsH-u1YloPp9Jfcv9u1damqJz6oIcCrT8BZGGduvBJB6LOic9Uzj3tSaFPzC3KbyzezAppBP_dg
Content-Type: application/json
Content-Length: 117

{
    "userId": "653f108a396de2000acd43d4",
    "startTime": 1701014400,
    "endTime": 1701100799,
    "pageSize": 5,
    "startKey": ""
}

2023-11-27 18:37:24: <-----------Response-----------
Status code: 200, elapsed seconds: 0.811429

Date: Mon, 27 Nov 2023 10:37:22 GMT
Content-Type: application/json
Content-Length: 522
Connection: keep-alive
x-amzn-RequestId: 607de3e8-55f4-4018-a31c-e03a1849da3f
Access-Control-Allow-Origin: *
x-amz-apigw-id: PDanbH9xPHcEmDA=
X-Amzn-Trace-Id: Root=1-65647162-7d9143215af3527b59992182;Sampled=0;lineage=557b233b:0

{
    "data": {
        "startTime": 1701014400,
        "endTime": 1701100799,
        "userId": "653f108a396de2000acd43d4",
        "activitiesList": [
            {
                "activityId": "activity_653f108a396de2000acd43d460:b4:f7:f5:04:d2_1701049952",
                "userId": "653f108a396de2000acd43d4",
                "fitnessActivityTypeId": 1,
                "userConfirmation": "Unkown",
                "manualActivity": false,
                "state": "completed",
                "startTimeStamp": 1701049952,
                "duration": 431,
                "stepCount": 557,
                "highHrRate": 129,
                "lowHrRate": 81,
                "avgHrRate": 112,
                "highSpo2": 100,
                "lowSpo2": 100,
                "avgSpo2": 100
            }
        ]
    },
    "result": {
        "code": 201000,
        "message": "Successfully."
    }
}

