2023-11-28 08:25:45: -----------Request----------->
POST https://thrive-dog1-usw2-api.data.plume.tech/pwb/PlumeCloudLogin

User-Agent: python-requests/2.31.0
Accept-Encoding: gzip, deflate
accept: application/json
Connection: keep-alive
Content-Type: application/json
Content-Length: 73

{
    "email": "thrive-ios+4@plume.com",
    "password": "plume1234",
    "ttl": 3600
}

2023-11-28 08:25:45: <-----------Response-----------
Status code: 200, elapsed seconds: 1.434978

Date: Tue, 28 Nov 2023 00:25:42 GMT
Content-Type: application/json
Content-Length: 729
Connection: keep-alive
x-amzn-RequestId: 75278c73-2e95-412a-80c6-a743dc8061f0
Access-Control-Allow-Origin: *
x-amz-apigw-id: PFT9GEHbPHcEVhw=
X-Amzn-Trace-Id: Root=1-65653386-2a253ac673d252fd2c42034b;Sampled=0;lineage=7fdd2b1e:0

{
    "data": {
        "id": "zZWZ8l54duqssxozKwSJYnk4QhM2w4N7WGcci5y185obpMcLH7wCSjazs6gKCACD",
        "ttl": 3600,
        "created": "2023-11-28T00:25:42.929Z",
        "userId": "653f108a396de2000acd43d4",
        "expireAt": "2023-11-28T01:25:42.929Z",
        "user": {
            "id": "653f108a396de2000acd43d4",
            "accountId": "3b2c42d4-7cee-4756-b4bd-491cacc1ae57",
            "anonymous": false,
            "autoProvisioned": false,
            "name": "thrive-ios+4",
            "locked": false,
            "partnerId": "mobile_qa_test",
            "acceptLanguage": "en-US",
            "preferredLanguage": "en",
            "source": "customCreate",
            "createdAt": "2023-10-30T02:10:18.214Z",
            "provisioningSsoAuditTrail": false,
            "_version": "1.0.0",
            "email": "thrive-ios+4@plume.com",
            "emailVerified": true,
            "firstKnownLoginTimestamp": "2023-10-30T02:15:53.570Z"
        }
    },
    "result": {
        "code": 201000,
        "message": "Successfully."
    }
}

2023-11-28 08:25:48: -----------Request----------->
POST https://thrive-dog1-usw2-api.data.plume.tech/pwb/AuthenticateWithPlumeToken

User-Agent: python-requests/2.31.0
Accept-Encoding: gzip, deflate
accept: application/json
Connection: keep-alive
Content-Type: application/json
Content-Length: 121

{
    "accessToken": "zZWZ8l54duqssxozKwSJYnk4QhM2w4N7WGcci5y185obpMcLH7wCSjazs6gKCACD",
    "userId": "653f108a396de2000acd43d4"
}

2023-11-28 08:25:48: <-----------Response-----------
Status code: 200, elapsed seconds: 1.205524

Date: Tue, 28 Nov 2023 00:25:46 GMT
Content-Type: application/json
Content-Length: 3834
Connection: keep-alive
x-amzn-RequestId: 616c8253-81fc-43d7-9b1f-7570db685b49
Access-Control-Allow-Origin: *
x-amz-apigw-id: PFT9jEPJPHcECjw=
X-Amzn-Trace-Id: Root=1-65653389-35053bf2748951d2157560c0;Sampled=0;lineage=144e69e0:0

{
    "data": {
        "email": "thrive-ios+4@plume.com",
        "userGroup": "admin",
        "userName": "thrive-ios+4",
        "userId": "653f108a396de2000acd43d4",
        "accessToken": "eyJraWQiOiJ1cy13ZXN0LTI0IiwidHlwIjoiSldTIiwiYWxnIjoiUlM1MTIifQ.eyJzdWIiOiJ1cy13ZXN0LTI6ZWFiMzk4ZjAtODQzNC00MTU4LTk1MmUtOThlNmI0MDJmM2FmIiwiYXVkIjoidXMtd2VzdC0yOjU2YzQyNDM5LWJlMmMtNDUyMy04YmUwLTEwYjU4ODVlYTczMyIsImFtciI6WyJhdXRoZW50aWNhdGVkIiwic3RhZ2luZy1wd2IucGx1bWUuY29tIiwic3RhZ2luZy1wd2IucGx1bWUuY29tOnVzLXdlc3QtMjo1NmM0MjQzOS1iZTJjLTQ1MjMtOGJlMC0xMGI1ODg1ZWE3MzM6elpXWjhsNTRkdXFzc3hvekt3U0pZbms0UWhNMnc0TjdXR2NjaTV5MTg1b2JwTWNMSDd3Q1NqYXpzNmdLQ0FDRCJdLCJpc3MiOiJodHRwczovL2NvZ25pdG8taWRlbnRpdHkuYW1hem9uYXdzLmNvbSIsImh0dHBzOi8vY29nbml0by1pZGVudGl0eS5hbWF6b25hd3MuY29tL2lkZW50aXR5LXBvb2wtYXJuIjoiYXJuOmF3czpjb2duaXRvLWlkZW50aXR5OnVzLXdlc3QtMjoxNDMwODk2MTA0ODI6aWRlbnRpdHlwb29sL3VzLXdlc3QtMjo1NmM0MjQzOS1iZTJjLTQ1MjMtOGJlMC0xMGI1ODg1ZWE3MzMiLCJleHAiOjE3MDEyMTc1NDUsImlhdCI6MTcwMTEzMTE0NX0.EQ_kqY03nPKclQqf4iScPNOb0eJy5NuAiFITxBygx5ZV1hdYLiJ1IYni2asZaIO45NyRQYT_HLUrn4VSKgHNhaFto_sjEw5yqLhdY8wL-Y2G5uICC2c67KdPDtyVa3lZtNT58HkWKTwzi65BAeA58467pU7j3Zret8YtezhcW2phhQKHsL6vIBBnh_54kSPkgbGJYMXC2n5p69iWxg7tKzZpY_R7xVOoqNS8lG4MMyE5_YrPIjeB4Fvq4oMeKv5WYaD8mnqR1rGDWaci-_QEWULMehCZPXwU2DxFUO0UE7GTrc_syxKToJX57apHAK-5K_oqTW6OtBUjlexav2uajw",
        "idToken": "eyJraWQiOiJJZGVudGl0eVRva2VuU2lnbktleSIsImFsZyI6IlJTNTEyIn0%3D.eyJpc3MiOiJhd3MtbGFtYmRhIiwiZXhwIjoxNzE2NjgzMTQ2LCJzdWIiOiJpZC10b2tlbiIsImF1ZCI6InJpbmciLCJqdGkiOiJjNDQ2M2JkNS01MTgzLTRiMjUtOGZmYS1jYjBjN2JjYzFiYjkiLCJ1c2VySWQiOiI2NTNmMTA4YTM5NmRlMjAwMGFjZDQzZDQiLCJlbWFpbCI6InRocml2ZS1pb3MrNEBwbHVtZS5jb20iLCJnZW5kZXIiOiIiLCJiaXJ0aGRhdGUiOiIifQ%3D%3D.N8l8u8HYUPiDy%2FgqNAgCkmXXeZNYP4SyhrtgBUaqgUVP%2FNW9zUZkIuT2U%2BxcRwUv37US4GptEX9hwER3JafCSVWw7ljdqNdX3WnRiRVICgCDcOjTu7nWxXvUDZvILPs5YDbJcF%2FqoC4kZ0ybqa%2FI%2BE7jSIYfXQexzbgv6JxIiGE8nYZcB%2B7NRlXxQ6Vky9ikWJvvAD036aZEEDe%2B7mSiHfrzglKvPb%2Fn59j9aB97t7wCSCsXCt1O7L8ftEjI2j8Z4MsvX333wpTiwiYa6wmfYrpG%2FQrq0UKzGcAWFfbOnQ%2F0Uc6XENk81nz7NJ6FX3HxSzwNQkAfMj8jOaCqFvZyfxIwWfJsmPdFk4WdewENuftQoboMKf%2FRZLmPq1BWM5DsRNHT0rAubtyw72%2BNKjzZFBC%2FEbwYI19Zmx0hHI9Xv0yMwS%2B0tgTQyw%2BDoM1IBolWQ5YM8eQMX35RWJ%2B8GMdH0BFljexc8ddWwzKCmKuBJwLMA60gCyiURLpCaEMNofBUKELdXS0E%2Baof9oNjHklPP06%2F25uG9KI8Tl4voVOEiUwrS9iDEFjcJufQs1QgzkGhQSVp609dF2lvKLXKkFhRISABt4ER%2BWRMjn66uCZ7183viCfqHtKbWvJEL3auHxgf0pbZeh8JQAToQMoZ9CO0Zu44w%2FLE1pE%2FlQJxXQv8N0c%3D",
        "refreshToken": "eyJraWQiOiJSZWZyZXNoVG9rZW5TaWduS2V5IiwiY3R5IjoiSldUIiwiZW5jIjoiQTI1NkdDTSIsImFsZyI6IlJTNTEyIn0%3D.AQICAHgg7rlLlhJZMilo20zyx9NECjg%2F8q0XYyoRMcHYs4Nh4AFG5lCoM5Y2vZ8CmjfsYKIJAAABUTCCAU0GCSqGSIb3DQEHBqCCAT4wggE6AgEAMIIBMwYJKoZIhvcNAQcBMB4GCWCGSAFlAwQBLjARBAzjtZlnqcvPKTYPZegCARCAggEEhQqtwTrEOg1KNpmo7BxdkKWrew8TEBng8vy8RAfeApJtMXKnUiUx1I%2FcTaFeQAOg%2BeumLXVZw6xmJf2bIKQkhtyBkwb4HAKAsH8K7FmxRJ%2FxstUgW7ud5hCbMysCD0VMmY%2BQFsoEnGVtMfKqgC5XhuUJrjAsc%2BWNXY6d7VUtdtdwQxQdrS1pwjmtDldQj%2BUbLugB111xeZmFwaskBU%2FTaRi9jOnLabXi564wFg52EV11f9nk61clot3z%2BrJCArVk9bmvoQ0oZlWlsLtwKgy7tsgbnWVqNWVBVpnuljaK1kRrVl%2BmUG8CyCebt3etyUg7h5JxqmgQtInpxwqRMw4MuDevQ7o%3D.kHsQYLGDCeaEAUSw6nmh2ny0HC%2F4aNL4TQ37rZJbgVwhJB7YUeIoM5NE8BLy%2F5pwMfXhjC%2BNYgnhLfv48KcHobB2nl6%2FJL9yvmPXulu%2BGAMH2jwpe84SUpyYr9obMvo5bZhDYcrql5NRBYJ%2FS4YlKXaDSVhq3gAf4p7q%2F8oUfAUi5UqHErFtsQQaai6C4LpYg3BRjFImKwE6ODSczJGaVYbLV%2F%2B%2FKqfL%2BD26XZ%2Fiq9g%2FCwQ2u7feA5yFzT2AYbw%2BLnTtIFk0ulFPIFp6aG9MwXFSGWtHUdjAhWDaeOt343FUnUesCt6JoQNEPcMMJby%2FlhKphG0249qKIGYgdqvzz%2F0J0gEDPgih7mvcZvy9prNifRk3yMXqzwvTIcxX%2FFx%2BPK1W9%2FiWKep6iVRq%2B%2FI0%2FfZ5THZnaYrSwqMAdQ1cjBQoPq3UwB4mSlaxqACyt6Nzrw47ZkXlGMhqbcTCVajye4Sa2kpDqibtCi956a2Ht5ZN9CftWrZNwwIxGYK9rrV%2FTNCIg8dD54MeiM%2FSyvi2wkgkUnxMz5vJ51MC8lE08p3pFHb%2FdQufMQMxKBndD01RoFgzone1wWPxj8%2FDyN0uGWe4XPR3lvpEixqi8GZqUUEDkfrc11fbVgPrUXBQzhlKGnMMUVsrQapXRIqS4MRxjwX29lyPOfbOVnEYxGI7IKU%3D",
        "identityId": "us-west-2:eab398f0-8434-4158-952e-98e6b402f3af"
    }
}

2023-11-28 08:25:52: -----------Request----------->
POST https://thrive-dog1-usw2-api.data.plume.tech/pwb/GetFitnessInsightSummary

User-Agent: python-requests/2.31.0
Accept-Encoding: gzip, deflate
accept: application/json
Connection: keep-alive
Authorization: Bearer eyJraWQiOiJ1cy13ZXN0LTI0IiwidHlwIjoiSldTIiwiYWxnIjoiUlM1MTIifQ.eyJzdWIiOiJ1cy13ZXN0LTI6ZWFiMzk4ZjAtODQzNC00MTU4LTk1MmUtOThlNmI0MDJmM2FmIiwiYXVkIjoidXMtd2VzdC0yOjU2YzQyNDM5LWJlMmMtNDUyMy04YmUwLTEwYjU4ODVlYTczMyIsImFtciI6WyJhdXRoZW50aWNhdGVkIiwic3RhZ2luZy1wd2IucGx1bWUuY29tIiwic3RhZ2luZy1wd2IucGx1bWUuY29tOnVzLXdlc3QtMjo1NmM0MjQzOS1iZTJjLTQ1MjMtOGJlMC0xMGI1ODg1ZWE3MzM6elpXWjhsNTRkdXFzc3hvekt3U0pZbms0UWhNMnc0TjdXR2NjaTV5MTg1b2JwTWNMSDd3Q1NqYXpzNmdLQ0FDRCJdLCJpc3MiOiJodHRwczovL2NvZ25pdG8taWRlbnRpdHkuYW1hem9uYXdzLmNvbSIsImh0dHBzOi8vY29nbml0by1pZGVudGl0eS5hbWF6b25hd3MuY29tL2lkZW50aXR5LXBvb2wtYXJuIjoiYXJuOmF3czpjb2duaXRvLWlkZW50aXR5OnVzLXdlc3QtMjoxNDMwODk2MTA0ODI6aWRlbnRpdHlwb29sL3VzLXdlc3QtMjo1NmM0MjQzOS1iZTJjLTQ1MjMtOGJlMC0xMGI1ODg1ZWE3MzMiLCJleHAiOjE3MDEyMTc1NDUsImlhdCI6MTcwMTEzMTE0NX0.EQ_kqY03nPKclQqf4iScPNOb0eJy5NuAiFITxBygx5ZV1hdYLiJ1IYni2asZaIO45NyRQYT_HLUrn4VSKgHNhaFto_sjEw5yqLhdY8wL-Y2G5uICC2c67KdPDtyVa3lZtNT58HkWKTwzi65BAeA58467pU7j3Zret8YtezhcW2phhQKHsL6vIBBnh_54kSPkgbGJYMXC2n5p69iWxg7tKzZpY_R7xVOoqNS8lG4MMyE5_YrPIjeB4Fvq4oMeKv5WYaD8mnqR1rGDWaci-_QEWULMehCZPXwU2DxFUO0UE7GTrc_syxKToJX57apHAK-5K_oqTW6OtBUjlexav2uajw
Content-Type: application/json
Content-Length: 125

{
    "userId": "653f108a396de2000acd43d4",
    "startTime": 1701100800,
    "endTime": 1701187199,
    "interval": "day",
    "utcTimeOffset": 8
}

2023-11-28 08:25:52: <-----------Response-----------
Status code: 200, elapsed seconds: 1.964387

Date: Tue, 28 Nov 2023 00:25:50 GMT
Content-Type: application/json
Content-Length: 388
Connection: keep-alive
x-amzn-RequestId: 4e9753ce-cdc9-4c80-ac51-0ff2a72de82e
Access-Control-Allow-Origin: *
x-amz-apigw-id: PFT-DH7ZPHcEIVA=
X-Amzn-Trace-Id: Root=1-6565338c-2a31d494218501c878a3a99a;Sampled=0;lineage=7f669d97:0

{
    "data": {
        "userId": "653f108a396de2000acd43d4",
        "startTime": 1701100800,
        "endTime": 1701187199,
        "utcTimeOffset": 8,
        "fitnessInsightList": [
            {
                "userId": "653f108a396de2000acd43d4",
                "intervalStartTime": 1701100800,
                "interval": "day",
                "stepCount": 29,
                "activeMinutes": 0,
                "highHrRate": 91,
                "lowHrRate": 62,
                "avgHrRate": 70,
                "highSpo2": 100,
                "lowSpo2": 95,
                "avgSpo2": 99
            }
        ]
    },
    "result": {
        "code": 201000,
        "message": "Successfully."
    }
}

