2023-11-28 14:55:23: -----------Request----------->
POST https://thrive-dog1-usw2-api.data.plume.tech/pwb/PlumeCloudLogin

User-Agent: python-requests/2.31.0
Accept-Encoding: gzip, deflate
accept: application/json
Connection: keep-alive
Content-Type: application/json
Content-Length: 73

{
    "email": "thrive-ios+4@plume.com",
    "password": "plume1234",
    "ttl": 3600
}

2023-11-28 14:55:23: <-----------Response-----------
Status code: 200, elapsed seconds: 1.041521

Date: Tue, 28 Nov 2023 06:55:21 GMT
Content-Type: application/json
Content-Length: 729
Connection: keep-alive
x-amzn-RequestId: e8c6e3f0-31ef-4d20-b9ad-05e735986633
Access-Control-Allow-Origin: *
x-amz-apigw-id: PGNB8HpEvHcEPYA=
X-Amzn-Trace-Id: Root=1-65658ed8-2994f1db1871e13f57e9d7b5;Sampled=0;lineage=7fdd2b1e:0

{
    "data": {
        "id": "Sgmz6KyVq0oTbBrMRyOOlT6RndpWRpz1gplqYOrLX34WEn0eCbp9vDVBTRODFzv2",
        "ttl": 3600,
        "created": "2023-11-28T06:55:21.145Z",
        "userId": "653f108a396de2000acd43d4",
        "expireAt": "2023-11-28T07:55:21.145Z",
        "user": {
            "id": "653f108a396de2000acd43d4",
            "accountId": "3b2c42d4-7cee-4756-b4bd-491cacc1ae57",
            "anonymous": false,
            "autoProvisioned": false,
            "name": "thrive-ios+4",
            "locked": false,
            "partnerId": "mobile_qa_test",
            "acceptLanguage": "en-US",
            "preferredLanguage": "en",
            "source": "customCreate",
            "createdAt": "2023-10-30T02:10:18.214Z",
            "provisioningSsoAuditTrail": false,
            "_version": "1.0.0",
            "email": "thrive-ios+4@plume.com",
            "emailVerified": true,
            "firstKnownLoginTimestamp": "2023-10-30T02:15:53.570Z"
        }
    },
    "result": {
        "code": 201000,
        "message": "Successfully."
    }
}

2023-11-28 14:55:26: -----------Request----------->
POST https://thrive-dog1-usw2-api.data.plume.tech/pwb/AuthenticateWithPlumeToken

User-Agent: python-requests/2.31.0
Accept-Encoding: gzip, deflate
accept: application/json
Connection: keep-alive
Content-Type: application/json
Content-Length: 121

{
    "accessToken": "Sgmz6KyVq0oTbBrMRyOOlT6RndpWRpz1gplqYOrLX34WEn0eCbp9vDVBTRODFzv2",
    "userId": "653f108a396de2000acd43d4"
}

2023-11-28 14:55:26: <-----------Response-----------
Status code: 200, elapsed seconds: 1.507985

Date: Tue, 28 Nov 2023 06:55:24 GMT
Content-Type: application/json
Content-Length: 3840
Connection: keep-alive
x-amzn-RequestId: 6b331813-cc79-44a9-902f-01b2cbbb596a
Access-Control-Allow-Origin: *
x-amz-apigw-id: PGNCbEtrPHcEB8Q=
X-Amzn-Trace-Id: Root=1-65658edc-566c20c666a6e0f75df49724;Sampled=0;lineage=144e69e0:0

{
    "data": {
        "email": "thrive-ios+4@plume.com",
        "userGroup": "admin",
        "userName": "thrive-ios+4",
        "userId": "653f108a396de2000acd43d4",
        "accessToken": "eyJraWQiOiJ1cy13ZXN0LTI0IiwidHlwIjoiSldTIiwiYWxnIjoiUlM1MTIifQ.eyJzdWIiOiJ1cy13ZXN0LTI6ZmQ1OTgwZjEtMTVkNS00YWJlLTk1YWEtMzhmZjBkMjc5ZmNkIiwiYXVkIjoidXMtd2VzdC0yOjU2YzQyNDM5LWJlMmMtNDUyMy04YmUwLTEwYjU4ODVlYTczMyIsImFtciI6WyJhdXRoZW50aWNhdGVkIiwic3RhZ2luZy1wd2IucGx1bWUuY29tIiwic3RhZ2luZy1wd2IucGx1bWUuY29tOnVzLXdlc3QtMjo1NmM0MjQzOS1iZTJjLTQ1MjMtOGJlMC0xMGI1ODg1ZWE3MzM6U2dtejZLeVZxMG9UYkJyTVJ5T09sVDZSbmRwV1JwejFncGxxWU9yTFgzNFdFbjBlQ2JwOXZEVkJUUk9ERnp2MiJdLCJpc3MiOiJodHRwczovL2NvZ25pdG8taWRlbnRpdHkuYW1hem9uYXdzLmNvbSIsImh0dHBzOi8vY29nbml0by1pZGVudGl0eS5hbWF6b25hd3MuY29tL2lkZW50aXR5LXBvb2wtYXJuIjoiYXJuOmF3czpjb2duaXRvLWlkZW50aXR5OnVzLXdlc3QtMjoxNDMwODk2MTA0ODI6aWRlbnRpdHlwb29sL3VzLXdlc3QtMjo1NmM0MjQzOS1iZTJjLTQ1MjMtOGJlMC0xMGI1ODg1ZWE3MzMiLCJleHAiOjE3MDEyNDA5MjQsImlhdCI6MTcwMTE1NDUyNH0.LUTPodWYfgGMwCEz2y2kWswsEkeQFAfUFZA1rAiLcEp7Atkhy9FDAR3PbPcj3NSFBTubNWiEOsbBjyVY8OOzcfdK-9JNWztvZOl32-UlUh4UZPTcc3cD-08XioVM-VcIx9DuCfsx8evAcaQ_OdTpdqNJqFaIdOh5GmjupKGvBGwJjwwrjzhL4hi_CVh389KUoxH42JM3piqG2Qw4A23L-Nyw5Oz3pA_6buYinxvgrmrbD7tNZTF0EDmDlsNaViI63MTlPaAwXngyQ0sIb0lBIEqIx2UWjqJcYEghQ7ziXlJiPno25yUlqhBDg2I1ENxaE_GBrfG47kfpvvfQYkyLnQ",
        "idToken": "eyJraWQiOiJJZGVudGl0eVRva2VuU2lnbktleSIsImFsZyI6IlJTNTEyIn0%3D.eyJpc3MiOiJhd3MtbGFtYmRhIiwiZXhwIjoxNzE2NzA2NTI0LCJzdWIiOiJpZC10b2tlbiIsImF1ZCI6InJpbmciLCJqdGkiOiJlYWEzYTU3NC03M2E5LTQ4ODEtOGZlYS0xMTlhZGZhYzY0ZTUiLCJ1c2VySWQiOiI2NTNmMTA4YTM5NmRlMjAwMGFjZDQzZDQiLCJlbWFpbCI6InRocml2ZS1pb3MrNEBwbHVtZS5jb20iLCJnZW5kZXIiOiIiLCJiaXJ0aGRhdGUiOiIifQ%3D%3D.fp4gTaNldzJyEtN2HlYHltMxyNS3ICm3MNjeXDcR%2BFUYXfDI5Hz8agUmvHda41PQp21%2FTNnU3w8x6LRSsWBiU1zPY2Zo8Wug3CDZbPQBtUfz25xCgCusRYCay9nJNvdeLZgWbSzbSRu0yBJHBd6Lr5NWVZMfSi%2BFeq50yBG7cT682oKUh7R6O%2BM%2Bc%2F4t4loDOm7rQbS791FoN2lIPd420dvPu5XeUq6xR9A5kh7R2AEcbIiQOvFWE%2BjioKI324SdORgESBnxXYDWntwwUkPW35jHXAhJgASK%2F%2Fg2V2ybTsJ%2FFznR%2F1rn75iUwbFsl5QDStEleP9WpWfDePzkhTwHScB4nLRlrZr43WTTRZZL0YvLgNycI76NgUqi8CS6r4rIDuuFFb0QIiMfdIqfGaodkVz%2Bp8opKTnCSnIS4%2BBbKb2nJRG0oyNMHH1QSEZ1v3CXoc%2B%2Bn48c47JtfvKcQhActg7IpIk%2BpZQcdf0dFSPriSnizhWiOSsGc%2B9nayuV8%2B3K72qQq6EecV4LNipzY%2F7z4OjJKwQvj%2F6SU2NtP4rGw%2Ffa98QhuyjuL%2B27ukAZZ7HI6GFePpjRQ%2BoX8XMft5W9BEClsA75xaN6KQyg6%2FlBsrcd2aRvJT5nKaFz24s0KmGGAuZE3CyMR6WOlPfcU8qBIdo7Eo%2BSzEDKmU7ohsWYyWQ%3D",
        "refreshToken": "eyJraWQiOiJSZWZyZXNoVG9rZW5TaWduS2V5IiwiY3R5IjoiSldUIiwiZW5jIjoiQTI1NkdDTSIsImFsZyI6IlJTNTEyIn0%3D.AQICAHgg7rlLlhJZMilo20zyx9NECjg%2F8q0XYyoRMcHYs4Nh4AGnvV9SRxiTsx9eFd%2FmZGAXAAABUTCCAU0GCSqGSIb3DQEHBqCCAT4wggE6AgEAMIIBMwYJKoZIhvcNAQcBMB4GCWCGSAFlAwQBLjARBAzjjPtaTsKtFdqUwP0CARCAggEEzlpAgO6kAiZXh7sk3L7IRDCcgFk4lKFtbmRIbmwz%2FwJgiiRYxLl4mIW9dH2Y78UvYO6fCaJzpFuMwN0p3XP9%2FpFoG94CdL0JFQ4cj2LcxP7zGQM5V3iXt6%2FWoqcTuohOZZavvq%2BBcgg3vKhf21YeY%2BN43RYBrDTWFHnFOhQBgPn1Ovsy76tcnq7UkBuTQlycOeXb9hdEdbigeAUd8zK0%2FFh0pgubuyS8VUwP6ZkEXMROtFWcvlkOH3HAmSFx2UOr5nG2CLooAfD%2F46aJ2QEFn2mIvH3HsPkcB6qTFyx5CeJtXawyFBJmoYhMIooTJpHYY%2BKDZYuHg883PAM5CRx%2BOwhTBjo%3D.Kt%2BnbjXMhaudtJ54%2BdtlTD47j0vXmWhZkGRrqy58Im3oPOWCulbsZ6vsJZBOowseex9zjGzCwLuLEckikd9KbOAoBATZXmUL7Zw155vzF0MIDHNCeizS8uHr1SFWsIoBqNAPXn5Ghx5%2Bgtg3xeGPCv%2BM6DC%2BBOYUehB%2By%2Bw8PE6WDA9n3N96qgjCrTqfh3U%2Fbm%2FsCfQ6FAUkGoixHDnITiFNGmPBS43EcDTFfsUGEFT0g3JohEppdRNX0j6t%2BOYvZe8cLsAJlhxTRxl5Q4oTK1Iqco%2B1X8CdKhgUXPEp5RnJ8l2ef8W8UToH7VI%2FAmf0tCnzOnsT3XzV7fqqQdMv0eUZL9z%2BvoMLXCbYIQtbCULs1o59T1CVVCpN7wmB3l%2BrHuPEGIeUjZaAy8OjN4mT%2FdFLif4qyw%2Bo0SeXQIrHSqVBqGdjvsArB1dAfA1tVF9QufzeRkRwAmJSkCEQK%2FFC8Lg2I4OLTbg9GX8lC1UDXGIBVccowyqnDXog2%2BVxiMDfH7UhDdMu3L46kyXJS6aoLQP11fiseh6vx3jSAizBXJSylQT1Ei7%2BDA%2BE%2BELjETAspJVe8e5%2F1SB9PZUyp2Wc5Cz06VMMRoueOIHIT1PugnWN0Chup5boZMSl%2F%2Bi7Uz2B6jJiyMqL62%2BQXjcn5rOH4WFRTQzCa5eJLoXWtGP4Cfo%3D",
        "identityId": "us-west-2:fd5980f1-15d5-4abe-95aa-38ff0d279fcd"
    }
}

2023-11-28 14:55:29: -----------Request----------->
POST https://thrive-dog1-usw2-api.data.plume.tech/pwb/GetDailySleepInsightList

User-Agent: python-requests/2.31.0
Accept-Encoding: gzip, deflate
accept: application/json
Connection: keep-alive
Authorization: Bearer eyJraWQiOiJ1cy13ZXN0LTI0IiwidHlwIjoiSldTIiwiYWxnIjoiUlM1MTIifQ.eyJzdWIiOiJ1cy13ZXN0LTI6ZmQ1OTgwZjEtMTVkNS00YWJlLTk1YWEtMzhmZjBkMjc5ZmNkIiwiYXVkIjoidXMtd2VzdC0yOjU2YzQyNDM5LWJlMmMtNDUyMy04YmUwLTEwYjU4ODVlYTczMyIsImFtciI6WyJhdXRoZW50aWNhdGVkIiwic3RhZ2luZy1wd2IucGx1bWUuY29tIiwic3RhZ2luZy1wd2IucGx1bWUuY29tOnVzLXdlc3QtMjo1NmM0MjQzOS1iZTJjLTQ1MjMtOGJlMC0xMGI1ODg1ZWE3MzM6U2dtejZLeVZxMG9UYkJyTVJ5T09sVDZSbmRwV1JwejFncGxxWU9yTFgzNFdFbjBlQ2JwOXZEVkJUUk9ERnp2MiJdLCJpc3MiOiJodHRwczovL2NvZ25pdG8taWRlbnRpdHkuYW1hem9uYXdzLmNvbSIsImh0dHBzOi8vY29nbml0by1pZGVudGl0eS5hbWF6b25hd3MuY29tL2lkZW50aXR5LXBvb2wtYXJuIjoiYXJuOmF3czpjb2duaXRvLWlkZW50aXR5OnVzLXdlc3QtMjoxNDMwODk2MTA0ODI6aWRlbnRpdHlwb29sL3VzLXdlc3QtMjo1NmM0MjQzOS1iZTJjLTQ1MjMtOGJlMC0xMGI1ODg1ZWE3MzMiLCJleHAiOjE3MDEyNDA5MjQsImlhdCI6MTcwMTE1NDUyNH0.LUTPodWYfgGMwCEz2y2kWswsEkeQFAfUFZA1rAiLcEp7Atkhy9FDAR3PbPcj3NSFBTubNWiEOsbBjyVY8OOzcfdK-9JNWztvZOl32-UlUh4UZPTcc3cD-08XioVM-VcIx9DuCfsx8evAcaQ_OdTpdqNJqFaIdOh5GmjupKGvBGwJjwwrjzhL4hi_CVh389KUoxH42JM3piqG2Qw4A23L-Nyw5Oz3pA_6buYinxvgrmrbD7tNZTF0EDmDlsNaViI63MTlPaAwXngyQ0sIb0lBIEqIx2UWjqJcYEghQ7ziXlJiPno25yUlqhBDg2I1ENxaE_GBrfG47kfpvvfQYkyLnQ
Content-Type: application/json
Content-Length: 134

{
    "userId": "653f108a396de2000acd43d4",
    "startTime": 1701100800,
    "endTime": 1701187199,
    "pageSize": 1,
    "startKey": "",
    "utcOffset": -8
}

2023-11-28 14:55:29: <-----------Response-----------
Status code: 200, elapsed seconds: 0.852874

Date: Tue, 28 Nov 2023 06:55:27 GMT
Content-Type: application/json
Content-Length: 577
Connection: keep-alive
x-amzn-RequestId: 5450baa2-a35d-4cba-85f1-3c441175268a
Access-Control-Allow-Origin: *
x-amz-apigw-id: PGNC9G1AvHcEjUQ=
X-Amzn-Trace-Id: Root=1-65658edf-0bb9ff9e1dc736b76dea011f;Sampled=0;lineage=75671f14:0

{
    "data": {
        "userId": "653f108a396de2000acd43d4",
        "startTime": 1701100800,
        "endTime": 1701187199,
        "startKey": "",
        "dailySleepInsightList": [
            {
                "deepSleepTime": 3000,
                "awakeTime": 0,
                "remTime": 2400,
                "lightSleepTime": 10195,
                "totalSleepTime": 15595,
                "wakeUpTimes": 0,
                "userId": "653f108a396de2000acd43d4",
                "sleepDate": 1701100800,
                "timeZone": "Asia/Brunei",
                "utcOffset": 8,
                "startTime": 1701116357,
                "endTime": 1701132852,
                "maxHr": 79,
                "minHr": 62,
                "maxSpo2": 100,
                "minSpo2": 96,
                "sleepSessionId": "74e6e0b04307930113eb603989a3dff6",
                "avgHr": 68,
                "avgSpo2": 99,
                "sleepScore": 4
            }
        ]
    },
    "result": {
        "code": 201000,
        "message": "Successfully."
    }
}

