2023-11-27 11:33:34: -----------Request----------->
POST https://thrive-dog1-usw2-api.data.plume.tech/pwb/PlumeCloudLogin

User-Agent: python-requests/2.31.0
Accept-Encoding: gzip, deflate
accept: application/json
Connection: keep-alive
Content-Type: application/json
Content-Length: 73

{
    "email": "thrive-ios+4@plume.com",
    "password": "plume1234",
    "ttl": 3600
}

2023-11-27 11:33:34: <-----------Response-----------
Status code: 200, elapsed seconds: 0.848223

Date: Mon, 27 Nov 2023 03:33:32 GMT
Content-Type: application/json
Content-Length: 729
Connection: keep-alive
x-amzn-RequestId: dea2ce42-3a10-43bd-8ed4-0b651a6c7132
Access-Control-Allow-Origin: *
x-amz-apigw-id: PCch8FWVPHcEh-Q=
X-Amzn-Trace-Id: Root=1-65640e0c-1206a46415b0b09a03a402f9;Sampled=0;lineage=7fdd2b1e:0

{
    "data": {
        "id": "7pj3HnVcHTPk7SWmpsBSSAvTxUYEJLM5v4v3NZCSlPYCiw378bV6b9rkdWTNtTw7",
        "ttl": 3600,
        "created": "2023-11-27T03:33:32.283Z",
        "userId": "653f108a396de2000acd43d4",
        "expireAt": "2023-11-27T04:33:32.283Z",
        "user": {
            "id": "653f108a396de2000acd43d4",
            "accountId": "3b2c42d4-7cee-4756-b4bd-491cacc1ae57",
            "anonymous": false,
            "autoProvisioned": false,
            "name": "thrive-ios+4",
            "locked": false,
            "partnerId": "mobile_qa_test",
            "acceptLanguage": "en-US",
            "preferredLanguage": "en",
            "source": "customCreate",
            "createdAt": "2023-10-30T02:10:18.214Z",
            "provisioningSsoAuditTrail": false,
            "_version": "1.0.0",
            "email": "thrive-ios+4@plume.com",
            "emailVerified": true,
            "firstKnownLoginTimestamp": "2023-10-30T02:15:53.570Z"
        }
    },
    "result": {
        "code": 201000,
        "message": "Successfully."
    }
}

2023-11-27 11:33:37: -----------Request----------->
POST https://thrive-dog1-usw2-api.data.plume.tech/pwb/AuthenticateWithPlumeToken

User-Agent: python-requests/2.31.0
Accept-Encoding: gzip, deflate
accept: application/json
Connection: keep-alive
Content-Type: application/json
Content-Length: 121

{
    "accessToken": "7pj3HnVcHTPk7SWmpsBSSAvTxUYEJLM5v4v3NZCSlPYCiw378bV6b9rkdWTNtTw7",
    "userId": "653f108a396de2000acd43d4"
}

2023-11-27 11:33:37: <-----------Response-----------
Status code: 200, elapsed seconds: 1.22245

Date: Mon, 27 Nov 2023 03:33:35 GMT
Content-Type: application/json
Content-Length: 3808
Connection: keep-alive
x-amzn-RequestId: 05a7d890-19ce-476c-846c-31f67ea665f0
Access-Control-Allow-Origin: *
x-amz-apigw-id: PCciYHhWvHcEPMQ=
X-Amzn-Trace-Id: Root=1-65640e0e-203b96184ccbb21e184bd7ec;Sampled=0;lineage=144e69e0:0

{
    "data": {
        "email": "thrive-ios+4@plume.com",
        "userGroup": "admin",
        "userName": "thrive-ios+4",
        "userId": "653f108a396de2000acd43d4",
        "accessToken": "eyJraWQiOiJ1cy13ZXN0LTI0IiwidHlwIjoiSldTIiwiYWxnIjoiUlM1MTIifQ.eyJzdWIiOiJ1cy13ZXN0LTI6ZjllZTZkMGItZjc5Zi00YzA5LWEyYzMtYjZiMTFlMTlmNDdkIiwiYXVkIjoidXMtd2VzdC0yOjU2YzQyNDM5LWJlMmMtNDUyMy04YmUwLTEwYjU4ODVlYTczMyIsImFtciI6WyJhdXRoZW50aWNhdGVkIiwic3RhZ2luZy1wd2IucGx1bWUuY29tIiwic3RhZ2luZy1wd2IucGx1bWUuY29tOnVzLXdlc3QtMjo1NmM0MjQzOS1iZTJjLTQ1MjMtOGJlMC0xMGI1ODg1ZWE3MzM6N3BqM0huVmNIVFBrN1NXbXBzQlNTQXZUeFVZRUpMTTV2NHYzTlpDU2xQWUNpdzM3OGJWNmI5cmtkV1ROdFR3NyJdLCJpc3MiOiJodHRwczovL2NvZ25pdG8taWRlbnRpdHkuYW1hem9uYXdzLmNvbSIsImh0dHBzOi8vY29nbml0by1pZGVudGl0eS5hbWF6b25hd3MuY29tL2lkZW50aXR5LXBvb2wtYXJuIjoiYXJuOmF3czpjb2duaXRvLWlkZW50aXR5OnVzLXdlc3QtMjoxNDMwODk2MTA0ODI6aWRlbnRpdHlwb29sL3VzLXdlc3QtMjo1NmM0MjQzOS1iZTJjLTQ1MjMtOGJlMC0xMGI1ODg1ZWE3MzMiLCJleHAiOjE3MDExNDI0MTUsImlhdCI6MTcwMTA1NjAxNX0.RDbJinziEh5sm0jMjrRmtPuIERuRp_5DAti1r5Xv9sBpLcQhEU90r-D1MbtI_BhpnXWGv5m8gS4CvVJhnen66I7X5s3sRbfuITncvkbOPY-nQ4CdS9fYwcoIRSJbIi7s_IQGzoocxppldyX0LrfbyNx1f7UUhmqSlXfXp-ieszPapNFLxxFzHSStckl5jbj_t-93tOy06UHVxs4TikpUjkKOzYrmKkqraitZYE93CxIs_OkK5fjcZcaHR5PVO2oZ5MJLdwkASVQfndsYXi-xmZ_u7SOWMA_-W_0eADo-0gq2eZpmuNjj_Ns21UFXXUolCewOuR8Fj86h7xIGf2oRHw",
        "idToken": "eyJraWQiOiJJZGVudGl0eVRva2VuU2lnbktleSIsImFsZyI6IlJTNTEyIn0%3D.eyJpc3MiOiJhd3MtbGFtYmRhIiwiZXhwIjoxNzE2NjA4MDE1LCJzdWIiOiJpZC10b2tlbiIsImF1ZCI6InJpbmciLCJqdGkiOiI0MmQ1NzdjYi04ZTFmLTQ0OTYtYjA0MC00Nzg3MDRhOTBkMDMiLCJ1c2VySWQiOiI2NTNmMTA4YTM5NmRlMjAwMGFjZDQzZDQiLCJlbWFpbCI6InRocml2ZS1pb3MrNEBwbHVtZS5jb20iLCJnZW5kZXIiOiIiLCJiaXJ0aGRhdGUiOiIifQ%3D%3D.DZrZrSi9khYNDl9%2FXvOKaik5UKcwvDUMewdaj%2BI4Jnz%2BC%2BOQGCavfEZBmdWN2LqXrMHJddrBcNcpmaVLj1vzyZLqNIIXSci8SedKmE5uwt%2FUBOt74s9WP6KrV2ANTKyTBu3AtntKpv0emJG2JzRY5%2BDQsCYNZd3vJFGrMHWuMcP8OUfYYFG1YIR0Ma83EGGXdzN7nWXemRNG89eCnpi5j3zoGP3PQhGNVyPo6R46XUY9tSdntTazrQxKIM0OT3Of1448cNlmRJLBTIWUgI4V2UMqneu7t3abVw13KQmmKZDoSDKp0ngrZAV0IF16OArxmwo1xS29wEH7VpUGN6fA5MrUr1k0iQuy%2FEiDxFqsDykvjiQv9kieVyJqxJp5rtQl1xOC2vWysCIsJNCYq2%2BddipQXoUkUA7x1nbpKD3kP8YfXc%2FPi6nUF5st%2FO8jS6dPfCXGsuJFa3mwLK2Z9P4sRQkB2%2FYei3Sixv6GB5yJShjhXiR%2Bo49SxKTLL%2BIbGEEbx%2BfVo5dZp90CpXPYnE13J8%2B4oRIsypKK6mFrqpRDxzdM4UH2OMSIFssSidZqXtBkr0f9YVxCa96gRoA1k%2FJChEKhBoxU2XoJzM7d083RddkBuBXRmNngdeyK%2FdJi%2FvrmC7z0toVfjZfbift65M83zREyRaEwywDC5NsaJaEVHPU%3D",
        "refreshToken": "eyJraWQiOiJSZWZyZXNoVG9rZW5TaWduS2V5IiwiY3R5IjoiSldUIiwiZW5jIjoiQTI1NkdDTSIsImFsZyI6IlJTNTEyIn0%3D.AQICAHgg7rlLlhJZMilo20zyx9NECjg%2F8q0XYyoRMcHYs4Nh4AG451paM2LKFXfdXXpl2Oc2AAABUTCCAU0GCSqGSIb3DQEHBqCCAT4wggE6AgEAMIIBMwYJKoZIhvcNAQcBMB4GCWCGSAFlAwQBLjARBAxDlWQJpG9arX2Qeh0CARCAggEEhaukQlkrzXPkUl75Fju%2BJ6YNIeA1XTIbTaXu2fBAexzqQTBJAVzS2EbRqZaotYZiedNVvG8MgIbSgvTaSXKHuqX2XC5ctk%2FdCK2xP7Aya5UKPrD9fnjT4gjjO98YlWpaNwzq3SsN7GkxFidjkzO7qiboUHO2lIUr35gGRdyofaULrSoFFbjiUTI9a0sXgDd1JsBDATMGE4dDQQvrmGSDH75YgRFdh93bVyFvX9vOi%2B1Nzl8FaP%2Fyviv4X%2FxlIBWzYjL99z%2BHmrzO2GFbrepGs3cae3L5qmdDYY8NxVM4j2PPqRrxhfUqIFGABvi7yNZVcY%2BJ3YGBmIpFdwTSCMCzAOccViA%3D.P6bcWT7MWEaYiq3EGEsYqaO%2FPfSe5t7qM%2Bi4ddO%2BotVDfg53suqse9n8r65kZi3QGqatj8OuQ1CDQ0BX9RoIjX1CVLJgfNUJUe4lw1gDhwMaTsB%2FJvrbqbWnIrI1SppBnXWuwr20KqFfznq4GsfBqPdH%2FPZXjsLhJ%2BjAIKM59kV8nEg0fXJP%2BNIHUNxOeUQUgfoB4svbec1AQNMTS2O0tgZBVM27u19uWEEK74w%2B388HCUlzNcSO6QyG86A%2F%2B%2FpKCYq0fEgSOWlf90CSUKcKRQQkXPLJuekmBiIuJV6cWK7HJpzcYCRxGJZE7KK6%2BrGbcF0RizGgJFAxjWv5ASxCmtoUtG%2Fhp1U652rmrvxF3qtrrIr9OksMpIA261njpxoFneeZJURV91ttqkZwl4lMmyYXe6cScgaBqvcsJGjXrblsTk43WnhJ730W9qBu%2BNY3y2n5Dgoo0UdzBB24HvdNUnrm9%2F1fdd%2F9mxmXRczmBlDCDI3rDmcLyevxiDR3sicHe441tOU2ynEu%2BmBV3xXIMZGiXF0XGUDydMomFihpXloHlAwSEvIgZ7sUjIDj76UXwIjqERySo8Onb0ubty4KrZPOokaf56dFXaePMVTeiKKukMu%2BYIPW6lxTYGxuMWVIaiH%2BDR3ffl0E22h4rjqFVcC7QVGDL7YnHRJtNqK7F98%3D",
        "identityId": "us-west-2:f9ee6d0b-f79f-4c09-a2c3-b6b11e19f47d"
    }
}

2023-11-27 11:33:43: -----------Request----------->
POST https://thrive-dog1-usw2-api.data.plume.tech/pwb/RegisterDevice

User-Agent: python-requests/2.31.0
Accept-Encoding: gzip, deflate
accept: application/json
Connection: keep-alive
Authorization: Bearer eyJraWQiOiJ1cy13ZXN0LTI0IiwidHlwIjoiSldTIiwiYWxnIjoiUlM1MTIifQ.eyJzdWIiOiJ1cy13ZXN0LTI6ZjllZTZkMGItZjc5Zi00YzA5LWEyYzMtYjZiMTFlMTlmNDdkIiwiYXVkIjoidXMtd2VzdC0yOjU2YzQyNDM5LWJlMmMtNDUyMy04YmUwLTEwYjU4ODVlYTczMyIsImFtciI6WyJhdXRoZW50aWNhdGVkIiwic3RhZ2luZy1wd2IucGx1bWUuY29tIiwic3RhZ2luZy1wd2IucGx1bWUuY29tOnVzLXdlc3QtMjo1NmM0MjQzOS1iZTJjLTQ1MjMtOGJlMC0xMGI1ODg1ZWE3MzM6N3BqM0huVmNIVFBrN1NXbXBzQlNTQXZUeFVZRUpMTTV2NHYzTlpDU2xQWUNpdzM3OGJWNmI5cmtkV1ROdFR3NyJdLCJpc3MiOiJodHRwczovL2NvZ25pdG8taWRlbnRpdHkuYW1hem9uYXdzLmNvbSIsImh0dHBzOi8vY29nbml0by1pZGVudGl0eS5hbWF6b25hd3MuY29tL2lkZW50aXR5LXBvb2wtYXJuIjoiYXJuOmF3czpjb2duaXRvLWlkZW50aXR5OnVzLXdlc3QtMjoxNDMwODk2MTA0ODI6aWRlbnRpdHlwb29sL3VzLXdlc3QtMjo1NmM0MjQzOS1iZTJjLTQ1MjMtOGJlMC0xMGI1ODg1ZWE3MzMiLCJleHAiOjE3MDExNDI0MTUsImlhdCI6MTcwMTA1NjAxNX0.RDbJinziEh5sm0jMjrRmtPuIERuRp_5DAti1r5Xv9sBpLcQhEU90r-D1MbtI_BhpnXWGv5m8gS4CvVJhnen66I7X5s3sRbfuITncvkbOPY-nQ4CdS9fYwcoIRSJbIi7s_IQGzoocxppldyX0LrfbyNx1f7UUhmqSlXfXp-ieszPapNFLxxFzHSStckl5jbj_t-93tOy06UHVxs4TikpUjkKOzYrmKkqraitZYE93CxIs_OkK5fjcZcaHR5PVO2oZ5MJLdwkASVQfndsYXi-xmZ_u7SOWMA_-W_0eADo-0gq2eZpmuNjj_Ns21UFXXUolCewOuR8Fj86h7xIGf2oRHw
Content-Type: application/json
Content-Length: 78

{
    "userId": "653f108a396de2000acd43d4",
    "deviceId": "653f108a396de2000acd43d4"
}

2023-11-27 11:33:43: <-----------Response-----------
Status code: 200, elapsed seconds: 0.921697

Date: Mon, 27 Nov 2023 03:33:41 GMT
Content-Type: application/json
Content-Length: 88
Connection: keep-alive
x-amzn-RequestId: 788af4c0-97f6-4068-95c1-280ea392bb32
Access-Control-Allow-Origin: *
x-amz-apigw-id: PCcjXFu4PHcEX_g=
X-Amzn-Trace-Id: Root=1-65640e15-3e460c6b745bd3160fa4c758;Sampled=0;lineage=c0ee9507:0

{
    "data": {
        "registerStatus": "Success"
    },
    "result": {
        "code": 201000,
        "message": "Successfully."
    }
}

2023-11-27 11:33:49: -----------Request----------->
POST https://thrive-dog1-usw2-api.data.plume.tech/pwb/UnregisterDevice

User-Agent: python-requests/2.31.0
Accept-Encoding: gzip, deflate
accept: application/json
Connection: keep-alive
Authorization: Bearer eyJraWQiOiJ1cy13ZXN0LTI0IiwidHlwIjoiSldTIiwiYWxnIjoiUlM1MTIifQ.eyJzdWIiOiJ1cy13ZXN0LTI6ZjllZTZkMGItZjc5Zi00YzA5LWEyYzMtYjZiMTFlMTlmNDdkIiwiYXVkIjoidXMtd2VzdC0yOjU2YzQyNDM5LWJlMmMtNDUyMy04YmUwLTEwYjU4ODVlYTczMyIsImFtciI6WyJhdXRoZW50aWNhdGVkIiwic3RhZ2luZy1wd2IucGx1bWUuY29tIiwic3RhZ2luZy1wd2IucGx1bWUuY29tOnVzLXdlc3QtMjo1NmM0MjQzOS1iZTJjLTQ1MjMtOGJlMC0xMGI1ODg1ZWE3MzM6N3BqM0huVmNIVFBrN1NXbXBzQlNTQXZUeFVZRUpMTTV2NHYzTlpDU2xQWUNpdzM3OGJWNmI5cmtkV1ROdFR3NyJdLCJpc3MiOiJodHRwczovL2NvZ25pdG8taWRlbnRpdHkuYW1hem9uYXdzLmNvbSIsImh0dHBzOi8vY29nbml0by1pZGVudGl0eS5hbWF6b25hd3MuY29tL2lkZW50aXR5LXBvb2wtYXJuIjoiYXJuOmF3czpjb2duaXRvLWlkZW50aXR5OnVzLXdlc3QtMjoxNDMwODk2MTA0ODI6aWRlbnRpdHlwb29sL3VzLXdlc3QtMjo1NmM0MjQzOS1iZTJjLTQ1MjMtOGJlMC0xMGI1ODg1ZWE3MzMiLCJleHAiOjE3MDExNDI0MTUsImlhdCI6MTcwMTA1NjAxNX0.RDbJinziEh5sm0jMjrRmtPuIERuRp_5DAti1r5Xv9sBpLcQhEU90r-D1MbtI_BhpnXWGv5m8gS4CvVJhnen66I7X5s3sRbfuITncvkbOPY-nQ4CdS9fYwcoIRSJbIi7s_IQGzoocxppldyX0LrfbyNx1f7UUhmqSlXfXp-ieszPapNFLxxFzHSStckl5jbj_t-93tOy06UHVxs4TikpUjkKOzYrmKkqraitZYE93CxIs_OkK5fjcZcaHR5PVO2oZ5MJLdwkASVQfndsYXi-xmZ_u7SOWMA_-W_0eADo-0gq2eZpmuNjj_Ns21UFXXUolCewOuR8Fj86h7xIGf2oRHw
Content-Type: application/json
Content-Length: 38

{
    "userId": "653f108a396de2000acd43d4"
}

2023-11-27 11:33:49: <-----------Response-----------
Status code: 200, elapsed seconds: 0.923746

Date: Mon, 27 Nov 2023 03:33:47 GMT
Content-Type: application/json
Content-Length: 90
Connection: keep-alive
x-amzn-RequestId: 30681e96-30ef-4a25-829b-25a61b26759f
Access-Control-Allow-Origin: *
x-amz-apigw-id: PCckSE7nvHcEetQ=
X-Amzn-Trace-Id: Root=1-65640e1b-521de2f652aba03805b529a1;Sampled=0;lineage=f5980d93:0

{
    "data": {
        "unregisterResult": "Success"
    },
    "result": {
        "code": 201000,
        "message": "Successfully."
    }
}

