2023-11-27 17:48:42: -----------Request----------->
POST https://thrive-dog1-usw2-api.data.plume.tech/pwb/PlumeCloudLogin

User-Agent: python-requests/2.31.0
Accept-Encoding: gzip, deflate
accept: application/json
Connection: keep-alive
Content-Type: application/json
Content-Length: 73

{
    "email": "thrive-ios+4@plume.com",
    "password": "plume1234",
    "ttl": 3600
}

2023-11-27 17:48:42: <-----------Response-----------
Status code: 200, elapsed seconds: 4.999277

Date: Mon, 27 Nov 2023 09:48:40 GMT
Content-Type: application/json
Content-Length: 729
Connection: keep-alive
x-amzn-RequestId: 86686f22-1c38-4d29-b7bb-0190bff42338
Access-Control-Allow-Origin: *
x-amz-apigw-id: PDTerHulvHcEa6A=
X-Amzn-Trace-Id: Root=1-656465f7-05d9989917939b8e6c3605f9;Sampled=0;lineage=7fdd2b1e:0

{
    "data": {
        "id": "xrZa2zsCUWCprESOBDuYqaGwSJhGUk6vGkB0vZgkpB2oeMqSGcLNYZewOKSzpxHp",
        "ttl": 3600,
        "created": "2023-11-27T09:48:40.333Z",
        "userId": "653f108a396de2000acd43d4",
        "expireAt": "2023-11-27T10:48:40.333Z",
        "user": {
            "id": "653f108a396de2000acd43d4",
            "accountId": "3b2c42d4-7cee-4756-b4bd-491cacc1ae57",
            "anonymous": false,
            "autoProvisioned": false,
            "name": "thrive-ios+4",
            "locked": false,
            "partnerId": "mobile_qa_test",
            "acceptLanguage": "en-US",
            "preferredLanguage": "en",
            "source": "customCreate",
            "createdAt": "2023-10-30T02:10:18.214Z",
            "provisioningSsoAuditTrail": false,
            "_version": "1.0.0",
            "email": "thrive-ios+4@plume.com",
            "emailVerified": true,
            "firstKnownLoginTimestamp": "2023-10-30T02:15:53.570Z"
        }
    },
    "result": {
        "code": 201000,
        "message": "Successfully."
    }
}

2023-11-27 17:48:46: -----------Request----------->
POST https://thrive-dog1-usw2-api.data.plume.tech/pwb/AuthenticateWithPlumeToken

User-Agent: python-requests/2.31.0
Accept-Encoding: gzip, deflate
accept: application/json
Connection: keep-alive
Content-Type: application/json
Content-Length: 121

{
    "accessToken": "xrZa2zsCUWCprESOBDuYqaGwSJhGUk6vGkB0vZgkpB2oeMqSGcLNYZewOKSzpxHp",
    "userId": "653f108a396de2000acd43d4"
}

2023-11-27 17:48:46: <-----------Response-----------
Status code: 200, elapsed seconds: 2.242753

Date: Mon, 27 Nov 2023 09:48:44 GMT
Content-Type: application/json
Content-Length: 3822
Connection: keep-alive
x-amzn-RequestId: a7c57095-3519-4c6c-acd7-c5e31a3d9bb9
Access-Control-Allow-Origin: *
x-amz-apigw-id: PDTfRF8lvHcEJAQ=
X-Amzn-Trace-Id: Root=1-656465fb-6c53d0101970299f56716089;Sampled=0;lineage=144e69e0:0

{
    "data": {
        "email": "thrive-ios+4@plume.com",
        "userGroup": "admin",
        "userName": "thrive-ios+4",
        "userId": "653f108a396de2000acd43d4",
        "accessToken": "eyJraWQiOiJ1cy13ZXN0LTI0IiwidHlwIjoiSldTIiwiYWxnIjoiUlM1MTIifQ.eyJzdWIiOiJ1cy13ZXN0LTI6MDFlYmU4MDctYTk3Yi00ZDFlLTg1NzctNzdmMjc0MzM1ZWRkIiwiYXVkIjoidXMtd2VzdC0yOjU2YzQyNDM5LWJlMmMtNDUyMy04YmUwLTEwYjU4ODVlYTczMyIsImFtciI6WyJhdXRoZW50aWNhdGVkIiwic3RhZ2luZy1wd2IucGx1bWUuY29tIiwic3RhZ2luZy1wd2IucGx1bWUuY29tOnVzLXdlc3QtMjo1NmM0MjQzOS1iZTJjLTQ1MjMtOGJlMC0xMGI1ODg1ZWE3MzM6eHJaYTJ6c0NVV0NwckVTT0JEdVlxYUd3U0poR1VrNnZHa0Iwdlpna3BCMm9lTXFTR2NMTllaZXdPS1N6cHhIcCJdLCJpc3MiOiJodHRwczovL2NvZ25pdG8taWRlbnRpdHkuYW1hem9uYXdzLmNvbSIsImh0dHBzOi8vY29nbml0by1pZGVudGl0eS5hbWF6b25hd3MuY29tL2lkZW50aXR5LXBvb2wtYXJuIjoiYXJuOmF3czpjb2duaXRvLWlkZW50aXR5OnVzLXdlc3QtMjoxNDMwODk2MTA0ODI6aWRlbnRpdHlwb29sL3VzLXdlc3QtMjo1NmM0MjQzOS1iZTJjLTQ1MjMtOGJlMC0xMGI1ODg1ZWE3MzMiLCJleHAiOjE3MDExNjQ5MjQsImlhdCI6MTcwMTA3ODUyNH0.Kj6pyKQHIes96y8xPPeoNjFgyjqw9a-kjKbR37nZbe7zUJ3iIAQMC7aJL6jmgnjCuQnVkd0z1YJ5YuXVl_66kSjfdDNXr3tELDymBIb8mPGoXkr_wHAke4KXmEcjAZjwHuqhZY4tR0cdIovTBT4GVxmjaBRynxdf45n3YM7aTg7mbfmzPoqWhcbvOioA9fpiNzIUCW2yq4KuVGX8Puv-1mh1tZNBbfX6DQD5-d7qP2d8U9oRK2g9VBBhbJWBLFSKMjECu0m6TrLScTwvzJytO_EgLwgbjVz602mywXmrL4cuvMOh-uvYhlQQyW2Fly9vVQPgvD7Pe6i3YOJ3wJWHOA",
        "idToken": "eyJraWQiOiJJZGVudGl0eVRva2VuU2lnbktleSIsImFsZyI6IlJTNTEyIn0%3D.eyJpc3MiOiJhd3MtbGFtYmRhIiwiZXhwIjoxNzE2NjMwNTI0LCJzdWIiOiJpZC10b2tlbiIsImF1ZCI6InJpbmciLCJqdGkiOiI4N2U4ODE0OS1hNzlhLTQ5NmYtYjU0OS0yODI5YTYyMzZmYTgiLCJ1c2VySWQiOiI2NTNmMTA4YTM5NmRlMjAwMGFjZDQzZDQiLCJlbWFpbCI6InRocml2ZS1pb3MrNEBwbHVtZS5jb20iLCJnZW5kZXIiOiIiLCJiaXJ0aGRhdGUiOiIifQ%3D%3D.ZRhUH%2B47OD8b5sh2ZDxyAD5mYfUe3JeKNgUJwWPo6OCepLDOdA0Demu2w50pP23ygk4K%2BB9XQGXtpW%2F07ECN58c%2BF5A8CUcd4COaasuwXiFvGN9tVhS0AeQ2v%2BuQd4ZcfLu80wFb13cg6IB2h%2BAs8ddZzKRl4MXWQP7lx8bUQiRNLI3DdzQea71cLvGPXw%2B1Wf79RCCsOPFBN4eZfxbId6UMtT16ZnW1KrPJN8E8M3TiaeNB49wPBTVQRdMovTXOsoIvV4HItdq0DNOFtpRdp5TuDT6MQj%2BsrbhMP0jNV4x84DYqT2t%2BDy1AnoKz%2FIliVFApVYvMg%2FYWZM28FvCrIoQSr2AdeNE1ncI3dp1Guxn2aDpXgTL48PyimwU24%2BkeKU20QdNZV%2BBvXlqkfsIInHcR0XTVyjE45h%2B2msaEGnr9zTM%2FgQhrCirL%2FwOQReU6R5sbDjQKwPo3p0xAPL5d8gbpnWUaxmZwCTwNRlOcE4Nf01Him0LFnD%2FAVFQNHva3MX9xQHGIzC8JEj3O6V4i8HfAip7sCqPGmjI4f05zdSiPXHUVxI0IK5XYYkbNcGS1CekfbFS%2FcHvbLDggGc%2Bfs5m0s44bA%2Bl4z6C2a4FFHVYSt9U0NmpNVGf11vzZ9j5EvkCP638ED95qtcPf8k12pdt7VylFHhuDQMpYDeD2K%2BU%3D",
        "refreshToken": "eyJraWQiOiJSZWZyZXNoVG9rZW5TaWduS2V5IiwiY3R5IjoiSldUIiwiZW5jIjoiQTI1NkdDTSIsImFsZyI6IlJTNTEyIn0%3D.AQICAHgg7rlLlhJZMilo20zyx9NECjg%2F8q0XYyoRMcHYs4Nh4AGtp6tbUAsSQOZc7phmRPpJAAABUTCCAU0GCSqGSIb3DQEHBqCCAT4wggE6AgEAMIIBMwYJKoZIhvcNAQcBMB4GCWCGSAFlAwQBLjARBAy7Cxy0dWH7bZfWPW8CARCAggEEEVuLg%2BvtpegPxtaoLqg4bFn9zAb2j8wS1Z2vTg9%2BdA9FmIvFw6Rfw2oFF%2FPLjlEcpX1HIcUU5xwY0DVphaN%2FHQXGZULwOjCIKu30M50T9bFlsR7vdoie2CQnM16dq8uFLuuyOW4F3VOgVYS9gRv%2Frg%2BOIHKLiBeZmmkHtmBfQcKa8NjdlX1wdnWd97MwL7Aq%2FPQQZs2%2BqJzvgo1YuyfkvmRL21vLnt0Qx%2FaqivABznUuUfGRN6Z8YcS6wYoW%2FKUP5QT4zO55SgZFRYsD5Jw7VRDTWDJuNnlmW7eQMvZK2HJQmL7b74s9la1GtKyto%2FI9AIgD2sGOynpNwod1wZq1PeGijwo%3D.UFT0eThGO4ASZchay%2FUM6cD3vIg2CXadkkRPpoLRwDlhh5nFsBXuPMKSae5iLi9nIX7uoGNR3YPjrib81cFj8u6BzwG1VsHPGiwuZ7wEk1etMBShBetrEpL3Otir%2BzI3uxt%2FqtRlwDE8TCWXPSq8iAde%2B9w72CYV4S%2Bq6auowRTD8uU1cWV4I2cLJp4tBxQ3mJpZDBW1niyxA6NszhoeVViOsFB0c2MEp%2BLUjhwxMf%2F8hKyzqbHnWBMW3nsDH0yn6gHicvPagNQuSyHqTiVw9ynROk3zKmSIaS%2BXLcIcxVO9ouaNHkvwNiDnbvdCw86FkpWh3litFcn4PA8MZCaOB85903YBphlXi1SkQQhXn9HjEFxXQFNPP%2Bp9NVc96o%2BwLYdnkYWv%2FPN9uKzj3R4lz9DimM864LJG5VzE%2FRm1TQr4ABRjCqdOlwNhE624JYy75AgoB39HZ9tgmHwo5upKo37TOuKY7QtWK4%2BXWZGlkg8zCxR8zjGiOdlMhZ1PJkanfP9GEpzRBq%2BLhR3SIkaYOqEpHpD3ooozbU1IO4zjbTF%2BEjlbXqXi9cEg0%2Fn5h4rE%2BHU3At0Uy1ToGG2upSkP3NZO6UmokG9tSmJsM%2BY3CFVII1NDZ%2FTLqtFwNxCWDRiSjhIR6uXDGmOSYVpxjcssEvL2YXx2LqzZXGRg0xMhfsM%3D",
        "identityId": "us-west-2:01ebe807-a97b-4d1e-8577-77f274335edd"
    }
}

2023-11-27 17:48:49: -----------Request----------->
POST https://thrive-dog1-usw2-api.data.plume.tech/pwb/GetFitnessActivityList

User-Agent: python-requests/2.31.0
Accept-Encoding: gzip, deflate
accept: application/json
Connection: keep-alive
Authorization: Bearer eyJraWQiOiJ1cy13ZXN0LTI0IiwidHlwIjoiSldTIiwiYWxnIjoiUlM1MTIifQ.eyJzdWIiOiJ1cy13ZXN0LTI6MDFlYmU4MDctYTk3Yi00ZDFlLTg1NzctNzdmMjc0MzM1ZWRkIiwiYXVkIjoidXMtd2VzdC0yOjU2YzQyNDM5LWJlMmMtNDUyMy04YmUwLTEwYjU4ODVlYTczMyIsImFtciI6WyJhdXRoZW50aWNhdGVkIiwic3RhZ2luZy1wd2IucGx1bWUuY29tIiwic3RhZ2luZy1wd2IucGx1bWUuY29tOnVzLXdlc3QtMjo1NmM0MjQzOS1iZTJjLTQ1MjMtOGJlMC0xMGI1ODg1ZWE3MzM6eHJaYTJ6c0NVV0NwckVTT0JEdVlxYUd3U0poR1VrNnZHa0Iwdlpna3BCMm9lTXFTR2NMTllaZXdPS1N6cHhIcCJdLCJpc3MiOiJodHRwczovL2NvZ25pdG8taWRlbnRpdHkuYW1hem9uYXdzLmNvbSIsImh0dHBzOi8vY29nbml0by1pZGVudGl0eS5hbWF6b25hd3MuY29tL2lkZW50aXR5LXBvb2wtYXJuIjoiYXJuOmF3czpjb2duaXRvLWlkZW50aXR5OnVzLXdlc3QtMjoxNDMwODk2MTA0ODI6aWRlbnRpdHlwb29sL3VzLXdlc3QtMjo1NmM0MjQzOS1iZTJjLTQ1MjMtOGJlMC0xMGI1ODg1ZWE3MzMiLCJleHAiOjE3MDExNjQ5MjQsImlhdCI6MTcwMTA3ODUyNH0.Kj6pyKQHIes96y8xPPeoNjFgyjqw9a-kjKbR37nZbe7zUJ3iIAQMC7aJL6jmgnjCuQnVkd0z1YJ5YuXVl_66kSjfdDNXr3tELDymBIb8mPGoXkr_wHAke4KXmEcjAZjwHuqhZY4tR0cdIovTBT4GVxmjaBRynxdf45n3YM7aTg7mbfmzPoqWhcbvOioA9fpiNzIUCW2yq4KuVGX8Puv-1mh1tZNBbfX6DQD5-d7qP2d8U9oRK2g9VBBhbJWBLFSKMjECu0m6TrLScTwvzJytO_EgLwgbjVz602mywXmrL4cuvMOh-uvYhlQQyW2Fly9vVQPgvD7Pe6i3YOJ3wJWHOA
Content-Type: application/json
Content-Length: 117

{
    "userId": "653f108a396de2000acd43d4",
    "startTime": 1701014400,
    "endTime": 1701100799,
    "pageSize": 5,
    "startKey": ""
}

2023-11-27 17:48:49: <-----------Response-----------
Status code: 200, elapsed seconds: 1.000723

Date: Mon, 27 Nov 2023 09:48:47 GMT
Content-Type: application/json
Content-Length: 522
Connection: keep-alive
x-amzn-RequestId: 0f997be4-8cee-4cd8-a2ae-6da37a45daff
Access-Control-Allow-Origin: *
x-amz-apigw-id: PDTf8GSWvHcEjqA=
X-Amzn-Trace-Id: Root=1-656465ff-4bbf089e0dc7d2724bb9bcf3;Sampled=0;lineage=557b233b:0

{
    "data": {
        "startTime": 1701014400,
        "endTime": 1701100799,
        "userId": "653f108a396de2000acd43d4",
        "activitiesList": [
            {
                "activityId": "activity_653f108a396de2000acd43d460:b4:f7:f5:04:d2_1701049952",
                "userId": "653f108a396de2000acd43d4",
                "fitnessActivityTypeId": 1,
                "userConfirmation": "Unkown",
                "manualActivity": false,
                "state": "completed",
                "startTimeStamp": 1701049952,
                "duration": 431,
                "stepCount": 557,
                "highHrRate": 129,
                "lowHrRate": 81,
                "avgHrRate": 112,
                "highSpo2": 100,
                "lowSpo2": 100,
                "avgSpo2": 100
            }
        ]
    },
    "result": {
        "code": 201000,
        "message": "Successfully."
    }
}

