2023-11-30 15:45:14: -----------Request----------->
POST https://thrive-dog1-usw2-api.data.plume.tech/pwb/PlumeCloudLogin

User-Agent: python-requests/2.31.0
Accept-Encoding: gzip, deflate
accept: application/json
Connection: keep-alive
Content-Type: application/json
Content-Length: 73

{
    "email": "thrive-ios+4@plume.com",
    "password": "plume1234",
    "ttl": 3600
}

2023-11-30 15:45:14: <-----------Response-----------
Status code: 200, elapsed seconds: 1.889828

Date: Thu, 30 Nov 2023 07:45:12 GMT
Content-Type: application/json
Content-Length: 729
Connection: keep-alive
x-amzn-RequestId: 263ab190-572a-4ddb-807b-8ce1b676a38a
Access-Control-Allow-Origin: *
x-amz-apigw-id: PM6NNHEbvHcEmWw=
X-Amzn-Trace-Id: Root=1-65683d87-17b1e5415e54675e40fb065a;Sampled=0;lineage=7fdd2b1e:0

{
    "data": {
        "id": "dF7amXzF6ACwXa42JxLnsEL7W6pYdqlf3Jl1Re7tpXcFN28J2rEm3YhmMQPLhD1E",
        "ttl": 3600,
        "created": "2023-11-30T07:45:12.479Z",
        "userId": "653f108a396de2000acd43d4",
        "expireAt": "2023-11-30T08:45:12.479Z",
        "user": {
            "id": "653f108a396de2000acd43d4",
            "accountId": "3b2c42d4-7cee-4756-b4bd-491cacc1ae57",
            "anonymous": false,
            "autoProvisioned": false,
            "name": "thrive-ios+4",
            "locked": false,
            "partnerId": "mobile_qa_test",
            "acceptLanguage": "en-US",
            "preferredLanguage": "en",
            "source": "customCreate",
            "createdAt": "2023-10-30T02:10:18.214Z",
            "provisioningSsoAuditTrail": false,
            "_version": "1.0.0",
            "email": "thrive-ios+4@plume.com",
            "emailVerified": true,
            "firstKnownLoginTimestamp": "2023-10-30T02:15:53.570Z"
        }
    },
    "result": {
        "code": 201000,
        "message": "Successfully."
    }
}

2023-11-30 15:45:18: -----------Request----------->
POST https://thrive-dog1-usw2-api.data.plume.tech/pwb/AuthenticateWithPlumeToken

User-Agent: python-requests/2.31.0
Accept-Encoding: gzip, deflate
accept: application/json
Connection: keep-alive
Content-Type: application/json
Content-Length: 121

{
    "accessToken": "dF7amXzF6ACwXa42JxLnsEL7W6pYdqlf3Jl1Re7tpXcFN28J2rEm3YhmMQPLhD1E",
    "userId": "653f108a396de2000acd43d4"
}

2023-11-30 15:45:18: <-----------Response-----------
Status code: 200, elapsed seconds: 2.054187

Date: Thu, 30 Nov 2023 07:45:16 GMT
Content-Type: application/json
Content-Length: 3820
Connection: keep-alive
x-amzn-RequestId: decea3a2-5235-46d8-a536-fc092e82f986
Access-Control-Allow-Origin: *
x-amz-apigw-id: PM6NzGL_vHcEaLA=
X-Amzn-Trace-Id: Root=1-65683d8b-16b713385549d68a3d9fbd91;Sampled=0;lineage=144e69e0:0

{
    "data": {
        "email": "thrive-ios+4@plume.com",
        "userGroup": "admin",
        "userName": "thrive-ios+4",
        "userId": "653f108a396de2000acd43d4",
        "accessToken": "eyJraWQiOiJ1cy13ZXN0LTI0IiwidHlwIjoiSldTIiwiYWxnIjoiUlM1MTIifQ.eyJzdWIiOiJ1cy13ZXN0LTI6NzVkNzE3YzktMDU4NS00OTc4LThmOTUtODg0MDM1NzVjMWM0IiwiYXVkIjoidXMtd2VzdC0yOjU2YzQyNDM5LWJlMmMtNDUyMy04YmUwLTEwYjU4ODVlYTczMyIsImFtciI6WyJhdXRoZW50aWNhdGVkIiwic3RhZ2luZy1wd2IucGx1bWUuY29tIiwic3RhZ2luZy1wd2IucGx1bWUuY29tOnVzLXdlc3QtMjo1NmM0MjQzOS1iZTJjLTQ1MjMtOGJlMC0xMGI1ODg1ZWE3MzM6ZEY3YW1YekY2QUN3WGE0Mkp4TG5zRUw3VzZwWWRxbGYzSmwxUmU3dHBYY0ZOMjhKMnJFbTNZaG1NUVBMaEQxRSJdLCJpc3MiOiJodHRwczovL2NvZ25pdG8taWRlbnRpdHkuYW1hem9uYXdzLmNvbSIsImh0dHBzOi8vY29nbml0by1pZGVudGl0eS5hbWF6b25hd3MuY29tL2lkZW50aXR5LXBvb2wtYXJuIjoiYXJuOmF3czpjb2duaXRvLWlkZW50aXR5OnVzLXdlc3QtMjoxNDMwODk2MTA0ODI6aWRlbnRpdHlwb29sL3VzLXdlc3QtMjo1NmM0MjQzOS1iZTJjLTQ1MjMtOGJlMC0xMGI1ODg1ZWE3MzMiLCJleHAiOjE3MDE0MTY3MTYsImlhdCI6MTcwMTMzMDMxNn0.HMOF3rOK4hGhLTsqrYtQcquy1omHfmAS9DBiypGqIYcOn2qAGMQc8Ghc9YmJuHCcZ4z5th-cjJSb_BnzfdfsQHUyQba7t4_2ShS0V7PrdgPqMdK98dHkvs3GU46Nzfz3TEjwu2fNWZZ4keh9GwpKLTAb8Pk9NpRbpYi0IzZ_F5ZuMOSiKb5sxaYaRiFSQszol7sp44o1VZwz_FG1s6YDGzU7ji6mY8bjuZn31fhwS8KD5P9vjulu4NHkPsLGG0r62BsWcYUYALjBRa_62xPIOs6GSFVKgs-FdvnCIyqtotAf4muY4XuedQHYtlNQYYJtUI8U4HYW3CBTseJhktQeMA",
        "idToken": "eyJraWQiOiJJZGVudGl0eVRva2VuU2lnbktleSIsImFsZyI6IlJTNTEyIn0%3D.eyJpc3MiOiJhd3MtbGFtYmRhIiwiZXhwIjoxNzE2ODgyMzE2LCJzdWIiOiJpZC10b2tlbiIsImF1ZCI6InJpbmciLCJqdGkiOiI0YWQ3ZjVmYy03MTdkLTQ2YTUtOGFjZC05ZjJkOTFhMmIwYzgiLCJ1c2VySWQiOiI2NTNmMTA4YTM5NmRlMjAwMGFjZDQzZDQiLCJlbWFpbCI6InRocml2ZS1pb3MrNEBwbHVtZS5jb20iLCJnZW5kZXIiOiIiLCJiaXJ0aGRhdGUiOiIifQ%3D%3D.cpHlHo8n6zgSdJ4N025FOADFXjWsOOjEr7py051mMZOkWPBtbmlhEjKgJnBqBXoLsnQWQzwAWKz1BXgasw9hQt6D7Rbf5L%2BwkWiYei5IZLYWs71XjYnEnyS6gInSbfMW%2BQCjzLentOn%2BdgMjNmLatcJeX0J8NLP64wurCtpUum0I34kUrLfQs31Nctgk3QX8K7pHH9%2BYuxY9qZ4dvjZR5WUdNAZzvkZtKb7OmGLXgmnPuLa2PfN3gW9JJJPuz5b1rVNgc8p8Hnh%2BlMt2tFuFyZc1i%2FPE899KYvmJ536PGqrm5CykPyxO9S3M%2FKx5HwETssjqXRbSCRScd3FKsk4iBbS3Sjta5L%2FPT76cylPohB24nSgO0%2FAZrLf6t8%2F8iq0fo0eEn7VPVq5O9uI9qfZaUt%2F5d0O71C1YHG5Cc0LOHoEDzGux5hJ1eXdq6TUMbYCPM2gY87z9GrdLLBsVWwSbQCdF82pUAI6krXebqfZHb5fwDuKQDlbAy97pHJ5D%2FqfJfg1p3T8TCPFMoMRaGoCJ4lljOcFcJUF6oRGh9ENwKACKDo2SECkOWwsK0EZfrPxOMGZDdwH4AqTzM8v9k6MofKf%2Fr8wraPfGUvbz8AHrZsmIOUQDUu0lgQ4hP6i8mI7sQrnbSXpLhEG3ilVzgtMJK4MAFhf%2B70jWX%2FrxKWO9Cfo%3D",
        "refreshToken": "eyJraWQiOiJSZWZyZXNoVG9rZW5TaWduS2V5IiwiY3R5IjoiSldUIiwiZW5jIjoiQTI1NkdDTSIsImFsZyI6IlJTNTEyIn0%3D.AQICAHgg7rlLlhJZMilo20zyx9NECjg%2F8q0XYyoRMcHYs4Nh4AFNheuDXzd8SOD6gavkKCDtAAABUTCCAU0GCSqGSIb3DQEHBqCCAT4wggE6AgEAMIIBMwYJKoZIhvcNAQcBMB4GCWCGSAFlAwQBLjARBAxhV825zgyuKbYJrO4CARCAggEExVBt8UhzdIHYsI4Wik4BcXltYQR7jACaeHYVhsfECjW3tmxQ5kCKiG5jh1ExwkwSeczmcuTn7OJjFS3xTs0w220b5sv1e6Bmx6HbJUCeIHvHFNZP4tafDj%2FoxYmuSz3E7EAw9Bzz0HnwemUApor%2FW%2FjeLw1au4lsNzLuGt5MJhwhV2drMEkOTBBI8k6%2BF%2BNy%2FIpeCAik6fy9jOKrqhDHdCb38PSMQEqHi1hXs0505skhnEZOOfD0cQoRY8R7N2PQIMtyVLY6Qo8o2QEMemMl3mJk5snbSh4OPI963xWB5R0%2BFv8stLNMwnYzlg05kjvOaJnO0sF%2F%2F%2Bou%2BkIV%2BwQ3u%2FA8pvM%3D.ZBay2GUdYEqPspGv%2FkRexuAyWl1fIpUdD4nUUh4WYmfM%2BVI5cb3rw8yvyDHhcAm3uW%2BihgU6l0ZggFf%2FuDRF1a64vKgvpk%2Btp%2Fnp8eWUcY8NKLQxAbeUSCvv7Fmryt3gpe6Pq7A2icr7O7%2BCtduF%2BFBgMNSXUOsC%2Bk5pjpURcLEMucn7hO3fR6cvVAlSMBrSCGCd%2BZKe3%2B6QdfR4j9l5sx0SAFnmykqK%2BowIRVOrG1onISodobZa8CqO%2Fp0oFEGJ81w2SLnluTKVdCfFP8KfZAR7yAhe4QA3Kv3W8uF31Bf4r0kK3fOJ7AjCLYA0yr3CHQVor8wmpbKdvOmpKzQTILucoX1ypOax7RRAZ3cfJJ33H79DYKTW8reRgFGGc30S3BLVcZWdZ8zz74%2BTVQ6cUz6FyyW90kmy4%2Fj4rxwxbL%2F9pZe1FntDpURzpj0OgiKLXZm9e3MfHYG%2FsXYoSd75VuLGkyUiMl%2BgLPHDorYE7H4J01vCNf3Fw78R29HxFNkS8ALFvjgGZQOqjPHieX8JO%2BuFtixSYtMiNP0fgHoPAJXOHuJSeUCYKTbK5gjF8UI86VXxdx07aml0gZ%2BI87hq%2BbZyudxGE10OEosbV8qE2suXI4ukQtAFV1XPR9EkBaUnPzqsVgvtMjlU4rfmZe6VDUELGL1X%2F6eFdmuDgsTAhFw%3D",
        "identityId": "us-west-2:75d717c9-0585-4978-8f95-88403575c1c4"
    }
}

2023-11-30 15:45:22: -----------Request----------->
POST https://thrive-dog1-usw2-api.data.plume.tech/pwb/GetDailySleepInsightList

User-Agent: python-requests/2.31.0
Accept-Encoding: gzip, deflate
accept: application/json
Connection: keep-alive
Authorization: Bearer eyJraWQiOiJ1cy13ZXN0LTI0IiwidHlwIjoiSldTIiwiYWxnIjoiUlM1MTIifQ.eyJzdWIiOiJ1cy13ZXN0LTI6NzVkNzE3YzktMDU4NS00OTc4LThmOTUtODg0MDM1NzVjMWM0IiwiYXVkIjoidXMtd2VzdC0yOjU2YzQyNDM5LWJlMmMtNDUyMy04YmUwLTEwYjU4ODVlYTczMyIsImFtciI6WyJhdXRoZW50aWNhdGVkIiwic3RhZ2luZy1wd2IucGx1bWUuY29tIiwic3RhZ2luZy1wd2IucGx1bWUuY29tOnVzLXdlc3QtMjo1NmM0MjQzOS1iZTJjLTQ1MjMtOGJlMC0xMGI1ODg1ZWE3MzM6ZEY3YW1YekY2QUN3WGE0Mkp4TG5zRUw3VzZwWWRxbGYzSmwxUmU3dHBYY0ZOMjhKMnJFbTNZaG1NUVBMaEQxRSJdLCJpc3MiOiJodHRwczovL2NvZ25pdG8taWRlbnRpdHkuYW1hem9uYXdzLmNvbSIsImh0dHBzOi8vY29nbml0by1pZGVudGl0eS5hbWF6b25hd3MuY29tL2lkZW50aXR5LXBvb2wtYXJuIjoiYXJuOmF3czpjb2duaXRvLWlkZW50aXR5OnVzLXdlc3QtMjoxNDMwODk2MTA0ODI6aWRlbnRpdHlwb29sL3VzLXdlc3QtMjo1NmM0MjQzOS1iZTJjLTQ1MjMtOGJlMC0xMGI1ODg1ZWE3MzMiLCJleHAiOjE3MDE0MTY3MTYsImlhdCI6MTcwMTMzMDMxNn0.HMOF3rOK4hGhLTsqrYtQcquy1omHfmAS9DBiypGqIYcOn2qAGMQc8Ghc9YmJuHCcZ4z5th-cjJSb_BnzfdfsQHUyQba7t4_2ShS0V7PrdgPqMdK98dHkvs3GU46Nzfz3TEjwu2fNWZZ4keh9GwpKLTAb8Pk9NpRbpYi0IzZ_F5ZuMOSiKb5sxaYaRiFSQszol7sp44o1VZwz_FG1s6YDGzU7ji6mY8bjuZn31fhwS8KD5P9vjulu4NHkPsLGG0r62BsWcYUYALjBRa_62xPIOs6GSFVKgs-FdvnCIyqtotAf4muY4XuedQHYtlNQYYJtUI8U4HYW3CBTseJhktQeMA
Content-Type: application/json
Content-Length: 134

{
    "userId": "653f108a396de2000acd43d4",
    "startTime": 1701259200,
    "endTime": 1701309600,
    "pageSize": 1,
    "startKey": "",
    "utcOffset": -8
}

2023-11-30 15:45:22: <-----------Response-----------
Status code: 200, elapsed seconds: 2.15073

Date: Thu, 30 Nov 2023 07:45:20 GMT
Content-Type: application/json
Content-Length: 580
Connection: keep-alive
x-amzn-RequestId: 68fea9aa-060d-43a6-8429-c975b8dd84e8
Access-Control-Allow-Origin: *
x-amz-apigw-id: PM6OcHi4PHcEgcA=
X-Amzn-Trace-Id: Root=1-65683d8f-6b6695a66b56b76a20cee368;Sampled=0;lineage=75671f14:0

{
    "data": {
        "userId": "653f108a396de2000acd43d4",
        "startTime": 1701259200,
        "endTime": 1701309600,
        "startKey": "",
        "dailySleepInsightList": [
            {
                "deepSleepTime": 3000,
                "awakeTime": 300,
                "remTime": 2400,
                "lightSleepTime": 12902,
                "totalSleepTime": 18302,
                "wakeUpTimes": 1,
                "userId": "653f108a396de2000acd43d4",
                "sleepDate": 1701273600,
                "timeZone": "Asia/Brunei",
                "utcOffset": 8,
                "startTime": 1701289157,
                "endTime": 1701307759,
                "maxHr": 135,
                "minHr": 59,
                "maxSpo2": 100,
                "minSpo2": 90,
                "sleepSessionId": "541d71833aca0cedad83b6a7e87eb4d8",
                "avgHr": 70,
                "avgSpo2": 99,
                "sleepScore": 4
            }
        ]
    },
    "result": {
        "code": 201000,
        "message": "Successfully."
    }
}

