2023-11-30 16:11:28: -----------Request----------->
POST https://thrive-dog1-usw2-api.data.plume.tech/pwb/PlumeCloudLogin

User-Agent: python-requests/2.31.0
Accept-Encoding: gzip, deflate
accept: application/json
Connection: keep-alive
Content-Type: application/json
Content-Length: 73

{
    "email": "thrive-ios+4@plume.com",
    "password": "plume1234",
    "ttl": 3600
}

2023-11-30 16:11:28: <-----------Response-----------
Status code: 200, elapsed seconds: 4.221242

Date: Thu, 30 Nov 2023 08:11:26 GMT
Content-Type: application/json
Content-Length: 729
Connection: keep-alive
x-amzn-RequestId: e357bcf5-e483-4798-bd76-a6d1bb6753bc
Access-Control-Allow-Origin: *
x-amz-apigw-id: PM-DJGi2vHcEvCw=
X-Amzn-Trace-Id: Root=1-656843ad-6b5374b9344f4c0978fb7f2f;Sampled=0;lineage=7fdd2b1e:0

{
    "data": {
        "id": "86X7nIyGDkFTv7iQFYh6TEu6GCeSdfEfwwJEcaThwdF4WDx1HDRpBGj0p9ltWpEa",
        "ttl": 3600,
        "created": "2023-11-30T08:11:26.530Z",
        "userId": "653f108a396de2000acd43d4",
        "expireAt": "2023-11-30T09:11:26.530Z",
        "user": {
            "id": "653f108a396de2000acd43d4",
            "accountId": "3b2c42d4-7cee-4756-b4bd-491cacc1ae57",
            "anonymous": false,
            "autoProvisioned": false,
            "name": "thrive-ios+4",
            "locked": false,
            "partnerId": "mobile_qa_test",
            "acceptLanguage": "en-US",
            "preferredLanguage": "en",
            "source": "customCreate",
            "createdAt": "2023-10-30T02:10:18.214Z",
            "provisioningSsoAuditTrail": false,
            "_version": "1.0.0",
            "email": "thrive-ios+4@plume.com",
            "emailVerified": true,
            "firstKnownLoginTimestamp": "2023-10-30T02:15:53.570Z"
        }
    },
    "result": {
        "code": 201000,
        "message": "Successfully."
    }
}

2023-11-30 16:11:32: -----------Request----------->
POST https://thrive-dog1-usw2-api.data.plume.tech/pwb/AuthenticateWithPlumeToken

User-Agent: python-requests/2.31.0
Accept-Encoding: gzip, deflate
accept: application/json
Connection: keep-alive
Content-Type: application/json
Content-Length: 121

{
    "accessToken": "86X7nIyGDkFTv7iQFYh6TEu6GCeSdfEfwwJEcaThwdF4WDx1HDRpBGj0p9ltWpEa",
    "userId": "653f108a396de2000acd43d4"
}

2023-11-30 16:11:32: <-----------Response-----------
Status code: 200, elapsed seconds: 2.094626

Date: Thu, 30 Nov 2023 08:11:30 GMT
Content-Type: application/json
Content-Length: 3846
Connection: keep-alive
x-amzn-RequestId: 7e923de0-165c-4861-ac99-15e8ece8f556
Access-Control-Allow-Origin: *
x-amz-apigw-id: PM-DvG4oPHcEYRg=
X-Amzn-Trace-Id: Root=1-656843b1-127bb04371d45fa13cb58947;Sampled=0;lineage=144e69e0:0

{
    "data": {
        "email": "thrive-ios+4@plume.com",
        "userGroup": "admin",
        "userName": "thrive-ios+4",
        "userId": "653f108a396de2000acd43d4",
        "accessToken": "eyJraWQiOiJ1cy13ZXN0LTI0IiwidHlwIjoiSldTIiwiYWxnIjoiUlM1MTIifQ.eyJzdWIiOiJ1cy13ZXN0LTI6MjRkM2RlMTYtMjYwMy00NWIzLTk5M2MtNzRmNWIyZTQ0MmQ2IiwiYXVkIjoidXMtd2VzdC0yOjU2YzQyNDM5LWJlMmMtNDUyMy04YmUwLTEwYjU4ODVlYTczMyIsImFtciI6WyJhdXRoZW50aWNhdGVkIiwic3RhZ2luZy1wd2IucGx1bWUuY29tIiwic3RhZ2luZy1wd2IucGx1bWUuY29tOnVzLXdlc3QtMjo1NmM0MjQzOS1iZTJjLTQ1MjMtOGJlMC0xMGI1ODg1ZWE3MzM6ODZYN25JeUdEa0ZUdjdpUUZZaDZURXU2R0NlU2RmRWZ3d0pFY2FUaHdkRjRXRHgxSERScEJHajBwOWx0V3BFYSJdLCJpc3MiOiJodHRwczovL2NvZ25pdG8taWRlbnRpdHkuYW1hem9uYXdzLmNvbSIsImh0dHBzOi8vY29nbml0by1pZGVudGl0eS5hbWF6b25hd3MuY29tL2lkZW50aXR5LXBvb2wtYXJuIjoiYXJuOmF3czpjb2duaXRvLWlkZW50aXR5OnVzLXdlc3QtMjoxNDMwODk2MTA0ODI6aWRlbnRpdHlwb29sL3VzLXdlc3QtMjo1NmM0MjQzOS1iZTJjLTQ1MjMtOGJlMC0xMGI1ODg1ZWE3MzMiLCJleHAiOjE3MDE0MTgyOTAsImlhdCI6MTcwMTMzMTg5MH0.S8APLJr2A-Pd3TKWWrhhReZgEKoZPvUbcGg5xpNL1EKMwKu_0wfhUWfLg8llK7pyLudQZ8s1BPM6tj4MiKYk2L6u3WkPtTjUzDAeOeycgorJaPWCop9z_eLyI1nfXVklIcqW5ys95QoD69JFSgDGj2qlJPDPUdCRhjXxsX7z0pup_RU5iuVN6AGaTHAGmw52kwv_qBCO65NEdtPSC99Bn5G7OXDfw01C7p135Irv0sOn_7GM53yS3avWF4mTnos7h8fpSkkbJxRX3-C0XYEzVGXHH2AC1Nt4al_y4C2M6gCpNyQ86ZtCFXbD36vRvy1Vtd1kV5w9cSnlhhiV0_IULA",
        "idToken": "eyJraWQiOiJJZGVudGl0eVRva2VuU2lnbktleSIsImFsZyI6IlJTNTEyIn0%3D.eyJpc3MiOiJhd3MtbGFtYmRhIiwiZXhwIjoxNzE2ODgzODkwLCJzdWIiOiJpZC10b2tlbiIsImF1ZCI6InJpbmciLCJqdGkiOiI5OGJhMzMwZS03ZjY3LTQ0YWItOGE2Zi02ODgyNGY3ZWE3ZjAiLCJ1c2VySWQiOiI2NTNmMTA4YTM5NmRlMjAwMGFjZDQzZDQiLCJlbWFpbCI6InRocml2ZS1pb3MrNEBwbHVtZS5jb20iLCJnZW5kZXIiOiIiLCJiaXJ0aGRhdGUiOiIifQ%3D%3D.bz3kVH8qA5iQfJBuuu8zQNrbjIwdZF0GyyPw6zpIxRWuYuC1m27GtE%2FLAnnq4OIs6tf3tGGjzcwX2B%2FhC%2Fv3jRH%2F7nivDbFRi8E%2Flxt8vcIs8iflnba7LvnSC4Me6%2Fi1dEv3YhZq%2FqPjEdv5fBxErqp6ktIdQTHmlDitnNBBqBN3PTEDZmDn81Trknwn%2FQBup9wh%2BbewnCL6WedwKFv3mFxP5RFMC1MRJMSs%2FBUm5al44IUQiFzYqTG6OVtblKnRp5vrW6IUyRQc%2B3cKaFjOBVbxNNr9IHdZkVm2w%2FGMVHTBTP5TAI67PG%2FL8Hg1QclZxH%2F57AqDrUFvoS0GqIXxlsvs4bu9FqruYWjppCPi57igQ5hh8Gvl4YQM9lzO%2FutfzRMUPu4jlm0BCUinsJMPzCFj7r4vJnZF%2BVoqSSvf6qZeHtyhs8cSAoNw9SEq5d49yymiE76oG4qv0jPcC4cIwbEOE8oAqi%2B8f9YgYygKHF866UkuKapvZfygRnw5%2FnDRMt64cA%2B895CrNfO9Axn3NS%2FDPJp9gDHCSLGzBaQOMnK%2BvUeM3lfwlb4j1vDv0TPsdmHDqITw2BBmdNyu4rHAnNIY6Zn68uio%2FOZnX2m7H77xjGyeS%2FGx48nAk1fCEbn9tfqM1vkRoMypxs0gQ%2BKBVDKJ3A%2FMwtF%2FuiuXCV%2FwfV8%3D",
        "refreshToken": "eyJraWQiOiJSZWZyZXNoVG9rZW5TaWduS2V5IiwiY3R5IjoiSldUIiwiZW5jIjoiQTI1NkdDTSIsImFsZyI6IlJTNTEyIn0%3D.AQICAHgg7rlLlhJZMilo20zyx9NECjg%2F8q0XYyoRMcHYs4Nh4AH4QELYBtVf3tNrtvOo48hKAAABUTCCAU0GCSqGSIb3DQEHBqCCAT4wggE6AgEAMIIBMwYJKoZIhvcNAQcBMB4GCWCGSAFlAwQBLjARBAwnTlhal7NR6Y9zQscCARCAggEE6qz9dt%2BIBh%2FYqmaV27uPitCOAQmvoaNnzb0eW1HJ%2F1MRKsnC%2B%2BY6zaQIQXuFvWlNtsMO24GxiBrJvffqHSraZlGHn3JGgrg9Yc6K89XDWj%2FsJCmZPX%2BSeBnqQYnk%2BVYyiBToisv2L1NH4Ap86lwOdt7di%2BWO7ivCe5gAv%2F1FcsnAhNw57AJGTHOzD8govQEXAmoUj0MOSYChI60H7ClJKKGFCqqs5Qt2GI3aiw83As9qfwTAmbLlL8hgVkw0T9qtMYRfUnzImO5zP1wmWBVPqlNawI9iu69MGa6oZW5COv5E2x6XW%2F%2FWD%2BJaNhD92vLiz5M1BVgRqZRYi0PvaPS2lBNH2Qs%3D.GyEWcNOWYbttk3jUbeK3GtLF4b9uL3VVnejoEwEzUQ7pWFlcC1xPBQ%2FHcUsyLfPhPFoa6TUz9M4UR7Fy2qSNcD5YqOvLyZyPnH3OFlhQX2njYP6%2FnZc5l%2BwEf87YG67ruOkLWR0alAC1%2FhZChzMZm6xHnQaUplDD3UANnFGKil8lY6%2BdmpyhHHC8n%2F9pDHefEdckYrziativvIiwXd9CXKJlh3GWDCPzRvt4UOFeY2wCRq%2FwCd73Qzd23vZKgN7HreIqAP%2BoUP6o5zgquV9%2FUFCvVpeHSvk%2B%2BH9%2F5Zhyo2OZmLjZGzjHhs3fEvUz0FeiCJW6RtHnzJSiELhqejiF2IvipJovLMMg8NAMZJqVXUlNMnqCXOH%2BsfaUqF0bHE%2FrgJg0OPtRMX8ivdP1%2FPlxEm3PJ6rBn1o5aXY4mXt2EDd6bbz2AsSZey5nhjKOK5eoX1USHNN1coFV%2FfnPDS57hZTIftNucWT7Va3%2BXR%2F%2F6kCCf%2FmjzgISfJkEzHrIhudkybFzJ3hC78vCC3IpdDlhRmRhq8BqGzkMlXblD%2Bpz7uWcXU3BbwgasYeCLWPVQ9tA2FKpJgnrGdySuwhPlLu8zSmI5z%2FXfs1k0gSODM5c8KL2ln90jfITqLrwTnvDU560mrZtkW5OfCApU5LxeY%2Fm2MJqVAv0MEVdSTwe5wH6b4Y%3D",
        "identityId": "us-west-2:24d3de16-2603-45b3-993c-74f5b2e442d6"
    }
}

2023-11-30 16:11:36: -----------Request----------->
POST https://thrive-dog1-usw2-api.data.plume.tech/pwb/GetDailySleepInsightList

User-Agent: python-requests/2.31.0
Accept-Encoding: gzip, deflate
accept: application/json
Connection: keep-alive
Authorization: Bearer eyJraWQiOiJ1cy13ZXN0LTI0IiwidHlwIjoiSldTIiwiYWxnIjoiUlM1MTIifQ.eyJzdWIiOiJ1cy13ZXN0LTI6MjRkM2RlMTYtMjYwMy00NWIzLTk5M2MtNzRmNWIyZTQ0MmQ2IiwiYXVkIjoidXMtd2VzdC0yOjU2YzQyNDM5LWJlMmMtNDUyMy04YmUwLTEwYjU4ODVlYTczMyIsImFtciI6WyJhdXRoZW50aWNhdGVkIiwic3RhZ2luZy1wd2IucGx1bWUuY29tIiwic3RhZ2luZy1wd2IucGx1bWUuY29tOnVzLXdlc3QtMjo1NmM0MjQzOS1iZTJjLTQ1MjMtOGJlMC0xMGI1ODg1ZWE3MzM6ODZYN25JeUdEa0ZUdjdpUUZZaDZURXU2R0NlU2RmRWZ3d0pFY2FUaHdkRjRXRHgxSERScEJHajBwOWx0V3BFYSJdLCJpc3MiOiJodHRwczovL2NvZ25pdG8taWRlbnRpdHkuYW1hem9uYXdzLmNvbSIsImh0dHBzOi8vY29nbml0by1pZGVudGl0eS5hbWF6b25hd3MuY29tL2lkZW50aXR5LXBvb2wtYXJuIjoiYXJuOmF3czpjb2duaXRvLWlkZW50aXR5OnVzLXdlc3QtMjoxNDMwODk2MTA0ODI6aWRlbnRpdHlwb29sL3VzLXdlc3QtMjo1NmM0MjQzOS1iZTJjLTQ1MjMtOGJlMC0xMGI1ODg1ZWE3MzMiLCJleHAiOjE3MDE0MTgyOTAsImlhdCI6MTcwMTMzMTg5MH0.S8APLJr2A-Pd3TKWWrhhReZgEKoZPvUbcGg5xpNL1EKMwKu_0wfhUWfLg8llK7pyLudQZ8s1BPM6tj4MiKYk2L6u3WkPtTjUzDAeOeycgorJaPWCop9z_eLyI1nfXVklIcqW5ys95QoD69JFSgDGj2qlJPDPUdCRhjXxsX7z0pup_RU5iuVN6AGaTHAGmw52kwv_qBCO65NEdtPSC99Bn5G7OXDfw01C7p135Irv0sOn_7GM53yS3avWF4mTnos7h8fpSkkbJxRX3-C0XYEzVGXHH2AC1Nt4al_y4C2M6gCpNyQ86ZtCFXbD36vRvy1Vtd1kV5w9cSnlhhiV0_IULA
Content-Type: application/json
Content-Length: 134

{
    "userId": "653f108a396de2000acd43d4",
    "startTime": 1701259200,
    "endTime": 1701309600,
    "pageSize": 1,
    "startKey": "",
    "utcOffset": -8
}

2023-11-30 16:11:36: <-----------Response-----------
Status code: 200, elapsed seconds: 2.04681

Date: Thu, 30 Nov 2023 08:11:34 GMT
Content-Type: application/json
Content-Length: 580
Connection: keep-alive
x-amzn-RequestId: 24400e56-23ec-40f8-ad42-1afb67e5ddc6
Access-Control-Allow-Origin: *
x-amz-apigw-id: PM-EYH5kPHcEniQ=
X-Amzn-Trace-Id: Root=1-656843b5-647996af7587e1b7460fa7d6;Sampled=0;lineage=75671f14:0

{
    "data": {
        "userId": "653f108a396de2000acd43d4",
        "startTime": 1701259200,
        "endTime": 1701309600,
        "startKey": "",
        "dailySleepInsightList": [
            {
                "deepSleepTime": 3000,
                "awakeTime": 300,
                "remTime": 2400,
                "lightSleepTime": 12902,
                "totalSleepTime": 18302,
                "wakeUpTimes": 1,
                "userId": "653f108a396de2000acd43d4",
                "sleepDate": 1701273600,
                "timeZone": "Asia/Brunei",
                "utcOffset": 8,
                "startTime": 1701289157,
                "endTime": 1701307759,
                "maxHr": 135,
                "minHr": 59,
                "maxSpo2": 100,
                "minSpo2": 90,
                "sleepSessionId": "541d71833aca0cedad83b6a7e87eb4d8",
                "avgHr": 70,
                "avgSpo2": 99,
                "sleepScore": 4
            }
        ]
    },
    "result": {
        "code": 201000,
        "message": "Successfully."
    }
}

