2023-11-27 21:20:44: -----------Request----------->
POST https://thrive-dog1-usw2-api.data.plume.tech/pwb/PlumeCloudLogin

User-Agent: python-requests/2.31.0
Accept-Encoding: gzip, deflate
accept: application/json
Connection: keep-alive
Content-Type: application/json
Content-Length: 73

{
    "email": "thrive-ios+4@plume.com",
    "password": "plume1234",
    "ttl": 3600
}

2023-11-27 21:20:44: <-----------Response-----------
Status code: 200, elapsed seconds: 1.939769

Date: Mon, 27 Nov 2023 13:20:42 GMT
Content-Type: application/json
Content-Length: 729
Connection: keep-alive
x-amzn-RequestId: 027d039a-00ee-4217-b35e-75be75086e70
Access-Control-Allow-Origin: *
x-amz-apigw-id: PDyihE22vHcEAOg=
X-Amzn-Trace-Id: Root=1-656497a9-0605133f684cb76444999a5d;Sampled=0;lineage=7fdd2b1e:0

{
    "data": {
        "id": "0Qb0kdAcTjtszZaho0SCCg7SDLfLORD84hDWYlANhKHmiGa9uzY3tpjhRqqIWDTE",
        "ttl": 3600,
        "created": "2023-11-27T13:20:42.454Z",
        "userId": "653f108a396de2000acd43d4",
        "expireAt": "2023-11-27T14:20:42.454Z",
        "user": {
            "id": "653f108a396de2000acd43d4",
            "accountId": "3b2c42d4-7cee-4756-b4bd-491cacc1ae57",
            "anonymous": false,
            "autoProvisioned": false,
            "name": "thrive-ios+4",
            "locked": false,
            "partnerId": "mobile_qa_test",
            "acceptLanguage": "en-US",
            "preferredLanguage": "en",
            "source": "customCreate",
            "createdAt": "2023-10-30T02:10:18.214Z",
            "provisioningSsoAuditTrail": false,
            "_version": "1.0.0",
            "email": "thrive-ios+4@plume.com",
            "emailVerified": true,
            "firstKnownLoginTimestamp": "2023-10-30T02:15:53.570Z"
        }
    },
    "result": {
        "code": 201000,
        "message": "Successfully."
    }
}

2023-11-27 21:20:48: -----------Request----------->
POST https://thrive-dog1-usw2-api.data.plume.tech/pwb/AuthenticateWithPlumeToken

User-Agent: python-requests/2.31.0
Accept-Encoding: gzip, deflate
accept: application/json
Connection: keep-alive
Content-Type: application/json
Content-Length: 121

{
    "accessToken": "0Qb0kdAcTjtszZaho0SCCg7SDLfLORD84hDWYlANhKHmiGa9uzY3tpjhRqqIWDTE",
    "userId": "653f108a396de2000acd43d4"
}

2023-11-27 21:20:48: <-----------Response-----------
Status code: 200, elapsed seconds: 2.282974

Date: Mon, 27 Nov 2023 13:20:46 GMT
Content-Type: application/json
Content-Length: 3826
Connection: keep-alive
x-amzn-RequestId: 1635ba0c-ca29-4ef7-8aa4-86c72d1ac356
Access-Control-Allow-Origin: *
x-amz-apigw-id: PDyjHGolvHcEYeQ=
X-Amzn-Trace-Id: Root=1-656497ad-366bb7b93be0c1370044038c;Sampled=0;lineage=144e69e0:0

{
    "data": {
        "email": "thrive-ios+4@plume.com",
        "userGroup": "admin",
        "userName": "thrive-ios+4",
        "userId": "653f108a396de2000acd43d4",
        "accessToken": "eyJraWQiOiJ1cy13ZXN0LTI0IiwidHlwIjoiSldTIiwiYWxnIjoiUlM1MTIifQ.eyJzdWIiOiJ1cy13ZXN0LTI6MTZjOTc4NjktYWMzNi00MTk1LWIwYWUtOGJkMmQyNmY4M2NmIiwiYXVkIjoidXMtd2VzdC0yOjU2YzQyNDM5LWJlMmMtNDUyMy04YmUwLTEwYjU4ODVlYTczMyIsImFtciI6WyJhdXRoZW50aWNhdGVkIiwic3RhZ2luZy1wd2IucGx1bWUuY29tIiwic3RhZ2luZy1wd2IucGx1bWUuY29tOnVzLXdlc3QtMjo1NmM0MjQzOS1iZTJjLTQ1MjMtOGJlMC0xMGI1ODg1ZWE3MzM6MFFiMGtkQWNUanRzelphaG8wU0NDZzdTRExmTE9SRDg0aERXWWxBTmhLSG1pR2E5dXpZM3RwamhScXFJV0RURSJdLCJpc3MiOiJodHRwczovL2NvZ25pdG8taWRlbnRpdHkuYW1hem9uYXdzLmNvbSIsImh0dHBzOi8vY29nbml0by1pZGVudGl0eS5hbWF6b25hd3MuY29tL2lkZW50aXR5LXBvb2wtYXJuIjoiYXJuOmF3czpjb2duaXRvLWlkZW50aXR5OnVzLXdlc3QtMjoxNDMwODk2MTA0ODI6aWRlbnRpdHlwb29sL3VzLXdlc3QtMjo1NmM0MjQzOS1iZTJjLTQ1MjMtOGJlMC0xMGI1ODg1ZWE3MzMiLCJleHAiOjE3MDExNzc2NDYsImlhdCI6MTcwMTA5MTI0Nn0.BWFe6ho7rZFAb6v0ZQQKuQCv8ba03BsulfBiys6YqOswp8yEPx-RLRF2wUbpjQYnPPO64gBGLuDvL07HgfIf94anY4DOe2xnP1gDrdr-jTM7A1t0fEI0GZS1xKKQoz-Kt1CKQCtor53jH__vRuUE4D_37XKDml-reHIgRMAJsLrbSPRVZOwak8sb4vxjV9Md_ho5PO___tiujsleiYAqSYOHETwsSd82BA_pYlsxEjN2a-GYPG5hFuhHEMfSsgPL8-zYJqhCiA5QrJb9UA2eXp8feYEAqcNE0VwyooMyYNmlS3mqeb-FvRbYCFHBITmsVWweyA285ChtvGo8p7-Qdw",
        "idToken": "eyJraWQiOiJJZGVudGl0eVRva2VuU2lnbktleSIsImFsZyI6IlJTNTEyIn0%3D.eyJpc3MiOiJhd3MtbGFtYmRhIiwiZXhwIjoxNzE2NjQzMjQ2LCJzdWIiOiJpZC10b2tlbiIsImF1ZCI6InJpbmciLCJqdGkiOiIxNzI2YWQwNS1jMjAxLTRiYmQtYWQ3ZC03NTlkNDg4ODVlNGIiLCJ1c2VySWQiOiI2NTNmMTA4YTM5NmRlMjAwMGFjZDQzZDQiLCJlbWFpbCI6InRocml2ZS1pb3MrNEBwbHVtZS5jb20iLCJnZW5kZXIiOiIiLCJiaXJ0aGRhdGUiOiIifQ%3D%3D.QhbR%2B0H0vU5FbuFJRg%2FjUckt9B%2FBxutkYM4gIri3ZSd6%2F1oWe942CryZqxTEUM7nDbwxUN4cgEXun6sh00yQnvpvf1gxGrEKmjdQeN6nw63RaX3BpiiGhU7mn0mQXPDLyjeMTgTwyc7pJH2MXVecfwR13oGfp5HqgeL3r3GRk3J8v9%2BE80JiuwURFWTeEqg0Sdpv5JhNst%2B9BI2qd%2FpA3L1dmdFmcEy2NK2UTGYlKc1DVKogn6iYQEI8v2mGnibuHAPhg7Cn9Bl3BUN4cxQdKtSL3tad6NY4z3bmL6j0LUv4XCei5MncNlf%2F47qVXJutqgOBIRcI5%2FU19wstFekHPZPHg4UK3nxFSc8XcOmYi9h79q3JTda81UB6vOCoCw2CNSNT6IDKTOiES1vE6J7Rvd5Z1JzNVMx6ITsgt8eR2ioY79qKC8UGE5CNkP9ndvqmmSuiastWoSsxdKCjqvDnDLtik4dW9qNkyJeraueFMVvW9cX0TLIZUxq6JWWkL4k%2B96iKM%2BPnk%2F2BbncA5p7HZr7h%2FnEss%2FQYuNOemJGJcKM7GBQgdCM%2FCvvNgZckw5lwAkiMgX%2Ftyd7x0bM4taz3OftbV%2FPyLsaevqZkPywRpYcNYHRAUiwZLzVPB5IZzYw5RuYf7uvhNu69yD2Xg%2FhyZH%2BdBoP2O32A5ojYaJxttpM%3D",
        "refreshToken": "eyJraWQiOiJSZWZyZXNoVG9rZW5TaWduS2V5IiwiY3R5IjoiSldUIiwiZW5jIjoiQTI1NkdDTSIsImFsZyI6IlJTNTEyIn0%3D.AQICAHgg7rlLlhJZMilo20zyx9NECjg%2F8q0XYyoRMcHYs4Nh4AHK1h3%2B6PnNG2cQsM4ohOwIAAABUTCCAU0GCSqGSIb3DQEHBqCCAT4wggE6AgEAMIIBMwYJKoZIhvcNAQcBMB4GCWCGSAFlAwQBLjARBAyBamBJQYs%2BfGzppPUCARCAggEEzzH%2BsQMExUPqF%2BS9OZdJWgRgrJ55p0ovEX1SABYNxY7q1MQQ1vfNOIoBoVtQ5KlVZZ0aYh2d6W12KTxOUp6f30lR6qv%2BBCvobKTmhs11u9YvY4LLMMZX74o5GYvmRTUlhibHYJcatuyBwqD9Zh4kFsOwHBRyoGC7ZVfBoM4DG%2B1CVkWHJB51Uj5HiWTGceiHz%2BPN9LIHsm2pzD9u7t7nYecSl0Ng0UhGmNl0wzqt8v5CG4xloh2%2BA5t58wjXQ3DF0Ca9K9i4L6t%2BugqiskjN6YEpExcrbCOMkNWKaSL49oONOJetV9eu6zJnxxP302pKaoGq%2BN8VFFSCFzxWjbhAG6kmM%2Bw%3D.gXUWwNHbZLjBtJlASFpKWmhNpF%2FGCJ8LS2bwdOM5SDLgxkmXK4SWX6%2FoZhUTYJCYnDMkQgFf%2BWWetHNREtOJDscWwTiLtxsx5veAjjAcWjhJRt6jLuFI7Cp94RdQJxRW8YsRMdGFG2XIWU3M%2FBBMgKxioeq%2FAV0GoE6mAXIdPIwg2xFU3gkrAM0dCftEaPcA8MDsNS5HqA0xj6oVY6EoEnt%2BJSJ67sk9tPJEApR8WBSWVFTvDxmkRylFlwvuwM%2FKlvDQVMFUX%2Fl141o3yFoGtB4N2eIBETPt6E27GUxSqnvzfZu6WvhQ5Jg5h36N%2BPUHlzfhNbvjCbU63Cl0VyhZ8%2BKsvDUba%2FHxImjjSxHQrgGiQVKr7oxJuc4iJX5zXl%2FDEhqd%2FgJS5jxHRN8Ewt9EhikJWM8GdazTQotjJqGt8MQ%2B2oB4Sw24uazA5d8cvI0GNHVFDUyc6MwUHIYRWaCZpTJG21sTO%2B87nq8%2BtEfNY9j01Jdgvg3vgOJZZ7WPfd2gt34a5g1iHkHOa0hzDcII7%2FcPm3lDmE4BKQB3B4P46l6tsJQYdDGTxUSeoIy2YdY2eCorqkrv0y%2BZgzUQhKKqttPW1MxFhUGNZOkYI1rEnWxqU4%2FUnQXCG7U0ZObM%2FI7QPHOvLXTGRmkMjmfDKgqOAlZD7Yd4Vf%2Fqb%2Fo%2F155JmlA%3D",
        "identityId": "us-west-2:16c97869-ac36-4195-b0ae-8bd2d26f83cf"
    }
}

2023-11-27 21:20:54: -----------Request----------->
POST https://thrive-dog1-usw2-api.data.plume.tech/pwb/GetFitnessInsightSummary

User-Agent: python-requests/2.31.0
Accept-Encoding: gzip, deflate
accept: application/json
Connection: keep-alive
Authorization: Bearer eyJraWQiOiJ1cy13ZXN0LTI0IiwidHlwIjoiSldTIiwiYWxnIjoiUlM1MTIifQ.eyJzdWIiOiJ1cy13ZXN0LTI6MTZjOTc4NjktYWMzNi00MTk1LWIwYWUtOGJkMmQyNmY4M2NmIiwiYXVkIjoidXMtd2VzdC0yOjU2YzQyNDM5LWJlMmMtNDUyMy04YmUwLTEwYjU4ODVlYTczMyIsImFtciI6WyJhdXRoZW50aWNhdGVkIiwic3RhZ2luZy1wd2IucGx1bWUuY29tIiwic3RhZ2luZy1wd2IucGx1bWUuY29tOnVzLXdlc3QtMjo1NmM0MjQzOS1iZTJjLTQ1MjMtOGJlMC0xMGI1ODg1ZWE3MzM6MFFiMGtkQWNUanRzelphaG8wU0NDZzdTRExmTE9SRDg0aERXWWxBTmhLSG1pR2E5dXpZM3RwamhScXFJV0RURSJdLCJpc3MiOiJodHRwczovL2NvZ25pdG8taWRlbnRpdHkuYW1hem9uYXdzLmNvbSIsImh0dHBzOi8vY29nbml0by1pZGVudGl0eS5hbWF6b25hd3MuY29tL2lkZW50aXR5LXBvb2wtYXJuIjoiYXJuOmF3czpjb2duaXRvLWlkZW50aXR5OnVzLXdlc3QtMjoxNDMwODk2MTA0ODI6aWRlbnRpdHlwb29sL3VzLXdlc3QtMjo1NmM0MjQzOS1iZTJjLTQ1MjMtOGJlMC0xMGI1ODg1ZWE3MzMiLCJleHAiOjE3MDExNzc2NDYsImlhdCI6MTcwMTA5MTI0Nn0.BWFe6ho7rZFAb6v0ZQQKuQCv8ba03BsulfBiys6YqOswp8yEPx-RLRF2wUbpjQYnPPO64gBGLuDvL07HgfIf94anY4DOe2xnP1gDrdr-jTM7A1t0fEI0GZS1xKKQoz-Kt1CKQCtor53jH__vRuUE4D_37XKDml-reHIgRMAJsLrbSPRVZOwak8sb4vxjV9Md_ho5PO___tiujsleiYAqSYOHETwsSd82BA_pYlsxEjN2a-GYPG5hFuhHEMfSsgPL8-zYJqhCiA5QrJb9UA2eXp8feYEAqcNE0VwyooMyYNmlS3mqeb-FvRbYCFHBITmsVWweyA285ChtvGo8p7-Qdw
Content-Type: application/json
Content-Length: 125

{
    "userId": "653f108a396de2000acd43d4",
    "startTime": 1701014400,
    "endTime": 1701100799,
    "interval": "day",
    "utcTimeOffset": 8
}

2023-11-27 21:20:54: <-----------Response-----------
Status code: 200, elapsed seconds: 3.205435

Date: Mon, 27 Nov 2023 13:20:52 GMT
Content-Type: application/json
Content-Length: 391
Connection: keep-alive
x-amzn-RequestId: cd665722-19fa-4300-83cb-077d82852782
Access-Control-Allow-Origin: *
x-amz-apigw-id: PDyjyG6uPHcEo0g=
X-Amzn-Trace-Id: Root=1-656497b1-595e0e25481d12516e3b4417;Sampled=0;lineage=7f669d97:0

{
    "data": {
        "userId": "653f108a396de2000acd43d4",
        "startTime": 1701014400,
        "endTime": 1701100799,
        "utcTimeOffset": 8,
        "fitnessInsightList": [
            {
                "userId": "653f108a396de2000acd43d4",
                "intervalStartTime": 1701014400,
                "interval": "day",
                "stepCount": 1019,
                "activeMinutes": 7,
                "highHrRate": 144,
                "lowHrRate": 55,
                "avgHrRate": 79,
                "highSpo2": 100,
                "lowSpo2": 90,
                "avgSpo2": 98
            }
        ]
    },
    "result": {
        "code": 201000,
        "message": "Successfully."
    }
}

