2023-12-14 12:09:17: -----------Request----------->
POST https://thrive-dog1-usw2-api.data.plume.tech/pwb/PlumeCloudLogin

User-Agent: python-requests/2.31.0
Accept-Encoding: gzip, deflate
accept: application/json
Connection: keep-alive
Content-Type: application/json
Content-Length: 73

{
    "email": "thrive-ios+4@plume.com",
    "password": "plume1234",
    "ttl": 3600
}

2023-12-14 12:09:17: <-----------Response-----------
Status code: 200, elapsed seconds: 1.757174

Date: Thu, 14 Dec 2023 04:09:15 GMT
Content-Type: application/json
Content-Length: 729
Connection: keep-alive
x-amzn-RequestId: 26287233-b830-4fc2-96b5-2bc5a38ea4a0
Access-Control-Allow-Origin: *
x-amz-apigw-id: P6jsnFZRPHcEPIg=
X-Amzn-Trace-Id: Root=1-657a7fea-2246aa8032d4319c5b8eb4b2;Sampled=0;lineage=7fdd2b1e:0

{
    "data": {
        "id": "bpCnnSOF3XzLMEvn29F2V7ziGXYpuF8Kkk060Wi2sdtQSjapzPGRJCAXkaWQFPRd",
        "ttl": 3600,
        "created": "2023-12-14T04:09:14.520Z",
        "userId": "653f108a396de2000acd43d4",
        "expireAt": "2023-12-14T05:09:14.520Z",
        "user": {
            "id": "653f108a396de2000acd43d4",
            "accountId": "3b2c42d4-7cee-4756-b4bd-491cacc1ae57",
            "anonymous": false,
            "autoProvisioned": false,
            "name": "thrive-ios+4",
            "locked": false,
            "partnerId": "mobile_qa_test",
            "acceptLanguage": "en-US",
            "preferredLanguage": "en",
            "source": "customCreate",
            "createdAt": "2023-10-30T02:10:18.214Z",
            "provisioningSsoAuditTrail": false,
            "_version": "1.0.0",
            "email": "thrive-ios+4@plume.com",
            "emailVerified": true,
            "firstKnownLoginTimestamp": "2023-10-30T02:15:53.570Z"
        }
    },
    "result": {
        "code": 201000,
        "message": "Successfully."
    }
}

2023-12-14 12:09:21: -----------Request----------->
POST https://thrive-dog1-usw2-api.data.plume.tech/pwb/AuthenticateWithPlumeToken

User-Agent: python-requests/2.31.0
Accept-Encoding: gzip, deflate
accept: application/json
Connection: keep-alive
Content-Type: application/json
Content-Length: 121

{
    "accessToken": "bpCnnSOF3XzLMEvn29F2V7ziGXYpuF8Kkk060Wi2sdtQSjapzPGRJCAXkaWQFPRd",
    "userId": "653f108a396de2000acd43d4"
}

2023-12-14 12:09:21: <-----------Response-----------
Status code: 200, elapsed seconds: 2.304973

Date: Thu, 14 Dec 2023 04:09:19 GMT
Content-Type: application/json
Content-Length: 3836
Connection: keep-alive
x-amzn-RequestId: f0d87e53-b321-442d-82e2-c57558da542b
Access-Control-Allow-Origin: *
x-amz-apigw-id: P6jtMHhnvHcEkeA=
X-Amzn-Trace-Id: Root=1-657a7fed-1838e78b1984df585c068238;Sampled=0;lineage=144e69e0:0

{
    "data": {
        "email": "thrive-ios+4@plume.com",
        "userGroup": "admin",
        "userName": "thrive-ios+4",
        "userId": "653f108a396de2000acd43d4",
        "accessToken": "eyJraWQiOiJ1cy13ZXN0LTI0IiwidHlwIjoiSldTIiwiYWxnIjoiUlM1MTIifQ.eyJzdWIiOiJ1cy13ZXN0LTI6NzFhNWI0NmUtZDQyZS00OWQ4LTkxOGEtODE0ODY5NjAwM2U5IiwiYXVkIjoidXMtd2VzdC0yOjU2YzQyNDM5LWJlMmMtNDUyMy04YmUwLTEwYjU4ODVlYTczMyIsImFtciI6WyJhdXRoZW50aWNhdGVkIiwic3RhZ2luZy1wd2IucGx1bWUuY29tIiwic3RhZ2luZy1wd2IucGx1bWUuY29tOnVzLXdlc3QtMjo1NmM0MjQzOS1iZTJjLTQ1MjMtOGJlMC0xMGI1ODg1ZWE3MzM6YnBDbm5TT0YzWHpMTUV2bjI5RjJWN3ppR1hZcHVGOEtrazA2MFdpMnNkdFFTamFwelBHUkpDQVhrYVdRRlBSZCJdLCJpc3MiOiJodHRwczovL2NvZ25pdG8taWRlbnRpdHkuYW1hem9uYXdzLmNvbSIsImh0dHBzOi8vY29nbml0by1pZGVudGl0eS5hbWF6b25hd3MuY29tL2lkZW50aXR5LXBvb2wtYXJuIjoiYXJuOmF3czpjb2duaXRvLWlkZW50aXR5OnVzLXdlc3QtMjoxNDMwODk2MTA0ODI6aWRlbnRpdHlwb29sL3VzLXdlc3QtMjo1NmM0MjQzOS1iZTJjLTQ1MjMtOGJlMC0xMGI1ODg1ZWE3MzMiLCJleHAiOjE3MDI2MTMzNTgsImlhdCI6MTcwMjUyNjk1OH0.RWtYP5sPOnCRa62oz6rZdSFwV0gldvGkp09SLIjqmyhxg16-iK6lROG6bW1nAm3Abe70pumyE2ssuMrWovGOI8R9gMVzCPJgfTed00x2-cytJm7S_kWBBAQ0AS6CijvzyZgZ71ZFbusY2ddy6hlDr_MAbdalSH6WCmM2j6g20PzihmeN_YhjhfPSP0wbPWOMggCMeTmFt_6KY1j6YmpUBZ3L0q1-DqdrBwxIHhqWtTt7EEPnZpAo3hzB6N710DlemCwLcPXy0aWu039Yl8cMsYDVp7xQ04oBquO3PoCv3x1t1gVYdD9dnXnAIzhQFUjYGzf7egn3XLZd2j5Ug6RIEg",
        "idToken": "eyJraWQiOiJJZGVudGl0eVRva2VuU2lnbktleSIsImFsZyI6IlJTNTEyIn0%3D.eyJpc3MiOiJhd3MtbGFtYmRhIiwiZXhwIjoxNzE4MDc4OTU5LCJzdWIiOiJpZC10b2tlbiIsImF1ZCI6InJpbmciLCJqdGkiOiI3MjcyZDAxNy02MTI4LTRhYWMtYjgzZi1mMGVlZDkwMWViZjIiLCJ1c2VySWQiOiI2NTNmMTA4YTM5NmRlMjAwMGFjZDQzZDQiLCJlbWFpbCI6InRocml2ZS1pb3MrNEBwbHVtZS5jb20iLCJnZW5kZXIiOiIiLCJiaXJ0aGRhdGUiOiIifQ%3D%3D.SeigP1QfNbYnEKzG6V3N3PL3jw%2FD41JKAwXPYU26%2FEiERZ8IxnW7RpfYfQf55DAgZ2VjuB6n7TgeE4vIlSP%2Fb0C84z9E6R0%2BxvxpeT3K85jLB9EWw%2FAUpyq%2F5SRg8jFhvpg5NziMSG%2B9hANNckz1nFL8EXHIptRDOeHIqzyXoc39IxuZdkMobB5nv5O4F%2BDi2lEyJaR0Lv9FQj6D%2FNrTq7%2FtHY%2FUEpahwYgHpLQBSsScZDibwnKPi4U%2Bp%2BBOy3bEnzt%2FZ6QhRW50qe9TTTEmB1ZavjKKTZqjXKCgkGXNpDKUV%2FMg6HKosbytm85WUoyGYflpVBA2vzc01t0jDmtSXmene5rVCPSYgsAOcldEn6Qapqo16u14GzRaB4A20DDgDdqKgpWzhhFkFTNeuJhWgYRapgWW72PvPQm6XGwo%2BkyTstFV3ZIvIfiXwEAEnVAWcUTKwuGLQZcYqvc4V30hGOh0NSXQ%2Fx4J%2FUZbOSxaEaNMHV9uTGuUQeyMN2x%2FqdyQVmU6SoRCs5zjjSutxxJcEDY7Ve1%2FDDBWjhaMPXco6MPmoQho%2FFmgErFAQ%2FN7Nkikx5PZ2Rw9s%2Bsv%2F7JQsh%2B72HR8p1%2F8D55uJO2VRW5szCh7tSk58HlCwjQmRhoy3stBwbQNtgmsCEbgVpltZ8C92I%2FA7dNFaEJdkkNJXlOS%2B6w%3D",
        "refreshToken": "eyJraWQiOiJSZWZyZXNoVG9rZW5TaWduS2V5IiwiY3R5IjoiSldUIiwiZW5jIjoiQTI1NkdDTSIsImFsZyI6IlJTNTEyIn0%3D.AQICAHgg7rlLlhJZMilo20zyx9NECjg%2F8q0XYyoRMcHYs4Nh4AEQhm1gYzFnmEKnJLNqMaSUAAABUTCCAU0GCSqGSIb3DQEHBqCCAT4wggE6AgEAMIIBMwYJKoZIhvcNAQcBMB4GCWCGSAFlAwQBLjARBAywXKTvNYeCkzQbMrgCARCAggEEzhXA3UTVAhnV%2BWRgyourjJT%2BQ8ClHrWXHngxm4kMfk3WJhOFkAZ9nKJGd39ujDT%2Fkoq7v3lEFQClFFsNULKsxNDeC9AvWOF4l84TWHUTXzVf5yflMGg6%2FhGxgh%2FpOzhCc9E%2F6g6EX8IH2RAGgyRMeieVWBmOcp2EYp%2BBKi%2BZAyROse9EiHh237NfPfox6kO3qO79nvnREh64rSkl4rMO%2B%2Fs%2BXwg7z7xxKykzNRKkPTo4Rn0Oz1wwDyKzeYM7yrAJJce81YA0LegUpt9ajneuUTQJJHnmNrXnacQBj8S3mKdB4ZIQVlmo5as%2FeT68zt%2FFV%2B74HTXvyAKtQB0B09CpbCAWC88%3D.pbdhyw6BRZSxgW7Qo6Svbx7BN%2B4InCLL3KhyaaGP4RTKB0yN%2FBiJURImxHzrczKqGHn60XWjVUr0O4CErEjhjawEe%2BPlz67HaPBzz7%2FaJW7gsh%2BO7kqEyHoARwdviGPdQqN6Licdf0CDagDes6s1hz4fC0cqz9GOvkRQNVIMZxc0aa2l78BJFBGjW%2F2xuKYV8LAffa8pqjJXj7FpMXpvEzARD8OePhbGVoB1dyApFFTrswpxJbl62aOP%2BnpKdVn3%2BLadPPj6Gu9q9uaftTMHxxKnyRhMlxmABdf%2FLy7fenK4hXTXVTvtziUoNHreeXNkCjUaMZh2Nlg5ijUYBD3h9GYtWEDpXwpX%2FVzzDhw25Zyoy18MJA%2FbQ5Sa%2FerQVWwZYn5PwOmLbvgeSGJy05gs%2BxejyvuHMVlTMLQBoUcy3MjBSkxiP5R8HjHIbuKKGd7XnXw6ckP0RVFTDsk%2BIp0o875tuIwF8oQk9myJbvTzb2I2heTjPBbu3KVqxL3%2BvTBNnLIKuW0WdL9kjBjM100Ljz909Y2VhH3iZqBRKB3uQmY5gqwPKHYJVNogf9QXOBXFq4np%2ByACp3MMWn1bPg91lk3Q6OJoKZ6ailqzV2YZZn9g3eLFNs01QvLYxl7gWDL5JXRAbG7C0k6hfFDAjH5NlYTxQSHvUBCLWwJnZ20zkzo%3D",
        "identityId": "us-west-2:71a5b46e-d42e-49d8-918a-8148696003e9"
    }
}

2023-12-14 12:09:28: -----------Request----------->
POST https://thrive-dog1-usw2-api.data.plume.tech/pwb/GetFallEventSummary

User-Agent: python-requests/2.31.0
Accept-Encoding: gzip, deflate
accept: application/json
Connection: keep-alive
Authorization: Bearer eyJraWQiOiJ1cy13ZXN0LTI0IiwidHlwIjoiSldTIiwiYWxnIjoiUlM1MTIifQ.eyJzdWIiOiJ1cy13ZXN0LTI6NzFhNWI0NmUtZDQyZS00OWQ4LTkxOGEtODE0ODY5NjAwM2U5IiwiYXVkIjoidXMtd2VzdC0yOjU2YzQyNDM5LWJlMmMtNDUyMy04YmUwLTEwYjU4ODVlYTczMyIsImFtciI6WyJhdXRoZW50aWNhdGVkIiwic3RhZ2luZy1wd2IucGx1bWUuY29tIiwic3RhZ2luZy1wd2IucGx1bWUuY29tOnVzLXdlc3QtMjo1NmM0MjQzOS1iZTJjLTQ1MjMtOGJlMC0xMGI1ODg1ZWE3MzM6YnBDbm5TT0YzWHpMTUV2bjI5RjJWN3ppR1hZcHVGOEtrazA2MFdpMnNkdFFTamFwelBHUkpDQVhrYVdRRlBSZCJdLCJpc3MiOiJodHRwczovL2NvZ25pdG8taWRlbnRpdHkuYW1hem9uYXdzLmNvbSIsImh0dHBzOi8vY29nbml0by1pZGVudGl0eS5hbWF6b25hd3MuY29tL2lkZW50aXR5LXBvb2wtYXJuIjoiYXJuOmF3czpjb2duaXRvLWlkZW50aXR5OnVzLXdlc3QtMjoxNDMwODk2MTA0ODI6aWRlbnRpdHlwb29sL3VzLXdlc3QtMjo1NmM0MjQzOS1iZTJjLTQ1MjMtOGJlMC0xMGI1ODg1ZWE3MzMiLCJleHAiOjE3MDI2MTMzNTgsImlhdCI6MTcwMjUyNjk1OH0.RWtYP5sPOnCRa62oz6rZdSFwV0gldvGkp09SLIjqmyhxg16-iK6lROG6bW1nAm3Abe70pumyE2ssuMrWovGOI8R9gMVzCPJgfTed00x2-cytJm7S_kWBBAQ0AS6CijvzyZgZ71ZFbusY2ddy6hlDr_MAbdalSH6WCmM2j6g20PzihmeN_YhjhfPSP0wbPWOMggCMeTmFt_6KY1j6YmpUBZ3L0q1-DqdrBwxIHhqWtTt7EEPnZpAo3hzB6N710DlemCwLcPXy0aWu039Yl8cMsYDVp7xQ04oBquO3PoCv3x1t1gVYdD9dnXnAIzhQFUjYGzf7egn3XLZd2j5Ug6RIEg
Content-Type: application/json
Content-Length: 125

{
    "userId": "653f108a396de2000acd43d4",
    "startTime": 1702483200,
    "endTime": 1702569599,
    "interval": "day",
    "utcTimeOffset": 8
}

2023-12-14 12:09:28: <-----------Response-----------
Status code: 200, elapsed seconds: 4.739326

Date: Thu, 14 Dec 2023 04:09:26 GMT
Content-Type: application/json
Content-Length: 215
Connection: keep-alive
x-amzn-RequestId: 339049ec-ee9b-48b8-9d5e-2b1659c6709d
Access-Control-Allow-Origin: *
x-amz-apigw-id: P6jt9HGsPHcEXEQ=
X-Amzn-Trace-Id: Root=1-657a7ff2-1dd615e7027175b840c61037;Sampled=0;lineage=f38effcc:0

{
    "data": {
        "userId": "653f108a396de2000acd43d4",
        "startTime": 1702483200,
        "endTime": 1702569599,
        "utcTimeOffset": 8,
        "fallCountList": [
            {
                "fallCount": 1,
                "fallDate": 1702483200
            }
        ]
    },
    "result": {
        "code": 201000,
        "message": "Successfully."
    }
}

