2023-12-14 10:21:44: -----------Request----------->
POST https://thrive-dog1-usw2-api.data.plume.tech/pwb/PlumeCloudLogin

User-Agent: python-requests/2.31.0
Accept-Encoding: gzip, deflate
accept: application/json
Connection: keep-alive
Content-Type: application/json
Content-Length: 73

{
    "email": "thrive-ios+4@plume.com",
    "password": "plume1234",
    "ttl": 3600
}

2023-12-14 10:21:44: <-----------Response-----------
Status code: 200, elapsed seconds: 1.091511

Date: Thu, 14 Dec 2023 02:21:42 GMT
Content-Type: application/json
Content-Length: 729
Connection: keep-alive
x-amzn-RequestId: 1922a7b2-6bee-42c6-9d5d-ebdfb905604c
Access-Control-Allow-Origin: *
x-amz-apigw-id: P6T8fGrfPHcEllA=
X-Amzn-Trace-Id: Root=1-657a66b6-59dc23bd67bdd28a64105b34;Sampled=0;lineage=7fdd2b1e:0

{
    "data": {
        "id": "Ww3FjaQGbLq1Br3HeHrkgty79khPSNfkGDfC2EiNIlzqDloCuN6TZEBc1mbDpFUS",
        "ttl": 3600,
        "created": "2023-12-14T02:21:41.632Z",
        "userId": "653f108a396de2000acd43d4",
        "expireAt": "2023-12-14T03:21:41.632Z",
        "user": {
            "id": "653f108a396de2000acd43d4",
            "accountId": "3b2c42d4-7cee-4756-b4bd-491cacc1ae57",
            "anonymous": false,
            "autoProvisioned": false,
            "name": "thrive-ios+4",
            "locked": false,
            "partnerId": "mobile_qa_test",
            "acceptLanguage": "en-US",
            "preferredLanguage": "en",
            "source": "customCreate",
            "createdAt": "2023-10-30T02:10:18.214Z",
            "provisioningSsoAuditTrail": false,
            "_version": "1.0.0",
            "email": "thrive-ios+4@plume.com",
            "emailVerified": true,
            "firstKnownLoginTimestamp": "2023-10-30T02:15:53.570Z"
        }
    },
    "result": {
        "code": 201000,
        "message": "Successfully."
    }
}

2023-12-14 10:21:47: -----------Request----------->
POST https://thrive-dog1-usw2-api.data.plume.tech/pwb/AuthenticateWithPlumeToken

User-Agent: python-requests/2.31.0
Accept-Encoding: gzip, deflate
accept: application/json
Connection: keep-alive
Content-Type: application/json
Content-Length: 121

{
    "accessToken": "Ww3FjaQGbLq1Br3HeHrkgty79khPSNfkGDfC2EiNIlzqDloCuN6TZEBc1mbDpFUS",
    "userId": "653f108a396de2000acd43d4"
}

2023-12-14 10:21:47: <-----------Response-----------
Status code: 200, elapsed seconds: 1.244973

Date: Thu, 14 Dec 2023 02:21:45 GMT
Content-Type: application/json
Content-Length: 3822
Connection: keep-alive
x-amzn-RequestId: 78d88f6c-3277-428e-888b-1c1a86b62d47
Access-Control-Allow-Origin: *
x-amz-apigw-id: P6T87HyWvHcEnBw=
X-Amzn-Trace-Id: Root=1-657a66b8-732f1bd80672e1b514a0c64b;Sampled=0;lineage=144e69e0:0

{
    "data": {
        "email": "thrive-ios+4@plume.com",
        "userGroup": "admin",
        "userName": "thrive-ios+4",
        "userId": "653f108a396de2000acd43d4",
        "accessToken": "eyJraWQiOiJ1cy13ZXN0LTI0IiwidHlwIjoiSldTIiwiYWxnIjoiUlM1MTIifQ.eyJzdWIiOiJ1cy13ZXN0LTI6MGQzNWY2OGEtNmVlNC00ODIyLWJjYzQtNTgzNzAyNGIzNjk1IiwiYXVkIjoidXMtd2VzdC0yOjU2YzQyNDM5LWJlMmMtNDUyMy04YmUwLTEwYjU4ODVlYTczMyIsImFtciI6WyJhdXRoZW50aWNhdGVkIiwic3RhZ2luZy1wd2IucGx1bWUuY29tIiwic3RhZ2luZy1wd2IucGx1bWUuY29tOnVzLXdlc3QtMjo1NmM0MjQzOS1iZTJjLTQ1MjMtOGJlMC0xMGI1ODg1ZWE3MzM6V3czRmphUUdiTHExQnIzSGVIcmtndHk3OWtoUFNOZmtHRGZDMkVpTklsenFEbG9DdU42VFpFQmMxbWJEcEZVUyJdLCJpc3MiOiJodHRwczovL2NvZ25pdG8taWRlbnRpdHkuYW1hem9uYXdzLmNvbSIsImh0dHBzOi8vY29nbml0by1pZGVudGl0eS5hbWF6b25hd3MuY29tL2lkZW50aXR5LXBvb2wtYXJuIjoiYXJuOmF3czpjb2duaXRvLWlkZW50aXR5OnVzLXdlc3QtMjoxNDMwODk2MTA0ODI6aWRlbnRpdHlwb29sL3VzLXdlc3QtMjo1NmM0MjQzOS1iZTJjLTQ1MjMtOGJlMC0xMGI1ODg1ZWE3MzMiLCJleHAiOjE3MDI2MDY5MDUsImlhdCI6MTcwMjUyMDUwNX0.b7cmtmRq9LBfl9yvWfrTfMrUNXAU3AMUVFs549p8PW4_o5tSQEGRbb65UnOK2SrOAUX565ILH7W4FpVzWDEYQberaTG9LsDFXpJvd3KohqzkrIIC_YGwBVpu_n8xirY1I7vvKuKG6GeCjj522wXnaNoRfFfhC1NqRUUdiV1UP7AsNEuaqN0T4UXEmVaAyTfAZqPA80t1FQZYptIjzKPBH2WjJRh-lp8T2Y3OS7uISRzPnMun3XBRbgTLWc9nqKwpcDqqBGdAS8MyCPksbE5uyvx5BTTJ6CerjnhMLAnh_brS3xPAMnbIpXK6KZsqsY-Xa3GLbdGlNX_Aw9Ut_Nn60A",
        "idToken": "eyJraWQiOiJJZGVudGl0eVRva2VuU2lnbktleSIsImFsZyI6IlJTNTEyIn0%3D.eyJpc3MiOiJhd3MtbGFtYmRhIiwiZXhwIjoxNzE4MDcyNTA1LCJzdWIiOiJpZC10b2tlbiIsImF1ZCI6InJpbmciLCJqdGkiOiJkZGQ3MTI4Yi03NzNkLTQxZGUtYjA3Zi1jZjMzMjUwNjlmNjMiLCJ1c2VySWQiOiI2NTNmMTA4YTM5NmRlMjAwMGFjZDQzZDQiLCJlbWFpbCI6InRocml2ZS1pb3MrNEBwbHVtZS5jb20iLCJnZW5kZXIiOiIiLCJiaXJ0aGRhdGUiOiIifQ%3D%3D.DUmKLdsqeqJyzC6mztxhHWX3tV%2BNYlzsobBP1Z2tynj176jHqdkraq27HQAh%2BxPbqLJSzyWugsbTXI1NzeyAhmODvhQz%2B28cqpX7DDaIMqsu0fqJXTtWCcnUj6GF%2BD%2FnQ95MBfB8vp9HFSMHq3f92ibrgsVOKztdq1lAjo3umfsQYkMKTCRK0PK7QYz8dNMb8DWNlBCH96qXIpGAvr%2B3ASLxC%2BqU2%2B0lr9Jb2XGlIrc92pgq1rGQIUTEV4KneQT7bvOp9k%2F3%2F5TkNcQQUlZlE6tOaDi%2BPIesud6iDVsOtEhgKdIaxuQbyAQI9iGaG5hUl80gnt7aHGC2NyV5je9fVr0LqIqU7ynYMeH5pjJt2rOdCVsaZOwTUbMBgX4zvlQlM3z0Vn3cG63PtD6YTGhJbcJGdO10V66Ka%2B0BLRLa8f61yxFZBtYYKvrs81s6Ikc3bXyvdxTQBvPczI7rI0DHlYOVot9UWQR0hj8cxOd4PTWDCPqv8jGWh9vuIbUC8OBONY0rIURp22UDzwUmkZyYA5Z4F%2B5p4qAqVvGaZ%2BU0oJTlRSrI5AgXMGUY87WJlt5tk%2BcbynEw5M6oTrdiXhfiZvhQxFxsZnjPBvLj4bGJgQAMXj54lIdY8GBQ%2BVT9a2PbmBYWxIHS1zbLhh0Yc%2FpNRGFlLAP0JbC2RwJXb12iAj4%3D",
        "refreshToken": "eyJraWQiOiJSZWZyZXNoVG9rZW5TaWduS2V5IiwiY3R5IjoiSldUIiwiZW5jIjoiQTI1NkdDTSIsImFsZyI6IlJTNTEyIn0%3D.AQICAHgg7rlLlhJZMilo20zyx9NECjg%2F8q0XYyoRMcHYs4Nh4AECSsF6UA5TUXo%2FJM1CTLPQAAABUTCCAU0GCSqGSIb3DQEHBqCCAT4wggE6AgEAMIIBMwYJKoZIhvcNAQcBMB4GCWCGSAFlAwQBLjARBAzIugmzb62cyLn%2Fm5QCARCAggEEJWNlJJ7fe7BQAG3rsI3ruoBq14zxPbASVslon0tM3zMSo4ICAdoYPAtTkdSrRcTpSqJM8M38MxKWMMfAT6%2FiiZbhTxVgvNXzyrVUAFf1xSDpDd%2BjIwuTA3N3bFLAJwJyHFWmpc6FwVWvur5yBTR%2BuaTJCOZIb93Aaof4yi9JrPGPjT%2BfujHM5VrgmeSAD4Kxa5d1amrp%2Bh42pf8vUI3lRhEhFQHQljrcxYjzsBB28o8DvTUPQ9g0Qk5XgUacQWUFtP6cjq6mMvSVsWXdZ3EuB3%2BGW8p0Cbt%2FzoiE%2Fk5817hj8wx173BfSBwYl74D0ziuGOAjkP6uw5FegFv7XzuvNFInzJk%3D.g6R%2BPx%2FrHI66sWwplEZtuzXL4XO49vgZC1dYniQGc6vaD1O5o2EWo3MgT3YfvXI0cGJlWyjLUDTkZeVGdRZGuzFSDSvipQPG1L3C0QuojiyZR2DkB2tblEwyLzzLkh7dNhH9R1QRminb7%2FGBguAequzzjpx51%2BqLWKqSW%2Faf4HuZxpJ9YbCq5gtj3V9EAxHoLajr1DEonM2T9IxyDF9modIQfFWSpH9Ep%2FbT0FWN%2BovhC5oqrELYcBd3DYDxETHCFkIMrfH7mCP3fXGEFs%2F9pYeZO28WRhq2mnq4%2F%2FO6%2B9YkNUn4um7yRstVwLlF3SURDc5l%2BW4p6d1a9Yc51wKcH5H2MWouhrJCDGa2cN%2BV%2BDAZr%2BWy%2B9Yt8WmCG4nHXGBYuJWKeYvzHnD7KcaN6GSsdsgMxe6if%2Fd3RM2gv7%2FahhSX%2BdJr%2F1tGODx4qo5U7hi1vHBsoH0M6tBEslU6oT331c40kVOA74yPfSZ%2BHxwQiQi3rJDdwgf1bPKATH5tltf1Z1bk7BdX5a4mFV7phaWH8OaR3p9d4XvDiAH3Mfpi2evlbKCUNKaU2r4fVhgz6F1TvldFcjJj90RaxVUTmP5UeTIZT81zDqdYPR0vBS8cspRc6KmD%2BZfUiVX2V1bdNXQKb%2BkifwqCvtcRRvKTBxYPzPssJq6FmdRar%2FZXSc1dZxs%3D",
        "identityId": "us-west-2:0d35f68a-6ee4-4822-bcc4-5837024b3695"
    }
}

2023-12-14 10:21:52: -----------Request----------->
POST https://thrive-dog1-usw2-api.data.plume.tech/pwb/UploadFile

User-Agent: python-requests/2.31.0
Accept-Encoding: gzip, deflate
accept: application/json
Connection: keep-alive
Authorization: Bearer eyJraWQiOiJ1cy13ZXN0LTI0IiwidHlwIjoiSldTIiwiYWxnIjoiUlM1MTIifQ.eyJzdWIiOiJ1cy13ZXN0LTI6MGQzNWY2OGEtNmVlNC00ODIyLWJjYzQtNTgzNzAyNGIzNjk1IiwiYXVkIjoidXMtd2VzdC0yOjU2YzQyNDM5LWJlMmMtNDUyMy04YmUwLTEwYjU4ODVlYTczMyIsImFtciI6WyJhdXRoZW50aWNhdGVkIiwic3RhZ2luZy1wd2IucGx1bWUuY29tIiwic3RhZ2luZy1wd2IucGx1bWUuY29tOnVzLXdlc3QtMjo1NmM0MjQzOS1iZTJjLTQ1MjMtOGJlMC0xMGI1ODg1ZWE3MzM6V3czRmphUUdiTHExQnIzSGVIcmtndHk3OWtoUFNOZmtHRGZDMkVpTklsenFEbG9DdU42VFpFQmMxbWJEcEZVUyJdLCJpc3MiOiJodHRwczovL2NvZ25pdG8taWRlbnRpdHkuYW1hem9uYXdzLmNvbSIsImh0dHBzOi8vY29nbml0by1pZGVudGl0eS5hbWF6b25hd3MuY29tL2lkZW50aXR5LXBvb2wtYXJuIjoiYXJuOmF3czpjb2duaXRvLWlkZW50aXR5OnVzLXdlc3QtMjoxNDMwODk2MTA0ODI6aWRlbnRpdHlwb29sL3VzLXdlc3QtMjo1NmM0MjQzOS1iZTJjLTQ1MjMtOGJlMC0xMGI1ODg1ZWE3MzMiLCJleHAiOjE3MDI2MDY5MDUsImlhdCI6MTcwMjUyMDUwNX0.b7cmtmRq9LBfl9yvWfrTfMrUNXAU3AMUVFs549p8PW4_o5tSQEGRbb65UnOK2SrOAUX565ILH7W4FpVzWDEYQberaTG9LsDFXpJvd3KohqzkrIIC_YGwBVpu_n8xirY1I7vvKuKG6GeCjj522wXnaNoRfFfhC1NqRUUdiV1UP7AsNEuaqN0T4UXEmVaAyTfAZqPA80t1FQZYptIjzKPBH2WjJRh-lp8T2Y3OS7uISRzPnMun3XBRbgTLWc9nqKwpcDqqBGdAS8MyCPksbE5uyvx5BTTJ6CerjnhMLAnh_brS3xPAMnbIpXK6KZsqsY-Xa3GLbdGlNX_Aw9Ut_Nn60A
Content-Type: application/json
Content-Length: 167

{
    "userId": "653f108a396de2000acd43d4",
    "fileName": "653f108a396de2000acd43d4-60B4F7F504D2-android-1702549287.json",
    "fileType": "application/json",
    "dataType": "json"
}

2023-12-14 10:21:52: <-----------Response-----------
Status code: 200, elapsed seconds: 2.811453

Date: Thu, 14 Dec 2023 02:21:50 GMT
Content-Type: application/json
Content-Length: 1546
Connection: keep-alive
x-amzn-RequestId: 3212fde2-22ed-432a-b350-cb013e7ed7e8
Access-Control-Allow-Origin: *
x-amz-apigw-id: P6T9cGkGPHcEQyg=
X-Amzn-Trace-Id: Root=1-657a66bc-07a50e5b41ecde93289ba9fd;Sampled=0;lineage=9692829f:0

{
    "data": {
        "url": "https://duploservices-thrive-dog1-usw2-plume-log-files.s3.us-west-2.amazonaws.com/json/653f108a396de2000acd43d4/20231214/653f108a396de2000acd43d4-60B4F7F504D2-android-1702549287.json?AWSAccessKeyId=ASIASCUGOF3ZI3KRZE7Q&Content-Type=application%2Fjson&Expires=1702606910&Signature=EsqKVMlCAGP64%2Bmg8gi4ZsDyJrg%3D&X-Amzn-Trace-Id=Root%3D1-657a66bc-07a50e5b41ecde93289ba9fd%3BParent%3D68443dba39748d65%3BSampled%3D0%3BLineage%3D9692829f%3A0&x-amz-security-token=IQoJb3JpZ2luX2VjENv%2F%2F%2F%2F%2F%2F%2F%2F%2F%2FwEaCXVzLXdlc3QtMiJIMEYCIQDNY7zVzLP%2Fju1ivs86qNoUUf7FONF3NqfvOvsx9igk5AIhAMP%2B1nUbn%2BCW9p2pVLRNyhNLMLRHC7T4eLRBHbVcCzW8KrsDCFMQAhoMMTQzMDg5NjEwNDgyIgyC%2BpCAPIbfyqlRMUgqmAP4EfQaHxRdbUj46t7rTvMTU3IrFRG3OjOIiTdSSzJuh9864YgIc3ObS6Gfy011P4HNn4L4mRdfXL4lR8mVQmI7ChoWw1cUM1e5FcrcWCul%2FnvvoWFGvKiKJim0joWKLHzCc4YOMrusknEZ5vw17%2BzHJr%2FWJdH1b8Hkd1hRlKdoZaGeBhx7Gi6JElzJ%2B0iPik2Wo7YNNYYCtp7Zwdc9r2e4mwUx3coKNsTVqoOvwE65iVyHEM4Ntvi2RONYflKL5i%2F2SfunjyuBNlOjLnUgOn8bWFfG9EpjU8RuVQuIlMzEfc55KAaIh2i9is1elgL%2BvwbUuCtEuS8hiZos4iS3zHnx2EuoWUL4BsKBuUCSwl13sny0i9uo0bxbotbqMFgRBdUptE7FAJ%2FzO9MYOlIelzLyjURM2mXJgBlqNGrUEhwqncJKtdFJ9hhyLJf1aQJJh%2FjuPi8ZAkKo%2FJjjRpZVaAM6TlDhZDsWmiQJgG6nkPq%2FGnTo4grFhtI7VMPTllXufMtYLqfPePUIXXpLvLDLz%2FXzMKOSFQwp4d4wvM3pqwY6nQHFhRp14VwKWSvBq96188AS6F0ekXtjEC6sqJi9mCzBR6g0D11XTcCi3fs58Y3LS4VUJY9jxkD6%2FVDd4bRh40ohm6CkG8p%2BqcXA16781iU99jWS2OZAz1de0erRJrZZe5RE8f4ts6UWOvQbOSoA1IFx1cLgdY4JVAl5GJqJAJnTJ61bO6s2rMEKTS9i%2BODNUYvRgVhSONsn6c54bRCe"
    },
    "result": {
        "code": 201000,
        "message": "Successfully."
    }
}

