2023-12-20 17:24:59: -----------Request----------->
POST https://thrive-dog1-usw2-api.data.plume.tech/pwb/PlumeCloudLogin

User-Agent: python-requests/2.31.0
Accept-Encoding: gzip, deflate
accept: application/json
Connection: keep-alive
Content-Type: application/json
Content-Length: 73

{
    "email": "thrive-ios+4@plume.com",
    "password": "plume1234",
    "ttl": 3600
}

2023-12-20 17:24:59: <-----------Response-----------
Status code: 200, elapsed seconds: 3.953996

Date: Wed, 20 Dec 2023 09:24:57 GMT
Content-Type: application/json
Content-Length: 729
Connection: keep-alive
x-amzn-RequestId: b4603d41-9608-4721-b3be-37c5fa63f9b3
Access-Control-Allow-Origin: *
x-amz-apigw-id: QPDkhGNpPHcEkwA=
X-Amzn-Trace-Id: Root=1-6582b2e9-705d6bb9422f9e9a6f1e0d39;Sampled=0;lineage=7fdd2b1e:0

{
    "data": {
        "id": "I2af6fcJ9tAIxvadbzCIyBhoiTBVKt6rWsSpOhyaQEncpdU3adx3ATMYYvQRCTBp",
        "ttl": 3600,
        "created": "2023-12-20T09:24:53.185Z",
        "userId": "653f108a396de2000acd43d4",
        "expireAt": "2023-12-20T10:24:53.185Z",
        "user": {
            "id": "653f108a396de2000acd43d4",
            "accountId": "3b2c42d4-7cee-4756-b4bd-491cacc1ae57",
            "anonymous": false,
            "autoProvisioned": false,
            "name": "thrive-ios+4",
            "locked": false,
            "partnerId": "mobile_qa_test",
            "acceptLanguage": "en-US",
            "preferredLanguage": "en",
            "source": "customCreate",
            "createdAt": "2023-10-30T02:10:18.214Z",
            "provisioningSsoAuditTrail": false,
            "_version": "1.0.0",
            "email": "thrive-ios+4@plume.com",
            "emailVerified": true,
            "firstKnownLoginTimestamp": "2023-10-30T02:15:53.570Z"
        }
    },
    "result": {
        "code": 201000,
        "message": "Successfully."
    }
}

2023-12-20 17:25:02: -----------Request----------->
POST https://thrive-dog1-usw2-api.data.plume.tech/pwb/AuthenticateWithPlumeToken

User-Agent: python-requests/2.31.0
Accept-Encoding: gzip, deflate
accept: application/json
Connection: keep-alive
Content-Type: application/json
Content-Length: 121

{
    "accessToken": "I2af6fcJ9tAIxvadbzCIyBhoiTBVKt6rWsSpOhyaQEncpdU3adx3ATMYYvQRCTBp",
    "userId": "653f108a396de2000acd43d4"
}

2023-12-20 17:25:02: <-----------Response-----------
Status code: 200, elapsed seconds: 1.225859

Date: Wed, 20 Dec 2023 09:25:00 GMT
Content-Type: application/json
Content-Length: 3818
Connection: keep-alive
x-amzn-RequestId: 49786a68-09ab-480d-a813-c38f846ca8e6
Access-Control-Allow-Origin: *
x-amz-apigw-id: QPDk-GOHPHcElvw=
X-Amzn-Trace-Id: Root=1-6582b2ec-7e65ce372a90710f304b2e33;Sampled=0;lineage=144e69e0:0

{
    "data": {
        "email": "thrive-ios+4@plume.com",
        "userGroup": "admin",
        "userName": "thrive-ios+4",
        "userId": "653f108a396de2000acd43d4",
        "accessToken": "eyJraWQiOiJ1cy13ZXN0LTI0IiwidHlwIjoiSldTIiwiYWxnIjoiUlM1MTIifQ.eyJzdWIiOiJ1cy13ZXN0LTI6ZjIyODYzNTktNTc0NC00MDM3LTkxZDgtYzg2ODVjM2EyYzIwIiwiYXVkIjoidXMtd2VzdC0yOjU2YzQyNDM5LWJlMmMtNDUyMy04YmUwLTEwYjU4ODVlYTczMyIsImFtciI6WyJhdXRoZW50aWNhdGVkIiwic3RhZ2luZy1wd2IucGx1bWUuY29tIiwic3RhZ2luZy1wd2IucGx1bWUuY29tOnVzLXdlc3QtMjo1NmM0MjQzOS1iZTJjLTQ1MjMtOGJlMC0xMGI1ODg1ZWE3MzM6STJhZjZmY0o5dEFJeHZhZGJ6Q0l5QmhvaVRCVkt0NnJXc1NwT2h5YVFFbmNwZFUzYWR4M0FUTVlZdlFSQ1RCcCJdLCJpc3MiOiJodHRwczovL2NvZ25pdG8taWRlbnRpdHkuYW1hem9uYXdzLmNvbSIsImh0dHBzOi8vY29nbml0by1pZGVudGl0eS5hbWF6b25hd3MuY29tL2lkZW50aXR5LXBvb2wtYXJuIjoiYXJuOmF3czpjb2duaXRvLWlkZW50aXR5OnVzLXdlc3QtMjoxNDMwODk2MTA0ODI6aWRlbnRpdHlwb29sL3VzLXdlc3QtMjo1NmM0MjQzOS1iZTJjLTQ1MjMtOGJlMC0xMGI1ODg1ZWE3MzMiLCJleHAiOjE3MDMxNTA3MDAsImlhdCI6MTcwMzA2NDMwMH0.WCgaNdCwOoiUx0g0qAPzcpdXAwN2svwOhTUUL865dmiD3e4p5LWVs7jNU9VM0dbGzLDWc3cqabN7RZq2bKNSmPEfvAqC2NEJsEM9nqfbAwr9Io9Kfdx7_w-4WmbX4UG5tDLXfo610rLxUy-q4xqNTnzAQjpNeOrTVS7cyvl2kaQ6G2qRx28b2kypcPERMLmHBXH8VaIl3jnLY8b-GMqj4BnhJ3leUQAuVfvpAMOb1vWqA36KULESeZFNhe_uPUw_fEym4O3hNUn1AsWlERzVZXnk-TufOVZn292pCU-NrjGXbV3zs4NpEipsu25Dxx2sNrdNUGoH7iO6cW8bPmirvw",
        "idToken": "eyJraWQiOiJJZGVudGl0eVRva2VuU2lnbktleSIsImFsZyI6IlJTNTEyIn0%3D.eyJpc3MiOiJhd3MtbGFtYmRhIiwiZXhwIjoxNzE4NjE2MzAwLCJzdWIiOiJpZC10b2tlbiIsImF1ZCI6InJpbmciLCJqdGkiOiJkNzkyNTBmYy1jN2UzLTQzN2QtYTBhMS1iOThmM2NhNzQ1YTQiLCJ1c2VySWQiOiI2NTNmMTA4YTM5NmRlMjAwMGFjZDQzZDQiLCJlbWFpbCI6InRocml2ZS1pb3MrNEBwbHVtZS5jb20iLCJnZW5kZXIiOiIiLCJiaXJ0aGRhdGUiOiIifQ%3D%3D.jtd3crCi0InqMN%2Bzar99jkGarh76%2BbXrD6lmPNgd95r0cRyctOkd6iRYs8Gb4SlNFZBgRG86nfxXTnqta%2Bh3UsL9ObR70gocTf5b4aZ9Xf3GjqgN30kE9coidqn86PXSmbxF%2B0cBexE%2FMgfB0daOCwqPha5K32zkK6dqcD2DHTh9JT3gNUVSQykje3ail3lz0oZNROyidKr1iDMXS5VFLm7nQLzZXfTie2lwM1CCDuDCH9%2BY1VJc1ijasDul3PpMEW%2Fys1HzmYnN4%2F67ZPYC627%2BoiTkKSK83ve3BHaq1glympzk0hJsShlVbTdgeUfWRadFFZFfnvkXBSzkd7NJFxpbNuD7WOEupv9FYPiLMsEQKlnMmvJk34YNA9WOSwtRCleW94nyonCTpwOuo4N6N68rDkbRezR0Y966bXxPpXDVS1Jl7XFv6rqySPgMnYOnv4EeOPueJmCIvJGZ%2BS0zVJW68han2z8YuS5lOouOA7RsstA5q0vlh3vxuKCevgujch2rnAYmpx6ybTopnvT4f3X0mNk9Ia1CZqko%2BoR0ag%2BHV9FBkfn6K5w74EBtYnBOWycJ7ShiijUXwIKKIKVAfJYj7V0ilEP0wWbvLc5adQvgGGQpbSRCIAd%2BfkqAnOWWXMumiRP8%2FZ13MguEoCXxawsjv%2BgQ9hj1Kwlpb0VNDsI%3D",
        "refreshToken": "eyJraWQiOiJSZWZyZXNoVG9rZW5TaWduS2V5IiwiY3R5IjoiSldUIiwiZW5jIjoiQTI1NkdDTSIsImFsZyI6IlJTNTEyIn0%3D.AQICAHgg7rlLlhJZMilo20zyx9NECjg%2F8q0XYyoRMcHYs4Nh4AGiJL3Py%2BQGfY08UKlJy0cFAAABUTCCAU0GCSqGSIb3DQEHBqCCAT4wggE6AgEAMIIBMwYJKoZIhvcNAQcBMB4GCWCGSAFlAwQBLjARBAyu5ox0qVM1nCAvwzACARCAggEEYrv3kQkolidKP1z3Rflw8olECIjvcl1WWfrpyz1csje%2B3w%2BF3ptynYEIWgPAVAQBphPUV%2BpNCNtw%2B2K2rdoRWtOLk%2BqZU6p7aPCrCB8DaizPES7pLdAiYpJXjRzt7SiPT07O7DiXKQmMUUEsRR%2BuvCIZ0xKnpMdnQ8hjvt0%2FAKXPmQQ6t4%2FpwF2BVrD4Fyd1eOmS%2B2cAzKgOr%2Buo8URCVHBA2V5A2AyuEWjvAaqDxU61MlZfWwKXktfBHWKOLxAajSOvgsGxNFu4BHmry%2BmpIugkFXsRnJrQ4PT4amG7KmXffTnd1ITFfdZ1JC53s64P08z1Oyax58Lr3hFeXWeLqgUTwvE%3D.qCP8KQybivk%2BSqoVAokFdFxEXiUsk89rqMIuu4pOGWksWjjJ3y%2BX%2F1asthDOaJ%2FwfNq1yj5bpxHAPp%2BDnRRoCte9D1BCFVl5AAG4jgMCgIfMoBrOCM02lcvpXQAQwz1UPWO8eMm4l1RmZcKY6goAAqbPq6kIESnJw2922jZa%2B70MZW2WQatNoVKILF6V7DIQ7fMpR4TpIb3cA09ZjvhXjTLnSPOs%2FA4yVGTPqvV%2BzbGrdhB2xMLmJNwqALzAr0O3RtobDLmlzsJi1DsGF2g6dIYWf5sdN8ZMKuXPWZEEpPMciTUnHra%2BdBfhUZjLO9uAWdkMA%2FXY7QVAajVCMS0%2BAYPNsHmO8PFGBQSAtADtTza7s4ozUOhzy%2FqOKScYZQNlqvB%2BvWOJ1TzcJKvdfYkct6zMC0kTfnoa8K3TFg%2BQHQ1HEPXOf01E22h5TOON0i32jhxLMqFB4X36Wj%2FfSkio0YkCe2I51zhkE%2Fs2hEwFcMl%2FOmf%2F4SPvsCxhHYqn4%2BgbpE8kNCRa0uR1h8PgnZnkV6d%2BYInSh0j331FatT8qVSwgEMsl%2BHlN3PD0NgaxWIQmeVFF23rK6J8vztOAMNaLn5lxhYZxIgpeB2usjmkDKBCVtU3pwLVmhSpP9Nnqeya2iCxMY3XajZl9BupVnmERgEenLDsa83rt8CfJ%2BfDxGzY%3D",
        "identityId": "us-west-2:f2286359-5744-4037-91d8-c8685c3a2c20"
    }
}

2023-12-20 17:25:05: -----------Request----------->
POST https://thrive-dog1-usw2-api.data.plume.tech/pwb/GetDailyReadinessInsightList

User-Agent: python-requests/2.31.0
Accept-Encoding: gzip, deflate
accept: application/json
Connection: keep-alive
Authorization: Bearer eyJraWQiOiJ1cy13ZXN0LTI0IiwidHlwIjoiSldTIiwiYWxnIjoiUlM1MTIifQ.eyJzdWIiOiJ1cy13ZXN0LTI6ZjIyODYzNTktNTc0NC00MDM3LTkxZDgtYzg2ODVjM2EyYzIwIiwiYXVkIjoidXMtd2VzdC0yOjU2YzQyNDM5LWJlMmMtNDUyMy04YmUwLTEwYjU4ODVlYTczMyIsImFtciI6WyJhdXRoZW50aWNhdGVkIiwic3RhZ2luZy1wd2IucGx1bWUuY29tIiwic3RhZ2luZy1wd2IucGx1bWUuY29tOnVzLXdlc3QtMjo1NmM0MjQzOS1iZTJjLTQ1MjMtOGJlMC0xMGI1ODg1ZWE3MzM6STJhZjZmY0o5dEFJeHZhZGJ6Q0l5QmhvaVRCVkt0NnJXc1NwT2h5YVFFbmNwZFUzYWR4M0FUTVlZdlFSQ1RCcCJdLCJpc3MiOiJodHRwczovL2NvZ25pdG8taWRlbnRpdHkuYW1hem9uYXdzLmNvbSIsImh0dHBzOi8vY29nbml0by1pZGVudGl0eS5hbWF6b25hd3MuY29tL2lkZW50aXR5LXBvb2wtYXJuIjoiYXJuOmF3czpjb2duaXRvLWlkZW50aXR5OnVzLXdlc3QtMjoxNDMwODk2MTA0ODI6aWRlbnRpdHlwb29sL3VzLXdlc3QtMjo1NmM0MjQzOS1iZTJjLTQ1MjMtOGJlMC0xMGI1ODg1ZWE3MzMiLCJleHAiOjE3MDMxNTA3MDAsImlhdCI6MTcwMzA2NDMwMH0.WCgaNdCwOoiUx0g0qAPzcpdXAwN2svwOhTUUL865dmiD3e4p5LWVs7jNU9VM0dbGzLDWc3cqabN7RZq2bKNSmPEfvAqC2NEJsEM9nqfbAwr9Io9Kfdx7_w-4WmbX4UG5tDLXfo610rLxUy-q4xqNTnzAQjpNeOrTVS7cyvl2kaQ6G2qRx28b2kypcPERMLmHBXH8VaIl3jnLY8b-GMqj4BnhJ3leUQAuVfvpAMOb1vWqA36KULESeZFNhe_uPUw_fEym4O3hNUn1AsWlERzVZXnk-TufOVZn292pCU-NrjGXbV3zs4NpEipsu25Dxx2sNrdNUGoH7iO6cW8bPmirvw
Content-Type: application/json
Content-Length: 117

{
    "userId": "653f108a396de2000acd43d4",
    "startTime": 1703001600,
    "endTime": 1703087999,
    "pageSize": 7,
    "startKey": ""
}

2023-12-20 17:25:05: <-----------Response-----------
Status code: 200, elapsed seconds: 0.803042

Date: Wed, 20 Dec 2023 09:25:03 GMT
Content-Type: application/json
Content-Length: 356
Connection: keep-alive
x-amzn-RequestId: bdbfe06c-b070-48e4-a8df-ed521559d1cf
Access-Control-Allow-Origin: *
x-amz-apigw-id: QPDleH-gvHcEPIw=
X-Amzn-Trace-Id: Root=1-6582b2ef-585d090d558c6c3a4728c966;Sampled=0;lineage=774101e1:0

{
    "data": {
        "userId": "653f108a396de2000acd43d4",
        "startTime": 1703001600,
        "endTime": 1703087999,
        "dailyReadinessInsightList": [
            {
                "userId": "653f108a396de2000acd43d4",
                "startTime": 1703017097,
                "endTime": 1703035821,
                "hrvScore": 67.0206414106089,
                "stressScore": 2,
                "readinessScore": 10,
                "utcOffset": 8,
                "timeZone": "Asia/Brunei"
            }
        ]
    },
    "result": {
        "code": 201000,
        "message": "Successfully."
    }
}

