2023-12-05 18:24:23: -----------Request----------->
POST https://thrive-dog1-usw2-api.data.plume.tech/pwb/PlumeCloudLogin

User-Agent: python-requests/2.31.0
Accept-Encoding: gzip, deflate
accept: application/json
Connection: keep-alive
Content-Type: application/json
Content-Length: 73

{
    "email": "thrive-ios+4@plume.com",
    "password": "plume1234",
    "ttl": 3600
}

2023-12-05 18:24:23: <-----------Response-----------
Status code: 200, elapsed seconds: 1.783825

Date: Tue, 05 Dec 2023 10:24:21 GMT
Content-Type: application/json
Content-Length: 729
Connection: keep-alive
x-amzn-RequestId: b42bb3bd-400b-4de2-b7f1-1703ed5de64d
Access-Control-Allow-Origin: *
x-amz-apigw-id: PdwNNFXTvHcEmDA=
X-Amzn-Trace-Id: Root=1-656efa54-652f3c1e4334837c4edefc2c;Sampled=0;lineage=7fdd2b1e:0

{
    "data": {
        "id": "RaEPkynsjAkA8X2rS29VLis3APCMY5ATAMfZ8Cvewo5Dc7vESruHOfY3NqIMRe31",
        "ttl": 3600,
        "created": "2023-12-05T10:24:21.312Z",
        "userId": "653f108a396de2000acd43d4",
        "expireAt": "2023-12-05T11:24:21.312Z",
        "user": {
            "id": "653f108a396de2000acd43d4",
            "accountId": "3b2c42d4-7cee-4756-b4bd-491cacc1ae57",
            "anonymous": false,
            "autoProvisioned": false,
            "name": "thrive-ios+4",
            "locked": false,
            "partnerId": "mobile_qa_test",
            "acceptLanguage": "en-US",
            "preferredLanguage": "en",
            "source": "customCreate",
            "createdAt": "2023-10-30T02:10:18.214Z",
            "provisioningSsoAuditTrail": false,
            "_version": "1.0.0",
            "email": "thrive-ios+4@plume.com",
            "emailVerified": true,
            "firstKnownLoginTimestamp": "2023-10-30T02:15:53.570Z"
        }
    },
    "result": {
        "code": 201000,
        "message": "Successfully."
    }
}

2023-12-05 18:24:27: -----------Request----------->
POST https://thrive-dog1-usw2-api.data.plume.tech/pwb/AuthenticateWithPlumeToken

User-Agent: python-requests/2.31.0
Accept-Encoding: gzip, deflate
accept: application/json
Connection: keep-alive
Content-Type: application/json
Content-Length: 121

{
    "accessToken": "RaEPkynsjAkA8X2rS29VLis3APCMY5ATAMfZ8Cvewo5Dc7vESruHOfY3NqIMRe31",
    "userId": "653f108a396de2000acd43d4"
}

2023-12-05 18:24:27: <-----------Response-----------
Status code: 200, elapsed seconds: 2.159094

Date: Tue, 05 Dec 2023 10:24:25 GMT
Content-Type: application/json
Content-Length: 3818
Connection: keep-alive
x-amzn-RequestId: dcccb5fb-0676-4744-b49f-b8b66acfe023
Access-Control-Allow-Origin: *
x-amz-apigw-id: PdwNyGhYvHcEE5A=
X-Amzn-Trace-Id: Root=1-656efa57-29da78cd0e42c65177e1f9e8;Sampled=0;lineage=144e69e0:0

{
    "data": {
        "email": "thrive-ios+4@plume.com",
        "userGroup": "admin",
        "userName": "thrive-ios+4",
        "userId": "653f108a396de2000acd43d4",
        "accessToken": "eyJraWQiOiJ1cy13ZXN0LTI0IiwidHlwIjoiSldTIiwiYWxnIjoiUlM1MTIifQ.eyJzdWIiOiJ1cy13ZXN0LTI6YzUzNjE4MDktZmQ5ZS00M2M5LTlkNzctMTA3MTk4N2U2N2YzIiwiYXVkIjoidXMtd2VzdC0yOjU2YzQyNDM5LWJlMmMtNDUyMy04YmUwLTEwYjU4ODVlYTczMyIsImFtciI6WyJhdXRoZW50aWNhdGVkIiwic3RhZ2luZy1wd2IucGx1bWUuY29tIiwic3RhZ2luZy1wd2IucGx1bWUuY29tOnVzLXdlc3QtMjo1NmM0MjQzOS1iZTJjLTQ1MjMtOGJlMC0xMGI1ODg1ZWE3MzM6UmFFUGt5bnNqQWtBOFgyclMyOVZMaXMzQVBDTVk1QVRBTWZaOEN2ZXdvNURjN3ZFU3J1SE9mWTNOcUlNUmUzMSJdLCJpc3MiOiJodHRwczovL2NvZ25pdG8taWRlbnRpdHkuYW1hem9uYXdzLmNvbSIsImh0dHBzOi8vY29nbml0by1pZGVudGl0eS5hbWF6b25hd3MuY29tL2lkZW50aXR5LXBvb2wtYXJuIjoiYXJuOmF3czpjb2duaXRvLWlkZW50aXR5OnVzLXdlc3QtMjoxNDMwODk2MTA0ODI6aWRlbnRpdHlwb29sL3VzLXdlc3QtMjo1NmM0MjQzOS1iZTJjLTQ1MjMtOGJlMC0xMGI1ODg1ZWE3MzMiLCJleHAiOjE3MDE4NTgyNjUsImlhdCI6MTcwMTc3MTg2NX0.MmZCZmqG3hMHMdgIejRwX1Oahi1PO8SrrSFPwUR870fnSviDSozaoDyLrWZbZ_mp60g2eAajmniWIa-iR_Ncdjzxk6T3fMcyJQ7VSfzhudTG6_AeSPvS5TnMiE6FSc2DRoPLEGTxjjKKVWhehaKg-N6TEUJVF3GFBGVptqhyeKr9ge0BgAZWOmM86YJxlLUd9bNUiJlB_QXP9kFqG9B_Qflr_B70ercigneVQUJX1uM-ExzbRtg3V3oLRYsIPhAt1REgvbzng0zusWSDrnYU1H4CiO1IyOxqfTg8Jot532ohM5N5mMEAimjbrsJsuoWiN8m8SO9NFgvs08yTxCcBng",
        "idToken": "eyJraWQiOiJJZGVudGl0eVRva2VuU2lnbktleSIsImFsZyI6IlJTNTEyIn0%3D.eyJpc3MiOiJhd3MtbGFtYmRhIiwiZXhwIjoxNzE3MzIzODY1LCJzdWIiOiJpZC10b2tlbiIsImF1ZCI6InJpbmciLCJqdGkiOiI0M2I0YWQwOC1mYTI5LTRkODUtODZlNy01OTc0MDJmZWMxY2IiLCJ1c2VySWQiOiI2NTNmMTA4YTM5NmRlMjAwMGFjZDQzZDQiLCJlbWFpbCI6InRocml2ZS1pb3MrNEBwbHVtZS5jb20iLCJnZW5kZXIiOiIiLCJiaXJ0aGRhdGUiOiIifQ%3D%3D.AdaDrIHXAn5795k5zV%2FM7wn%2FcTbwFriU2hvTH70TLRDR7JNLKHbYVX7nBkIQSDc%2BBvlU9SbGIpFMOi3U%2FYrqNnTC88SRi%2Br1xBB2u4caNmVVClMcJt51xCtGCllqNCTRgHj06ZpBs8PXBrMI5cHrBjiA6PrsaE%2F2m3LRuEOWl2hM6vgsDOexD6xs44DKBUkxo7NU7bI186ajz5iH6zYGK7rvIIIX%2FyO7OQCrUR5yYlvWTDUJHm2ZrGyE%2BegLEoi2FJyL%2FU%2Bo3hz2kR9AfPEWaWU9J40lqK5vwt2gRPRc19iBOSZKsbVailOWmVTPgEZ7cn92S7GRrcvb6LFZFK9WuHAD6NVWHSSVg8vSfsFNfRyZPGjBfFNYeAJ6SSdZK875J2eZyg1I4nE3ollYw9ph%2FOCIFsJ2G1%2BFNsLHag87Rd033Ai3lUngg1q9crccelKFFphATCz8v4263kUiBMyiQfEuYVtabM2fWbHdVJ71gGN8vKIaBUAIDkeEvBkPlSTum5CAaoVStu6OebthyF3bVSFoR3Voyf7zQEabXQnqXMD0w7zrmPMvWpeO6%2FQXmXw5kB7U9gQxJUEcJ53Dv5fXWkM9ZSDsHI4X4GivjiM12rBq4FL5ogg5QXsehbnN2RcKMwedsyozgfXT7%2FhM0t73lPrjir7BOq6ad5zmX%2FPl8MA%3D",
        "refreshToken": "eyJraWQiOiJSZWZyZXNoVG9rZW5TaWduS2V5IiwiY3R5IjoiSldUIiwiZW5jIjoiQTI1NkdDTSIsImFsZyI6IlJTNTEyIn0%3D.AQICAHgg7rlLlhJZMilo20zyx9NECjg%2F8q0XYyoRMcHYs4Nh4AF8vs61q4FA%2F6PNwCWKOzkAAAABUTCCAU0GCSqGSIb3DQEHBqCCAT4wggE6AgEAMIIBMwYJKoZIhvcNAQcBMB4GCWCGSAFlAwQBLjARBAzcspRIGAZGSZmG8pMCARCAggEEg0hJ2AtGtcnVP4evaZiKGJtCRf6b4lhujKDweSrxwMRv0Mb99PCRFqrRbKK7tShKyDzfsCDmgS1kY9z5G4kILChULA40lRrTZqbVRyqjExMlV2QeBgFLuxph3mXEzAYiM5k%2FbRr1AdJdNYVrBf0xsP3PjcaNv3c5zBtipAm6ixPtHYs%2F8pxATPa2dISkXgBB8mAPFAT2wN0Uj7KRHT5DKQs3rPm%2FX4GvS7Qyabz3keE7%2BIJxTErtmNfHk8%2FXpA74g0JkC6ADJ%2F82InEaL07JkOlfwoSD2lKU2gPAFa1KEVwXiU%2FGUIyEvecmU5SkcsBE17%2BEdQA1gEbCR40%2FNo9PcDbi0bc%3D.qvnLLrdZZgq%2FDRtVho%2BnfpT2Ymd35dHt1hkSac1AoWwF%2FsGjhlx2v%2Bj7zvIdLZCYU0Hsy9J0KXab%2FpkdPo1%2Fp6QvDBi%2BoiZgw2%2F0qzvH5WISKaXL1866F0aEvFbKZehFufZRB0W%2BluA7zymN9%2BiYBKi5fSAqPfY3gC4MsC3niUKaA3sRXQqTBflDnUANbJ8gMMUunyztBkoWHwdCHO1t%2FB%2BGhK639S82zMcnDR0eNCN3%2FKpSUIIAs%2FYAJNEkcronLJmuW7yGBFzpHSRaXdvKEnEldR2ZAULGFYGdy19JK4HPeA5PMMhxPrzMXLTGE9rja7O3et%2FjNFyC0KmsYFg7qqsSpe%2BYbLhyNN1Pd9vpd%2BEvVhvUq4ByJG%2F5dchHiZiflIXYINmerN2lNOvGCEThGXGsOr6Qlk%2F9mgJNa%2BgYlUExRUFnsrGBGrgRq6Fra2FCzwaErOu8sGUFf5kK0XgzVuLP2zAPVsaQPtIDX9bJbZ4x8jN3hOiksUGhbHCryNbKobEpIxExehZMbhsKDGB%2FeJwdRGQNN7QijCb9A3%2FEm7p42CZ3jJ5LoMq8xycjSxQaSt12%2Fap8Ez3whHPMXWgcu6hDIXDOUkm56gzSfF2hjQYkpUzG05PxWxOwRBzE8E%2FD5PhMfYqFuja9h4rdTCey9ZdUVCbYGSmGWDRPceHlEtk%3D",
        "identityId": "us-west-2:c5361809-fd9e-43c9-9d77-1071987e67f3"
    }
}

2023-12-05 18:24:31: -----------Request----------->
POST https://thrive-dog1-usw2-api.data.plume.tech/pwb/GetDailyReadinessInsightList

User-Agent: python-requests/2.31.0
Accept-Encoding: gzip, deflate
accept: application/json
Connection: keep-alive
Authorization: Bearer eyJraWQiOiJ1cy13ZXN0LTI0IiwidHlwIjoiSldTIiwiYWxnIjoiUlM1MTIifQ.eyJzdWIiOiJ1cy13ZXN0LTI6YzUzNjE4MDktZmQ5ZS00M2M5LTlkNzctMTA3MTk4N2U2N2YzIiwiYXVkIjoidXMtd2VzdC0yOjU2YzQyNDM5LWJlMmMtNDUyMy04YmUwLTEwYjU4ODVlYTczMyIsImFtciI6WyJhdXRoZW50aWNhdGVkIiwic3RhZ2luZy1wd2IucGx1bWUuY29tIiwic3RhZ2luZy1wd2IucGx1bWUuY29tOnVzLXdlc3QtMjo1NmM0MjQzOS1iZTJjLTQ1MjMtOGJlMC0xMGI1ODg1ZWE3MzM6UmFFUGt5bnNqQWtBOFgyclMyOVZMaXMzQVBDTVk1QVRBTWZaOEN2ZXdvNURjN3ZFU3J1SE9mWTNOcUlNUmUzMSJdLCJpc3MiOiJodHRwczovL2NvZ25pdG8taWRlbnRpdHkuYW1hem9uYXdzLmNvbSIsImh0dHBzOi8vY29nbml0by1pZGVudGl0eS5hbWF6b25hd3MuY29tL2lkZW50aXR5LXBvb2wtYXJuIjoiYXJuOmF3czpjb2duaXRvLWlkZW50aXR5OnVzLXdlc3QtMjoxNDMwODk2MTA0ODI6aWRlbnRpdHlwb29sL3VzLXdlc3QtMjo1NmM0MjQzOS1iZTJjLTQ1MjMtOGJlMC0xMGI1ODg1ZWE3MzMiLCJleHAiOjE3MDE4NTgyNjUsImlhdCI6MTcwMTc3MTg2NX0.MmZCZmqG3hMHMdgIejRwX1Oahi1PO8SrrSFPwUR870fnSviDSozaoDyLrWZbZ_mp60g2eAajmniWIa-iR_Ncdjzxk6T3fMcyJQ7VSfzhudTG6_AeSPvS5TnMiE6FSc2DRoPLEGTxjjKKVWhehaKg-N6TEUJVF3GFBGVptqhyeKr9ge0BgAZWOmM86YJxlLUd9bNUiJlB_QXP9kFqG9B_Qflr_B70ercigneVQUJX1uM-ExzbRtg3V3oLRYsIPhAt1REgvbzng0zusWSDrnYU1H4CiO1IyOxqfTg8Jot532ohM5N5mMEAimjbrsJsuoWiN8m8SO9NFgvs08yTxCcBng
Content-Type: application/json
Content-Length: 117

{
    "userId": "653f108a396de2000acd43d4",
    "startTime": 1701705600,
    "endTime": 1701791999,
    "pageSize": 7,
    "startKey": ""
}

2023-12-05 18:24:31: <-----------Response-----------
Status code: 200, elapsed seconds: 2.092736

Date: Tue, 05 Dec 2023 10:24:29 GMT
Content-Type: application/json
Content-Length: 355
Connection: keep-alive
x-amzn-RequestId: f6dcf4cd-d188-48c6-bb05-af48d69eee07
Access-Control-Allow-Origin: *
x-amz-apigw-id: PdwOcGy9PHcEYEQ=
X-Amzn-Trace-Id: Root=1-656efa5c-481a8ab04b275fb85e420b60;Sampled=0;lineage=774101e1:0

{
    "data": {
        "userId": "653f108a396de2000acd43d4",
        "startTime": 1701705600,
        "endTime": 1701791999,
        "dailyReadinessInsightList": [
            {
                "userId": "653f108a396de2000acd43d4",
                "startTime": 1701721097,
                "endTime": 1701739821,
                "hrvScore": 67.0206414106089,
                "stressScore": 2,
                "readinessScore": 7,
                "utcOffset": 8,
                "timeZone": "Asia/Brunei"
            }
        ]
    },
    "result": {
        "code": 201000,
        "message": "Successfully."
    }
}

