2023-12-27 16:34:39: -----------Request----------->
POST https://thrive-dog1-usw2-api.data.plume.tech/pwb/PlumeCloudLogin

User-Agent: python-requests/2.31.0
Accept-Encoding: gzip, deflate
accept: application/json
Connection: keep-alive
Content-Type: application/json
Content-Length: 73

{
    "email": "thrive-ios+4@plume.com",
    "password": "plume1234",
    "ttl": 3600
}

2023-12-27 16:34:39: <-----------Response-----------
Status code: 200, elapsed seconds: 0.929465

Date: Wed, 27 Dec 2023 08:34:37 GMT
Content-Type: application/json
Content-Length: 729
Connection: keep-alive
x-amzn-RequestId: a3d4092a-1e7b-4546-8819-33c9f12e90eb
Access-Control-Allow-Origin: *
x-amz-apigw-id: QmAwnGg8vHcEH-g=
X-Amzn-Trace-Id: Root=1-658be19d-180def4f7eb3d7790fd3edc7;Sampled=0;lineage=7fdd2b1e:0

{
    "data": {
        "id": "cJ4mEbUCVCxcX5Wjhhz9lhC5DdPa1YNQIURL7l895xGyn2dHKRa5nqkNryAy0p3l",
        "ttl": 3600,
        "created": "2023-12-27T08:34:28.260Z",
        "userId": "653f108a396de2000acd43d4",
        "expireAt": "2023-12-27T09:34:28.260Z",
        "user": {
            "id": "653f108a396de2000acd43d4",
            "accountId": "3b2c42d4-7cee-4756-b4bd-491cacc1ae57",
            "anonymous": false,
            "autoProvisioned": false,
            "name": "thrive-ios+4",
            "locked": false,
            "partnerId": "mobile_qa_test",
            "acceptLanguage": "en-US",
            "preferredLanguage": "en",
            "source": "customCreate",
            "createdAt": "2023-10-30T02:10:18.214Z",
            "provisioningSsoAuditTrail": false,
            "_version": "1.0.0",
            "email": "thrive-ios+4@plume.com",
            "emailVerified": true,
            "firstKnownLoginTimestamp": "2023-10-30T02:15:53.570Z"
        }
    },
    "result": {
        "code": 201000,
        "message": "Successfully."
    }
}

2023-12-27 16:34:42: -----------Request----------->
POST https://thrive-dog1-usw2-api.data.plume.tech/pwb/AuthenticateWithPlumeToken

User-Agent: python-requests/2.31.0
Accept-Encoding: gzip, deflate
accept: application/json
Connection: keep-alive
Content-Type: application/json
Content-Length: 121

{
    "accessToken": "cJ4mEbUCVCxcX5Wjhhz9lhC5DdPa1YNQIURL7l895xGyn2dHKRa5nqkNryAy0p3l",
    "userId": "653f108a396de2000acd43d4"
}

2023-12-27 16:34:42: <-----------Response-----------
Status code: 200, elapsed seconds: 1.146118

Date: Wed, 27 Dec 2023 08:34:40 GMT
Content-Type: application/json
Content-Length: 3848
Connection: keep-alive
x-amzn-RequestId: fa61f5b1-da8f-4cf1-85f4-1fe8172216b2
Access-Control-Allow-Origin: *
x-amz-apigw-id: QmAxEFv5PHcEEaQ=
X-Amzn-Trace-Id: Root=1-658be1a0-1bc606660084527a43aac7e2;Sampled=0;lineage=144e69e0:0

{
    "data": {
        "email": "thrive-ios+4@plume.com",
        "userGroup": "admin",
        "userName": "thrive-ios+4",
        "userId": "653f108a396de2000acd43d4",
        "accessToken": "eyJraWQiOiJ1cy13ZXN0LTI0IiwidHlwIjoiSldTIiwiYWxnIjoiUlM1MTIifQ.eyJzdWIiOiJ1cy13ZXN0LTI6MjE2YzA5OTUtM2EzNi00NDMyLWJkZjEtODFmODJjZjY0Yjc0IiwiYXVkIjoidXMtd2VzdC0yOjU2YzQyNDM5LWJlMmMtNDUyMy04YmUwLTEwYjU4ODVlYTczMyIsImFtciI6WyJhdXRoZW50aWNhdGVkIiwic3RhZ2luZy1wd2IucGx1bWUuY29tIiwic3RhZ2luZy1wd2IucGx1bWUuY29tOnVzLXdlc3QtMjo1NmM0MjQzOS1iZTJjLTQ1MjMtOGJlMC0xMGI1ODg1ZWE3MzM6Y0o0bUViVUNWQ3hjWDVXamhoejlsaEM1RGRQYTFZTlFJVVJMN2w4OTV4R3luMmRIS1JhNW5xa05yeUF5MHAzbCJdLCJpc3MiOiJodHRwczovL2NvZ25pdG8taWRlbnRpdHkuYW1hem9uYXdzLmNvbSIsImh0dHBzOi8vY29nbml0by1pZGVudGl0eS5hbWF6b25hd3MuY29tL2lkZW50aXR5LXBvb2wtYXJuIjoiYXJuOmF3czpjb2duaXRvLWlkZW50aXR5OnVzLXdlc3QtMjoxNDMwODk2MTA0ODI6aWRlbnRpdHlwb29sL3VzLXdlc3QtMjo1NmM0MjQzOS1iZTJjLTQ1MjMtOGJlMC0xMGI1ODg1ZWE3MzMiLCJleHAiOjE3MDM3NTI0ODAsImlhdCI6MTcwMzY2NjA4MH0.gCNVUJFOgGrls22fGH0quIUiLiIrkW-Srbe6DgEoj28CUxUmRfgdC37GMkjbDU--rsWqome8yIxRsiWCOnlHXn1qJ3ucfW3v-Bs67u2hHcFIlc2z63YC7e2SGi9vz9hhIFze0jrCfPZ87z7Nwp7UKyVUzkbNvmE8oojwhc8GRWvM3WpxW_NoEj1aaaF7xkMNXICqGU-2bo7qUJpY4O1R9RtWf4pVeXZyrJXdJO5r-uEuNaiN2dHwZVMMPga-dW4Of1doNTfkX10pcArle2J1MaJiKsHaDsUjO5xbOBNwAwFIih01MXqdPw6iJfeHzhfg-qD34Xm6abAYRYgfIMhZig",
        "idToken": "eyJraWQiOiJJZGVudGl0eVRva2VuU2lnbktleSIsImFsZyI6IlJTNTEyIn0%3D.eyJpc3MiOiJhd3MtbGFtYmRhIiwiZXhwIjoxNzE5MjE4MDgwLCJzdWIiOiJpZC10b2tlbiIsImF1ZCI6InJpbmciLCJqdGkiOiJmNDk4MDY2Ni1kNGVkLTRiMDItOTYxMy0yNDg4M2Y3MTIwZWIiLCJ1c2VySWQiOiI2NTNmMTA4YTM5NmRlMjAwMGFjZDQzZDQiLCJlbWFpbCI6InRocml2ZS1pb3MrNEBwbHVtZS5jb20iLCJnZW5kZXIiOiIiLCJiaXJ0aGRhdGUiOiIifQ%3D%3D.Ba2mwohj60%2Bxa%2BkBTszurFzLekbRDq4NE3hoT0UIm5zcBxioSBfuQkk3GJ%2BBhg9%2B4WR%2BiKwzmp6lFDMuPC2Dl2k4mnm6xc%2Fn6d%2B1kuXuVvV9SUiD%2F6ayvRsfoCsv805mQbm%2BY9%2BrrrfdxsfGhYdpbHEqirRnwoP%2FhNbucmnRICj2bcN7D4t61dAddcIjV1UTGXf%2FPDQxTiZ1%2F%2BGeXXnWKgsyfjygEL6GJwcPBARHl%2FIFamcX6JqoAkw2tZ9hIugfy627Va0N0HRI9YHXYM05ARxvmYsxn%2BhnZVyapJ%2F9SZK%2FpBRMOkGWf7%2FCFjW2dAlyvciiBvvpXbvUsBGUg8zUlnj%2FKGJbsIHDujGxziMTV%2BLkkY6Rmotqaga26iqQLT4FPlsVFBCzb5bXVOqjB1l%2B5tt51iJby5KdnCUZdJYdg97ldS9yV1%2Fcp7oyYWNLeEL3m%2FgJedsaPI5dF4a1o3KZNJ2OyvO1aE0pAPy7SJzsPqq3NSaXX4k23SIrxIcE%2BCrv7TInlMxPcME%2BfoMULWn31FUSHMAcEmDtW1kay5Os%2BpjUJsVD3D8DbZ9vRWSEEVPh28s6vnQR8YdE53KrhSRvD1w9aPlQcqAacTzI2tJkDUEbZmvu6thq4eruxyMmUbXLRr3v3vhrj9Xx339RX2cT8j3BqMRuO%2FgKi3eYgxAaEjc%3D",
        "refreshToken": "eyJraWQiOiJSZWZyZXNoVG9rZW5TaWduS2V5IiwiY3R5IjoiSldUIiwiZW5jIjoiQTI1NkdDTSIsImFsZyI6IlJTNTEyIn0%3D.AQICAHgg7rlLlhJZMilo20zyx9NECjg%2F8q0XYyoRMcHYs4Nh4AGRN97Yn2ExansFLaPFb5rOAAABUTCCAU0GCSqGSIb3DQEHBqCCAT4wggE6AgEAMIIBMwYJKoZIhvcNAQcBMB4GCWCGSAFlAwQBLjARBAxzBaA6n%2BelKhU%2FaoUCARCAggEEU4goHbioQPA4iqshDYU90qR%2FSFJnXQY028QXHpHf%2BXx%2FgZa7%2BsvlM%2FiEDhLdb9PQB%2Bqa8zSRsu%2B0uUWHLu0QMAgXRoptj44OaGwVNMpulgWDCS9CITSYgCpqzLy7cLkWGixqBDczXwOvwf%2FAoeGIoGrrZ%2BtaP2%2FSu%2FAy1UFJFbo9f%2B9554J%2FJ%2FrR9Aai%2B2rHECTjQHHuKIHStt4aa1vzYv5RRzsNosPZYSfYKYM4zsLvyEuJ7OeNeT%2FqarDxzt7WX%2Bd6PZHV5P9vEizTqh9vCgpGNcFBTBWkWvX8t70L2j%2Bk2MqoByWrNdoiGsV8KbzDB0O6CZCZOlybTv9zRH%2FKgnYRWr4%3D.csL%2BnYjCTdc6vZc1njH0pU2mAEC7OJ72V8dHWOnAGAxynlcnNNw8SPGkUZMLFrL9riZDcGdsxjw7D3p8Q97S0LXszyJt3Qek%2FAquVb36yrpoBg2r5W7LfuyRx9QnSkQ9B0PGtq1fmzRdALW%2FAlxv5N2RJoG0wRKwmZ6UPE5%2FLMJ%2BI3xpS8aPC6GARFOTpon9AX6h%2BBbdZIErSVdHfXQPZeJh1wYptlJQroK6WHOsNwwaJwkKG2kis%2F28TfVzvRqVBwNo8majyPTRvUgf1mun8xhbBIfOBG6IxIhHzhbfaWIlcy5DHcW2KsLa95gBUexKaizg3PTjgGt%2BQDRN4p81CbCRpi0eCWFQGyTgfjkLv1trjh4qpIZGpPUqI286rsbds8BV4IMYlJZYWpud%2FgcfKQ6%2FAdilBuj1Oe1fdrt16U6zSoGnpy3zIIgOx%2FziKePptDQhoXAO1YEySChCuHmLX9e8hfkZfDBBwiRC0RQ5Jb5M0aZJ25hC64cWY%2FuBSLrmjAxgN%2FgfwcgjDwIP10ej7SvY%2FI19bX95AQO9HPbc9CYykhxGJe7dDwDbwnpucrSxuUsPVFg8TalHYdn%2FhoXOGgXAXwdlprNdRk9KPvCZWl7IxNAXS8IymliMgL6su2nJQpqNBrtNE0stTD1HF2h8mZ3Onc8IDOBYZxNIH3ecLrA%3D",
        "identityId": "us-west-2:216c0995-3a36-4432-bdf1-81f82cf64b74"
    }
}

