2023-12-19 08:10:28: -----------Request----------->
POST https://thrive-dog1-usw2-api.data.plume.tech/pwb/PlumeCloudLogin

User-Agent: python-requests/2.31.0
Accept-Encoding: gzip, deflate
accept: application/json
Connection: keep-alive
Content-Type: application/json
Content-Length: 73

{
    "email": "thrive-ios+4@plume.com",
    "password": "plume1234",
    "ttl": 3600
}

2023-12-19 08:10:28: <-----------Response-----------
Status code: 200, elapsed seconds: 5.015096

Date: Tue, 19 Dec 2023 00:10:26 GMT
Content-Type: application/json
Content-Length: 729
Connection: keep-alive
x-amzn-RequestId: 6108b8d3-9ce7-4aab-8580-8676cfb585e2
Access-Control-Allow-Origin: *
x-amz-apigw-id: QKfZxGq9PHcEVQw=
X-Amzn-Trace-Id: Root=1-6580df71-6fdad41e290650082b3a595d;Sampled=0;lineage=7fdd2b1e:0

{
    "data": {
        "id": "BR87ul7ggun1Giv2iiPW9M3V07iJBLAiNYAZYvjmvT1GUD2Rynk8fGOE30CH5gHj",
        "ttl": 3600,
        "created": "2023-12-19T00:10:26.569Z",
        "userId": "653f108a396de2000acd43d4",
        "expireAt": "2023-12-19T01:10:26.569Z",
        "user": {
            "id": "653f108a396de2000acd43d4",
            "accountId": "3b2c42d4-7cee-4756-b4bd-491cacc1ae57",
            "anonymous": false,
            "autoProvisioned": false,
            "name": "thrive-ios+4",
            "locked": false,
            "partnerId": "mobile_qa_test",
            "acceptLanguage": "en-US",
            "preferredLanguage": "en",
            "source": "customCreate",
            "createdAt": "2023-10-30T02:10:18.214Z",
            "provisioningSsoAuditTrail": false,
            "_version": "1.0.0",
            "email": "thrive-ios+4@plume.com",
            "emailVerified": true,
            "firstKnownLoginTimestamp": "2023-10-30T02:15:53.570Z"
        }
    },
    "result": {
        "code": 201000,
        "message": "Successfully."
    }
}

2023-12-19 08:10:32: -----------Request----------->
POST https://thrive-dog1-usw2-api.data.plume.tech/pwb/AuthenticateWithPlumeToken

User-Agent: python-requests/2.31.0
Accept-Encoding: gzip, deflate
accept: application/json
Connection: keep-alive
Content-Type: application/json
Content-Length: 121

{
    "accessToken": "BR87ul7ggun1Giv2iiPW9M3V07iJBLAiNYAZYvjmvT1GUD2Rynk8fGOE30CH5gHj",
    "userId": "653f108a396de2000acd43d4"
}

2023-12-19 08:10:32: <-----------Response-----------
Status code: 200, elapsed seconds: 2.16499

Date: Tue, 19 Dec 2023 00:10:30 GMT
Content-Type: application/json
Content-Length: 3800
Connection: keep-alive
x-amzn-RequestId: 064aef40-7072-4811-b003-8e970de574ad
Access-Control-Allow-Origin: *
x-amz-apigw-id: QKfaYFGRPHcEEDw=
X-Amzn-Trace-Id: Root=1-6580df75-7321bf2b081981730ad5ff52;Sampled=0;lineage=144e69e0:0

{
    "data": {
        "email": "thrive-ios+4@plume.com",
        "userGroup": "admin",
        "userName": "thrive-ios+4",
        "userId": "653f108a396de2000acd43d4",
        "accessToken": "eyJraWQiOiJ1cy13ZXN0LTI0IiwidHlwIjoiSldTIiwiYWxnIjoiUlM1MTIifQ.eyJzdWIiOiJ1cy13ZXN0LTI6Y2M2OTIxNjgtNWU5NS00YWRhLWFkNjgtNGI2YTFjYWYwMTU1IiwiYXVkIjoidXMtd2VzdC0yOjU2YzQyNDM5LWJlMmMtNDUyMy04YmUwLTEwYjU4ODVlYTczMyIsImFtciI6WyJhdXRoZW50aWNhdGVkIiwic3RhZ2luZy1wd2IucGx1bWUuY29tIiwic3RhZ2luZy1wd2IucGx1bWUuY29tOnVzLXdlc3QtMjo1NmM0MjQzOS1iZTJjLTQ1MjMtOGJlMC0xMGI1ODg1ZWE3MzM6QlI4N3VsN2dndW4xR2l2MmlpUFc5TTNWMDdpSkJMQWlOWUFaWXZqbXZUMUdVRDJSeW5rOGZHT0UzMENINWdIaiJdLCJpc3MiOiJodHRwczovL2NvZ25pdG8taWRlbnRpdHkuYW1hem9uYXdzLmNvbSIsImh0dHBzOi8vY29nbml0by1pZGVudGl0eS5hbWF6b25hd3MuY29tL2lkZW50aXR5LXBvb2wtYXJuIjoiYXJuOmF3czpjb2duaXRvLWlkZW50aXR5OnVzLXdlc3QtMjoxNDMwODk2MTA0ODI6aWRlbnRpdHlwb29sL3VzLXdlc3QtMjo1NmM0MjQzOS1iZTJjLTQ1MjMtOGJlMC0xMGI1ODg1ZWE3MzMiLCJleHAiOjE3MDMwMzEwMzAsImlhdCI6MTcwMjk0NDYzMH0.TakeAjnVze_sNjLOGs2-RCNto5ddgyS9GfBQ1_-5ldnU_MBvLoLAAdrCCP1UOB3H2MJYmrblyZDhVoXL70l0ts_RooOjJRYHwv3sat_GXs3_dUpZCojFXIxhILLkLIPCp4JdvfBgnObBHdLVGFqZP6TUKHO1ZIOgrqpNFRXVWG1hU4_0aqN8BDoszEwMuPYbN5BI0AEmPgjBo018MOx5nq8NfAhqLjgykgwNem42B_-34uPcWGko-GiBz7kRd8RST2GBKQL2Zj0zPoipJXXua0V8eySC4yea5XIU_EtDTDYEFbeGXa-4A24kmjTYk05pphMTlnT38nCea9g-w50GKg",
        "idToken": "eyJraWQiOiJJZGVudGl0eVRva2VuU2lnbktleSIsImFsZyI6IlJTNTEyIn0%3D.eyJpc3MiOiJhd3MtbGFtYmRhIiwiZXhwIjoxNzE4NDk2NjMwLCJzdWIiOiJpZC10b2tlbiIsImF1ZCI6InJpbmciLCJqdGkiOiIyNDA2MGQzNi00ZDk1LTQ5ZjktOWU5Ny1kMTQwOGE2NDZlZTgiLCJ1c2VySWQiOiI2NTNmMTA4YTM5NmRlMjAwMGFjZDQzZDQiLCJlbWFpbCI6InRocml2ZS1pb3MrNEBwbHVtZS5jb20iLCJnZW5kZXIiOiIiLCJiaXJ0aGRhdGUiOiIifQ%3D%3D.IMNfVOrE0zUK9IXEqhcBSDB5sZaIn19uky3V0V54kiIshSDmUGB5c0C3kpYkuTm7UOQy%2F2gAYTt5yfgU5iEpeeHSrJcCxyXaeMUCZUFDbgmY3i8mkYvsNTmWJ6feWyY47id1rZQ1gsxL2riWhKQZ%2BoTz4HpLRWU3BAv59nSx%2FnR8G%2BI5%2BeWnYrSBxxmghGDx2kffhNaOgau6yBlNaBBdsYmg%2Bd9dLlG19GJs2BISyZczfc8kT6eo326zp2ZPob%2FksetbiZ6pxMxhqeZTOi%2B4E1X3DmvGUkphGhTlbaGD6pn9NcR%2F8QCs%2FuAEFvKt1bpAcXpf%2FIMWmclBr3e2huSQMBA2A9QI5t4wa8O%2FqLet6b6JJw9PkUaV7pvDgkb77PNHPXsVQ3NYxiVrvESCbbm2oKA73%2B8TK71zEl9PFJhHbmStnLABdIP74cnf7Ngr%2BieE%2BK3keMG2XeX%2Flkf%2FRt3bKh0wIYXiS8lr19yaXC6Qo0DDB2OHWeTNBOZRbOsPfk7iG52lbXlAGaKW79Hfm%2FUwihzWk1ZCC4iuFEaiTwC9cDRgMIPK08F0KvnkjID21uai8T2pQ5fHJwmzA0gGJNRAn%2BXx1iWrs5Hxj%2Bd%2BJMulz6Rz7R9Udkz29IBcrVtet5K2IZLiy07aTXdciTayAs7sqpx2NMKQKeh2ZNxy2OBQ6To%3D",
        "refreshToken": "eyJraWQiOiJSZWZyZXNoVG9rZW5TaWduS2V5IiwiY3R5IjoiSldUIiwiZW5jIjoiQTI1NkdDTSIsImFsZyI6IlJTNTEyIn0%3D.AQICAHgg7rlLlhJZMilo20zyx9NECjg%2F8q0XYyoRMcHYs4Nh4AG%2Fgjh4ehlbD80nPje9P9X4AAABUTCCAU0GCSqGSIb3DQEHBqCCAT4wggE6AgEAMIIBMwYJKoZIhvcNAQcBMB4GCWCGSAFlAwQBLjARBAyvfvTrTzQ1gCl4E9wCARCAggEEZaMeCgzfXXWnd%2FUC8myMhbEEKwZ3gS1hLAz6lqS%2BveGdjHY4Bi%2BT8FEGLBnqLRdTxVTqIkD32%2FBcXi7GI9WDILwnQtbzj828fBUEJeq1cFrrgmybHwC4VAvA3IX3E5PAt3DQ7hHIKcDMZr5A3YfsRYSI%2FbmNfeBXxGJb6IOtdqwj98iwSs%2B7piuOJVkDPljOe2txso6t6YuefxwGWnZCk6ZXwgAnFRlsMLESOoeejEDPQVHfnZXJfo4bQ%2BfTmlCJE5LowkIltJbRr62TNiztC9vI2DgFJsaoCzPGuL7mGJCbu1c7dgj6QnzF7CV5WzNTMK22GOWQNDoGt7lNgsYrO03IOto%3D.FfDxkmK8kdyIlVeTqyXvTNs6CykdwVoWktvArWceKhKjaxXPYRl9up0Y2b2h4mqG2Qzqk6GFOCakktA2ohQb7t44HvI7YKrbBdmyZc9YLBnzaZuDGFeKmSZNdPQ21ertqcKrPfFcv5Bnvjrj4kTmoLJXMPP3KjhIrQKgh7K36RVDT6NaPrLRKSVN68SKOAudMXY6NHVriP1Y9HIX%2FnSYCb902nxCR5%2BLuRGSvzUkC2NqMFv3zLuNYtT95UH84Pg0iTVGllb21s1isaQ7fXzM%2Bq39Af1Vfx9%2FOOZ8fXraunTzNn3nCMHCQHPlul2%2BK3zZkZZCfycSQbls5RJ7UF%2BYXZVTT3HSIXzFiLjqyAhQL5LiyUzMihMta3eC2bZdkUgofJDgoQ56Lft6gkBUcqe7AzurR7zoBYK3P4qdmNnmpUS3WRwJ2D%2BWXr2qHHfcstdLhzp9g%2Bpzf2v7BPj6JYsoMPDD9%2FFDchY3ZIE6atOcXQ%2Fx0TzLyx5BVXlEDuPX4hNw733jTVd3R4eus2MW3HdmId48rsmM2TZj4BmR7gVnLTZ4o87zRGCq3Xov8LPeiI6Sa3f5SP2BfFkRsc8BQT3nMAkkiP563VmBKdKzIVGOjlRPJlih2h9IEq6Bo2bRnIdTiwvs%2BxCH01kIoUUbcSGxR4eOsmUiT16pFSRRIjVgJ2s%3D",
        "identityId": "us-west-2:cc692168-5e95-4ada-ad68-4b6a1caf0155"
    }
}

2023-12-19 08:10:37: -----------Request----------->
POST https://thrive-dog1-usw2-api.data.plume.tech/pwb/UploadFile

User-Agent: python-requests/2.31.0
Accept-Encoding: gzip, deflate
accept: application/json
Connection: keep-alive
Authorization: Bearer eyJraWQiOiJ1cy13ZXN0LTI0IiwidHlwIjoiSldTIiwiYWxnIjoiUlM1MTIifQ.eyJzdWIiOiJ1cy13ZXN0LTI6Y2M2OTIxNjgtNWU5NS00YWRhLWFkNjgtNGI2YTFjYWYwMTU1IiwiYXVkIjoidXMtd2VzdC0yOjU2YzQyNDM5LWJlMmMtNDUyMy04YmUwLTEwYjU4ODVlYTczMyIsImFtciI6WyJhdXRoZW50aWNhdGVkIiwic3RhZ2luZy1wd2IucGx1bWUuY29tIiwic3RhZ2luZy1wd2IucGx1bWUuY29tOnVzLXdlc3QtMjo1NmM0MjQzOS1iZTJjLTQ1MjMtOGJlMC0xMGI1ODg1ZWE3MzM6QlI4N3VsN2dndW4xR2l2MmlpUFc5TTNWMDdpSkJMQWlOWUFaWXZqbXZUMUdVRDJSeW5rOGZHT0UzMENINWdIaiJdLCJpc3MiOiJodHRwczovL2NvZ25pdG8taWRlbnRpdHkuYW1hem9uYXdzLmNvbSIsImh0dHBzOi8vY29nbml0by1pZGVudGl0eS5hbWF6b25hd3MuY29tL2lkZW50aXR5LXBvb2wtYXJuIjoiYXJuOmF3czpjb2duaXRvLWlkZW50aXR5OnVzLXdlc3QtMjoxNDMwODk2MTA0ODI6aWRlbnRpdHlwb29sL3VzLXdlc3QtMjo1NmM0MjQzOS1iZTJjLTQ1MjMtOGJlMC0xMGI1ODg1ZWE3MzMiLCJleHAiOjE3MDMwMzEwMzAsImlhdCI6MTcwMjk0NDYzMH0.TakeAjnVze_sNjLOGs2-RCNto5ddgyS9GfBQ1_-5ldnU_MBvLoLAAdrCCP1UOB3H2MJYmrblyZDhVoXL70l0ts_RooOjJRYHwv3sat_GXs3_dUpZCojFXIxhILLkLIPCp4JdvfBgnObBHdLVGFqZP6TUKHO1ZIOgrqpNFRXVWG1hU4_0aqN8BDoszEwMuPYbN5BI0AEmPgjBo018MOx5nq8NfAhqLjgykgwNem42B_-34uPcWGko-GiBz7kRd8RST2GBKQL2Zj0zPoipJXXua0V8eySC4yea5XIU_EtDTDYEFbeGXa-4A24kmjTYk05pphMTlnT38nCea9g-w50GKg
Content-Type: application/json
Content-Length: 167

{
    "userId": "653f108a396de2000acd43d4",
    "fileName": "653f108a396de2000acd43d4-60B4F7F504D2-android-1702973412.json",
    "fileType": "application/json",
    "dataType": "json"
}

2023-12-19 08:10:37: <-----------Response-----------
Status code: 200, elapsed seconds: 2.894269

Date: Tue, 19 Dec 2023 00:10:35 GMT
Content-Type: application/json
Content-Length: 1552
Connection: keep-alive
x-amzn-RequestId: 3fc0bea9-4e65-4336-812d-242673ddfecc
Access-Control-Allow-Origin: *
x-amz-apigw-id: QKfbBHjiPHcEb_A=
X-Amzn-Trace-Id: Root=1-6580df79-47eaf7fe6ecfc3477b62cab0;Sampled=0;lineage=9692829f:0

{
    "data": {
        "url": "https://duploservices-thrive-dog1-usw2-plume-log-files.s3.us-west-2.amazonaws.com/json/653f108a396de2000acd43d4/20231219/653f108a396de2000acd43d4-60B4F7F504D2-android-1702973412.json?AWSAccessKeyId=ASIASCUGOF3ZNTWYNXLQ&Content-Type=application%2Fjson&Expires=1703031035&Signature=8EDmOsW3KAaoo6O91sjSFPncMqk%3D&X-Amzn-Trace-Id=Root%3D1-6580df79-47eaf7fe6ecfc3477b62cab0%3BParent%3D3047cdf612d35667%3BSampled%3D0%3BLineage%3D9692829f%3A0&x-amz-security-token=IQoJb3JpZ2luX2VjEFAaCXVzLXdlc3QtMiJGMEQCIGF8PpVhBjO2Qc6ehEU100xS%2BXZAxd27CBlgqzdK5fRqAiATIFSWUXwbp%2Bh3X0FQFwmapbpjbPZ6t8tBTwr9IwS4qCrEAwjJ%2F%2F%2F%2F%2F%2F%2F%2F%2F%2F8BEAIaDDE0MzA4OTYxMDQ4MiIMODEtBE0DgOSReALrKpgDv0GaCWYoWMfXqDCyjAJykpC57XVb6qs1QHHwd7iH76I4WojTpXHz9QhUuh1Xt%2Bixww6NglGPgBxkpS0RmRaj0G393Wn5Lteo4eJW89fGLjfvS9b2TtMhLH6LmHa7DJAwbyiGr4CxnATzbc6k8kUBq0u%2BiqtQaPAj3XM953iTzr98jXXV%2BaaSG07Y%2FgOYpfdhFWbk4eoJLHeLshc3lr7Whofn9QQhn4L%2B8zF6EwC9LL87jpT82j0g0d%2FnbdGMLQhpG70ntN8q6eWM%2BH%2BckVcEDFoYj%2B4DdgIAbyPrz6SMXxocyT9UzHEPe%2BgWESzXzLkpdWIMdpYZnLJK0QhvLLPdgVgPEMYxAJwPAHxfOKSxqIg7VfIenv6VceD7jiU3KEkfJ4oaRMwftDsU7HSef%2FNYidKH9xhGQ5oZRJlJx2WACvJ9UU5m7el6MvlR0spzk2hNUv7Ilqav0dY9xg4r0FuHAOkVK5Uk7vWotFWImhjeU93%2Fn7Mx0u7tz597IoKJZHqXseZfkDtUAha%2BxWylO%2FPYc3Dv5JQSbFX9MPm%2Bg6wGOp8Ba4lenTiXxGWbRnlBZxsZS1YODI3XduV9VULQ2lB9cSwSv%2B2NevaLZ81%2Bta7bpw5u9qCCI08fUaF2vjwGmLPUv4YgSg61vF3AKvKdvSUUoF6ekZ3odmtaR2dE5ZmmPwEdJc98ATC1L8gfehbAvMB4TxKeHxc6VQy%2BNies%2Bxaqxz94jXv82%2Bk83n2wpV6Om1XQCzvySeNrIIJi3QkFUAf8"
    },
    "result": {
        "code": 201000,
        "message": "Successfully."
    }
}

