2023-12-19 09:16:38: -----------Request----------->
POST https://thrive-dog1-usw2-api.data.plume.tech/pwb/PlumeCloudLogin

User-Agent: python-requests/2.31.0
Accept-Encoding: gzip, deflate
accept: application/json
Connection: keep-alive
Content-Type: application/json
Content-Length: 73

{
    "email": "thrive-ios+4@plume.com",
    "password": "plume1234",
    "ttl": 3600
}

2023-12-19 09:16:38: <-----------Response-----------
Status code: 200, elapsed seconds: 0.931106

Date: Tue, 19 Dec 2023 01:16:36 GMT
Content-Type: application/json
Content-Length: 729
Connection: keep-alive
x-amzn-RequestId: 48395626-68ed-4097-bc7d-0270203dd447
Access-Control-Allow-Origin: *
x-amz-apigw-id: QKpGOG2ZvHcESgw=
X-Amzn-Trace-Id: Root=1-6580eef4-302120757e9420205e8502f6;Sampled=0;lineage=7fdd2b1e:0

{
    "data": {
        "id": "fXn7VbN1nAj3WjwG1vbB2YKKfC47q3EFIfzJqJSQbdUlT6bjlpg0EKaraEqSnPgW",
        "ttl": 3600,
        "created": "2023-12-19T01:16:32.997Z",
        "userId": "653f108a396de2000acd43d4",
        "expireAt": "2023-12-19T02:16:32.997Z",
        "user": {
            "id": "653f108a396de2000acd43d4",
            "accountId": "3b2c42d4-7cee-4756-b4bd-491cacc1ae57",
            "anonymous": false,
            "autoProvisioned": false,
            "name": "thrive-ios+4",
            "locked": false,
            "partnerId": "mobile_qa_test",
            "acceptLanguage": "en-US",
            "preferredLanguage": "en",
            "source": "customCreate",
            "createdAt": "2023-10-30T02:10:18.214Z",
            "provisioningSsoAuditTrail": false,
            "_version": "1.0.0",
            "email": "thrive-ios+4@plume.com",
            "emailVerified": true,
            "firstKnownLoginTimestamp": "2023-10-30T02:15:53.570Z"
        }
    },
    "result": {
        "code": 201000,
        "message": "Successfully."
    }
}

2023-12-19 09:16:41: -----------Request----------->
POST https://thrive-dog1-usw2-api.data.plume.tech/pwb/AuthenticateWithPlumeToken

User-Agent: python-requests/2.31.0
Accept-Encoding: gzip, deflate
accept: application/json
Connection: keep-alive
Content-Type: application/json
Content-Length: 121

{
    "accessToken": "fXn7VbN1nAj3WjwG1vbB2YKKfC47q3EFIfzJqJSQbdUlT6bjlpg0EKaraEqSnPgW",
    "userId": "653f108a396de2000acd43d4"
}

2023-12-19 09:16:41: <-----------Response-----------
Status code: 200, elapsed seconds: 1.192538

Date: Tue, 19 Dec 2023 01:16:39 GMT
Content-Type: application/json
Content-Length: 3836
Connection: keep-alive
x-amzn-RequestId: 9f0633be-c57e-4408-b6b0-1aee61961cc5
Access-Control-Allow-Origin: *
x-amz-apigw-id: QKpGrHW1vHcEYEQ=
X-Amzn-Trace-Id: Root=1-6580eef7-036784741417a32e1a4f3527;Sampled=0;lineage=144e69e0:0

{
    "data": {
        "email": "thrive-ios+4@plume.com",
        "userGroup": "admin",
        "userName": "thrive-ios+4",
        "userId": "653f108a396de2000acd43d4",
        "accessToken": "eyJraWQiOiJ1cy13ZXN0LTI0IiwidHlwIjoiSldTIiwiYWxnIjoiUlM1MTIifQ.eyJzdWIiOiJ1cy13ZXN0LTI6NzEzYWRjZjYtODJiNi00MTExLWJhM2QtNjI5MzA5YjFmNTZlIiwiYXVkIjoidXMtd2VzdC0yOjU2YzQyNDM5LWJlMmMtNDUyMy04YmUwLTEwYjU4ODVlYTczMyIsImFtciI6WyJhdXRoZW50aWNhdGVkIiwic3RhZ2luZy1wd2IucGx1bWUuY29tIiwic3RhZ2luZy1wd2IucGx1bWUuY29tOnVzLXdlc3QtMjo1NmM0MjQzOS1iZTJjLTQ1MjMtOGJlMC0xMGI1ODg1ZWE3MzM6ZlhuN1ZiTjFuQWozV2p3RzF2YkIyWUtLZkM0N3EzRUZJZnpKcUpTUWJkVWxUNmJqbHBnMEVLYXJhRXFTblBnVyJdLCJpc3MiOiJodHRwczovL2NvZ25pdG8taWRlbnRpdHkuYW1hem9uYXdzLmNvbSIsImh0dHBzOi8vY29nbml0by1pZGVudGl0eS5hbWF6b25hd3MuY29tL2lkZW50aXR5LXBvb2wtYXJuIjoiYXJuOmF3czpjb2duaXRvLWlkZW50aXR5OnVzLXdlc3QtMjoxNDMwODk2MTA0ODI6aWRlbnRpdHlwb29sL3VzLXdlc3QtMjo1NmM0MjQzOS1iZTJjLTQ1MjMtOGJlMC0xMGI1ODg1ZWE3MzMiLCJleHAiOjE3MDMwMzQ5OTksImlhdCI6MTcwMjk0ODU5OX0.TpgHzZqhxEickTzbGxRxIKFOnOSsoVeuf4e5tShBVgzzkTTzDp2Ai0romCcag90fXxepGQuWQWTAgMUnqTbGDehgyR_nvAS8zUDyrK9lDJ4q4nWY27KyALGaRaR5Bkt5Tt5PVhaccxosBAJ6ns9EuObAq8Xqbtwhqx35dHwdQJWN4rZxh55kyrXmb_p4jSBjXU-L_3YJDyIBTYj8TTGva86IsHQvDGocEYT1JhQXXUuXmHa1ki06KCGY-oiJ0flRttq7Qr2-gZqxMmfMcsn87CnlkLeZlIOEzsys8T4QtgsjnxB1nIRBpBUQ1lUIj4wGs7zDf2VtNYO8yQeyqxHTsw",
        "idToken": "eyJraWQiOiJJZGVudGl0eVRva2VuU2lnbktleSIsImFsZyI6IlJTNTEyIn0%3D.eyJpc3MiOiJhd3MtbGFtYmRhIiwiZXhwIjoxNzE4NTAwNTk5LCJzdWIiOiJpZC10b2tlbiIsImF1ZCI6InJpbmciLCJqdGkiOiIzOGViNGRjMS0xZDk1LTRhMWYtOTQ5ZS05NzY1NTJkNWVmOWEiLCJ1c2VySWQiOiI2NTNmMTA4YTM5NmRlMjAwMGFjZDQzZDQiLCJlbWFpbCI6InRocml2ZS1pb3MrNEBwbHVtZS5jb20iLCJnZW5kZXIiOiIiLCJiaXJ0aGRhdGUiOiIifQ%3D%3D.cY9QHuOPLyAFoOrGXRn2qWw%2BgTzcxNkhEvGF6wc3NggIQEL2ZVdQVQPTJW%2BngDDE8yGZDNlsUlsOrh7eaKqBKRnxN5coAX7egSEcEojG5pSUKVZFtpE8OuLICeBkkqY%2BM2xFGo%2FMYYHUcXAK%2BFuN7KL%2BM%2BI6l92TxwUHlsNSJoPhF1%2FDmpeARc%2Fy%2Bt4rwUtyb8hR8lB2lI2P2tjA7B9YgI77cCn43bkgl02OgpwEL1PN%2FCSOd56XS0fNH1Ew5bTQX170i9Zr%2B7O4flApA7Sg3TPgfC48Ls5RRVs3t%2BoQMsUMPNf7JQcsNSbvd0EYNitR5OHilvav7dbovo%2BItXHfyknTT%2FGjkj7iYzDbCjuVnsikNIN6LrhWkMWnTMcMSrbOC1SUdTC3iLxmSvoOqUYZuaenS3h%2F0e1uNIxN1bGPb7iXBi0zCExnvD%2Fini5SG4xWu9aYBaNhbdcSej5NnMFc6Av505OKhMP%2FeN3rdO7C4xf4kBydgk4N3FCoTQc2nloxGHycUe6vmnvylgHsL6%2Bw4h%2ByIvCSgP8xoUrzFJvwOmz3quEMk3x0K433mX%2FW5uiiuruTNZE%2BJGV3N5r2FgkGkbvyxAD4IKrJLW9Qe%2BH73lFaMrUf9NRgqhVU82XkCUaBWe%2BLPGMB9XqRR%2FHk6aooSdrNtbB2kZNMHRW3%2B946f5k%3D",
        "refreshToken": "eyJraWQiOiJSZWZyZXNoVG9rZW5TaWduS2V5IiwiY3R5IjoiSldUIiwiZW5jIjoiQTI1NkdDTSIsImFsZyI6IlJTNTEyIn0%3D.AQICAHgg7rlLlhJZMilo20zyx9NECjg%2F8q0XYyoRMcHYs4Nh4AH1w8ydIX6huPddGZitQEzNAAABUTCCAU0GCSqGSIb3DQEHBqCCAT4wggE6AgEAMIIBMwYJKoZIhvcNAQcBMB4GCWCGSAFlAwQBLjARBAxLVwByzrlJPUE%2BccwCARCAggEE8DT2Wq543jqVu2zcYtSxoCHhFNt%2FAm19%2B%2F60gYv%2BS2NlEbWFghpFiza%2FpSNHBWkE%2BkH9ArQfjZ%2BQyx3u84f%2BXmyWlElCk3im%2B3pzGFxFnRvkbJudJVir4Up3ofnVnYuBysg56m0OoW6zG77AbaMGbSCbLeLnOol6YEAa8r%2B7oIFAfzorvIhlNnSHXS4uIJqDwCEh7GNcHpqDEk8thyAnUkeGGxqwewZwjzbFC8Bc8%2Bd%2FCcm93P9yDIRydNGG7KeABnI3y%2B3CaLiavLCGtqmxe%2FKe6r2M8SOqFpWQJuDKiZzMpS%2BXSwb2tFHxraf8pnzj%2Ba3p2qmS8KNxdOIaBwyFXeQ3hHA%3D.nsJ%2FAlODbtKJ%2FRI9iK0RsfwJPVALjiPydA1FoT7PPex%2FcDF3FBXLbhYvTJfFEH5tdT%2BArD9MU%2F96yHxLi1rWXzabbJqFl2eyPxMndYI7PTjAR7VmZSsVagc8rT8oAjqp5GOULvTF0WvKxMExfLiRqKOEIpwHSU8VQjJYJq2d1tXS%2FUDhZ3xljQ2ro3ssMt1Ea8nCGoRlAJ1u9QFdLvkwbk7dr5M2hwXJZsdlOg3szDHsTVAr7%2FgtDTrDz1eVknTeQ70d56UHb33%2FT7qA4s2gX6nk%2F4yR1TkgaMW40KqRTkHGH6Gw5tfEx4wVH1j%2BjyHvaKU2NhSf4zjNlZe06C4WtMVu2td36DI0JTPGnHg7P8UlfVMgmhhZJpxymGl0jL7uMBZdPxSfbbo8cYU1Rx6dxudvcr9AjZSCLbUSGTilOR0L5x1kpJHMhVDMuxxuNog1SO0rXjE7AmvwA%2BxCA7WNKEa6c6m4dn5ILEvLND6VTzfDC7Tk1qCB5KLuQTkdGwdhxg9beGyJcsXirADkSGrHfChm6SUjff41sARoiLOOQ2zzQITRYCcLoUHT16n%2BvlE8m3DmpQyKsujcS9SY8AoGlXyswsZc1CK1jmfW6Lam8tqolMoj5Fbsxibj%2BdReI%2FSMOXIPmzW9x%2F4KsdwCT2mvZgW70fkmZNYt0b37HYxjfj0%3D",
        "identityId": "us-west-2:713adcf6-82b6-4111-ba3d-629309b1f56e"
    }
}

2023-12-19 09:16:44: -----------Request----------->
POST https://thrive-dog1-usw2-api.data.plume.tech/pwb/GetReadinessInsightSummary

User-Agent: python-requests/2.31.0
Accept-Encoding: gzip, deflate
accept: application/json
Connection: keep-alive
Authorization: Bearer eyJraWQiOiJ1cy13ZXN0LTI0IiwidHlwIjoiSldTIiwiYWxnIjoiUlM1MTIifQ.eyJzdWIiOiJ1cy13ZXN0LTI6NzEzYWRjZjYtODJiNi00MTExLWJhM2QtNjI5MzA5YjFmNTZlIiwiYXVkIjoidXMtd2VzdC0yOjU2YzQyNDM5LWJlMmMtNDUyMy04YmUwLTEwYjU4ODVlYTczMyIsImFtciI6WyJhdXRoZW50aWNhdGVkIiwic3RhZ2luZy1wd2IucGx1bWUuY29tIiwic3RhZ2luZy1wd2IucGx1bWUuY29tOnVzLXdlc3QtMjo1NmM0MjQzOS1iZTJjLTQ1MjMtOGJlMC0xMGI1ODg1ZWE3MzM6ZlhuN1ZiTjFuQWozV2p3RzF2YkIyWUtLZkM0N3EzRUZJZnpKcUpTUWJkVWxUNmJqbHBnMEVLYXJhRXFTblBnVyJdLCJpc3MiOiJodHRwczovL2NvZ25pdG8taWRlbnRpdHkuYW1hem9uYXdzLmNvbSIsImh0dHBzOi8vY29nbml0by1pZGVudGl0eS5hbWF6b25hd3MuY29tL2lkZW50aXR5LXBvb2wtYXJuIjoiYXJuOmF3czpjb2duaXRvLWlkZW50aXR5OnVzLXdlc3QtMjoxNDMwODk2MTA0ODI6aWRlbnRpdHlwb29sL3VzLXdlc3QtMjo1NmM0MjQzOS1iZTJjLTQ1MjMtOGJlMC0xMGI1ODg1ZWE3MzMiLCJleHAiOjE3MDMwMzQ5OTksImlhdCI6MTcwMjk0ODU5OX0.TpgHzZqhxEickTzbGxRxIKFOnOSsoVeuf4e5tShBVgzzkTTzDp2Ai0romCcag90fXxepGQuWQWTAgMUnqTbGDehgyR_nvAS8zUDyrK9lDJ4q4nWY27KyALGaRaR5Bkt5Tt5PVhaccxosBAJ6ns9EuObAq8Xqbtwhqx35dHwdQJWN4rZxh55kyrXmb_p4jSBjXU-L_3YJDyIBTYj8TTGva86IsHQvDGocEYT1JhQXXUuXmHa1ki06KCGY-oiJ0flRttq7Qr2-gZqxMmfMcsn87CnlkLeZlIOEzsys8T4QtgsjnxB1nIRBpBUQ1lUIj4wGs7zDf2VtNYO8yQeyqxHTsw
Content-Type: application/json
Content-Length: 126

{
    "userId": "653f108a396de2000acd43d4",
    "startTime": 1702915200,
    "endTime": 1703001599,
    "interval": "week",
    "utcTimeOffset": 8
}

2023-12-19 09:16:44: <-----------Response-----------
Status code: 200, elapsed seconds: 0.861719

Date: Tue, 19 Dec 2023 01:16:42 GMT
Content-Type: application/json
Content-Length: 448
Connection: keep-alive
x-amzn-RequestId: 1f7972c6-a3a6-488b-abcb-89c2385a31b6
Access-Control-Allow-Origin: *
x-amz-apigw-id: QKpHLHjnPHcEQyg=
X-Amzn-Trace-Id: Root=1-6580eefa-2ac1a3182900f82a583fafc8;Sampled=0;lineage=67de1c93:0

{
    "data": {
        "userId": "653f108a396de2000acd43d4",
        "startTime": 1702742400,
        "endTime": 1703347199,
        "interval": "week",
        "readinessInsightSummaryList": [
            {
                "userId": "653f108a396de2000acd43d4",
                "startpDate": 1702742400,
                "interval": "week",
                "avgReadinessScore": 10,
                "maxReadinessScore": 10,
                "minReadinessScore": 10,
                "avgHrvScore": 67,
                "maxHrvScore": 67,
                "minHrvScore": 67,
                "avgStressScore": 2,
                "maxStressScore": 2,
                "minStressScore": 2
            }
        ]
    },
    "result": {
        "code": 201000,
        "message": "Successfully."
    }
}

