2023-12-21 13:29:37: -----------Request----------->
POST https://thrive-dog1-usw2-api.data.plume.tech/pwb/PlumeCloudLogin

User-Agent: python-requests/2.31.0
Accept-Encoding: gzip, deflate
accept: application/json
Connection: keep-alive
Content-Type: application/json
Content-Length: 73

{
    "email": "thrive-ios+4@plume.com",
    "password": "plume1234",
    "ttl": 3600
}

2023-12-21 13:29:37: <-----------Response-----------
Status code: 200, elapsed seconds: 1.809177

Date: Thu, 21 Dec 2023 05:29:35 GMT
Content-Type: application/json
Content-Length: 729
Connection: keep-alive
x-amzn-RequestId: 9f34d58d-3463-466d-9f7b-97cc3d65c29b
Access-Control-Allow-Origin: *
x-amz-apigw-id: QR0BuEpWvHcEZRA=
X-Amzn-Trace-Id: Root=1-6583cd3d-69c879be4c78f0bd5908cdea;Sampled=0;lineage=7fdd2b1e:0

{
    "data": {
        "id": "FUf7eEgjljtRYhx6GBsTIsO4Y4Duaw7U8QfHapqWzdtgroMUVS0yQdwOwCF9domP",
        "ttl": 3600,
        "created": "2023-12-21T05:29:29.999Z",
        "userId": "653f108a396de2000acd43d4",
        "expireAt": "2023-12-21T06:29:29.999Z",
        "user": {
            "id": "653f108a396de2000acd43d4",
            "accountId": "3b2c42d4-7cee-4756-b4bd-491cacc1ae57",
            "anonymous": false,
            "autoProvisioned": false,
            "name": "thrive-ios+4",
            "locked": false,
            "partnerId": "mobile_qa_test",
            "acceptLanguage": "en-US",
            "preferredLanguage": "en",
            "source": "customCreate",
            "createdAt": "2023-10-30T02:10:18.214Z",
            "provisioningSsoAuditTrail": false,
            "_version": "1.0.0",
            "email": "thrive-ios+4@plume.com",
            "emailVerified": true,
            "firstKnownLoginTimestamp": "2023-10-30T02:15:53.570Z"
        }
    },
    "result": {
        "code": 201000,
        "message": "Successfully."
    }
}

2023-12-21 13:29:41: -----------Request----------->
POST https://thrive-dog1-usw2-api.data.plume.tech/pwb/AuthenticateWithPlumeToken

User-Agent: python-requests/2.31.0
Accept-Encoding: gzip, deflate
accept: application/json
Connection: keep-alive
Content-Type: application/json
Content-Length: 121

{
    "accessToken": "FUf7eEgjljtRYhx6GBsTIsO4Y4Duaw7U8QfHapqWzdtgroMUVS0yQdwOwCF9domP",
    "userId": "653f108a396de2000acd43d4"
}

2023-12-21 13:29:41: <-----------Response-----------
Status code: 200, elapsed seconds: 2.215682

Date: Thu, 21 Dec 2023 05:29:39 GMT
Content-Type: application/json
Content-Length: 3832
Connection: keep-alive
x-amzn-RequestId: 66157019-5152-4f9b-bee1-37fe968344ef
Access-Control-Allow-Origin: *
x-amz-apigw-id: QR0CUGpBPHcEgiw=
X-Amzn-Trace-Id: Root=1-6583cd41-076b1b774bd0413d2d4465af;Sampled=0;lineage=144e69e0:0

{
    "data": {
        "email": "thrive-ios+4@plume.com",
        "userGroup": "admin",
        "userName": "thrive-ios+4",
        "userId": "653f108a396de2000acd43d4",
        "accessToken": "eyJraWQiOiJ1cy13ZXN0LTI0IiwidHlwIjoiSldTIiwiYWxnIjoiUlM1MTIifQ.eyJzdWIiOiJ1cy13ZXN0LTI6NWRmNTMzYmYtZWM2NS00YTljLTkzMTgtMjhmMTI4ZDRmMzdhIiwiYXVkIjoidXMtd2VzdC0yOjU2YzQyNDM5LWJlMmMtNDUyMy04YmUwLTEwYjU4ODVlYTczMyIsImFtciI6WyJhdXRoZW50aWNhdGVkIiwic3RhZ2luZy1wd2IucGx1bWUuY29tIiwic3RhZ2luZy1wd2IucGx1bWUuY29tOnVzLXdlc3QtMjo1NmM0MjQzOS1iZTJjLTQ1MjMtOGJlMC0xMGI1ODg1ZWE3MzM6RlVmN2VFZ2psanRSWWh4NkdCc1RJc080WTREdWF3N1U4UWZIYXBxV3pkdGdyb01VVlMweVFkd093Q0Y5ZG9tUCJdLCJpc3MiOiJodHRwczovL2NvZ25pdG8taWRlbnRpdHkuYW1hem9uYXdzLmNvbSIsImh0dHBzOi8vY29nbml0by1pZGVudGl0eS5hbWF6b25hd3MuY29tL2lkZW50aXR5LXBvb2wtYXJuIjoiYXJuOmF3czpjb2duaXRvLWlkZW50aXR5OnVzLXdlc3QtMjoxNDMwODk2MTA0ODI6aWRlbnRpdHlwb29sL3VzLXdlc3QtMjo1NmM0MjQzOS1iZTJjLTQ1MjMtOGJlMC0xMGI1ODg1ZWE3MzMiLCJleHAiOjE3MDMyMjI5NzgsImlhdCI6MTcwMzEzNjU3OH0.OkdAkdt4nGH2MKQmpNXoVerU9eas5z2papabx81r70pAjf6q103HqKvLW-morkl2grOt2L1YGCAel_kwVSud9WSPkZD8m7Ebe2h08K-kL7u4yTX948C6v0AfEiyyML_J0zGvWV7QThWFzmlRICJiicCXKOZ6BATBt4oHhdNX4GtdkhPJEUl5rYkEyepSnd8dt9JV2_rq92-qj_S4IUqcCjZ-6ghvmZTitnypBG-qROtMsGlHpI9qTRpfsRT4vZTTridQ1Au-6f8fmGWqxk5t2iMB5_sIyljVhH3mIhNoro3Zc-CAIu9ETJ0nRVBlzulU2yKm741gKPZ0N_eLCd1ovw",
        "idToken": "eyJraWQiOiJJZGVudGl0eVRva2VuU2lnbktleSIsImFsZyI6IlJTNTEyIn0%3D.eyJpc3MiOiJhd3MtbGFtYmRhIiwiZXhwIjoxNzE4Njg4NTc5LCJzdWIiOiJpZC10b2tlbiIsImF1ZCI6InJpbmciLCJqdGkiOiJhMTcyNmI3NC1hMjY5LTQ4ZjItODg1MS1kMzgyZTdkMjQyZTMiLCJ1c2VySWQiOiI2NTNmMTA4YTM5NmRlMjAwMGFjZDQzZDQiLCJlbWFpbCI6InRocml2ZS1pb3MrNEBwbHVtZS5jb20iLCJnZW5kZXIiOiIiLCJiaXJ0aGRhdGUiOiIifQ%3D%3D.EcfgEPk4xp1%2FLN0HO%2BfRDrAVf3wZUuBr2QBHjJooRaVHvLwH8U%2B6ms7CVitlpSk31I6vYSa8xNJSb4NWkn17LO35yaJhEBaXhg4f79LyAkdPrxGfrJQJm30cSPd841FS6iEMY%2B4ouy3gOLt7t14l4vKS8iflNyukRoJ1Hrz8aKZuUnmrhVuuRrbxqXfjJbsNN3LiJw5OKlPTnpjGlVKVKrNomaa%2FjRxwk4FMiTBKFzkXzd5syslIfWooSA9pIgHkbq6RX1VecoPzAsl%2F%2F6C3rRLzMU730PJgwHB4H5UtkvCuJIZ5Xe9ZJLjKEYXEctZXUC3h9jns1YM1rT2g4OEnoDXxN2CagwlBJ6jNSdGmpQtSgAHq67aNjDfayDc7pWUgJThSSMMpMJ%2B%2B6H5CnXsvSJRXNvI0b0rgaA8jZuanGdOKpkC8b8YzOxeoyzYlusf%2FADa8O2L0Pp%2BNoe12SHxktppjuBtdulGzfL%2FU%2BZSDyVkmR12mdp5Q8qU9hTmVKejtKgDaenLZJ9ueYKEuSBgpFYlNoVE%2BD8%2FnlDd%2B3N4G3qkWV0pdQbVmhMxNL%2BacH7vq51kFgH83vkvtl4nkpaR86z%2FTKzv5NEAKDsT3IQUurj%2B%2FBC0HspnGCjBI2aXBXdGpKdQDh5yKA4%2F20l4P4SXT8N%2F9mN82gb52075B%2BOmFm%2Fs%3D",
        "refreshToken": "eyJraWQiOiJSZWZyZXNoVG9rZW5TaWduS2V5IiwiY3R5IjoiSldUIiwiZW5jIjoiQTI1NkdDTSIsImFsZyI6IlJTNTEyIn0%3D.AQICAHgg7rlLlhJZMilo20zyx9NECjg%2F8q0XYyoRMcHYs4Nh4AFJusF1RnxM%2BMHiieaDpOd8AAABUTCCAU0GCSqGSIb3DQEHBqCCAT4wggE6AgEAMIIBMwYJKoZIhvcNAQcBMB4GCWCGSAFlAwQBLjARBAyG%2FrNAMjXblGcH4MECARCAggEE9cKO%2B2qAD8yhNDMCdGmVpmisp5Vh0hOo%2FEmTYivzOnI9%2F8R%2FtGRY89rGwZ04%2Bkpx4H8To1%2FxveX7vlj5YBh80iPQVPsMQnnEz4ZB0FgZjqNVYwUfjj6r0YPDmlFneYJRY8KQ6LOsTB3Fo6nEMQ3RDAWvzXghRbEeWj78LLcSoZaLZNdAFOUCNOR42TahEyPLQiE2%2FmIgtRbhVpY0i5hTP%2BavOc8o1UrFRPLommAdiSZZdOpqMjCg%2Ba06HFX53DtEg0ubFlRBO1S9cMvRQNcvXtNfHBjPmJjcydHj9MRNiCrctXT%2FFuOWv5FUxG668yIp4yN41YutWcPYg4Yoo6bdHgcaWjs%3D.JVDuwnY4Ts694Ps5VCiNzSBnGWtQAdNfT9mvVGXixic3d7xIVvnPAc3h2WpJczFxdnvj5iKBcnzhQm22PIFdgh96%2FP13cqVp3Db2QcCAQ6CXNKgldWlXlsvbUv%2BaRv0m%2FnQtnrza0CR7bXWvRby%2BHidxzB%2FujxIryZ4ZGF10jJffOsxei%2B%2BFHVbtNBvDIbGdWWoS7Z8lUpqsHEF4P48NgRBaBZNFWQtZzfvWJEytYVX5fGeMf6obOPnF4mAJQA%2Bzr%2FIEV1FGPhw4%2BpyuTyJvebu%2Fi9RkqNCvSeSdCgkffLOXKOvmKM%2BGHsZkZchKyQAyIXnLAK7gz6MWw3ggszbbNQWC7zR4XbW0U1xk7V3eImlCGoXQVPpVdUxZrxFg9BQCUM6oS4mq%2BaRNe%2F4456SJtwzjXE%2B%2BckouT51XNqELB1jCLpHg1C4dzM2fDDbuOWp5d3EyRVpqHy8oRzATp%2FK%2Bt6ybcawPklTHTEgQk3JIrLoq2TXjPEKIXa7zDeLXkMD5CsLxmjHXiX1b1JSIWFoy6QRMLfqfPe%2Fts6MkhVbLJ8K79RMu8xVURlVAqdmhzOdW3T3HoB5x8SRogh9jFxS6VE5LTZPv%2FECXQKL88qvC6BE2N4yJfBg0RFFznxaCWk0dsfWEdjtgm4GL2IhRg5TDQu5IKlE9ADIzMB2QDXNupEI%3D",
        "identityId": "us-west-2:5df533bf-ec65-4a9c-9318-28f128d4f37a"
    }
}

2023-12-21 13:29:44: -----------Request----------->
POST https://thrive-dog1-usw2-api.data.plume.tech/pwb/GetDailySleepInsightList

User-Agent: python-requests/2.31.0
Accept-Encoding: gzip, deflate
accept: application/json
Connection: keep-alive
Authorization: Bearer eyJraWQiOiJ1cy13ZXN0LTI0IiwidHlwIjoiSldTIiwiYWxnIjoiUlM1MTIifQ.eyJzdWIiOiJ1cy13ZXN0LTI6NWRmNTMzYmYtZWM2NS00YTljLTkzMTgtMjhmMTI4ZDRmMzdhIiwiYXVkIjoidXMtd2VzdC0yOjU2YzQyNDM5LWJlMmMtNDUyMy04YmUwLTEwYjU4ODVlYTczMyIsImFtciI6WyJhdXRoZW50aWNhdGVkIiwic3RhZ2luZy1wd2IucGx1bWUuY29tIiwic3RhZ2luZy1wd2IucGx1bWUuY29tOnVzLXdlc3QtMjo1NmM0MjQzOS1iZTJjLTQ1MjMtOGJlMC0xMGI1ODg1ZWE3MzM6RlVmN2VFZ2psanRSWWh4NkdCc1RJc080WTREdWF3N1U4UWZIYXBxV3pkdGdyb01VVlMweVFkd093Q0Y5ZG9tUCJdLCJpc3MiOiJodHRwczovL2NvZ25pdG8taWRlbnRpdHkuYW1hem9uYXdzLmNvbSIsImh0dHBzOi8vY29nbml0by1pZGVudGl0eS5hbWF6b25hd3MuY29tL2lkZW50aXR5LXBvb2wtYXJuIjoiYXJuOmF3czpjb2duaXRvLWlkZW50aXR5OnVzLXdlc3QtMjoxNDMwODk2MTA0ODI6aWRlbnRpdHlwb29sL3VzLXdlc3QtMjo1NmM0MjQzOS1iZTJjLTQ1MjMtOGJlMC0xMGI1ODg1ZWE3MzMiLCJleHAiOjE3MDMyMjI5NzgsImlhdCI6MTcwMzEzNjU3OH0.OkdAkdt4nGH2MKQmpNXoVerU9eas5z2papabx81r70pAjf6q103HqKvLW-morkl2grOt2L1YGCAel_kwVSud9WSPkZD8m7Ebe2h08K-kL7u4yTX948C6v0AfEiyyML_J0zGvWV7QThWFzmlRICJiicCXKOZ6BATBt4oHhdNX4GtdkhPJEUl5rYkEyepSnd8dt9JV2_rq92-qj_S4IUqcCjZ-6ghvmZTitnypBG-qROtMsGlHpI9qTRpfsRT4vZTTridQ1Au-6f8fmGWqxk5t2iMB5_sIyljVhH3mIhNoro3Zc-CAIu9ETJ0nRVBlzulU2yKm741gKPZ0N_eLCd1ovw
Content-Type: application/json
Content-Length: 134

{
    "userId": "653f108a396de2000acd43d4",
    "startTime": 1703088000,
    "endTime": 1703174399,
    "pageSize": 1,
    "startKey": "",
    "utcOffset": -8
}

2023-12-21 13:29:44: <-----------Response-----------
Status code: 200, elapsed seconds: 0.825413

Date: Thu, 21 Dec 2023 05:29:42 GMT
Content-Type: application/json
Content-Length: 580
Connection: keep-alive
x-amzn-RequestId: 3535f946-0dca-4165-98fb-c5c43734aee2
Access-Control-Allow-Origin: *
x-amz-apigw-id: QR0C-HBXPHcEnuA=
X-Amzn-Trace-Id: Root=1-6583cd45-2ad4022952efbd4a23de35e1;Sampled=0;lineage=75671f14:0

{
    "data": {
        "userId": "653f108a396de2000acd43d4",
        "startTime": 1703088000,
        "endTime": 1703174399,
        "startKey": "",
        "dailySleepInsightList": [
            {
                "deepSleepTime": 3000,
                "awakeTime": 300,
                "remTime": 2400,
                "lightSleepTime": 12902,
                "totalSleepTime": 18302,
                "wakeUpTimes": 1,
                "userId": "653f108a396de2000acd43d4",
                "sleepDate": 1703088000,
                "timeZone": "Asia/Brunei",
                "utcOffset": 8,
                "startTime": 1703103557,
                "endTime": 1703122159,
                "maxHr": 135,
                "minHr": 59,
                "maxSpo2": 100,
                "minSpo2": 90,
                "sleepSessionId": "354195286fe10268efc035dd442865fb",
                "avgHr": 70,
                "avgSpo2": 99,
                "sleepScore": 4
            }
        ]
    },
    "result": {
        "code": 201000,
        "message": "Successfully."
    }
}

