2023-12-04 14:05:18: -----------Request----------->
POST https://thrive-dog1-usw2-api.data.plume.tech/pwb/PlumeCloudLogin

User-Agent: python-requests/2.31.0
Accept-Encoding: gzip, deflate
accept: application/json
Connection: keep-alive
Content-Type: application/json
Content-Length: 73

{
    "email": "thrive-ios+4@plume.com",
    "password": "plume1234",
    "ttl": 3600
}

2023-12-04 14:05:18: <-----------Response-----------
Status code: 200, elapsed seconds: 2.501736

Date: Mon, 04 Dec 2023 06:05:16 GMT
Content-Type: application/json
Content-Length: 729
Connection: keep-alive
x-amzn-RequestId: a87ecf0f-e9ab-4fa0-ad07-b63fdde279a8
Access-Control-Allow-Origin: *
x-amz-apigw-id: PZ3UgF5XvHcEreA=
X-Amzn-Trace-Id: Root=1-656d6c1c-3c157387075521123b35197d;Sampled=0;lineage=7fdd2b1e:0

{
    "data": {
        "id": "WyPPGZ8ZcSOwH8RMMYYaFdKguio4DCRwUe2SIchwHw0CAvHpp1uu7rXaH8DYGum0",
        "ttl": 3600,
        "created": "2023-12-04T06:05:16.695Z",
        "userId": "653f108a396de2000acd43d4",
        "expireAt": "2023-12-04T07:05:16.695Z",
        "user": {
            "id": "653f108a396de2000acd43d4",
            "accountId": "3b2c42d4-7cee-4756-b4bd-491cacc1ae57",
            "anonymous": false,
            "autoProvisioned": false,
            "name": "thrive-ios+4",
            "locked": false,
            "partnerId": "mobile_qa_test",
            "acceptLanguage": "en-US",
            "preferredLanguage": "en",
            "source": "customCreate",
            "createdAt": "2023-10-30T02:10:18.214Z",
            "provisioningSsoAuditTrail": false,
            "_version": "1.0.0",
            "email": "thrive-ios+4@plume.com",
            "emailVerified": true,
            "firstKnownLoginTimestamp": "2023-10-30T02:15:53.570Z"
        }
    },
    "result": {
        "code": 201000,
        "message": "Successfully."
    }
}

2023-12-04 14:05:22: -----------Request----------->
POST https://thrive-dog1-usw2-api.data.plume.tech/pwb/AuthenticateWithPlumeToken

User-Agent: python-requests/2.31.0
Accept-Encoding: gzip, deflate
accept: application/json
Connection: keep-alive
Content-Type: application/json
Content-Length: 121

{
    "accessToken": "WyPPGZ8ZcSOwH8RMMYYaFdKguio4DCRwUe2SIchwHw0CAvHpp1uu7rXaH8DYGum0",
    "userId": "653f108a396de2000acd43d4"
}

2023-12-04 14:05:22: <-----------Response-----------
Status code: 200, elapsed seconds: 1.231366

Date: Mon, 04 Dec 2023 06:05:19 GMT
Content-Type: application/json
Content-Length: 3828
Connection: keep-alive
x-amzn-RequestId: 0041b43c-0921-493a-acb9-53a15afc841a
Access-Control-Allow-Origin: *
x-amz-apigw-id: PZ3U9G0CPHcEGFg=
X-Amzn-Trace-Id: Root=1-656d6c1f-65f1cb38349e131d2db80e62;Sampled=0;lineage=144e69e0:0

{
    "data": {
        "email": "thrive-ios+4@plume.com",
        "userGroup": "admin",
        "userName": "thrive-ios+4",
        "userId": "653f108a396de2000acd43d4",
        "accessToken": "eyJraWQiOiJ1cy13ZXN0LTI0IiwidHlwIjoiSldTIiwiYWxnIjoiUlM1MTIifQ.eyJzdWIiOiJ1cy13ZXN0LTI6MzAwZWIzNTAtNzU1OC00N2U1LTkxMjAtZTRjM2QzMzNhMjZmIiwiYXVkIjoidXMtd2VzdC0yOjU2YzQyNDM5LWJlMmMtNDUyMy04YmUwLTEwYjU4ODVlYTczMyIsImFtciI6WyJhdXRoZW50aWNhdGVkIiwic3RhZ2luZy1wd2IucGx1bWUuY29tIiwic3RhZ2luZy1wd2IucGx1bWUuY29tOnVzLXdlc3QtMjo1NmM0MjQzOS1iZTJjLTQ1MjMtOGJlMC0xMGI1ODg1ZWE3MzM6V3lQUEdaOFpjU093SDhSTU1ZWWFGZEtndWlvNERDUndVZTJTSWNod0h3MENBdkhwcDF1dTdyWGFIOERZR3VtMCJdLCJpc3MiOiJodHRwczovL2NvZ25pdG8taWRlbnRpdHkuYW1hem9uYXdzLmNvbSIsImh0dHBzOi8vY29nbml0by1pZGVudGl0eS5hbWF6b25hd3MuY29tL2lkZW50aXR5LXBvb2wtYXJuIjoiYXJuOmF3czpjb2duaXRvLWlkZW50aXR5OnVzLXdlc3QtMjoxNDMwODk2MTA0ODI6aWRlbnRpdHlwb29sL3VzLXdlc3QtMjo1NmM0MjQzOS1iZTJjLTQ1MjMtOGJlMC0xMGI1ODg1ZWE3MzMiLCJleHAiOjE3MDE3NTYzMTksImlhdCI6MTcwMTY2OTkxOX0.LS8ieqIHz52UUmDTzlvFCE8KBk9qD8YOmDc0OeKYteGqWa66QXwm_pm7ZKC9oRmgOVtB_iOnNXYpbpAOEftfsaC1c6-PYL6qaRHxulIl9sjlbB11fjHo5ekQXlB-Zcg-4aA0ztVYZSSfXZIxuG3SLd60kA0_CejZzYLdtF7gnrzb1xklRHgNu-09PHxWkit3uzGkpEWvTyr7Hb-K-9ai5muAijehLIXisCCFeiYYAXXTFe0qVyRLoGYbehDgjqX9zZ8c-MP4DAYTQHknFcXjCLik5AXowYXVatarCoEto6SNs3TkyYN7xcYMXgF2ClHOx9o6afOPW17ebwsrFSL8MA",
        "idToken": "eyJraWQiOiJJZGVudGl0eVRva2VuU2lnbktleSIsImFsZyI6IlJTNTEyIn0%3D.eyJpc3MiOiJhd3MtbGFtYmRhIiwiZXhwIjoxNzE3MjIxOTIwLCJzdWIiOiJpZC10b2tlbiIsImF1ZCI6InJpbmciLCJqdGkiOiI2MWM5ZTQ4Zi0zMWMwLTQ1MzgtYWQyYS1mNTE3YzU5ZDA0OWIiLCJ1c2VySWQiOiI2NTNmMTA4YTM5NmRlMjAwMGFjZDQzZDQiLCJlbWFpbCI6InRocml2ZS1pb3MrNEBwbHVtZS5jb20iLCJnZW5kZXIiOiIiLCJiaXJ0aGRhdGUiOiIifQ%3D%3D.KseSf%2BOO1OdecZZIwOcSBIDn1mN%2Fv%2FwjwE5fXZ7Od%2FEtZAW8%2FrzoIznwIv0yNayp2XEM91R98%2F1gzfGOMWwfQHFmV1wjvGVSE5ZazXP78YPUk49zlfPZvQkwqRLaJE4z8ceXBu6R1K6xMWxERDM2Mkmy3wK%2B8Nm1PE%2F4rGRB%2B9p9vOflXiS21VB9xjAutKky5XZCwzkij60qCuuubdESEn8ciKpUyW%2FQj9NYmcH2%2BBkhu1FYl4bu22%2Fd6EM0n2eJCW5y%2F%2FwBwRwr8yFCxF0ylbW%2FK%2BGaGtbG%2FA6LDfoh3x1Ej%2FmwvJTj0WeFq3pJT0Lh0Rap3BWBhWLF5qrPYuZvTD1JASCvQqdaqgEfs4mFiYGnN5K5YiYbFDs2NSW2S2jCeKTdtQqcM5FB2Tc0hr0g1Iu4pJZTAiAtfmnex5eIlwJq6XXFL7k46sELklhTSBlmsTuRyfozll2J5tFi8JKokPTdkLxbcJ5KAxseFaXvqJBKOqSPKQb6fgQUJJqK7MDnQh21aK8JUpSqwLOq3V%2F%2BaxPyTwyudcIu2M3m%2F4i1xLLLP%2FMhcvdb4K%2FGfDgdv1aY8uryaT5fEvMPcYtxQ%2F8%2Bnfc8DWTlpcWW6Pxzlvt3YvrdTZ19Gtg8e7uJgAyFv2vMN3xpRlxDC0LniMCpIEDe5yeCbdDDXM9ap3a0JjkrZ4c%3D",
        "refreshToken": "eyJraWQiOiJSZWZyZXNoVG9rZW5TaWduS2V5IiwiY3R5IjoiSldUIiwiZW5jIjoiQTI1NkdDTSIsImFsZyI6IlJTNTEyIn0%3D.AQICAHgg7rlLlhJZMilo20zyx9NECjg%2F8q0XYyoRMcHYs4Nh4AGybCXtnxXU%2ByS%2Bb0MojGYfAAABUTCCAU0GCSqGSIb3DQEHBqCCAT4wggE6AgEAMIIBMwYJKoZIhvcNAQcBMB4GCWCGSAFlAwQBLjARBAyBBlJtVoyWkTcWF5oCARCAggEEm3AJ2Cj5odSAa5TUfVN2GxJiUOw4lzDuuURZ7A1GLr53apnP9vWeRZ3ksDPTQPjgRzyco9Fp8QHLm1%2B6BBF7e%2FnOvbei8mDU2EIQDYwdiLT9WcOOzr746gBudhuDCGsrWzYGxHrch0xm35M2QMYT0Ne%2Bgrzr1BIxQswhtXD%2BbJVLGSGlqeHTQ4KHnIW5WHCeYBwvC4DMJ%2BT2MaKT9whrIRqaBriAGqATDZ%2BrISa4JLA9jz6mrW%2FsgwJZs1ahjTUrljyo3SgnTINaxGxhayOCv6FTcmqAOJZYVTPCccwGyOgPDjp0JE3AjWdFf2Xy95AN75ppeTPej4Axzfwm85J1JhLhQ0Q%3D.qilDTwJFTnHWEaaIcppYo4xxA7ZAhtoSeZbD%2FNayBF11YvPqYdzsb2RtNzjFkHu0oL0ll1kldZHQL11FdB7QlqzXG0E0kEx9qIHbdjqyl1MUAsYnzFz%2F8yJQOptn%2BEBFO6YHwXPXPWU0lhc33Rbi7KtG%2Frct2WqI%2B0HeX3d8rfuNK48WcNtttAXod02MBGjEUIhDs1XVBITREuf1kjdwXA1rk2Th9%2Bpn67VMVWzfNWc6alqYWEAlWJAKT4kFKot6SCX%2BMfJhT93EYAckncpicCDtLz0vg4Ucopd2qhrPYWHr1ew1p%2F%2FvCu7JZbmBrdwEAVizbf4XdLHjNN24TcIs5FksDeyMqVlUXcTrkN5rVpaUFuea0Got2z57J0zsPI6DpknteTD6C%2FBs8yf%2B48t8%2BNdoFJ%2BosJtLolatxKlRCWZC7sBhifHYVcfOJNEW1yn46s2RqmnsDvU4BVy4kf7gOSkMU%2FoiDqSQqjUvHoWTf%2FEDjGnjVS2Q5xYMyLV4S31sHI9PZCB34JJRrBI3U3%2Fq6QsjKgvX9GFwqcgt%2BY1EW6mv6FuUgtazWbMYokzu3qfqcjXApke6bcA%2BjJuqt2n3pzzWW%2BPA1SfxXCo9MmrKPV6J9SPJCXUQBsKMtRENDCjFotaxz6aI7d6YiJdI1AQiD3RCHZd0ud1%2BDsbvWg0seVc%3D",
        "identityId": "us-west-2:300eb350-7558-47e5-9120-e4c3d333a26f"
    }
}

