2023-12-25 16:11:58: -----------Request----------->
POST https://thrive-dog1-usw2-api.data.plume.tech/pwb/PlumeCloudLogin

User-Agent: python-requests/2.31.0
Accept-Encoding: gzip, deflate
accept: application/json
Connection: keep-alive
Content-Type: application/json
Content-Length: 73

{
    "email": "thrive-ios+4@plume.com",
    "password": "plume1234",
    "ttl": 3600
}

2023-12-25 16:11:58: <-----------Response-----------
Status code: 200, elapsed seconds: 1.988449

Date: Mon, 25 Dec 2023 08:11:56 GMT
Content-Type: application/json
Content-Length: 729
Connection: keep-alive
x-amzn-RequestId: 7d331dd6-8402-48e9-9eeb-e0677ebedd05
Access-Control-Allow-Origin: *
x-amz-apigw-id: QfXjyFPGPHcEY4w=
X-Amzn-Trace-Id: Root=1-6589394b-327204be53c60e5e41333233;Sampled=0;lineage=7fdd2b1e:0

{
    "data": {
        "id": "BNtvSGTzFaIxdGXDyM4JZARvQmuLy7CfFmEIBfFrVCWGLNr7nI81nTIiqN4pxEEm",
        "ttl": 3600,
        "created": "2023-12-25T08:11:48.315Z",
        "userId": "653f108a396de2000acd43d4",
        "expireAt": "2023-12-25T09:11:48.315Z",
        "user": {
            "id": "653f108a396de2000acd43d4",
            "accountId": "3b2c42d4-7cee-4756-b4bd-491cacc1ae57",
            "anonymous": false,
            "autoProvisioned": false,
            "name": "thrive-ios+4",
            "locked": false,
            "partnerId": "mobile_qa_test",
            "acceptLanguage": "en-US",
            "preferredLanguage": "en",
            "source": "customCreate",
            "createdAt": "2023-10-30T02:10:18.214Z",
            "provisioningSsoAuditTrail": false,
            "_version": "1.0.0",
            "email": "thrive-ios+4@plume.com",
            "emailVerified": true,
            "firstKnownLoginTimestamp": "2023-10-30T02:15:53.570Z"
        }
    },
    "result": {
        "code": 201000,
        "message": "Successfully."
    }
}

2023-12-25 16:12:02: -----------Request----------->
POST https://thrive-dog1-usw2-api.data.plume.tech/pwb/AuthenticateWithPlumeToken

User-Agent: python-requests/2.31.0
Accept-Encoding: gzip, deflate
accept: application/json
Connection: keep-alive
Content-Type: application/json
Content-Length: 121

{
    "accessToken": "BNtvSGTzFaIxdGXDyM4JZARvQmuLy7CfFmEIBfFrVCWGLNr7nI81nTIiqN4pxEEm",
    "userId": "653f108a396de2000acd43d4"
}

2023-12-25 16:12:02: <-----------Response-----------
Status code: 200, elapsed seconds: 2.414552

Date: Mon, 25 Dec 2023 08:12:00 GMT
Content-Type: application/json
Content-Length: 3856
Connection: keep-alive
x-amzn-RequestId: 619cf0b3-41b7-4724-a7c0-21c25beb2957
Access-Control-Allow-Origin: *
x-amz-apigw-id: QfXkZGGJvHcEfRg=
X-Amzn-Trace-Id: Root=1-6589394f-51589ef0031e3af964d0b891;Sampled=0;lineage=144e69e0:0

{
    "data": {
        "email": "thrive-ios+4@plume.com",
        "userGroup": "admin",
        "userName": "thrive-ios+4",
        "userId": "653f108a396de2000acd43d4",
        "accessToken": "eyJraWQiOiJ1cy13ZXN0LTI0IiwidHlwIjoiSldTIiwiYWxnIjoiUlM1MTIifQ.eyJzdWIiOiJ1cy13ZXN0LTI6ZWQ1MTE4ZjUtM2I5OS00Nzc5LWFkMmQtNmEzMGM3ZjQ4YTM2IiwiYXVkIjoidXMtd2VzdC0yOjU2YzQyNDM5LWJlMmMtNDUyMy04YmUwLTEwYjU4ODVlYTczMyIsImFtciI6WyJhdXRoZW50aWNhdGVkIiwic3RhZ2luZy1wd2IucGx1bWUuY29tIiwic3RhZ2luZy1wd2IucGx1bWUuY29tOnVzLXdlc3QtMjo1NmM0MjQzOS1iZTJjLTQ1MjMtOGJlMC0xMGI1ODg1ZWE3MzM6Qk50dlNHVHpGYUl4ZEdYRHlNNEpaQVJ2UW11THk3Q2ZGbUVJQmZGclZDV0dMTnI3bkk4MW5USWlxTjRweEVFbSJdLCJpc3MiOiJodHRwczovL2NvZ25pdG8taWRlbnRpdHkuYW1hem9uYXdzLmNvbSIsImh0dHBzOi8vY29nbml0by1pZGVudGl0eS5hbWF6b25hd3MuY29tL2lkZW50aXR5LXBvb2wtYXJuIjoiYXJuOmF3czpjb2duaXRvLWlkZW50aXR5OnVzLXdlc3QtMjoxNDMwODk2MTA0ODI6aWRlbnRpdHlwb29sL3VzLXdlc3QtMjo1NmM0MjQzOS1iZTJjLTQ1MjMtOGJlMC0xMGI1ODg1ZWE3MzMiLCJleHAiOjE3MDM1NzgzMjAsImlhdCI6MTcwMzQ5MTkyMH0.LhJfZmzPlVVIgj_O8Pjj4CQJhcdSo_Vhszem-rT6kI9ppHgfrd4UJ6Z_K3aqJb5tm1tIwenpJGHuRm6MW20kJstUrmMRca4A-e9yeVyFobiXFdqv7znTWvAFdGDZ9W8xLNJZbSEsOs_YyitLQmcD-SbsFVL4nIWinWA_p890Xk9QRU1m0Q04hB3vj_vB-CpgK_ZykF21h95tAki1oyJCna5acNpXQaxjU6NZmq-Xr7TxT7p3jUORu_PVXmCFxk_0_zUN1p3iLAeQgMzEeHvxLoyQLHgvJK318534Lcxbajpg9rcxPyN2EKMYeNqL8EAdmFT-Mbn46mN-d8-rbXw-Tg",
        "idToken": "eyJraWQiOiJJZGVudGl0eVRva2VuU2lnbktleSIsImFsZyI6IlJTNTEyIn0%3D.eyJpc3MiOiJhd3MtbGFtYmRhIiwiZXhwIjoxNzE5MDQzOTIwLCJzdWIiOiJpZC10b2tlbiIsImF1ZCI6InJpbmciLCJqdGkiOiJlYTBiMTM3OS0yMjhlLTQ1OGQtOGRjNi1mNzQ1YzM2MGY2Y2IiLCJ1c2VySWQiOiI2NTNmMTA4YTM5NmRlMjAwMGFjZDQzZDQiLCJlbWFpbCI6InRocml2ZS1pb3MrNEBwbHVtZS5jb20iLCJnZW5kZXIiOiIiLCJiaXJ0aGRhdGUiOiIifQ%3D%3D.pT2WT9fLZmrI95eyEnooN4S9o2lHFpub2%2FlswiAfuYJZcqouy0LiGGQZUbMqa6KqJ5WZSLLFw8rgYNRltV7bfHdF4B23XI3paOXrLGp7HJ%2F5DDfMAdvxXhPAKxFIA3690z%2BT9LoANJ7l%2Bs5UTWi%2Bl8C1cY8%2B9GRNyhyynuSOBPhOYEe8x4Ws7cccZMQpMox5gpu%2B9P3J2V4ci8Nk0WDLe65lCufvva9lTsmAc%2Fzf81eX5p933rl7nLCkc%2BzNwUOR%2FrA%2FI1PMLzj2h4%2F7lTLkRH%2BC%2B%2Bh6pH0Q2YQmJAMJqVk3yT%2Fdd6QmhSX7QillAkA93MUZSbnCzj5h7eIPRPHNwabmuj3%2FT0QeOvJhxpeoLU2ozfmej9LCTepTEVgYrwMlPpzOLRwSb2o2erkVo6TL0hR3lr8pN%2BTJ9SDRYlOJiq8kuzZZMtoQDT7TJXFyJuTh21G7dh4xLEcKX0ZvrhAR6rZ9aJSaErtbkzkQCtaIuumXvbB61ZiOdKhIU%2FV%2BRUv%2BcbzL8FL6UnI%2BibLQqFls4XJCbRXVvNYDIJeOPA8bihrPd3rgTPYXDKx21EQXrQzGe%2FSHD3jmq6H2K3YPDEVOfrXNjl%2Bh1wKbTE8EtH4LuOclGU1JPof8LgGUXy2iDEdhiATakC5I%2BZEC6%2F5U4EAbV3jJq1iw2DZO%2BcslKvqo%2FWM%3D",
        "refreshToken": "eyJraWQiOiJSZWZyZXNoVG9rZW5TaWduS2V5IiwiY3R5IjoiSldUIiwiZW5jIjoiQTI1NkdDTSIsImFsZyI6IlJTNTEyIn0%3D.AQICAHgg7rlLlhJZMilo20zyx9NECjg%2F8q0XYyoRMcHYs4Nh4AFbxk46iQPPvHNzavEm9ipeAAABUTCCAU0GCSqGSIb3DQEHBqCCAT4wggE6AgEAMIIBMwYJKoZIhvcNAQcBMB4GCWCGSAFlAwQBLjARBAzzJeWl7ffZ2tKFKzICARCAggEE8G%2FbwCN0EGvHO%2BVEkDzLMr7s%2F5CN%2ByRyraYjBxUf7W7xGMiKC7ZNl6%2BQRRbdd47rQQIOd7LmHmtHLiybZyck9dUx%2FyebkqbgdWUmVfHNb0AHHebpL4SbJtQ%2Fw8mH4FRif2SpeMR3oHlm55cHODy5TOXrx%2FLCIAdbkIHsElxocNZs4qViE6Qa18UkwiRd9FyfOt07%2Fpaf%2BJF9QohliAoP4viqU7kJbp%2B8F2VQ45W%2F9x1jwnmVPsss7nmxMvwPHYblNB1080DrhGZoQBLDlRcsqivGzPI7c%2B2Ja6rV8ujctvw70twzQ6Uwj%2F538dF3TEONO3BCLrpWqrZG3voxZeq7GWcv1UY%3D.OXgycj99I4ba7eFBNP5996Iv6ZtMO3%2BPFlYM6BCfTnL1peIdtqCqi09j%2F3n9m6yBPSdrSMthlCT13Yw7IPkfK9%2BWLW8fpAsgPkC%2B%2FNXYI9k4GoB1v8zIQYCvRCBAAx6VqkJuULtk0xPmafV6VJQ69JrCOzO01kSfTtRxdtgqMyLfBncVIL9b3F3vh1n%2F4pZKH9VuyABI%2BnCIzs%2B%2FhclrwHdIax%2F5lgbzrTd%2BdoQWwqXcn%2FfZvdiA8knZDlvkTLCPjaa1c%2FCdTui6QtIxaFK2dnWng%2BVXI3YWvIL7X1kV7uQp%2BY2pMcBWDiJAHjj5%2FUp5q4FXkaWY1o7swKfqfG%2FnOYH9EYLGb3pyQgSnc0EIvKXa62FoaADpjsB5VRvpGe1l7gGFg%2FAyYI7%2BI0UN4eFnsZCu5yDopGyC1ERApPYy7xS%2Ba3fXmUZR60FiPosAaEcLS0J9ODkxZhd5EoQSUkqosqOs7CDn6kYf62KNuXejJdP6g3p7tXiRTG6vHV6Ur3T%2Fzk2osYxTNENbVjAhgAjIHfelcGaL%2BhIJVM5pzIuFR03BvqQpKznNJTqDDS7S6aWZArgl8EJhUeq7ad%2BqRqrkbea3dOMpcU3ju39mSrzxL3M%2Ff37tM1z%2FpOTqNYOtsgtba0tMYEipOMAYDjnSjZpraWfdK5b4S1%2FhhoztKvH837s%3D",
        "identityId": "us-west-2:ed5118f5-3b99-4779-ad2d-6a30c7f48a36"
    }
}

2023-12-25 16:12:05: -----------Request----------->
POST https://thrive-dog1-usw2-api.data.plume.tech/pwb/GetDailyReadinessInsightList

User-Agent: python-requests/2.31.0
Accept-Encoding: gzip, deflate
accept: application/json
Connection: keep-alive
Authorization: Bearer eyJraWQiOiJ1cy13ZXN0LTI0IiwidHlwIjoiSldTIiwiYWxnIjoiUlM1MTIifQ.eyJzdWIiOiJ1cy13ZXN0LTI6ZWQ1MTE4ZjUtM2I5OS00Nzc5LWFkMmQtNmEzMGM3ZjQ4YTM2IiwiYXVkIjoidXMtd2VzdC0yOjU2YzQyNDM5LWJlMmMtNDUyMy04YmUwLTEwYjU4ODVlYTczMyIsImFtciI6WyJhdXRoZW50aWNhdGVkIiwic3RhZ2luZy1wd2IucGx1bWUuY29tIiwic3RhZ2luZy1wd2IucGx1bWUuY29tOnVzLXdlc3QtMjo1NmM0MjQzOS1iZTJjLTQ1MjMtOGJlMC0xMGI1ODg1ZWE3MzM6Qk50dlNHVHpGYUl4ZEdYRHlNNEpaQVJ2UW11THk3Q2ZGbUVJQmZGclZDV0dMTnI3bkk4MW5USWlxTjRweEVFbSJdLCJpc3MiOiJodHRwczovL2NvZ25pdG8taWRlbnRpdHkuYW1hem9uYXdzLmNvbSIsImh0dHBzOi8vY29nbml0by1pZGVudGl0eS5hbWF6b25hd3MuY29tL2lkZW50aXR5LXBvb2wtYXJuIjoiYXJuOmF3czpjb2duaXRvLWlkZW50aXR5OnVzLXdlc3QtMjoxNDMwODk2MTA0ODI6aWRlbnRpdHlwb29sL3VzLXdlc3QtMjo1NmM0MjQzOS1iZTJjLTQ1MjMtOGJlMC0xMGI1ODg1ZWE3MzMiLCJleHAiOjE3MDM1NzgzMjAsImlhdCI6MTcwMzQ5MTkyMH0.LhJfZmzPlVVIgj_O8Pjj4CQJhcdSo_Vhszem-rT6kI9ppHgfrd4UJ6Z_K3aqJb5tm1tIwenpJGHuRm6MW20kJstUrmMRca4A-e9yeVyFobiXFdqv7znTWvAFdGDZ9W8xLNJZbSEsOs_YyitLQmcD-SbsFVL4nIWinWA_p890Xk9QRU1m0Q04hB3vj_vB-CpgK_ZykF21h95tAki1oyJCna5acNpXQaxjU6NZmq-Xr7TxT7p3jUORu_PVXmCFxk_0_zUN1p3iLAeQgMzEeHvxLoyQLHgvJK318534Lcxbajpg9rcxPyN2EKMYeNqL8EAdmFT-Mbn46mN-d8-rbXw-Tg
Content-Type: application/json
Content-Length: 117

{
    "userId": "653f108a396de2000acd43d4",
    "startTime": 1703433600,
    "endTime": 1703519999,
    "pageSize": 7,
    "startKey": ""
}

2023-12-25 16:12:05: <-----------Response-----------
Status code: 200, elapsed seconds: 1.070595

Date: Mon, 25 Dec 2023 08:12:03 GMT
Content-Type: application/json
Content-Length: 356
Connection: keep-alive
x-amzn-RequestId: 189c8502-156b-495b-a1da-442a1e8bbb20
Access-Control-Allow-Origin: *
x-amz-apigw-id: QfXlHFbbPHcEKDg=
X-Amzn-Trace-Id: Root=1-65893953-5007aece793fb06a6d09fb04;Sampled=0;lineage=774101e1:0

{
    "data": {
        "userId": "653f108a396de2000acd43d4",
        "startTime": 1703433600,
        "endTime": 1703519999,
        "dailyReadinessInsightList": [
            {
                "userId": "653f108a396de2000acd43d4",
                "startTime": 1703449097,
                "endTime": 1703467821,
                "hrvScore": 67.0206414106089,
                "stressScore": 1,
                "readinessScore": 10,
                "utcOffset": 8,
                "timeZone": "Asia/Brunei"
            }
        ]
    },
    "result": {
        "code": 201000,
        "message": "Successfully."
    }
}

