2023-12-04 14:37:48: -----------Request----------->
POST https://thrive-dog1-usw2-api.data.plume.tech/pwb/PlumeCloudLogin

User-Agent: python-requests/2.31.0
Accept-Encoding: gzip, deflate
accept: application/json
Connection: keep-alive
Content-Type: application/json
Content-Length: 73

{
    "email": "thrive-ios+4@plume.com",
    "password": "plume1234",
    "ttl": 3600
}

2023-12-04 14:37:48: <-----------Response-----------
Status code: 200, elapsed seconds: 0.908573

Date: Mon, 04 Dec 2023 06:37:46 GMT
Content-Type: application/json
Content-Length: 729
Connection: keep-alive
x-amzn-RequestId: edca9fa8-21ba-4228-b46a-c66094685d10
Access-Control-Allow-Origin: *
x-amz-apigw-id: PZ8FHFfgvHcEKqw=
X-Amzn-Trace-Id: Root=1-656d73ba-167c10e72d771da23d4cc165;Sampled=0;lineage=7fdd2b1e:0

{
    "data": {
        "id": "3G9JmaIhzNQ65cODSgRClvlExN6JSDChXzFpHN6Osbc9TPt8HnmG7fYQ1DJDkDWw",
        "ttl": 3600,
        "created": "2023-12-04T06:37:46.279Z",
        "userId": "653f108a396de2000acd43d4",
        "expireAt": "2023-12-04T07:37:46.279Z",
        "user": {
            "id": "653f108a396de2000acd43d4",
            "accountId": "3b2c42d4-7cee-4756-b4bd-491cacc1ae57",
            "anonymous": false,
            "autoProvisioned": false,
            "name": "thrive-ios+4",
            "locked": false,
            "partnerId": "mobile_qa_test",
            "acceptLanguage": "en-US",
            "preferredLanguage": "en",
            "source": "customCreate",
            "createdAt": "2023-10-30T02:10:18.214Z",
            "provisioningSsoAuditTrail": false,
            "_version": "1.0.0",
            "email": "thrive-ios+4@plume.com",
            "emailVerified": true,
            "firstKnownLoginTimestamp": "2023-10-30T02:15:53.570Z"
        }
    },
    "result": {
        "code": 201000,
        "message": "Successfully."
    }
}

2023-12-04 14:37:51: -----------Request----------->
POST https://thrive-dog1-usw2-api.data.plume.tech/pwb/AuthenticateWithPlumeToken

User-Agent: python-requests/2.31.0
Accept-Encoding: gzip, deflate
accept: application/json
Connection: keep-alive
Content-Type: application/json
Content-Length: 121

{
    "accessToken": "3G9JmaIhzNQ65cODSgRClvlExN6JSDChXzFpHN6Osbc9TPt8HnmG7fYQ1DJDkDWw",
    "userId": "653f108a396de2000acd43d4"
}

2023-12-04 14:37:51: <-----------Response-----------
Status code: 200, elapsed seconds: 1.256954

Date: Mon, 04 Dec 2023 06:37:49 GMT
Content-Type: application/json
Content-Length: 3824
Connection: keep-alive
x-amzn-RequestId: e3f7bd4c-2d91-45f2-84a2-edecaeec21ca
Access-Control-Allow-Origin: *
x-amz-apigw-id: PZ8FkFo3PHcEttw=
X-Amzn-Trace-Id: Root=1-656d73bc-4c9d65a66cf659b54bff3351;Sampled=0;lineage=144e69e0:0

{
    "data": {
        "email": "thrive-ios+4@plume.com",
        "userGroup": "admin",
        "userName": "thrive-ios+4",
        "userId": "653f108a396de2000acd43d4",
        "accessToken": "eyJraWQiOiJ1cy13ZXN0LTI0IiwidHlwIjoiSldTIiwiYWxnIjoiUlM1MTIifQ.eyJzdWIiOiJ1cy13ZXN0LTI6YWZlZWJhOTUtYjgwZS00MjI3LTk1NjgtMWY3MjZjYWJkMDhjIiwiYXVkIjoidXMtd2VzdC0yOjU2YzQyNDM5LWJlMmMtNDUyMy04YmUwLTEwYjU4ODVlYTczMyIsImFtciI6WyJhdXRoZW50aWNhdGVkIiwic3RhZ2luZy1wd2IucGx1bWUuY29tIiwic3RhZ2luZy1wd2IucGx1bWUuY29tOnVzLXdlc3QtMjo1NmM0MjQzOS1iZTJjLTQ1MjMtOGJlMC0xMGI1ODg1ZWE3MzM6M0c5Sm1hSWh6TlE2NWNPRFNnUkNsdmxFeE42SlNEQ2hYekZwSE42T3NiYzlUUHQ4SG5tRzdmWVExREpEa0RXdyJdLCJpc3MiOiJodHRwczovL2NvZ25pdG8taWRlbnRpdHkuYW1hem9uYXdzLmNvbSIsImh0dHBzOi8vY29nbml0by1pZGVudGl0eS5hbWF6b25hd3MuY29tL2lkZW50aXR5LXBvb2wtYXJuIjoiYXJuOmF3czpjb2duaXRvLWlkZW50aXR5OnVzLXdlc3QtMjoxNDMwODk2MTA0ODI6aWRlbnRpdHlwb29sL3VzLXdlc3QtMjo1NmM0MjQzOS1iZTJjLTQ1MjMtOGJlMC0xMGI1ODg1ZWE3MzMiLCJleHAiOjE3MDE3NTgyNjksImlhdCI6MTcwMTY3MTg2OX0.SqURpfHT8gPA5CWwsZc_6Dd3_RmUPzmHXF3O_z4VA3LB19MJEqCI8vF5z8tLH1DW9CvqJBSakzrTZIg7VWM_ldxVbBkVd-ARFFaUYpy4Tn7L-76GkF1WuHMV0EUYbHSbLuhgneZM0MrwCxXuAJLH9DDJOm-MYwKeOWn0yRdmV8yPfLV6ZdcVKw3rCWurOovs-z7plRW8_re6It81-8tmuc8LazwvVtYfh0Cw14DTZW-qN0LGUWsY9_GqOyHo2vPwbLri4UQQymQE0XwDMD1BJ_wReKS-Lx1o2riqwnvik3LYDEObmWPfnldAb5XBpAp4HTdmVZxR6GVOpebKqpTnJw",
        "idToken": "eyJraWQiOiJJZGVudGl0eVRva2VuU2lnbktleSIsImFsZyI6IlJTNTEyIn0%3D.eyJpc3MiOiJhd3MtbGFtYmRhIiwiZXhwIjoxNzE3MjIzODY5LCJzdWIiOiJpZC10b2tlbiIsImF1ZCI6InJpbmciLCJqdGkiOiIxYWY0ODljOC1jMjBhLTRiY2YtYTMyZS0yNGYwMjM4Mzk1ZGEiLCJ1c2VySWQiOiI2NTNmMTA4YTM5NmRlMjAwMGFjZDQzZDQiLCJlbWFpbCI6InRocml2ZS1pb3MrNEBwbHVtZS5jb20iLCJnZW5kZXIiOiIiLCJiaXJ0aGRhdGUiOiIifQ%3D%3D.RfmH5WVFhKZa3ClosqyLA7kJddyuVIAW%2FIUVSX3QiFA0MVnUZW5LRO1PS0vcBHVMC4OeDMy2UIzo%2Fl6xMHhBVd9T7VFZHRlptszbIFNycRpk9bEX5XACrJZTs%2BvxYdybqwFhTgJfUZZuVO9YFBxyLaVmBUaMNo6j3YO82etqzeKQ64bvlrzc%2FshAKEU9Rykzj%2BYFOfdk3BNw77cy8JPliQe5jlODwQ4zVnUXQW5Swesk5FCeuE46NDB5RHtlbjvYKvyTIY%2Fal4idC%2FHjV%2FHSUU1rC37BV9i%2FRCl80H6sYnpemPvrW6S3E7yythpbVCcFLhpEGq%2F8AjKCM4iGDJxIXkZP7mkLMV4TJQ7TUrocIGbGHvJAzzemAXk7s23D7pJPFFVzaAhTkE%2F3O4plX%2BTeskIOV7bxslICseiov7tPzjJAyJiEcwplV9saNO5LdOEUB9HIbbbqcO6vCOZ4RK15m6Z5XqKvz8%2FPrHW801aT3kMvDHGj%2BFeoQDyEfDFxOTkzEAqzZqrLigs7hIecrto0Qn6JAGrPNvemtodO5sqsSLU%2F255L8XbiFi5KTeSvWKRVk6qLl46cx5mZ5hAnfeYjh9w5SdsiwzteV2a4IO8NZHyts%2BhsAPZZDN%2F3pQIAqsgYVyLW4T8Y4o61MbPqn7sLGu81uk5GiczEU4GE3keAmAc%3D",
        "refreshToken": "eyJraWQiOiJSZWZyZXNoVG9rZW5TaWduS2V5IiwiY3R5IjoiSldUIiwiZW5jIjoiQTI1NkdDTSIsImFsZyI6IlJTNTEyIn0%3D.AQICAHgg7rlLlhJZMilo20zyx9NECjg%2F8q0XYyoRMcHYs4Nh4AGKgkMKJpUiTtAt3auYac1rAAABUTCCAU0GCSqGSIb3DQEHBqCCAT4wggE6AgEAMIIBMwYJKoZIhvcNAQcBMB4GCWCGSAFlAwQBLjARBAwSqL0HhkVwC86V7X8CARCAggEEA7SjnNMIJizdDf8cladHYOReXrzj24RlKR1m9oG%2Bx3Hjk%2F5pVCOxanyFbYDJaL5CGeA1Sqyby%2B3R1O2phRc84qPVTvJqQTyT%2BI9n17lZjYsD8audIrz2xytzQ%2FEyCYuDbqZMyuUTAzL9%2Bav0WJv4qdFTWmw4rVaPPuLu1A9Sgc%2FJTple9%2B%2B7SAHJwU3SkPBVAkXlr%2Ffyx9He%2BIY0T2H2pnbciWvcdECMMCubIEcc1zYDs%2FDd1OMr8UH2Cp22mC2yEfUI58mCOGP9%2F8uM%2Bqm0w9zp00e1wHyjnYQNq4ND5tkZtxvbxTDqVWw9oUY8dXBiycuNfUkGE4LmAJBCXavMMiCXibE%3D.Ty%2Bk5FJeXDxsgouU5GLuZxFxw74C3cbCuNaEXwH1vTEUdt8M16CJqEl7BSLsTcWAEkS87eV3AdrTsvDSEL9t6l%2BUk8Bayob2lKC88fHZ4IHz3QwyN%2FpVo1O3OKxiCYcOdg94hR8WHvbJQcN23OdENBbRxZuSFYSdfbv%2Fa8RyfntnD6xO7kmpY5hyZVLO6Cu7N3InAW4bdfYC%2BvByHv5iX8gRR8zBDj2qaCL9XkeiPo5v3YMC8cYeUsU4alLuBnUCnJ1eYag%2BJmCwF6Pm%2B4faZIbLcivXZVKlKYVrHNFvUBVdVCdYUFYXOAMxkrCkt1EezoZTqxwFaqqMFcLbolMeN94%2F%2BbKY%2BrrDIoWD5dL%2BeXIBXsRC%2F7CbVowHMcRXBoxWiqCGMhOmabpDAFDa7nXmu%2F6wU4S6%2BJNVQDY3txk%2F%2Fll8mv3r1gTpgyfY8cbcx8HN6Fiz9%2Fv1X4UowaPXuXffn5MuNBtcNzWhAF7V1k4iwopyLurE0Fwd8Zq3iVRCZM%2BFq8Lf2L0yA2eyY5ePVLKOrAmtmFLO5uDMc5bj2%2FzE9QHTO%2FatEPS8w88X6JNknCunfJmRB3gForeTme2SUrlCTljWYODwSN8rs%2BAOvkatrxRa6zH0o14qnKIrpIpT4eAN46iyDmOQuglJ2qTi5aMxdE8kqd05XjON0J489wwSKQQ%3D",
        "identityId": "us-west-2:afeeba95-b80e-4227-9568-1f726cabd08c"
    }
}

2023-12-04 14:37:56: -----------Request----------->
POST https://thrive-dog1-usw2-api.data.plume.tech/pwb/GetFitnessActivityList

User-Agent: python-requests/2.31.0
Accept-Encoding: gzip, deflate
accept: application/json
Connection: keep-alive
Authorization: Bearer eyJraWQiOiJ1cy13ZXN0LTI0IiwidHlwIjoiSldTIiwiYWxnIjoiUlM1MTIifQ.eyJzdWIiOiJ1cy13ZXN0LTI6YWZlZWJhOTUtYjgwZS00MjI3LTk1NjgtMWY3MjZjYWJkMDhjIiwiYXVkIjoidXMtd2VzdC0yOjU2YzQyNDM5LWJlMmMtNDUyMy04YmUwLTEwYjU4ODVlYTczMyIsImFtciI6WyJhdXRoZW50aWNhdGVkIiwic3RhZ2luZy1wd2IucGx1bWUuY29tIiwic3RhZ2luZy1wd2IucGx1bWUuY29tOnVzLXdlc3QtMjo1NmM0MjQzOS1iZTJjLTQ1MjMtOGJlMC0xMGI1ODg1ZWE3MzM6M0c5Sm1hSWh6TlE2NWNPRFNnUkNsdmxFeE42SlNEQ2hYekZwSE42T3NiYzlUUHQ4SG5tRzdmWVExREpEa0RXdyJdLCJpc3MiOiJodHRwczovL2NvZ25pdG8taWRlbnRpdHkuYW1hem9uYXdzLmNvbSIsImh0dHBzOi8vY29nbml0by1pZGVudGl0eS5hbWF6b25hd3MuY29tL2lkZW50aXR5LXBvb2wtYXJuIjoiYXJuOmF3czpjb2duaXRvLWlkZW50aXR5OnVzLXdlc3QtMjoxNDMwODk2MTA0ODI6aWRlbnRpdHlwb29sL3VzLXdlc3QtMjo1NmM0MjQzOS1iZTJjLTQ1MjMtOGJlMC0xMGI1ODg1ZWE3MzMiLCJleHAiOjE3MDE3NTgyNjksImlhdCI6MTcwMTY3MTg2OX0.SqURpfHT8gPA5CWwsZc_6Dd3_RmUPzmHXF3O_z4VA3LB19MJEqCI8vF5z8tLH1DW9CvqJBSakzrTZIg7VWM_ldxVbBkVd-ARFFaUYpy4Tn7L-76GkF1WuHMV0EUYbHSbLuhgneZM0MrwCxXuAJLH9DDJOm-MYwKeOWn0yRdmV8yPfLV6ZdcVKw3rCWurOovs-z7plRW8_re6It81-8tmuc8LazwvVtYfh0Cw14DTZW-qN0LGUWsY9_GqOyHo2vPwbLri4UQQymQE0XwDMD1BJ_wReKS-Lx1o2riqwnvik3LYDEObmWPfnldAb5XBpAp4HTdmVZxR6GVOpebKqpTnJw
Content-Type: application/json
Content-Length: 117

{
    "userId": "653f108a396de2000acd43d4",
    "startTime": 1701619200,
    "endTime": 1701705599,
    "pageSize": 5,
    "startKey": ""
}

2023-12-04 14:37:56: <-----------Response-----------
Status code: 200, elapsed seconds: 2.798243

Date: Mon, 04 Dec 2023 06:37:54 GMT
Content-Type: application/json
Content-Length: 522
Connection: keep-alive
x-amzn-RequestId: 23aa10fe-7ba2-4af9-bebd-f8c5a25005fd
Access-Control-Allow-Origin: *
x-amz-apigw-id: PZ8GFE3EPHcEtqQ=
X-Amzn-Trace-Id: Root=1-656d73c0-59894c406e42d41142e076e6;Sampled=0;lineage=557b233b:0

{
    "data": {
        "startTime": 1701619200,
        "endTime": 1701705599,
        "userId": "653f108a396de2000acd43d4",
        "activitiesList": [
            {
                "activityId": "activity_653f108a396de2000acd43d460:b4:f7:f5:04:d2_1701654752",
                "userId": "653f108a396de2000acd43d4",
                "fitnessActivityTypeId": 1,
                "userConfirmation": "Unkown",
                "manualActivity": false,
                "state": "completed",
                "startTimeStamp": 1701654752,
                "duration": 431,
                "stepCount": 557,
                "highHrRate": 129,
                "lowHrRate": 81,
                "avgHrRate": 112,
                "highSpo2": 100,
                "lowSpo2": 100,
                "avgSpo2": 100
            }
        ]
    },
    "result": {
        "code": 201000,
        "message": "Successfully."
    }
}

