2023-12-27 15:57:31: -----------Request----------->
POST https://thrive-dog1-usw2-api.data.plume.tech/pwb/PlumeCloudLogin

User-Agent: python-requests/2.31.0
Accept-Encoding: gzip, deflate
accept: application/json
Connection: keep-alive
Content-Type: application/json
Content-Length: 73

{
    "email": "thrive-ios+4@plume.com",
    "password": "plume1234",
    "ttl": 3600
}

2023-12-27 15:57:31: <-----------Response-----------
Status code: 200, elapsed seconds: 0.927903

Date: Wed, 27 Dec 2023 07:57:29 GMT
Content-Type: application/json
Content-Length: 729
Connection: keep-alive
x-amzn-RequestId: 1f9669f9-6719-45c2-8011-97e9c554c996
Access-Control-Allow-Origin: *
x-amz-apigw-id: Ql7UgFgmPHcEskg=
X-Amzn-Trace-Id: Root=1-658bd8e9-135507860249fdc962fab401;Sampled=0;lineage=7fdd2b1e:0

{
    "data": {
        "id": "gP7l6JZHtNGv2UpgDfB3JHzmocBGoscZXEzb9N304Br7Rh1oNRgS6AvRb5olEVrq",
        "ttl": 3600,
        "created": "2023-12-27T07:57:20.322Z",
        "userId": "653f108a396de2000acd43d4",
        "expireAt": "2023-12-27T08:57:20.322Z",
        "user": {
            "id": "653f108a396de2000acd43d4",
            "accountId": "3b2c42d4-7cee-4756-b4bd-491cacc1ae57",
            "anonymous": false,
            "autoProvisioned": false,
            "name": "thrive-ios+4",
            "locked": false,
            "partnerId": "mobile_qa_test",
            "acceptLanguage": "en-US",
            "preferredLanguage": "en",
            "source": "customCreate",
            "createdAt": "2023-10-30T02:10:18.214Z",
            "provisioningSsoAuditTrail": false,
            "_version": "1.0.0",
            "email": "thrive-ios+4@plume.com",
            "emailVerified": true,
            "firstKnownLoginTimestamp": "2023-10-30T02:15:53.570Z"
        }
    },
    "result": {
        "code": 201000,
        "message": "Successfully."
    }
}

2023-12-27 15:57:34: -----------Request----------->
POST https://thrive-dog1-usw2-api.data.plume.tech/pwb/AuthenticateWithPlumeToken

User-Agent: python-requests/2.31.0
Accept-Encoding: gzip, deflate
accept: application/json
Connection: keep-alive
Content-Type: application/json
Content-Length: 121

{
    "accessToken": "gP7l6JZHtNGv2UpgDfB3JHzmocBGoscZXEzb9N304Br7Rh1oNRgS6AvRb5olEVrq",
    "userId": "653f108a396de2000acd43d4"
}

2023-12-27 15:57:34: <-----------Response-----------
Status code: 200, elapsed seconds: 1.212881

Date: Wed, 27 Dec 2023 07:57:32 GMT
Content-Type: application/json
Content-Length: 3832
Connection: keep-alive
x-amzn-RequestId: b19d8678-3249-4807-a833-b761a2c15fc7
Access-Control-Allow-Origin: *
x-amz-apigw-id: Ql7U9FM0PHcEo6w=
X-Amzn-Trace-Id: Root=1-658bd8ec-42d16a7c2467ab321079840b;Sampled=0;lineage=144e69e0:0

{
    "data": {
        "email": "thrive-ios+4@plume.com",
        "userGroup": "admin",
        "userName": "thrive-ios+4",
        "userId": "653f108a396de2000acd43d4",
        "accessToken": "eyJraWQiOiJ1cy13ZXN0LTI0IiwidHlwIjoiSldTIiwiYWxnIjoiUlM1MTIifQ.eyJzdWIiOiJ1cy13ZXN0LTI6NDNjYjgxOTktZDA2NC00NThmLWFlM2UtMWMxNGFmMjM0MzcxIiwiYXVkIjoidXMtd2VzdC0yOjU2YzQyNDM5LWJlMmMtNDUyMy04YmUwLTEwYjU4ODVlYTczMyIsImFtciI6WyJhdXRoZW50aWNhdGVkIiwic3RhZ2luZy1wd2IucGx1bWUuY29tIiwic3RhZ2luZy1wd2IucGx1bWUuY29tOnVzLXdlc3QtMjo1NmM0MjQzOS1iZTJjLTQ1MjMtOGJlMC0xMGI1ODg1ZWE3MzM6Z1A3bDZKWkh0Tkd2MlVwZ0RmQjNKSHptb2NCR29zY1pYRXpiOU4zMDRCcjdSaDFvTlJnUzZBdlJiNW9sRVZycSJdLCJpc3MiOiJodHRwczovL2NvZ25pdG8taWRlbnRpdHkuYW1hem9uYXdzLmNvbSIsImh0dHBzOi8vY29nbml0by1pZGVudGl0eS5hbWF6b25hd3MuY29tL2lkZW50aXR5LXBvb2wtYXJuIjoiYXJuOmF3czpjb2duaXRvLWlkZW50aXR5OnVzLXdlc3QtMjoxNDMwODk2MTA0ODI6aWRlbnRpdHlwb29sL3VzLXdlc3QtMjo1NmM0MjQzOS1iZTJjLTQ1MjMtOGJlMC0xMGI1ODg1ZWE3MzMiLCJleHAiOjE3MDM3NTAyNTIsImlhdCI6MTcwMzY2Mzg1Mn0.Q0KUDmLCwk6SCD1ZgK57TFGQ9LN0LSPLzghQDKbDX7gA-QPYUwy4eO_dt4jUcHcmlZRIKO65DzfrWsOqMOtqaJkKf5D42RkO08RQwJsndFQccz8wquQCOOeurF36mZ__ro-iwQ2YuAah5r-F2DXa1dqqsq3oIKv1vcvkUqhqCd1hUlX3ieYLFl1IfeAZRd7sAXlKG3ajnYvuyHkXsYWokWWuyjncPBGXU8-5_FlmF4m54PvQ1RzyLDz1110xh6fp8xC1PkgbabxbB7VGI2xkwtH6B2xv0ck2nTmGHOiH7AczjvI2tpuPoqQzJTLugZ4fhdybVVQZ7qKO86weAyIVbQ",
        "idToken": "eyJraWQiOiJJZGVudGl0eVRva2VuU2lnbktleSIsImFsZyI6IlJTNTEyIn0%3D.eyJpc3MiOiJhd3MtbGFtYmRhIiwiZXhwIjoxNzE5MjE1ODUyLCJzdWIiOiJpZC10b2tlbiIsImF1ZCI6InJpbmciLCJqdGkiOiI0OTZkMjAwNy01MDUyLTQ5ZDYtYWZiMC1lMmQyMzcwZmRiNDIiLCJ1c2VySWQiOiI2NTNmMTA4YTM5NmRlMjAwMGFjZDQzZDQiLCJlbWFpbCI6InRocml2ZS1pb3MrNEBwbHVtZS5jb20iLCJnZW5kZXIiOiIiLCJiaXJ0aGRhdGUiOiIifQ%3D%3D.MiK3%2FPWpg8HntD5qmqS7trzgIaNFMFlMyammcUoLE9AMpGAMRq9eDDanF43r4h3heVWF5L2BnBe1oFn3FyserS96Bsyif760rIvJsBVjsC3MKFGpnfe1FbWKQq2VCiwOrK6%2Fc50gaN3QiVlfHXR%2BwLbLmllfFNTZkdTnF7n3MOpCPB9O3png2gxThAGDCfOBXru5dejko6c8yUIXss%2BdW522G7MTLO31nUOlFQ%2BMKWGUAxbxTKHqxvAX8BFZQRwNVlpOv5yS%2FcrIGWrcC%2BDTP7RcDxzKcl1vexOnvYqwt7Oh57PeYA0iLP94IMI0%2FX9oN5CyyswKoIZc%2BgBXh6tJQ1hf1RC6udB2274Ja2CzJkQYXMnrr3tk3UlrmdahXSMWGp4vLG3vizm2SgwPx0NM6%2B9A7MdjrKC6ev1%2Bssd5bNtBpFWKhCUkkKpiuyXNTQZttWHS4OlifNFlfOKvwOmtLZgpHRJ1c4CclP0MXyjxRmBkn2dmY6Dd%2BY8oDQY6wSDSxDaGUCfUoBBC56G6ipMEbJ5pZlWJrwp5RKfwURmqPgqY9seBdOBand9B24eHu5%2BKBXBxRF31jwJv%2BBN7BoWdIiyRl%2B%2F3AIVIDvcK3WOlkN5yYiYUdifdonRnaTNbdkjuM38XsVwntEKqMw7RQV%2FXBtuzC6tWHvd5Kdm5M74btbU%3D",
        "refreshToken": "eyJraWQiOiJSZWZyZXNoVG9rZW5TaWduS2V5IiwiY3R5IjoiSldUIiwiZW5jIjoiQTI1NkdDTSIsImFsZyI6IlJTNTEyIn0%3D.AQICAHgg7rlLlhJZMilo20zyx9NECjg%2F8q0XYyoRMcHYs4Nh4AHj6Wp0hSKoBpt63w9uTWhlAAABUTCCAU0GCSqGSIb3DQEHBqCCAT4wggE6AgEAMIIBMwYJKoZIhvcNAQcBMB4GCWCGSAFlAwQBLjARBAzuYx%2BPYrawc3mfsjUCARCAggEEuRGFoTWXqE4ZMakm8U%2FJ8nPjOzbauhkj899H%2BatiVC3Lz4xpx15eo1%2BOkafrvCiXg8ptqagHSlaw7iaIpu99TZN5fmHNAqIA56DSG%2BihEo3WJJ%2FzNx6fwOJCOhvSOztl4cGv9pMBFgFHdQxtGfJJvz%2Bb1tt%2BY3kD4CCe2FwzH%2FWjBAltntBVx9ApZdOUOh69LH7O%2BsymJ%2FPjdLKgqzccNN57XHzMYjiP1QxgQ05ziMEgD0whxJFW0kN0KPXT8mZQUWpMI5aW8apBwEbniiTXGDqdpsX4TaYrLABu5AoAQqOgyxP6Kvs%2BYxQr2M2lKEAsTe9uNvg%2Bf4S4%2BLmTJ3huxpmP9SE%3D.ke2EedAT4IkS1Ymywv0ouz3V4AMY5EveSkVjDLxX489Uc3r1fPGrd%2FbxBzHBCjwpiwMQ71IDEAYop4gJkY%2BqzWD%2FnxdCH96xsN5u%2BsgcXEAwBSbgKQ6LmmWU2Myzp6RwA0w2acgQS5yuOQz4FNvWpyn4sdhsmb%2FQOu1IiFbRhBTsFg%2FGUBV%2FX743lpJvNIyJJYKq2xo6M%2FhpJT4ujlJuDBSMqYmb68zjS1F%2B2nyfTqz6hi3TbAKDaxjq6GUuCXmUPEHZydrodRWsxNDbpa9RixrguspEdq6yc6q40MGfQb%2BeDHlgqy3y6pRjCU1uQ%2FlLWpGCseWxu2S0cbmyGnM48mVPgOShAw6SxG1N0ywOu%2FypPTfQy1E7IkkSAqPf62DdydSAkvmU9kyWGD0tPr5jYG3bmaZ8cowhMqIkwZGx6YD7yT%2BBOaYicWna5ulVe274Pq%2B45Btsx29DvFVP3M9QxcCrJaOi%2F%2Bv6UEZNjNNhb6oWLbxXG2lb0XaY1tGtViipqzTqRlFNhtDtzHQHblG56D2l%2BZ9XtZC5G198wmUxf9hYC2uaOQyC4NITS2ws1av%2FRE%2F%2BxQXjMP8XDs6N6Nr2nmxZzfBblDtNUhkCltfpOG%2BQbeT%2BvlQJDeLJ%2FOXxcrmusi7T%2FVF8hco8RhkOm3RYMSULbTjDjuvI%2Fr6PEv2UZOE%3D",
        "identityId": "us-west-2:43cb8199-d064-458f-ae3e-1c14af234371"
    }
}

