2023-12-27 15:52:36: -----------Request----------->
POST https://thrive-dog1-usw2-api.data.plume.tech/pwb/PlumeCloudLogin

User-Agent: python-requests/2.31.0
Accept-Encoding: gzip, deflate
accept: application/json
Connection: keep-alive
Content-Type: application/json
Content-Length: 73

{
    "email": "thrive-ios+4@plume.com",
    "password": "plume1234",
    "ttl": 3600
}

2023-12-27 15:52:36: <-----------Response-----------
Status code: 200, elapsed seconds: 0.945678

Date: Wed, 27 Dec 2023 07:52:34 GMT
Content-Type: application/json
Content-Length: 729
Connection: keep-alive
x-amzn-RequestId: c13a41fb-4a2e-4af4-891f-a1ce23397894
Access-Control-Allow-Origin: *
x-amz-apigw-id: Ql6mVGIkPHcEgWA=
X-Amzn-Trace-Id: Root=1-658bd7c1-63c72302039f3bb477ed02e5;Sampled=0;lineage=7fdd2b1e:0

{
    "data": {
        "id": "x6ZVehUAcEbw0vIIlGA9MWTOAaYZYoHvQotYX4dDLypBrJfcP5RZmF9jQsP9Khf6",
        "ttl": 3600,
        "created": "2023-12-27T07:52:24.854Z",
        "userId": "653f108a396de2000acd43d4",
        "expireAt": "2023-12-27T08:52:24.854Z",
        "user": {
            "id": "653f108a396de2000acd43d4",
            "accountId": "3b2c42d4-7cee-4756-b4bd-491cacc1ae57",
            "anonymous": false,
            "autoProvisioned": false,
            "name": "thrive-ios+4",
            "locked": false,
            "partnerId": "mobile_qa_test",
            "acceptLanguage": "en-US",
            "preferredLanguage": "en",
            "source": "customCreate",
            "createdAt": "2023-10-30T02:10:18.214Z",
            "provisioningSsoAuditTrail": false,
            "_version": "1.0.0",
            "email": "thrive-ios+4@plume.com",
            "emailVerified": true,
            "firstKnownLoginTimestamp": "2023-10-30T02:15:53.570Z"
        }
    },
    "result": {
        "code": 201000,
        "message": "Successfully."
    }
}

2023-12-27 15:52:39: -----------Request----------->
POST https://thrive-dog1-usw2-api.data.plume.tech/pwb/AuthenticateWithPlumeToken

User-Agent: python-requests/2.31.0
Accept-Encoding: gzip, deflate
accept: application/json
Connection: keep-alive
Content-Type: application/json
Content-Length: 121

{
    "accessToken": "x6ZVehUAcEbw0vIIlGA9MWTOAaYZYoHvQotYX4dDLypBrJfcP5RZmF9jQsP9Khf6",
    "userId": "653f108a396de2000acd43d4"
}

2023-12-27 15:52:39: <-----------Response-----------
Status code: 200, elapsed seconds: 1.220041

Date: Wed, 27 Dec 2023 07:52:37 GMT
Content-Type: application/json
Content-Length: 3824
Connection: keep-alive
x-amzn-RequestId: 92c0222a-bc1d-4b64-b653-8746be250d66
Access-Control-Allow-Origin: *
x-amz-apigw-id: Ql6myHa4vHcEHzw=
X-Amzn-Trace-Id: Root=1-658bd7c4-21348908376e59001146e01a;Sampled=0;lineage=144e69e0:0

{
    "data": {
        "email": "thrive-ios+4@plume.com",
        "userGroup": "admin",
        "userName": "thrive-ios+4",
        "userId": "653f108a396de2000acd43d4",
        "accessToken": "eyJraWQiOiJ1cy13ZXN0LTI0IiwidHlwIjoiSldTIiwiYWxnIjoiUlM1MTIifQ.eyJzdWIiOiJ1cy13ZXN0LTI6ZDRlZDJlYzgtN2Y2OS00ZjBhLTk3NGQtMTQwNzJkYjUxODhiIiwiYXVkIjoidXMtd2VzdC0yOjU2YzQyNDM5LWJlMmMtNDUyMy04YmUwLTEwYjU4ODVlYTczMyIsImFtciI6WyJhdXRoZW50aWNhdGVkIiwic3RhZ2luZy1wd2IucGx1bWUuY29tIiwic3RhZ2luZy1wd2IucGx1bWUuY29tOnVzLXdlc3QtMjo1NmM0MjQzOS1iZTJjLTQ1MjMtOGJlMC0xMGI1ODg1ZWE3MzM6eDZaVmVoVUFjRWJ3MHZJSWxHQTlNV1RPQWFZWllvSHZRb3RZWDRkREx5cEJySmZjUDVSWm1GOWpRc1A5S2hmNiJdLCJpc3MiOiJodHRwczovL2NvZ25pdG8taWRlbnRpdHkuYW1hem9uYXdzLmNvbSIsImh0dHBzOi8vY29nbml0by1pZGVudGl0eS5hbWF6b25hd3MuY29tL2lkZW50aXR5LXBvb2wtYXJuIjoiYXJuOmF3czpjb2duaXRvLWlkZW50aXR5OnVzLXdlc3QtMjoxNDMwODk2MTA0ODI6aWRlbnRpdHlwb29sL3VzLXdlc3QtMjo1NmM0MjQzOS1iZTJjLTQ1MjMtOGJlMC0xMGI1ODg1ZWE3MzMiLCJleHAiOjE3MDM3NDk5NTYsImlhdCI6MTcwMzY2MzU1Nn0.bQU4h6T1hlreeMI8mpM8gsIdlrRFJ2Bx9p9BkaPAz0EN8qYo-EFOUM2YVngsHpIs4otlefK_T2ZojAC_trtKwpeYgsttCndlN8AC06Ghh0TVQYq5j18GzVTP-tIALYqfSdmmtZTgcPHTPnpZnIWcXTG2ypFRvLG9vBfcWrApDMl9HUYniPt9DeyIJREUi1Lbw-9WW9sOb2jzcKwpWfe5v8cmOseA8BnkuttpHW5ps49U9wxuJw4yJ7YYI5QpFzi4uQD2ZRbp7sWcZSWIb9SEUBdHHsIEAWpd3b-uKkBySjhsZmFdQM5hlfh_27-npAP0rNMkj1nZvxunKfqrdrD58g",
        "idToken": "eyJraWQiOiJJZGVudGl0eVRva2VuU2lnbktleSIsImFsZyI6IlJTNTEyIn0%3D.eyJpc3MiOiJhd3MtbGFtYmRhIiwiZXhwIjoxNzE5MjE1NTU3LCJzdWIiOiJpZC10b2tlbiIsImF1ZCI6InJpbmciLCJqdGkiOiJiZDY0OTI2Zi1lOTIwLTRmMDctYmMzMC0yMzNmZWU5NjkxYTUiLCJ1c2VySWQiOiI2NTNmMTA4YTM5NmRlMjAwMGFjZDQzZDQiLCJlbWFpbCI6InRocml2ZS1pb3MrNEBwbHVtZS5jb20iLCJnZW5kZXIiOiIiLCJiaXJ0aGRhdGUiOiIifQ%3D%3D.af5eCvlzjPXH%2FxDGj%2BlOKqwgB8OnNV1YlG2S9U11yfZXXOtQX4Xjl43pPb6AU0P3JztGeGmQQJuhRHlpuV3z2RPP%2FSJU4ZcXNiqmNhSESeDcPTTwp7FxalmB9Nnq4MMnRXwEo8okol%2BHWXuTH0EzyhgsPYrDxBXsO5odE8G81zVCRu6kld59LvXyIy4hKMJupEAUwHqrHYjdeBayxWdiK3jSkcDdFGfrRwZyLj3eSw1y1FxYBNwDoD9aBvvLwFXQ8%2BHtp6dQAUhJNSQn2Kz74RG2SfLlHCgYzKkEo9%2BLqr3Ugh1Znsm87FNWKS86zIMyZHFkQ034GrsYYZwBguVniQKSnr4aCa5l1srxlnAYvnwXW%2BH1m3LlRMUrjMLdN%2Be%2FN0HExK6vwZHd7%2F5VgBboVie3EKUSgyqLuwxAALFyGh%2FNiPFPBytzmLJUTX202RtsvwlRUho414TwWZRGkDUuyCy19gQKLOb35Zp%2BUnyat2m4C1xF95pCjUYi1Ge7n4BSaU1LkiPqNDwBVllhEulRpx7gSSTUU7v2DflFBi8o4bsLtoR%2FLWTwTAPElSBDu4VCWrtUkMdGl5CONjQ5lFkvznm3yq97dWj%2BCdT6oCzlO2LOQHycwbZ6cjw%2FIsTLkPI8C7iwzbAU%2F69JvI4xyJzZKKT3hwMW2Vz%2FbD66kSc1Hek%3D",
        "refreshToken": "eyJraWQiOiJSZWZyZXNoVG9rZW5TaWduS2V5IiwiY3R5IjoiSldUIiwiZW5jIjoiQTI1NkdDTSIsImFsZyI6IlJTNTEyIn0%3D.AQICAHgg7rlLlhJZMilo20zyx9NECjg%2F8q0XYyoRMcHYs4Nh4AGP5DJf5Szzpheftbw8xPcaAAABUTCCAU0GCSqGSIb3DQEHBqCCAT4wggE6AgEAMIIBMwYJKoZIhvcNAQcBMB4GCWCGSAFlAwQBLjARBAzOPuV7uPn3IDzDxRMCARCAggEEwOV%2F6Y%2FSD8vHBt%2FRfhni2L6skEKeqENHbHVtyrRjoTXCr1ju0i1fqGBzIRzEQIXYj%2FrENlJ7OCh64CpS4hh9c3ZINZ5i97Erwncu4byHFIql6mWecODjf5jW5f046FCyGhS9gdeoXZbv%2FjQYPPRUg6Ts8Rg1%2B1BYFuIzy2Oy6WljAkQg8VgI5vCCze7lTy9xmyy4AF5bL2%2BCl9a90tMKFW6oTMy0riJ9sBh8IMYHyZW7QzYG31qwDRSMN%2FUx4vWMO96l%2BZV7J7Npnt254TYPyKuO8SptCZbaQHZOUAr6yS2K7DQ%2FERQ4Efv76q3NyvHQqdmMFwQwgYZq4rB54UeMwyoFr5o%3D.otYp6maZ3Yro9%2B6qWwYZHWAfzAX%2BwlAQkhRfcYkbLhd7tjCdDK841CN6K7xZucjAQWZeCFNhSHc8x%2BT00nTkH7uOwPcLtMPdaaZqwRfCIsdJoe1qp5fSvefU11DwcmLI0ESClTKWzNHz4ZXR2qE7rsP7ZjgpEN0TGFL42uRgJEyhtaRcoa3s%2FoKO%2F3DDC18ugchXscyBGEZBSp9Ub1BSB%2BQa%2B35U3Bc0aQp7gL05Hh3ZzDlGs2%2BtSR3D3tBYpsQ68H8BvSBejFMANAcaH%2BY3BJgTEuV7Xi39R8Ye3CCWHpz%2BvDoHOyCY9jcoN2e%2F6BVA4D1XIM4LRQtYPDxVJ318a7Y%2FLhSCVsxX%2Bb%2Fv%2FJ0eJt%2Fre47yCoWMcWPWSdh4wS4OwoudpVUutJz%2BmbVt%2BCo6vr4T7DkTGAACVctCWIiTzSXj6G%2F8CmFmDo6gOBY80wAoCmsXRZaHKaIzvBjOgUs9ex8YtHD7%2B%2B7PKX6oqlTOecJbWQotDkd9gPI2SoAsdkVCTvDPWFxVL9ohLSj0p1ViK8zaN11PtuENOdWtZYvKz%2Fnm6x%2BoQZ2dqDzipJpEjfRVZeQz1a1sfIHIfRSdmKjTyWyc8VsEHfCw4yNaQ9kEbYyYqPjA54MACQftDywv4MS34uLmj0jj11T%2B9Ek3Pw6Wqok5vYXR0Xh0PvxA%2B8xFAkk%3D",
        "identityId": "us-west-2:d4ed2ec8-7f69-4f0a-974d-14072db5188b"
    }
}

