2023-12-21 11:43:17: -----------Request----------->
POST https://thrive-dog1-usw2-api.data.plume.tech/pwb/PlumeCloudLogin

User-Agent: python-requests/2.31.0
Accept-Encoding: gzip, deflate
accept: application/json
Connection: keep-alive
Content-Type: application/json
Content-Length: 73

{
    "email": "thrive-ios+4@plume.com",
    "password": "plume1234",
    "ttl": 3600
}

2023-12-21 11:43:17: <-----------Response-----------
Status code: 200, elapsed seconds: 1.896042

Date: Thu, 21 Dec 2023 03:43:17 GMT
Content-Type: application/json
Content-Length: 729
Connection: keep-alive
x-amzn-RequestId: e68b5856-644e-42ed-b81d-2bb710ee8f28
Access-Control-Allow-Origin: *
x-amz-apigw-id: QRkdLFpfvHcEfbA=
X-Amzn-Trace-Id: Root=1-6583b454-18954a975a57728211630ad9;Sampled=0;lineage=7fdd2b1e:0

{
    "data": {
        "id": "icGaSCOgS4E2pIBySLdsFZTR2NylywIVEXaGCJH70Rh1XupIfPyj9R2Z44WGOXe9",
        "ttl": 3600,
        "created": "2023-12-21T03:43:12.057Z",
        "userId": "653f108a396de2000acd43d4",
        "expireAt": "2023-12-21T04:43:12.057Z",
        "user": {
            "id": "653f108a396de2000acd43d4",
            "accountId": "3b2c42d4-7cee-4756-b4bd-491cacc1ae57",
            "anonymous": false,
            "autoProvisioned": false,
            "name": "thrive-ios+4",
            "locked": false,
            "partnerId": "mobile_qa_test",
            "acceptLanguage": "en-US",
            "preferredLanguage": "en",
            "source": "customCreate",
            "createdAt": "2023-10-30T02:10:18.214Z",
            "provisioningSsoAuditTrail": false,
            "_version": "1.0.0",
            "email": "thrive-ios+4@plume.com",
            "emailVerified": true,
            "firstKnownLoginTimestamp": "2023-10-30T02:15:53.570Z"
        }
    },
    "result": {
        "code": 201000,
        "message": "Successfully."
    }
}

2023-12-21 11:43:21: -----------Request----------->
POST https://thrive-dog1-usw2-api.data.plume.tech/pwb/AuthenticateWithPlumeToken

User-Agent: python-requests/2.31.0
Accept-Encoding: gzip, deflate
accept: application/json
Connection: keep-alive
Content-Type: application/json
Content-Length: 121

{
    "accessToken": "icGaSCOgS4E2pIBySLdsFZTR2NylywIVEXaGCJH70Rh1XupIfPyj9R2Z44WGOXe9",
    "userId": "653f108a396de2000acd43d4"
}

2023-12-21 11:43:21: <-----------Response-----------
Status code: 200, elapsed seconds: 2.114354

Date: Thu, 21 Dec 2023 03:43:21 GMT
Content-Type: application/json
Content-Length: 3848
Connection: keep-alive
x-amzn-RequestId: ff050a2e-e0f3-4729-a65b-c85a151ef4f2
Access-Control-Allow-Origin: *
x-amz-apigw-id: QRkdwG86PHcEn8A=
X-Amzn-Trace-Id: Root=1-6583b457-66a86f210d3334db5679c684;Sampled=0;lineage=144e69e0:0

{
    "data": {
        "email": "thrive-ios+4@plume.com",
        "userGroup": "admin",
        "userName": "thrive-ios+4",
        "userId": "653f108a396de2000acd43d4",
        "accessToken": "eyJraWQiOiJ1cy13ZXN0LTI0IiwidHlwIjoiSldTIiwiYWxnIjoiUlM1MTIifQ.eyJzdWIiOiJ1cy13ZXN0LTI6MjU3NGUxY2ItNjExOS00YTg2LWE5OTgtNDA2ZDhlYzQ3YmNkIiwiYXVkIjoidXMtd2VzdC0yOjU2YzQyNDM5LWJlMmMtNDUyMy04YmUwLTEwYjU4ODVlYTczMyIsImFtciI6WyJhdXRoZW50aWNhdGVkIiwic3RhZ2luZy1wd2IucGx1bWUuY29tIiwic3RhZ2luZy1wd2IucGx1bWUuY29tOnVzLXdlc3QtMjo1NmM0MjQzOS1iZTJjLTQ1MjMtOGJlMC0xMGI1ODg1ZWE3MzM6aWNHYVNDT2dTNEUycElCeVNMZHNGWlRSMk55bHl3SVZFWGFHQ0pINzBSaDFYdXBJZlB5ajlSMlo0NFdHT1hlOSJdLCJpc3MiOiJodHRwczovL2NvZ25pdG8taWRlbnRpdHkuYW1hem9uYXdzLmNvbSIsImh0dHBzOi8vY29nbml0by1pZGVudGl0eS5hbWF6b25hd3MuY29tL2lkZW50aXR5LXBvb2wtYXJuIjoiYXJuOmF3czpjb2duaXRvLWlkZW50aXR5OnVzLXdlc3QtMjoxNDMwODk2MTA0ODI6aWRlbnRpdHlwb29sL3VzLXdlc3QtMjo1NmM0MjQzOS1iZTJjLTQ1MjMtOGJlMC0xMGI1ODg1ZWE3MzMiLCJleHAiOjE3MDMyMTY2MDAsImlhdCI6MTcwMzEzMDIwMH0.F3ppvhJGn27tSPhUpRjD7It29OZEhvOxRzKD7oEejsYrCASHbZzvbUcvX_CDufzUAcuVQVlfoeJMqJGcxYtSkmWQaElfXwNOl0IMF5sp-RPdO2a8pSSbKoAkR7D1SfP2xx88Re8C5tR4aPjNhOcHW0J7Sfd5Vabi5JjSDqmlZZbxr3owSbY4G1totJN96WpyquM8oY4CwmKA7YKCtkeDjrgP19_McoESMgmtpglHx7OfiK2yMwz7lmK97ie3lL1nt7uch4EV-MWkT28x9kIFzb7hl4GVz80UftOdX7mNgvT3QJd5fMEPoEQGY8dZU0oungf1iVVi3n-jaLaSvxvPCA",
        "idToken": "eyJraWQiOiJJZGVudGl0eVRva2VuU2lnbktleSIsImFsZyI6IlJTNTEyIn0%3D.eyJpc3MiOiJhd3MtbGFtYmRhIiwiZXhwIjoxNzE4NjgyMjAxLCJzdWIiOiJpZC10b2tlbiIsImF1ZCI6InJpbmciLCJqdGkiOiI1OTVhNDY1OC0zMzhjLTRiMDgtYmI1ZS1iZDg3YTFmZjQ0ZjEiLCJ1c2VySWQiOiI2NTNmMTA4YTM5NmRlMjAwMGFjZDQzZDQiLCJlbWFpbCI6InRocml2ZS1pb3MrNEBwbHVtZS5jb20iLCJnZW5kZXIiOiIiLCJiaXJ0aGRhdGUiOiIifQ%3D%3D.JJe%2FehULDldNnJncr2jJ3ivUOWcEd9mi96UWv8k8w2ofqe%2B5KvJ928yxDINdenf0Ce8aSZ5Kwg%2FpcJbKlOa%2BSFB3w7TsN2lXsiki8bhvJhzRCcQgCs14jI5iRtbIwNfMU9dsl5dfDHxm2dkG7Gm7dBq2j6CNCAoAugScH%2FOEY0qydQoCUbbqXCbHbICs7iQtBQNs33iouM12f%2B4mD7%2BQBA5xbLE%2BDSrkucAArdt1zfCSprGTPlfaq4AOPFlNH3Sx4P%2BdYP%2Bhet2Nh9KLgp49OVBDPGq5DzUkUsF%2BUkNd96FXzPvslVNWVubP3dHTxCNjHC7GiQkRBgaZEybbRNcipyRvLCScR8qNMBUlVDhIv3s%2FPOe4h6CIMTn140b2dIDPlxV0HBePXjMr2XvwOoszjmq0eH%2F3WslxYZG%2FKx0ZMeGaas%2Fi6Kd4Azts4M6LNPteVLqcy70axCD5SlyM7c2xIRZ5Nam91IWsTnNEkUYc26bXUccIYzQiRUprnjq18FTGQ%2BEBF1Vz1sYCsJOl8RrY1bkx4C5qZ1IZ4Xj0fRHchcP9qsNDvPL4M6n0WFAArKqRhDdybLdZS2l233smbNGmwM2hTPkv6r70skPJdA3ibsY1XmdBnnoqmg0UODb4DndtPeHGShlS5ZaB%2B4kej3B7i9cIoZSecROUDuXfOU8kZVo%3D",
        "refreshToken": "eyJraWQiOiJSZWZyZXNoVG9rZW5TaWduS2V5IiwiY3R5IjoiSldUIiwiZW5jIjoiQTI1NkdDTSIsImFsZyI6IlJTNTEyIn0%3D.AQICAHgg7rlLlhJZMilo20zyx9NECjg%2F8q0XYyoRMcHYs4Nh4AEYfIFGGWBpZfx06zHFtOheAAABUTCCAU0GCSqGSIb3DQEHBqCCAT4wggE6AgEAMIIBMwYJKoZIhvcNAQcBMB4GCWCGSAFlAwQBLjARBAwCL%2F%2BKIlx8BRFESfQCARCAggEEpwUX3wZt4Ud%2FU%2BUFhpctlrroYz7KwKyk%2F75V%2B6wzfH%2BSQAl%2FfLq8PGuysPkh36Lomi6y5enyTKd1WlqcLTwns1IhcTAfg0PyZATlPajcFgkVUAUkY9w7xqvKZdv%2FdPbz9S9wt97hsqxIpcs29pWLDgU49epQMe7jPE8dJxePjwTx19Kkfkiltp3Wdj8LK%2FUkOQggos9NiJWRpY8mWq%2FcRrdgScpJmnKRI3H0uEEgkIeK7mWuKZs5xzfPE%2BB093d1%2BcRU1v3Z6KzS%2BbeplF%2BWKcH2kg%2Bk0zacaL6uXe4az9YG4KUuerfiQ1Gkb8MIIJxTJSAc%2F9ypAo4JR0L9Eiq6r%2F%2F8gec%3D.q5%2BbpeQJErrZMNq8Z%2FpWMaOKwK7%2F4iRBaDjWCwCKSonxfn%2BaQRbuyoO6ByNQgEmfF%2BixYTDFVr2cK3IATd03Xu7JLSjxae%2BTRbJ24dr4rSapcccyybsp%2FIQUg0nST5KNO5b1l7KiseLrEzGRzekx1QU3v%2FynpsmXhpu%2FWXHvtuCgXCA1tg47thMJ8CJc0IK7Ks7snG1XtUVN%2FcUf2em%2Fr3nf6f2H7vIXu5s2jDRefyq2XadzOda6f4Ndu8gXSbE0Jd1DMXKcLlrx2t8%2FmMLcVMfFsPFOkfqHFYbGCZZZk%2B2z25%2FMN4dgAPj%2FIpECgpJskITdS9FIyD6w7lvTBl412JXtFV8lUXqzsiPu2KBfP9RKMEwM%2BUCKTtvdCa%2BOJo1X0WbhO6tEdk0hVhtRI5e%2Bv03HmIh8can3gzgUCCHr9fF2Km2vpsDnxS4yhm5Dr1Md3QJGpy3UYJH5ID%2B%2Fsu56R%2FIS2funn1ex9mwLWTaRln7p9rv58p6bPv9NJyoLWUxGsAKldrimPgyZHJ9yaNJEb%2BKAGUn41q%2FnqsOKBjnYcr3qz4Dnn6W%2B4X0utppMWnz2c%2Bxgy67qfv6C527GhYPbFuH0bsPrwnxKBCGTxAntKwfKmjfn5H1uIme6lLpL%2BGf68MF6cpIOLpTlhhKAbYK5CzckZLh%2B2hjSXegQpJS%2B0ek%3D",
        "identityId": "us-west-2:2574e1cb-6119-4a86-a998-406d8ec47bcd"
    }
}

2023-12-21 11:43:25: -----------Request----------->
POST https://thrive-dog1-usw2-api.data.plume.tech/pwb/GetDailyReadinessInsightList

User-Agent: python-requests/2.31.0
Accept-Encoding: gzip, deflate
accept: application/json
Connection: keep-alive
Authorization: Bearer eyJraWQiOiJ1cy13ZXN0LTI0IiwidHlwIjoiSldTIiwiYWxnIjoiUlM1MTIifQ.eyJzdWIiOiJ1cy13ZXN0LTI6MjU3NGUxY2ItNjExOS00YTg2LWE5OTgtNDA2ZDhlYzQ3YmNkIiwiYXVkIjoidXMtd2VzdC0yOjU2YzQyNDM5LWJlMmMtNDUyMy04YmUwLTEwYjU4ODVlYTczMyIsImFtciI6WyJhdXRoZW50aWNhdGVkIiwic3RhZ2luZy1wd2IucGx1bWUuY29tIiwic3RhZ2luZy1wd2IucGx1bWUuY29tOnVzLXdlc3QtMjo1NmM0MjQzOS1iZTJjLTQ1MjMtOGJlMC0xMGI1ODg1ZWE3MzM6aWNHYVNDT2dTNEUycElCeVNMZHNGWlRSMk55bHl3SVZFWGFHQ0pINzBSaDFYdXBJZlB5ajlSMlo0NFdHT1hlOSJdLCJpc3MiOiJodHRwczovL2NvZ25pdG8taWRlbnRpdHkuYW1hem9uYXdzLmNvbSIsImh0dHBzOi8vY29nbml0by1pZGVudGl0eS5hbWF6b25hd3MuY29tL2lkZW50aXR5LXBvb2wtYXJuIjoiYXJuOmF3czpjb2duaXRvLWlkZW50aXR5OnVzLXdlc3QtMjoxNDMwODk2MTA0ODI6aWRlbnRpdHlwb29sL3VzLXdlc3QtMjo1NmM0MjQzOS1iZTJjLTQ1MjMtOGJlMC0xMGI1ODg1ZWE3MzMiLCJleHAiOjE3MDMyMTY2MDAsImlhdCI6MTcwMzEzMDIwMH0.F3ppvhJGn27tSPhUpRjD7It29OZEhvOxRzKD7oEejsYrCASHbZzvbUcvX_CDufzUAcuVQVlfoeJMqJGcxYtSkmWQaElfXwNOl0IMF5sp-RPdO2a8pSSbKoAkR7D1SfP2xx88Re8C5tR4aPjNhOcHW0J7Sfd5Vabi5JjSDqmlZZbxr3owSbY4G1totJN96WpyquM8oY4CwmKA7YKCtkeDjrgP19_McoESMgmtpglHx7OfiK2yMwz7lmK97ie3lL1nt7uch4EV-MWkT28x9kIFzb7hl4GVz80UftOdX7mNgvT3QJd5fMEPoEQGY8dZU0oungf1iVVi3n-jaLaSvxvPCA
Content-Type: application/json
Content-Length: 117

{
    "userId": "653f108a396de2000acd43d4",
    "startTime": 1703088000,
    "endTime": 1703174399,
    "pageSize": 7,
    "startKey": ""
}

2023-12-21 11:43:25: <-----------Response-----------
Status code: 200, elapsed seconds: 1.977272

Date: Thu, 21 Dec 2023 03:43:25 GMT
Content-Type: application/json
Content-Length: 356
Connection: keep-alive
x-amzn-RequestId: bf5cfea8-ecd7-4a67-869e-c18e5efd259c
Access-Control-Allow-Origin: *
x-amz-apigw-id: QRkeZEsTvHcEHIA=
X-Amzn-Trace-Id: Root=1-6583b45b-53cbe436607bedd72110abb2;Sampled=0;lineage=774101e1:0

{
    "data": {
        "userId": "653f108a396de2000acd43d4",
        "startTime": 1703088000,
        "endTime": 1703174399,
        "dailyReadinessInsightList": [
            {
                "userId": "653f108a396de2000acd43d4",
                "startTime": 1703103497,
                "endTime": 1703122221,
                "hrvScore": 67.0206414106089,
                "stressScore": 2,
                "readinessScore": 10,
                "utcOffset": 8,
                "timeZone": "Asia/Brunei"
            }
        ]
    },
    "result": {
        "code": 201000,
        "message": "Successfully."
    }
}

