2023-12-13 09:59:25: -----------Request----------->
POST https://thrive-dog1-usw2-api.data.plume.tech/pwb/PlumeCloudLogin

User-Agent: python-requests/2.31.0
Accept-Encoding: gzip, deflate
accept: application/json
Connection: keep-alive
Content-Type: application/json
Content-Length: 73

{
    "email": "thrive-ios+4@plume.com",
    "password": "plume1234",
    "ttl": 3600
}

2023-12-13 09:59:25: <-----------Response-----------
Status code: 200, elapsed seconds: 2.068019

Date: Wed, 13 Dec 2023 01:59:23 GMT
Content-Type: application/json
Content-Length: 729
Connection: keep-alive
x-amzn-RequestId: 00fcf6d2-4c00-40f4-be46-c6d24bf9b704
Access-Control-Allow-Origin: *
x-amz-apigw-id: P29vOGXzvHcEifg=
X-Amzn-Trace-Id: Root=1-65790ffa-6c4b4ed002ab02c66559a679;Sampled=0;lineage=7fdd2b1e:0

{
    "data": {
        "id": "ODUuQH4mkjhi8Jubi2nC6Ic2CP6jdfmViWAYOKPyGJe4Ev8a2rb9taKtMmos6Y5H",
        "ttl": 3600,
        "created": "2023-12-13T01:59:23.667Z",
        "userId": "653f108a396de2000acd43d4",
        "expireAt": "2023-12-13T02:59:23.667Z",
        "user": {
            "id": "653f108a396de2000acd43d4",
            "accountId": "3b2c42d4-7cee-4756-b4bd-491cacc1ae57",
            "anonymous": false,
            "autoProvisioned": false,
            "name": "thrive-ios+4",
            "locked": false,
            "partnerId": "mobile_qa_test",
            "acceptLanguage": "en-US",
            "preferredLanguage": "en",
            "source": "customCreate",
            "createdAt": "2023-10-30T02:10:18.214Z",
            "provisioningSsoAuditTrail": false,
            "_version": "1.0.0",
            "email": "thrive-ios+4@plume.com",
            "emailVerified": true,
            "firstKnownLoginTimestamp": "2023-10-30T02:15:53.570Z"
        }
    },
    "result": {
        "code": 201000,
        "message": "Successfully."
    }
}

2023-12-13 09:59:29: -----------Request----------->
POST https://thrive-dog1-usw2-api.data.plume.tech/pwb/AuthenticateWithPlumeToken

User-Agent: python-requests/2.31.0
Accept-Encoding: gzip, deflate
accept: application/json
Connection: keep-alive
Content-Type: application/json
Content-Length: 121

{
    "accessToken": "ODUuQH4mkjhi8Jubi2nC6Ic2CP6jdfmViWAYOKPyGJe4Ev8a2rb9taKtMmos6Y5H",
    "userId": "653f108a396de2000acd43d4"
}

2023-12-13 09:59:29: <-----------Response-----------
Status code: 200, elapsed seconds: 1.395869

Date: Wed, 13 Dec 2023 01:59:27 GMT
Content-Type: application/json
Content-Length: 3816
Connection: keep-alive
x-amzn-RequestId: 94c5b642-577c-4371-a0c9-8a3dc4ca2639
Access-Control-Allow-Origin: *
x-amz-apigw-id: P29v1FDxPHcET_Q=
X-Amzn-Trace-Id: Root=1-65790ffe-2eec68e2176e50383716e409;Sampled=0;lineage=144e69e0:0

{
    "data": {
        "email": "thrive-ios+4@plume.com",
        "userGroup": "admin",
        "userName": "thrive-ios+4",
        "userId": "653f108a396de2000acd43d4",
        "accessToken": "eyJraWQiOiJ1cy13ZXN0LTI0IiwidHlwIjoiSldTIiwiYWxnIjoiUlM1MTIifQ.eyJzdWIiOiJ1cy13ZXN0LTI6M2YzOGI2NzAtYjJiZS00NGFiLWFiYmEtNGQzMWE5MDdkZjFhIiwiYXVkIjoidXMtd2VzdC0yOjU2YzQyNDM5LWJlMmMtNDUyMy04YmUwLTEwYjU4ODVlYTczMyIsImFtciI6WyJhdXRoZW50aWNhdGVkIiwic3RhZ2luZy1wd2IucGx1bWUuY29tIiwic3RhZ2luZy1wd2IucGx1bWUuY29tOnVzLXdlc3QtMjo1NmM0MjQzOS1iZTJjLTQ1MjMtOGJlMC0xMGI1ODg1ZWE3MzM6T0RVdVFING1ramhpOEp1YmkybkM2SWMyQ1A2amRmbVZpV0FZT0tQeUdKZTRFdjhhMnJiOXRhS3RNbW9zNlk1SCJdLCJpc3MiOiJodHRwczovL2NvZ25pdG8taWRlbnRpdHkuYW1hem9uYXdzLmNvbSIsImh0dHBzOi8vY29nbml0by1pZGVudGl0eS5hbWF6b25hd3MuY29tL2lkZW50aXR5LXBvb2wtYXJuIjoiYXJuOmF3czpjb2duaXRvLWlkZW50aXR5OnVzLXdlc3QtMjoxNDMwODk2MTA0ODI6aWRlbnRpdHlwb29sL3VzLXdlc3QtMjo1NmM0MjQzOS1iZTJjLTQ1MjMtOGJlMC0xMGI1ODg1ZWE3MzMiLCJleHAiOjE3MDI1MTkxNjYsImlhdCI6MTcwMjQzMjc2Nn0.GUZWKTp6GfdO3qJCRkzucbapWUvcthgMfOztCjSYAScktwH9T60aovBju6zB987xyoZWglrOaYpCe9aul0IgUrLbf3cm6eomK4N2HJMgf2rRe87CylbD3zAJaOufiut1im4loABVldkMzKaYUumgLvjOgZLzX45_De6FqMN50SpTNuLJGUuevG43bo_ZUTiH_3RdNmyuuBguxg64kgJRpRK9P4NNdXumLR-3eGhJ0V8qTAw9ElodX-qXKRqdTC1v5K4lPLpP6K8P3CqdXc-OIVb0wmVd--Cx20miwHi-wBfYUgq__KUeFtiHJFC1i0ECd7nhhtBra0MAc1WF32yzeQ",
        "idToken": "eyJraWQiOiJJZGVudGl0eVRva2VuU2lnbktleSIsImFsZyI6IlJTNTEyIn0%3D.eyJpc3MiOiJhd3MtbGFtYmRhIiwiZXhwIjoxNzE3OTg0NzY3LCJzdWIiOiJpZC10b2tlbiIsImF1ZCI6InJpbmciLCJqdGkiOiJhNjM0NDMzMC02YTdkLTRkZTMtYWE3MC0yMjY1MjFlMmEwZGMiLCJ1c2VySWQiOiI2NTNmMTA4YTM5NmRlMjAwMGFjZDQzZDQiLCJlbWFpbCI6InRocml2ZS1pb3MrNEBwbHVtZS5jb20iLCJnZW5kZXIiOiIiLCJiaXJ0aGRhdGUiOiIifQ%3D%3D.RWKKSM5W%2BTFviPGNCYyds9hV0ug8x%2FEMVqEI1THp04VsuHKF%2F0CqKd%2BcfGJHRn6T84wnDIhpdfYxUlRfJ3%2BMyrTPyrPeIc8LTIAmDPn7VnTDICIkbueYiuzg64pU8UkwgkGeu3klP60PCD4cjoxaPLYZLMEV146rCP2D5gxD79Gt%2BleSiK7Da4ZitXKZj7pdcqhYkC%2FujbXvz0fIC61uZ70sBp8mKKlBoTUQLrZ%2FUsZcX5coKi%2FD8rz0jSTMYp2DnT52I8Yx4ZGc2qs74mTr3LRywpQONgJ%2BOgODKJtAxe0%2BvUyjCiAimOZ175KT7z9zNdOCYPPLNOMsITi5Lz%2Fm4GYQ5jtw7B65DZmzmPYjGycH9qDRjAxGOxWqT2a8dd%2B01E5eI4zAY8sRnl9C2J%2F46VKh6IGW8Zc4aX0XQZ3FFOoPljF5GstqVLVkdkcVZY6syX3JOZE1Rgz%2BCh5rFhLKZAF%2BgEWtxIvjjI%2FYsPYdVEjeacEuD3wdmzC9po7HSKiIn891ldKCG64OSnxZzU5evFLBHs%2F3IM1Pvi%2BNfFbDAt3rAXrZkjR0jS1IU3NowY64kdslP4Sn5IBmEXtZhPnulF9ssY5THWT0YveocvqoYoEvLhPqkcR%2BNY1hBEzgKb%2B9ASMm7V6xU%2FrI7lHlTXURXkkz86L5hGmQ78UY67FCido%3D",
        "refreshToken": "eyJraWQiOiJSZWZyZXNoVG9rZW5TaWduS2V5IiwiY3R5IjoiSldUIiwiZW5jIjoiQTI1NkdDTSIsImFsZyI6IlJTNTEyIn0%3D.AQICAHgg7rlLlhJZMilo20zyx9NECjg%2F8q0XYyoRMcHYs4Nh4AFOekAV9j555%2BeoejJLymfxAAABUTCCAU0GCSqGSIb3DQEHBqCCAT4wggE6AgEAMIIBMwYJKoZIhvcNAQcBMB4GCWCGSAFlAwQBLjARBAy1u0sEyfIGMQqrD4UCARCAggEEOEhB6ZuNYQ6ahlIK7iPsF1MspXJnvyzpchXuJ2KWnWhQF3LgeAEFxK1ap1dyS3ntyffXQbWWqaxmWo%2FdUdqf1%2FfwDHeXl9mJk0zzNPZr75BACAFzhkHbkWvghV85IDQTLqCyQudTnrGEWztH%2F3QMvM%2FyvFedBoay%2FTEeiMFXGQIB9LOZP6FalhJa2wDOmtB8juB1amqbD9SFNr6a%2BUdIyxAKEgcSZZdjlONpnKFPV2i65VVFWN0e4gEdOoQXEvwj4RFRMP0uleSeHQG%2FcCscoLrE06qKpqJtNbBHF3WbNWpvsquClI7UabgVAlmL4e%2FtdxdVy7GkAR7rFI2Nbg7rE%2Bh5AJg%3D.K1IcK1o%2BYd2Fc7zZKEc7oqXPYQ7KA1ZYw195T038k4fZ3C0fn5mcnbDXqGrkBd5gLnEYOTPnEc9IpLg8yFNwGpi2Tvqez%2Fh72mF1n7I7e36PWCsO5IFAlClI%2F8YgEwWPxmwRgam1LS2Zc0xXcQwvsB4PN9j%2Fr15q99tTZrnOTSjul19Wvp4VkCa%2FVKLtAQaY7aGuEqIx52Ln5lt5YEel6y3WOI1EIwvmYkR%2BmtZEB3YiDq4sdjCygatlS%2B%2Bs7RthAenejEwMgwr4lpbQMeWKSHT8n76TG3pBn%2FTV6hYBb%2B%2FluIyxwYQ0oIERMlXNb9m%2FZ1Bt20neIGGIYEMF5X7LBlAcq7ZudeiN6IfsofsEI9MJxlcXp9N5hNKv8xlFCYA4IGKb5Q%2FxFha4N0llDEQi8cdtcYBRrQfSVoymHSk4aYJS8jGvL7p4eiLiSn2zcUmWvG0TCW%2FBTrXZqWVdQMMfqfXTntn932vqBsM3PUgWeSqDG5bdVsFECmVINqkvMy86rtJwq3I%2F7jtVP5JSg3mnLPMiw2cJQXnBY8XoXIG19k4XGDnwL%2F7t2eP9E5VxDUPnicisHBpRLH5KR3cWcWKxz7YEMtBaEIxaPMHMsGcgC2dY5r5Jd7wJpvrfeIAd1Fvg5RTBPx6PENFknddJ6CZbT4QZThvY3kry88wUWiMNiqU%3D",
        "identityId": "us-west-2:3f38b670-b2be-44ab-abba-4d31a907df1a"
    }
}

2023-12-13 09:59:33: -----------Request----------->
POST https://thrive-dog1-usw2-api.data.plume.tech/pwb/UploadFile

User-Agent: python-requests/2.31.0
Accept-Encoding: gzip, deflate
accept: application/json
Connection: keep-alive
Authorization: Bearer eyJraWQiOiJ1cy13ZXN0LTI0IiwidHlwIjoiSldTIiwiYWxnIjoiUlM1MTIifQ.eyJzdWIiOiJ1cy13ZXN0LTI6M2YzOGI2NzAtYjJiZS00NGFiLWFiYmEtNGQzMWE5MDdkZjFhIiwiYXVkIjoidXMtd2VzdC0yOjU2YzQyNDM5LWJlMmMtNDUyMy04YmUwLTEwYjU4ODVlYTczMyIsImFtciI6WyJhdXRoZW50aWNhdGVkIiwic3RhZ2luZy1wd2IucGx1bWUuY29tIiwic3RhZ2luZy1wd2IucGx1bWUuY29tOnVzLXdlc3QtMjo1NmM0MjQzOS1iZTJjLTQ1MjMtOGJlMC0xMGI1ODg1ZWE3MzM6T0RVdVFING1ramhpOEp1YmkybkM2SWMyQ1A2amRmbVZpV0FZT0tQeUdKZTRFdjhhMnJiOXRhS3RNbW9zNlk1SCJdLCJpc3MiOiJodHRwczovL2NvZ25pdG8taWRlbnRpdHkuYW1hem9uYXdzLmNvbSIsImh0dHBzOi8vY29nbml0by1pZGVudGl0eS5hbWF6b25hd3MuY29tL2lkZW50aXR5LXBvb2wtYXJuIjoiYXJuOmF3czpjb2duaXRvLWlkZW50aXR5OnVzLXdlc3QtMjoxNDMwODk2MTA0ODI6aWRlbnRpdHlwb29sL3VzLXdlc3QtMjo1NmM0MjQzOS1iZTJjLTQ1MjMtOGJlMC0xMGI1ODg1ZWE3MzMiLCJleHAiOjE3MDI1MTkxNjYsImlhdCI6MTcwMjQzMjc2Nn0.GUZWKTp6GfdO3qJCRkzucbapWUvcthgMfOztCjSYAScktwH9T60aovBju6zB987xyoZWglrOaYpCe9aul0IgUrLbf3cm6eomK4N2HJMgf2rRe87CylbD3zAJaOufiut1im4loABVldkMzKaYUumgLvjOgZLzX45_De6FqMN50SpTNuLJGUuevG43bo_ZUTiH_3RdNmyuuBguxg64kgJRpRK9P4NNdXumLR-3eGhJ0V8qTAw9ElodX-qXKRqdTC1v5K4lPLpP6K8P3CqdXc-OIVb0wmVd--Cx20miwHi-wBfYUgq__KUeFtiHJFC1i0ECd7nhhtBra0MAc1WF32yzeQ
Content-Type: application/json
Content-Length: 167

{
    "userId": "653f108a396de2000acd43d4",
    "fileName": "653f108a396de2000acd43d4-60B4F7F504D2-android-1702461554.json",
    "fileType": "application/json",
    "dataType": "json"
}

2023-12-13 09:59:33: <-----------Response-----------
Status code: 200, elapsed seconds: 2.522934

Date: Wed, 13 Dec 2023 01:59:31 GMT
Content-Type: application/json
Content-Length: 1548
Connection: keep-alive
x-amzn-RequestId: 072d0769-1330-41aa-9d35-3b24a4923dfa
Access-Control-Allow-Origin: *
x-amz-apigw-id: P29wWEHQvHcEg1A=
X-Amzn-Trace-Id: Root=1-65791001-734d54fc216a59632db6e4ab;Sampled=0;lineage=9692829f:0

{
    "data": {
        "url": "https://duploservices-thrive-dog1-usw2-plume-log-files.s3.us-west-2.amazonaws.com/json/653f108a396de2000acd43d4/20231213/653f108a396de2000acd43d4-60B4F7F504D2-android-1702461554.json?AWSAccessKeyId=ASIASCUGOF3ZLHPIVOBN&Content-Type=application%2Fjson&Expires=1702519171&Signature=CGdKsYMjt7mFrlpW2xKkmHK8g%2FU%3D&X-Amzn-Trace-Id=Root%3D1-65791001-734d54fc216a59632db6e4ab%3BParent%3D04a1ad2c63a88311%3BSampled%3D0%3BLineage%3D9692829f%3A0&x-amz-security-token=IQoJb3JpZ2luX2VjEML%2F%2F%2F%2F%2F%2F%2F%2F%2F%2FwEaCXVzLXdlc3QtMiJHMEUCIQCM4W19yURARHksRC6VW5WZ9HUNn076J84bZWx%2B0urktgIgIwIMDRY9DsOI7OFU9QHEneceYHtZKuKOFoON3uKkcMAquwMIOxACGgwxNDMwODk2MTA0ODIiDKnRai5bNMY0ZqHwWSqYA%2FdD43Hejx8mt0GClZaKhwqE3a1P0AMMHDiyoaMPHlEQZ7zprpwR0NAttyaO0H1vl6WNnQ9H00AaOKlV2F4ACD9iiOYTAgDrTHsSV0830eCwPtt3WXvQMMerb2kxdIrhNqnohav3bj1ZTx0LQyF%2F5ue7N%2F5fPNPZua0T%2FW9GS4y06HRW33nul%2F8fD2QQ6qWcHd3xedJAJwSzsT2CMt7c8l27OGM6zr54xRphIJzABm6f5fxOs6dHKgiflGxued329Jp%2BdXEJguGHE%2FYjatPcbPIVLbSGx5ghDUTsqE6GJtIQg8wnumyumFFVl6AXyqETiqnxt8maNlJUzAPYDx1XF4AUQIBP2FPoCm%2B%2F9V8uko6kq88ybRL%2BxzbtDgLxwPepSSe9fd0tECWzlgvqvoaXLiDQHWYbDQg%2FoDM6NriV6BA8xur8ajuRe%2FjNmh1PphbiebTejGSysOy95o0E2GOpq7QHr2InLfxfuP3gl6cmW8EB1I7IBzgCYAUqqJgczhXwcnsdI4oDmZ3xMxNh5FEN5%2FMnecMmDZ%2BJITCCoOSrBjqeATCuwcP6uJ0H3poFP2Ry3peSHFcvQEbfTstov9DBvh3Xx23bL7d96wBLjThHjM9baDVhHGV5d37aCjbcILfPSn%2Fw3RPeRlqwUKVASwnamp07ZHdppR3gG91dHKS8n%2BD8P%2FQPBPeqq0GxG1kNWJalbWK1H9ko%2FAg0uzUBvQPj9gEq7vjxOcFWVetSQUQVNVmThM5opplloXCAAiCqkIKR"
    },
    "result": {
        "code": 201000,
        "message": "Successfully."
    }
}

