2023-12-04 11:24:10: -----------Request----------->
POST https://thrive-dog1-usw2-api.data.plume.tech/pwb/PlumeCloudLogin

User-Agent: python-requests/2.31.0
Accept-Encoding: gzip, deflate
accept: application/json
Connection: keep-alive
Content-Type: application/json
Content-Length: 73

{
    "email": "thrive-ios+4@plume.com",
    "password": "plume1234",
    "ttl": 3600
}

2023-12-04 11:24:10: <-----------Response-----------
Status code: 200, elapsed seconds: 1.867441

Date: Mon, 04 Dec 2023 03:24:08 GMT
Content-Type: application/json
Content-Length: 729
Connection: keep-alive
x-amzn-RequestId: 5c20724f-5a32-4e08-96d8-bb702bba4f37
Access-Control-Allow-Origin: *
x-amz-apigw-id: PZftuHufvHcEV8Q=
X-Amzn-Trace-Id: Root=1-656d4657-12c73c11715516af1131d7c4;Sampled=0;lineage=7fdd2b1e:0

{
    "data": {
        "id": "xJJNeLbLX3ZnyawipBfEfSvTBzBLWCUmotEG1ZpeV1uroQiX58ZfGGUqI6hRawwO",
        "ttl": 3600,
        "created": "2023-12-04T03:24:08.572Z",
        "userId": "653f108a396de2000acd43d4",
        "expireAt": "2023-12-04T04:24:08.572Z",
        "user": {
            "id": "653f108a396de2000acd43d4",
            "accountId": "3b2c42d4-7cee-4756-b4bd-491cacc1ae57",
            "anonymous": false,
            "autoProvisioned": false,
            "name": "thrive-ios+4",
            "locked": false,
            "partnerId": "mobile_qa_test",
            "acceptLanguage": "en-US",
            "preferredLanguage": "en",
            "source": "customCreate",
            "createdAt": "2023-10-30T02:10:18.214Z",
            "provisioningSsoAuditTrail": false,
            "_version": "1.0.0",
            "email": "thrive-ios+4@plume.com",
            "emailVerified": true,
            "firstKnownLoginTimestamp": "2023-10-30T02:15:53.570Z"
        }
    },
    "result": {
        "code": 201000,
        "message": "Successfully."
    }
}

2023-12-04 11:24:14: -----------Request----------->
POST https://thrive-dog1-usw2-api.data.plume.tech/pwb/AuthenticateWithPlumeToken

User-Agent: python-requests/2.31.0
Accept-Encoding: gzip, deflate
accept: application/json
Connection: keep-alive
Content-Type: application/json
Content-Length: 121

{
    "accessToken": "xJJNeLbLX3ZnyawipBfEfSvTBzBLWCUmotEG1ZpeV1uroQiX58ZfGGUqI6hRawwO",
    "userId": "653f108a396de2000acd43d4"
}

2023-12-04 11:24:14: <-----------Response-----------
Status code: 200, elapsed seconds: 2.122818

Date: Mon, 04 Dec 2023 03:24:12 GMT
Content-Type: application/json
Content-Length: 3816
Connection: keep-alive
x-amzn-RequestId: d29f1e1b-0c0f-4593-b430-2715af4cf0fc
Access-Control-Allow-Origin: *
x-amz-apigw-id: PZfuUGCRPHcEYLg=
X-Amzn-Trace-Id: Root=1-656d465b-290e0a6d0a24da2c0ae64d86;Sampled=0;lineage=144e69e0:0

{
    "data": {
        "email": "thrive-ios+4@plume.com",
        "userGroup": "admin",
        "userName": "thrive-ios+4",
        "userId": "653f108a396de2000acd43d4",
        "accessToken": "eyJraWQiOiJ1cy13ZXN0LTI0IiwidHlwIjoiSldTIiwiYWxnIjoiUlM1MTIifQ.eyJzdWIiOiJ1cy13ZXN0LTI6N2IxZjcxYjktZDczZS00ZGVhLTg3YWUtZGIwYTRlNmQ0YTdmIiwiYXVkIjoidXMtd2VzdC0yOjU2YzQyNDM5LWJlMmMtNDUyMy04YmUwLTEwYjU4ODVlYTczMyIsImFtciI6WyJhdXRoZW50aWNhdGVkIiwic3RhZ2luZy1wd2IucGx1bWUuY29tIiwic3RhZ2luZy1wd2IucGx1bWUuY29tOnVzLXdlc3QtMjo1NmM0MjQzOS1iZTJjLTQ1MjMtOGJlMC0xMGI1ODg1ZWE3MzM6eEpKTmVMYkxYM1pueWF3aXBCZkVmU3ZUQnpCTFdDVW1vdEVHMVpwZVYxdXJvUWlYNThaZkdHVXFJNmhSYXd3TyJdLCJpc3MiOiJodHRwczovL2NvZ25pdG8taWRlbnRpdHkuYW1hem9uYXdzLmNvbSIsImh0dHBzOi8vY29nbml0by1pZGVudGl0eS5hbWF6b25hd3MuY29tL2lkZW50aXR5LXBvb2wtYXJuIjoiYXJuOmF3czpjb2duaXRvLWlkZW50aXR5OnVzLXdlc3QtMjoxNDMwODk2MTA0ODI6aWRlbnRpdHlwb29sL3VzLXdlc3QtMjo1NmM0MjQzOS1iZTJjLTQ1MjMtOGJlMC0xMGI1ODg1ZWE3MzMiLCJleHAiOjE3MDE3NDY2NTIsImlhdCI6MTcwMTY2MDI1Mn0.TkgWtyPGjrAUdUx86JFKDsVWXNNJLwRXfskCPAp3w_sbiF4uX7-BU0KVfkwki-FSCrdIMCxMho6VmcoTJjkDx8JJppm1IUlUe7HxQClhYwkf6GoqslbmZbAh8UWIqqChTD21ahZs-94aYYg9soHpiVzkZBDOp-CxRkpnyPct6eOtpK4cdUTzF_C9zBgdgfUGh07cnk_i9ADAUXkl3V67KcU3b0x88Q8PTxwqMPHaFvdq37LSPpaEChrEDBNqEMlkba5o5-_4Hn4h6SSjhfGJ-6cWRu03rLeoFeI4tHHlVDnycXbaNr14VyBZskEqloO_pUGB-gnpWioofksNudJkOQ",
        "idToken": "eyJraWQiOiJJZGVudGl0eVRva2VuU2lnbktleSIsImFsZyI6IlJTNTEyIn0%3D.eyJpc3MiOiJhd3MtbGFtYmRhIiwiZXhwIjoxNzE3MjEyMjUyLCJzdWIiOiJpZC10b2tlbiIsImF1ZCI6InJpbmciLCJqdGkiOiI2NmVlYWNiYy1hZDQ2LTQxZTEtYTk3Ni1lYjg3ZTU5NjAxMjMiLCJ1c2VySWQiOiI2NTNmMTA4YTM5NmRlMjAwMGFjZDQzZDQiLCJlbWFpbCI6InRocml2ZS1pb3MrNEBwbHVtZS5jb20iLCJnZW5kZXIiOiIiLCJiaXJ0aGRhdGUiOiIifQ%3D%3D.hGSgHXH%2B%2B6BqOo1a1gAJ385VG6TQwiTJrJdRfBeQTdqlNmwgxPA0xE66njCN0mQHz%2FTaOEU7V38F5yXRJTD0ZP%2FIwaecPhIRHzFokXeayZKJhfT6lMVrV3xqjWEd%2FUOQ6y7VK5ss9udHzZgQx%2B1fcVGPFU3fD2ATAFgVqbPr3CGsIvBQa%2BJ8Y8ynpcPtyhn1dt%2B76iqCuR82A9uXCLP5eyBJgC%2B4u7%2Fhzhhdd4%2FVRYjRxi%2Faexwq4aTnojUaXzyNlalZPtE9mmSwjXql8TO3kdH63jDa7pPBPy0daXW3qv381kxXzEiGBmF%2BA7rHf7WAZWtxfJOnMklHZlkslyJY2U8FMDVKHToeOdESZ5V7nMBhwWhPT3DR8eRM9s%2Bmg3LARPeltOznPhxo2aNqx45oTQJ1wVRIQfqwTJjpYvhWL7cDUmJha9UGu6eIg0VgYPu6UARG1uhhsovF4X22nXAmwytILjJVR0hqmq0IISBTlHOVTZtTDqlJpkmU%2FlQe%2BfVhgNHpJZU3kDG%2BPEtPCGNVAVL1kgbtwvLpEgRHHnepYDX%2FU9%2BRwHMqOp%2Fb7jUBlLt%2F%2BOJdkl5gt9Fijac331TFovHvvjt6Tci%2FIaekXRNpakjvgymViU4qRUjmcyGaNFBKfH8lOouDXumi6jcTk1f3eyhCYjz0JReUFoz1NfpvsuQ%3D",
        "refreshToken": "eyJraWQiOiJSZWZyZXNoVG9rZW5TaWduS2V5IiwiY3R5IjoiSldUIiwiZW5jIjoiQTI1NkdDTSIsImFsZyI6IlJTNTEyIn0%3D.AQICAHgg7rlLlhJZMilo20zyx9NECjg%2F8q0XYyoRMcHYs4Nh4AHLr9yCoEshiK%2FxbhonB0NpAAABUTCCAU0GCSqGSIb3DQEHBqCCAT4wggE6AgEAMIIBMwYJKoZIhvcNAQcBMB4GCWCGSAFlAwQBLjARBAweYyjsz%2FKofOssQWACARCAggEEdzIag8fsFibG0HMdqN3BbKmwLBWcOxTW%2BbjtuZopRIl6FXoY8CfomwfWUlBOXXusyRJpnnPWk8lJ%2FPJeEBjyt4ipqu4SlseTCJIZZtLdXWHe9eTFglAffYt9Adw6yHVY3qikKefTlc0DvZLxTnsClgqKWLVgUwxNd9rkqn%2BF3h4G7fs%2F%2FnH3E3IEt%2B3MCFSo6VrhxsABmBtBNBikhr9B9lqAJxiiQIePOz9tqKmtDQbwV8vWeh60O8psDfnD2EgGgNOsSUILtsvVosbIueGszg%2B1J8GpUujR3t7wmA5EvHdyYkJWYn3YZNMGnQMoW%2Bts39hRhQvJ69bJlnbOMV708G3Cr5Q%3D.ok%2BPKGo%2FXxmLQlyUTOSv3pzMhDS67YlzukB3OYRmN6OSPk6viJNncn78BQ7r2uD1Cz3ggIL56cljK4Yo2mrottFnQBVaprZWfwCbzxIR%2BMED0nNJoEkTVJIm5UJeZmzYwb8kiEHdjH1MWTFG0XuUndi0CLAGjSSMv7oPfwWqWGi9a%2BahoqRWGJZLWszJXt%2Fto%2BqQuJA0JHJ3U3ufjw7tUjZggybe0MNUUG83LFkMfPe%2F6uMWARKc62UTFD8rjmVeqs3aRkcysGxPT2F%2B6yic9RIx14BnMRey%2BzkBUJT61ospVJKHyoeOiKWZ2mRkr1MV91vd%2F8tR3%2B3Rbkr8tMd5NrcPiGH6eEsdt81JSXwHVTaSQef1ET%2BK%2Fepp9kQYAKKBrXAvo8yY3jx86ZAeyKm67dieFJQZAWlNB6r33ZdWd1gCr8K4tVr71NgkFaBB9Ut7JLiOahszc0EqZo9hPobegp1FwFNvdZdHv38DE0UKDFoPwRukLsudvWYOw1paMxCzRJRARa2%2BHxb0vhPAJE0YxYWyXEWML9At6rH6FzvsMYi0C87HVo7SLFKJYvCdFf3optzKhmd1Gu3NZ2oROcquEW%2FbUvJsNQaBP6s770Fi1IvEKVwQwoakkepiFdm5ev3YnwNefOSTCNrP0qUrhqW6FKaioNbqlBjbVbweW4iKGTQ%3D",
        "identityId": "us-west-2:7b1f71b9-d73e-4dea-87ae-db0a4e6d4a7f"
    }
}

2023-12-04 11:24:21: -----------Request----------->
POST https://thrive-dog1-usw2-api.data.plume.tech/pwb/RegisterDevice

User-Agent: python-requests/2.31.0
Accept-Encoding: gzip, deflate
accept: application/json
Connection: keep-alive
Authorization: Bearer eyJraWQiOiJ1cy13ZXN0LTI0IiwidHlwIjoiSldTIiwiYWxnIjoiUlM1MTIifQ.eyJzdWIiOiJ1cy13ZXN0LTI6N2IxZjcxYjktZDczZS00ZGVhLTg3YWUtZGIwYTRlNmQ0YTdmIiwiYXVkIjoidXMtd2VzdC0yOjU2YzQyNDM5LWJlMmMtNDUyMy04YmUwLTEwYjU4ODVlYTczMyIsImFtciI6WyJhdXRoZW50aWNhdGVkIiwic3RhZ2luZy1wd2IucGx1bWUuY29tIiwic3RhZ2luZy1wd2IucGx1bWUuY29tOnVzLXdlc3QtMjo1NmM0MjQzOS1iZTJjLTQ1MjMtOGJlMC0xMGI1ODg1ZWE3MzM6eEpKTmVMYkxYM1pueWF3aXBCZkVmU3ZUQnpCTFdDVW1vdEVHMVpwZVYxdXJvUWlYNThaZkdHVXFJNmhSYXd3TyJdLCJpc3MiOiJodHRwczovL2NvZ25pdG8taWRlbnRpdHkuYW1hem9uYXdzLmNvbSIsImh0dHBzOi8vY29nbml0by1pZGVudGl0eS5hbWF6b25hd3MuY29tL2lkZW50aXR5LXBvb2wtYXJuIjoiYXJuOmF3czpjb2duaXRvLWlkZW50aXR5OnVzLXdlc3QtMjoxNDMwODk2MTA0ODI6aWRlbnRpdHlwb29sL3VzLXdlc3QtMjo1NmM0MjQzOS1iZTJjLTQ1MjMtOGJlMC0xMGI1ODg1ZWE3MzMiLCJleHAiOjE3MDE3NDY2NTIsImlhdCI6MTcwMTY2MDI1Mn0.TkgWtyPGjrAUdUx86JFKDsVWXNNJLwRXfskCPAp3w_sbiF4uX7-BU0KVfkwki-FSCrdIMCxMho6VmcoTJjkDx8JJppm1IUlUe7HxQClhYwkf6GoqslbmZbAh8UWIqqChTD21ahZs-94aYYg9soHpiVzkZBDOp-CxRkpnyPct6eOtpK4cdUTzF_C9zBgdgfUGh07cnk_i9ADAUXkl3V67KcU3b0x88Q8PTxwqMPHaFvdq37LSPpaEChrEDBNqEMlkba5o5-_4Hn4h6SSjhfGJ-6cWRu03rLeoFeI4tHHlVDnycXbaNr14VyBZskEqloO_pUGB-gnpWioofksNudJkOQ
Content-Type: application/json
Content-Length: 78

{
    "userId": "653f108a396de2000acd43d4",
    "deviceId": "653f108a396de2000acd43d4"
}

2023-12-04 11:24:21: <-----------Response-----------
Status code: 200, elapsed seconds: 1.994752

Date: Mon, 04 Dec 2023 03:24:19 GMT
Content-Type: application/json
Content-Length: 88
Connection: keep-alive
x-amzn-RequestId: e476a64d-c365-4aef-99a5-9484154abdff
Access-Control-Allow-Origin: *
x-amz-apigw-id: PZfvaFD4PHcEpYQ=
X-Amzn-Trace-Id: Root=1-656d4662-22df9f493b02b64e1d7c98b6;Sampled=0;lineage=c0ee9507:0

{
    "data": {
        "registerStatus": "Success"
    },
    "result": {
        "code": 201000,
        "message": "Successfully."
    }
}

2023-12-04 11:24:28: -----------Request----------->
POST https://thrive-dog1-usw2-api.data.plume.tech/pwb/UnregisterDevice

User-Agent: python-requests/2.31.0
Accept-Encoding: gzip, deflate
accept: application/json
Connection: keep-alive
Authorization: Bearer eyJraWQiOiJ1cy13ZXN0LTI0IiwidHlwIjoiSldTIiwiYWxnIjoiUlM1MTIifQ.eyJzdWIiOiJ1cy13ZXN0LTI6N2IxZjcxYjktZDczZS00ZGVhLTg3YWUtZGIwYTRlNmQ0YTdmIiwiYXVkIjoidXMtd2VzdC0yOjU2YzQyNDM5LWJlMmMtNDUyMy04YmUwLTEwYjU4ODVlYTczMyIsImFtciI6WyJhdXRoZW50aWNhdGVkIiwic3RhZ2luZy1wd2IucGx1bWUuY29tIiwic3RhZ2luZy1wd2IucGx1bWUuY29tOnVzLXdlc3QtMjo1NmM0MjQzOS1iZTJjLTQ1MjMtOGJlMC0xMGI1ODg1ZWE3MzM6eEpKTmVMYkxYM1pueWF3aXBCZkVmU3ZUQnpCTFdDVW1vdEVHMVpwZVYxdXJvUWlYNThaZkdHVXFJNmhSYXd3TyJdLCJpc3MiOiJodHRwczovL2NvZ25pdG8taWRlbnRpdHkuYW1hem9uYXdzLmNvbSIsImh0dHBzOi8vY29nbml0by1pZGVudGl0eS5hbWF6b25hd3MuY29tL2lkZW50aXR5LXBvb2wtYXJuIjoiYXJuOmF3czpjb2duaXRvLWlkZW50aXR5OnVzLXdlc3QtMjoxNDMwODk2MTA0ODI6aWRlbnRpdHlwb29sL3VzLXdlc3QtMjo1NmM0MjQzOS1iZTJjLTQ1MjMtOGJlMC0xMGI1ODg1ZWE3MzMiLCJleHAiOjE3MDE3NDY2NTIsImlhdCI6MTcwMTY2MDI1Mn0.TkgWtyPGjrAUdUx86JFKDsVWXNNJLwRXfskCPAp3w_sbiF4uX7-BU0KVfkwki-FSCrdIMCxMho6VmcoTJjkDx8JJppm1IUlUe7HxQClhYwkf6GoqslbmZbAh8UWIqqChTD21ahZs-94aYYg9soHpiVzkZBDOp-CxRkpnyPct6eOtpK4cdUTzF_C9zBgdgfUGh07cnk_i9ADAUXkl3V67KcU3b0x88Q8PTxwqMPHaFvdq37LSPpaEChrEDBNqEMlkba5o5-_4Hn4h6SSjhfGJ-6cWRu03rLeoFeI4tHHlVDnycXbaNr14VyBZskEqloO_pUGB-gnpWioofksNudJkOQ
Content-Type: application/json
Content-Length: 38

{
    "userId": "653f108a396de2000acd43d4"
}

2023-12-04 11:24:28: <-----------Response-----------
Status code: 200, elapsed seconds: 1.993556

Date: Mon, 04 Dec 2023 03:24:26 GMT
Content-Type: application/json
Content-Length: 90
Connection: keep-alive
x-amzn-RequestId: 598207cf-c5d7-4185-a7e7-2f419f2f48e9
Access-Control-Allow-Origin: *
x-amz-apigw-id: PZfwgH4kPHcEpkQ=
X-Amzn-Trace-Id: Root=1-656d4669-2bb0343a539a365a36de12e5;Sampled=0;lineage=f5980d93:0

{
    "data": {
        "unregisterResult": "Success"
    },
    "result": {
        "code": 201000,
        "message": "Successfully."
    }
}

