2023-12-27 15:26:14: -----------Request----------->
POST https://thrive-dog1-usw2-api.data.plume.tech/pwb/PlumeCloudLogin

User-Agent: python-requests/2.31.0
Accept-Encoding: gzip, deflate
accept: application/json
Connection: keep-alive
Content-Type: application/json
Content-Length: 73

{
    "email": "thrive-ios+4@plume.com",
    "password": "plume1234",
    "ttl": 3600
}

2023-12-27 15:26:14: <-----------Response-----------
Status code: 200, elapsed seconds: 1.908197

Date: Wed, 27 Dec 2023 07:26:12 GMT
Content-Type: application/json
Content-Length: 729
Connection: keep-alive
x-amzn-RequestId: ba3d00b6-b565-4ccf-a833-f890d95662d8
Access-Control-Allow-Origin: *
x-amz-apigw-id: Ql2vNEZgPHcEQPw=
X-Amzn-Trace-Id: Root=1-658bd194-00cf0f351177d6136012bfc5;Sampled=0;lineage=7fdd2b1e:0

{
    "data": {
        "id": "CeK82EHwSEbInuttNoP1BSOYbuhmiNKSB5aTVUPiC6t5GDMglBbkWoD4nPO2ZK1u",
        "ttl": 3600,
        "created": "2023-12-27T07:26:13.350Z",
        "userId": "653f108a396de2000acd43d4",
        "expireAt": "2023-12-27T08:26:13.350Z",
        "user": {
            "id": "653f108a396de2000acd43d4",
            "accountId": "3b2c42d4-7cee-4756-b4bd-491cacc1ae57",
            "anonymous": false,
            "autoProvisioned": false,
            "name": "thrive-ios+4",
            "locked": false,
            "partnerId": "mobile_qa_test",
            "acceptLanguage": "en-US",
            "preferredLanguage": "en",
            "source": "customCreate",
            "createdAt": "2023-10-30T02:10:18.214Z",
            "provisioningSsoAuditTrail": false,
            "_version": "1.0.0",
            "email": "thrive-ios+4@plume.com",
            "emailVerified": true,
            "firstKnownLoginTimestamp": "2023-10-30T02:15:53.570Z"
        }
    },
    "result": {
        "code": 201000,
        "message": "Successfully."
    }
}

2023-12-27 15:26:17: -----------Request----------->
POST https://thrive-dog1-usw2-api.data.plume.tech/pwb/AuthenticateWithPlumeToken

User-Agent: python-requests/2.31.0
Accept-Encoding: gzip, deflate
accept: application/json
Connection: keep-alive
Content-Type: application/json
Content-Length: 121

{
    "accessToken": "CeK82EHwSEbInuttNoP1BSOYbuhmiNKSB5aTVUPiC6t5GDMglBbkWoD4nPO2ZK1u",
    "userId": "653f108a396de2000acd43d4"
}

2023-12-27 15:26:17: <-----------Response-----------
Status code: 200, elapsed seconds: 1.1906

Date: Wed, 27 Dec 2023 07:26:15 GMT
Content-Type: application/json
Content-Length: 3826
Connection: keep-alive
x-amzn-RequestId: 9ddf0b39-e10b-4bce-a0b9-df8da280568b
Access-Control-Allow-Origin: *
x-amz-apigw-id: Ql2vpExpvHcEWnw=
X-Amzn-Trace-Id: Root=1-658bd197-17f6dc7d72cc158169b020fb;Sampled=0;lineage=144e69e0:0

{
    "data": {
        "email": "thrive-ios+4@plume.com",
        "userGroup": "admin",
        "userName": "thrive-ios+4",
        "userId": "653f108a396de2000acd43d4",
        "accessToken": "eyJraWQiOiJ1cy13ZXN0LTI0IiwidHlwIjoiSldTIiwiYWxnIjoiUlM1MTIifQ.eyJzdWIiOiJ1cy13ZXN0LTI6ZGU2MTk2ZjUtY2NiOS00MGJlLWExNDYtZjRmYWIwOWJhNWE3IiwiYXVkIjoidXMtd2VzdC0yOjU2YzQyNDM5LWJlMmMtNDUyMy04YmUwLTEwYjU4ODVlYTczMyIsImFtciI6WyJhdXRoZW50aWNhdGVkIiwic3RhZ2luZy1wd2IucGx1bWUuY29tIiwic3RhZ2luZy1wd2IucGx1bWUuY29tOnVzLXdlc3QtMjo1NmM0MjQzOS1iZTJjLTQ1MjMtOGJlMC0xMGI1ODg1ZWE3MzM6Q2VLODJFSHdTRWJJbnV0dE5vUDFCU09ZYnVobWlOS1NCNWFUVlVQaUM2dDVHRE1nbEJia1dvRDRuUE8yWksxdSJdLCJpc3MiOiJodHRwczovL2NvZ25pdG8taWRlbnRpdHkuYW1hem9uYXdzLmNvbSIsImh0dHBzOi8vY29nbml0by1pZGVudGl0eS5hbWF6b25hd3MuY29tL2lkZW50aXR5LXBvb2wtYXJuIjoiYXJuOmF3czpjb2duaXRvLWlkZW50aXR5OnVzLXdlc3QtMjoxNDMwODk2MTA0ODI6aWRlbnRpdHlwb29sL3VzLXdlc3QtMjo1NmM0MjQzOS1iZTJjLTQ1MjMtOGJlMC0xMGI1ODg1ZWE3MzMiLCJleHAiOjE3MDM3NDgzNzUsImlhdCI6MTcwMzY2MTk3NX0.SJb8JpBuqHEK7rVQTvBTfIXxjnHOIwYoDVH31qXRfw3BGm4CGk8qaWcNcWmCg1btTcZuEBlSRVezBIuy3MXS2dioPLlS_QgYU9CT-AEnEdH8i27_coc5jIt4N-y4aWErWT9M8PV7zz4tTwAbnXr_ntUhwAycEfpbRN2zDw7CJDO_SKUnSpwGH0JRjtJvHYDzNYv9KQnZKKZDtIXexz16YoaEPLiFtrkt1mtZ1pWI_mTW62ALFBwMjt-ark2UqMTQCYDQdPbXcuQOaBDjYByZK1m31-sSff9bKBF0LO4EeHbeRm2EYfr7nuzKK0GAzAIm-Y-lm1AFa_YGtJEDJQawEA",
        "idToken": "eyJraWQiOiJJZGVudGl0eVRva2VuU2lnbktleSIsImFsZyI6IlJTNTEyIn0%3D.eyJpc3MiOiJhd3MtbGFtYmRhIiwiZXhwIjoxNzE5MjEzOTc1LCJzdWIiOiJpZC10b2tlbiIsImF1ZCI6InJpbmciLCJqdGkiOiJiYzEzYTQwNC1lZGVkLTQwMmUtOWNlMy1iZjljNzgzZDg4NTEiLCJ1c2VySWQiOiI2NTNmMTA4YTM5NmRlMjAwMGFjZDQzZDQiLCJlbWFpbCI6InRocml2ZS1pb3MrNEBwbHVtZS5jb20iLCJnZW5kZXIiOiIiLCJiaXJ0aGRhdGUiOiIifQ%3D%3D.UoYHVyj87MIzILFoFee1vKKl7eGG%2Be6mkz4d%2FUYmIpGZZV12Q4RDYstfFezlSbDVAFlhVHW%2FzSPB8r7%2FI0ys9WdJKOsUQ9qyvROoTvky14gr1UQ7FqXBkZPj2eluhvWA0YTCgj2WkZL9cgl5U7e3npc1RXdtzWrEcla%2FMH5Ex8i%2B%2FmOkge4VUkZW1gB19loE3L%2BYI5JYAz%2BpzupVCvashSKmmBpN8eNjUq%2BElMHjVip5MZAiMTL9q%2BBbTHy3nIemN28xB8soBbHndDCr0mrN2td49Tc9NP3U000%2B%2FbPjhkGmI21ROLu1idqwYRvO2i5ehuKkSRGdoAEERc8oLlj7oMiK3RciZ0VqVCANXdGmv%2F1fGq0hcVMNUIOn7lICJAsxEYA%2BenCqzMVLWdaOlEQXP9dDL0IBaVfc631pUNHBXxKa%2B%2F7T6bCyBG7VRLLtJIdryhIufjJU6aN%2FQLMsjg2kY%2BQBvFxOs2dkfyqGKFW7%2BaQRINUq1SoTfkd6B2YXHvXSs1NId%2FsZatpgT%2BW5KoB5L4agonIRKBbtaFZIgxz2r3MFJaN4xmzkZypO2UdeVmnHcyP0DbJMC5zqW2W6KK9LH2kWeTUoZCGgTKSUBF7JSo%2B6GqAR21lj8iClujVxi04p%2FGaS4Fp9kOrJDDXEaqcorpRJOmWxdSktnzrdWGbI9L4%3D",
        "refreshToken": "eyJraWQiOiJSZWZyZXNoVG9rZW5TaWduS2V5IiwiY3R5IjoiSldUIiwiZW5jIjoiQTI1NkdDTSIsImFsZyI6IlJTNTEyIn0%3D.AQICAHgg7rlLlhJZMilo20zyx9NECjg%2F8q0XYyoRMcHYs4Nh4AHroTpUU%2FnVU%2Fzko2AxMUdHAAABUTCCAU0GCSqGSIb3DQEHBqCCAT4wggE6AgEAMIIBMwYJKoZIhvcNAQcBMB4GCWCGSAFlAwQBLjARBAz45a59ZETvsBBqfScCARCAggEEaL6nRyvH9CiVAJIDH8caSqam6DPxA6QsDhFuDehI3Gm%2FnJ80csL86LOUo2VS%2F9GBGFg9Y%2BuQEIIJ%2BrSgWSDVHacp3KEMjl0qOQ18OOG1mwiTRgSODgRH2U1oEH2l2S5GHiKgQMQh0NO7FxUQCUvJoKFkt58FMcARRmoiGyIN8YuDSS2ytFMPJIQbCUTl64MAYui1zndoRuj9F2ElH8vgEiAQfLh%2B6WAOMdjet6vtdoO4s53u%2Bk%2B9lm5PJBN0DVPhX366USi1GCV27pUWBBg9uVboZ6jRSn5Hy9eC9mHMzshcbO45Wuqs%2BAGX4fMHG5HVNyofrD7X7JayymrwaAOwbw4gA%2Fc%3D.Qhzb%2Fok%2BQIBDFnFqzNle4zUvYK8mWorY6eFRQI1NRRlRUqxdnRymWWPcMItOO6immIDwRM33p47vdX7Gxb%2FdrlhmhBDnDUiyEm3Eue1tPe8jOgvM3bujigr86Yk%2FBH7SCI4Ulpou7NiaWKZxzf%2B2OULS6KA41JcLby4NRI41j9gP1zVufXVSUoRczBi0aZeahqWScAylKa3B797e3yxm5srD9slZM0nT52GpXjGsRFN0d9N6%2FpNI6F%2F7QRHteRwlfysa2LsNsULRDQo%2FY1MWjK3%2BTmWibFCIlJjv0nQaa8n9SMj0weeuC%2FfB9nQlolFKpIS5HxpU5RpItWmg64%2FWLqTfGCRKvVlifqUIBKe69JVkVglIXIbDYq9bVhnPHBp28UJi4TsxAzfhS0%2FIeGBtfE%2B1mqWVCQlXHV4Ezv8k%2Fpx8cIcdePZppvfPBpGREySF57RNSs3WF1WKEE9NjzAu4SvImEMKFgrLmL5Y2a6TvpkpwEhBF%2BCcR0LMD8H4DCSat3mR8H2ZNGn3x8cAy76EQWTcStZYxOrlOTmj6gMqSaBNrAcRMRju64t2NmY2v6oyRjO%2FTLXDYvHC%2BMAPiHcTOjyW7PMaRP9gRTtK7llT9DbYFcfx2tWOQQDLfn84iLjQSwy%2FxichlRgV33IEb6tpuwlKQhmg9DeMdIyqsoW9xjE%3D",
        "identityId": "us-west-2:de6196f5-ccb9-40be-a146-f4fab09ba5a7"
    }
}

