2023-12-20 17:48:52: -----------Request----------->
POST https://thrive-dog1-usw2-api.data.plume.tech/pwb/PlumeCloudLogin

User-Agent: python-requests/2.31.0
Accept-Encoding: gzip, deflate
accept: application/json
Connection: keep-alive
Content-Type: application/json
Content-Length: 73

{
    "email": "thrive-ios+4@plume.com",
    "password": "plume1234",
    "ttl": 3600
}

2023-12-20 17:48:52: <-----------Response-----------
Status code: 200, elapsed seconds: 0.84436

Date: Wed, 20 Dec 2023 09:48:50 GMT
Content-Type: application/json
Content-Length: 729
Connection: keep-alive
x-amzn-RequestId: 2b8230e0-bf74-4275-85dd-6d2fea982c28
Access-Control-Allow-Origin: *
x-amz-apigw-id: QPHEdFgUPHcEE2w=
X-Amzn-Trace-Id: Root=1-6582b882-72438b754db9f3e10a20652b;Sampled=0;lineage=7fdd2b1e:0

{
    "data": {
        "id": "uHul4fMG1u1Mc7JcjqNdg4rTzpOKjW2KxaTrB59uz4f6kZRogfaHPL5BMgzkWgQU",
        "ttl": 3600,
        "created": "2023-12-20T09:48:46.335Z",
        "userId": "653f108a396de2000acd43d4",
        "expireAt": "2023-12-20T10:48:46.335Z",
        "user": {
            "id": "653f108a396de2000acd43d4",
            "accountId": "3b2c42d4-7cee-4756-b4bd-491cacc1ae57",
            "anonymous": false,
            "autoProvisioned": false,
            "name": "thrive-ios+4",
            "locked": false,
            "partnerId": "mobile_qa_test",
            "acceptLanguage": "en-US",
            "preferredLanguage": "en",
            "source": "customCreate",
            "createdAt": "2023-10-30T02:10:18.214Z",
            "provisioningSsoAuditTrail": false,
            "_version": "1.0.0",
            "email": "thrive-ios+4@plume.com",
            "emailVerified": true,
            "firstKnownLoginTimestamp": "2023-10-30T02:15:53.570Z"
        }
    },
    "result": {
        "code": 201000,
        "message": "Successfully."
    }
}

2023-12-20 17:48:56: -----------Request----------->
POST https://thrive-dog1-usw2-api.data.plume.tech/pwb/AuthenticateWithPlumeToken

User-Agent: python-requests/2.31.0
Accept-Encoding: gzip, deflate
accept: application/json
Connection: keep-alive
Content-Type: application/json
Content-Length: 121

{
    "accessToken": "uHul4fMG1u1Mc7JcjqNdg4rTzpOKjW2KxaTrB59uz4f6kZRogfaHPL5BMgzkWgQU",
    "userId": "653f108a396de2000acd43d4"
}

2023-12-20 17:48:56: <-----------Response-----------
Status code: 200, elapsed seconds: 1.188328

Date: Wed, 20 Dec 2023 09:48:54 GMT
Content-Type: application/json
Content-Length: 3822
Connection: keep-alive
x-amzn-RequestId: 151e2a2c-ea4f-4a3c-ba4e-c1dc82c451d0
Access-Control-Allow-Origin: *
x-amz-apigw-id: QPHE5EDzvHcEjPQ=
X-Amzn-Trace-Id: Root=1-6582b885-289b10385e8c3c3507364670;Sampled=0;lineage=144e69e0:0

{
    "data": {
        "email": "thrive-ios+4@plume.com",
        "userGroup": "admin",
        "userName": "thrive-ios+4",
        "userId": "653f108a396de2000acd43d4",
        "accessToken": "eyJraWQiOiJ1cy13ZXN0LTI0IiwidHlwIjoiSldTIiwiYWxnIjoiUlM1MTIifQ.eyJzdWIiOiJ1cy13ZXN0LTI6MzBjYmVjZGItMWU1OC00Yjg1LTlkMzYtN2M4YTFhNDA3YjI1IiwiYXVkIjoidXMtd2VzdC0yOjU2YzQyNDM5LWJlMmMtNDUyMy04YmUwLTEwYjU4ODVlYTczMyIsImFtciI6WyJhdXRoZW50aWNhdGVkIiwic3RhZ2luZy1wd2IucGx1bWUuY29tIiwic3RhZ2luZy1wd2IucGx1bWUuY29tOnVzLXdlc3QtMjo1NmM0MjQzOS1iZTJjLTQ1MjMtOGJlMC0xMGI1ODg1ZWE3MzM6dUh1bDRmTUcxdTFNYzdKY2pxTmRnNHJUenBPS2pXMkt4YVRyQjU5dXo0ZjZrWlJvZ2ZhSFBMNUJNZ3prV2dRVSJdLCJpc3MiOiJodHRwczovL2NvZ25pdG8taWRlbnRpdHkuYW1hem9uYXdzLmNvbSIsImh0dHBzOi8vY29nbml0by1pZGVudGl0eS5hbWF6b25hd3MuY29tL2lkZW50aXR5LXBvb2wtYXJuIjoiYXJuOmF3czpjb2duaXRvLWlkZW50aXR5OnVzLXdlc3QtMjoxNDMwODk2MTA0ODI6aWRlbnRpdHlwb29sL3VzLXdlc3QtMjo1NmM0MjQzOS1iZTJjLTQ1MjMtOGJlMC0xMGI1ODg1ZWE3MzMiLCJleHAiOjE3MDMxNTIxMzMsImlhdCI6MTcwMzA2NTczM30.csRQXQ4E89glxWWBetzB40HsDW46TQ9U_NCO8vyx0iz1SAZFm8d5qTrVme0qfotK0CufLAi_sVYIpUD6TqvAfvXrIMIfEtUA4KdCMuCkmeiCLBbXP4WS7t9scJYi3EowCKvndmoRbiL6T8eSoGiFVNbmnA4cdRLLnKnjl5sl4Y236gPM9XtBOg0b6iy6IASVQ16kDdsUI68xoTI85bz1W_InvO92spRxnDHh3NBt4YIxdtNejYEstEFcH9uxiGsKxaBNO7XHEvE91F1DGNnLAEnoc2WSugpP0phVzja4bPUL9uYiSGioK1d8q6KvH84w0Q1-DgO6s8IS2zFuf5gTrQ",
        "idToken": "eyJraWQiOiJJZGVudGl0eVRva2VuU2lnbktleSIsImFsZyI6IlJTNTEyIn0%3D.eyJpc3MiOiJhd3MtbGFtYmRhIiwiZXhwIjoxNzE4NjE3NzM0LCJzdWIiOiJpZC10b2tlbiIsImF1ZCI6InJpbmciLCJqdGkiOiI2YjVmNDlmYy04MWJhLTQwYmEtOWJlNC1iM2I4Y2FiZGNjYWIiLCJ1c2VySWQiOiI2NTNmMTA4YTM5NmRlMjAwMGFjZDQzZDQiLCJlbWFpbCI6InRocml2ZS1pb3MrNEBwbHVtZS5jb20iLCJnZW5kZXIiOiIiLCJiaXJ0aGRhdGUiOiIifQ%3D%3D.amNwve7u95Vgx686G6maFpg6VeNxHi1sJJAfoCQpyCAijhPowIBmlU7j7DSNfUytGlF7lsZ63PKAdMq0hvtpxdetCb%2FccgaGVOfWUJm7WeW7XZ9D5WcPOgS5cQBgW1XXBWZfXjtPKV0IgNbe3M7KIuiMCATOITcBfsN6EF%2FPp5yXQZfYbAS5kawk9r90wSALNX3pYZKNl3pFD66478UzsB%2B2vt05AEPTPZmYRs689DYM4D5a2zHIHxJt7sB7%2BCfAd4rtIqZLpEJ%2BlGchy7lmwqjzF4km6Tss9pzAYCtYLXKFkpecwcb%2FQ4fkZR8z2buCYZ9kzmoCaox%2Fy07wQn9btIXPgtRucxvs53WJ2IqbjLlNdRVnvLAzuURWlsx18TdYOVvo9gbEFIiGNO2MvCcAf91wV6pV8zePXmoozEi3gEXSKKC76J4XmQ9U%2F0ngj30ZjKhrcRFHvWkG51ux8gCWuJqNbrhliPK9xVXLLGY3VSJYUP%2FeDEdEamBn4oMFqrHNAUBpaWnOVx2PQ72LvY7sGJkBA%2FqwpGw1wjlv%2FayttD30al45RvltTLTB1d8YLF6VJnxlAH1NHk%2FB3h8LztdW5pL8vQNCkP8%2BHBE3cGIY3u3KthCl9sQ0UbfPaW6R2rjs5ppFbT%2Fp9bXk%2FCYa%2F0qD7dYTCY5Ji30DbfToO7uuxcM%3D",
        "refreshToken": "eyJraWQiOiJSZWZyZXNoVG9rZW5TaWduS2V5IiwiY3R5IjoiSldUIiwiZW5jIjoiQTI1NkdDTSIsImFsZyI6IlJTNTEyIn0%3D.AQICAHgg7rlLlhJZMilo20zyx9NECjg%2F8q0XYyoRMcHYs4Nh4AECnj7V8yeOZkKVeUEBMY4%2FAAABUTCCAU0GCSqGSIb3DQEHBqCCAT4wggE6AgEAMIIBMwYJKoZIhvcNAQcBMB4GCWCGSAFlAwQBLjARBAzhgdoFJkzPPpL6O3oCARCAggEE47hCXDSNVwNUkjvTli1HuKlXVoW7CHxZH%2FAYfocMAaTPJ1vaw%2B7wrj7bchwKzIELVjzKeTFt0wW8ENx0sUCn1xGEVabfYse%2F17n6COlDYiadO%2Fbzk3rSErsVCRi%2BzjubvhfuYCmKtBXTkVV188gRWR%2BQxsV7IDn1LNSzHIhdZUxikfObG%2F1KT%2B9SOJvYwSXbeTmVyjNugjkYFuUlfvzNLc9W59ZEzV%2FcMoEcjdVpa%2FPkfBmQXtrwmk0tVuxgrR7M2ZjRu2k9Ba3t7Wc6iUr7Zi2Iw5ElweRPIcsEEXrqR%2BRil3F2SWKYm%2F9JRE8PsNJ8fCxiM02LC8jSoFMQznRI632AvvU%3D.S5OXlaKpa1kpFQRWM3bceDS9m07%2BLVT0kajzc3et36Wfj8CY%2FxlwYfXT%2BsWmpZazHtogLCbnhy%2FTD%2Bz2TP3MJt7Hki4VZqTD%2FbYKywh2vU9Rs1Ahnp94%2FuHZhduXQKGBjWn%2B7JWgIxT5oGqc%2BMTmLpH5%2Fpl33VQqyrYFkvj9qXP108Yw8A223Ckabp5YIBcrj1c7j0VqVwfNxcTaLk1eNGPc%2Bimti91AIrn21udh0PESgej8PUuvp%2Fiyh1%2F8ZBWFHDxBPMqAsTAl%2BYBpTmBf12z2knxITAhqm%2BrrEHCeEskbM466hfFYPRwAnafuGkBSvvO3QQCJh5hEFfK85KtLltoHKuK8bFDmBrD9747ch4lzL3pUk4vFV5N227v1kve97lV7fIf2sz7ibGCh3dqtoCVgDdN5VcoJ9UYnnw24iBLeau9ucVoPuPP%2FPrt%2BnvoBQiZW6a2JH3V4nZOMXEO7WSzVAGG6vi2CxXJVVrbZZTkynxLp6gCdSFwhan03Hh6iBCW4NYs6P%2B8k1qdhodHOJNBvSriC%2F6gGM66B1cVrgXk47wxn2H0HC9iVw93EOabO6yy0dxeQq0TIw1nwNtKU6M2T7dYa2nqmbYIlbuJuIltxpCH9Aoq7Z5YwuHEkpggnPIKeSbNX54MXUq2mCsWhjL3xJ7nStvSd2c6ufs%2B%2Bc%2BQ%3D",
        "identityId": "us-west-2:30cbecdb-1e58-4b85-9d36-7c8a1a407b25"
    }
}

2023-12-20 17:48:58: -----------Request----------->
POST https://thrive-dog1-usw2-api.data.plume.tech/pwb/GetDailyReadinessInsightList

User-Agent: python-requests/2.31.0
Accept-Encoding: gzip, deflate
accept: application/json
Connection: keep-alive
Authorization: Bearer eyJraWQiOiJ1cy13ZXN0LTI0IiwidHlwIjoiSldTIiwiYWxnIjoiUlM1MTIifQ.eyJzdWIiOiJ1cy13ZXN0LTI6MzBjYmVjZGItMWU1OC00Yjg1LTlkMzYtN2M4YTFhNDA3YjI1IiwiYXVkIjoidXMtd2VzdC0yOjU2YzQyNDM5LWJlMmMtNDUyMy04YmUwLTEwYjU4ODVlYTczMyIsImFtciI6WyJhdXRoZW50aWNhdGVkIiwic3RhZ2luZy1wd2IucGx1bWUuY29tIiwic3RhZ2luZy1wd2IucGx1bWUuY29tOnVzLXdlc3QtMjo1NmM0MjQzOS1iZTJjLTQ1MjMtOGJlMC0xMGI1ODg1ZWE3MzM6dUh1bDRmTUcxdTFNYzdKY2pxTmRnNHJUenBPS2pXMkt4YVRyQjU5dXo0ZjZrWlJvZ2ZhSFBMNUJNZ3prV2dRVSJdLCJpc3MiOiJodHRwczovL2NvZ25pdG8taWRlbnRpdHkuYW1hem9uYXdzLmNvbSIsImh0dHBzOi8vY29nbml0by1pZGVudGl0eS5hbWF6b25hd3MuY29tL2lkZW50aXR5LXBvb2wtYXJuIjoiYXJuOmF3czpjb2duaXRvLWlkZW50aXR5OnVzLXdlc3QtMjoxNDMwODk2MTA0ODI6aWRlbnRpdHlwb29sL3VzLXdlc3QtMjo1NmM0MjQzOS1iZTJjLTQ1MjMtOGJlMC0xMGI1ODg1ZWE3MzMiLCJleHAiOjE3MDMxNTIxMzMsImlhdCI6MTcwMzA2NTczM30.csRQXQ4E89glxWWBetzB40HsDW46TQ9U_NCO8vyx0iz1SAZFm8d5qTrVme0qfotK0CufLAi_sVYIpUD6TqvAfvXrIMIfEtUA4KdCMuCkmeiCLBbXP4WS7t9scJYi3EowCKvndmoRbiL6T8eSoGiFVNbmnA4cdRLLnKnjl5sl4Y236gPM9XtBOg0b6iy6IASVQ16kDdsUI68xoTI85bz1W_InvO92spRxnDHh3NBt4YIxdtNejYEstEFcH9uxiGsKxaBNO7XHEvE91F1DGNnLAEnoc2WSugpP0phVzja4bPUL9uYiSGioK1d8q6KvH84w0Q1-DgO6s8IS2zFuf5gTrQ
Content-Type: application/json
Content-Length: 117

{
    "userId": "653f108a396de2000acd43d4",
    "startTime": 1703001600,
    "endTime": 1703087999,
    "pageSize": 7,
    "startKey": ""
}

2023-12-20 17:48:58: <-----------Response-----------
Status code: 200, elapsed seconds: 0.837141

Date: Wed, 20 Dec 2023 09:48:56 GMT
Content-Type: application/json
Content-Length: 356
Connection: keep-alive
x-amzn-RequestId: ac76f1b2-2495-4ad4-9c9a-b8d9d59c58c3
Access-Control-Allow-Origin: *
x-amz-apigw-id: QPHFaGawvHcEVfQ=
X-Amzn-Trace-Id: Root=1-6582b888-551594bf395058db08c0066a;Sampled=0;lineage=774101e1:0

{
    "data": {
        "userId": "653f108a396de2000acd43d4",
        "startTime": 1703001600,
        "endTime": 1703087999,
        "dailyReadinessInsightList": [
            {
                "userId": "653f108a396de2000acd43d4",
                "startTime": 1703017097,
                "endTime": 1703035821,
                "hrvScore": 67.0206414106089,
                "stressScore": 2,
                "readinessScore": 10,
                "utcOffset": 8,
                "timeZone": "Asia/Brunei"
            }
        ]
    },
    "result": {
        "code": 201000,
        "message": "Successfully."
    }
}

