2023-12-18 17:01:24: -----------Request----------->
POST https://thrive-dog1-usw2-api.data.plume.tech/pwb/PlumeCloudLogin

User-Agent: python-requests/2.31.0
Accept-Encoding: gzip, deflate
accept: application/json
Connection: keep-alive
Content-Type: application/json
Content-Length: 73

{
    "email": "thrive-ios+4@plume.com",
    "password": "plume1234",
    "ttl": 3600
}

2023-12-18 17:01:24: <-----------Response-----------
Status code: 200, elapsed seconds: 2.913889

Date: Mon, 18 Dec 2023 09:01:22 GMT
Content-Type: application/json
Content-Length: 729
Connection: keep-alive
x-amzn-RequestId: 393d3c2c-aae6-4d49-a1c7-614d2e790a40
Access-Control-Allow-Origin: *
x-amz-apigw-id: QIaPQF2KvHcEjhw=
X-Amzn-Trace-Id: Root=1-65800a61-612a59a546917fe219d4b879;Sampled=0;lineage=7fdd2b1e:0

{
    "data": {
        "id": "SELFeJdQ9174fG6MQGgRCD1XnHKsw4IQPdBaS0X7ajlpqxugt241Sx7gdCEHAMIW",
        "ttl": 3600,
        "created": "2023-12-18T09:01:19.356Z",
        "userId": "653f108a396de2000acd43d4",
        "expireAt": "2023-12-18T10:01:19.356Z",
        "user": {
            "id": "653f108a396de2000acd43d4",
            "accountId": "3b2c42d4-7cee-4756-b4bd-491cacc1ae57",
            "anonymous": false,
            "autoProvisioned": false,
            "name": "thrive-ios+4",
            "locked": false,
            "partnerId": "mobile_qa_test",
            "acceptLanguage": "en-US",
            "preferredLanguage": "en",
            "source": "customCreate",
            "createdAt": "2023-10-30T02:10:18.214Z",
            "provisioningSsoAuditTrail": false,
            "_version": "1.0.0",
            "email": "thrive-ios+4@plume.com",
            "emailVerified": true,
            "firstKnownLoginTimestamp": "2023-10-30T02:15:53.570Z"
        }
    },
    "result": {
        "code": 201000,
        "message": "Successfully."
    }
}

2023-12-18 17:01:28: -----------Request----------->
POST https://thrive-dog1-usw2-api.data.plume.tech/pwb/AuthenticateWithPlumeToken

User-Agent: python-requests/2.31.0
Accept-Encoding: gzip, deflate
accept: application/json
Connection: keep-alive
Content-Type: application/json
Content-Length: 121

{
    "accessToken": "SELFeJdQ9174fG6MQGgRCD1XnHKsw4IQPdBaS0X7ajlpqxugt241Sx7gdCEHAMIW",
    "userId": "653f108a396de2000acd43d4"
}

2023-12-18 17:01:28: <-----------Response-----------
Status code: 200, elapsed seconds: 2.1866

Date: Mon, 18 Dec 2023 09:01:26 GMT
Content-Type: application/json
Content-Length: 3812
Connection: keep-alive
x-amzn-RequestId: 392dc6d5-78a3-4856-9572-446a9d5dde1d
Access-Control-Allow-Origin: *
x-amz-apigw-id: QIaP3EERvHcEVLQ=
X-Amzn-Trace-Id: Root=1-65800a65-7379914b5463f92f12f25edc;Sampled=0;lineage=144e69e0:0

{
    "data": {
        "email": "thrive-ios+4@plume.com",
        "userGroup": "admin",
        "userName": "thrive-ios+4",
        "userId": "653f108a396de2000acd43d4",
        "accessToken": "eyJraWQiOiJ1cy13ZXN0LTI0IiwidHlwIjoiSldTIiwiYWxnIjoiUlM1MTIifQ.eyJzdWIiOiJ1cy13ZXN0LTI6YjZkMDQ5M2QtNzQxMS00ZGNlLTlhZTktNDYzMWI5Mzg3ZWY5IiwiYXVkIjoidXMtd2VzdC0yOjU2YzQyNDM5LWJlMmMtNDUyMy04YmUwLTEwYjU4ODVlYTczMyIsImFtciI6WyJhdXRoZW50aWNhdGVkIiwic3RhZ2luZy1wd2IucGx1bWUuY29tIiwic3RhZ2luZy1wd2IucGx1bWUuY29tOnVzLXdlc3QtMjo1NmM0MjQzOS1iZTJjLTQ1MjMtOGJlMC0xMGI1ODg1ZWE3MzM6U0VMRmVKZFE5MTc0Zkc2TVFHZ1JDRDFYbkhLc3c0SVFQZEJhUzBYN2FqbHBxeHVndDI0MVN4N2dkQ0VIQU1JVyJdLCJpc3MiOiJodHRwczovL2NvZ25pdG8taWRlbnRpdHkuYW1hem9uYXdzLmNvbSIsImh0dHBzOi8vY29nbml0by1pZGVudGl0eS5hbWF6b25hd3MuY29tL2lkZW50aXR5LXBvb2wtYXJuIjoiYXJuOmF3czpjb2duaXRvLWlkZW50aXR5OnVzLXdlc3QtMjoxNDMwODk2MTA0ODI6aWRlbnRpdHlwb29sL3VzLXdlc3QtMjo1NmM0MjQzOS1iZTJjLTQ1MjMtOGJlMC0xMGI1ODg1ZWE3MzMiLCJleHAiOjE3MDI5NzY0ODYsImlhdCI6MTcwMjg5MDA4Nn0.Ybdq7ZlVSQOkUTRt9qOFCzTXcRIzWlX4v7v4E1ya5xs56zOIS5Ic4keOIkPs46KSY7rZPY3viWhLl7pbnc2NpzkeH4oJj4PCexBEJeGLTNOE-PYp_LP8olh6NGrPtOALkLxUkZKQLCEwMGhV_MPD9qAVKTg4Niken1Jv67QeGHsMwiPawFtIOask8in06TDOoRNZKtPqz3_kWxa7UsMK_9ScA06orAHCU3bB49E7ODEFYyy2rGE2Xl4fFvzpsXvDxbNKdDMYEm-64W2Bl9wsIFuuDADFCl20dJAkDsJHq8FohMZxL9jTvhRLYOFurT20aP7VmyHoh5omIPrWk4MTnQ",
        "idToken": "eyJraWQiOiJJZGVudGl0eVRva2VuU2lnbktleSIsImFsZyI6IlJTNTEyIn0%3D.eyJpc3MiOiJhd3MtbGFtYmRhIiwiZXhwIjoxNzE4NDQyMDg2LCJzdWIiOiJpZC10b2tlbiIsImF1ZCI6InJpbmciLCJqdGkiOiI4Yjc2ZDcwMy1hY2UxLTQ1OTctYThmYS1lNjQyMzE4MTkzMTUiLCJ1c2VySWQiOiI2NTNmMTA4YTM5NmRlMjAwMGFjZDQzZDQiLCJlbWFpbCI6InRocml2ZS1pb3MrNEBwbHVtZS5jb20iLCJnZW5kZXIiOiIiLCJiaXJ0aGRhdGUiOiIifQ%3D%3D.SJ8zLbk4O7x5bV5zoJ6wNoQ5WVyYJM%2BOVxdqvPPNE%2FcvW8HjNgBGnZFHY4NvLQ8wqsIdOSvUJNqMjlIPtuYWVx%2FjG7Svx4d4QKo803WpVzRT61WrenqNGngR18ibm6njXzo6%2FRqED6hrfDPD%2BXy%2BFVsK7cMmDpztj9svWXHEA4WEkQxCT73VEO49TTp7NTvk5VBKlZ61LWKaLzEUSiWVriXh5WOoYPHcxAN1qPuzeXWb8qeOjcpQ4GTERIg3iIz1hTWL1dJltJ7GzsVISKYPadQX%2Bd9DQqVXT9ytubnNjEX%2FmFVXy3gBcOyWyqYlyS%2Bj3L%2BXVtrO74Y%2BEXcVqt53Woe9I2vEW%2FYjIUFTCgXpOJVkxszqCMo6p7hgdSEgz8LVDYt4tjkbQmVXyGdii3P5dgDxESu1g%2FkeRG5auE14ffI%2B%2FYOEsRuZaqBtFg2LD8BpvI4QzDPzoeA7akrbX%2Bmh13BmzaybrsFIAqROX9urVeIGR83TS%2B%2FPE0yJNbiIHenx9LrC9JiQPUy1UmcLjHVqgq4th5catcoeHplCgaLXOhS2%2FHanObxZTvhkScAP7Lz3m4ob7uclVOYZhR1gtRZ7oIBYpMBPIH5iqAZ9tIVo6njg%2FOBjP0HwedIsPZhw7pfkDHTbpsBICq6QxvN13UYEdW0oovg94ruU7XcjJtAVUeI%3D",
        "refreshToken": "eyJraWQiOiJSZWZyZXNoVG9rZW5TaWduS2V5IiwiY3R5IjoiSldUIiwiZW5jIjoiQTI1NkdDTSIsImFsZyI6IlJTNTEyIn0%3D.AQICAHgg7rlLlhJZMilo20zyx9NECjg%2F8q0XYyoRMcHYs4Nh4AFKwynrCg7mMNlcbyLXGvLOAAABUTCCAU0GCSqGSIb3DQEHBqCCAT4wggE6AgEAMIIBMwYJKoZIhvcNAQcBMB4GCWCGSAFlAwQBLjARBAyM9GdajRGZMZX%2FEegCARCAggEEoF9LkM8d2h1H2WZCNuW75RcnHtT3mszeZmuyMzOqr4wDYtVDJKApnc3wvTs6J4LeMBO%2FL7SqLNO6g6FkIgERIhyibd6%2FrwsuggN3wYojSYPvICoVZIzxUVIgOuOQ9KghUmbDNRfG5hyw%2BCA1voF7%2FZY41Gcs3crHfTGToViTShh3gVt68PnX1qDYylW8D8i9C3g65D95uU2W5sxXCvBDwTAGk4LSqg%2FwTDT585rNzkg0y8%2FKbTimqrvtG8g8a3CqsaEWg%2BumpSBBtFuFsTAGT0Z4FJMnrhmtUyDqVg%2B1%2Bf1GeNJOy2bqnvul%2BrER1dfiHK1mqSovpxd1eeTfpHsEnzJgLps%3D.GveGAkfJoYT4JOb7oIGc3QaXC0SNKeWL0ahlRQB8jFqIrpqESdLIxzUJV6GehfXDbYvfZrAPNxn9hNlVejSp29azZdDEe214NTy59QzYTuXBFFt50Kw8ckHYe94AWSIp8tiHpinx4P9ShI%2BejISCl5VJ3cXhIGvx1MuQ5zc7b6dmJCRU7Zy2dFk3vjGGurQq6veY5ZRudtNSCJn4FBE7zQetW1XS7wBa9j6zlY3tWfjcAKSalxWJGgltx3h%2Bg4ceT8wAwclBjCloi8TtUmSuZywYWHJBjQrFnBAGqAlad7E0AZP92F%2BVsxI0DqgTwQ8lNgKQ2pdQwIqPfYx74bT6pp%2BJ0Z3hdpsI4u2mQFZjGCStjuJx1CQr0YyzbX4VZMZ%2FLqMoAqdwv0WXOkv7ZFhV%2FsqkOJw5cLPmbAAPhYIEGUfSUixQkAtDyf2WQzp3vIHuoJpFTGGh0Ztw%2BlEqBzNZN%2FQPpF5OzDMfI9nyZJqPcqmCTYTX8gbeWxYlaJjsOOvWgq%2BNd%2FRSbTr%2BcwWmyB8aMBBC2S8TmH3hiKlvOXPWorSYW51Mzjs%2BhhmfHuePpGOM9cXd%2BjZFPyMNXxnfzndCONTjp0d3tjPSUvuolgP7no9ZeM9v8%2BVScwdieJTNnlA4uywMJJ0FSwVOHEI5oQ3CaNfwvdqSJE%2BAjuMhewIQ6RA%3D",
        "identityId": "us-west-2:b6d0493d-7411-4dce-9ae9-4631b9387ef9"
    }
}

2023-12-18 17:01:31: -----------Request----------->
POST https://thrive-dog1-usw2-api.data.plume.tech/pwb/GetDailyReadinessInsightList

User-Agent: python-requests/2.31.0
Accept-Encoding: gzip, deflate
accept: application/json
Connection: keep-alive
Authorization: Bearer eyJraWQiOiJ1cy13ZXN0LTI0IiwidHlwIjoiSldTIiwiYWxnIjoiUlM1MTIifQ.eyJzdWIiOiJ1cy13ZXN0LTI6YjZkMDQ5M2QtNzQxMS00ZGNlLTlhZTktNDYzMWI5Mzg3ZWY5IiwiYXVkIjoidXMtd2VzdC0yOjU2YzQyNDM5LWJlMmMtNDUyMy04YmUwLTEwYjU4ODVlYTczMyIsImFtciI6WyJhdXRoZW50aWNhdGVkIiwic3RhZ2luZy1wd2IucGx1bWUuY29tIiwic3RhZ2luZy1wd2IucGx1bWUuY29tOnVzLXdlc3QtMjo1NmM0MjQzOS1iZTJjLTQ1MjMtOGJlMC0xMGI1ODg1ZWE3MzM6U0VMRmVKZFE5MTc0Zkc2TVFHZ1JDRDFYbkhLc3c0SVFQZEJhUzBYN2FqbHBxeHVndDI0MVN4N2dkQ0VIQU1JVyJdLCJpc3MiOiJodHRwczovL2NvZ25pdG8taWRlbnRpdHkuYW1hem9uYXdzLmNvbSIsImh0dHBzOi8vY29nbml0by1pZGVudGl0eS5hbWF6b25hd3MuY29tL2lkZW50aXR5LXBvb2wtYXJuIjoiYXJuOmF3czpjb2duaXRvLWlkZW50aXR5OnVzLXdlc3QtMjoxNDMwODk2MTA0ODI6aWRlbnRpdHlwb29sL3VzLXdlc3QtMjo1NmM0MjQzOS1iZTJjLTQ1MjMtOGJlMC0xMGI1ODg1ZWE3MzMiLCJleHAiOjE3MDI5NzY0ODYsImlhdCI6MTcwMjg5MDA4Nn0.Ybdq7ZlVSQOkUTRt9qOFCzTXcRIzWlX4v7v4E1ya5xs56zOIS5Ic4keOIkPs46KSY7rZPY3viWhLl7pbnc2NpzkeH4oJj4PCexBEJeGLTNOE-PYp_LP8olh6NGrPtOALkLxUkZKQLCEwMGhV_MPD9qAVKTg4Niken1Jv67QeGHsMwiPawFtIOask8in06TDOoRNZKtPqz3_kWxa7UsMK_9ScA06orAHCU3bB49E7ODEFYyy2rGE2Xl4fFvzpsXvDxbNKdDMYEm-64W2Bl9wsIFuuDADFCl20dJAkDsJHq8FohMZxL9jTvhRLYOFurT20aP7VmyHoh5omIPrWk4MTnQ
Content-Type: application/json
Content-Length: 117

{
    "userId": "653f108a396de2000acd43d4",
    "startTime": 1702828800,
    "endTime": 1702915199,
    "pageSize": 7,
    "startKey": ""
}

2023-12-18 17:01:31: <-----------Response-----------
Status code: 200, elapsed seconds: 1.001917

Date: Mon, 18 Dec 2023 09:01:29 GMT
Content-Type: application/json
Content-Length: 356
Connection: keep-alive
x-amzn-RequestId: ce02f831-8429-4ab0-9484-54b30d187325
Access-Control-Allow-Origin: *
x-amz-apigw-id: QIaQiFroPHcEnuA=
X-Amzn-Trace-Id: Root=1-65800a69-4fcb479d75e10ee50211450e;Sampled=0;lineage=774101e1:0

{
    "data": {
        "userId": "653f108a396de2000acd43d4",
        "startTime": 1702828800,
        "endTime": 1702915199,
        "dailyReadinessInsightList": [
            {
                "userId": "653f108a396de2000acd43d4",
                "startTime": 1702844297,
                "endTime": 1702863021,
                "hrvScore": 67.0206414106089,
                "stressScore": 2,
                "readinessScore": 10,
                "utcOffset": 8,
                "timeZone": "Asia/Brunei"
            }
        ]
    },
    "result": {
        "code": 201000,
        "message": "Successfully."
    }
}

