2023-12-04 14:06:26: -----------Request----------->
POST https://thrive-dog1-usw2-api.data.plume.tech/pwb/PlumeCloudLogin

User-Agent: python-requests/2.31.0
Accept-Encoding: gzip, deflate
accept: application/json
Connection: keep-alive
Content-Type: application/json
Content-Length: 73

{
    "email": "thrive-ios+4@plume.com",
    "password": "plume1234",
    "ttl": 3600
}

2023-12-04 14:06:26: <-----------Response-----------
Status code: 200, elapsed seconds: 1.056406

Date: Mon, 04 Dec 2023 06:06:24 GMT
Content-Type: application/json
Content-Length: 729
Connection: keep-alive
x-amzn-RequestId: 30df6136-508c-4b6a-a00f-1ee500acaf21
Access-Control-Allow-Origin: *
x-amz-apigw-id: PZ3fIEMIvHcESvQ=
X-Amzn-Trace-Id: Root=1-656d6c60-353d241677d1ff5e14b5f3a1;Sampled=0;lineage=7fdd2b1e:0

{
    "data": {
        "id": "bZbJrUChsMzCOpX2GZaGMTdrhAnrDSS8OsboOUbbjcEKH1ieZszp4GltGyhX3UM7",
        "ttl": 3600,
        "created": "2023-12-04T06:06:24.801Z",
        "userId": "653f108a396de2000acd43d4",
        "expireAt": "2023-12-04T07:06:24.801Z",
        "user": {
            "id": "653f108a396de2000acd43d4",
            "accountId": "3b2c42d4-7cee-4756-b4bd-491cacc1ae57",
            "anonymous": false,
            "autoProvisioned": false,
            "name": "thrive-ios+4",
            "locked": false,
            "partnerId": "mobile_qa_test",
            "acceptLanguage": "en-US",
            "preferredLanguage": "en",
            "source": "customCreate",
            "createdAt": "2023-10-30T02:10:18.214Z",
            "provisioningSsoAuditTrail": false,
            "_version": "1.0.0",
            "email": "thrive-ios+4@plume.com",
            "emailVerified": true,
            "firstKnownLoginTimestamp": "2023-10-30T02:15:53.570Z"
        }
    },
    "result": {
        "code": 201000,
        "message": "Successfully."
    }
}

2023-12-04 14:06:30: -----------Request----------->
POST https://thrive-dog1-usw2-api.data.plume.tech/pwb/AuthenticateWithPlumeToken

User-Agent: python-requests/2.31.0
Accept-Encoding: gzip, deflate
accept: application/json
Connection: keep-alive
Content-Type: application/json
Content-Length: 121

{
    "accessToken": "bZbJrUChsMzCOpX2GZaGMTdrhAnrDSS8OsboOUbbjcEKH1ieZszp4GltGyhX3UM7",
    "userId": "653f108a396de2000acd43d4"
}

2023-12-04 14:06:30: <-----------Response-----------
Status code: 200, elapsed seconds: 1.223191

Date: Mon, 04 Dec 2023 06:06:28 GMT
Content-Type: application/json
Content-Length: 3824
Connection: keep-alive
x-amzn-RequestId: c1b12cbc-6096-4c4b-bd84-58eb113eb0ba
Access-Control-Allow-Origin: *
x-amz-apigw-id: PZ3fnEUsPHcEDmg=
X-Amzn-Trace-Id: Root=1-656d6c63-319425fe4790003f3167753b;Sampled=0;lineage=144e69e0:0

{
    "data": {
        "email": "thrive-ios+4@plume.com",
        "userGroup": "admin",
        "userName": "thrive-ios+4",
        "userId": "653f108a396de2000acd43d4",
        "accessToken": "eyJraWQiOiJ1cy13ZXN0LTI0IiwidHlwIjoiSldTIiwiYWxnIjoiUlM1MTIifQ.eyJzdWIiOiJ1cy13ZXN0LTI6ZDFiNjE2OTQtNWVhZi00OTQ5LThlMjEtNGUyNWIwOTk3MmYwIiwiYXVkIjoidXMtd2VzdC0yOjU2YzQyNDM5LWJlMmMtNDUyMy04YmUwLTEwYjU4ODVlYTczMyIsImFtciI6WyJhdXRoZW50aWNhdGVkIiwic3RhZ2luZy1wd2IucGx1bWUuY29tIiwic3RhZ2luZy1wd2IucGx1bWUuY29tOnVzLXdlc3QtMjo1NmM0MjQzOS1iZTJjLTQ1MjMtOGJlMC0xMGI1ODg1ZWE3MzM6YlpiSnJVQ2hzTXpDT3BYMkdaYUdNVGRyaEFuckRTUzhPc2JvT1ViYmpjRUtIMWllWnN6cDRHbHRHeWhYM1VNNyJdLCJpc3MiOiJodHRwczovL2NvZ25pdG8taWRlbnRpdHkuYW1hem9uYXdzLmNvbSIsImh0dHBzOi8vY29nbml0by1pZGVudGl0eS5hbWF6b25hd3MuY29tL2lkZW50aXR5LXBvb2wtYXJuIjoiYXJuOmF3czpjb2duaXRvLWlkZW50aXR5OnVzLXdlc3QtMjoxNDMwODk2MTA0ODI6aWRlbnRpdHlwb29sL3VzLXdlc3QtMjo1NmM0MjQzOS1iZTJjLTQ1MjMtOGJlMC0xMGI1ODg1ZWE3MzMiLCJleHAiOjE3MDE3NTYzODcsImlhdCI6MTcwMTY2OTk4N30.FGyIDf4hNJZQMpJZOxPsqEiqIOYbnddI2-Z78h2pJ8rbx38xfRt3jiEIajYLtwcKyB4ZsebGh-MisY9S5h54L8UoERkX7vofnQQE_Zv4WEIEV1WsZlWYFFsxrObg28YtTvC1U0q1bgpuV2yrG1EJhigiaKYd0Gdkz1VSMgrnpAATS6qWOdYlSZyXYNJkWDJ_5NaKMOBoTUeLwT8ob_qAIcY-AWSFWiuspn2XtzAtj1mncxehcVY8_AZ2vzbAg5lD7Hj2NQrrv9YYNLqbEUXDZmWmdcRYUJSp5AYlhbX-TfaZmXIEXlMIgBhzc4EjT9sBwj2TjsHR8ivGwiXVWHgK3w",
        "idToken": "eyJraWQiOiJJZGVudGl0eVRva2VuU2lnbktleSIsImFsZyI6IlJTNTEyIn0%3D.eyJpc3MiOiJhd3MtbGFtYmRhIiwiZXhwIjoxNzE3MjIxOTg4LCJzdWIiOiJpZC10b2tlbiIsImF1ZCI6InJpbmciLCJqdGkiOiI5OGE1NzM3Ny0yY2JkLTRjNTAtYjExMy00ODA1MWJlY2IxMzEiLCJ1c2VySWQiOiI2NTNmMTA4YTM5NmRlMjAwMGFjZDQzZDQiLCJlbWFpbCI6InRocml2ZS1pb3MrNEBwbHVtZS5jb20iLCJnZW5kZXIiOiIiLCJiaXJ0aGRhdGUiOiIifQ%3D%3D.Qzm%2F1WAwAikVZZYLr7SaCk1%2FwCi5XOWSeVnSafXvZ5qLwbMp8Vb1ObyNpNVxB9qqCf9E33%2FEZABh05wXdKUr3UAonSBv2GGtdEIJbxUJm4UeJ%2FF4qr%2Bnkp3AE5CpPy0d547Nf7yEjymHwi1z9QgIUibfvaPRy35tCGVjwgnCw4G0UoYuQ9HsNLp8tmU1hRPR%2FsjJmDYpYIXg2dPbvlS5RAgUAtr4Y6aKWgyj5YK4xWdmyfTfjakP3ox19YYEE1VUtAW3FKRIsEJ5HUr0TJsq4YxKbZ8%2Bn730YpQNB5r9DA%2FbBbzCEDwHjio5NPOVyT3AXGVpvtCguhdUd%2BqtL68OvMPdsP%2Bepoe6B%2BhGwISLbS4HB0C6fB1n59%2FulFlTn0EAjcJTeY2CpnsTUp4WQAO6zFADljkVck1OYnSqFdpm8ILh5XVQrXgxLYybfSVTc9AqfHdIiw275Islqit3ikCxq6pw9laqqzYk%2Fh0ah7kt4sxSDw9ebvN7MXO%2F69IWaEtReBrJWKzys9Ol8tLRApdX%2FK2x7b2Bij%2Bufz%2Bt37hFsnTB8%2Bne2DqwbU2P%2FDYIaB0RYuGg8HX3ONe4u8bG3xp9jeaKFXV3aAsU7ox9CLuwz3FQBWUpiZzxv%2Bx4s7Kimd1UTnncb9AzH%2Fn8YPY%2FnXrpi3zXXDoqGam46vbe4qXpJFs%3D",
        "refreshToken": "eyJraWQiOiJSZWZyZXNoVG9rZW5TaWduS2V5IiwiY3R5IjoiSldUIiwiZW5jIjoiQTI1NkdDTSIsImFsZyI6IlJTNTEyIn0%3D.AQICAHgg7rlLlhJZMilo20zyx9NECjg%2F8q0XYyoRMcHYs4Nh4AEkrVtDFiB4CqAou3rF%2BleIAAABUTCCAU0GCSqGSIb3DQEHBqCCAT4wggE6AgEAMIIBMwYJKoZIhvcNAQcBMB4GCWCGSAFlAwQBLjARBAxobFfcwQc%2Fyjd0s4sCARCAggEEgah0hR4ZX39c95c1p0XgBDaCpABMxdck2pdNzw72Sg9sbTOe5us2FzqBjhbnjjFH4wsQYZPnBWBsGtn4EmcdDcQFEJVfzCI0zQamrZYaQrsPvUJEEEkusPkWgoTFqRxSq65C2xMlp6S6WZJ0pNHo6ZJFQJmjr4slOtJ%2BgxymVI1KQNP%2FxweGKpW3plklyw8M%2BMr4c0D21Hho5VHiSJUcQ8Q1okee5%2FAetscgdyrYhGIJHqBZImQgo70R9s0SbBIEw24M3Daa%2F%2BACwSqLJ5dFIYu3pMTnXUIz%2BkdXj5j%2BpPTKRf7bLy9nrWtH8EM%2FKGeN6s2VyQHEYvrcQdmXVFbfkke5mNE%3D.L89bxV4%2FDGQe25cguAS3Y66%2FbTGPp5SeQoHrc94DPrIbOSvKOXNYaXj99W5YWdrGMjIkSSF6X%2FReKasYZkbpU%2Be%2FW1pv8gG70yANS9x42TwPijtQiBc49Wk17zy2kaltIoJKfwLyKiiynnNKF%2Fr8l69Ozqyja136hzeGtd5cH4Jkf1oqCfg1tUHLCMTVOefNsDcjehMK9ja1LXSYPRW0Vm72gCYoE5r6wtMghtNcbG6X3OLyPTvAU8R0cALGYQ98sJwg8PE2dJ0fC8GaeuVq5Sd2oSVsrV7bV%2BYTV0IlMfENQEKQY3%2FmyNGHsTZqly2i1e9CD3rM0fdxcNFsfaxavPLcMBtu2nmOLKoADNKHiBaD1%2BALsixO6RYdUcSSFJLLU0W%2BshweDkqub667CiRYMao1zylOm91erwevuedJu1uRit0ApZa6ZRCf7f9VxDwOODfCk%2Fnrkl%2FgeXF2hkEbW36IFXDhV2XadkkbsU77IMW5wQLYJQgqFBq5AzMkrHksorjvooyxwhXyTIFbXohE1EV%2FHWHvjLcvrGBj47pcCfRc20KvIydkHfKvHd6la%2FGt%2FNz0EpZKOLx1FwwuNLGOZQyNkETjOoxlKfUx%2FzZa8ockbcvA%2Bod%2FMzJdx2YuPtlnST8FutqdT8V%2BpYWY5jJdhMuTe3qs63M4UNv6qtj5UyA%3D",
        "identityId": "us-west-2:d1b61694-5eaf-4949-8e21-4e25b09972f0"
    }
}

2023-12-04 14:06:35: -----------Request----------->
POST https://thrive-dog1-usw2-api.data.plume.tech/pwb/GetFitnessActivityList

User-Agent: python-requests/2.31.0
Accept-Encoding: gzip, deflate
accept: application/json
Connection: keep-alive
Authorization: Bearer eyJraWQiOiJ1cy13ZXN0LTI0IiwidHlwIjoiSldTIiwiYWxnIjoiUlM1MTIifQ.eyJzdWIiOiJ1cy13ZXN0LTI6ZDFiNjE2OTQtNWVhZi00OTQ5LThlMjEtNGUyNWIwOTk3MmYwIiwiYXVkIjoidXMtd2VzdC0yOjU2YzQyNDM5LWJlMmMtNDUyMy04YmUwLTEwYjU4ODVlYTczMyIsImFtciI6WyJhdXRoZW50aWNhdGVkIiwic3RhZ2luZy1wd2IucGx1bWUuY29tIiwic3RhZ2luZy1wd2IucGx1bWUuY29tOnVzLXdlc3QtMjo1NmM0MjQzOS1iZTJjLTQ1MjMtOGJlMC0xMGI1ODg1ZWE3MzM6YlpiSnJVQ2hzTXpDT3BYMkdaYUdNVGRyaEFuckRTUzhPc2JvT1ViYmpjRUtIMWllWnN6cDRHbHRHeWhYM1VNNyJdLCJpc3MiOiJodHRwczovL2NvZ25pdG8taWRlbnRpdHkuYW1hem9uYXdzLmNvbSIsImh0dHBzOi8vY29nbml0by1pZGVudGl0eS5hbWF6b25hd3MuY29tL2lkZW50aXR5LXBvb2wtYXJuIjoiYXJuOmF3czpjb2duaXRvLWlkZW50aXR5OnVzLXdlc3QtMjoxNDMwODk2MTA0ODI6aWRlbnRpdHlwb29sL3VzLXdlc3QtMjo1NmM0MjQzOS1iZTJjLTQ1MjMtOGJlMC0xMGI1ODg1ZWE3MzMiLCJleHAiOjE3MDE3NTYzODcsImlhdCI6MTcwMTY2OTk4N30.FGyIDf4hNJZQMpJZOxPsqEiqIOYbnddI2-Z78h2pJ8rbx38xfRt3jiEIajYLtwcKyB4ZsebGh-MisY9S5h54L8UoERkX7vofnQQE_Zv4WEIEV1WsZlWYFFsxrObg28YtTvC1U0q1bgpuV2yrG1EJhigiaKYd0Gdkz1VSMgrnpAATS6qWOdYlSZyXYNJkWDJ_5NaKMOBoTUeLwT8ob_qAIcY-AWSFWiuspn2XtzAtj1mncxehcVY8_AZ2vzbAg5lD7Hj2NQrrv9YYNLqbEUXDZmWmdcRYUJSp5AYlhbX-TfaZmXIEXlMIgBhzc4EjT9sBwj2TjsHR8ivGwiXVWHgK3w
Content-Type: application/json
Content-Length: 117

{
    "userId": "653f108a396de2000acd43d4",
    "startTime": 1701619200,
    "endTime": 1701705599,
    "pageSize": 5,
    "startKey": ""
}

2023-12-04 14:06:35: <-----------Response-----------
Status code: 200, elapsed seconds: 2.773504

Date: Mon, 04 Dec 2023 06:06:32 GMT
Content-Type: application/json
Content-Length: 522
Connection: keep-alive
x-amzn-RequestId: ee8803d4-5db1-4121-bbf1-9e07f82c0818
Access-Control-Allow-Origin: *
x-amz-apigw-id: PZ3gHGHCPHcEZGg=
X-Amzn-Trace-Id: Root=1-656d6c66-4f964b3609e9bad414216a4d;Sampled=0;lineage=557b233b:0

{
    "data": {
        "startTime": 1701619200,
        "endTime": 1701705599,
        "userId": "653f108a396de2000acd43d4",
        "activitiesList": [
            {
                "activityId": "activity_653f108a396de2000acd43d460:b4:f7:f5:04:d2_1701654752",
                "userId": "653f108a396de2000acd43d4",
                "fitnessActivityTypeId": 1,
                "userConfirmation": "Unkown",
                "manualActivity": false,
                "state": "completed",
                "startTimeStamp": 1701654752,
                "duration": 431,
                "stepCount": 557,
                "highHrRate": 129,
                "lowHrRate": 81,
                "avgHrRate": 112,
                "highSpo2": 100,
                "lowSpo2": 100,
                "avgSpo2": 100
            }
        ]
    },
    "result": {
        "code": 201000,
        "message": "Successfully."
    }
}

