2023-12-04 14:11:19: -----------Request----------->
POST https://thrive-dog1-usw2-api.data.plume.tech/pwb/PlumeCloudLogin

User-Agent: python-requests/2.31.0
Accept-Encoding: gzip, deflate
accept: application/json
Connection: keep-alive
Content-Type: application/json
Content-Length: 73

{
    "email": "thrive-ios+4@plume.com",
    "password": "plume1234",
    "ttl": 3600
}

2023-12-04 14:11:19: <-----------Response-----------
Status code: 200, elapsed seconds: 2.000575

Date: Mon, 04 Dec 2023 06:11:17 GMT
Content-Type: application/json
Content-Length: 729
Connection: keep-alive
x-amzn-RequestId: d6aca646-3c0a-4067-acca-2728df50d1da
Access-Control-Allow-Origin: *
x-amz-apigw-id: PZ4M3HesvHcECYw=
X-Amzn-Trace-Id: Root=1-656d6d85-26e049617f8c9a2a6a35c666;Sampled=0;lineage=7fdd2b1e:0

{
    "data": {
        "id": "pQDICn4AuouVZNtHj4jaofG7lRJcKG9SKVQIhF3mCplBcGis6t1rGUSZ0yi7vAMm",
        "ttl": 3600,
        "created": "2023-12-04T06:11:17.442Z",
        "userId": "653f108a396de2000acd43d4",
        "expireAt": "2023-12-04T07:11:17.442Z",
        "user": {
            "id": "653f108a396de2000acd43d4",
            "accountId": "3b2c42d4-7cee-4756-b4bd-491cacc1ae57",
            "anonymous": false,
            "autoProvisioned": false,
            "name": "thrive-ios+4",
            "locked": false,
            "partnerId": "mobile_qa_test",
            "acceptLanguage": "en-US",
            "preferredLanguage": "en",
            "source": "customCreate",
            "createdAt": "2023-10-30T02:10:18.214Z",
            "provisioningSsoAuditTrail": false,
            "_version": "1.0.0",
            "email": "thrive-ios+4@plume.com",
            "emailVerified": true,
            "firstKnownLoginTimestamp": "2023-10-30T02:15:53.570Z"
        }
    },
    "result": {
        "code": 201000,
        "message": "Successfully."
    }
}

2023-12-04 14:11:22: -----------Request----------->
POST https://thrive-dog1-usw2-api.data.plume.tech/pwb/AuthenticateWithPlumeToken

User-Agent: python-requests/2.31.0
Accept-Encoding: gzip, deflate
accept: application/json
Connection: keep-alive
Content-Type: application/json
Content-Length: 121

{
    "accessToken": "pQDICn4AuouVZNtHj4jaofG7lRJcKG9SKVQIhF3mCplBcGis6t1rGUSZ0yi7vAMm",
    "userId": "653f108a396de2000acd43d4"
}

2023-12-04 14:11:22: <-----------Response-----------
Status code: 200, elapsed seconds: 1.200355

Date: Mon, 04 Dec 2023 06:11:20 GMT
Content-Type: application/json
Content-Length: 3838
Connection: keep-alive
x-amzn-RequestId: ff3c7a17-23cb-47e0-9089-7cec17ee40fa
Access-Control-Allow-Origin: *
x-amz-apigw-id: PZ4NVG7GvHcElAA=
X-Amzn-Trace-Id: Root=1-656d6d88-6920001d7b11c8eb6a1e1c2c;Sampled=0;lineage=144e69e0:0

{
    "data": {
        "email": "thrive-ios+4@plume.com",
        "userGroup": "admin",
        "userName": "thrive-ios+4",
        "userId": "653f108a396de2000acd43d4",
        "accessToken": "eyJraWQiOiJ1cy13ZXN0LTI0IiwidHlwIjoiSldTIiwiYWxnIjoiUlM1MTIifQ.eyJzdWIiOiJ1cy13ZXN0LTI6M2Q0NGJjN2EtMzM0OS00NzhkLThiOWItZWY0NDU4ZTEzNjlhIiwiYXVkIjoidXMtd2VzdC0yOjU2YzQyNDM5LWJlMmMtNDUyMy04YmUwLTEwYjU4ODVlYTczMyIsImFtciI6WyJhdXRoZW50aWNhdGVkIiwic3RhZ2luZy1wd2IucGx1bWUuY29tIiwic3RhZ2luZy1wd2IucGx1bWUuY29tOnVzLXdlc3QtMjo1NmM0MjQzOS1iZTJjLTQ1MjMtOGJlMC0xMGI1ODg1ZWE3MzM6cFFESUNuNEF1b3VWWk50SGo0amFvZkc3bFJKY0tHOVNLVlFJaEYzbUNwbEJjR2lzNnQxckdVU1oweWk3dkFNbSJdLCJpc3MiOiJodHRwczovL2NvZ25pdG8taWRlbnRpdHkuYW1hem9uYXdzLmNvbSIsImh0dHBzOi8vY29nbml0by1pZGVudGl0eS5hbWF6b25hd3MuY29tL2lkZW50aXR5LXBvb2wtYXJuIjoiYXJuOmF3czpjb2duaXRvLWlkZW50aXR5OnVzLXdlc3QtMjoxNDMwODk2MTA0ODI6aWRlbnRpdHlwb29sL3VzLXdlc3QtMjo1NmM0MjQzOS1iZTJjLTQ1MjMtOGJlMC0xMGI1ODg1ZWE3MzMiLCJleHAiOjE3MDE3NTY2ODAsImlhdCI6MTcwMTY3MDI4MH0.SixoZdTtyAr0Qft8iakawq-gYYYxuo_p_HpSPNSoLhZ6QFOzHnwzyO2fCAfQ8F9oz9cEMeBwty_eVh8XJIO-jADQmqUl1VneZDWoZtyzH14PJEO1jzKydbxMBhjHi-holgWLGnLsbJxRcwJDC27m-z9PlVEMn1mp0ARukFoQLnlYloKA-xsNDDm5maM8-10CxzrTwgucTbRlf1VzLAWlFuM6H6WMoboRYTTP9_qndSotIEx74mwfttQRs77l90oHDSM3QLhK_EYawxr0mgx3mQCIZOGAK_wSPJdzSO5s48C2gwTu0cXMnykRaHf6ZeWNdl-2w1hZ4c2ae6eLzPU6zw",
        "idToken": "eyJraWQiOiJJZGVudGl0eVRva2VuU2lnbktleSIsImFsZyI6IlJTNTEyIn0%3D.eyJpc3MiOiJhd3MtbGFtYmRhIiwiZXhwIjoxNzE3MjIyMjgwLCJzdWIiOiJpZC10b2tlbiIsImF1ZCI6InJpbmciLCJqdGkiOiI1MDMyZmFmYi03MWRiLTRjMGItYjBlOC0zNzk2Y2YxZWQxZjEiLCJ1c2VySWQiOiI2NTNmMTA4YTM5NmRlMjAwMGFjZDQzZDQiLCJlbWFpbCI6InRocml2ZS1pb3MrNEBwbHVtZS5jb20iLCJnZW5kZXIiOiIiLCJiaXJ0aGRhdGUiOiIifQ%3D%3D.T63ERICxh42T47aALDJplh7qGz41EPhKIVByM%2FpWJ1nIESuW1%2Fs9zbrFfcgnIN81Kh0801VSIw5Q8JzpiGow5PH6VjDqZhlrn66aw%2B%2B0AfvMx%2FjUgtSFuuVNUZR5udXWQkHRx3VNPa%2FMigw3Mb4fWAxhcVy017Qd90bXPjOuaBx%2FARbapGgFrVKvGyJwqNrL3dGJRZNB%2BEwvyDJpJIXcE7V5TVveC75dn%2FB8uRrj1UL7%2Bd6ZzX6uVABeqO2s5kBiQXUxzX9FsPrCPQ%2F8vcWudfTGfn5zZDJP%2F2MF%2BxuNLc%2FvoGQcdv3xG7t22uIMfBdBxR5blaerB3cbhgYaXc24thQS6jNtwEPnMZH97rbl%2BrMflFqPZNBgKRcTzQz1Yifmutitd0MkPufmZFbAdqKF5EXAH8viBWZyQGB8tapyBJz3UhLLb%2FCSiwZucmum1fP6p244mXhOk3if2m6JHq%2FnQwd%2B1haCu7TBW%2FS4x%2FfaRqMx5WJbrzZ316G1UwQBfvP6yazmBHfaD%2Fqn%2BXCKdyqCnpCmFsBt9GSoGg7D%2FRh7NSlXph%2B%2BxQ7YdVoM7LpfZL1DrU7AiqeDPooLr5upoDj6dUAttczeecJlG1kaMQ8o0DLRXWxRrjtBIESPDoR%2BQxfzki5zOjQ1aPfnI6xZKO9A5Z9PLa6dOz9Q%2FaMLWQawMIw%3D",
        "refreshToken": "eyJraWQiOiJSZWZyZXNoVG9rZW5TaWduS2V5IiwiY3R5IjoiSldUIiwiZW5jIjoiQTI1NkdDTSIsImFsZyI6IlJTNTEyIn0%3D.AQICAHgg7rlLlhJZMilo20zyx9NECjg%2F8q0XYyoRMcHYs4Nh4AFv1Ldw3kjXg7Eh4IqF0t%2FTAAABUTCCAU0GCSqGSIb3DQEHBqCCAT4wggE6AgEAMIIBMwYJKoZIhvcNAQcBMB4GCWCGSAFlAwQBLjARBAwhwu8IYugm8yv70pMCARCAggEEweSv56FbwhEHkfSDbC2iL5FsOAALaiQa0zfsxbIZYmTdEmr%2BBffEIdJQw27kPojk2vSkd2c13aFK5R5a67oQODMZprMkXdpDAcWLiRWJsVZgV%2BMwEeHMV4ZAeXhrqkTf9TFvo06rEOEPyjurNoNvsZphmDevzjpbBSBrgM9KPG38x4xgbobWoJFcFIQn%2BUb44YFogRIWaJ%2BRoG%2Bk1Dn13sFNNrEgi4fqE2M5SGZL1dxkWqHHuOIqOqQxwpkDE7gvrhIeZ8m5wUtJ%2BF6TJe4Di6utujr6hkq2ravj%2Bcf%2B31BZNfJZ65t6j1alUIjVsQfJduIe9J%2BowIPor7HWti6%2FPzIVCnw%3D.ViR141IvJ7QgeuBXFIhCHWj%2F%2B4Cknuqnfdv2M6PwY52DOxwZD1uV5NOicXS%2FXRMQmQ92ZSzwZqmoVg3VNdZ0rKUnRo075IeSk0wnZphCGPWLya01DmDIfGzRnuobcfZ1i8sze5WIHlb4%2Ffv%2BYganbvVYNWskFvqU9wCCOkhueJpxWYD0NV%2BAvpnl7Hc34X4v%2BxwQJjNiIFKkW7cZ6Ys%2FD8KcmjdrLXmWkCHAYXqT2fOg%2BPBzTrM2UE%2Fi2tpVZvRWbSfbi83OS%2FhN%2FIfMEEzHI1pfRxD3Xzj5wqqFztmkAIZnrbMVsQRad4bkyXIOI86RL4AGmT%2B8jkdMegJbA3Ted06b5SH%2FXHkyWzH2Ej%2B3OI7C1F5n4lPjE6M0HP54fBuQtzGCeSG3skivTCZunEGq45ZRFFFsI7ydGappkEmTHvICKRHKJaVnIdAbKIfm0v4GAG9eLeFwfSof8PIBIeXUjThIRFt%2B734p6TVbDrrthmMTGyzksM7bxpn0TqRoys81UACxnvOEw2ngVYLI2NF7aSQtvG%2FtzhFPTsX1X6V1jTUxmVTaZVbX7nWZ3WRzPZsKz402K4bLZClaW%2B7%2B1riK6Q2YaJ8PoT5jpV6051v2G%2FhhB7XXNs8XRynp8Ho2IThSa0QcTqAGU5Q0GYulcIpEnPu%2FEEotNQjjK2gsmTwJBNc%3D",
        "identityId": "us-west-2:3d44bc7a-3349-478d-8b9b-ef4458e1369a"
    }
}

2023-12-04 14:11:25: -----------Request----------->
POST https://thrive-dog1-usw2-api.data.plume.tech/pwb/GetFitnessActivityList

User-Agent: python-requests/2.31.0
Accept-Encoding: gzip, deflate
accept: application/json
Connection: keep-alive
Authorization: Bearer eyJraWQiOiJ1cy13ZXN0LTI0IiwidHlwIjoiSldTIiwiYWxnIjoiUlM1MTIifQ.eyJzdWIiOiJ1cy13ZXN0LTI6M2Q0NGJjN2EtMzM0OS00NzhkLThiOWItZWY0NDU4ZTEzNjlhIiwiYXVkIjoidXMtd2VzdC0yOjU2YzQyNDM5LWJlMmMtNDUyMy04YmUwLTEwYjU4ODVlYTczMyIsImFtciI6WyJhdXRoZW50aWNhdGVkIiwic3RhZ2luZy1wd2IucGx1bWUuY29tIiwic3RhZ2luZy1wd2IucGx1bWUuY29tOnVzLXdlc3QtMjo1NmM0MjQzOS1iZTJjLTQ1MjMtOGJlMC0xMGI1ODg1ZWE3MzM6cFFESUNuNEF1b3VWWk50SGo0amFvZkc3bFJKY0tHOVNLVlFJaEYzbUNwbEJjR2lzNnQxckdVU1oweWk3dkFNbSJdLCJpc3MiOiJodHRwczovL2NvZ25pdG8taWRlbnRpdHkuYW1hem9uYXdzLmNvbSIsImh0dHBzOi8vY29nbml0by1pZGVudGl0eS5hbWF6b25hd3MuY29tL2lkZW50aXR5LXBvb2wtYXJuIjoiYXJuOmF3czpjb2duaXRvLWlkZW50aXR5OnVzLXdlc3QtMjoxNDMwODk2MTA0ODI6aWRlbnRpdHlwb29sL3VzLXdlc3QtMjo1NmM0MjQzOS1iZTJjLTQ1MjMtOGJlMC0xMGI1ODg1ZWE3MzMiLCJleHAiOjE3MDE3NTY2ODAsImlhdCI6MTcwMTY3MDI4MH0.SixoZdTtyAr0Qft8iakawq-gYYYxuo_p_HpSPNSoLhZ6QFOzHnwzyO2fCAfQ8F9oz9cEMeBwty_eVh8XJIO-jADQmqUl1VneZDWoZtyzH14PJEO1jzKydbxMBhjHi-holgWLGnLsbJxRcwJDC27m-z9PlVEMn1mp0ARukFoQLnlYloKA-xsNDDm5maM8-10CxzrTwgucTbRlf1VzLAWlFuM6H6WMoboRYTTP9_qndSotIEx74mwfttQRs77l90oHDSM3QLhK_EYawxr0mgx3mQCIZOGAK_wSPJdzSO5s48C2gwTu0cXMnykRaHf6ZeWNdl-2w1hZ4c2ae6eLzPU6zw
Content-Type: application/json
Content-Length: 117

{
    "userId": "653f108a396de2000acd43d4",
    "startTime": 1701619200,
    "endTime": 1701705599,
    "pageSize": 5,
    "startKey": ""
}

2023-12-04 14:11:25: <-----------Response-----------
Status code: 200, elapsed seconds: 0.922481

Date: Mon, 04 Dec 2023 06:11:23 GMT
Content-Type: application/json
Content-Length: 522
Connection: keep-alive
x-amzn-RequestId: a510b47f-7f63-45d7-ab6e-64fdf4d084dc
Access-Control-Allow-Origin: *
x-amz-apigw-id: PZ4N1FkHvHcED9A=
X-Amzn-Trace-Id: Root=1-656d6d8b-1c5d416f77536cdc44928792;Sampled=0;lineage=557b233b:0

{
    "data": {
        "startTime": 1701619200,
        "endTime": 1701705599,
        "userId": "653f108a396de2000acd43d4",
        "activitiesList": [
            {
                "activityId": "activity_653f108a396de2000acd43d460:b4:f7:f5:04:d2_1701654752",
                "userId": "653f108a396de2000acd43d4",
                "fitnessActivityTypeId": 1,
                "userConfirmation": "Unkown",
                "manualActivity": false,
                "state": "completed",
                "startTimeStamp": 1701654752,
                "duration": 431,
                "stepCount": 557,
                "highHrRate": 129,
                "lowHrRate": 81,
                "avgHrRate": 112,
                "highSpo2": 100,
                "lowSpo2": 100,
                "avgSpo2": 100
            }
        ]
    },
    "result": {
        "code": 201000,
        "message": "Successfully."
    }
}

