2023-12-25 15:36:36: -----------Request----------->
POST https://thrive-dog1-usw2-api.data.plume.tech/pwb/PlumeCloudLogin

User-Agent: python-requests/2.31.0
Accept-Encoding: gzip, deflate
accept: application/json
Connection: keep-alive
Content-Type: application/json
Content-Length: 73

{
    "email": "thrive-ios+4@plume.com",
    "password": "plume1234",
    "ttl": 3600
}

2023-12-25 15:36:36: <-----------Response-----------
Status code: 200, elapsed seconds: 1.904833

Date: Mon, 25 Dec 2023 07:36:38 GMT
Content-Type: application/json
Content-Length: 729
Connection: keep-alive
x-amzn-RequestId: 00948f84-94cb-4214-89c9-8f8fc2543585
Access-Control-Allow-Origin: *
x-amz-apigw-id: QfSZBExrPHcEVOg=
X-Amzn-Trace-Id: Root=1-65893106-51de786862c992457cfe0b4c;Sampled=0;lineage=7fdd2b1e:0

{
    "data": {
        "id": "n3jy8wts1VlUWP3AFIp1Cp276VlSUmOHAHThBSABa458NBDUCcsNzQpyTe7zfD4s",
        "ttl": 3600,
        "created": "2023-12-25T07:36:30.581Z",
        "userId": "653f108a396de2000acd43d4",
        "expireAt": "2023-12-25T08:36:30.581Z",
        "user": {
            "id": "653f108a396de2000acd43d4",
            "accountId": "3b2c42d4-7cee-4756-b4bd-491cacc1ae57",
            "anonymous": false,
            "autoProvisioned": false,
            "name": "thrive-ios+4",
            "locked": false,
            "partnerId": "mobile_qa_test",
            "acceptLanguage": "en-US",
            "preferredLanguage": "en",
            "source": "customCreate",
            "createdAt": "2023-10-30T02:10:18.214Z",
            "provisioningSsoAuditTrail": false,
            "_version": "1.0.0",
            "email": "thrive-ios+4@plume.com",
            "emailVerified": true,
            "firstKnownLoginTimestamp": "2023-10-30T02:15:53.570Z"
        }
    },
    "result": {
        "code": 201000,
        "message": "Successfully."
    }
}

2023-12-25 15:36:40: -----------Request----------->
POST https://thrive-dog1-usw2-api.data.plume.tech/pwb/AuthenticateWithPlumeToken

User-Agent: python-requests/2.31.0
Accept-Encoding: gzip, deflate
accept: application/json
Connection: keep-alive
Content-Type: application/json
Content-Length: 121

{
    "accessToken": "n3jy8wts1VlUWP3AFIp1Cp276VlSUmOHAHThBSABa458NBDUCcsNzQpyTe7zfD4s",
    "userId": "653f108a396de2000acd43d4"
}

2023-12-25 15:36:40: <-----------Response-----------
Status code: 200, elapsed seconds: 2.011647

Date: Mon, 25 Dec 2023 07:36:41 GMT
Content-Type: application/json
Content-Length: 3814
Connection: keep-alive
x-amzn-RequestId: efeb8a86-9e7e-42a1-a45e-d08d13acfa18
Access-Control-Allow-Origin: *
x-amz-apigw-id: QfSZfGr1PHcEdAQ=
X-Amzn-Trace-Id: Root=1-65893109-3ca7fb5608f8eb0a1719352e;Sampled=0;lineage=144e69e0:0

{
    "data": {
        "email": "thrive-ios+4@plume.com",
        "userGroup": "admin",
        "userName": "thrive-ios+4",
        "userId": "653f108a396de2000acd43d4",
        "accessToken": "eyJraWQiOiJ1cy13ZXN0LTI0IiwidHlwIjoiSldTIiwiYWxnIjoiUlM1MTIifQ.eyJzdWIiOiJ1cy13ZXN0LTI6Mzc2ZTM0YmEtYTQxMi00MDgxLWI4MzMtMGM1ZTdlMmEwZTQ4IiwiYXVkIjoidXMtd2VzdC0yOjU2YzQyNDM5LWJlMmMtNDUyMy04YmUwLTEwYjU4ODVlYTczMyIsImFtciI6WyJhdXRoZW50aWNhdGVkIiwic3RhZ2luZy1wd2IucGx1bWUuY29tIiwic3RhZ2luZy1wd2IucGx1bWUuY29tOnVzLXdlc3QtMjo1NmM0MjQzOS1iZTJjLTQ1MjMtOGJlMC0xMGI1ODg1ZWE3MzM6bjNqeTh3dHMxVmxVV1AzQUZJcDFDcDI3NlZsU1VtT0hBSFRoQlNBQmE0NThOQkRVQ2NzTnpRcHlUZTd6ZkQ0cyJdLCJpc3MiOiJodHRwczovL2NvZ25pdG8taWRlbnRpdHkuYW1hem9uYXdzLmNvbSIsImh0dHBzOi8vY29nbml0by1pZGVudGl0eS5hbWF6b25hd3MuY29tL2lkZW50aXR5LXBvb2wtYXJuIjoiYXJuOmF3czpjb2duaXRvLWlkZW50aXR5OnVzLXdlc3QtMjoxNDMwODk2MTA0ODI6aWRlbnRpdHlwb29sL3VzLXdlc3QtMjo1NmM0MjQzOS1iZTJjLTQ1MjMtOGJlMC0xMGI1ODg1ZWE3MzMiLCJleHAiOjE3MDM1NzYyMDEsImlhdCI6MTcwMzQ4OTgwMX0.OWC6Br0n9IG7k7t_PDhOq5MZ7AetscBnHrhZHvlbx6VExrgsx-Wj3LnkEwdYUl401YWfpbG_o6IudYbr4lHcz0W7z17Txo_UMC-dV-oXSCZIrosmEDnjflv1VIzZnakDqnabS6pGJ7aRmPIjtUWKF-_DFGoH6G3O4RFAFGf8kxvnSHbq2ArBPt9VJXwniWbjAziahXU_hiNxRdT5K3cXycvDhLXtkhGmWvetkx73fSTKPilfZ-ZT14zpGpHAtmtP4ukVMh999mdsoZHgeI_e74i91VfuE6Z6sI4mTjdCBUkxe7VkaJuErWJmeCl-56EHxr_LRrQfhfyt4EYVYG-bfQ",
        "idToken": "eyJraWQiOiJJZGVudGl0eVRva2VuU2lnbktleSIsImFsZyI6IlJTNTEyIn0%3D.eyJpc3MiOiJhd3MtbGFtYmRhIiwiZXhwIjoxNzE5MDQxODAxLCJzdWIiOiJpZC10b2tlbiIsImF1ZCI6InJpbmciLCJqdGkiOiJlODhiNDUxNy01YzBiLTRiNzAtOGE3My04OGZlMTc2ZTk5YjkiLCJ1c2VySWQiOiI2NTNmMTA4YTM5NmRlMjAwMGFjZDQzZDQiLCJlbWFpbCI6InRocml2ZS1pb3MrNEBwbHVtZS5jb20iLCJnZW5kZXIiOiIiLCJiaXJ0aGRhdGUiOiIifQ%3D%3D.bBGNT2lJjsvRNZEfya8lnfzKgIm3g0p4tt8VRBkltsFRX6Tqpj4K2ho7hd7n2990%2FTFCd%2B8OLeUmNay6jr8V93GkW2ZO0xnJBClcfHwtUL%2FV3TcrlNmlJRVG9h2PAHwndYYCO57BbCkcGJIhhTfnTgerUBTH8KsZBZxCER54ONM6R4Rm4ywm4gz3I6qTjKH1lYJyHIIFV5sTecbEXX1gAu3igCwwNTRW8kFwFjsVntnl8bdUnkjHOd1v21qFZJqGYJ77oiBODxZrB5rtIEYNF6375Yi4RjVgU2N1KkxjivJSw5Idv4Eht%2FwSz3PMzIzKYJ4sEfxOwKaQhA3P5tM8PA4HKJbiE2slTyXxZZDaj1XjGO%2FRHbMTEqreBHBab8R6Xs6tzKpliwQEapGVQLkf1FWP5zNSXzFcWBQrBUJa%2FYWhVjB3jsBf21dN7BljfRxbeaAKbSsUT%2FLhL5pQqOgQ0wrN27twuIfZY8m1eO0D7%2F%2Bqoe0y6x9gF%2Fl3W6RHpKITrdnqre9tY5QAyMiv3s0EXD%2Fu686yKl4v9mJxdPcs5CsRsHdmEmV31THqZRIphK%2Bkeea3UiKSe7WEemjD%2BZi9%2FXDqY6S1DQXUMHp4IfcIkC8ZOWwo%2BvYXDAh5QswzrujyM7bZPy%2F2v6LX52i972BOWI%2FGFZa0iDiz4LvCCBkQGVM%3D",
        "refreshToken": "eyJraWQiOiJSZWZyZXNoVG9rZW5TaWduS2V5IiwiY3R5IjoiSldUIiwiZW5jIjoiQTI1NkdDTSIsImFsZyI6IlJTNTEyIn0%3D.AQICAHgg7rlLlhJZMilo20zyx9NECjg%2F8q0XYyoRMcHYs4Nh4AERi6rl9IKb8VvDtTo3dgy6AAABUTCCAU0GCSqGSIb3DQEHBqCCAT4wggE6AgEAMIIBMwYJKoZIhvcNAQcBMB4GCWCGSAFlAwQBLjARBAxAvSQYZuPjBqD4YyYCARCAggEEdrjxfP5GyHTmAxh5K9nvhXlMb7nrG69sVFNhBQoULTZIWKac2iwSG2LxlSAjKX5cJt3%2B9K9pa0yx5X6SjW6FNBWg2EWcZjhWbCPOo%2BLO4sOmwSrmKtZBHYk%2BJp8Ngteb73tBj8bTf%2F8l7mXE9P5BcoIpFSALBVrvLv%2B4XUe7P72GveTgkU4AmqKj%2FKftGXriKeVm4sCv65WBWHSCesZeLgCW1blaJbPXMyibh%2FppJfmcab97QEffYTLRs4muaHZzu5uDQ2r34f1%2FzzKzNHpzgTw2vA9PuS4Cf1Ng1j88D%2F%2FpSdGKCngShrfdyigaN%2F7g%2F93oGFJk4YJxIxpylUF6WJFahNo%3D.NFStQ9u9locrZYihReheRZUzI2fulfIfqbIqRMCkH7U5IMq3qxWcaM6muksLixPlLjeB0%2B4nBpcu%2BPzOK0h3zilHlQxjsOtcjgrYMK%2FyC7dknIY2n0LFZq81tL%2BnKSpKbx0qiTEQKvHMZE0i3HBL44JhbzKW2sPH6xbW1%2Bk104%2FChYaMg5PTi6FFCSoH4UVDExKWw32AOcazomPl%2BDEJhNn2rynq%2FYh9u1E87OJNaMxPsry10B1Uz8HlBU5JvTu1ei0lQwkdV%2BQLvj6FBliGGLW%2BXE5sZj7Aqh8OC4HtWzY7PpRBmnhOUax%2BnpMnw6sfWvXjpoaH551CM11fy6W%2BWWwMfUhdr7qzdBQ8QvChI%2Fil1lYNj6VBur7JqXlvBbodmUBOKQ9jzctXgYfFSJIRbxM%2FymysY3oYj9Etb6xdza9XYmfC1%2BSb0org4vW5Vg%2BFHkHxrgdjt93aUFc1tsq8CPOsxsekhOpzwAuudS9NMgfgcRySTMCkVNRXPQXVtlszTZQiFKrj0gtJd2t39Zvo1WrS7uDKk4vkGsE63s2HLShF3s9IIqkdO5umR3OcDcJBpBgbGQ5OVusXlJuxw5UpPxpsQAubv8k3VXqSBk8A2W9%2BGxrRw50wDeV2smK45lr%2FCTplaIwi5ch3qPCvCDoXoLAA2xLopCCTTfPsbE2pDHU%3D",
        "identityId": "us-west-2:376e34ba-a412-4081-b833-0c5e7e2a0e48"
    }
}

2023-12-25 15:36:43: -----------Request----------->
POST https://thrive-dog1-usw2-api.data.plume.tech/pwb/GetDailyReadinessInsightList

User-Agent: python-requests/2.31.0
Accept-Encoding: gzip, deflate
accept: application/json
Connection: keep-alive
Authorization: Bearer eyJraWQiOiJ1cy13ZXN0LTI0IiwidHlwIjoiSldTIiwiYWxnIjoiUlM1MTIifQ.eyJzdWIiOiJ1cy13ZXN0LTI6Mzc2ZTM0YmEtYTQxMi00MDgxLWI4MzMtMGM1ZTdlMmEwZTQ4IiwiYXVkIjoidXMtd2VzdC0yOjU2YzQyNDM5LWJlMmMtNDUyMy04YmUwLTEwYjU4ODVlYTczMyIsImFtciI6WyJhdXRoZW50aWNhdGVkIiwic3RhZ2luZy1wd2IucGx1bWUuY29tIiwic3RhZ2luZy1wd2IucGx1bWUuY29tOnVzLXdlc3QtMjo1NmM0MjQzOS1iZTJjLTQ1MjMtOGJlMC0xMGI1ODg1ZWE3MzM6bjNqeTh3dHMxVmxVV1AzQUZJcDFDcDI3NlZsU1VtT0hBSFRoQlNBQmE0NThOQkRVQ2NzTnpRcHlUZTd6ZkQ0cyJdLCJpc3MiOiJodHRwczovL2NvZ25pdG8taWRlbnRpdHkuYW1hem9uYXdzLmNvbSIsImh0dHBzOi8vY29nbml0by1pZGVudGl0eS5hbWF6b25hd3MuY29tL2lkZW50aXR5LXBvb2wtYXJuIjoiYXJuOmF3czpjb2duaXRvLWlkZW50aXR5OnVzLXdlc3QtMjoxNDMwODk2MTA0ODI6aWRlbnRpdHlwb29sL3VzLXdlc3QtMjo1NmM0MjQzOS1iZTJjLTQ1MjMtOGJlMC0xMGI1ODg1ZWE3MzMiLCJleHAiOjE3MDM1NzYyMDEsImlhdCI6MTcwMzQ4OTgwMX0.OWC6Br0n9IG7k7t_PDhOq5MZ7AetscBnHrhZHvlbx6VExrgsx-Wj3LnkEwdYUl401YWfpbG_o6IudYbr4lHcz0W7z17Txo_UMC-dV-oXSCZIrosmEDnjflv1VIzZnakDqnabS6pGJ7aRmPIjtUWKF-_DFGoH6G3O4RFAFGf8kxvnSHbq2ArBPt9VJXwniWbjAziahXU_hiNxRdT5K3cXycvDhLXtkhGmWvetkx73fSTKPilfZ-ZT14zpGpHAtmtP4ukVMh999mdsoZHgeI_e74i91VfuE6Z6sI4mTjdCBUkxe7VkaJuErWJmeCl-56EHxr_LRrQfhfyt4EYVYG-bfQ
Content-Type: application/json
Content-Length: 117

{
    "userId": "653f108a396de2000acd43d4",
    "startTime": 1703433600,
    "endTime": 1703519999,
    "pageSize": 7,
    "startKey": ""
}

2023-12-25 15:36:43: <-----------Response-----------
Status code: 200, elapsed seconds: 0.974089

Date: Mon, 25 Dec 2023 07:36:45 GMT
Content-Type: application/json
Content-Length: 356
Connection: keep-alive
x-amzn-RequestId: 050e95b1-4fed-4074-8331-36358af05ee5
Access-Control-Allow-Origin: *
x-amz-apigw-id: QfSaIFJhPHcEOZw=
X-Amzn-Trace-Id: Root=1-6589310d-20d1aea72cf388713667abc3;Sampled=0;lineage=774101e1:0

{
    "data": {
        "userId": "653f108a396de2000acd43d4",
        "startTime": 1703433600,
        "endTime": 1703519999,
        "dailyReadinessInsightList": [
            {
                "userId": "653f108a396de2000acd43d4",
                "startTime": 1703449097,
                "endTime": 1703467821,
                "hrvScore": 67.0206414106089,
                "stressScore": 1,
                "readinessScore": 10,
                "utcOffset": 8,
                "timeZone": "Asia/Brunei"
            }
        ]
    },
    "result": {
        "code": 201000,
        "message": "Successfully."
    }
}

