2023-12-27 17:01:26: -----------Request----------->
POST https://thrive-dog1-usw2-api.data.plume.tech/pwb/PlumeCloudLogin

User-Agent: python-requests/2.31.0
Accept-Encoding: gzip, deflate
accept: application/json
Connection: keep-alive
Content-Type: application/json
Content-Length: 73

{
    "email": "thrive-ios+4@plume.com",
    "password": "plume1234",
    "ttl": 3600
}

2023-12-27 17:01:26: <-----------Response-----------
Status code: 200, elapsed seconds: 1.957344

Date: Wed, 27 Dec 2023 09:01:24 GMT
Content-Type: application/json
Content-Length: 729
Connection: keep-alive
x-amzn-RequestId: db6ca959-9596-4877-88e6-659dfddbdf1f
Access-Control-Allow-Origin: *
x-amz-apigw-id: QmErpHF0PHcEZbg=
X-Amzn-Trace-Id: Root=1-658be7e3-178d95950b8e237d712a3496;Sampled=0;lineage=7fdd2b1e:0

{
    "data": {
        "id": "1xs5ATmENw0C0CcX0BeQtdsthB4lw35sf9nKyCeSH80WyGzekHEJjMzPBILxZ2Ao",
        "ttl": 3600,
        "created": "2023-12-27T09:01:22.974Z",
        "userId": "653f108a396de2000acd43d4",
        "expireAt": "2023-12-27T10:01:22.974Z",
        "user": {
            "id": "653f108a396de2000acd43d4",
            "accountId": "3b2c42d4-7cee-4756-b4bd-491cacc1ae57",
            "anonymous": false,
            "autoProvisioned": false,
            "name": "thrive-ios+4",
            "locked": false,
            "partnerId": "mobile_qa_test",
            "acceptLanguage": "en-US",
            "preferredLanguage": "en",
            "source": "customCreate",
            "createdAt": "2023-10-30T02:10:18.214Z",
            "provisioningSsoAuditTrail": false,
            "_version": "1.0.0",
            "email": "thrive-ios+4@plume.com",
            "emailVerified": true,
            "firstKnownLoginTimestamp": "2023-10-30T02:15:53.570Z"
        }
    },
    "result": {
        "code": 201000,
        "message": "Successfully."
    }
}

2023-12-27 17:01:29: -----------Request----------->
POST https://thrive-dog1-usw2-api.data.plume.tech/pwb/AuthenticateWithPlumeToken

User-Agent: python-requests/2.31.0
Accept-Encoding: gzip, deflate
accept: application/json
Connection: keep-alive
Content-Type: application/json
Content-Length: 121

{
    "accessToken": "1xs5ATmENw0C0CcX0BeQtdsthB4lw35sf9nKyCeSH80WyGzekHEJjMzPBILxZ2Ao",
    "userId": "653f108a396de2000acd43d4"
}

2023-12-27 17:01:29: <-----------Response-----------
Status code: 200, elapsed seconds: 1.207667

Date: Wed, 27 Dec 2023 09:01:27 GMT
Content-Type: application/json
Content-Length: 3842
Connection: keep-alive
x-amzn-RequestId: 0e81f3b5-c971-471d-b048-5d3b9f4692a0
Access-Control-Allow-Origin: *
x-amz-apigw-id: QmEsGFrBPHcETVA=
X-Amzn-Trace-Id: Root=1-658be7e6-181fb8d805effa396b628737;Sampled=0;lineage=144e69e0:0

{
    "data": {
        "email": "thrive-ios+4@plume.com",
        "userGroup": "admin",
        "userName": "thrive-ios+4",
        "userId": "653f108a396de2000acd43d4",
        "accessToken": "eyJraWQiOiJ1cy13ZXN0LTI0IiwidHlwIjoiSldTIiwiYWxnIjoiUlM1MTIifQ.eyJzdWIiOiJ1cy13ZXN0LTI6NGU1NzBmZTItOTc0Yi00YjlmLTlkOWQtZjJmOWM0Y2E5YmI2IiwiYXVkIjoidXMtd2VzdC0yOjU2YzQyNDM5LWJlMmMtNDUyMy04YmUwLTEwYjU4ODVlYTczMyIsImFtciI6WyJhdXRoZW50aWNhdGVkIiwic3RhZ2luZy1wd2IucGx1bWUuY29tIiwic3RhZ2luZy1wd2IucGx1bWUuY29tOnVzLXdlc3QtMjo1NmM0MjQzOS1iZTJjLTQ1MjMtOGJlMC0xMGI1ODg1ZWE3MzM6MXhzNUFUbUVOdzBDMENjWDBCZVF0ZHN0aEI0bHczNXNmOW5LeUNlU0g4MFd5R3pla0hFSmpNelBCSUx4WjJBbyJdLCJpc3MiOiJodHRwczovL2NvZ25pdG8taWRlbnRpdHkuYW1hem9uYXdzLmNvbSIsImh0dHBzOi8vY29nbml0by1pZGVudGl0eS5hbWF6b25hd3MuY29tL2lkZW50aXR5LXBvb2wtYXJuIjoiYXJuOmF3czpjb2duaXRvLWlkZW50aXR5OnVzLXdlc3QtMjoxNDMwODk2MTA0ODI6aWRlbnRpdHlwb29sL3VzLXdlc3QtMjo1NmM0MjQzOS1iZTJjLTQ1MjMtOGJlMC0xMGI1ODg1ZWE3MzMiLCJleHAiOjE3MDM3NTQwODYsImlhdCI6MTcwMzY2NzY4Nn0.aH_5AOj8_tI-y2fzg_hUfgwMg7bszYnW_4Hgj3hSCwOJMFtBF8Ny3tFBbyO4DpGbxHtYkTBnnIoAkgyTWKy92L3cM8Sb2R7nUhiB-Z9FdujIMJOFrz2glpE728I6OEhsvK_FteOE613102wLPXInTZOrQzhJqp1aNTNYJ2a3VGxYR0ggZ76tmU1puPJeMJCPT3wz0_S0BkNjwlNekfXpLVbqpnA5iI73K2JCYazVETpnVFPag1AADbeEop4GS1f3t6IRw9MOvIWjG9BESnflpsMew0-DlMzGZh2gli0VGfWJONuV3wZ0vVn4iKuD9mqKQgkKPhMjH4E5CqCmMdZauA",
        "idToken": "eyJraWQiOiJJZGVudGl0eVRva2VuU2lnbktleSIsImFsZyI6IlJTNTEyIn0%3D.eyJpc3MiOiJhd3MtbGFtYmRhIiwiZXhwIjoxNzE5MjE5Njg3LCJzdWIiOiJpZC10b2tlbiIsImF1ZCI6InJpbmciLCJqdGkiOiI2NmU2ZWE2Yi03MTE3LTQ0YTgtOWY5Yy0wMjYxYjY2ODUxNmYiLCJ1c2VySWQiOiI2NTNmMTA4YTM5NmRlMjAwMGFjZDQzZDQiLCJlbWFpbCI6InRocml2ZS1pb3MrNEBwbHVtZS5jb20iLCJnZW5kZXIiOiIiLCJiaXJ0aGRhdGUiOiIifQ%3D%3D.nw7%2BvSKij7Sbob%2BQ%2FKdTuakZ6Bq%2BNNMvyC5sVvmDha40A7t5WIdzp5LbQLXDMmhb6wwPBRnQuczrCtd7UHRGTuR%2BB7Xq1TGyy5F3TRZYZMMA2Z5OBCsVacniNZsNsfJY9fG5QK5JxpsiEkN7u%2Bm4bAOKxyB7SeMHRWP4CHsYinrAkS9MlRRqMVjeq%2FVhNRllcD58gLFFo5iXbXMtDyCfniPrRyuyVRLqNw2sKb34FqDum3X0TWaqGOEQoKBefzyNRHFCJixpo%2B%2BrT%2BoV%2Fau2fEdXEnHt8s6HREyHbO%2Bm8OqzTh0yNOo0y8fWF9EUNdROYTz01mQZmdTSNciPeIxO3ev5K6z%2BxpDFpC58HEAyLfg4jR0gOLOlL9px%2FqXUlGBvf0%2Bd4k0gVj%2Bl0AfizJbh61F10SWpz0GncVQounuI9%2BMt8kUscP3nC5M%2FWVV%2BDyjFG9pIcjVl7VDh9cK8dEsrZIgAkoxyjHk0TsfnkA0UH50ZWaaU8ok8VzkCexz%2FtQ%2F%2BzL%2FuwfCF3avVkcF7LQglYF09S4UmeHNsxYsxUnaW0kbetEkWz7q9wP5MA0gJXvnaD8oYsAcqGOwlWX7njMVGvEJlByiIsUoOFsrJs%2F%2BsfkfqiMSl%2B5eviDuWlsVsRDmJl8max6k5tdrIPt%2Bg2XpdbMLBPIM6NzeTZEJCgzjZjxA%3D",
        "refreshToken": "eyJraWQiOiJSZWZyZXNoVG9rZW5TaWduS2V5IiwiY3R5IjoiSldUIiwiZW5jIjoiQTI1NkdDTSIsImFsZyI6IlJTNTEyIn0%3D.AQICAHgg7rlLlhJZMilo20zyx9NECjg%2F8q0XYyoRMcHYs4Nh4AEd1DKHBing6fvo6kp20kIhAAABUTCCAU0GCSqGSIb3DQEHBqCCAT4wggE6AgEAMIIBMwYJKoZIhvcNAQcBMB4GCWCGSAFlAwQBLjARBAwkphXapH869JFfQeICARCAggEEsgDpbME9bOmUvZPKRsDA0PqHGpNG0st3kiJ3nxuhQk0oA49rNy8VrdVe0en22eMXESsk7mHVHMXXyRca6IcQXWw5mkG8%2BX7vSeoCl%2FftYdRuPCl2Jq2YMiCP%2F6kdwWEM49d2e5SUoM%2FSithy3VBszcZYxk2%2BkGzp9NU589tCX3kSYHvJ%2Bd0lomAl%2BVBIDiV2kZkj4Xh4AvZPyH9yEybbJcKi9olzISe5szJN52JCLKrqO31jDRucpHcc2imk6P2nqn3xInvluLKftcuKiw2HgXACw8ahwWYfL1wYueIBgrY9dm73xUsEkuj%2B4VWr4Gb9cwRpH6%2F6X6tAdWaF82B%2ByXllRjk%3D.VUO0b0n5jDD9p69wKghVcnOCS8oQPwCGuFBRsJYvLJ9cBKVgC9k3WNFwNTze3tA3K02Cv6NX32C9rFAB9NCyqy%2Bl60lZG5mDPgba0gFaQ%2BV8YLo6IfqCJAlbRZWfT4XYn8pr5cnr%2FedWnm%2BKP%2BSSwgfCpzcVtKvD9d6OsqJuebQIE%2B7oVmlfIXYe6KW4GcO64805boEIIlbqj5x2n%2BO33g67zTaLPrdHyhjz68repwHT2AHoeHGr9gY1IcBZb79IconLqY42hXncB%2FzJ7d%2BbW3cMcZnoom6ux4whZGonlpUSVxOfEBL1SkIfnLY6%2FQoX6EjrGoNeadrMHBeeMdSEXjeYsgS7PcnLXk%2F%2FSavb7r8zS%2Bu375xsQ1KeLOceMohMBdmwTzQ05T9VoHNkn7nP6J7Ek%2F6QP2txGC%2FdXIMwOmn4RuFFOuiW96FNm%2BetCSmO5QET0vhccYLtkaZub6t%2BbzmVkhGeeNGh8Z1ba9uFBmCFusvY3e4abGaIOwe0H3NRS98GAK2TW9UpfiDyn0kKvxzi5A0r2kuHzBVqxp6%2Fg4kWju%2FVom9MDbGIivyS04Qpw3%2FF%2BnXlM5NZwSFB2EjX4FWhhZW1f%2Fot0HA0N%2BMc5DITQ0dtLmkmMWCPy6mMxfD1On1wHHTIqROTjNo2hl8%2FuIIuz3d2sPTG1xcrIWyJhPc%3D",
        "identityId": "us-west-2:4e570fe2-974b-4b9f-9d9d-f2f9c4ca9bb6"
    }
}

