2023-12-20 15:26:35: -----------Request----------->
POST https://thrive-dog1-usw2-api.data.plume.tech/pwb/PlumeCloudLogin

User-Agent: python-requests/2.31.0
Accept-Encoding: gzip, deflate
accept: application/json
Connection: keep-alive
Content-Type: application/json
Content-Length: 73

{
    "email": "thrive-ios+4@plume.com",
    "password": "plume1234",
    "ttl": 3600
}

2023-12-20 15:26:35: <-----------Response-----------
Status code: 200, elapsed seconds: 1.901315

Date: Wed, 20 Dec 2023 07:26:33 GMT
Content-Type: application/json
Content-Length: 729
Connection: keep-alive
x-amzn-RequestId: 71df69ac-eee6-4971-8acd-921b103dd651
Access-Control-Allow-Origin: *
x-amz-apigw-id: QOyOYEtpPHcEMtQ=
X-Amzn-Trace-Id: Root=1-65829728-0ee7b7f879e239537eff9610;Sampled=0;lineage=7fdd2b1e:0

{
    "data": {
        "id": "1biArUtSdFzkN1u1hFxgzDPtIqhW11lEmszjZxukAkUz2OTlNeL7vOY6m15KR2QT",
        "ttl": 3600,
        "created": "2023-12-20T07:26:29.197Z",
        "userId": "653f108a396de2000acd43d4",
        "expireAt": "2023-12-20T08:26:29.197Z",
        "user": {
            "id": "653f108a396de2000acd43d4",
            "accountId": "3b2c42d4-7cee-4756-b4bd-491cacc1ae57",
            "anonymous": false,
            "autoProvisioned": false,
            "name": "thrive-ios+4",
            "locked": false,
            "partnerId": "mobile_qa_test",
            "acceptLanguage": "en-US",
            "preferredLanguage": "en",
            "source": "customCreate",
            "createdAt": "2023-10-30T02:10:18.214Z",
            "provisioningSsoAuditTrail": false,
            "_version": "1.0.0",
            "email": "thrive-ios+4@plume.com",
            "emailVerified": true,
            "firstKnownLoginTimestamp": "2023-10-30T02:15:53.570Z"
        }
    },
    "result": {
        "code": 201000,
        "message": "Successfully."
    }
}

2023-12-20 15:26:39: -----------Request----------->
POST https://thrive-dog1-usw2-api.data.plume.tech/pwb/AuthenticateWithPlumeToken

User-Agent: python-requests/2.31.0
Accept-Encoding: gzip, deflate
accept: application/json
Connection: keep-alive
Content-Type: application/json
Content-Length: 121

{
    "accessToken": "1biArUtSdFzkN1u1hFxgzDPtIqhW11lEmszjZxukAkUz2OTlNeL7vOY6m15KR2QT",
    "userId": "653f108a396de2000acd43d4"
}

2023-12-20 15:26:39: <-----------Response-----------
Status code: 200, elapsed seconds: 2.170946

Date: Wed, 20 Dec 2023 07:26:37 GMT
Content-Type: application/json
Content-Length: 3826
Connection: keep-alive
x-amzn-RequestId: 20d01c7f-e7fa-4a6d-ae72-e3d1356ec686
Access-Control-Allow-Origin: *
x-amz-apigw-id: QOyO9GY_PHcEH1Q=
X-Amzn-Trace-Id: Root=1-6582972c-2924886a45ea169f78c6e7ed;Sampled=0;lineage=144e69e0:0

{
    "data": {
        "email": "thrive-ios+4@plume.com",
        "userGroup": "admin",
        "userName": "thrive-ios+4",
        "userId": "653f108a396de2000acd43d4",
        "accessToken": "eyJraWQiOiJ1cy13ZXN0LTI0IiwidHlwIjoiSldTIiwiYWxnIjoiUlM1MTIifQ.eyJzdWIiOiJ1cy13ZXN0LTI6ZmQ0NGIzOTQtYmYxNy00YmIyLThlNmYtNGNjNjgxYzM3NDMyIiwiYXVkIjoidXMtd2VzdC0yOjU2YzQyNDM5LWJlMmMtNDUyMy04YmUwLTEwYjU4ODVlYTczMyIsImFtciI6WyJhdXRoZW50aWNhdGVkIiwic3RhZ2luZy1wd2IucGx1bWUuY29tIiwic3RhZ2luZy1wd2IucGx1bWUuY29tOnVzLXdlc3QtMjo1NmM0MjQzOS1iZTJjLTQ1MjMtOGJlMC0xMGI1ODg1ZWE3MzM6MWJpQXJVdFNkRnprTjF1MWhGeGd6RFB0SXFoVzExbEVtc3pqWnh1a0FrVXoyT1RsTmVMN3ZPWTZtMTVLUjJRVCJdLCJpc3MiOiJodHRwczovL2NvZ25pdG8taWRlbnRpdHkuYW1hem9uYXdzLmNvbSIsImh0dHBzOi8vY29nbml0by1pZGVudGl0eS5hbWF6b25hd3MuY29tL2lkZW50aXR5LXBvb2wtYXJuIjoiYXJuOmF3czpjb2duaXRvLWlkZW50aXR5OnVzLXdlc3QtMjoxNDMwODk2MTA0ODI6aWRlbnRpdHlwb29sL3VzLXdlc3QtMjo1NmM0MjQzOS1iZTJjLTQ1MjMtOGJlMC0xMGI1ODg1ZWE3MzMiLCJleHAiOjE3MDMxNDM1OTcsImlhdCI6MTcwMzA1NzE5N30.P1ghxw_VulPtxqrgVbQfFfDPFzuqan0hTyL7ir2YFbcnQkwmLz0G5Ft3gB_a0mAg3C8LUgfkSeJ8JpT8e20M18JlD5CGI_1PuUb4y8Yif1pk-i25-eSPrAko8qPj9RJsLZLuAZHqsFk5TTpR1UHupi060aqwK3KLQjAh0hK3lj_R-onw-2k28RtgLR4yCJfvufO1xFnONhETE4vvR4UdfhvBPRMwx5omUqkejQ1DJQVlydE-J7XtamWPAC2GlpOdZXZ41jhbmvcy2QyfKTPqWkLQbmk0Daclp2aelUmckknDlG0JIUZLZIWHjTOXER6ZU8EsJ4J2TdNOE8_LvXUVMg",
        "idToken": "eyJraWQiOiJJZGVudGl0eVRva2VuU2lnbktleSIsImFsZyI6IlJTNTEyIn0%3D.eyJpc3MiOiJhd3MtbGFtYmRhIiwiZXhwIjoxNzE4NjA5MTk3LCJzdWIiOiJpZC10b2tlbiIsImF1ZCI6InJpbmciLCJqdGkiOiJmYzc3MGQzZC1lYmFkLTQwYmMtODU0MS01MzA3NTcyODA1MDUiLCJ1c2VySWQiOiI2NTNmMTA4YTM5NmRlMjAwMGFjZDQzZDQiLCJlbWFpbCI6InRocml2ZS1pb3MrNEBwbHVtZS5jb20iLCJnZW5kZXIiOiIiLCJiaXJ0aGRhdGUiOiIifQ%3D%3D.NEyXLMDuayR7QEtf%2B9%2BHJ5UGZs99oh5dLbmLTugIKQCNV1zSoxfShIZ9OCQDhlrHwq8%2Fp9dWWabLul2xnI%2FREo8wvUg8DizrMHT6DEtHafJeNCczbK%2BrMzn595YHoDCqdtWH2Ni5TGlGPXfLNWLKuZZzHMg1gh2XCJhi2IZyjzA6ncGdcOBqgRkC8kCv89s5svh34Um1tGS7EBh2nw44xn7G8SyYJr58NBpIvq2ncT9y%2F1VwD5Yw%2BcCHamjExtZik9hWzycXK6YSMI%2BAfE4Ut%2FU2eD3qmbIS4c0i7YZb6WrxfEaQhoW6dS2jn%2B0XurS12IrWjWrx7LNZa6IqOt6xdQqaQEs0yKc5jcAvbWYyQTlO1801fa2ei%2FMhBvyM13zh4oFJDgpp7aZkE26dd3lMIcBhRc5%2BDtfx5LNGdh3RlMhMAo4eejauGl2IZ8Dvnk2%2BIPuM38%2B6BQQ6eNlseAziYVp6J%2F5Mf6QVqA6JnGYSwePcC4wu4F2%2BEs8l%2B8rme%2BIpyWY7IrHKCUJniuw58GDMG3yFG3tTtTLx%2B7%2Fa1QPdL48Cry%2FDt%2Fer74e5ACxjmkgb%2FdOdMQzMU1%2FWxRi7W%2B9yWyKqxqcMuJQqT17oedZeXQDtyZpNCzDX0fPrI%2B05zLavS7ZMTJ5UXs0o3ln1eq1FuloNoXaz6mCT3biAnkU%2FhYk%3D",
        "refreshToken": "eyJraWQiOiJSZWZyZXNoVG9rZW5TaWduS2V5IiwiY3R5IjoiSldUIiwiZW5jIjoiQTI1NkdDTSIsImFsZyI6IlJTNTEyIn0%3D.AQICAHgg7rlLlhJZMilo20zyx9NECjg%2F8q0XYyoRMcHYs4Nh4AG0naQOvoqhnbPdMIvRvt9SAAABUTCCAU0GCSqGSIb3DQEHBqCCAT4wggE6AgEAMIIBMwYJKoZIhvcNAQcBMB4GCWCGSAFlAwQBLjARBAwsff3pzW%2B1UkVp9bkCARCAggEEM7sNV%2FqE8M3bkrC%2FIBxUdvxFrPa08b0ZzwLheGjkvnTtZ2Lk9C5qbttWEIGlmFE0o3q6g23VseR%2FjwzmYFGQtcfxJLWG4sMocKEfzOHo4DuBhWyibgkDf9jwmx1LUWXh1hWFZ0d1%2FaFj280CZyN9O63PPLsqV3IM5XAEnzE%2BJZJM9J%2B0fYcT0qR4wiPPGulHNeo6T3AOcZcXEMMN4xjouP4cPA4Eg0AVGZcUA5npNeIWaiPJNryOsLlddVdlgDtlfsO%2B2vNj6v9xsyk%2Fo2mvBOogPYkoKEK5sQu3ZlL05KnqwpQUq1VwmjzX20ZiR4ACWxtpCy1AcCfraRH1hthGitrmAfk%3D.Sh3%2BNYk0S3egNSBVKkWBUTrNEHvjCZFyYKisnr9e8GKmOqY74IT1LBGDcBpuNciSNC4oUey8uVjc%2FktNq8ZWOw83L3SKEqToNf5shQPXKpFFMK1rkreoOiimf%2BD1v4V4yPrt4lRTZ5xDp%2B4yyKeE%2B5xb8MklrM6DVqKfv3jhm3tzKA0dQbfkbECHzBo31zghQZz2%2Fpf30TN9GOb7SMkczD3SYU3MxpDGymbbXS%2BwLvLl9xllDDkrrRv4ugKzjnlsDw1EjSLjKZ0oILOVCQCY7jl7MNoJKeM42ti9wy4GuibcQwQug%2FVMu%2BQEz8pDmT8L3fD5qQ4YL23r2gabW3NgY%2BqzJAnrjs4Z%2FwEDsLkUersS48eUTgSUdaThOMTeZ%2BdEf06ba52u3Rcs4DFY4Rx3NXJbAai2lJocNjGYiQ2nCA0Byl2pjh0NqFdcTz7OK7ZqUCV3xAeCs5tsYqbawTz5uapAHaDYIJrwYZLNCGT1PtyZmkQdlHQ7AqUYAz2pjWfTLC1CC%2BzXklh44IR8dheVr0H5cpiJlcQ8ifHZfEFXgKW3vi5hAbvsXNy2v9Ebm3xp8eSgIlWh1Y8erLUPokOxD4LCZuT%2FrAZKhY%2Beom7jvqP5FVyEQJfLsov1bTu%2FDnNTrVY0YGwLtThskc0sro5rGY8G705i%2FwlNIDy3lj3CQuo%3D",
        "identityId": "us-west-2:fd44b394-bf17-4bb2-8e6f-4cc681c37432"
    }
}

2023-12-20 15:26:43: -----------Request----------->
POST https://thrive-dog1-usw2-api.data.plume.tech/pwb/GetDailyReadinessInsightList

User-Agent: python-requests/2.31.0
Accept-Encoding: gzip, deflate
accept: application/json
Connection: keep-alive
Authorization: Bearer eyJraWQiOiJ1cy13ZXN0LTI0IiwidHlwIjoiSldTIiwiYWxnIjoiUlM1MTIifQ.eyJzdWIiOiJ1cy13ZXN0LTI6ZmQ0NGIzOTQtYmYxNy00YmIyLThlNmYtNGNjNjgxYzM3NDMyIiwiYXVkIjoidXMtd2VzdC0yOjU2YzQyNDM5LWJlMmMtNDUyMy04YmUwLTEwYjU4ODVlYTczMyIsImFtciI6WyJhdXRoZW50aWNhdGVkIiwic3RhZ2luZy1wd2IucGx1bWUuY29tIiwic3RhZ2luZy1wd2IucGx1bWUuY29tOnVzLXdlc3QtMjo1NmM0MjQzOS1iZTJjLTQ1MjMtOGJlMC0xMGI1ODg1ZWE3MzM6MWJpQXJVdFNkRnprTjF1MWhGeGd6RFB0SXFoVzExbEVtc3pqWnh1a0FrVXoyT1RsTmVMN3ZPWTZtMTVLUjJRVCJdLCJpc3MiOiJodHRwczovL2NvZ25pdG8taWRlbnRpdHkuYW1hem9uYXdzLmNvbSIsImh0dHBzOi8vY29nbml0by1pZGVudGl0eS5hbWF6b25hd3MuY29tL2lkZW50aXR5LXBvb2wtYXJuIjoiYXJuOmF3czpjb2duaXRvLWlkZW50aXR5OnVzLXdlc3QtMjoxNDMwODk2MTA0ODI6aWRlbnRpdHlwb29sL3VzLXdlc3QtMjo1NmM0MjQzOS1iZTJjLTQ1MjMtOGJlMC0xMGI1ODg1ZWE3MzMiLCJleHAiOjE3MDMxNDM1OTcsImlhdCI6MTcwMzA1NzE5N30.P1ghxw_VulPtxqrgVbQfFfDPFzuqan0hTyL7ir2YFbcnQkwmLz0G5Ft3gB_a0mAg3C8LUgfkSeJ8JpT8e20M18JlD5CGI_1PuUb4y8Yif1pk-i25-eSPrAko8qPj9RJsLZLuAZHqsFk5TTpR1UHupi060aqwK3KLQjAh0hK3lj_R-onw-2k28RtgLR4yCJfvufO1xFnONhETE4vvR4UdfhvBPRMwx5omUqkejQ1DJQVlydE-J7XtamWPAC2GlpOdZXZ41jhbmvcy2QyfKTPqWkLQbmk0Daclp2aelUmckknDlG0JIUZLZIWHjTOXER6ZU8EsJ4J2TdNOE8_LvXUVMg
Content-Type: application/json
Content-Length: 117

{
    "userId": "653f108a396de2000acd43d4",
    "startTime": 1703001600,
    "endTime": 1703087999,
    "pageSize": 7,
    "startKey": ""
}

2023-12-20 15:26:43: <-----------Response-----------
Status code: 200, elapsed seconds: 1.993646

Date: Wed, 20 Dec 2023 07:26:41 GMT
Content-Type: application/json
Content-Length: 356
Connection: keep-alive
x-amzn-RequestId: 0a9136ac-49e8-4797-a63c-2b6dd1967edb
Access-Control-Allow-Origin: *
x-amz-apigw-id: QOyPnF73vHcEeLA=
X-Amzn-Trace-Id: Root=1-65829730-28ab6cce21c7f0cf12833894;Sampled=0;lineage=774101e1:0

{
    "data": {
        "userId": "653f108a396de2000acd43d4",
        "startTime": 1703001600,
        "endTime": 1703087999,
        "dailyReadinessInsightList": [
            {
                "userId": "653f108a396de2000acd43d4",
                "startTime": 1703017097,
                "endTime": 1703035821,
                "hrvScore": 67.0206414106089,
                "stressScore": 2,
                "readinessScore": 10,
                "utcOffset": 8,
                "timeZone": "Asia/Brunei"
            }
        ]
    },
    "result": {
        "code": 201000,
        "message": "Successfully."
    }
}

