2023-12-05 19:11:29: -----------Request----------->
POST https://thrive-dog1-usw2-api.data.plume.tech/pwb/PlumeCloudLogin

User-Agent: python-requests/2.31.0
Accept-Encoding: gzip, deflate
accept: application/json
Connection: keep-alive
Content-Type: application/json
Content-Length: 73

{
    "email": "thrive-ios+4@plume.com",
    "password": "plume1234",
    "ttl": 3600
}

2023-12-05 19:11:29: <-----------Response-----------
Status code: 200, elapsed seconds: 1.73107

Date: Tue, 05 Dec 2023 11:11:26 GMT
Content-Type: application/json
Content-Length: 729
Connection: keep-alive
x-amzn-RequestId: d847122c-679e-428b-bfa6-5bd0c6a65dde
Access-Control-Allow-Origin: *
x-amz-apigw-id: Pd3GuHMCvHcEt7A=
X-Amzn-Trace-Id: Root=1-656f055d-09d38ad679a0974d51b5f76c;Sampled=0;lineage=7fdd2b1e:0

{
    "data": {
        "id": "OMAaya4ZLwPAwuRB8zKlfuRcL8Fc3rVmOjOfSLKAAJJJ43FBoGpAC9W3rEAYPIw8",
        "ttl": 3600,
        "created": "2023-12-05T11:11:26.889Z",
        "userId": "653f108a396de2000acd43d4",
        "expireAt": "2023-12-05T12:11:26.889Z",
        "user": {
            "id": "653f108a396de2000acd43d4",
            "accountId": "3b2c42d4-7cee-4756-b4bd-491cacc1ae57",
            "anonymous": false,
            "autoProvisioned": false,
            "name": "thrive-ios+4",
            "locked": false,
            "partnerId": "mobile_qa_test",
            "acceptLanguage": "en-US",
            "preferredLanguage": "en",
            "source": "customCreate",
            "createdAt": "2023-10-30T02:10:18.214Z",
            "provisioningSsoAuditTrail": false,
            "_version": "1.0.0",
            "email": "thrive-ios+4@plume.com",
            "emailVerified": true,
            "firstKnownLoginTimestamp": "2023-10-30T02:15:53.570Z"
        }
    },
    "result": {
        "code": 201000,
        "message": "Successfully."
    }
}

2023-12-05 19:11:33: -----------Request----------->
POST https://thrive-dog1-usw2-api.data.plume.tech/pwb/AuthenticateWithPlumeToken

User-Agent: python-requests/2.31.0
Accept-Encoding: gzip, deflate
accept: application/json
Connection: keep-alive
Content-Type: application/json
Content-Length: 121

{
    "accessToken": "OMAaya4ZLwPAwuRB8zKlfuRcL8Fc3rVmOjOfSLKAAJJJ43FBoGpAC9W3rEAYPIw8",
    "userId": "653f108a396de2000acd43d4"
}

2023-12-05 19:11:33: <-----------Response-----------
Status code: 200, elapsed seconds: 2.099211

Date: Tue, 05 Dec 2023 11:11:31 GMT
Content-Type: application/json
Content-Length: 3838
Connection: keep-alive
x-amzn-RequestId: b06dce64-01f2-4f36-a936-ee3f6a5fdcec
Access-Control-Allow-Origin: *
x-amz-apigw-id: Pd3HSFX7PHcElhQ=
X-Amzn-Trace-Id: Root=1-656f0561-0d93679a3cc25a5034d3e4d8;Sampled=0;lineage=144e69e0:0

{
    "data": {
        "email": "thrive-ios+4@plume.com",
        "userGroup": "admin",
        "userName": "thrive-ios+4",
        "userId": "653f108a396de2000acd43d4",
        "accessToken": "eyJraWQiOiJ1cy13ZXN0LTI0IiwidHlwIjoiSldTIiwiYWxnIjoiUlM1MTIifQ.eyJzdWIiOiJ1cy13ZXN0LTI6N2Q4NjU2NTUtNWQxYi00YWQwLWJkNzYtYWQyODAzMDdhMjRjIiwiYXVkIjoidXMtd2VzdC0yOjU2YzQyNDM5LWJlMmMtNDUyMy04YmUwLTEwYjU4ODVlYTczMyIsImFtciI6WyJhdXRoZW50aWNhdGVkIiwic3RhZ2luZy1wd2IucGx1bWUuY29tIiwic3RhZ2luZy1wd2IucGx1bWUuY29tOnVzLXdlc3QtMjo1NmM0MjQzOS1iZTJjLTQ1MjMtOGJlMC0xMGI1ODg1ZWE3MzM6T01BYXlhNFpMd1BBd3VSQjh6S2xmdVJjTDhGYzNyVm1Pak9mU0xLQUFKSko0M0ZCb0dwQUM5VzNyRUFZUEl3OCJdLCJpc3MiOiJodHRwczovL2NvZ25pdG8taWRlbnRpdHkuYW1hem9uYXdzLmNvbSIsImh0dHBzOi8vY29nbml0by1pZGVudGl0eS5hbWF6b25hd3MuY29tL2lkZW50aXR5LXBvb2wtYXJuIjoiYXJuOmF3czpjb2duaXRvLWlkZW50aXR5OnVzLXdlc3QtMjoxNDMwODk2MTA0ODI6aWRlbnRpdHlwb29sL3VzLXdlc3QtMjo1NmM0MjQzOS1iZTJjLTQ1MjMtOGJlMC0xMGI1ODg1ZWE3MzMiLCJleHAiOjE3MDE4NjEwOTAsImlhdCI6MTcwMTc3NDY5MH0.AChn2HVaayQKUGbBN3GxC5GSmTu6l_cWFC_Id9SWPGFlzgQVt9_OpaSlwxryK7OsnMJjUcOLZdLO9SLQfIqutNSATObOilMvmndoZLPSt1WOmaAUtyVwe5vnZjRd_Buj_1YayHpTuHeDh_oilCe04NyVrdNML6OclwVzBTQ5nNuJnv-qTPjK9tllPrXZYCH_cqcSVFxna--hRdD__gKMP4RsXxFnd0EGFakUlWojKNWT4Ulcrv-Ip_FNMiQV3UKYWFqx9WBJqJVcmaqVLOx-uZ1CSEIk3I3kY-ouD-AD0giowQsZ8SXimLv-0Nt_s2mvlEUtn0pIYQVqDTCpihXIAw",
        "idToken": "eyJraWQiOiJJZGVudGl0eVRva2VuU2lnbktleSIsImFsZyI6IlJTNTEyIn0%3D.eyJpc3MiOiJhd3MtbGFtYmRhIiwiZXhwIjoxNzE3MzI2NjkxLCJzdWIiOiJpZC10b2tlbiIsImF1ZCI6InJpbmciLCJqdGkiOiJjMTdmMWUxNi02MmZiLTRiMGItYmFhMy0xYTZmZmE0YWMwNDIiLCJ1c2VySWQiOiI2NTNmMTA4YTM5NmRlMjAwMGFjZDQzZDQiLCJlbWFpbCI6InRocml2ZS1pb3MrNEBwbHVtZS5jb20iLCJnZW5kZXIiOiIiLCJiaXJ0aGRhdGUiOiIifQ%3D%3D.N7hvlMXT1K7hcaXLexIVs4a%2BJzlFnMVKmzChaqrFX6QsvqZOfpaFPlhSBHgURGY%2BEkQ0ys1%2F023AeSbklUZg4lmDMrMrhOuChmqVgKRWZBlW5poOPBio4v%2FBu4fAV6gB23BFruZL8gSsHykMfGsRPojay7558M21YlCPcCpkp9gWUeJc8t%2FKcv4sU1aYrxVuaVNj06halntdYLgDtF04m6Vo1wMMRcklE6ypAG4ZoSxU%2FS55kW%2Bpy0ze3m9tncn%2ByJu2vGEB%2FK6ZpwQ4K5T2kYXpaHugGxlwjTnt5MzhGqhtrmizu5Z%2FTR8r7Att%2BKfbe486PySrbPNEg%2BIIoYAhtTnuMHKoOr%2By8StE9CSR5Z6oAmxkmyayvIStu8nS7JWSvHXAKVEoKppKZAacHgmTNrOOOiZqZg%2BVGqLwYX2XROcRJZTLIQls2yWUvukwB6zYuc9njBorX6P6eqFOeH%2BPH5VkA5nsr%2FwT9X6h%2Ba1REv8ElvVHwBCUw0brnXd4x9LJtpsAfOLV6sic%2BJfcq3tA2AU6VNThb50Z9vvnOuR9FViouhC8AVgGwyFaGKruY18zC9%2F5WAX7YZGqur9vqvtpPITMOjupWBL8qSd01uIUtjs5KWlPsc%2BFUNbh6QunwOCUz1n0U%2FCEsWCWkMFwNeHgjbf4r14vWZcw3%2FCQB01DNf4%3D",
        "refreshToken": "eyJraWQiOiJSZWZyZXNoVG9rZW5TaWduS2V5IiwiY3R5IjoiSldUIiwiZW5jIjoiQTI1NkdDTSIsImFsZyI6IlJTNTEyIn0%3D.AQICAHgg7rlLlhJZMilo20zyx9NECjg%2F8q0XYyoRMcHYs4Nh4AHzZB08Q0eFBOcSG0WsN8sfAAABUTCCAU0GCSqGSIb3DQEHBqCCAT4wggE6AgEAMIIBMwYJKoZIhvcNAQcBMB4GCWCGSAFlAwQBLjARBAxJgICN3iPy4qXMLmMCARCAggEE1hLZHthtE9p3aYROHpTIFkYa%2BYksIk0fWCuC4955QJgu8Ebk%2FStxdvmbc4i7eZlx8yNVMHNWhGsq0hc%2Fc2aHI5cc8JoVyQ1CVun5xhbi3EOX2TRcuapGBHgweegwqrSwVy%2FgO21V%2F%2B%2BRAofW00gpMuF05fRTXubht%2FTLUxY7%2F3vsgOVR06oT7E%2BEMUiZy5wd%2BJjEoss6tFMb9QYTgBOQLW8%2FDzJqADv3NUC51%2FXtmcDHhaNmV2EVBTlGnrOI0YBsyu%2F24m3NZ2gdDAyRnQAqmXAfqc7o%2Fmgt1iS%2B0a6hR2%2BgxDxYQVcio81wL7Kfa9qudBqh4I4S4s2g6nJrbAJS45vuCEk%3D.qowl18GAr67OTILprBq3OewKBHjp%2Bj5sIiwSY33ByqbaxxgDkiUXaSTsMOwwG74247KA0qhLPbtSFUdh2KcPJ8Zfb3UNAUT9jJllzmLavPJqOAQo1IUuw4cjKDFGHiXknGOH8emG8mMMF0rgAM8hzwLu%2BwZH5Ub5eLRh99TZWAKxIqAsANACKDY%2FY%2FgSPQUiBvVnjCVIHMTqfusZ92ZQU2w%2Fz19rGeq8lsgDilMu4Y3AvkaQh3eL4S8e2fqbVSpbcm1VESXSph5pOvx4RMYtsgzQ7gYMfw35R0c9ABVU%2FdHAXX5VPVGBwx3KnIHgvxjciw0KZsWLrRrC8s%2FLHm%2F7RK%2B6qKL7%2BjVtuEswcfd7LLIgelJW011C9UMIJd51omwkcD4v5UBYl2UiXib3%2F2Z11F1JODKNCfNOuWyq2ue3MqQsLP6c3ZSpYcancAEiYAMHH07gYycE9FaYIPMkUMU%2B84RlOZsR24SgaLgLnfkRtZIl7I%2F9lPhnXXJnHXbop95zn%2BLWk5BOF%2BetqsRZ8qLBZQnbpi0Kj6coQix5mvWiNYkTQrUIK553bYIgTUWi5PPolq8vtf8Vbo%2Fik%2BODKZeXY9sZZfXQWQMc%2B%2B0EA8EFAV9aawvL4qwVq2hsQ96EOjKK3FJte1rI5zqKnQ%2FHgPdZUFQLMuYV2aLC519ilX92CxE%3D",
        "identityId": "us-west-2:7d865655-5d1b-4ad0-bd76-ad280307a24c"
    }
}

2023-12-05 19:11:36: -----------Request----------->
POST https://thrive-dog1-usw2-api.data.plume.tech/pwb/GetDailyReadinessInsightList

User-Agent: python-requests/2.31.0
Accept-Encoding: gzip, deflate
accept: application/json
Connection: keep-alive
Authorization: Bearer eyJraWQiOiJ1cy13ZXN0LTI0IiwidHlwIjoiSldTIiwiYWxnIjoiUlM1MTIifQ.eyJzdWIiOiJ1cy13ZXN0LTI6N2Q4NjU2NTUtNWQxYi00YWQwLWJkNzYtYWQyODAzMDdhMjRjIiwiYXVkIjoidXMtd2VzdC0yOjU2YzQyNDM5LWJlMmMtNDUyMy04YmUwLTEwYjU4ODVlYTczMyIsImFtciI6WyJhdXRoZW50aWNhdGVkIiwic3RhZ2luZy1wd2IucGx1bWUuY29tIiwic3RhZ2luZy1wd2IucGx1bWUuY29tOnVzLXdlc3QtMjo1NmM0MjQzOS1iZTJjLTQ1MjMtOGJlMC0xMGI1ODg1ZWE3MzM6T01BYXlhNFpMd1BBd3VSQjh6S2xmdVJjTDhGYzNyVm1Pak9mU0xLQUFKSko0M0ZCb0dwQUM5VzNyRUFZUEl3OCJdLCJpc3MiOiJodHRwczovL2NvZ25pdG8taWRlbnRpdHkuYW1hem9uYXdzLmNvbSIsImh0dHBzOi8vY29nbml0by1pZGVudGl0eS5hbWF6b25hd3MuY29tL2lkZW50aXR5LXBvb2wtYXJuIjoiYXJuOmF3czpjb2duaXRvLWlkZW50aXR5OnVzLXdlc3QtMjoxNDMwODk2MTA0ODI6aWRlbnRpdHlwb29sL3VzLXdlc3QtMjo1NmM0MjQzOS1iZTJjLTQ1MjMtOGJlMC0xMGI1ODg1ZWE3MzMiLCJleHAiOjE3MDE4NjEwOTAsImlhdCI6MTcwMTc3NDY5MH0.AChn2HVaayQKUGbBN3GxC5GSmTu6l_cWFC_Id9SWPGFlzgQVt9_OpaSlwxryK7OsnMJjUcOLZdLO9SLQfIqutNSATObOilMvmndoZLPSt1WOmaAUtyVwe5vnZjRd_Buj_1YayHpTuHeDh_oilCe04NyVrdNML6OclwVzBTQ5nNuJnv-qTPjK9tllPrXZYCH_cqcSVFxna--hRdD__gKMP4RsXxFnd0EGFakUlWojKNWT4Ulcrv-Ip_FNMiQV3UKYWFqx9WBJqJVcmaqVLOx-uZ1CSEIk3I3kY-ouD-AD0giowQsZ8SXimLv-0Nt_s2mvlEUtn0pIYQVqDTCpihXIAw
Content-Type: application/json
Content-Length: 117

{
    "userId": "653f108a396de2000acd43d4",
    "startTime": 1701705600,
    "endTime": 1701791999,
    "pageSize": 7,
    "startKey": ""
}

2023-12-05 19:11:36: <-----------Response-----------
Status code: 200, elapsed seconds: 1.833854

Date: Tue, 05 Dec 2023 11:11:34 GMT
Content-Type: application/json
Content-Length: 355
Connection: keep-alive
x-amzn-RequestId: 66594b83-22cb-4721-a711-99648798f663
Access-Control-Allow-Origin: *
x-amz-apigw-id: Pd3H7G5bvHcEexw=
X-Amzn-Trace-Id: Root=1-656f0565-0ac68e66642e5faa55524372;Sampled=0;lineage=774101e1:0

{
    "data": {
        "userId": "653f108a396de2000acd43d4",
        "startTime": 1701705600,
        "endTime": 1701791999,
        "dailyReadinessInsightList": [
            {
                "userId": "653f108a396de2000acd43d4",
                "startTime": 1701721097,
                "endTime": 1701739821,
                "hrvScore": 67.0206414106089,
                "stressScore": 2,
                "readinessScore": 7,
                "utcOffset": 8,
                "timeZone": "Asia/Brunei"
            }
        ]
    },
    "result": {
        "code": 201000,
        "message": "Successfully."
    }
}

