2023-12-21 14:00:39: -----------Request----------->
POST https://thrive-dog1-usw2-api.data.plume.tech/pwb/PlumeCloudLogin

User-Agent: python-requests/2.31.0
Accept-Encoding: gzip, deflate
accept: application/json
Connection: keep-alive
Content-Type: application/json
Content-Length: 73

{
    "email": "thrive-ios+4@plume.com",
    "password": "plume1234",
    "ttl": 3600
}

2023-12-21 14:00:39: <-----------Response-----------
Status code: 200, elapsed seconds: 1.767462

Date: Thu, 21 Dec 2023 06:00:36 GMT
Content-Type: application/json
Content-Length: 729
Connection: keep-alive
x-amzn-RequestId: f5338aab-1434-49bd-b1d0-9a0fddc3ff38
Access-Control-Allow-Origin: *
x-amz-apigw-id: QR4kqGjEvHcEG1w=
X-Amzn-Trace-Id: Root=1-6583d483-6ac9ef2e46064a037006ddf0;Sampled=0;lineage=7fdd2b1e:0

{
    "data": {
        "id": "X3eL2gjHwqc7Kr5e1xNp5lbP9soWnGodH5VMM6lHCyzOS9ltdoHejjBAJvq3OTOU",
        "ttl": 3600,
        "created": "2023-12-21T06:00:31.924Z",
        "userId": "653f108a396de2000acd43d4",
        "expireAt": "2023-12-21T07:00:31.924Z",
        "user": {
            "id": "653f108a396de2000acd43d4",
            "accountId": "3b2c42d4-7cee-4756-b4bd-491cacc1ae57",
            "anonymous": false,
            "autoProvisioned": false,
            "name": "thrive-ios+4",
            "locked": false,
            "partnerId": "mobile_qa_test",
            "acceptLanguage": "en-US",
            "preferredLanguage": "en",
            "source": "customCreate",
            "createdAt": "2023-10-30T02:10:18.214Z",
            "provisioningSsoAuditTrail": false,
            "_version": "1.0.0",
            "email": "thrive-ios+4@plume.com",
            "emailVerified": true,
            "firstKnownLoginTimestamp": "2023-10-30T02:15:53.570Z"
        }
    },
    "result": {
        "code": 201000,
        "message": "Successfully."
    }
}

2023-12-21 14:00:43: -----------Request----------->
POST https://thrive-dog1-usw2-api.data.plume.tech/pwb/AuthenticateWithPlumeToken

User-Agent: python-requests/2.31.0
Accept-Encoding: gzip, deflate
accept: application/json
Connection: keep-alive
Content-Type: application/json
Content-Length: 121

{
    "accessToken": "X3eL2gjHwqc7Kr5e1xNp5lbP9soWnGodH5VMM6lHCyzOS9ltdoHejjBAJvq3OTOU",
    "userId": "653f108a396de2000acd43d4"
}

2023-12-21 14:00:43: <-----------Response-----------
Status code: 200, elapsed seconds: 2.090654

Date: Thu, 21 Dec 2023 06:00:41 GMT
Content-Type: application/json
Content-Length: 3826
Connection: keep-alive
x-amzn-RequestId: 373ab97c-20f3-4890-b507-52e241f1f26f
Access-Control-Allow-Origin: *
x-amz-apigw-id: QR4lPG9QPHcEC3g=
X-Amzn-Trace-Id: Root=1-6583d487-2fba42bb6dbc7a4f681cb7ad;Sampled=0;lineage=144e69e0:0

{
    "data": {
        "email": "thrive-ios+4@plume.com",
        "userGroup": "admin",
        "userName": "thrive-ios+4",
        "userId": "653f108a396de2000acd43d4",
        "accessToken": "eyJraWQiOiJ1cy13ZXN0LTI0IiwidHlwIjoiSldTIiwiYWxnIjoiUlM1MTIifQ.eyJzdWIiOiJ1cy13ZXN0LTI6NGJhOTE3ZjEtYjc0MC00YzQyLTk1MWEtOWMyMmUxYjFmOWI5IiwiYXVkIjoidXMtd2VzdC0yOjU2YzQyNDM5LWJlMmMtNDUyMy04YmUwLTEwYjU4ODVlYTczMyIsImFtciI6WyJhdXRoZW50aWNhdGVkIiwic3RhZ2luZy1wd2IucGx1bWUuY29tIiwic3RhZ2luZy1wd2IucGx1bWUuY29tOnVzLXdlc3QtMjo1NmM0MjQzOS1iZTJjLTQ1MjMtOGJlMC0xMGI1ODg1ZWE3MzM6WDNlTDJnakh3cWM3S3I1ZTF4TnA1bGJQOXNvV25Hb2RINVZNTTZsSEN5ek9TOWx0ZG9IZWpqQkFKdnEzT1RPVSJdLCJpc3MiOiJodHRwczovL2NvZ25pdG8taWRlbnRpdHkuYW1hem9uYXdzLmNvbSIsImh0dHBzOi8vY29nbml0by1pZGVudGl0eS5hbWF6b25hd3MuY29tL2lkZW50aXR5LXBvb2wtYXJuIjoiYXJuOmF3czpjb2duaXRvLWlkZW50aXR5OnVzLXdlc3QtMjoxNDMwODk2MTA0ODI6aWRlbnRpdHlwb29sL3VzLXdlc3QtMjo1NmM0MjQzOS1iZTJjLTQ1MjMtOGJlMC0xMGI1ODg1ZWE3MzMiLCJleHAiOjE3MDMyMjQ4NDAsImlhdCI6MTcwMzEzODQ0MH0.Dnn64cG4fBKYlx94D4VPx_DCqnZg8Aez0jr2m2VRLiAF3vlmBVgBC-TGPyJ6WORnIqnC05MifBFQxdlHAl5jhKgxmqfe097PuzI7je8CB5bB6sMqghCPdSODkDJ6DQLfYzojaN1gBzhd_haeYpoRJZzRjlm48ShEYjJsvQA2ZaNcHE8LobR43XG310Zc33tTpGuZTdACuFdDDbJ_VZlEdTVANYqvQPuFovNTDwf6odOMfYca4Ky5Xdiu0o8yE4I61SAPiSyDwYMzHOj9i-uQazhYePZso-fthDa9KMhtoBMqOLXSvM6MOMzl2dMV-5karlwIX6z15fqcT1ejMpBhRw",
        "idToken": "eyJraWQiOiJJZGVudGl0eVRva2VuU2lnbktleSIsImFsZyI6IlJTNTEyIn0%3D.eyJpc3MiOiJhd3MtbGFtYmRhIiwiZXhwIjoxNzE4NjkwNDQxLCJzdWIiOiJpZC10b2tlbiIsImF1ZCI6InJpbmciLCJqdGkiOiI2NmNlNGJlZS00NTY0LTRmYWYtYmE1MC1kMWUxNTMzMzYxZjIiLCJ1c2VySWQiOiI2NTNmMTA4YTM5NmRlMjAwMGFjZDQzZDQiLCJlbWFpbCI6InRocml2ZS1pb3MrNEBwbHVtZS5jb20iLCJnZW5kZXIiOiIiLCJiaXJ0aGRhdGUiOiIifQ%3D%3D.c2yq5udhcRPlWSJ3bkPKqL6WxSwo3k%2FccufTVrHFPyOO4o7eNnxnPmFmBp406Sq7klmrj36Y1gkV1Wth7z6sffE58WLA0v%2FSqiXf3YASkS8eisq%2Fk0%2FF7VXLFiburZVmfpPnqvjsdCNntY8wW29TJOxOVGoxGWkdcceu4z8%2FEpZHPM%2F295AVvaVdZ0yKKhPXAx4FCcsas7xVP6P%2F61bg9GiC5hAGKILFtrRQHRHcDUQEusHSOndC1ytUH5wfSBMgOrIckb1zmXmoAJghoYJnrlCFqEnBNiqk99TIgwglwRLh215zlmSpP9lwqU3pfv4CzStXE9DTJ0T2%2F5xVX7ZVcX%2F4caJ1%2FE8A%2F6Kw%2BYQbG7qNs0nACdaIXqmAzFr8jI4N6DGfyor1thht6ZNfYNRTs0XzquMEedR95S4kfLJHOtQPHvPPkCnLByGT12IKgiB8edh7aVB9XlVBmGjzWQZi0lGZgvVdT1Eakq%2BTiYCF2h8fxlRBGES%2Bc%2FUMbtnZDI%2FSMkTym8jdOKOByqvH754JHuc7JTgDciDVxEgvc4d54JYi367lNwIejOTWYM2uZW92SPKXqOmxbQo7ocuFIJ0jtQ5rx4zZ9i1iv8w%2FlQ2kNxFBWJtzGLv%2FW6JhOfLC2Ej5p7vWpnxkl74c7KeTECQ93AchUxNab30B7OxugEkA%2F0U%3D",
        "refreshToken": "eyJraWQiOiJSZWZyZXNoVG9rZW5TaWduS2V5IiwiY3R5IjoiSldUIiwiZW5jIjoiQTI1NkdDTSIsImFsZyI6IlJTNTEyIn0%3D.AQICAHgg7rlLlhJZMilo20zyx9NECjg%2F8q0XYyoRMcHYs4Nh4AH5RLUcwxq3GYuL5ep%2BJ265AAABUTCCAU0GCSqGSIb3DQEHBqCCAT4wggE6AgEAMIIBMwYJKoZIhvcNAQcBMB4GCWCGSAFlAwQBLjARBAwJZ3uum4DoaMAfnE0CARCAggEE5spyEpKQ%2BCZSr%2BbPYzyVYylOt1hA2SejYnBFiZixcZ%2B%2FelJq0D8pQK86q9JqcQwL%2Fo0djKXucpRSy%2BGJs%2FUj%2B%2F%2Bwm6AhbyD4HnKU3Kwk4W%2FI%2BHF9uWrBEiq5DD%2FiEkTEB2R9%2F2SOjeFVM%2FSplIBl%2BEoUSVNOQFLlLZBxMMoFrlvLSugdpr85pfi1tdG9e2cFZ75XbDRXbOVCRbq9C36usYXXgNswCJmmCmPMiY3W%2BPbqr375GwQZAs9p2%2FvSiJ8pw%2Br7PRcGutZKoTCQisKTqRT09xieJQIh2KZRMdtyuHwuUkmeRl3%2Bv9yYwN0ogwLCqhJfNNNyuFuwvvj4Qoe7Cnvxr8Y%3D.Hy9sKd6%2FUBsoewgCHf9YzuFvQ%2FDdyhRaVu8a1Kh03xSgtlT%2B7ULcyeD8330qD02w%2BNKL%2F%2B8C1IjtboGQR8ZEL0ReN9NY4r2uTbbCU3zhvlDKrnrsC%2FbPQfGwU4ndjjgugKx2brdx5y7vBQQuIe8ZcdSaAQcgUg2ArTtAEiQwEyhKLCzge%2BAHw8WYuxl8JjlFsYOlfbzYLxnDA1CmM4LO4xUPLd8QvvfEVpnVfePJZorhscyipQSTUXbaCx3PW7RmIzbQnSqHz3BOXkMkE0KHqLUA32EfzSomqRHRij74g6BLcbtE6vQz6PWkMxQ5BCCAzc3ePA1jkxOFjp85Pk16%2FAXGsJWAwi4wQZlXVunTN%2BMWmaXv2GN3f9WPRCm2XKuS9K7pQp4Lxknf%2BKnhNWP7cxbkctPHVYjGkxfWZtavljM8m3aRLbd2od3UpewLplrtx6vZtIqIUgUI4prtBWDfHquTN3o0WA7rbPWG6PbmQXjl5RqZizW9ndVfimdILHpcLrOfxu4Jx5vzZ7ict7ry7cppc04rQ6aRBo%2FjLgfquw04o4IOu7Q8OI45knBSCvb4o3RnDbVYk787mLCB74lpAzdIydmqDjZPHD4jdBiBxksgB0T32EOVJG56ICHfzEnJI4mLRNMOXhIh2TR9Hqb5oWrl0qEcHodZw5W%2BpHUP4UA%3D",
        "identityId": "us-west-2:4ba917f1-b740-4c42-951a-9c22e1b1f9b9"
    }
}

2023-12-21 14:00:47: -----------Request----------->
POST https://thrive-dog1-usw2-api.data.plume.tech/pwb/GetDailySleepInsightList

User-Agent: python-requests/2.31.0
Accept-Encoding: gzip, deflate
accept: application/json
Connection: keep-alive
Authorization: Bearer eyJraWQiOiJ1cy13ZXN0LTI0IiwidHlwIjoiSldTIiwiYWxnIjoiUlM1MTIifQ.eyJzdWIiOiJ1cy13ZXN0LTI6NGJhOTE3ZjEtYjc0MC00YzQyLTk1MWEtOWMyMmUxYjFmOWI5IiwiYXVkIjoidXMtd2VzdC0yOjU2YzQyNDM5LWJlMmMtNDUyMy04YmUwLTEwYjU4ODVlYTczMyIsImFtciI6WyJhdXRoZW50aWNhdGVkIiwic3RhZ2luZy1wd2IucGx1bWUuY29tIiwic3RhZ2luZy1wd2IucGx1bWUuY29tOnVzLXdlc3QtMjo1NmM0MjQzOS1iZTJjLTQ1MjMtOGJlMC0xMGI1ODg1ZWE3MzM6WDNlTDJnakh3cWM3S3I1ZTF4TnA1bGJQOXNvV25Hb2RINVZNTTZsSEN5ek9TOWx0ZG9IZWpqQkFKdnEzT1RPVSJdLCJpc3MiOiJodHRwczovL2NvZ25pdG8taWRlbnRpdHkuYW1hem9uYXdzLmNvbSIsImh0dHBzOi8vY29nbml0by1pZGVudGl0eS5hbWF6b25hd3MuY29tL2lkZW50aXR5LXBvb2wtYXJuIjoiYXJuOmF3czpjb2duaXRvLWlkZW50aXR5OnVzLXdlc3QtMjoxNDMwODk2MTA0ODI6aWRlbnRpdHlwb29sL3VzLXdlc3QtMjo1NmM0MjQzOS1iZTJjLTQ1MjMtOGJlMC0xMGI1ODg1ZWE3MzMiLCJleHAiOjE3MDMyMjQ4NDAsImlhdCI6MTcwMzEzODQ0MH0.Dnn64cG4fBKYlx94D4VPx_DCqnZg8Aez0jr2m2VRLiAF3vlmBVgBC-TGPyJ6WORnIqnC05MifBFQxdlHAl5jhKgxmqfe097PuzI7je8CB5bB6sMqghCPdSODkDJ6DQLfYzojaN1gBzhd_haeYpoRJZzRjlm48ShEYjJsvQA2ZaNcHE8LobR43XG310Zc33tTpGuZTdACuFdDDbJ_VZlEdTVANYqvQPuFovNTDwf6odOMfYca4Ky5Xdiu0o8yE4I61SAPiSyDwYMzHOj9i-uQazhYePZso-fthDa9KMhtoBMqOLXSvM6MOMzl2dMV-5karlwIX6z15fqcT1ejMpBhRw
Content-Type: application/json
Content-Length: 134

{
    "userId": "653f108a396de2000acd43d4",
    "startTime": 1703088000,
    "endTime": 1703174399,
    "pageSize": 1,
    "startKey": "",
    "utcOffset": -8
}

2023-12-21 14:00:47: <-----------Response-----------
Status code: 200, elapsed seconds: 2.001484

Date: Thu, 21 Dec 2023 06:00:45 GMT
Content-Type: application/json
Content-Length: 580
Connection: keep-alive
x-amzn-RequestId: 63c0f469-e03c-45d9-bde0-1aac3dbff672
Access-Control-Allow-Origin: *
x-amz-apigw-id: QR4l4F6GvHcED3g=
X-Amzn-Trace-Id: Root=1-6583d48b-7bfdfc66629d7230230e4344;Sampled=0;lineage=75671f14:0

{
    "data": {
        "userId": "653f108a396de2000acd43d4",
        "startTime": 1703088000,
        "endTime": 1703174399,
        "startKey": "",
        "dailySleepInsightList": [
            {
                "deepSleepTime": 3000,
                "awakeTime": 300,
                "remTime": 2400,
                "lightSleepTime": 12902,
                "totalSleepTime": 18302,
                "wakeUpTimes": 1,
                "userId": "653f108a396de2000acd43d4",
                "sleepDate": 1703088000,
                "timeZone": "Asia/Brunei",
                "utcOffset": 8,
                "startTime": 1703103557,
                "endTime": 1703122159,
                "maxHr": 135,
                "minHr": 59,
                "maxSpo2": 100,
                "minSpo2": 90,
                "sleepSessionId": "354195286fe10268efc035dd442865fb",
                "avgHr": 70,
                "avgSpo2": 99,
                "sleepScore": 4
            }
        ]
    },
    "result": {
        "code": 201000,
        "message": "Successfully."
    }
}

