2023-12-14 10:24:40: -----------Request----------->
POST https://thrive-dog1-usw2-api.data.plume.tech/pwb/PlumeCloudLogin

User-Agent: python-requests/2.31.0
Accept-Encoding: gzip, deflate
accept: application/json
Connection: keep-alive
Content-Type: application/json
Content-Length: 73

{
    "email": "thrive-ios+4@plume.com",
    "password": "plume1234",
    "ttl": 3600
}

2023-12-14 10:24:40: <-----------Response-----------
Status code: 200, elapsed seconds: 0.888488

Date: Thu, 14 Dec 2023 02:24:38 GMT
Content-Type: application/json
Content-Length: 729
Connection: keep-alive
x-amzn-RequestId: 0a8806e8-9b3d-4225-8a42-176a4bf9efa1
Access-Control-Allow-Origin: *
x-amz-apigw-id: P6UYEHVlPHcEM7g=
X-Amzn-Trace-Id: Root=1-657a6766-752dad3f2bef9ba2595471b7;Sampled=0;lineage=7fdd2b1e:0

{
    "data": {
        "id": "dj9U8COj8Zl2ETeH1zAfgREnKlmUtbWfhZhpxSCfErGNwQnMTXwUpIArOel2yVZE",
        "ttl": 3600,
        "created": "2023-12-14T02:24:38.148Z",
        "userId": "653f108a396de2000acd43d4",
        "expireAt": "2023-12-14T03:24:38.148Z",
        "user": {
            "id": "653f108a396de2000acd43d4",
            "accountId": "3b2c42d4-7cee-4756-b4bd-491cacc1ae57",
            "anonymous": false,
            "autoProvisioned": false,
            "name": "thrive-ios+4",
            "locked": false,
            "partnerId": "mobile_qa_test",
            "acceptLanguage": "en-US",
            "preferredLanguage": "en",
            "source": "customCreate",
            "createdAt": "2023-10-30T02:10:18.214Z",
            "provisioningSsoAuditTrail": false,
            "_version": "1.0.0",
            "email": "thrive-ios+4@plume.com",
            "emailVerified": true,
            "firstKnownLoginTimestamp": "2023-10-30T02:15:53.570Z"
        }
    },
    "result": {
        "code": 201000,
        "message": "Successfully."
    }
}

2023-12-14 10:24:44: -----------Request----------->
POST https://thrive-dog1-usw2-api.data.plume.tech/pwb/AuthenticateWithPlumeToken

User-Agent: python-requests/2.31.0
Accept-Encoding: gzip, deflate
accept: application/json
Connection: keep-alive
Content-Type: application/json
Content-Length: 121

{
    "accessToken": "dj9U8COj8Zl2ETeH1zAfgREnKlmUtbWfhZhpxSCfErGNwQnMTXwUpIArOel2yVZE",
    "userId": "653f108a396de2000acd43d4"
}

2023-12-14 10:24:44: <-----------Response-----------
Status code: 200, elapsed seconds: 1.231779

Date: Thu, 14 Dec 2023 02:24:41 GMT
Content-Type: application/json
Content-Length: 3816
Connection: keep-alive
x-amzn-RequestId: c9f0f562-9adc-461f-8d1a-01e054e4184e
Access-Control-Allow-Origin: *
x-amz-apigw-id: P6UYgGmOvHcEvAA=
X-Amzn-Trace-Id: Root=1-657a6769-4cd9315238172d027daec7ae;Sampled=0;lineage=144e69e0:0

{
    "data": {
        "email": "thrive-ios+4@plume.com",
        "userGroup": "admin",
        "userName": "thrive-ios+4",
        "userId": "653f108a396de2000acd43d4",
        "accessToken": "eyJraWQiOiJ1cy13ZXN0LTI0IiwidHlwIjoiSldTIiwiYWxnIjoiUlM1MTIifQ.eyJzdWIiOiJ1cy13ZXN0LTI6M2U3NTRmNmMtZjUyYy00ZmE0LWJhN2EtMWNjMGVlNDJkOTYxIiwiYXVkIjoidXMtd2VzdC0yOjU2YzQyNDM5LWJlMmMtNDUyMy04YmUwLTEwYjU4ODVlYTczMyIsImFtciI6WyJhdXRoZW50aWNhdGVkIiwic3RhZ2luZy1wd2IucGx1bWUuY29tIiwic3RhZ2luZy1wd2IucGx1bWUuY29tOnVzLXdlc3QtMjo1NmM0MjQzOS1iZTJjLTQ1MjMtOGJlMC0xMGI1ODg1ZWE3MzM6ZGo5VThDT2o4WmwyRVRlSDF6QWZnUkVuS2xtVXRiV2ZoWmhweFNDZkVyR053UW5NVFh3VXBJQXJPZWwyeVZaRSJdLCJpc3MiOiJodHRwczovL2NvZ25pdG8taWRlbnRpdHkuYW1hem9uYXdzLmNvbSIsImh0dHBzOi8vY29nbml0by1pZGVudGl0eS5hbWF6b25hd3MuY29tL2lkZW50aXR5LXBvb2wtYXJuIjoiYXJuOmF3czpjb2duaXRvLWlkZW50aXR5OnVzLXdlc3QtMjoxNDMwODk2MTA0ODI6aWRlbnRpdHlwb29sL3VzLXdlc3QtMjo1NmM0MjQzOS1iZTJjLTQ1MjMtOGJlMC0xMGI1ODg1ZWE3MzMiLCJleHAiOjE3MDI2MDcwODEsImlhdCI6MTcwMjUyMDY4MX0.M2F47s4kNAHb3jdcbMsptrqv1Aot3VeUsk-bSRSPoY4jc_hXFOevAKqJkwe4ru_4miQ-ls6P442T41hWdWpPNEit-gzbIPM1pHck7Hdn_383B0sOuxRzGrGTNKMAuJ4r5iPk7tz7fyxxnuYQIewks455eGE09QXfPjGj1qAtw59gp-disd8NElJ9uyI14XeUCsh-tzjEfR-jDv4eYdUAoOgkHpQ-dv66dBkZ3YB0Oz65uYd0mj0Q-F0P26D01N8ZD3NeUp5q0WnAaBzWI0EtUFvSWWa6G-zJhyAGZXfGMCGFkMi5JnAb1EiCJIQPPof1tUhVk4KzGUhgt_sS_DYg8Q",
        "idToken": "eyJraWQiOiJJZGVudGl0eVRva2VuU2lnbktleSIsImFsZyI6IlJTNTEyIn0%3D.eyJpc3MiOiJhd3MtbGFtYmRhIiwiZXhwIjoxNzE4MDcyNjgxLCJzdWIiOiJpZC10b2tlbiIsImF1ZCI6InJpbmciLCJqdGkiOiJkMDJmMTBjZC05ZGY4LTQ3OGUtYTExMi02OGU3NjI2YTBkYTQiLCJ1c2VySWQiOiI2NTNmMTA4YTM5NmRlMjAwMGFjZDQzZDQiLCJlbWFpbCI6InRocml2ZS1pb3MrNEBwbHVtZS5jb20iLCJnZW5kZXIiOiIiLCJiaXJ0aGRhdGUiOiIifQ%3D%3D.F%2FU%2Bw8%2BCVYycxqpsfXAKBDBaTql8XGkCj5mXH2jG3VZreyJnIIIPoXcxvNTrq4T6A0wiEDtbg%2B1cppXIzQOSKX%2FkAlilY6hBgCbyDkcpO%2F%2FQMkgUR538y36RIeFCeyBqJpuVfbGFYHzzbNrjaiXL99fri2KUQEsVogg4tLauPa9RTK9YfSF4Onb5U3Y8uhSfKK39JwuDEFAlEJW0x4ESYkGZ38URhVGWUxBvClQP2AuMlXzC00vZtSoUORkTJ%2BvHBKYxy57fkji2EsJjoR%2Bj%2Fws6Nz%2BzvrpRgXD2MgJ0GohqXhxiwUy1chGRx52W4LBQ02leV%2FWoOEogwOHkjmCubCz26xFEH0xdFr1qrIni5C%2Bx0WQThw%2BCtwQRn9WAtPQvWRwo0gz6Bnphr8qXfpLhM1CGMCBeKHHszD3VHdSNztoaqDwAIfXa4%2Fkq0uRx4VqHczqfvFD53vP2i2Hx9Ym9aLoPHnKWkx8PvdzwIa7VzbNJTUPZHzz8%2FN89H4YHua0KIZPItuRcTE5gr2vrdQjePa1VbMSeOQUR75oQf%2FsIBPfEdsIHm5vNbeT8dRA6COfVArTl4OP4kM%2B3eRvOCl1BZS7fIyWHlP6o1FreL6ahNhqKgkEi2rLGiKTak2FRUQT9uHW3ICeDFBdz8uYq7MSVef7IGzZQNkfvsXTV5G8Jj5U%3D",
        "refreshToken": "eyJraWQiOiJSZWZyZXNoVG9rZW5TaWduS2V5IiwiY3R5IjoiSldUIiwiZW5jIjoiQTI1NkdDTSIsImFsZyI6IlJTNTEyIn0%3D.AQICAHgg7rlLlhJZMilo20zyx9NECjg%2F8q0XYyoRMcHYs4Nh4AEtGpz0fiM5L8tuMtsWn4CKAAABUTCCAU0GCSqGSIb3DQEHBqCCAT4wggE6AgEAMIIBMwYJKoZIhvcNAQcBMB4GCWCGSAFlAwQBLjARBAzsEjvuX8iSyK3ItbcCARCAggEELIg5uz1IAFnzhn7wxr%2FkuyosIyX8bbVQrkttcO7TXmPpl47UNFa3n9TkTH%2FwLXcGYcpypJ4XNKJVJZ%2Fh0A2%2BOKYB4K6UD29N0HTCnwbj4Gd0aolNOmBcBmNGeEisVYloB0L8mbCATCxZpW0g6yRfpcUc9DVo7tDMQRj0iJsRTVcqms1YUAlbxiqZS9fPl12VF6IzqX8wNeaAj6jW9W%2FpOr8DCHZSUdt4tA7G6HZr5vRSS29%2FPHX66wG%2FfrBBzkUCtQO%2FEi2QqZom35rDq%2FqTcon%2FQTvdbqkdgVLYG1VEq1rAW7p4LFBx39be0Bv%2FYTIYXVcL97blG6NJlz4Jt5Z6Q2%2FBy1s%3D.IFEzl19o%2BQX%2BaQfxlrGN05Y08jnkVl0Wu63O3RtujCVGM1U2uPGVjNOj2bb2Bg9HPNust9%2FXGBm2XMy4shcoJv63Yudhm82p%2FKfc6NLCHJ9s1e9vPSgEpo2ZYXNM3Ev7JSHQywYeXgF5aaOZQ8jngxmxMEwFW47I426b%2BSAV9IndIQg0Ij4nplksiwx62f55Ib5HQpMIL%2BMhkw29Rl7Pkb7qiDNcojZe5cUNqnLEz1vAk1zyRCViWkMZ6PO7YTkHVI2grmX4IzVF5HgnRGpUVr7kuvTWbEJtVnwA7Yaw37SZvvSFHU91ETLKzm%2BPzrY0UUJtr0jrcgEfP898vf0v615JKAMs%2FwvZFYqiom4FDUe8yAb96QLuS8rurm6CUGz%2BuqK7t2kk%2F9skSeJhD0NWBxOPjUSf1bm%2BXTwK4H2AW4SfOPu3cIhsiAp7pTQ5rwE3YYKkKfA7w%2BeUHgYgITFQGQRK3Ik9%2Bfll23oLpqJih%2Fkhv5bhmk%2FGhE9OTqxdlRzyK8Gd71mi7Aj2JnFQj2WEAvlpzdOVzfqKMdZLmUL5OJjYcYj5VnZC4PS8LOOYAWYFRpjXKWSgLNGrBuvMTbkyFxSkdWuFx9zTcoS%2Byh6muWMCZipHEinRez%2F0twh9A0YUXdPO97%2BnW3GKd8uJFOGaFXBvEVvQTPN6Lywgaq5lZEM%3D",
        "identityId": "us-west-2:3e754f6c-f52c-4fa4-ba7a-1cc0ee42d961"
    }
}

2023-12-14 10:24:50: -----------Request----------->
POST https://thrive-dog1-usw2-api.data.plume.tech/pwb/GetFallEventSummary

User-Agent: python-requests/2.31.0
Accept-Encoding: gzip, deflate
accept: application/json
Connection: keep-alive
Authorization: Bearer eyJraWQiOiJ1cy13ZXN0LTI0IiwidHlwIjoiSldTIiwiYWxnIjoiUlM1MTIifQ.eyJzdWIiOiJ1cy13ZXN0LTI6M2U3NTRmNmMtZjUyYy00ZmE0LWJhN2EtMWNjMGVlNDJkOTYxIiwiYXVkIjoidXMtd2VzdC0yOjU2YzQyNDM5LWJlMmMtNDUyMy04YmUwLTEwYjU4ODVlYTczMyIsImFtciI6WyJhdXRoZW50aWNhdGVkIiwic3RhZ2luZy1wd2IucGx1bWUuY29tIiwic3RhZ2luZy1wd2IucGx1bWUuY29tOnVzLXdlc3QtMjo1NmM0MjQzOS1iZTJjLTQ1MjMtOGJlMC0xMGI1ODg1ZWE3MzM6ZGo5VThDT2o4WmwyRVRlSDF6QWZnUkVuS2xtVXRiV2ZoWmhweFNDZkVyR053UW5NVFh3VXBJQXJPZWwyeVZaRSJdLCJpc3MiOiJodHRwczovL2NvZ25pdG8taWRlbnRpdHkuYW1hem9uYXdzLmNvbSIsImh0dHBzOi8vY29nbml0by1pZGVudGl0eS5hbWF6b25hd3MuY29tL2lkZW50aXR5LXBvb2wtYXJuIjoiYXJuOmF3czpjb2duaXRvLWlkZW50aXR5OnVzLXdlc3QtMjoxNDMwODk2MTA0ODI6aWRlbnRpdHlwb29sL3VzLXdlc3QtMjo1NmM0MjQzOS1iZTJjLTQ1MjMtOGJlMC0xMGI1ODg1ZWE3MzMiLCJleHAiOjE3MDI2MDcwODEsImlhdCI6MTcwMjUyMDY4MX0.M2F47s4kNAHb3jdcbMsptrqv1Aot3VeUsk-bSRSPoY4jc_hXFOevAKqJkwe4ru_4miQ-ls6P442T41hWdWpPNEit-gzbIPM1pHck7Hdn_383B0sOuxRzGrGTNKMAuJ4r5iPk7tz7fyxxnuYQIewks455eGE09QXfPjGj1qAtw59gp-disd8NElJ9uyI14XeUCsh-tzjEfR-jDv4eYdUAoOgkHpQ-dv66dBkZ3YB0Oz65uYd0mj0Q-F0P26D01N8ZD3NeUp5q0WnAaBzWI0EtUFvSWWa6G-zJhyAGZXfGMCGFkMi5JnAb1EiCJIQPPof1tUhVk4KzGUhgt_sS_DYg8Q
Content-Type: application/json
Content-Length: 125

{
    "userId": "653f108a396de2000acd43d4",
    "startTime": 1702483200,
    "endTime": 1702569599,
    "interval": "day",
    "utcTimeOffset": 8
}

2023-12-14 10:24:50: <-----------Response-----------
Status code: 200, elapsed seconds: 4.122919

Date: Thu, 14 Dec 2023 02:24:48 GMT
Content-Type: application/json
Content-Length: 215
Connection: keep-alive
x-amzn-RequestId: 350b4926-d0d5-4477-8023-17a32a33c237
Access-Control-Allow-Origin: *
x-amz-apigw-id: P6UZBGunvHcEVQw=
X-Amzn-Trace-Id: Root=1-657a676c-4890a8536f16648328cf0d16;Sampled=0;lineage=f38effcc:0

{
    "data": {
        "userId": "653f108a396de2000acd43d4",
        "startTime": 1702483200,
        "endTime": 1702569599,
        "utcTimeOffset": 8,
        "fallCountList": [
            {
                "fallCount": 1,
                "fallDate": 1702483200
            }
        ]
    },
    "result": {
        "code": 201000,
        "message": "Successfully."
    }
}

