2023-12-13 10:02:30: -----------Request----------->
POST https://thrive-dog1-usw2-api.data.plume.tech/pwb/PlumeCloudLogin

User-Agent: python-requests/2.31.0
Accept-Encoding: gzip, deflate
accept: application/json
Connection: keep-alive
Content-Type: application/json
Content-Length: 73

{
    "email": "thrive-ios+4@plume.com",
    "password": "plume1234",
    "ttl": 3600
}

2023-12-13 10:02:30: <-----------Response-----------
Status code: 200, elapsed seconds: 1.298916

Date: Wed, 13 Dec 2023 02:02:28 GMT
Content-Type: application/json
Content-Length: 729
Connection: keep-alive
x-amzn-RequestId: 2dae794a-8e04-4b70-aaf7-3eb380e36f88
Access-Control-Allow-Origin: *
x-amz-apigw-id: P2-MJFp-PHcEsSw=
X-Amzn-Trace-Id: Root=1-657910b3-4a7bffd5717c73dd6b0fb6fc;Sampled=0;lineage=7fdd2b1e:0

{
    "data": {
        "id": "VDfm0eGkHlOOlMVCKJx1excefgU6jF1fMxXcU9RZcACxowuF0mU6OpNbevQ2xUPN",
        "ttl": 3600,
        "created": "2023-12-13T02:02:28.010Z",
        "userId": "653f108a396de2000acd43d4",
        "expireAt": "2023-12-13T03:02:28.010Z",
        "user": {
            "id": "653f108a396de2000acd43d4",
            "accountId": "3b2c42d4-7cee-4756-b4bd-491cacc1ae57",
            "anonymous": false,
            "autoProvisioned": false,
            "name": "thrive-ios+4",
            "locked": false,
            "partnerId": "mobile_qa_test",
            "acceptLanguage": "en-US",
            "preferredLanguage": "en",
            "source": "customCreate",
            "createdAt": "2023-10-30T02:10:18.214Z",
            "provisioningSsoAuditTrail": false,
            "_version": "1.0.0",
            "email": "thrive-ios+4@plume.com",
            "emailVerified": true,
            "firstKnownLoginTimestamp": "2023-10-30T02:15:53.570Z"
        }
    },
    "result": {
        "code": 201000,
        "message": "Successfully."
    }
}

2023-12-13 10:02:33: -----------Request----------->
POST https://thrive-dog1-usw2-api.data.plume.tech/pwb/AuthenticateWithPlumeToken

User-Agent: python-requests/2.31.0
Accept-Encoding: gzip, deflate
accept: application/json
Connection: keep-alive
Content-Type: application/json
Content-Length: 121

{
    "accessToken": "VDfm0eGkHlOOlMVCKJx1excefgU6jF1fMxXcU9RZcACxowuF0mU6OpNbevQ2xUPN",
    "userId": "653f108a396de2000acd43d4"
}

2023-12-13 10:02:33: <-----------Response-----------
Status code: 200, elapsed seconds: 1.522277

Date: Wed, 13 Dec 2023 02:02:31 GMT
Content-Type: application/json
Content-Length: 3822
Connection: keep-alive
x-amzn-RequestId: 60788a9a-d18d-429c-a08f-25ccf3ab89b0
Access-Control-Allow-Origin: *
x-amz-apigw-id: P2-MpEC7vHcEiGQ=
X-Amzn-Trace-Id: Root=1-657910b7-347738552094c5cf3e1e5e60;Sampled=0;lineage=144e69e0:0

{
    "data": {
        "email": "thrive-ios+4@plume.com",
        "userGroup": "admin",
        "userName": "thrive-ios+4",
        "userId": "653f108a396de2000acd43d4",
        "accessToken": "eyJraWQiOiJ1cy13ZXN0LTI0IiwidHlwIjoiSldTIiwiYWxnIjoiUlM1MTIifQ.eyJzdWIiOiJ1cy13ZXN0LTI6ZjlkY2UwZDctMjBjNi00NzE0LWFjNzktZTkzZWE1ZmViNmJmIiwiYXVkIjoidXMtd2VzdC0yOjU2YzQyNDM5LWJlMmMtNDUyMy04YmUwLTEwYjU4ODVlYTczMyIsImFtciI6WyJhdXRoZW50aWNhdGVkIiwic3RhZ2luZy1wd2IucGx1bWUuY29tIiwic3RhZ2luZy1wd2IucGx1bWUuY29tOnVzLXdlc3QtMjo1NmM0MjQzOS1iZTJjLTQ1MjMtOGJlMC0xMGI1ODg1ZWE3MzM6VkRmbTBlR2tIbE9PbE1WQ0tKeDFleGNlZmdVNmpGMWZNeFhjVTlSWmNBQ3hvd3VGMG1VNk9wTmJldlEyeFVQTiJdLCJpc3MiOiJodHRwczovL2NvZ25pdG8taWRlbnRpdHkuYW1hem9uYXdzLmNvbSIsImh0dHBzOi8vY29nbml0by1pZGVudGl0eS5hbWF6b25hd3MuY29tL2lkZW50aXR5LXBvb2wtYXJuIjoiYXJuOmF3czpjb2duaXRvLWlkZW50aXR5OnVzLXdlc3QtMjoxNDMwODk2MTA0ODI6aWRlbnRpdHlwb29sL3VzLXdlc3QtMjo1NmM0MjQzOS1iZTJjLTQ1MjMtOGJlMC0xMGI1ODg1ZWE3MzMiLCJleHAiOjE3MDI1MTkzNTEsImlhdCI6MTcwMjQzMjk1MX0.IyzT1xXCjzfiEVwjAikn2ecnQX3WVZvtdRigWVprgTMQ-ZiwUwYJzJ6tbfqO6bk0PnW_LzL6nLeYO_syXQBD9lsgHrjufU-GBqJcXdeL1VKmuX3qrPa1aGg4iQdkmJy24CeBpgySlI26u2f53fqE3VFbPkGpco8-2P3niaj3t60hYvEmQ9uap2O7uepspDsmHBbktO-eslVRknTqt0bsjlAtKYePFi553Slc3herZ0wTemqbn7jnGVryVLKQGyelBzYBVcUKqeoVNTo6nwnciJ6XhfOxv6F3G7GSpy4PjhrsxQymE0Qn_LhwKo807nVoRMonIqjRakilMBpyNPJXXQ",
        "idToken": "eyJraWQiOiJJZGVudGl0eVRva2VuU2lnbktleSIsImFsZyI6IlJTNTEyIn0%3D.eyJpc3MiOiJhd3MtbGFtYmRhIiwiZXhwIjoxNzE3OTg0OTUxLCJzdWIiOiJpZC10b2tlbiIsImF1ZCI6InJpbmciLCJqdGkiOiJmMTQyNWZiNC0zMTNjLTQ5ZWEtYWQ5ZC1jOTAwOThkMTU2YWYiLCJ1c2VySWQiOiI2NTNmMTA4YTM5NmRlMjAwMGFjZDQzZDQiLCJlbWFpbCI6InRocml2ZS1pb3MrNEBwbHVtZS5jb20iLCJnZW5kZXIiOiIiLCJiaXJ0aGRhdGUiOiIifQ%3D%3D.iU4%2BO8%2FEqvf6eOYm%2B1oMIO%2FDicc%2FnCt4a3jp9KtXqK9KwanmK%2Fqae85oVp3LcJYInT%2F5aJbxajOW3fEmFoYXRlycmPbL15jjiOver0fDN83X1Hq1JzNFUWxoW%2FLImn2Zvpfdg15b0JRXXr057zUm4kuPHCmamqaoAWyICLfm8WvFA7O7RqiL9iGECiUaEGTEf8vk6bHPoPSNCLE5oZ7aDJaSEHdwY3J1zq6fw8bBrAIH4bf9j9AadVao19GwDJlXwxeYTvZRcTwk0xEtewlDei2Co%2FH45Kx%2BL9pSoNqZn2RhPXJxuvSoJcFixFaour1qdQlcKjA%2BgxtdWKmqaitwGn30rGmV1etXzWo6ntiIVLDWp%2FhnPxTHDxEZjg%2BVAdZV%2Fy9Xpur3gVHStIT2CDMKUijHyEdy4NYr5dcregdI%2Biq%2BmIRCOyyys9Vwzygxh6pj2p69wAQq9tKnbt3Wz4Twwxw8gAOzinIWu9ybYbIwPToA1CWoE8OTKqHO0%2BfaHgFiZ5n%2BDdDSEiLq4sYoB0wpvRRnyAZeILt8V8Z%2FO9UH0SbpdNeF3WDcNoQcE0fcnOliKfBGD7dMKsvbRNZjb4EX9RnMNbVqSUyr4KV2nIbw%2FA8onJenSgR1P56UNb2y7n37jd6A9IIpt692gJdw7Ot59OXTnaRR%2FP8gokeRLgfv%2BLc%3D",
        "refreshToken": "eyJraWQiOiJSZWZyZXNoVG9rZW5TaWduS2V5IiwiY3R5IjoiSldUIiwiZW5jIjoiQTI1NkdDTSIsImFsZyI6IlJTNTEyIn0%3D.AQICAHgg7rlLlhJZMilo20zyx9NECjg%2F8q0XYyoRMcHYs4Nh4AFCyJkukEVusxgQ3vCQHHnrAAABUTCCAU0GCSqGSIb3DQEHBqCCAT4wggE6AgEAMIIBMwYJKoZIhvcNAQcBMB4GCWCGSAFlAwQBLjARBAzMyeNt%2FZbxN2N2i0ACARCAggEEAjoV%2FyqXBvm%2FVgGzY2SOSRHlH0XI0HUTvkCXn5IAfM3Y2hlZBi6qZBQk4HMf5ZfwO3OTfY4JoTEFDIYXIAMdo6VX1pAmtlSPLmv01VJyZKMok2b%2BuiTbt5P7xoHQ7oyirAEaL04CMCTzVcdUm2HvRgKZyrgfx7B%2FH0URXYtZ%2F3KF8Xz%2F7pRcmjOCpwILssAQtE4mSk3lTPBpSvfl40jW15QtCZrghkdjAuPTi16LkyRI2OBVMaJC3W%2BUsa9q4yVcKuiy5K2bRJDB%2BYNPRQqH8fyf0yYHJDfd1H24VCSjLpxuaniygjK%2FfhLvS5AI3PebqUVpVv%2FkkoMIUXYZCmZtsQr9I7Q%3D.SNA509KCJPiS78J4n1hGp96QhQdwaJFZB0eAW4nYl5aok3xpfm%2BWH7UeKykoYhC8DjbJI1%2BkBrcsESHW54%2BLJzMWt3tgOsq0f1flN3Bv2lxwAIyttV1a0v%2BjX5gMm7JyPL6gM42AiS36VQHPQVvQEOYx3n2onk6IR8AeFEPSFlzEck5h2ireGOpUz4HAgB3rTocXVsvjVxRRZBWlWeH7Rg2%2FOtBBP0%2FUAXce03pGpZZWHsHq9ua9TrxnF7ABvzTjCWOaj8Ybck8U5GEmTnVZpoDLLy5c4k20vgbDss0hRsbzCdlKbSDDY6KgCCAt%2Bl3OXCHn7PZ7Peho8xdh5i1fF8Ahzas7MPE3l%2BSZv3DGRKLuexoL4KtYq4Gf3dti%2BQ25AtfW3vLQZ0EhW2WNnHc61CizSeunAlfuh5iEcuq5pwb0KwJUV%2Bwy%2BcLD5IqjMHrc%2Fkt2NdoPmGMpbD0x%2FefYViu1sBodJEORflYI3404nRxRSah86yfVJmh2866%2FdKyDbN0zBz0ZbO%2Fcb7eka0YAoWZvWVx6WVGS0ni60jE5knMONm8K%2Fjq22T83kTzybOIXjrWVIKBk7o8K4M8hUJvC19uk7RYZfpDDQYZcs9gvJib3O4Ke00y2VcbltoPup4eAgXjs7%2Fz81xMoHPxnkPr6zyKcST3e%2FXAxkPUyu3o6WmI%3D",
        "identityId": "us-west-2:f9dce0d7-20c6-4714-ac79-e93ea5feb6bf"
    }
}

2023-12-13 10:02:37: -----------Request----------->
POST https://thrive-dog1-usw2-api.data.plume.tech/pwb/GetFallEventSummary

User-Agent: python-requests/2.31.0
Accept-Encoding: gzip, deflate
accept: application/json
Connection: keep-alive
Authorization: Bearer eyJraWQiOiJ1cy13ZXN0LTI0IiwidHlwIjoiSldTIiwiYWxnIjoiUlM1MTIifQ.eyJzdWIiOiJ1cy13ZXN0LTI6ZjlkY2UwZDctMjBjNi00NzE0LWFjNzktZTkzZWE1ZmViNmJmIiwiYXVkIjoidXMtd2VzdC0yOjU2YzQyNDM5LWJlMmMtNDUyMy04YmUwLTEwYjU4ODVlYTczMyIsImFtciI6WyJhdXRoZW50aWNhdGVkIiwic3RhZ2luZy1wd2IucGx1bWUuY29tIiwic3RhZ2luZy1wd2IucGx1bWUuY29tOnVzLXdlc3QtMjo1NmM0MjQzOS1iZTJjLTQ1MjMtOGJlMC0xMGI1ODg1ZWE3MzM6VkRmbTBlR2tIbE9PbE1WQ0tKeDFleGNlZmdVNmpGMWZNeFhjVTlSWmNBQ3hvd3VGMG1VNk9wTmJldlEyeFVQTiJdLCJpc3MiOiJodHRwczovL2NvZ25pdG8taWRlbnRpdHkuYW1hem9uYXdzLmNvbSIsImh0dHBzOi8vY29nbml0by1pZGVudGl0eS5hbWF6b25hd3MuY29tL2lkZW50aXR5LXBvb2wtYXJuIjoiYXJuOmF3czpjb2duaXRvLWlkZW50aXR5OnVzLXdlc3QtMjoxNDMwODk2MTA0ODI6aWRlbnRpdHlwb29sL3VzLXdlc3QtMjo1NmM0MjQzOS1iZTJjLTQ1MjMtOGJlMC0xMGI1ODg1ZWE3MzMiLCJleHAiOjE3MDI1MTkzNTEsImlhdCI6MTcwMjQzMjk1MX0.IyzT1xXCjzfiEVwjAikn2ecnQX3WVZvtdRigWVprgTMQ-ZiwUwYJzJ6tbfqO6bk0PnW_LzL6nLeYO_syXQBD9lsgHrjufU-GBqJcXdeL1VKmuX3qrPa1aGg4iQdkmJy24CeBpgySlI26u2f53fqE3VFbPkGpco8-2P3niaj3t60hYvEmQ9uap2O7uepspDsmHBbktO-eslVRknTqt0bsjlAtKYePFi553Slc3herZ0wTemqbn7jnGVryVLKQGyelBzYBVcUKqeoVNTo6nwnciJ6XhfOxv6F3G7GSpy4PjhrsxQymE0Qn_LhwKo807nVoRMonIqjRakilMBpyNPJXXQ
Content-Type: application/json
Content-Length: 125

{
    "userId": "653f108a396de2000acd43d4",
    "startTime": 1702396800,
    "endTime": 1702483199,
    "interval": "day",
    "utcTimeOffset": 8
}

2023-12-13 10:02:37: <-----------Response-----------
Status code: 200, elapsed seconds: 2.225664

Date: Wed, 13 Dec 2023 02:02:35 GMT
Content-Type: application/json
Content-Length: 215
Connection: keep-alive
x-amzn-RequestId: e41002aa-2960-4169-b48a-ef8ac782dc2a
Access-Control-Allow-Origin: *
x-amz-apigw-id: P2-NNFIpvHcEsxA=
X-Amzn-Trace-Id: Root=1-657910ba-4b3afdac5d04d32416c02560;Sampled=0;lineage=f38effcc:0

{
    "data": {
        "userId": "653f108a396de2000acd43d4",
        "startTime": 1702396800,
        "endTime": 1702483199,
        "utcTimeOffset": 8,
        "fallCountList": [
            {
                "fallCount": 1,
                "fallDate": 1702396800
            }
        ]
    },
    "result": {
        "code": 201000,
        "message": "Successfully."
    }
}

