2023-12-19 08:54:42: -----------Request----------->
POST https://thrive-dog1-usw2-api.data.plume.tech/pwb/PlumeCloudLogin

User-Agent: python-requests/2.31.0
Accept-Encoding: gzip, deflate
accept: application/json
Connection: keep-alive
Content-Type: application/json
Content-Length: 73

{
    "email": "thrive-ios+4@plume.com",
    "password": "plume1234",
    "ttl": 3600
}

2023-12-19 08:54:42: <-----------Response-----------
Status code: 200, elapsed seconds: 3.898795

Date: Tue, 19 Dec 2023 00:54:40 GMT
Content-Type: application/json
Content-Length: 729
Connection: keep-alive
x-amzn-RequestId: bfeb7bbf-9856-4e90-814b-971cad3cb1db
Access-Control-Allow-Origin: *
x-amz-apigw-id: QKl4pGihvHcEB_A=
X-Amzn-Trace-Id: Root=1-6580e9d0-1edecb92284d256b5686ecec;Sampled=0;lineage=7fdd2b1e:0

{
    "data": {
        "id": "jm8eKHVFaO6zmnZ2ipFZgSboUb87LEB0NgdlKTCluCCxXHcspEayRh6U8Zcu2EZq",
        "ttl": 3600,
        "created": "2023-12-19T00:54:37.262Z",
        "userId": "653f108a396de2000acd43d4",
        "expireAt": "2023-12-19T01:54:37.262Z",
        "user": {
            "id": "653f108a396de2000acd43d4",
            "accountId": "3b2c42d4-7cee-4756-b4bd-491cacc1ae57",
            "anonymous": false,
            "autoProvisioned": false,
            "name": "thrive-ios+4",
            "locked": false,
            "partnerId": "mobile_qa_test",
            "acceptLanguage": "en-US",
            "preferredLanguage": "en",
            "source": "customCreate",
            "createdAt": "2023-10-30T02:10:18.214Z",
            "provisioningSsoAuditTrail": false,
            "_version": "1.0.0",
            "email": "thrive-ios+4@plume.com",
            "emailVerified": true,
            "firstKnownLoginTimestamp": "2023-10-30T02:15:53.570Z"
        }
    },
    "result": {
        "code": 201000,
        "message": "Successfully."
    }
}

2023-12-19 08:54:45: -----------Request----------->
POST https://thrive-dog1-usw2-api.data.plume.tech/pwb/AuthenticateWithPlumeToken

User-Agent: python-requests/2.31.0
Accept-Encoding: gzip, deflate
accept: application/json
Connection: keep-alive
Content-Type: application/json
Content-Length: 121

{
    "accessToken": "jm8eKHVFaO6zmnZ2ipFZgSboUb87LEB0NgdlKTCluCCxXHcspEayRh6U8Zcu2EZq",
    "userId": "653f108a396de2000acd43d4"
}

2023-12-19 08:54:45: <-----------Response-----------
Status code: 200, elapsed seconds: 1.231104

Date: Tue, 19 Dec 2023 00:54:44 GMT
Content-Type: application/json
Content-Length: 3820
Connection: keep-alive
x-amzn-RequestId: a61dee61-864c-4a4c-9ab0-20f91bffb418
Access-Control-Allow-Origin: *
x-amz-apigw-id: QKl5FGajPHcEpKg=
X-Amzn-Trace-Id: Root=1-6580e9d3-63f637b7760e17232fae4ef8;Sampled=0;lineage=144e69e0:0

{
    "data": {
        "email": "thrive-ios+4@plume.com",
        "userGroup": "admin",
        "userName": "thrive-ios+4",
        "userId": "653f108a396de2000acd43d4",
        "accessToken": "eyJraWQiOiJ1cy13ZXN0LTI0IiwidHlwIjoiSldTIiwiYWxnIjoiUlM1MTIifQ.eyJzdWIiOiJ1cy13ZXN0LTI6Mjc0MTUwMDYtODBkNi00NTY1LTlhMDYtY2E4ZWIzNzAxN2U3IiwiYXVkIjoidXMtd2VzdC0yOjU2YzQyNDM5LWJlMmMtNDUyMy04YmUwLTEwYjU4ODVlYTczMyIsImFtciI6WyJhdXRoZW50aWNhdGVkIiwic3RhZ2luZy1wd2IucGx1bWUuY29tIiwic3RhZ2luZy1wd2IucGx1bWUuY29tOnVzLXdlc3QtMjo1NmM0MjQzOS1iZTJjLTQ1MjMtOGJlMC0xMGI1ODg1ZWE3MzM6am04ZUtIVkZhTzZ6bW5aMmlwRlpnU2JvVWI4N0xFQjBOZ2RsS1RDbHVDQ3hYSGNzcEVheVJoNlU4WmN1MkVacSJdLCJpc3MiOiJodHRwczovL2NvZ25pdG8taWRlbnRpdHkuYW1hem9uYXdzLmNvbSIsImh0dHBzOi8vY29nbml0by1pZGVudGl0eS5hbWF6b25hd3MuY29tL2lkZW50aXR5LXBvb2wtYXJuIjoiYXJuOmF3czpjb2duaXRvLWlkZW50aXR5OnVzLXdlc3QtMjoxNDMwODk2MTA0ODI6aWRlbnRpdHlwb29sL3VzLXdlc3QtMjo1NmM0MjQzOS1iZTJjLTQ1MjMtOGJlMC0xMGI1ODg1ZWE3MzMiLCJleHAiOjE3MDMwMzM2ODMsImlhdCI6MTcwMjk0NzI4M30.F9N-A8xNt26J3RWDz0IvtvnDyX6QCKnWTRM_qwfd4r4qdhCh49LB3SNXG9PtHekHSsT0In-1XrYmDfBuhzomOxJYYdjKG_9C3vlvuxDkGlBRjmImE5TU4uNYfvYO5lKINqEUNOIB77mo6C4gizOlB2qpNzGGGVZiMO2QG8eGlkVI-E3KhJUY5S8BtbDSz0KzZAYys0wh0NEUZMzpeii_Tp-y6Khgxw8xs6Pf5xNcL8AQ2W_Yw2Moecy2e8b7gQ4i2kFtwfL09LIUutdYmqIbWn1YnskO81KG3C2UubwoDPKK4G5fq2Mr5O9zVAZRTH_tUJGD2euTlG3090ucAGEHPw",
        "idToken": "eyJraWQiOiJJZGVudGl0eVRva2VuU2lnbktleSIsImFsZyI6IlJTNTEyIn0%3D.eyJpc3MiOiJhd3MtbGFtYmRhIiwiZXhwIjoxNzE4NDk5Mjg0LCJzdWIiOiJpZC10b2tlbiIsImF1ZCI6InJpbmciLCJqdGkiOiJmMmJlMTZiOC01MjlkLTRjM2UtOWRjMC0yNDc1OTUxYjQ3MGEiLCJ1c2VySWQiOiI2NTNmMTA4YTM5NmRlMjAwMGFjZDQzZDQiLCJlbWFpbCI6InRocml2ZS1pb3MrNEBwbHVtZS5jb20iLCJnZW5kZXIiOiIiLCJiaXJ0aGRhdGUiOiIifQ%3D%3D.hNmmKrhrUbBWV%2FUTJGjpvEitDa%2BVQeBU5TjIVrjwP8xE3HNYfC0stO9pV6vUHTdA1FFwWWLdxY7oU4FvzAxioIO%2BuHya8VdeO0rNxwjTZ%2B4DHpdK4XLdnIcQz%2BWrFps96S8zpNJU5Hh5qeN%2FEXK2JVZshQjxlk8OxBcoFMhmWchlzMxJEnz2ePXI1pSkurCz2eiELin5a8N62rnUn%2BzljDo0Hxcq77T8er8SnZl1wFBB54PcYLYpF7F4lwJlH1vaLoqdmYEwrFN3VlJtM39XzRQQK%2F1ZBdG1iuUQmh7ODW6CW5JmhrGKCWdNrUxYKyKi0rYMB92us%2F8%2FatIgVqzFrxasUmRRSn9qLr%2FUEdhUWjZgnspaaU%2BbU3FWySzGuOIxQTmHcDwMg9I6NXfZjccdehh9BSccz5A6IFugqZ74v%2B0puLQ4gSk3JethOFIaaqrNHoTnvpnYg0pZG8Ft4sV0nVhUBRuE2FYPbPVY0knpUWuwybyF2XG%2BWuqJwu1sAg3i95D%2B0b6c1YzV%2FpZQTStCgzThAnDiaQuocdpZiYyzbcCBu9mef35ju4ByaWO1neYvyXOp9Xs1Zg4p%2Fu9yCkDCp%2F%2BUS7DmT6FW2YbRyZ952NcdIFQfj6DuEHaLX2%2FPDDnf9tmwzY2MvnW0k5%2FnKr7nvllYrgIeE23SxxQadUtwAW4%3D",
        "refreshToken": "eyJraWQiOiJSZWZyZXNoVG9rZW5TaWduS2V5IiwiY3R5IjoiSldUIiwiZW5jIjoiQTI1NkdDTSIsImFsZyI6IlJTNTEyIn0%3D.AQICAHgg7rlLlhJZMilo20zyx9NECjg%2F8q0XYyoRMcHYs4Nh4AGQ5u2kzzkDtLn6xdOlCH6FAAABUTCCAU0GCSqGSIb3DQEHBqCCAT4wggE6AgEAMIIBMwYJKoZIhvcNAQcBMB4GCWCGSAFlAwQBLjARBAziacQEIvy7eermP%2B0CARCAggEEIEnGn2o8xFjMsWvl54%2Fppn9JiMugSOOniNTBii%2BTY47tVyyp3A6OiNW6VQ6c3NlhI3GSG2Lilqg%2FDvp%2FEf3VF7bum8l7Y4DwjwIzDEJThKEOax0%2B%2BZvtgXrlOH%2BrvhBrWIoxXi4ML84LVp%2BVVWeRRpfZLv5JLF4SoVfImxSuj276YiekcJ5C3gFO6itP8%2FvYmcRPvgGKR4a145hDmYgbPvlnoTDuWf9Vpmn%2FKznOFCvVSufbASA4HF0FBqCe15ZxhTsW7TJqjA94u8qipmyEIV%2FNyeFCD5VJJSK2Wvh1H%2Fap4%2BB9ZVG5JaTnxghzdE4%2B8LQsKu8pmSCtnYGVqihxAglXiTM%3D.ao3wkfo%2FyoFnMEgneg0tD6FzBwyX89KSCcfzloKbULuWvqKtejoUQUb2HARlxgPUdZgeIRTEEJLB7KY9yfbwKEEeeQupac%2BosXc3FAOG2LxIxnaHI9m%2FBTRgC0ZTqM5roaco4nXIpwxyCopTwje5vbEXEU%2Bljt4et3k9g4dbXhJ6ij1UnSbAbj6Yj4Ni6cLiVIu3S6BD77J3wpzc%2BAC0Vgn3ctIVDI0Bbjwgh66j7wlQj7aqXUx09ZVaE1sEPU26gEiaM6MElMHZMSsgMdi%2BJLQN8DU4V%2FqDPV%2FlZklPfkUMi%2BsjayFSoP2mysS1bvdPlLNuz9c4ccc%2FrD34Il06PAHWUWZrpdnytuHER4CZ08HsvSdYG0dYVexq57UF7VuVvSyjTB3wD5kcALN2Qa1oYpUQ7rsi79fRkIx0NSl6bGMSCJ2zFsjNxlEban2qbAu6InVM1RMz23bBi7AzlDbmb09OrvWIeyzjm%2FtWfDvQ5Z8vX2TUvcdNXbQnkxsLxFVrqTWIA3hczgx05H19%2FA9RKs19o5F0Uh2YTXd8khoPSFDZyL5pBPifkwO4DmoCAbkfBBotOe3FDn2COUwlhLJtRgWo2c55jhOQam4Ac1HDlPIkQozJSJy8pbsQNJWzkd5pOOh3RItt0WQF5YVB83c%2B7P7UhUr8fn%2BJisC8PjFSNLs%3D",
        "identityId": "us-west-2:27415006-80d6-4565-9a06-ca8eb37017e7"
    }
}

2023-12-19 08:54:48: -----------Request----------->
POST https://thrive-dog1-usw2-api.data.plume.tech/pwb/GetDailyReadinessInsightList

User-Agent: python-requests/2.31.0
Accept-Encoding: gzip, deflate
accept: application/json
Connection: keep-alive
Authorization: Bearer eyJraWQiOiJ1cy13ZXN0LTI0IiwidHlwIjoiSldTIiwiYWxnIjoiUlM1MTIifQ.eyJzdWIiOiJ1cy13ZXN0LTI6Mjc0MTUwMDYtODBkNi00NTY1LTlhMDYtY2E4ZWIzNzAxN2U3IiwiYXVkIjoidXMtd2VzdC0yOjU2YzQyNDM5LWJlMmMtNDUyMy04YmUwLTEwYjU4ODVlYTczMyIsImFtciI6WyJhdXRoZW50aWNhdGVkIiwic3RhZ2luZy1wd2IucGx1bWUuY29tIiwic3RhZ2luZy1wd2IucGx1bWUuY29tOnVzLXdlc3QtMjo1NmM0MjQzOS1iZTJjLTQ1MjMtOGJlMC0xMGI1ODg1ZWE3MzM6am04ZUtIVkZhTzZ6bW5aMmlwRlpnU2JvVWI4N0xFQjBOZ2RsS1RDbHVDQ3hYSGNzcEVheVJoNlU4WmN1MkVacSJdLCJpc3MiOiJodHRwczovL2NvZ25pdG8taWRlbnRpdHkuYW1hem9uYXdzLmNvbSIsImh0dHBzOi8vY29nbml0by1pZGVudGl0eS5hbWF6b25hd3MuY29tL2lkZW50aXR5LXBvb2wtYXJuIjoiYXJuOmF3czpjb2duaXRvLWlkZW50aXR5OnVzLXdlc3QtMjoxNDMwODk2MTA0ODI6aWRlbnRpdHlwb29sL3VzLXdlc3QtMjo1NmM0MjQzOS1iZTJjLTQ1MjMtOGJlMC0xMGI1ODg1ZWE3MzMiLCJleHAiOjE3MDMwMzM2ODMsImlhdCI6MTcwMjk0NzI4M30.F9N-A8xNt26J3RWDz0IvtvnDyX6QCKnWTRM_qwfd4r4qdhCh49LB3SNXG9PtHekHSsT0In-1XrYmDfBuhzomOxJYYdjKG_9C3vlvuxDkGlBRjmImE5TU4uNYfvYO5lKINqEUNOIB77mo6C4gizOlB2qpNzGGGVZiMO2QG8eGlkVI-E3KhJUY5S8BtbDSz0KzZAYys0wh0NEUZMzpeii_Tp-y6Khgxw8xs6Pf5xNcL8AQ2W_Yw2Moecy2e8b7gQ4i2kFtwfL09LIUutdYmqIbWn1YnskO81KG3C2UubwoDPKK4G5fq2Mr5O9zVAZRTH_tUJGD2euTlG3090ucAGEHPw
Content-Type: application/json
Content-Length: 117

{
    "userId": "653f108a396de2000acd43d4",
    "startTime": 1702915200,
    "endTime": 1703001599,
    "pageSize": 7,
    "startKey": ""
}

2023-12-19 08:54:48: <-----------Response-----------
Status code: 200, elapsed seconds: 0.848643

Date: Tue, 19 Dec 2023 00:54:46 GMT
Content-Type: application/json
Content-Length: 172
Connection: keep-alive
x-amzn-RequestId: 2ed857b5-f4f1-4d82-9899-2fd3b6b53b51
Access-Control-Allow-Origin: *
x-amz-apigw-id: QKl5mHo0vHcEXEQ=
X-Amzn-Trace-Id: Root=1-6580e9d6-6b370c06267f84a376d86c6c;Sampled=0;lineage=774101e1:0

{
    "data": {
        "userId": "653f108a396de2000acd43d4",
        "startTime": 1702915200,
        "endTime": 1703001599,
        "dailyReadinessInsightList": []
    },
    "result": {
        "code": 201000,
        "message": "Successfully."
    }
}

