2023-12-27 16:23:30: -----------Request----------->
POST https://thrive-dog1-usw2-api.data.plume.tech/pwb/PlumeCloudLogin

User-Agent: python-requests/2.31.0
Accept-Encoding: gzip, deflate
accept: application/json
Connection: keep-alive
Content-Type: application/json
Content-Length: 73

{
    "email": "thrive-ios+4@plume.com",
    "password": "plume1234",
    "ttl": 3600
}

2023-12-27 16:23:30: <-----------Response-----------
Status code: 200, elapsed seconds: 1.819742

Date: Wed, 27 Dec 2023 08:23:28 GMT
Content-Type: application/json
Content-Length: 729
Connection: keep-alive
x-amzn-RequestId: f218a9f3-0f6a-4a21-91f8-90cb10855c33
Access-Control-Allow-Origin: *
x-amz-apigw-id: Ql_IBEKtvHcEtjA=
X-Amzn-Trace-Id: Root=1-658bdeff-0af0e69b7da5d9ae6f08caf9;Sampled=0;lineage=7fdd2b1e:0

{
    "data": {
        "id": "7K2tmshyyJ4CK21fmkOFMwGxeVu8jH9B92cxkR163UJ6A3Uw3FGmgLaXX0AWs1tg",
        "ttl": 3600,
        "created": "2023-12-27T08:23:18.861Z",
        "userId": "653f108a396de2000acd43d4",
        "expireAt": "2023-12-27T09:23:18.861Z",
        "user": {
            "id": "653f108a396de2000acd43d4",
            "accountId": "3b2c42d4-7cee-4756-b4bd-491cacc1ae57",
            "anonymous": false,
            "autoProvisioned": false,
            "name": "thrive-ios+4",
            "locked": false,
            "partnerId": "mobile_qa_test",
            "acceptLanguage": "en-US",
            "preferredLanguage": "en",
            "source": "customCreate",
            "createdAt": "2023-10-30T02:10:18.214Z",
            "provisioningSsoAuditTrail": false,
            "_version": "1.0.0",
            "email": "thrive-ios+4@plume.com",
            "emailVerified": true,
            "firstKnownLoginTimestamp": "2023-10-30T02:15:53.570Z"
        }
    },
    "result": {
        "code": 201000,
        "message": "Successfully."
    }
}

2023-12-27 16:23:33: -----------Request----------->
POST https://thrive-dog1-usw2-api.data.plume.tech/pwb/AuthenticateWithPlumeToken

User-Agent: python-requests/2.31.0
Accept-Encoding: gzip, deflate
accept: application/json
Connection: keep-alive
Content-Type: application/json
Content-Length: 121

{
    "accessToken": "7K2tmshyyJ4CK21fmkOFMwGxeVu8jH9B92cxkR163UJ6A3Uw3FGmgLaXX0AWs1tg",
    "userId": "653f108a396de2000acd43d4"
}

2023-12-27 16:23:33: <-----------Response-----------
Status code: 200, elapsed seconds: 1.12296

Date: Wed, 27 Dec 2023 08:23:31 GMT
Content-Type: application/json
Content-Length: 3820
Connection: keep-alive
x-amzn-RequestId: 53dce705-f720-4ef8-bbc5-a634c82353dd
Access-Control-Allow-Origin: *
x-amz-apigw-id: Ql_IeFFevHcEtzw=
X-Amzn-Trace-Id: Root=1-658bdf02-6545074c1f8e3b630fbd8a5b;Sampled=0;lineage=144e69e0:0

{
    "data": {
        "email": "thrive-ios+4@plume.com",
        "userGroup": "admin",
        "userName": "thrive-ios+4",
        "userId": "653f108a396de2000acd43d4",
        "accessToken": "eyJraWQiOiJ1cy13ZXN0LTI0IiwidHlwIjoiSldTIiwiYWxnIjoiUlM1MTIifQ.eyJzdWIiOiJ1cy13ZXN0LTI6NzlhODM5YmItZjgzOS00NjRmLWIzYjgtNTU0NzY3NWY0MTgxIiwiYXVkIjoidXMtd2VzdC0yOjU2YzQyNDM5LWJlMmMtNDUyMy04YmUwLTEwYjU4ODVlYTczMyIsImFtciI6WyJhdXRoZW50aWNhdGVkIiwic3RhZ2luZy1wd2IucGx1bWUuY29tIiwic3RhZ2luZy1wd2IucGx1bWUuY29tOnVzLXdlc3QtMjo1NmM0MjQzOS1iZTJjLTQ1MjMtOGJlMC0xMGI1ODg1ZWE3MzM6N0sydG1zaHl5SjRDSzIxZm1rT0ZNd0d4ZVZ1OGpIOUI5MmN4a1IxNjNVSjZBM1V3M0ZHbWdMYVhYMEFXczF0ZyJdLCJpc3MiOiJodHRwczovL2NvZ25pdG8taWRlbnRpdHkuYW1hem9uYXdzLmNvbSIsImh0dHBzOi8vY29nbml0by1pZGVudGl0eS5hbWF6b25hd3MuY29tL2lkZW50aXR5LXBvb2wtYXJuIjoiYXJuOmF3czpjb2duaXRvLWlkZW50aXR5OnVzLXdlc3QtMjoxNDMwODk2MTA0ODI6aWRlbnRpdHlwb29sL3VzLXdlc3QtMjo1NmM0MjQzOS1iZTJjLTQ1MjMtOGJlMC0xMGI1ODg1ZWE3MzMiLCJleHAiOjE3MDM3NTE4MTAsImlhdCI6MTcwMzY2NTQxMH0.UDa0R9Pp64NR5FPD3QZHS9_quXT2_R_kpygPrHJyS50q2J67bq0YD6qPey0hmLAjHMOyPoP-B4ozefBF1vS3jyXn9mFcjX_azumzyAuqDO2ykXslQ_qRInh1jDbpNui0vmYqv4NSyKU0IUyRPdrvsT7TsNlEJ-tKW3DSKtI11HkIZsOWrMGOW5hdjUUW85BNH0izEcseFUfCRKFhPohKVidDQ6k6Rx_N3EvYBH7vQdm1YRicw9QdYkmaXZuhx11kIYcuQlBpjkG88QkvvlQSqQveyAuegc2Xm8rcN2ici8a9N7m8NtEdiGgQ88OSgTJK4l_ptxb8j7iuZ2-ii05VOQ",
        "idToken": "eyJraWQiOiJJZGVudGl0eVRva2VuU2lnbktleSIsImFsZyI6IlJTNTEyIn0%3D.eyJpc3MiOiJhd3MtbGFtYmRhIiwiZXhwIjoxNzE5MjE3NDExLCJzdWIiOiJpZC10b2tlbiIsImF1ZCI6InJpbmciLCJqdGkiOiJlYTdmMTBmNS1kN2Y4LTRjMDQtYTJhMi1jOWJmZWUwYmYxMDQiLCJ1c2VySWQiOiI2NTNmMTA4YTM5NmRlMjAwMGFjZDQzZDQiLCJlbWFpbCI6InRocml2ZS1pb3MrNEBwbHVtZS5jb20iLCJnZW5kZXIiOiIiLCJiaXJ0aGRhdGUiOiIifQ%3D%3D.KZ1cm5oreoSfx2hjXBU0yABs4yi7Nqhm26zKoTZnlw2KeoqLdaxHhrt98M%2FPJO5WJAbTOTzj%2Fsp%2BZmMyQiYmdei4UIS1%2FDYnQF9Ce6y%2FwqZN9NDzrjG8oG6hApbnuF46XC24vyqIMD5wzS43B%2BVLYaqAv0fS3o8mhNmy%2BVJGFY4HuD1fJgq4zUp3J%2FO3xaOkkht%2FEXhHy0rUbKZA7JFxBiE8%2Fz08CTPkWriLpYlTjHWkIGMNE%2F3gBX%2Bm5vyXkJ8Jaq3OmETVXoW1Y2C6S1iJU2JznDjXw8F9izlkgloyOxSDXs5akTQQKNCWuzn3ZTWz%2F87XiGceDTX9DSXufVHLsGpfX9B0ICi2tvonPNTsauOedIavGJRKnjIvGl8bH2hWqZqNIYk7aVA0iK%2BEiJBMvrvvELZdUzyNqo1nRmmWU%2FP7h1u%2FxpMdFcG6HroxkMlzPhvSRxvsEGBfNb1SGCIcYjALqFSvxsYfz6ZT%2BaOYM1a%2Bb7y80GHGC5sS77gdzCaGKLuAXaQadHB5egMGTkTwXHOTQRwaveW16JIz1mlSXSavx9SHzWAZ5GHpXwzI24cTYL55ieUmof5HPQyNo1EKnmcrrDpCbyJf6R6KXNp28pVMt61BUwSdS6zNNV8KgLjJXd496Nd8hyksVm5wA4UABXxW2SZTzcmiwtOf9C3aGOg%3D",
        "refreshToken": "eyJraWQiOiJSZWZyZXNoVG9rZW5TaWduS2V5IiwiY3R5IjoiSldUIiwiZW5jIjoiQTI1NkdDTSIsImFsZyI6IlJTNTEyIn0%3D.AQICAHgg7rlLlhJZMilo20zyx9NECjg%2F8q0XYyoRMcHYs4Nh4AHjmFoTsJpMxTdUYSR8sNkQAAABUTCCAU0GCSqGSIb3DQEHBqCCAT4wggE6AgEAMIIBMwYJKoZIhvcNAQcBMB4GCWCGSAFlAwQBLjARBAyUkmiq5popCuG4i7wCARCAggEEVS3yeCq6fZGmqU4TswdapAJXC7dfHcjlyFgIScmON%2F3uyDi%2B79jdIROAoEEu2l3x36eqIi7MznIVKvMRLPEgwQsM3o3GXOSk4fgPawJ%2FOCEphPjX8DeXm7qmaVCzq7oJWpzlV3P79ADZqf629Cf1GV3jSucGam4iSQxv4gU581ZpgbmOBAjP4EZ%2ForsVPcXeOZUgdWgxfZqtxGkrVN122nWFsfjXBxpti6jJO9Pzyi3GJ4ZbF9AgiBPjXd7lSHOrEdwFuh7UqkBh6y46G%2F%2F7OZFmjKb3Pw31%2FHLaPVPTem8zqGh6PPfn43qjtLyC77lpsFszCKPXBZx%2FQjbA6W4vlShRjns%3D.STY56Nzcs9S5hrEynBT%2BcYMD0jN346zr0FdgUmn%2BvcIh0hktw5z8TsUMVKnUgZcnTKUiFgwTIa4QGctip6bvvtKIAglHwegM2LQLjt2kpwrnoHqbCUzCjmpx5gbrrhpA14VMBUDLWt%2BFuxJc2HWCAUgqT9HAzyQkx%2BATGoPR9dj9jQUef4%2BoUB9Bs7RinWXGoEff%2Fhq2WPMjJQA9BzOd3oY62%2B5THm%2FwjRNOfTQTinvyzzia6wPiFbK1VFo%2FdSwHh1xSod1zWzH5zcUUYKv9zYOqq0qOdi8QJPvWseLvgvZmkKBBYKY%2B1LdJu9k3m8bqWAWQaF4OmnKD36BbUmNdpGzhPjFXwUZqD%2FI1gjT2gHHQ7sUih0Ra1fFvYfj0htqvZbcVmetfmJ4MEfx%2FMhQW0vYmZ%2FQgR6m3k4qtyhKYdgv31uVFZYbPjXBILJQMaqlmnWpXhzz4ZTwDlZkDle%2BWW2oaISxh9DcdP6lojiwB9Tn9lLYAr7p%2Bd4XgRZyVMowwRF9wdD%2FCtMytMZVB%2FoCcyoyZ5h%2B0UJZjfP%2BGeM57Lk7hXecKFK%2BZ3w3YHGygxu0xoIgCrryLy8Ajw3FsGEujQFFYI%2B0bSY%2B5ibIRwXNQBl1UuDn39BA6LkW5wWa9J1oGOJsmXYIbH5leo3B5a9jjVM%2FK9Bq%2BhrvLDCnraB4OePo%3D",
        "identityId": "us-west-2:79a839bb-f839-464f-b3b8-5547675f4181"
    }
}

