2023-12-27 19:39:37: -----------Request----------->
POST https://thrive-dog1-usw2-api.data.plume.tech/pwb/PlumeCloudLogin

User-Agent: python-requests/2.31.0
Accept-Encoding: gzip, deflate
accept: application/json
Connection: keep-alive
Content-Type: application/json
Content-Length: 73

{
    "email": "thrive-ios+4@plume.com",
    "password": "plume1234",
    "ttl": 3600
}

2023-12-27 19:39:37: <-----------Response-----------
Status code: 200, elapsed seconds: 1.017865

Date: Wed, 27 Dec 2023 11:39:35 GMT
Content-Type: application/json
Content-Length: 729
Connection: keep-alive
x-amzn-RequestId: 004ddae7-dbba-4147-91e5-a873946895d3
Access-Control-Allow-Origin: *
x-amz-apigw-id: Qmb2sGGzvHcEqOg=
X-Amzn-Trace-Id: Root=1-658c0cf7-67bc2953524fd6eb12295836;Sampled=0;lineage=7fdd2b1e:0

{
    "data": {
        "id": "puEQfPOOCgmrkgCW9xkLVqQxAFnZdC7x4S4pCXLNaL9BLg0j1ZGR7rAOdFaj1lyp",
        "ttl": 3600,
        "created": "2023-12-27T11:39:26.267Z",
        "userId": "653f108a396de2000acd43d4",
        "expireAt": "2023-12-27T12:39:26.267Z",
        "user": {
            "id": "653f108a396de2000acd43d4",
            "accountId": "3b2c42d4-7cee-4756-b4bd-491cacc1ae57",
            "anonymous": false,
            "autoProvisioned": false,
            "name": "thrive-ios+4",
            "locked": false,
            "partnerId": "mobile_qa_test",
            "acceptLanguage": "en-US",
            "preferredLanguage": "en",
            "source": "customCreate",
            "createdAt": "2023-10-30T02:10:18.214Z",
            "provisioningSsoAuditTrail": false,
            "_version": "1.0.0",
            "email": "thrive-ios+4@plume.com",
            "emailVerified": true,
            "firstKnownLoginTimestamp": "2023-10-30T02:15:53.570Z"
        }
    },
    "result": {
        "code": 201000,
        "message": "Successfully."
    }
}

2023-12-27 19:39:40: -----------Request----------->
POST https://thrive-dog1-usw2-api.data.plume.tech/pwb/AuthenticateWithPlumeToken

User-Agent: python-requests/2.31.0
Accept-Encoding: gzip, deflate
accept: application/json
Connection: keep-alive
Content-Type: application/json
Content-Length: 121

{
    "accessToken": "puEQfPOOCgmrkgCW9xkLVqQxAFnZdC7x4S4pCXLNaL9BLg0j1ZGR7rAOdFaj1lyp",
    "userId": "653f108a396de2000acd43d4"
}

2023-12-27 19:39:40: <-----------Response-----------
Status code: 200, elapsed seconds: 1.329501

Date: Wed, 27 Dec 2023 11:39:38 GMT
Content-Type: application/json
Content-Length: 3790
Connection: keep-alive
x-amzn-RequestId: eb759f0a-4d50-4992-ba73-106e02275bb5
Access-Control-Allow-Origin: *
x-amz-apigw-id: Qmb3JGt3vHcETnw=
X-Amzn-Trace-Id: Root=1-658c0cfa-276c99f956144ee87fadd974;Sampled=0;lineage=144e69e0:0

{
    "data": {
        "email": "thrive-ios+4@plume.com",
        "userGroup": "admin",
        "userName": "thrive-ios+4",
        "userId": "653f108a396de2000acd43d4",
        "accessToken": "eyJraWQiOiJ1cy13ZXN0LTI0IiwidHlwIjoiSldTIiwiYWxnIjoiUlM1MTIifQ.eyJzdWIiOiJ1cy13ZXN0LTI6ZmY2NDhjMGItYjU0ZC00MmVlLWE2ODUtYjJhNDI5NGUyY2MyIiwiYXVkIjoidXMtd2VzdC0yOjU2YzQyNDM5LWJlMmMtNDUyMy04YmUwLTEwYjU4ODVlYTczMyIsImFtciI6WyJhdXRoZW50aWNhdGVkIiwic3RhZ2luZy1wd2IucGx1bWUuY29tIiwic3RhZ2luZy1wd2IucGx1bWUuY29tOnVzLXdlc3QtMjo1NmM0MjQzOS1iZTJjLTQ1MjMtOGJlMC0xMGI1ODg1ZWE3MzM6cHVFUWZQT09DZ21ya2dDVzl4a0xWcVF4QUZuWmRDN3g0UzRwQ1hMTmFMOUJMZzBqMVpHUjdyQU9kRmFqMWx5cCJdLCJpc3MiOiJodHRwczovL2NvZ25pdG8taWRlbnRpdHkuYW1hem9uYXdzLmNvbSIsImh0dHBzOi8vY29nbml0by1pZGVudGl0eS5hbWF6b25hd3MuY29tL2lkZW50aXR5LXBvb2wtYXJuIjoiYXJuOmF3czpjb2duaXRvLWlkZW50aXR5OnVzLXdlc3QtMjoxNDMwODk2MTA0ODI6aWRlbnRpdHlwb29sL3VzLXdlc3QtMjo1NmM0MjQzOS1iZTJjLTQ1MjMtOGJlMC0xMGI1ODg1ZWE3MzMiLCJleHAiOjE3MDM3NjM1NzgsImlhdCI6MTcwMzY3NzE3OH0.fxn6RFoTmv73sUnk6ZHa2LTTL5Sn_HQx_TeQRc9Nq9x3644d8sdHeG1LxDM7SiVTRSJ9ox95E6GciGqCBlxeV2B1PENF-H398_7w-cLOs5US_fT9EKjAupHwSEJkLvctEVpPOkZutoM45BYIB1x53b-aQ6wckCKePnmRMFu7ihvvzXvT9lrkFahOC2ONS0vtU3Z2gYbu7iSHGCh4HHMjcDVb8Ygd2p-cAtwdJQoO9NWygPueNutvcZZFchvepVjKQlw0Ti0MNu4tPJwVIuz_ketzv9Zzc_cFPmq3z0268EreiWzeSaKfslO5xQ1ahkncruUirDfnBjFiBnAB8MJ8Wg",
        "idToken": "eyJraWQiOiJJZGVudGl0eVRva2VuU2lnbktleSIsImFsZyI6IlJTNTEyIn0%3D.eyJpc3MiOiJhd3MtbGFtYmRhIiwiZXhwIjoxNzE5MjI5MTc4LCJzdWIiOiJpZC10b2tlbiIsImF1ZCI6InJpbmciLCJqdGkiOiIxYzU4MTNhNS0xYmU2LTRiNWUtOWNjYy0wNWFhMDhmOTE5MzMiLCJ1c2VySWQiOiI2NTNmMTA4YTM5NmRlMjAwMGFjZDQzZDQiLCJlbWFpbCI6InRocml2ZS1pb3MrNEBwbHVtZS5jb20iLCJnZW5kZXIiOiIiLCJiaXJ0aGRhdGUiOiIifQ%3D%3D.kUTBEYQjkQhL6n7EC151n1MRihzeXzZInrG5Q9bGoK91XUGhRwAN28WS46xRFBMJhW27ETH8qxa106TacB1dhj2X56Iz3BoPhcgvgRsp%2Bn7gpntMc8dQAK5vJKu6d71Bo6T1h7fEEcLA3%2B88H%2BjGK0lo5hWH%2F%2FmNh%2FZlmuHgL%2FqDNc4tp6NdHD8lIlakMxfisZfhYcZrephjVPGaEScZinw%2F2hN5LWPWAtrVELfjN8mLxJzKi3lSsNXTUeO1sjS2jk2z4CP9szg5itTMy%2FwoeJIiQq81Vo1kPLoGMp5Z0mxN4NNmyWbduWGLt6PODZNYORg0ZP3py%2By5yE8toV6aGdIhmzUIrk5VlNOV9mRFCb92howbY7NgPtrpbAl6xGfwzPK4pVzpS8nAFwPe23HDP3tn%2FBi8xIiqTX82O1fRaFAAyfyTHHhvDZEn1a8Rz%2FsYAXVl6D6xrKK0kgHKbHoiyAxeBtdc6FC29zBa5AotLm6SHTT%2BpIXy%2BDWkl0Y3Vl1lYuHOF3f45611JZIy%2FPJQW3Bk0mEmp%2F75mqanMgbSljcnhEY86cSbEA74ASbsOrfg9W98jR7ba46sLijPFU2LvMfM9Mi0EQNHtFjQ2gVodrkUQotFmseK6CgxUFU21dxjMe51vYL3VxP9vybcD1vHHUTzG1OQ3AKHyYpUHjAg4ns%3D",
        "refreshToken": "eyJraWQiOiJSZWZyZXNoVG9rZW5TaWduS2V5IiwiY3R5IjoiSldUIiwiZW5jIjoiQTI1NkdDTSIsImFsZyI6IlJTNTEyIn0%3D.AQICAHgg7rlLlhJZMilo20zyx9NECjg%2F8q0XYyoRMcHYs4Nh4AEx4kWqhF%2BmALjp7EbG7tT7AAABUTCCAU0GCSqGSIb3DQEHBqCCAT4wggE6AgEAMIIBMwYJKoZIhvcNAQcBMB4GCWCGSAFlAwQBLjARBAycqd%2B9rDSQTzKlk0cCARCAggEECFOFTmRMHi41%2FxieS8r1PaYjGOmBmPCZgtnN1k85LkHwbuktO8QEOwCF8vBFu56vtxrFDjdBVkJoxSx8JwyyXwG1xCnzCpznoGBA4oYrmY4K4M4Ea4ABzH58VdLWFlOsTe2cF6E1AdTpmvpOaGTDQqyj%2BQE5I%2FecxLZxsI%2Bi0r%2BzuxpOk3%2FIWAEGsRyEzkkjVLzFvETQP7aAD%2FNBJ7gyd1neHgMRK1EzX%2FEs0RHqc7lmeXZzQRWdlLIRNg1Yn1zybcZwAzVRAooKRKR1yJDZJ0JYbvevGrSIUL7GmYuop%2F6uMo5BaB9GR1zj7FlGdVgDYcu19lwJGdEZ0grZFjXerfDlnZ4%3D.nD%2Ba0faRMtMC6H9hQyrl47K20MLeCi2srMhFZk4BFy51whzpKs%2BpEJ6j3ASkAnYhFFSRulfCHaZQBMH4qLpm7f9PGbAXQtxntasnx%2BHqmyEMgsNU6Oja25LRo7e1YRoPLw1P6ptlvvX9kVZCDdYMhcfzBSTaVpWD1QiuRkIDZCB%2FrdfoJl%2B3VHU9ZajSHr6troSa8YMbfwK9lzY4zvdhcBQNGmZYrkJTp7kjikN4xHBhgLOP1MGZLtGRcd4z2da5XXl3MLKNm4NljiqEDWD1B4VEY8fv7DysILClFcGUGWGuvqk03ald8uRn4LEaOcUizuMeUcvx8kysDBzuZ6nnl7M9Qkj8TlQMGTooAKVZXpBtMsiB07%2FZe6ILKRsScmVTp9C4uhEKYQxTH3YrL2sij3e1j8MmrrHxqpZOObYu8euLZWEDhEa2LFVcNpJTqFdNUbSPngfYFBPSVClrAMiAzZS50N37tqE8KZh404QPJiDPyYLZ3Ssd7C6t8DuwQzFFeG%2F%2FRGhvc0d9lRtvN6T5DKlGJ6Z3UwMpMX73ZSWwVyZEIwt1FU05H0cFZo0IXVpmGxH9qer1pYOmzxbxahhqewsXCdDyXcAxOUR8j9WITsZ1Y2QU8z3fiTTJf1hsxGR40uMjxpaeReNcqMhj2915cfII64EfNEROV3lIApXiMt4%3D",
        "identityId": "us-west-2:ff648c0b-b54d-42ee-a685-b2a4294e2cc2"
    }
}

