2023-12-19 16:44:56: -----------Request----------->
POST https://thrive-dog1-usw2-api.data.plume.tech/pwb/PlumeCloudLogin

User-Agent: python-requests/2.31.0
Accept-Encoding: gzip, deflate
accept: application/json
Connection: keep-alive
Content-Type: application/json
Content-Length: 73

{
    "email": "thrive-ios+4@plume.com",
    "password": "plume1234",
    "ttl": 3600
}

2023-12-19 16:44:56: <-----------Response-----------
Status code: 200, elapsed seconds: 2.699422

Date: Tue, 19 Dec 2023 08:44:53 GMT
Content-Type: application/json
Content-Length: 729
Connection: keep-alive
x-amzn-RequestId: 1d1a6178-3993-4b74-b456-535a1774cd42
Access-Control-Allow-Origin: *
x-amz-apigw-id: QLqwzGQGvHcEPuw=
X-Amzn-Trace-Id: Root=1-65815804-2770832f24fdbe8139f880c4;Sampled=0;lineage=7fdd2b1e:0

{
    "data": {
        "id": "Ny5HAM2oxYpq7TvFckkFWT4fI7BKm8f3dSEJ5SOjm6uc6ifTIJVP02MQEH675Le6",
        "ttl": 3600,
        "created": "2023-12-19T08:44:50.218Z",
        "userId": "653f108a396de2000acd43d4",
        "expireAt": "2023-12-19T09:44:50.218Z",
        "user": {
            "id": "653f108a396de2000acd43d4",
            "accountId": "3b2c42d4-7cee-4756-b4bd-491cacc1ae57",
            "anonymous": false,
            "autoProvisioned": false,
            "name": "thrive-ios+4",
            "locked": false,
            "partnerId": "mobile_qa_test",
            "acceptLanguage": "en-US",
            "preferredLanguage": "en",
            "source": "customCreate",
            "createdAt": "2023-10-30T02:10:18.214Z",
            "provisioningSsoAuditTrail": false,
            "_version": "1.0.0",
            "email": "thrive-ios+4@plume.com",
            "emailVerified": true,
            "firstKnownLoginTimestamp": "2023-10-30T02:15:53.570Z"
        }
    },
    "result": {
        "code": 201000,
        "message": "Successfully."
    }
}

2023-12-19 16:45:00: -----------Request----------->
POST https://thrive-dog1-usw2-api.data.plume.tech/pwb/AuthenticateWithPlumeToken

User-Agent: python-requests/2.31.0
Accept-Encoding: gzip, deflate
accept: application/json
Connection: keep-alive
Content-Type: application/json
Content-Length: 121

{
    "accessToken": "Ny5HAM2oxYpq7TvFckkFWT4fI7BKm8f3dSEJ5SOjm6uc6ifTIJVP02MQEH675Le6",
    "userId": "653f108a396de2000acd43d4"
}

2023-12-19 16:45:00: <-----------Response-----------
Status code: 200, elapsed seconds: 2.213391

Date: Tue, 19 Dec 2023 08:44:58 GMT
Content-Type: application/json
Content-Length: 3828
Connection: keep-alive
x-amzn-RequestId: 0a0fb4c9-ce56-4f22-a9d5-4a57971b4373
Access-Control-Allow-Origin: *
x-amz-apigw-id: QLqxZExHvHcEIbw=
X-Amzn-Trace-Id: Root=1-65815808-47a2975f1b9763c958a66b5e;Sampled=0;lineage=144e69e0:0

{
    "data": {
        "email": "thrive-ios+4@plume.com",
        "userGroup": "admin",
        "userName": "thrive-ios+4",
        "userId": "653f108a396de2000acd43d4",
        "accessToken": "eyJraWQiOiJ1cy13ZXN0LTI0IiwidHlwIjoiSldTIiwiYWxnIjoiUlM1MTIifQ.eyJzdWIiOiJ1cy13ZXN0LTI6YzQwNGU3NzMtZmI1NC00ZjAyLThmZGYtY2U0YWEyZmU0OTdjIiwiYXVkIjoidXMtd2VzdC0yOjU2YzQyNDM5LWJlMmMtNDUyMy04YmUwLTEwYjU4ODVlYTczMyIsImFtciI6WyJhdXRoZW50aWNhdGVkIiwic3RhZ2luZy1wd2IucGx1bWUuY29tIiwic3RhZ2luZy1wd2IucGx1bWUuY29tOnVzLXdlc3QtMjo1NmM0MjQzOS1iZTJjLTQ1MjMtOGJlMC0xMGI1ODg1ZWE3MzM6Tnk1SEFNMm94WXBxN1R2RmNra0ZXVDRmSTdCS204ZjNkU0VKNVNPam02dWM2aWZUSUpWUDAyTVFFSDY3NUxlNiJdLCJpc3MiOiJodHRwczovL2NvZ25pdG8taWRlbnRpdHkuYW1hem9uYXdzLmNvbSIsImh0dHBzOi8vY29nbml0by1pZGVudGl0eS5hbWF6b25hd3MuY29tL2lkZW50aXR5LXBvb2wtYXJuIjoiYXJuOmF3czpjb2duaXRvLWlkZW50aXR5OnVzLXdlc3QtMjoxNDMwODk2MTA0ODI6aWRlbnRpdHlwb29sL3VzLXdlc3QtMjo1NmM0MjQzOS1iZTJjLTQ1MjMtOGJlMC0xMGI1ODg1ZWE3MzMiLCJleHAiOjE3MDMwNjE4OTcsImlhdCI6MTcwMjk3NTQ5N30.FBag1r0MNmlvJDsuewnTS4XEVF3VlqgtYGEZyEn9X-gZT74HCx4nMSB4vgxtFwfDDU3DnzKzssK8_x-323ZNOrTnfxOQLAuJuJsH-3-METkl_mjP14br_0KqaHZTtOKVN_TfnJWqlVL0_wfXlXCidY5jxcxm3TfjlgSZjVY4Fs4RWTl5bWv0CKq_nGm7pI-i6c_1GtLIPf1uYLn41qy0hcJyem_EH76d-9PVOxVhwRNgMYVLXRusPqLmEIRy5ONVwP-QOY1UHQjysU9QWpnt_BQimisPz0YPmWCiTngLC_nAs1jfYbE2-RT-g7wjWgQ_uHzEvCrTNuTPFmq0yfmoPw",
        "idToken": "eyJraWQiOiJJZGVudGl0eVRva2VuU2lnbktleSIsImFsZyI6IlJTNTEyIn0%3D.eyJpc3MiOiJhd3MtbGFtYmRhIiwiZXhwIjoxNzE4NTI3NDk4LCJzdWIiOiJpZC10b2tlbiIsImF1ZCI6InJpbmciLCJqdGkiOiI2OTU3ZDI1ZS1kYmU4LTRhMDktOGY0ZS0xOWI3NDhiNzNkYzciLCJ1c2VySWQiOiI2NTNmMTA4YTM5NmRlMjAwMGFjZDQzZDQiLCJlbWFpbCI6InRocml2ZS1pb3MrNEBwbHVtZS5jb20iLCJnZW5kZXIiOiIiLCJiaXJ0aGRhdGUiOiIifQ%3D%3D.VpwgQUTtqFKA6XJ2JE9v4hMmoHrtaJ572CFtkECI8CbtPi4or0twupCE3XMH8eSvMOze4e%2FbYG7aE5NQTaTwL7JElwWbCHBMKDLw16BNDxubJEfqjYs5Lmtr2TeX3EIGZh7wfsbUmsP%2FNDMIeY1AaW58zzXW1Qv9TVsQ4gYCkxgUxlnV%2FXcEHNhE9i5F4ysVzaTcTO6FLBspO7JRN0vAKB6Eer8AofyXUl9cbWjSis40V7yUa7bkIy0ZedxM2uKLell4keipqE5pZbNA021OSnHE6orEzKKo8cww%2B20KlbVTxbBw1ScrLVfqrH%2BsFdCMIYy7%2F1%2B51BjcsLXEpHi3ZBNHmCuKh%2BL1%2B%2Bqh6Oh9l8PWgxPuiCUSYdn8FDhAzzrUddSMybkhc890z7dbyLGy%2Fk72bmjDoc5cKtp8phwgAXZbWggu62Ziv4UanTXN%2BYCmQ00mouvI%2B%2BiUC2HLTyWlYgFrFLZ2%2F9vn7RF2qNzUSm8soJ5usuZdCQAd8QVCKRPi6sT33Q%2BmKgZ6pMXZ5nKSf3Ssgp5yEQ4GC1F6%2BB9ZaHgK5fbXayWRuMuoy3uxWtMHqLIVTs0wPmhOJjgqdEUBnG6BGPcHj0CVnGluw%2FfKGvLM4hA8e9QMtn%2B2uaQB%2Ba0NoPb4POD8EFsrT4NkPx8HiNPattz4L33PwokHeiWlQ%2BQ%3D",
        "refreshToken": "eyJraWQiOiJSZWZyZXNoVG9rZW5TaWduS2V5IiwiY3R5IjoiSldUIiwiZW5jIjoiQTI1NkdDTSIsImFsZyI6IlJTNTEyIn0%3D.AQICAHgg7rlLlhJZMilo20zyx9NECjg%2F8q0XYyoRMcHYs4Nh4AHHouSzvE%2Ba0HV0O2BcnmOgAAABUTCCAU0GCSqGSIb3DQEHBqCCAT4wggE6AgEAMIIBMwYJKoZIhvcNAQcBMB4GCWCGSAFlAwQBLjARBAwiz0f2u19b4SZCPjMCARCAggEEZ8wYk%2BsuH65PHFSU9%2F02C%2FoOb8nDkiZwckMFOVQYDDS5wLvYhjpoUvNEok%2FJTWFh5gk6trz9mejDYRFRPm7NZ%2BpolrVwJtywHMFSW4oNeHZH4dLyYrk8w2uwl5UJDSw8tr3Jgo0vhaBMMfq%2F4VT%2B46kJ%2FSF4neJ4fWWp6wIYG0U%2BGbRW3%2FBcM3hm6ISz9WbN6gIw3qFP%2FOMbbo64Qit0xaPIsaoMOh%2FNTnox50wegBJCQwaabt5WUKVX7RUN1HhXdS256m3Fa4f6RFEU%2Bq68RIEOpyl1gpMqZkUKq0OaXsFUgc7xUFnytdM5TqeuAdhtkqulAv%2FBYjujWOQ9WHjIW9WcquQ%3D.l80EsVIjovXsqmwF1Zc0MZ1JEKT9jgyY%2BzOcd8DkrUMufcR9RIKAHfGA5ketPizsAI6I8z9pe1s38DA3sI92Jz2NwseIzOWTMOv3wPJ1Fy6MPSUVet%2FZaq0gOr%2FgWG1lpDFcThf%2B5YXcTgCw%2BgAoKq%2BchoR1N0R52X8kXPr2oknB8P6keJtIrd3bfqPe%2BYvXf1zcGs3QxScK2eYNj53pKCYYI8l1yBU57iEHVM1jewTvX%2FiOkQzY0KIsi64avEVJEdrrwRYSLHKvaxztJxIWpeii0QamHSGoQn4Y1ZaccQwZ3zoN3iOkUJDO%2FkLc9QlCthlqGM1Eni67W9N7QckamQcrm09uz1dhsZTaKgA7gGsffWlphD6FpqwBykXO4KRrwRXOVoc5v5oEh%2Bq%2FDyMklxIEvobYfEfJt7Cq1TOBuxOArUhd86HIOvVdU03gD0Ot31TxZ59csu6IkLmmzZKPMdgI%2FdVzlBmZ3Sc6YW3L%2Bc0O%2FTMwUBTpgZ2n1XI3CpVcrdKVi1xcmqZlZ3JbDd%2F5iTAyVtQV2F04ecg1SQk9v6WXexZIvcQgYODHhGeMc5lSyi36Z8D7lgRslPwL1H17l2EZCU%2BgaNxHR%2Fm9EWC5FtTjOQa1tNiUUGM7z7WId4AMo9HtAtWoOQz6RqDXdnHA5JvPr6hKkFF4gnPCDok%2BzA0%3D",
        "identityId": "us-west-2:c404e773-fb54-4f02-8fdf-ce4aa2fe497c"
    }
}

2023-12-19 16:45:04: -----------Request----------->
POST https://thrive-dog1-usw2-api.data.plume.tech/pwb/GetReadinessInsightSummary

User-Agent: python-requests/2.31.0
Accept-Encoding: gzip, deflate
accept: application/json
Connection: keep-alive
Authorization: Bearer eyJraWQiOiJ1cy13ZXN0LTI0IiwidHlwIjoiSldTIiwiYWxnIjoiUlM1MTIifQ.eyJzdWIiOiJ1cy13ZXN0LTI6YzQwNGU3NzMtZmI1NC00ZjAyLThmZGYtY2U0YWEyZmU0OTdjIiwiYXVkIjoidXMtd2VzdC0yOjU2YzQyNDM5LWJlMmMtNDUyMy04YmUwLTEwYjU4ODVlYTczMyIsImFtciI6WyJhdXRoZW50aWNhdGVkIiwic3RhZ2luZy1wd2IucGx1bWUuY29tIiwic3RhZ2luZy1wd2IucGx1bWUuY29tOnVzLXdlc3QtMjo1NmM0MjQzOS1iZTJjLTQ1MjMtOGJlMC0xMGI1ODg1ZWE3MzM6Tnk1SEFNMm94WXBxN1R2RmNra0ZXVDRmSTdCS204ZjNkU0VKNVNPam02dWM2aWZUSUpWUDAyTVFFSDY3NUxlNiJdLCJpc3MiOiJodHRwczovL2NvZ25pdG8taWRlbnRpdHkuYW1hem9uYXdzLmNvbSIsImh0dHBzOi8vY29nbml0by1pZGVudGl0eS5hbWF6b25hd3MuY29tL2lkZW50aXR5LXBvb2wtYXJuIjoiYXJuOmF3czpjb2duaXRvLWlkZW50aXR5OnVzLXdlc3QtMjoxNDMwODk2MTA0ODI6aWRlbnRpdHlwb29sL3VzLXdlc3QtMjo1NmM0MjQzOS1iZTJjLTQ1MjMtOGJlMC0xMGI1ODg1ZWE3MzMiLCJleHAiOjE3MDMwNjE4OTcsImlhdCI6MTcwMjk3NTQ5N30.FBag1r0MNmlvJDsuewnTS4XEVF3VlqgtYGEZyEn9X-gZT74HCx4nMSB4vgxtFwfDDU3DnzKzssK8_x-323ZNOrTnfxOQLAuJuJsH-3-METkl_mjP14br_0KqaHZTtOKVN_TfnJWqlVL0_wfXlXCidY5jxcxm3TfjlgSZjVY4Fs4RWTl5bWv0CKq_nGm7pI-i6c_1GtLIPf1uYLn41qy0hcJyem_EH76d-9PVOxVhwRNgMYVLXRusPqLmEIRy5ONVwP-QOY1UHQjysU9QWpnt_BQimisPz0YPmWCiTngLC_nAs1jfYbE2-RT-g7wjWgQ_uHzEvCrTNuTPFmq0yfmoPw
Content-Type: application/json
Content-Length: 126

{
    "userId": "653f108a396de2000acd43d4",
    "startTime": 1702915200,
    "endTime": 1703001599,
    "interval": "week",
    "utcTimeOffset": 8
}

2023-12-19 16:45:04: <-----------Response-----------
Status code: 200, elapsed seconds: 1.964941

Date: Tue, 19 Dec 2023 08:45:02 GMT
Content-Type: application/json
Content-Length: 448
Connection: keep-alive
x-amzn-RequestId: 90ba2cd4-05fc-4472-9e73-a38853091359
Access-Control-Allow-Origin: *
x-amz-apigw-id: QLqyEHF5vHcEnYg=
X-Amzn-Trace-Id: Root=1-6581580c-76627f5f6dcc61273444e497;Sampled=0;lineage=67de1c93:0

{
    "data": {
        "userId": "653f108a396de2000acd43d4",
        "startTime": 1702742400,
        "endTime": 1703347199,
        "interval": "week",
        "readinessInsightSummaryList": [
            {
                "userId": "653f108a396de2000acd43d4",
                "startpDate": 1702742400,
                "interval": "week",
                "avgReadinessScore": 10,
                "maxReadinessScore": 10,
                "minReadinessScore": 10,
                "avgHrvScore": 67,
                "maxHrvScore": 67,
                "minHrvScore": 67,
                "avgStressScore": 2,
                "maxStressScore": 2,
                "minStressScore": 2
            }
        ]
    },
    "result": {
        "code": 201000,
        "message": "Successfully."
    }
}

