2023-12-18 16:19:04: -----------Request----------->
POST https://thrive-dog1-usw2-api.data.plume.tech/pwb/PlumeCloudLogin

User-Agent: python-requests/2.31.0
Accept-Encoding: gzip, deflate
accept: application/json
Connection: keep-alive
Content-Type: application/json
Content-Length: 73

{
    "email": "thrive-ios+4@plume.com",
    "password": "plume1234",
    "ttl": 3600
}

2023-12-18 16:19:04: <-----------Response-----------
Status code: 200, elapsed seconds: 4.933561

Date: Mon, 18 Dec 2023 08:19:01 GMT
Content-Type: application/json
Content-Length: 729
Connection: keep-alive
x-amzn-RequestId: b10bfffc-4af4-40f3-a9d7-e48259c034c9
Access-Control-Allow-Origin: *
x-amz-apigw-id: QIUCTEK5PHcEvBw=
X-Amzn-Trace-Id: Root=1-65800074-2ec084ec3d824efc5f04e4ed;Sampled=0;lineage=7fdd2b1e:0

{
    "data": {
        "id": "ei8fBO1f0SLVgjvNyDutQbdlANpPrF1PJBd6YuwAFdNtQj8bydL9cqAxqJXGPKjO",
        "ttl": 3600,
        "created": "2023-12-18T08:19:01.849Z",
        "userId": "653f108a396de2000acd43d4",
        "expireAt": "2023-12-18T09:19:01.849Z",
        "user": {
            "id": "653f108a396de2000acd43d4",
            "accountId": "3b2c42d4-7cee-4756-b4bd-491cacc1ae57",
            "anonymous": false,
            "autoProvisioned": false,
            "name": "thrive-ios+4",
            "locked": false,
            "partnerId": "mobile_qa_test",
            "acceptLanguage": "en-US",
            "preferredLanguage": "en",
            "source": "customCreate",
            "createdAt": "2023-10-30T02:10:18.214Z",
            "provisioningSsoAuditTrail": false,
            "_version": "1.0.0",
            "email": "thrive-ios+4@plume.com",
            "emailVerified": true,
            "firstKnownLoginTimestamp": "2023-10-30T02:15:53.570Z"
        }
    },
    "result": {
        "code": 201000,
        "message": "Successfully."
    }
}

2023-12-18 16:19:08: -----------Request----------->
POST https://thrive-dog1-usw2-api.data.plume.tech/pwb/AuthenticateWithPlumeToken

User-Agent: python-requests/2.31.0
Accept-Encoding: gzip, deflate
accept: application/json
Connection: keep-alive
Content-Type: application/json
Content-Length: 121

{
    "accessToken": "ei8fBO1f0SLVgjvNyDutQbdlANpPrF1PJBd6YuwAFdNtQj8bydL9cqAxqJXGPKjO",
    "userId": "653f108a396de2000acd43d4"
}

2023-12-18 16:19:08: <-----------Response-----------
Status code: 200, elapsed seconds: 2.297918

Date: Mon, 18 Dec 2023 08:19:06 GMT
Content-Type: application/json
Content-Length: 3826
Connection: keep-alive
x-amzn-RequestId: 082ae1c3-0f40-4b8a-bbbc-436bbb203fe0
Access-Control-Allow-Origin: *
x-amz-apigw-id: QIUC5FvdPHcENyQ=
X-Amzn-Trace-Id: Root=1-65800078-707209e6062d7dca4228f040;Sampled=0;lineage=144e69e0:0

{
    "data": {
        "email": "thrive-ios+4@plume.com",
        "userGroup": "admin",
        "userName": "thrive-ios+4",
        "userId": "653f108a396de2000acd43d4",
        "accessToken": "eyJraWQiOiJ1cy13ZXN0LTI0IiwidHlwIjoiSldTIiwiYWxnIjoiUlM1MTIifQ.eyJzdWIiOiJ1cy13ZXN0LTI6ZjY1Y2NkNmQtMmQyNi00NWMzLTg1NmEtOWVlOTY3MGUwNjczIiwiYXVkIjoidXMtd2VzdC0yOjU2YzQyNDM5LWJlMmMtNDUyMy04YmUwLTEwYjU4ODVlYTczMyIsImFtciI6WyJhdXRoZW50aWNhdGVkIiwic3RhZ2luZy1wd2IucGx1bWUuY29tIiwic3RhZ2luZy1wd2IucGx1bWUuY29tOnVzLXdlc3QtMjo1NmM0MjQzOS1iZTJjLTQ1MjMtOGJlMC0xMGI1ODg1ZWE3MzM6ZWk4ZkJPMWYwU0xWZ2p2TnlEdXRRYmRsQU5wUHJGMVBKQmQ2WXV3QUZkTnRRajhieWRMOWNxQXhxSlhHUEtqTyJdLCJpc3MiOiJodHRwczovL2NvZ25pdG8taWRlbnRpdHkuYW1hem9uYXdzLmNvbSIsImh0dHBzOi8vY29nbml0by1pZGVudGl0eS5hbWF6b25hd3MuY29tL2lkZW50aXR5LXBvb2wtYXJuIjoiYXJuOmF3czpjb2duaXRvLWlkZW50aXR5OnVzLXdlc3QtMjoxNDMwODk2MTA0ODI6aWRlbnRpdHlwb29sL3VzLXdlc3QtMjo1NmM0MjQzOS1iZTJjLTQ1MjMtOGJlMC0xMGI1ODg1ZWE3MzMiLCJleHAiOjE3MDI5NzM5NDUsImlhdCI6MTcwMjg4NzU0NX0.ARASeRoTRcquoiaqOYW-MVFFr9ksfSt8JTeCoDzGECIO_XRwICVxZ1FPoLAwysc_rl5jwwY0-AtYtKoTyWePiS4A7c-MHDM5JTJbnN0KICCKwuMNzmbXAEyesIZ1ReknqCpKVFCZ2-Iv9pQ727WZsy8uN1xvJFfXNsLleXSkZ9tnY7UBPKm0srkfE9WZbH5IWpwXMvEwVqMsqtk8Z1wJO6a_pHYUhLfMQ6qxqL8jDMeDSxkpTMiVNc_UlKnjPJnqrwRzmvRW1IswsQDPq_VBngf-dR3yV9hdl4krQpmw3w_CW5OImMPDdtL_9Jq2NOj7C3E6tibonr4_cplj7sJBJA",
        "idToken": "eyJraWQiOiJJZGVudGl0eVRva2VuU2lnbktleSIsImFsZyI6IlJTNTEyIn0%3D.eyJpc3MiOiJhd3MtbGFtYmRhIiwiZXhwIjoxNzE4NDM5NTQ2LCJzdWIiOiJpZC10b2tlbiIsImF1ZCI6InJpbmciLCJqdGkiOiI1MjkzN2EwNC03MTM2LTRiZjctOGE1MS0yNDNhY2JkYWY3ZGMiLCJ1c2VySWQiOiI2NTNmMTA4YTM5NmRlMjAwMGFjZDQzZDQiLCJlbWFpbCI6InRocml2ZS1pb3MrNEBwbHVtZS5jb20iLCJnZW5kZXIiOiIiLCJiaXJ0aGRhdGUiOiIifQ%3D%3D.icV1UWFB2phR14xZ6pqi%2BWWYzV5gOPdeFpQS4pEkCK7ZKDcgV1HoiNXOViEijdlVQKw2Nce98hDBRjFWLPndz7lef2BEk08Wd7S5LRRHfQu6oqGHCC%2F2nhDF0lQRCRbxVj5m7vOLlJXTvz6XU2imKcJlmNC6jqJSTqXfWS4ginW%2FLDVNUlDDKdu2GMfiospR3V%2F2XjuVw8Bg6fJmMWBgMS9HcA4WBkRBPueP%2FQMMRe2EseSwYeB98hnP9U1TQ6qLl82JNtar0R4xuatyRc9rVtHqmoPMcooJP6gALHpp4x2GjEGm0rP%2F1fYieXPSQL%2F%2Bu1llKgd7tMaqLxCyHrCcMqrC6V%2B%2FyiO9m0uJk89MK0ajdsG3FqqxUElZPZ%2BOiorkOiMYatNWZrzCsNGbtsgA0g5Rcnrrnw03%2BHxr%2F%2Btbc%2BszhIRYJCTYd%2FAsympW0XSupk06DU1LlshtMl0MmvnXzMRQnKdyVA%2FPnhdQhOka172j9yqPe5KjNvnPDTJy4s2jGJL17E7AcrDeR9mtaY%2B%2BIKSlFOvcZyMae8ysRJ5ZMdREopcZ6m47Cp2ARMlx1nHxjLEwBuddCznLiQCqZSYSMJb7mjmw%2BlV38qRc9RDi8Nwp0g48NdXbcYtF8n6tr3nVE1a70RFJMUT%2Bf0k6T2wg8GE6Wb2kyV8Th7j487Iw9%2F8%3D",
        "refreshToken": "eyJraWQiOiJSZWZyZXNoVG9rZW5TaWduS2V5IiwiY3R5IjoiSldUIiwiZW5jIjoiQTI1NkdDTSIsImFsZyI6IlJTNTEyIn0%3D.AQICAHgg7rlLlhJZMilo20zyx9NECjg%2F8q0XYyoRMcHYs4Nh4AEmII6qGxUZbzETFamZFXRQAAABUTCCAU0GCSqGSIb3DQEHBqCCAT4wggE6AgEAMIIBMwYJKoZIhvcNAQcBMB4GCWCGSAFlAwQBLjARBAxX3Jfzt4HiSAyCMJQCARCAggEEevEgq6%2B9WDadODO99pBFBuXX5efeWcM%2Fcju2P446kQL0KnNrDONhfgzOSmColqElgB8keHMQyHHjLjH1IdX1TU2aTmwnIzGA3IMUIYiWPcAlYxVfFWpy4zsOzrVAjxnoGjljec8UWj%2BMZodq0hhEHBSkEMRpUtCVndvOx%2F0osJihUBjXcpJxzGwpgnRJwHWhOUVg%2BbmRQucdaLBduDhW6w%2B%2FQAjN%2F4dHk5v8P004bIrtiFsX6NRviCpcvi7U2W6Q5%2BtqbX%2F2B0Snk%2BbF2Cye3rPyJT8e2N0w13C8MlWEP7YDce%2BZMzey8J%2BW8ef8gbjdtWOzCcroqxYmBqG3R1ytfttGLuc%3D.jvH3xnbh8lC9R7Q6cqJkhQRseL%2FZMmouJ3r%2Ba3YvsCvAjUl0%2Fhs4mpcKwaVr9TKEgIKomOMQCGE7o4bo%2F9xJ4vbQ4D9a6cKIYaDD8OhC4ciVQHSlMpQiJwqYVshQZKWh9MTR148GlUQl9kN53vVic2Q0f9t3lw%2B0M6HdOo3L4YcCeyINkMUkX17ulJRp3S2DBMhopDlEgHRiEpIDPeiNcw2klA7SftXMRminnnst1S%2FKpP9lPB6IBBuF4W9SdokBjJapX2SoSr1IJfGnztAlQ8iPIJG0XxYMYJkQEeLMjywQqaSxVInFk%2ByL1TtSYBKF5v3pT7glpx37%2B4EfhOeZbOtYcamynljaDlO2dIsj1nwVBRBLfTfixTpwq8ijUig9zLPFHxzPUZ9b%2BsCbEFP4%2B0yma8u85khycpzCDIX0fU7Usouj1J7cDJAB%2ByUUJ72Bk61DOxQ9qiOzhB8fc%2F%2B8lCzZ2yzU%2FdhK7Br6sPEhIPlSBrs3kAUrEy8f6hQgIkYhk3qimOPC7aA2yvzS6rLZyQNgIcg23dPwPpwuzQ11sR8%2BvuG1Wb%2F7Kxa7r1nr1C5Vr4AqnZz35bDYngFn9A84DBsnOHkjqMSaV2Ju51dlghJpzFJF7PpWEmOnRD2ducBZZf4WPeo8gpivN1sJrqxbGG6tF22rKX36pPUp%2FgR32%2FE%3D",
        "identityId": "us-west-2:f65ccd6d-2d26-45c3-856a-9ee9670e0673"
    }
}

2023-12-18 16:19:14: -----------Request----------->
POST https://thrive-dog1-usw2-api.data.plume.tech/pwb/GetFallEventSummary

User-Agent: python-requests/2.31.0
Accept-Encoding: gzip, deflate
accept: application/json
Connection: keep-alive
Authorization: Bearer eyJraWQiOiJ1cy13ZXN0LTI0IiwidHlwIjoiSldTIiwiYWxnIjoiUlM1MTIifQ.eyJzdWIiOiJ1cy13ZXN0LTI6ZjY1Y2NkNmQtMmQyNi00NWMzLTg1NmEtOWVlOTY3MGUwNjczIiwiYXVkIjoidXMtd2VzdC0yOjU2YzQyNDM5LWJlMmMtNDUyMy04YmUwLTEwYjU4ODVlYTczMyIsImFtciI6WyJhdXRoZW50aWNhdGVkIiwic3RhZ2luZy1wd2IucGx1bWUuY29tIiwic3RhZ2luZy1wd2IucGx1bWUuY29tOnVzLXdlc3QtMjo1NmM0MjQzOS1iZTJjLTQ1MjMtOGJlMC0xMGI1ODg1ZWE3MzM6ZWk4ZkJPMWYwU0xWZ2p2TnlEdXRRYmRsQU5wUHJGMVBKQmQ2WXV3QUZkTnRRajhieWRMOWNxQXhxSlhHUEtqTyJdLCJpc3MiOiJodHRwczovL2NvZ25pdG8taWRlbnRpdHkuYW1hem9uYXdzLmNvbSIsImh0dHBzOi8vY29nbml0by1pZGVudGl0eS5hbWF6b25hd3MuY29tL2lkZW50aXR5LXBvb2wtYXJuIjoiYXJuOmF3czpjb2duaXRvLWlkZW50aXR5OnVzLXdlc3QtMjoxNDMwODk2MTA0ODI6aWRlbnRpdHlwb29sL3VzLXdlc3QtMjo1NmM0MjQzOS1iZTJjLTQ1MjMtOGJlMC0xMGI1ODg1ZWE3MzMiLCJleHAiOjE3MDI5NzM5NDUsImlhdCI6MTcwMjg4NzU0NX0.ARASeRoTRcquoiaqOYW-MVFFr9ksfSt8JTeCoDzGECIO_XRwICVxZ1FPoLAwysc_rl5jwwY0-AtYtKoTyWePiS4A7c-MHDM5JTJbnN0KICCKwuMNzmbXAEyesIZ1ReknqCpKVFCZ2-Iv9pQ727WZsy8uN1xvJFfXNsLleXSkZ9tnY7UBPKm0srkfE9WZbH5IWpwXMvEwVqMsqtk8Z1wJO6a_pHYUhLfMQ6qxqL8jDMeDSxkpTMiVNc_UlKnjPJnqrwRzmvRW1IswsQDPq_VBngf-dR3yV9hdl4krQpmw3w_CW5OImMPDdtL_9Jq2NOj7C3E6tibonr4_cplj7sJBJA
Content-Type: application/json
Content-Length: 125

{
    "userId": "653f108a396de2000acd43d4",
    "startTime": 1702828800,
    "endTime": 1702915199,
    "interval": "day",
    "utcTimeOffset": 8
}

2023-12-18 16:19:14: <-----------Response-----------
Status code: 200, elapsed seconds: 4.115136

Date: Mon, 18 Dec 2023 08:19:12 GMT
Content-Type: application/json
Content-Length: 178
Connection: keep-alive
x-amzn-RequestId: f96f7af7-2bea-4ecf-937b-7a4f69fc2162
Access-Control-Allow-Origin: *
x-amz-apigw-id: QIUDlFFVPHcEmIQ=
X-Amzn-Trace-Id: Root=1-6580007d-74c7be075c7290075b461596;Sampled=0;lineage=f38effcc:0

{
    "data": {
        "userId": "653f108a396de2000acd43d4",
        "startTime": 1702828800,
        "endTime": 1702915199,
        "utcTimeOffset": 8,
        "fallCountList": []
    },
    "result": {
        "code": 201000,
        "message": "Successfully."
    }
}

