2023-12-27 15:17:38: -----------Request----------->
POST https://thrive-dog1-usw2-api.data.plume.tech/pwb/PlumeCloudLogin

User-Agent: python-requests/2.31.0
Accept-Encoding: gzip, deflate
accept: application/json
Connection: keep-alive
Content-Type: application/json
Content-Length: 73

{
    "email": "thrive-ios+4@plume.com",
    "password": "plume1234",
    "ttl": 3600
}

2023-12-27 15:17:38: <-----------Response-----------
Status code: 200, elapsed seconds: 1.014406

Date: Wed, 27 Dec 2023 07:17:36 GMT
Content-Type: application/json
Content-Length: 729
Connection: keep-alive
x-amzn-RequestId: e363acc4-7903-4ec0-ba80-538b9fd3de13
Access-Control-Allow-Origin: *
x-amz-apigw-id: Ql1elFjlvHcEYjg=
X-Amzn-Trace-Id: Root=1-658bcf90-1483cf82410f3340286bf614;Sampled=0;lineage=7fdd2b1e:0

{
    "data": {
        "id": "exkd8c4kJFNnUQtST5WI0rpz6hNkgmyynZgLhYPj2Vbts9n2vOtm1xo8dHMEX8F8",
        "ttl": 3600,
        "created": "2023-12-27T07:17:27.238Z",
        "userId": "653f108a396de2000acd43d4",
        "expireAt": "2023-12-27T08:17:27.238Z",
        "user": {
            "id": "653f108a396de2000acd43d4",
            "accountId": "3b2c42d4-7cee-4756-b4bd-491cacc1ae57",
            "anonymous": false,
            "autoProvisioned": false,
            "name": "thrive-ios+4",
            "locked": false,
            "partnerId": "mobile_qa_test",
            "acceptLanguage": "en-US",
            "preferredLanguage": "en",
            "source": "customCreate",
            "createdAt": "2023-10-30T02:10:18.214Z",
            "provisioningSsoAuditTrail": false,
            "_version": "1.0.0",
            "email": "thrive-ios+4@plume.com",
            "emailVerified": true,
            "firstKnownLoginTimestamp": "2023-10-30T02:15:53.570Z"
        }
    },
    "result": {
        "code": 201000,
        "message": "Successfully."
    }
}

2023-12-27 15:17:41: -----------Request----------->
POST https://thrive-dog1-usw2-api.data.plume.tech/pwb/AuthenticateWithPlumeToken

User-Agent: python-requests/2.31.0
Accept-Encoding: gzip, deflate
accept: application/json
Connection: keep-alive
Content-Type: application/json
Content-Length: 121

{
    "accessToken": "exkd8c4kJFNnUQtST5WI0rpz6hNkgmyynZgLhYPj2Vbts9n2vOtm1xo8dHMEX8F8",
    "userId": "653f108a396de2000acd43d4"
}

2023-12-27 15:17:41: <-----------Response-----------
Status code: 200, elapsed seconds: 1.127349

Date: Wed, 27 Dec 2023 07:17:39 GMT
Content-Type: application/json
Content-Length: 3816
Connection: keep-alive
x-amzn-RequestId: 0d82d2c2-5a06-4188-8ad5-f7ea4f763960
Access-Control-Allow-Origin: *
x-amz-apigw-id: Ql1fBGMyPHcET7w=
X-Amzn-Trace-Id: Root=1-658bcf93-11401c7b320ecd940d750fd8;Sampled=0;lineage=144e69e0:0

{
    "data": {
        "email": "thrive-ios+4@plume.com",
        "userGroup": "admin",
        "userName": "thrive-ios+4",
        "userId": "653f108a396de2000acd43d4",
        "accessToken": "eyJraWQiOiJ1cy13ZXN0LTI0IiwidHlwIjoiSldTIiwiYWxnIjoiUlM1MTIifQ.eyJzdWIiOiJ1cy13ZXN0LTI6ZTZjNjVlOGUtYTc1NC00ODI3LTkwN2QtYWIzNGZkYTM1ZDEyIiwiYXVkIjoidXMtd2VzdC0yOjU2YzQyNDM5LWJlMmMtNDUyMy04YmUwLTEwYjU4ODVlYTczMyIsImFtciI6WyJhdXRoZW50aWNhdGVkIiwic3RhZ2luZy1wd2IucGx1bWUuY29tIiwic3RhZ2luZy1wd2IucGx1bWUuY29tOnVzLXdlc3QtMjo1NmM0MjQzOS1iZTJjLTQ1MjMtOGJlMC0xMGI1ODg1ZWE3MzM6ZXhrZDhjNGtKRk5uVVF0U1Q1V0kwcnB6NmhOa2dteXluWmdMaFlQajJWYnRzOW4ydk90bTF4bzhkSE1FWDhGOCJdLCJpc3MiOiJodHRwczovL2NvZ25pdG8taWRlbnRpdHkuYW1hem9uYXdzLmNvbSIsImh0dHBzOi8vY29nbml0by1pZGVudGl0eS5hbWF6b25hd3MuY29tL2lkZW50aXR5LXBvb2wtYXJuIjoiYXJuOmF3czpjb2duaXRvLWlkZW50aXR5OnVzLXdlc3QtMjoxNDMwODk2MTA0ODI6aWRlbnRpdHlwb29sL3VzLXdlc3QtMjo1NmM0MjQzOS1iZTJjLTQ1MjMtOGJlMC0xMGI1ODg1ZWE3MzMiLCJleHAiOjE3MDM3NDc4NTksImlhdCI6MTcwMzY2MTQ1OX0.Qw3JJNLiUEg_2FncBGQrQL3DMjLZFj_vUJHUhqwonZ_ATt1KXMb5Fr4ExumOHjMnyI3TGNsjWLUq0WZchBJTSgoe5MvG8f5dELv3EjJB4H4RA35uXE6d_WEFtomwg5UmzFHCPr-ejWOWEmco4xbE0XXSfcTxDK5b2CT25F2DuI5_YsMeFOvBMGScwUZHG1rDF-o8TO_5fujC3LVeSbXxnh7fF5ta9EfQJYNZ3zaSrTnl5e8-qfWfoTISDs4tOWMwe5R5vEO8R4YyZVL-piwuidIkECQhvgL-kC4q46fYopWpxbfc1tvDZESwV7fdAqsE15k2bQs5ZN2RYGEBD-OHdw",
        "idToken": "eyJraWQiOiJJZGVudGl0eVRva2VuU2lnbktleSIsImFsZyI6IlJTNTEyIn0%3D.eyJpc3MiOiJhd3MtbGFtYmRhIiwiZXhwIjoxNzE5MjEzNDU5LCJzdWIiOiJpZC10b2tlbiIsImF1ZCI6InJpbmciLCJqdGkiOiJkMGJiMjJiOS1iZTVmLTRhODItYmI1ZS05MzQ3MWJkMTk1YTAiLCJ1c2VySWQiOiI2NTNmMTA4YTM5NmRlMjAwMGFjZDQzZDQiLCJlbWFpbCI6InRocml2ZS1pb3MrNEBwbHVtZS5jb20iLCJnZW5kZXIiOiIiLCJiaXJ0aGRhdGUiOiIifQ%3D%3D.TFMeD1F6yDnKUv84X2vnqGcOUgCMuNartc5P8fOMQ9czaINOu%2FsyrkJkpq4YoYbgspjBzkFlrH4VJ5OCDm6UP5QCFhotG1RUoGfnUPG0lbWpRVa%2BgRVOOQ2I0oAg9ZZjqZw%2Fu6M9Mh2raxJgkiLiF82sP94Wj8LcCmGBmnTzr4R8JhTB0ozp67EWagfyuy2YN4QStWYEqZfcIflie3ZHSI2km5XuePIGXOmMr8qH6VDZ8Tub80LweoXRp8emMZ%2F1J3AVclXjVOl1U39kx3b4aaK6vAhRCd1XugFISLV2Hc1iDCpP2VmENM6r2GmOv83gOR5dGvZS%2FwZWfHIh87x36O8utMHpzIc05KogxyrfGlAxIzA7MSBGZNDLeXqJrRrV6qvWnH%2B7LmebFVSr7LlwsdprnIsJnS43SVhKDAfup4nx7wBzTm4vD8sxURiUY1npgl3ptPm3uUc8jNrlhb49Ntn%2B%2FneyirqJtLbBpl3B3iNHx968CrL5e73afQ8UcvQR%2BOdk%2FeHHtLoiGTG4Iqbk5Ta7IGVgzG%2FB2Ho4iWWLm4ljhmaEMAFho7YqH4S1EmbMCSm%2FL8uiBj2ewEhIHAKdG%2FT%2BXLnfneyumyraY2djK00JLoifv5ljMObIDDPdr80l2XCWJJ8wVGQRBAZySNjVRKqEEKGwYs9UH954hu6keMk%3D",
        "refreshToken": "eyJraWQiOiJSZWZyZXNoVG9rZW5TaWduS2V5IiwiY3R5IjoiSldUIiwiZW5jIjoiQTI1NkdDTSIsImFsZyI6IlJTNTEyIn0%3D.AQICAHgg7rlLlhJZMilo20zyx9NECjg%2F8q0XYyoRMcHYs4Nh4AEz1Mk5PhFW7UX8h2bLwlc3AAABUTCCAU0GCSqGSIb3DQEHBqCCAT4wggE6AgEAMIIBMwYJKoZIhvcNAQcBMB4GCWCGSAFlAwQBLjARBAyWGA9lxuaXJUM9KyACARCAggEEvwDES7PTAQs9ZlIsvFAtnrDtFOhBk5FDGw%2B2x3r14Ob0Q0QoIACnoYxTfCRPsIGRC3Ek0PUGhpYnsfhKECMyDqlTM87WGB04vGeyoM1alHOfZwFM99uIDAioLo1Q%2B0zazeKyPJf6BM4CKPObIKdvQ9amG%2FqFr1pGt8kCF%2Bp521BR3TXmNNhrCR%2BiAIIqjB01FgxFN%2FnevJisYCfzuibTIDiI1CPOGaKwGamcuVLoCZAiK6CJeQbKGqlBcGQllcaALpwRCGdTD5MuurVVPM1L%2B9in66h90y2sQfcf%2FDdbtZBoPiNx8%2FI%2FyvSmt8G38YEfodGtBkGYwUucnoVxKF23i%2B%2BrPOU%3D.h%2FSDr7GzUjEhM7ozD2jngIKgHg3gL0t3w5REPXQZytO8OekCqKRHI5HUoGggL31yin6a1xjVLscq3xoGdHZR%2FLQGs9MoWTvaWl09MlLB6Tz5QfG12Wfso7A5SL3Py8iDL1CLlejK%2F%2BBmf1BhtOlQZnpDdspw9B1O9NlYMMm4AfOO1EDO4eThqwIx9pEG%2FttUroXazMFnn%2FhC7tgmX37gcfgALtfYdckVxq24bSJwTx8nKnzYAdAYXEJHPCdahKnVgaqqaihS3Hirn8mhkhwH7paQajglBVOisngfK0ro9oHc9TcU%2FIczSwfheMP5WjsG%2B%2FoxnBgIvPEm6WUfntG14YoggjXhATuriQrqCKWUetvvanL%2Ff%2Blpzu1tkuZsun%2BolQP05G%2B2Yk0PgTWADyR2SzpLHNl5fwnyY5azMhOvB5y4JiLbmauGXYtOK2nacT%2F4ZjE2WXdxL9zajpSO3BLlnAMcxeb4OIWx4umCk0Iz7pH23Pqw4t%2BshpsM%2Fv2LFXvI3aXvG%2BfQb4JBZky0S5%2BLDjYfWZlv7DAidyIQkhbBm6Q5t3AECKTDC9fSAzRyHx%2BoC91hjAJZnExr%2BOygXBktU074u0npE2nsyMVhS%2BROwVHbusXYAkY1YqC1WQy0QkLPge%2FS4Lri0OXoaNCuTaHyRqv3cI5ujTGXKhYjPqJoQIs%3D",
        "identityId": "us-west-2:e6c65e8e-a754-4827-907d-ab34fda35d12"
    }
}

2023-12-27 15:17:44: -----------Request----------->
POST https://thrive-dog1-usw2-api.data.plume.tech/pwb/GetDailyReadinessInsightList

User-Agent: python-requests/2.31.0
Accept-Encoding: gzip, deflate
accept: application/json
Connection: keep-alive
Authorization: Bearer eyJraWQiOiJ1cy13ZXN0LTI0IiwidHlwIjoiSldTIiwiYWxnIjoiUlM1MTIifQ.eyJzdWIiOiJ1cy13ZXN0LTI6ZTZjNjVlOGUtYTc1NC00ODI3LTkwN2QtYWIzNGZkYTM1ZDEyIiwiYXVkIjoidXMtd2VzdC0yOjU2YzQyNDM5LWJlMmMtNDUyMy04YmUwLTEwYjU4ODVlYTczMyIsImFtciI6WyJhdXRoZW50aWNhdGVkIiwic3RhZ2luZy1wd2IucGx1bWUuY29tIiwic3RhZ2luZy1wd2IucGx1bWUuY29tOnVzLXdlc3QtMjo1NmM0MjQzOS1iZTJjLTQ1MjMtOGJlMC0xMGI1ODg1ZWE3MzM6ZXhrZDhjNGtKRk5uVVF0U1Q1V0kwcnB6NmhOa2dteXluWmdMaFlQajJWYnRzOW4ydk90bTF4bzhkSE1FWDhGOCJdLCJpc3MiOiJodHRwczovL2NvZ25pdG8taWRlbnRpdHkuYW1hem9uYXdzLmNvbSIsImh0dHBzOi8vY29nbml0by1pZGVudGl0eS5hbWF6b25hd3MuY29tL2lkZW50aXR5LXBvb2wtYXJuIjoiYXJuOmF3czpjb2duaXRvLWlkZW50aXR5OnVzLXdlc3QtMjoxNDMwODk2MTA0ODI6aWRlbnRpdHlwb29sL3VzLXdlc3QtMjo1NmM0MjQzOS1iZTJjLTQ1MjMtOGJlMC0xMGI1ODg1ZWE3MzMiLCJleHAiOjE3MDM3NDc4NTksImlhdCI6MTcwMzY2MTQ1OX0.Qw3JJNLiUEg_2FncBGQrQL3DMjLZFj_vUJHUhqwonZ_ATt1KXMb5Fr4ExumOHjMnyI3TGNsjWLUq0WZchBJTSgoe5MvG8f5dELv3EjJB4H4RA35uXE6d_WEFtomwg5UmzFHCPr-ejWOWEmco4xbE0XXSfcTxDK5b2CT25F2DuI5_YsMeFOvBMGScwUZHG1rDF-o8TO_5fujC3LVeSbXxnh7fF5ta9EfQJYNZ3zaSrTnl5e8-qfWfoTISDs4tOWMwe5R5vEO8R4YyZVL-piwuidIkECQhvgL-kC4q46fYopWpxbfc1tvDZESwV7fdAqsE15k2bQs5ZN2RYGEBD-OHdw
Content-Type: application/json
Content-Length: 117

{
    "userId": "653f108a396de2000acd43d4",
    "startTime": 1703606400,
    "endTime": 1703692799,
    "pageSize": 7,
    "startKey": ""
}

2023-12-27 15:17:44: <-----------Response-----------
Status code: 200, elapsed seconds: 0.81477

Date: Wed, 27 Dec 2023 07:17:42 GMT
Content-Type: application/json
Content-Length: 356
Connection: keep-alive
x-amzn-RequestId: 37e2a889-793f-4849-983f-371cb5686e5e
Access-Control-Allow-Origin: *
x-amz-apigw-id: Ql1fhERVvHcEpEQ=
X-Amzn-Trace-Id: Root=1-658bcf96-40852daa31eaa4fa0e5631b8;Sampled=0;lineage=774101e1:0

{
    "data": {
        "userId": "653f108a396de2000acd43d4",
        "startTime": 1703606400,
        "endTime": 1703692799,
        "dailyReadinessInsightList": [
            {
                "userId": "653f108a396de2000acd43d4",
                "startTime": 1703621897,
                "endTime": 1703640621,
                "hrvScore": 67.0206414106089,
                "stressScore": 1,
                "readinessScore": 10,
                "utcOffset": 8,
                "timeZone": "Asia/Brunei"
            }
        ]
    },
    "result": {
        "code": 201000,
        "message": "Successfully."
    }
}

