2023-12-04 14:57:42: -----------Request----------->
POST https://thrive-dog1-usw2-api.data.plume.tech/pwb/PlumeCloudLogin

User-Agent: python-requests/2.31.0
Accept-Encoding: gzip, deflate
accept: application/json
Connection: keep-alive
Content-Type: application/json
Content-Length: 73

{
    "email": "thrive-ios+4@plume.com",
    "password": "plume1234",
    "ttl": 3600
}

2023-12-04 14:57:42: <-----------Response-----------
Status code: 200, elapsed seconds: 0.889971

Date: Mon, 04 Dec 2023 06:57:40 GMT
Content-Type: application/json
Content-Length: 729
Connection: keep-alive
x-amzn-RequestId: 04bf4537-0ebd-4e2d-acca-e7ba9623d2e8
Access-Control-Allow-Origin: *
x-amz-apigw-id: PZ-_pE4XPHcEHCg=
X-Amzn-Trace-Id: Root=1-656d7863-4201727a7e56f074788d6c92;Sampled=0;lineage=7fdd2b1e:0

{
    "data": {
        "id": "VvJWnxEmzHw7L6KptAV9kNeLWQc6F8cEPQc7pdEXemwv5nyVqcVDNeAf2GtpuSNi",
        "ttl": 3600,
        "created": "2023-12-04T06:57:40.007Z",
        "userId": "653f108a396de2000acd43d4",
        "expireAt": "2023-12-04T07:57:40.007Z",
        "user": {
            "id": "653f108a396de2000acd43d4",
            "accountId": "3b2c42d4-7cee-4756-b4bd-491cacc1ae57",
            "anonymous": false,
            "autoProvisioned": false,
            "name": "thrive-ios+4",
            "locked": false,
            "partnerId": "mobile_qa_test",
            "acceptLanguage": "en-US",
            "preferredLanguage": "en",
            "source": "customCreate",
            "createdAt": "2023-10-30T02:10:18.214Z",
            "provisioningSsoAuditTrail": false,
            "_version": "1.0.0",
            "email": "thrive-ios+4@plume.com",
            "emailVerified": true,
            "firstKnownLoginTimestamp": "2023-10-30T02:15:53.570Z"
        }
    },
    "result": {
        "code": 201000,
        "message": "Successfully."
    }
}

2023-12-04 14:57:45: -----------Request----------->
POST https://thrive-dog1-usw2-api.data.plume.tech/pwb/AuthenticateWithPlumeToken

User-Agent: python-requests/2.31.0
Accept-Encoding: gzip, deflate
accept: application/json
Connection: keep-alive
Content-Type: application/json
Content-Length: 121

{
    "accessToken": "VvJWnxEmzHw7L6KptAV9kNeLWQc6F8cEPQc7pdEXemwv5nyVqcVDNeAf2GtpuSNi",
    "userId": "653f108a396de2000acd43d4"
}

2023-12-04 14:57:45: <-----------Response-----------
Status code: 200, elapsed seconds: 1.219295

Date: Mon, 04 Dec 2023 06:57:43 GMT
Content-Type: application/json
Content-Length: 3832
Connection: keep-alive
x-amzn-RequestId: e9f91690-7491-43f7-b00c-f23f03df98d8
Access-Control-Allow-Origin: *
x-amz-apigw-id: PZ_AGEE4PHcEZ_Q=
X-Amzn-Trace-Id: Root=1-656d7866-24dc8b763fba2b983b204d50;Sampled=0;lineage=144e69e0:0

{
    "data": {
        "email": "thrive-ios+4@plume.com",
        "userGroup": "admin",
        "userName": "thrive-ios+4",
        "userId": "653f108a396de2000acd43d4",
        "accessToken": "eyJraWQiOiJ1cy13ZXN0LTI0IiwidHlwIjoiSldTIiwiYWxnIjoiUlM1MTIifQ.eyJzdWIiOiJ1cy13ZXN0LTI6Y2M4ODMxYTQtYmI0OC00ODlmLWJkMjYtM2NmZjFhZGQ3ZTY3IiwiYXVkIjoidXMtd2VzdC0yOjU2YzQyNDM5LWJlMmMtNDUyMy04YmUwLTEwYjU4ODVlYTczMyIsImFtciI6WyJhdXRoZW50aWNhdGVkIiwic3RhZ2luZy1wd2IucGx1bWUuY29tIiwic3RhZ2luZy1wd2IucGx1bWUuY29tOnVzLXdlc3QtMjo1NmM0MjQzOS1iZTJjLTQ1MjMtOGJlMC0xMGI1ODg1ZWE3MzM6VnZKV254RW16SHc3TDZLcHRBVjlrTmVMV1FjNkY4Y0VQUWM3cGRFWGVtd3Y1bnlWcWNWRE5lQWYyR3RwdVNOaSJdLCJpc3MiOiJodHRwczovL2NvZ25pdG8taWRlbnRpdHkuYW1hem9uYXdzLmNvbSIsImh0dHBzOi8vY29nbml0by1pZGVudGl0eS5hbWF6b25hd3MuY29tL2lkZW50aXR5LXBvb2wtYXJuIjoiYXJuOmF3czpjb2duaXRvLWlkZW50aXR5OnVzLXdlc3QtMjoxNDMwODk2MTA0ODI6aWRlbnRpdHlwb29sL3VzLXdlc3QtMjo1NmM0MjQzOS1iZTJjLTQ1MjMtOGJlMC0xMGI1ODg1ZWE3MzMiLCJleHAiOjE3MDE3NTk0NjIsImlhdCI6MTcwMTY3MzA2Mn0.boVB5iGOm_wZeS9hhGt8UVm80S1VN2Bawws_fwTsmByhpEd5VZkUlnHie2fQcbinzaUkS12KSN20lnTLzEl3z-6QqdgXo8ncECWCfch_NyVHi0djl-QdWcNTU4pZqYjJrmcnsZ5Nz3y4YhwXR-Rmem70jBn3ngX-k5OEtmVnHqciSa__VpYNlrbCMk2njUHLh1_IxOlFJwi7ecq0UkMtZE6Z3nmmnfgJ4sFUb2o7wETv3fJ_a1iw513DhN9lBzyvKxlUWTpkNFAOSqEriTtoOL41FdUjlp7NG53k6x346n1NIh5We5qo91tE_UJnHTarA5ZHTXrm_SQ00bmIpw6IPg",
        "idToken": "eyJraWQiOiJJZGVudGl0eVRva2VuU2lnbktleSIsImFsZyI6IlJTNTEyIn0%3D.eyJpc3MiOiJhd3MtbGFtYmRhIiwiZXhwIjoxNzE3MjI1MDYzLCJzdWIiOiJpZC10b2tlbiIsImF1ZCI6InJpbmciLCJqdGkiOiI1ZDMwMmFkOC04M2M4LTQwYjQtYjhkOC0zYTJhYjg2YzQ3NDkiLCJ1c2VySWQiOiI2NTNmMTA4YTM5NmRlMjAwMGFjZDQzZDQiLCJlbWFpbCI6InRocml2ZS1pb3MrNEBwbHVtZS5jb20iLCJnZW5kZXIiOiIiLCJiaXJ0aGRhdGUiOiIifQ%3D%3D.ABhr6TkiKJCh%2BtswMYD8LI8O3sGlu2ABN9xJGp2A1pFHZK%2Bw2v9m1V1doMWZ91w63ky1TlFHG6lSeiDmz92Kx10IRC%2FyTtiYLpiJqZSTmr%2FEzddIAtRXsuLm%2BVOjgQENA7E2DS8%2FCO0T2fjvFln0c%2FaNB%2FVUf4YhD3Jo7rf6TF7jbD2mCcI2GtV1jhE4NQiNbw%2BDY7xjYz8W3S4Zzr6i78pnhs8MeIzN7mY1q6MeO3OOX0xmP7a9ae5ZMXyW102tqqCcNPTefhTto3JMP2QWm%2FcB8gwOmxdD6xS9Yo0m9rCnJWGhMMzGm9Ami7UkD1YiG0fsPTbK2CrNLZ%2Bi48XhKL3jQpx44RSW9eYihtFZA0L6W7exP6eyPa92VJt%2FRSKP0g9cOA0mE5hhABunz56nWLQxZOPwchF6r5PlrjjrRoedITrQG1gRCWMzlBOkreA7MpL2dHr4sY6RzWyOt5eEXGkUHu07Q3xqPwLEk5%2Beb9VNm3LFh0RQvIxHshU8Ls7a6p2smjvgZHBVaiSJnXyCb51fOwOaNXbcd%2BlUBKiHli8oLfNrmMYnP8gk25EKtVuPKFZLoXnK2esXyNOFgw8Dko2cYatq2AqKyXgaBX93mHYmmmRwJT2UduN1xcwsegOe785gB2nonxGS2WeUpgV%2BcLxiMis4wGAdTYjgLht%2BO0c%3D",
        "refreshToken": "eyJraWQiOiJSZWZyZXNoVG9rZW5TaWduS2V5IiwiY3R5IjoiSldUIiwiZW5jIjoiQTI1NkdDTSIsImFsZyI6IlJTNTEyIn0%3D.AQICAHgg7rlLlhJZMilo20zyx9NECjg%2F8q0XYyoRMcHYs4Nh4AHlak1dvIzTb0KbkBSYPwVsAAABUTCCAU0GCSqGSIb3DQEHBqCCAT4wggE6AgEAMIIBMwYJKoZIhvcNAQcBMB4GCWCGSAFlAwQBLjARBAy%2F8SAXbWCMflaw6IMCARCAggEEwOuTgQzc1kQXgA9%2BaVACI%2FmICjUoz9FUlKGIOIN9a6lKAdkMBzdH44hd849R6a3oSOVDExMSzMrQ%2BfMDkrbZAJY5ZHphHnKXDhH03qyHmIl0rXRXlw%2FfwgOQm9hO7Er8hv8Ny7v4wpk3GAlbfvh4X%2B%2Buu10KU1cobvQ0WA062SPXxhpoYm0ykFpT7U89U6seICPaCqLlZH2jbv7Kgtk40MrTh4VGwoC2sYbhV1xZnmCwUGYQVhc2ZCsjPD5lmAj14%2BlMHZ%2FMIK5eE1Ck%2FDl529LIYynsPlwh5ye%2BlkLF%2FMbF7FQLMIP5Rzg7%2BJ223kfxx4cvpio9NXalufH2751W%2FV5LSGU%3D.Io1taeJzV2ESiQfFJWsPCbL7vPU4xyKQAQgz1QVPzTsl2Gfz%2F6Mfy4YeLi6eVDU0QDYoMK6XF%2FKgQ%2F1KW%2BBPjfB9CDZCIMjCr9Lks%2FaRO0TvQxsxwbIi6NU0iyfAPUTNH3v9vCcKuHCdP99P%2Bx7aj%2BVsc1iPHmCHuh51E%2FuADr9MtiLntLhNhkuxp5j7oI2nUTJZBv%2Be0eh%2FToI9pebTrqMbbZKFjALFymOBJd00QI7bIvrrr4peM8PrKS8Ia%2Fnmf8odMYkZ68X4ZYin8u%2BhbDTJIolBGHs0uQ6WABa19DNcbIIl6hSvpnvb9y%2F1ScI7ZTGWLBaAJyJJjDrj5liM6Zk2GU%2ByLoGi9ue%2BP73QqZf6CBVd7GUdXJJCJWL1it63MXnhr%2Fs20VNJ8CCL25UC2wj9c21zzHCRj5sMutxS7tv3IQ8YefhSCexfEgSVUYAovgqe00Farf45yylNaVqs4STI4LKmlC%2FaQ%2FZ7uHl0Suh1SLlrCXNPsJUlG%2B7sR0fRrQs8Eyp194ws%2BMASusbMi%2BtludqrpMkTHF9JDtlpsH8xOoxNX4hbVKrezzPUcI8OI4SOjahmacDzFU6TNjrsjHSU15Y7hoPYFaj08r0xoyKRXr0Ji8zk%2FoxLr2Xxk7%2B6gePmFr%2FvbwgYphiCWqk%2FdNPWnjq8D6sv%2B4q8s7hXkmI%3D",
        "identityId": "us-west-2:cc8831a4-bb48-489f-bd26-3cff1add7e67"
    }
}

2023-12-04 14:57:48: -----------Request----------->
POST https://thrive-dog1-usw2-api.data.plume.tech/pwb/GetFitnessActivityList

User-Agent: python-requests/2.31.0
Accept-Encoding: gzip, deflate
accept: application/json
Connection: keep-alive
Authorization: Bearer eyJraWQiOiJ1cy13ZXN0LTI0IiwidHlwIjoiSldTIiwiYWxnIjoiUlM1MTIifQ.eyJzdWIiOiJ1cy13ZXN0LTI6Y2M4ODMxYTQtYmI0OC00ODlmLWJkMjYtM2NmZjFhZGQ3ZTY3IiwiYXVkIjoidXMtd2VzdC0yOjU2YzQyNDM5LWJlMmMtNDUyMy04YmUwLTEwYjU4ODVlYTczMyIsImFtciI6WyJhdXRoZW50aWNhdGVkIiwic3RhZ2luZy1wd2IucGx1bWUuY29tIiwic3RhZ2luZy1wd2IucGx1bWUuY29tOnVzLXdlc3QtMjo1NmM0MjQzOS1iZTJjLTQ1MjMtOGJlMC0xMGI1ODg1ZWE3MzM6VnZKV254RW16SHc3TDZLcHRBVjlrTmVMV1FjNkY4Y0VQUWM3cGRFWGVtd3Y1bnlWcWNWRE5lQWYyR3RwdVNOaSJdLCJpc3MiOiJodHRwczovL2NvZ25pdG8taWRlbnRpdHkuYW1hem9uYXdzLmNvbSIsImh0dHBzOi8vY29nbml0by1pZGVudGl0eS5hbWF6b25hd3MuY29tL2lkZW50aXR5LXBvb2wtYXJuIjoiYXJuOmF3czpjb2duaXRvLWlkZW50aXR5OnVzLXdlc3QtMjoxNDMwODk2MTA0ODI6aWRlbnRpdHlwb29sL3VzLXdlc3QtMjo1NmM0MjQzOS1iZTJjLTQ1MjMtOGJlMC0xMGI1ODg1ZWE3MzMiLCJleHAiOjE3MDE3NTk0NjIsImlhdCI6MTcwMTY3MzA2Mn0.boVB5iGOm_wZeS9hhGt8UVm80S1VN2Bawws_fwTsmByhpEd5VZkUlnHie2fQcbinzaUkS12KSN20lnTLzEl3z-6QqdgXo8ncECWCfch_NyVHi0djl-QdWcNTU4pZqYjJrmcnsZ5Nz3y4YhwXR-Rmem70jBn3ngX-k5OEtmVnHqciSa__VpYNlrbCMk2njUHLh1_IxOlFJwi7ecq0UkMtZE6Z3nmmnfgJ4sFUb2o7wETv3fJ_a1iw513DhN9lBzyvKxlUWTpkNFAOSqEriTtoOL41FdUjlp7NG53k6x346n1NIh5We5qo91tE_UJnHTarA5ZHTXrm_SQ00bmIpw6IPg
Content-Type: application/json
Content-Length: 117

{
    "userId": "653f108a396de2000acd43d4",
    "startTime": 1701619200,
    "endTime": 1701705599,
    "pageSize": 5,
    "startKey": ""
}

2023-12-04 14:57:48: <-----------Response-----------
Status code: 200, elapsed seconds: 1.151539

Date: Mon, 04 Dec 2023 06:57:46 GMT
Content-Type: application/json
Content-Length: 522
Connection: keep-alive
x-amzn-RequestId: 848ad833-9884-4c0a-8a04-dee5f197d32f
Access-Control-Allow-Origin: *
x-amz-apigw-id: PZ_AmE0KvHcELUw=
X-Amzn-Trace-Id: Root=1-656d7869-0d32ce3c3787124c39d293a8;Sampled=0;lineage=557b233b:0

{
    "data": {
        "startTime": 1701619200,
        "endTime": 1701705599,
        "userId": "653f108a396de2000acd43d4",
        "activitiesList": [
            {
                "activityId": "activity_653f108a396de2000acd43d460:b4:f7:f5:04:d2_1701654752",
                "userId": "653f108a396de2000acd43d4",
                "fitnessActivityTypeId": 1,
                "userConfirmation": "Unkown",
                "manualActivity": false,
                "state": "completed",
                "startTimeStamp": 1701654752,
                "duration": 431,
                "stepCount": 557,
                "highHrRate": 129,
                "lowHrRate": 81,
                "avgHrRate": 112,
                "highSpo2": 100,
                "lowSpo2": 100,
                "avgSpo2": 100
            }
        ]
    },
    "result": {
        "code": 201000,
        "message": "Successfully."
    }
}

