2023-12-21 14:05:10: -----------Request----------->
POST https://thrive-dog1-usw2-api.data.plume.tech/pwb/PlumeCloudLogin

User-Agent: python-requests/2.31.0
Accept-Encoding: gzip, deflate
accept: application/json
Connection: keep-alive
Content-Type: application/json
Content-Length: 73

{
    "email": "thrive-ios+4@plume.com",
    "password": "plume1234",
    "ttl": 3600
}

2023-12-21 14:05:10: <-----------Response-----------
Status code: 200, elapsed seconds: 1.719124

Date: Thu, 21 Dec 2023 06:05:08 GMT
Content-Type: application/json
Content-Length: 729
Connection: keep-alive
x-amzn-RequestId: 8fcb3d6a-eb1e-4fde-bf71-36424311f028
Access-Control-Allow-Origin: *
x-amz-apigw-id: QR5PFHnpvHcEfbA=
X-Amzn-Trace-Id: Root=1-6583d593-467e06ee36657f5a559b7447;Sampled=0;lineage=7fdd2b1e:0

{
    "data": {
        "id": "tTDVfYRscGpaTTCxZmJSJgyfFOMvljOhDTV9PtaPktrBi3SUb4hcW3JcIFIW0QPo",
        "ttl": 3600,
        "created": "2023-12-21T06:05:03.481Z",
        "userId": "653f108a396de2000acd43d4",
        "expireAt": "2023-12-21T07:05:03.481Z",
        "user": {
            "id": "653f108a396de2000acd43d4",
            "accountId": "3b2c42d4-7cee-4756-b4bd-491cacc1ae57",
            "anonymous": false,
            "autoProvisioned": false,
            "name": "thrive-ios+4",
            "locked": false,
            "partnerId": "mobile_qa_test",
            "acceptLanguage": "en-US",
            "preferredLanguage": "en",
            "source": "customCreate",
            "createdAt": "2023-10-30T02:10:18.214Z",
            "provisioningSsoAuditTrail": false,
            "_version": "1.0.0",
            "email": "thrive-ios+4@plume.com",
            "emailVerified": true,
            "firstKnownLoginTimestamp": "2023-10-30T02:15:53.570Z"
        }
    },
    "result": {
        "code": 201000,
        "message": "Successfully."
    }
}

2023-12-21 14:05:14: -----------Request----------->
POST https://thrive-dog1-usw2-api.data.plume.tech/pwb/AuthenticateWithPlumeToken

User-Agent: python-requests/2.31.0
Accept-Encoding: gzip, deflate
accept: application/json
Connection: keep-alive
Content-Type: application/json
Content-Length: 121

{
    "accessToken": "tTDVfYRscGpaTTCxZmJSJgyfFOMvljOhDTV9PtaPktrBi3SUb4hcW3JcIFIW0QPo",
    "userId": "653f108a396de2000acd43d4"
}

2023-12-21 14:05:14: <-----------Response-----------
Status code: 200, elapsed seconds: 2.100366

Date: Thu, 21 Dec 2023 06:05:12 GMT
Content-Type: application/json
Content-Length: 3812
Connection: keep-alive
x-amzn-RequestId: 548d5975-d392-463b-95cb-f09dd8b2a87b
Access-Control-Allow-Origin: *
x-amz-apigw-id: QR5PrEx0PHcELHA=
X-Amzn-Trace-Id: Root=1-6583d597-16a43e325cbd2c0e74fe4ff7;Sampled=0;lineage=144e69e0:0

{
    "data": {
        "email": "thrive-ios+4@plume.com",
        "userGroup": "admin",
        "userName": "thrive-ios+4",
        "userId": "653f108a396de2000acd43d4",
        "accessToken": "eyJraWQiOiJ1cy13ZXN0LTI0IiwidHlwIjoiSldTIiwiYWxnIjoiUlM1MTIifQ.eyJzdWIiOiJ1cy13ZXN0LTI6OTE1NjUwNTgtYTBlMC00ZWUxLWFiMWQtYmFlMzU4ZGVkN2I0IiwiYXVkIjoidXMtd2VzdC0yOjU2YzQyNDM5LWJlMmMtNDUyMy04YmUwLTEwYjU4ODVlYTczMyIsImFtciI6WyJhdXRoZW50aWNhdGVkIiwic3RhZ2luZy1wd2IucGx1bWUuY29tIiwic3RhZ2luZy1wd2IucGx1bWUuY29tOnVzLXdlc3QtMjo1NmM0MjQzOS1iZTJjLTQ1MjMtOGJlMC0xMGI1ODg1ZWE3MzM6dFREVmZZUnNjR3BhVFRDeFptSlNKZ3lmRk9NdmxqT2hEVFY5UHRhUGt0ckJpM1NVYjRoY1czSmNJRklXMFFQbyJdLCJpc3MiOiJodHRwczovL2NvZ25pdG8taWRlbnRpdHkuYW1hem9uYXdzLmNvbSIsImh0dHBzOi8vY29nbml0by1pZGVudGl0eS5hbWF6b25hd3MuY29tL2lkZW50aXR5LXBvb2wtYXJuIjoiYXJuOmF3czpjb2duaXRvLWlkZW50aXR5OnVzLXdlc3QtMjoxNDMwODk2MTA0ODI6aWRlbnRpdHlwb29sL3VzLXdlc3QtMjo1NmM0MjQzOS1iZTJjLTQ1MjMtOGJlMC0xMGI1ODg1ZWE3MzMiLCJleHAiOjE3MDMyMjUxMTIsImlhdCI6MTcwMzEzODcxMn0.gPGn3vVMYJ3uP2oRJTe_iaTLUCmbRyWKhHZZhZGH8AjllV3C817GxTW5rBLSQhfWOybLJRMPU-TSo2UQZJdAAR1Wibd7utGyQ0aOVvunakF-UwA78NpwmRFYegQ6zIlxtQeekyKgLwu1yov6rpNCI4BqaNfpiMHqeUn32db5CVSt6HVuK5JLhegFRpP90YSK0ztxVBCJd7hEhICR920Cj8VecOCrajJA0KlQ6kfG-6eemyG59FM23puKQGtboMeZ80nr4c6u0vcIwB8Mn_PL_mlIBN8H4WcqiM4LI3TpGSCU6bBHXwKGXAeuAPWgdFGBuDBHuwsouD9jsDsH7tbLLg",
        "idToken": "eyJraWQiOiJJZGVudGl0eVRva2VuU2lnbktleSIsImFsZyI6IlJTNTEyIn0%3D.eyJpc3MiOiJhd3MtbGFtYmRhIiwiZXhwIjoxNzE4NjkwNzEyLCJzdWIiOiJpZC10b2tlbiIsImF1ZCI6InJpbmciLCJqdGkiOiI5YzcwMTIzMS04MmNjLTRjMTgtYTg3Yi1iZjc0ZDg3ZjdhNTkiLCJ1c2VySWQiOiI2NTNmMTA4YTM5NmRlMjAwMGFjZDQzZDQiLCJlbWFpbCI6InRocml2ZS1pb3MrNEBwbHVtZS5jb20iLCJnZW5kZXIiOiIiLCJiaXJ0aGRhdGUiOiIifQ%3D%3D.WomvUexsM2lI%2BceRPohCdbi3XzFVKVJjbsAX6TCWSK9ZuEXP25%2BsMuB7LMTuQTvj2kiKPk44MbG6%2B9zKjb1ev4jEZYXots1IWXx%2BE6UCDM2o6w2vjRBdPLKSzqymp20osyW4MBprTvAbELVUT2LCIEpLbRFWOrOcTx6UnjcKGC4mRnPGskARktdSgkXPAuoirLtkjAahB%2F3X8iLd2U%2BeGmwYsQF3CcwzKFINu4%2FdCcGtx8xS8984%2Fa0pQfbezuOUN5jQUrOS9d4%2BO%2BjqETP9uW%2FQ1NNtebOC%2B%2FxJ%2BKs4Q%2FmtJGTqQ3vzCMtXDWDbSNi2qtDvlHuMvkj0x8ChSLA05vNl4ewSAErXO55OhrSYufxHU493bSRj5BppxBBCk%2Fa8FtAOo6L3q2SUikLHJZ2qZ8Pml862v6PrM%2BG6MCy%2B4l2V24smoKqYFTKdXyvzZd4g1aT19Nnf4ICAVpovpDPmI1gGAwKOzxiy2B3Xurq5BQmWugw%2Bth7ZJ6qZ%2BlOmc8cYcuwcqp28eJsAx25s61%2F8oriXuWNkXTqB9PmtPwrlrazQ4oNwI8DYxssBMPtOGIBBRZ49ETaQBjpcfdDYchGnrgaa3AuBVYzSxlqdqELjfeLzG6t5oN13ccV1aZYyli0g4PkthmfMNuyyfEYotgFqVaK7Abjcz6vOZmodtoackMQ%3D",
        "refreshToken": "eyJraWQiOiJSZWZyZXNoVG9rZW5TaWduS2V5IiwiY3R5IjoiSldUIiwiZW5jIjoiQTI1NkdDTSIsImFsZyI6IlJTNTEyIn0%3D.AQICAHgg7rlLlhJZMilo20zyx9NECjg%2F8q0XYyoRMcHYs4Nh4AGwGM3eJVGO2rxy8hb4wvy0AAABUTCCAU0GCSqGSIb3DQEHBqCCAT4wggE6AgEAMIIBMwYJKoZIhvcNAQcBMB4GCWCGSAFlAwQBLjARBAy1OWLtLE5zfd8XpL8CARCAggEEB0mX9YKIadh0PxyYi9iQYVujtIgbrMyX1lnKXzdtenNheT69rZ4Ww%2Bjf0uFyQE6NXMORfaaPH8hXPobsLpOHaAQ1Ari9dqhJ3v%2FYzI2FK7f9%2BVhgJ0pUxhNpunyUPQUnjvh0QQUTqK9Mlmf%2FhO9kAuH1K6vnbXsjEhJ7M3eLuKcw%2BQYdAWZKhOxVooIValm8pM9r9SKze%2Bk9vQAs5mTwXTm4aEOTJ0axTYV2dn05XWc%2BBg2Yt6QdIXWSq9tfgn602nCaUhQxW1iB1kSOpeTZeJDyo%2Bw62rwUoxFsGMzYwaFWvOcLFF4hplNuvocjOcXxFaj%2Felpn%2FrEqmDISKT4ndvWv3IU%3D.ZQ2P6DwLhSvzGeyiJA0nKScDGFdFFQypDIS1sjXnnd1pPmmGUOWDpASIjq5X0ln8wkdCST9yWY1QbagKXtr4OL0CFRvm2G2P73o0OOfpoAsKfLzaCpIAJE%2BkdP3L%2B9J5CGgSUgJMCr3jLv0pEhMr1ChIHAGm8FN8dk7KNQ6JrQ3KlFeCfIW0UYeooGbHHA5mKBtGI49lHHq3F0eiQs1CnFUsjq%2FaCn5RUG7t%2B1bqxeDuf7kBlNn9sUfiNe2jW0iadxMCHoVoUJ52FMQPI1xZfotZYFzofpN8HMob5L9%2BpfKIBZ6u1xrJBY2tl3xF3kK%2BEt4Hp0yg8HNDxhmuJ91qfrLJ224v85jOL7hZtYeE0xfV1lVyhOqmHpJWGfctN9%2FphNPxBeT3gJxB0DPJXR5BfECwK7IzGwDETKJ0LRFdp8Rx82tEMYXjFBJZh18YrSUgwI%2FwFDq7Vdq%2B87jtnr%2BEA0rymnVt%2Bjq27jrDgkEsflQQEz4LPJygbMsdJs73eZZKKUcPlRJKiSx%2Fu3di0n6k4XvjPQWzXJo8cuBLIRlYy4ZBl4qxhgCtO9yWUbma%2BFt3kepn5hj2DUuL56rZwy89sjrvo8XI7%2F0qDvSxspMUD92gS935VVtKnffrUS59KQXEXmx1N9bMaG2ffXSpxt%2Fh7US0XDOBme1lS7DUyK5Aec4%3D",
        "identityId": "us-west-2:91565058-a0e0-4ee1-ab1d-bae358ded7b4"
    }
}

2023-12-21 14:05:17: -----------Request----------->
POST https://thrive-dog1-usw2-api.data.plume.tech/pwb/GetDailySleepInsightList

User-Agent: python-requests/2.31.0
Accept-Encoding: gzip, deflate
accept: application/json
Connection: keep-alive
Authorization: Bearer eyJraWQiOiJ1cy13ZXN0LTI0IiwidHlwIjoiSldTIiwiYWxnIjoiUlM1MTIifQ.eyJzdWIiOiJ1cy13ZXN0LTI6OTE1NjUwNTgtYTBlMC00ZWUxLWFiMWQtYmFlMzU4ZGVkN2I0IiwiYXVkIjoidXMtd2VzdC0yOjU2YzQyNDM5LWJlMmMtNDUyMy04YmUwLTEwYjU4ODVlYTczMyIsImFtciI6WyJhdXRoZW50aWNhdGVkIiwic3RhZ2luZy1wd2IucGx1bWUuY29tIiwic3RhZ2luZy1wd2IucGx1bWUuY29tOnVzLXdlc3QtMjo1NmM0MjQzOS1iZTJjLTQ1MjMtOGJlMC0xMGI1ODg1ZWE3MzM6dFREVmZZUnNjR3BhVFRDeFptSlNKZ3lmRk9NdmxqT2hEVFY5UHRhUGt0ckJpM1NVYjRoY1czSmNJRklXMFFQbyJdLCJpc3MiOiJodHRwczovL2NvZ25pdG8taWRlbnRpdHkuYW1hem9uYXdzLmNvbSIsImh0dHBzOi8vY29nbml0by1pZGVudGl0eS5hbWF6b25hd3MuY29tL2lkZW50aXR5LXBvb2wtYXJuIjoiYXJuOmF3czpjb2duaXRvLWlkZW50aXR5OnVzLXdlc3QtMjoxNDMwODk2MTA0ODI6aWRlbnRpdHlwb29sL3VzLXdlc3QtMjo1NmM0MjQzOS1iZTJjLTQ1MjMtOGJlMC0xMGI1ODg1ZWE3MzMiLCJleHAiOjE3MDMyMjUxMTIsImlhdCI6MTcwMzEzODcxMn0.gPGn3vVMYJ3uP2oRJTe_iaTLUCmbRyWKhHZZhZGH8AjllV3C817GxTW5rBLSQhfWOybLJRMPU-TSo2UQZJdAAR1Wibd7utGyQ0aOVvunakF-UwA78NpwmRFYegQ6zIlxtQeekyKgLwu1yov6rpNCI4BqaNfpiMHqeUn32db5CVSt6HVuK5JLhegFRpP90YSK0ztxVBCJd7hEhICR920Cj8VecOCrajJA0KlQ6kfG-6eemyG59FM23puKQGtboMeZ80nr4c6u0vcIwB8Mn_PL_mlIBN8H4WcqiM4LI3TpGSCU6bBHXwKGXAeuAPWgdFGBuDBHuwsouD9jsDsH7tbLLg
Content-Type: application/json
Content-Length: 134

{
    "userId": "653f108a396de2000acd43d4",
    "startTime": 1703088000,
    "endTime": 1703174399,
    "pageSize": 1,
    "startKey": "",
    "utcOffset": -8
}

2023-12-21 14:05:17: <-----------Response-----------
Status code: 200, elapsed seconds: 0.815701

Date: Thu, 21 Dec 2023 06:05:15 GMT
Content-Type: application/json
Content-Length: 580
Connection: keep-alive
x-amzn-RequestId: 3dcfb010-efe1-4bbf-9575-24b544caf97c
Access-Control-Allow-Origin: *
x-amz-apigw-id: QR5QUE0cvHcEmyQ=
X-Amzn-Trace-Id: Root=1-6583d59b-67baa8837196a1fe5fcda9c9;Sampled=0;lineage=75671f14:0

{
    "data": {
        "userId": "653f108a396de2000acd43d4",
        "startTime": 1703088000,
        "endTime": 1703174399,
        "startKey": "",
        "dailySleepInsightList": [
            {
                "deepSleepTime": 3000,
                "awakeTime": 300,
                "remTime": 2400,
                "lightSleepTime": 12902,
                "totalSleepTime": 18302,
                "wakeUpTimes": 1,
                "userId": "653f108a396de2000acd43d4",
                "sleepDate": 1703088000,
                "timeZone": "Asia/Brunei",
                "utcOffset": 8,
                "startTime": 1703103557,
                "endTime": 1703122159,
                "maxHr": 135,
                "minHr": 59,
                "maxSpo2": 100,
                "minSpo2": 90,
                "sleepSessionId": "354195286fe10268efc035dd442865fb",
                "avgHr": 70,
                "avgSpo2": 99,
                "sleepScore": 4
            }
        ]
    },
    "result": {
        "code": 201000,
        "message": "Successfully."
    }
}

