2024-01-02 10:34:31: -----------Request----------->
POST https://thrive-dog1-usw2-api.data.plume.tech/pwb/PlumeCloudLogin

User-Agent: python-requests/2.31.0
Accept-Encoding: gzip, deflate
accept: application/json
Connection: keep-alive
Content-Type: application/json
Content-Length: 73

{
    "email": "thrive-ios+4@plume.com",
    "password": "plume1234",
    "ttl": 3600
}

2024-01-02 10:34:31: <-----------Response-----------
Status code: 200, elapsed seconds: 0.886386

Date: Tue, 02 Jan 2024 02:34:29 GMT
Content-Type: application/json
Content-Length: 729
Connection: keep-alive
x-amzn-RequestId: 7bf4e810-33cc-4799-84cf-e3c409e76b2a
Access-Control-Allow-Origin: *
x-amz-apigw-id: Q49oVGPBvHcEKPw=
X-Amzn-Trace-Id: Root=1-65937635-3b098fc814a436214c27e635;Sampled=0;lineage=7fdd2b1e:0

{
    "data": {
        "id": "YbOyoogfQnGwVCCwaRfnrUSd4qQ2d18h2HVOItv6cGt0j0ikhMkbMiHsxYKfb3sV",
        "ttl": 3600,
        "created": "2024-01-02T02:34:30.867Z",
        "userId": "653f108a396de2000acd43d4",
        "expireAt": "2024-01-02T03:34:30.867Z",
        "user": {
            "id": "653f108a396de2000acd43d4",
            "accountId": "3b2c42d4-7cee-4756-b4bd-491cacc1ae57",
            "anonymous": false,
            "autoProvisioned": false,
            "name": "thrive-ios+4",
            "locked": false,
            "partnerId": "mobile_qa_test",
            "acceptLanguage": "en-US",
            "preferredLanguage": "en",
            "source": "customCreate",
            "createdAt": "2023-10-30T02:10:18.214Z",
            "provisioningSsoAuditTrail": false,
            "_version": "1.0.0",
            "email": "thrive-ios+4@plume.com",
            "emailVerified": true,
            "firstKnownLoginTimestamp": "2023-10-30T02:15:53.570Z"
        }
    },
    "result": {
        "code": 201000,
        "message": "Successfully."
    }
}

2024-01-02 10:34:34: -----------Request----------->
POST https://thrive-dog1-usw2-api.data.plume.tech/pwb/AuthenticateWithPlumeToken

User-Agent: python-requests/2.31.0
Accept-Encoding: gzip, deflate
accept: application/json
Connection: keep-alive
Content-Type: application/json
Content-Length: 121

{
    "accessToken": "YbOyoogfQnGwVCCwaRfnrUSd4qQ2d18h2HVOItv6cGt0j0ikhMkbMiHsxYKfb3sV",
    "userId": "653f108a396de2000acd43d4"
}

2024-01-02 10:34:34: <-----------Response-----------
Status code: 200, elapsed seconds: 1.177757

Date: Tue, 02 Jan 2024 02:34:32 GMT
Content-Type: application/json
Content-Length: 3810
Connection: keep-alive
x-amzn-RequestId: 3582b50e-b282-4ffc-bc8e-13bbbdf9cc83
Access-Control-Allow-Origin: *
x-amz-apigw-id: Q49oyFcpPHcEtag=
X-Amzn-Trace-Id: Root=1-65937637-2a34247450b4e3430a527e7d;Sampled=0;lineage=144e69e0:0

{
    "data": {
        "email": "thrive-ios+4@plume.com",
        "userGroup": "admin",
        "userName": "thrive-ios+4",
        "userId": "653f108a396de2000acd43d4",
        "accessToken": "eyJraWQiOiJ1cy13ZXN0LTI0IiwidHlwIjoiSldTIiwiYWxnIjoiUlM1MTIifQ.eyJzdWIiOiJ1cy13ZXN0LTI6OWE5MjMwYmItYTEyOC00MjJhLWE3MDgtMTNjM2RjODBmOTkwIiwiYXVkIjoidXMtd2VzdC0yOjU2YzQyNDM5LWJlMmMtNDUyMy04YmUwLTEwYjU4ODVlYTczMyIsImFtciI6WyJhdXRoZW50aWNhdGVkIiwic3RhZ2luZy1wd2IucGx1bWUuY29tIiwic3RhZ2luZy1wd2IucGx1bWUuY29tOnVzLXdlc3QtMjo1NmM0MjQzOS1iZTJjLTQ1MjMtOGJlMC0xMGI1ODg1ZWE3MzM6WWJPeW9vZ2ZRbkd3VkNDd2FSZm5yVVNkNHFRMmQxOGgySFZPSXR2NmNHdDBqMGlraE1rYk1pSHN4WUtmYjNzViJdLCJpc3MiOiJodHRwczovL2NvZ25pdG8taWRlbnRpdHkuYW1hem9uYXdzLmNvbSIsImh0dHBzOi8vY29nbml0by1pZGVudGl0eS5hbWF6b25hd3MuY29tL2lkZW50aXR5LXBvb2wtYXJuIjoiYXJuOmF3czpjb2duaXRvLWlkZW50aXR5OnVzLXdlc3QtMjoxNDMwODk2MTA0ODI6aWRlbnRpdHlwb29sL3VzLXdlc3QtMjo1NmM0MjQzOS1iZTJjLTQ1MjMtOGJlMC0xMGI1ODg1ZWE3MzMiLCJleHAiOjE3MDQyNDkyNzIsImlhdCI6MTcwNDE2Mjg3Mn0.TlP0yZotMpjlhZWQEH9iqEoubJ_UgSz0AqaZgPPt_WbayU9FoO_BqpOGkROK7u1oRMu9pXyiH2fatXCxV8HEPFiZnb2TIcGgTYZ3lXvR6jWelWTyWFRLyJfa9qAPoySW-nATsfQeTZcvEiGNOv34gli0VdcG8y4jZARh-vkpKji2X8S7YZWsrwLx60kNF-FLqzQ9rYs_09GFF4ZpRNkS60ei-p1DP3alZ0yNAh_bEkWsJdESgczz16_B5us8wDDieeXp_JHpb9lQHDq0MUua5Kj1gDslpqc5wo438Dv_jf5KePJWOZfOF9AbcjwlvD1iJ6UyNAoN6MenUax15pOSsQ",
        "idToken": "eyJraWQiOiJJZGVudGl0eVRva2VuU2lnbktleSIsImFsZyI6IlJTNTEyIn0%3D.eyJpc3MiOiJhd3MtbGFtYmRhIiwiZXhwIjoxNzE5NzE0ODcyLCJzdWIiOiJpZC10b2tlbiIsImF1ZCI6InJpbmciLCJqdGkiOiI5MWQxZGM4My02MTFhLTQ2M2ItOGIwZS0xNDNmMWQ1NWUxYjYiLCJ1c2VySWQiOiI2NTNmMTA4YTM5NmRlMjAwMGFjZDQzZDQiLCJlbWFpbCI6InRocml2ZS1pb3MrNEBwbHVtZS5jb20iLCJnZW5kZXIiOiIiLCJiaXJ0aGRhdGUiOiIifQ%3D%3D.UVtCuMPjgUr6nJbopgtFjNiKVzhUuC0ZKvpOe2tsvb4kwA612IeTG939stSgTEckShV7Qo%2BempZ9%2FQ2siE09GaaSDVr1VUT7YN4MWeUDR8Pp2l9dNqJToXjreq9uwH3oSRRqxP%2FDL9r%2FhzbsAsZ1F8gVNfyM42Z4GDidO2BLcCj8HNjWbCnoLJApcy%2F3zWbD0exjCFNjsxeXyP%2BPA96rNFQLS37vzpphXvVUHlWQoIGHK9mKfEhXRyX%2BDBXf%2BsveA6polbejuzyhlv3yCYmANpbbVbIiLfN7IyEEqe3YYbv62FK3RlVV8sapqMwJJkb33jOz5PDVZzkJQQrus9YJZ96WEqkK%2BssvObB8PJJTrVF0MiqRhqYRaun9kR%2BAx1wYEos4ujCY3es29n0f71JkY8jUNXBAO%2BMx%2F3aFh8H7HcQRpI8v%2BKdgNBJdgrjOza37WQa3onirv6%2BBX2hll189EQ6oXqfQ3Y%2FyM3%2Br2yDWxjeckhqnh2lMsKYTaLtfV1OMWmPqF5U2WP4qzo33eapAkvVHu88mla1K9DSswRr%2FOgjig49%2Bu5DXBcRIEC7y9Tn%2F%2Fdu6Kc5fakkk%2F91nlJHj5n1U1KKb3C6Bt0Vl69Cis79R4wP%2FvgS51eqiL0BNR%2BxARv8PTLd3u94hxzGHbJuUB6Pth8VQ3DZ97po8CbU3i0E%3D",
        "refreshToken": "eyJraWQiOiJSZWZyZXNoVG9rZW5TaWduS2V5IiwiY3R5IjoiSldUIiwiZW5jIjoiQTI1NkdDTSIsImFsZyI6IlJTNTEyIn0%3D.AQICAHgg7rlLlhJZMilo20zyx9NECjg%2F8q0XYyoRMcHYs4Nh4AGfBA2lbpMItoHbGyj9dA7aAAABUTCCAU0GCSqGSIb3DQEHBqCCAT4wggE6AgEAMIIBMwYJKoZIhvcNAQcBMB4GCWCGSAFlAwQBLjARBAx62%2FL11lV9plPE2pUCARCAggEEtB3gNRzPCoH9VlNLQf76PxPDQQEG2K%2F1WBmSBvX8ymAhJYkafWRFRwouzv%2FNisoKybpxsMRp9rPySxiBvWDlULPsfKYhzltfudXBSXANBVn9AJENg8HGEABBWw8%2BaS8geXwqrwvGAUvUTWoJ85PrDlGSvFmJ%2BH6uci2cXaRr4tVKoG0Ud4w6gIu1R95FBxj0hVhqCM3BozJwn5iGhPVzRNHBrQgl5vwO7LmtTqyeExHpTv1MapFEGLBTXGCxTle03S9cHVVfvfvwXTjpdlog0CQ3aVyMNQm26rqx0qJcdqy3bddBHOG%2FQTGYTESNfGW30LEYRDfHZRiQHMnwFxevUZ2AQr4%3D.Z0GL1z5bZPHZ72GtSwKkC7ueKaQ8kuZF1tpv4yR3pvngM2xuJDymjKvTtehnb9kz1lTOAiiUUzgKXDkq5yZhvQ3PFYMGVLbHIHaeEwmF0BzIqyX0lCTJEA1N20EU%2BAc1NFYQnt87KmCF9rKs53%2BmLR3YgYIRkIvjEUVNmONE4Ln0Gj402SLLZz4oVQW1Y82vU9Hnzw86VkVPNSCoIawX5pq5HQ0k0WaT1mHFct5FiPVGji0%2BUbir3D%2BEQ2xVlBlZKZzImbLPiPGARkyY0tLBLBo5Ck3%2BJTxOTMwlJHdlKz5BkgZRn1psuERQjBg4aECrzH0gnHQuejA2kCKzq7yIv1DCkBTgoMlgH74pGlgcFk4pY5aRX9UaO4A2ISGKr7nMLBLt6M6Jc41xdhqOqBQG9pQ%2BB4qyQBYAAMXFJJtAjwmKUUlgaMuoBs6jEyDJu9Lf%2B6M2S7h1jaKRA4EC67p%2BwHCV8ME%2BjawJeygOTdIkPsEAFq9kkq6YZFM0dPTURLDlYZLUu3P884P7fC%2Fxfe5%2BVN6OjULEdnNdqwODcW5NQmDebsC%2B50Mun0acbT0cMXOUtJxiNupa9db82nVZ5bfc%2BlAY1GAM4TMJPSoTpCgRa9fGGE6V6ZH%2Bc5Fpwf%2FfIKcIR5UgeJAuK9dwcCxMq8gofjQvbNlKnJXvhJtYMRwf%2F08%3D",
        "identityId": "us-west-2:9a9230bb-a128-422a-a708-13c3dc80f990"
    }
}

2024-01-02 10:34:38: -----------Request----------->
POST https://thrive-dog1-usw2-api.data.plume.tech/pwb/GetFitnessInsightSummary

User-Agent: python-requests/2.31.0
Accept-Encoding: gzip, deflate
accept: application/json
Connection: keep-alive
Authorization: Bearer eyJraWQiOiJ1cy13ZXN0LTI0IiwidHlwIjoiSldTIiwiYWxnIjoiUlM1MTIifQ.eyJzdWIiOiJ1cy13ZXN0LTI6OWE5MjMwYmItYTEyOC00MjJhLWE3MDgtMTNjM2RjODBmOTkwIiwiYXVkIjoidXMtd2VzdC0yOjU2YzQyNDM5LWJlMmMtNDUyMy04YmUwLTEwYjU4ODVlYTczMyIsImFtciI6WyJhdXRoZW50aWNhdGVkIiwic3RhZ2luZy1wd2IucGx1bWUuY29tIiwic3RhZ2luZy1wd2IucGx1bWUuY29tOnVzLXdlc3QtMjo1NmM0MjQzOS1iZTJjLTQ1MjMtOGJlMC0xMGI1ODg1ZWE3MzM6WWJPeW9vZ2ZRbkd3VkNDd2FSZm5yVVNkNHFRMmQxOGgySFZPSXR2NmNHdDBqMGlraE1rYk1pSHN4WUtmYjNzViJdLCJpc3MiOiJodHRwczovL2NvZ25pdG8taWRlbnRpdHkuYW1hem9uYXdzLmNvbSIsImh0dHBzOi8vY29nbml0by1pZGVudGl0eS5hbWF6b25hd3MuY29tL2lkZW50aXR5LXBvb2wtYXJuIjoiYXJuOmF3czpjb2duaXRvLWlkZW50aXR5OnVzLXdlc3QtMjoxNDMwODk2MTA0ODI6aWRlbnRpdHlwb29sL3VzLXdlc3QtMjo1NmM0MjQzOS1iZTJjLTQ1MjMtOGJlMC0xMGI1ODg1ZWE3MzMiLCJleHAiOjE3MDQyNDkyNzIsImlhdCI6MTcwNDE2Mjg3Mn0.TlP0yZotMpjlhZWQEH9iqEoubJ_UgSz0AqaZgPPt_WbayU9FoO_BqpOGkROK7u1oRMu9pXyiH2fatXCxV8HEPFiZnb2TIcGgTYZ3lXvR6jWelWTyWFRLyJfa9qAPoySW-nATsfQeTZcvEiGNOv34gli0VdcG8y4jZARh-vkpKji2X8S7YZWsrwLx60kNF-FLqzQ9rYs_09GFF4ZpRNkS60ei-p1DP3alZ0yNAh_bEkWsJdESgczz16_B5us8wDDieeXp_JHpb9lQHDq0MUua5Kj1gDslpqc5wo438Dv_jf5KePJWOZfOF9AbcjwlvD1iJ6UyNAoN6MenUax15pOSsQ
Content-Type: application/json
Content-Length: 125

{
    "userId": "653f108a396de2000acd43d4",
    "startTime": 1704124800,
    "endTime": 1704211199,
    "interval": "day",
    "utcTimeOffset": 8
}

2024-01-02 10:34:38: <-----------Response-----------
Status code: 200, elapsed seconds: 1.974476

Date: Tue, 02 Jan 2024 02:34:36 GMT
Content-Type: application/json
Content-Length: 390
Connection: keep-alive
x-amzn-RequestId: 113a98e4-450a-4c24-a856-2121c71987d9
Access-Control-Allow-Origin: *
x-amz-apigw-id: Q49pSG8pvHcEtYg=
X-Amzn-Trace-Id: Root=1-6593763b-42d4584715a88c0454d4e371;Sampled=0;lineage=7f669d97:0

{
    "data": {
        "userId": "653f108a396de2000acd43d4",
        "startTime": 1704124800,
        "endTime": 1704211199,
        "utcTimeOffset": 8,
        "fitnessInsightList": [
            {
                "userId": "653f108a396de2000acd43d4",
                "intervalStartTime": 1704124800,
                "interval": "day",
                "stepCount": 927,
                "activeMinutes": 7,
                "highHrRate": 144,
                "lowHrRate": 59,
                "avgHrRate": 77,
                "highSpo2": 100,
                "lowSpo2": 90,
                "avgSpo2": 99
            }
        ]
    },
    "result": {
        "code": 201000,
        "message": "Successfully."
    }
}

