2024-01-02 10:48:34: -----------Request----------->
POST https://thrive-dog1-usw2-api.data.plume.tech/pwb/PlumeCloudLogin

User-Agent: python-requests/2.31.0
Accept-Encoding: gzip, deflate
accept: application/json
Connection: keep-alive
Content-Type: application/json
Content-Length: 73

{
    "email": "thrive-ios+4@plume.com",
    "password": "plume1234",
    "ttl": 3600
}

2024-01-02 10:48:34: <-----------Response-----------
Status code: 200, elapsed seconds: 4.756211

Date: Tue, 02 Jan 2024 02:48:32 GMT
Content-Type: application/json
Content-Length: 729
Connection: keep-alive
x-amzn-RequestId: 03d84b3d-3844-49fd-a214-9e2108c3a8d3
Access-Control-Allow-Origin: *
x-amz-apigw-id: Q4_sBEVhvHcEEVQ=
X-Amzn-Trace-Id: Root=1-6593797f-57e9cdab73f3573001990a77;Sampled=0;lineage=7fdd2b1e:0

{
    "data": {
        "id": "OyTMm0KNr7QSdceDU72BWICpUs1mX14pymj4IFISUnGJH2TdXERn2sqRiMN0psrr",
        "ttl": 3600,
        "created": "2024-01-02T02:48:34.513Z",
        "userId": "653f108a396de2000acd43d4",
        "expireAt": "2024-01-02T03:48:34.513Z",
        "user": {
            "id": "653f108a396de2000acd43d4",
            "accountId": "3b2c42d4-7cee-4756-b4bd-491cacc1ae57",
            "anonymous": false,
            "autoProvisioned": false,
            "name": "thrive-ios+4",
            "locked": false,
            "partnerId": "mobile_qa_test",
            "acceptLanguage": "en-US",
            "preferredLanguage": "en",
            "source": "customCreate",
            "createdAt": "2023-10-30T02:10:18.214Z",
            "provisioningSsoAuditTrail": false,
            "_version": "1.0.0",
            "email": "thrive-ios+4@plume.com",
            "emailVerified": true,
            "firstKnownLoginTimestamp": "2023-10-30T02:15:53.570Z"
        }
    },
    "result": {
        "code": 201000,
        "message": "Successfully."
    }
}

2024-01-02 10:48:39: -----------Request----------->
POST https://thrive-dog1-usw2-api.data.plume.tech/pwb/AuthenticateWithPlumeToken

User-Agent: python-requests/2.31.0
Accept-Encoding: gzip, deflate
accept: application/json
Connection: keep-alive
Content-Type: application/json
Content-Length: 121

{
    "accessToken": "OyTMm0KNr7QSdceDU72BWICpUs1mX14pymj4IFISUnGJH2TdXERn2sqRiMN0psrr",
    "userId": "653f108a396de2000acd43d4"
}

2024-01-02 10:48:39: <-----------Response-----------
Status code: 200, elapsed seconds: 2.125356

Date: Tue, 02 Jan 2024 02:48:36 GMT
Content-Type: application/json
Content-Length: 3820
Connection: keep-alive
x-amzn-RequestId: 97da73b6-6091-480b-9bce-530088ea1a5e
Access-Control-Allow-Origin: *
x-amz-apigw-id: Q4_snFmKvHcEjzQ=
X-Amzn-Trace-Id: Root=1-65937983-7e34fee75d3aaa26476b7f11;Sampled=0;lineage=144e69e0:0

{
    "data": {
        "email": "thrive-ios+4@plume.com",
        "userGroup": "admin",
        "userName": "thrive-ios+4",
        "userId": "653f108a396de2000acd43d4",
        "accessToken": "eyJraWQiOiJ1cy13ZXN0LTI0IiwidHlwIjoiSldTIiwiYWxnIjoiUlM1MTIifQ.eyJzdWIiOiJ1cy13ZXN0LTI6NWQ5ZWY1ODItYjBmNy00MmRjLWFjNTEtYjc3YjExMGIwNzdkIiwiYXVkIjoidXMtd2VzdC0yOjU2YzQyNDM5LWJlMmMtNDUyMy04YmUwLTEwYjU4ODVlYTczMyIsImFtciI6WyJhdXRoZW50aWNhdGVkIiwic3RhZ2luZy1wd2IucGx1bWUuY29tIiwic3RhZ2luZy1wd2IucGx1bWUuY29tOnVzLXdlc3QtMjo1NmM0MjQzOS1iZTJjLTQ1MjMtOGJlMC0xMGI1ODg1ZWE3MzM6T3lUTW0wS05yN1FTZGNlRFU3MkJXSUNwVXMxbVgxNHB5bWo0SUZJU1VuR0pIMlRkWEVSbjJzcVJpTU4wcHNyciJdLCJpc3MiOiJodHRwczovL2NvZ25pdG8taWRlbnRpdHkuYW1hem9uYXdzLmNvbSIsImh0dHBzOi8vY29nbml0by1pZGVudGl0eS5hbWF6b25hd3MuY29tL2lkZW50aXR5LXBvb2wtYXJuIjoiYXJuOmF3czpjb2duaXRvLWlkZW50aXR5OnVzLXdlc3QtMjoxNDMwODk2MTA0ODI6aWRlbnRpdHlwb29sL3VzLXdlc3QtMjo1NmM0MjQzOS1iZTJjLTQ1MjMtOGJlMC0xMGI1ODg1ZWE3MzMiLCJleHAiOjE3MDQyNTAxMTYsImlhdCI6MTcwNDE2MzcxNn0.BTKrqtphhv2wlUKsq88PTYqzgTefUM7ybIHjItbAN7ZaHyAmoaNQHL1w0qgWJSRyQSwVXH2A_cEHEibKNtn_fvZPTQwSvUwKL3Imu8S7r1EfHkCCWyR2KAFg7whuydRlF4J5eweYVDLFIFyUur11RsMAUMdxwtgxfTgvb4eoQ9yn2ybwylX_G1yMf6-PBLNas3n6v2LpiKyQ4j4e4Cx5u20-AgZHBi0bQS3DLsDFHkxBMe33ueMk9ezkbAQxN6TjofkcV0zeqFELba35jS2yL3CmBINCpcyHCV7_liMQKPozX7YbCVlHj30xBT7PHXcAYQUow8dmqE35jRp-C5tudw",
        "idToken": "eyJraWQiOiJJZGVudGl0eVRva2VuU2lnbktleSIsImFsZyI6IlJTNTEyIn0%3D.eyJpc3MiOiJhd3MtbGFtYmRhIiwiZXhwIjoxNzE5NzE1NzE3LCJzdWIiOiJpZC10b2tlbiIsImF1ZCI6InJpbmciLCJqdGkiOiJlNDgyN2NiNi1mOWZkLTRmZGItYWNmNi05YzAxODRkZGE5OWIiLCJ1c2VySWQiOiI2NTNmMTA4YTM5NmRlMjAwMGFjZDQzZDQiLCJlbWFpbCI6InRocml2ZS1pb3MrNEBwbHVtZS5jb20iLCJnZW5kZXIiOiIiLCJiaXJ0aGRhdGUiOiIifQ%3D%3D.DVVD7GyBZeF54X%2FQsEvHhlHpa1CAe3L3hrvQlfTPF7IR0jx5pJFpc6U2k5NlOi1i6audolIeLGnl%2B4yUyClSroKRHq0anyFq0Dzo7mYyHwqMqzo4CDZAqRKXcfONAde8RlSsOscMQyKFHRA2LLMr9wJqbsi064XvKX%2Fx0ss8HyWQf3LgCC6bjOEt8tmxh3vxYHe69Fh57Wy3kt1E4RzHspo9U2scoq9fEOcLl%2Br7PFvkt8SYsJa1CVFGzveEtKVUGZ6gB5TsFUy6JrwyEC8%2FyzLTNf2CXNr%2FuSjxT2Y4UhfxYyGJcOMFiCkIe%2FY63bOTIPG15%2BlPgs3D8hRbQJUdXtBMMFKeXWVRObpMWefhWnxZ3kGOzr9cawF0K%2BgoMc73DZTGlcG04jgKj973sJXKOsa4R1aSd5qYlHGEj9vrBoc4Uv1CeOm9NZpLVSdMXwZ9ayiXLbGGkQWhHAiz7429TzgQvX%2FWbybeKOK3FNebe%2F7u2PAz2vMpiABnI9TFRVVqZTCeZMFzsJdZI5kioCObz27G3D3c9p%2BdKNJjEE5e4lqDugYaoBxemFxGCOhz9Qtbo4ltLxcFRNAIH2Qybw4hSc5bL2VlqWePwVCi7Jn46ubIIBO%2B2tYmpLfgqyHFeghrpWQGowE7%2B0%2FpIRD0rIzuO7LW1q0C7WfTRMaAuh9%2BnLs%3D",
        "refreshToken": "eyJraWQiOiJSZWZyZXNoVG9rZW5TaWduS2V5IiwiY3R5IjoiSldUIiwiZW5jIjoiQTI1NkdDTSIsImFsZyI6IlJTNTEyIn0%3D.AQICAHgg7rlLlhJZMilo20zyx9NECjg%2F8q0XYyoRMcHYs4Nh4AGSr5t0F6%2FgNUwbbArp2KS3AAABUTCCAU0GCSqGSIb3DQEHBqCCAT4wggE6AgEAMIIBMwYJKoZIhvcNAQcBMB4GCWCGSAFlAwQBLjARBAwkkfSKNYaEeD7wbm8CARCAggEEnPsoTZsOc2lotS%2B29HEADoz8xk2k7eBFuMBqbQlDHJ%2Fadl%2FUUeisYy4zwlbqN1d5n6oZ4SsC%2FCjUD2jvIwj0I6y7FfCN5o0%2Fh4LDcDOVnI1NB5J6kVqFOMm9UhqTS4zXHzAdWJRp10rkO0tOaTNqQXOteVprS3fWMgq%2BIZq38fk3nq7kJZcoYihF8i%2FfaHbFTBWZ4hC8RgHQPCpcbBRxKGgcv%2Bo4IlmalJo4P7Dt8P3me%2BkjG081ihjpP0ClUZDSVNJx41Xblfwn4nFzDFKZSXGIMHlikmU6mjJLj0buIQPYMY4eTHPZSWApvcHWRBE7jvBOVTJcpkhYSdqJ7j0yTRvQhvY%3D.IR392w6GWc2cY7ReBjVCyimPE%2BBXPSOaMPnnPCc1D%2Bd4Xclm3m%2BfpBB6ZWa7S8Cg19e7nhdp8i0HUiwJDWwKAkv2%2BV%2FPmIewA2IOXclbIK8f8AyUasykHMEM4cKHNRWPo4adsEjIUE1smBDR3%2FQGBYWFBnx4nT%2F6cJ4EzflVgcuyJliPo%2BjfsRvFvWqtgR2V9mR%2BPeUe4tP3GIEWZEv3NN69REE70dNJNVe%2BMDB%2BgF5MWrOeOsDaNbi3iQJSxbECwq9CodaSeZhKvaMoyB4htuWWtcN8rt7GbBBH1YfdZa7DNHHNAJZpXOM%2F8NmQbBbyP%2FC0py%2Bcdg%2BafmCRJ6pysKRIVmOjfPgmLWjXxSFDQJfpsYZ5sjrZUekVoAFl%2FYvyan79uYrX%2Bm5Y0HxbAUZ5iljev%2FrND8nZNQOdCGDfLL7wHeM00ihG%2B%2BjjhOzG6voUqlgaQJ8iHDJan17OtVETetRTdbWxwtSTY27DZyKvOgZIBEFwy%2FgBn22ncFDxcuvfxfX%2FaAP6Lw5g9kxLoq4y8GbIMVWnDiZgJ6mjjnFPKePXZLoiDNiFZcKU1dIgII8WFcgfer%2FXSn1ss3HW7WBg0pu7kntlYDjdKpvfKe9FxF6cdpJ%2FOWZWCxni0WvcZdMkrSPxLtBDiUHMUyTS9nI3Rk0VTnX3nNKDPvktex5JrlU%3D",
        "identityId": "us-west-2:5d9ef582-b0f7-42dc-ac51-b77b110b077d"
    }
}

2024-01-02 10:48:42: -----------Request----------->
POST https://thrive-dog1-usw2-api.data.plume.tech/pwb/GetFitnessInsightSummary

User-Agent: python-requests/2.31.0
Accept-Encoding: gzip, deflate
accept: application/json
Connection: keep-alive
Authorization: Bearer eyJraWQiOiJ1cy13ZXN0LTI0IiwidHlwIjoiSldTIiwiYWxnIjoiUlM1MTIifQ.eyJzdWIiOiJ1cy13ZXN0LTI6NWQ5ZWY1ODItYjBmNy00MmRjLWFjNTEtYjc3YjExMGIwNzdkIiwiYXVkIjoidXMtd2VzdC0yOjU2YzQyNDM5LWJlMmMtNDUyMy04YmUwLTEwYjU4ODVlYTczMyIsImFtciI6WyJhdXRoZW50aWNhdGVkIiwic3RhZ2luZy1wd2IucGx1bWUuY29tIiwic3RhZ2luZy1wd2IucGx1bWUuY29tOnVzLXdlc3QtMjo1NmM0MjQzOS1iZTJjLTQ1MjMtOGJlMC0xMGI1ODg1ZWE3MzM6T3lUTW0wS05yN1FTZGNlRFU3MkJXSUNwVXMxbVgxNHB5bWo0SUZJU1VuR0pIMlRkWEVSbjJzcVJpTU4wcHNyciJdLCJpc3MiOiJodHRwczovL2NvZ25pdG8taWRlbnRpdHkuYW1hem9uYXdzLmNvbSIsImh0dHBzOi8vY29nbml0by1pZGVudGl0eS5hbWF6b25hd3MuY29tL2lkZW50aXR5LXBvb2wtYXJuIjoiYXJuOmF3czpjb2duaXRvLWlkZW50aXR5OnVzLXdlc3QtMjoxNDMwODk2MTA0ODI6aWRlbnRpdHlwb29sL3VzLXdlc3QtMjo1NmM0MjQzOS1iZTJjLTQ1MjMtOGJlMC0xMGI1ODg1ZWE3MzMiLCJleHAiOjE3MDQyNTAxMTYsImlhdCI6MTcwNDE2MzcxNn0.BTKrqtphhv2wlUKsq88PTYqzgTefUM7ybIHjItbAN7ZaHyAmoaNQHL1w0qgWJSRyQSwVXH2A_cEHEibKNtn_fvZPTQwSvUwKL3Imu8S7r1EfHkCCWyR2KAFg7whuydRlF4J5eweYVDLFIFyUur11RsMAUMdxwtgxfTgvb4eoQ9yn2ybwylX_G1yMf6-PBLNas3n6v2LpiKyQ4j4e4Cx5u20-AgZHBi0bQS3DLsDFHkxBMe33ueMk9ezkbAQxN6TjofkcV0zeqFELba35jS2yL3CmBINCpcyHCV7_liMQKPozX7YbCVlHj30xBT7PHXcAYQUow8dmqE35jRp-C5tudw
Content-Type: application/json
Content-Length: 125

{
    "userId": "653f108a396de2000acd43d4",
    "startTime": 1704124800,
    "endTime": 1704211199,
    "interval": "day",
    "utcTimeOffset": 8
}

2024-01-02 10:48:42: <-----------Response-----------
Status code: 200, elapsed seconds: 1.054998

Date: Tue, 02 Jan 2024 02:48:40 GMT
Content-Type: application/json
Content-Length: 390
Connection: keep-alive
x-amzn-RequestId: 53a1a716-a667-4130-916c-96ecdbe5ba6f
Access-Control-Allow-Origin: *
x-amz-apigw-id: Q4_tQH1SPHcEaGg=
X-Amzn-Trace-Id: Root=1-65937987-2beb796a2a38a8982bce8b27;Sampled=0;lineage=7f669d97:0

{
    "data": {
        "userId": "653f108a396de2000acd43d4",
        "startTime": 1704124800,
        "endTime": 1704211199,
        "utcTimeOffset": 8,
        "fitnessInsightList": [
            {
                "userId": "653f108a396de2000acd43d4",
                "intervalStartTime": 1704124800,
                "interval": "day",
                "stepCount": 927,
                "activeMinutes": 7,
                "highHrRate": 144,
                "lowHrRate": 59,
                "avgHrRate": 77,
                "highSpo2": 100,
                "lowSpo2": 90,
                "avgSpo2": 99
            }
        ]
    },
    "result": {
        "code": 201000,
        "message": "Successfully."
    }
}

