2024-01-04 16:14:00: -----------Request----------->
POST https://thrive-dog1-usw2-api.data.plume.tech/pwb/PlumeCloudLogin

User-Agent: python-requests/2.31.0
Accept-Encoding: gzip, deflate
accept: application/json
Connection: keep-alive
Content-Type: application/json
Content-Length: 73

{
    "email": "thrive-ios+4@plume.com",
    "password": "plume1234",
    "ttl": 3600
}

2024-01-04 16:14:00: <-----------Response-----------
Status code: 200, elapsed seconds: 2.894186

Date: Thu, 04 Jan 2024 08:13:59 GMT
Content-Type: application/json
Content-Length: 729
Connection: keep-alive
x-amzn-RequestId: e66401d0-ee66-4d78-a47b-1b35d96e27b9
Access-Control-Allow-Origin: *
x-amz-apigw-id: RAVO-G9ovHcEnYQ=
X-Amzn-Trace-Id: Root=1-659668c5-4870c162278dbe0a2b987270;Sampled=0;lineage=7fdd2b1e:0

{
    "data": {
        "id": "rusT2EcfOGP0vfjIsqDPtYBwX9766N4x5rBbA0lis1YKB40CyqgeKthnGlk2FBlZ",
        "ttl": 3600,
        "created": "2024-01-04T08:14:00.276Z",
        "userId": "653f108a396de2000acd43d4",
        "expireAt": "2024-01-04T09:14:00.276Z",
        "user": {
            "id": "653f108a396de2000acd43d4",
            "accountId": "3b2c42d4-7cee-4756-b4bd-491cacc1ae57",
            "anonymous": false,
            "autoProvisioned": false,
            "name": "thrive-ios+4",
            "locked": false,
            "partnerId": "mobile_qa_test",
            "acceptLanguage": "en-US",
            "preferredLanguage": "en",
            "source": "customCreate",
            "createdAt": "2023-10-30T02:10:18.214Z",
            "provisioningSsoAuditTrail": false,
            "_version": "1.0.0",
            "email": "thrive-ios+4@plume.com",
            "emailVerified": true,
            "firstKnownLoginTimestamp": "2023-10-30T02:15:53.570Z"
        }
    },
    "result": {
        "code": 201000,
        "message": "Successfully."
    }
}

2024-01-04 16:14:05: -----------Request----------->
POST https://thrive-dog1-usw2-api.data.plume.tech/pwb/AuthenticateWithPlumeToken

User-Agent: python-requests/2.31.0
Accept-Encoding: gzip, deflate
accept: application/json
Connection: keep-alive
Content-Type: application/json
Content-Length: 121

{
    "accessToken": "rusT2EcfOGP0vfjIsqDPtYBwX9766N4x5rBbA0lis1YKB40CyqgeKthnGlk2FBlZ",
    "userId": "653f108a396de2000acd43d4"
}

2024-01-04 16:14:05: <-----------Response-----------
Status code: 200, elapsed seconds: 2.224025

Date: Thu, 04 Jan 2024 08:14:03 GMT
Content-Type: application/json
Content-Length: 3832
Connection: keep-alive
x-amzn-RequestId: bfe39c4d-b290-4a91-9fc9-f4c8e5a47cd1
Access-Control-Allow-Origin: *
x-amz-apigw-id: RAVPkHVpPHcEt1Q=
X-Amzn-Trace-Id: Root=1-659668c9-5fea8fc2098f121b72ae4cf5;Sampled=0;lineage=144e69e0:0

{
    "data": {
        "email": "thrive-ios+4@plume.com",
        "userGroup": "admin",
        "userName": "thrive-ios+4",
        "userId": "653f108a396de2000acd43d4",
        "accessToken": "eyJraWQiOiJ1cy13ZXN0LTI0IiwidHlwIjoiSldTIiwiYWxnIjoiUlM1MTIifQ.eyJzdWIiOiJ1cy13ZXN0LTI6NGE4NmYwZmMtZmNiMy00ZWFlLTliMzMtZmY2Y2VkZDUwMGQzIiwiYXVkIjoidXMtd2VzdC0yOjU2YzQyNDM5LWJlMmMtNDUyMy04YmUwLTEwYjU4ODVlYTczMyIsImFtciI6WyJhdXRoZW50aWNhdGVkIiwic3RhZ2luZy1wd2IucGx1bWUuY29tIiwic3RhZ2luZy1wd2IucGx1bWUuY29tOnVzLXdlc3QtMjo1NmM0MjQzOS1iZTJjLTQ1MjMtOGJlMC0xMGI1ODg1ZWE3MzM6cnVzVDJFY2ZPR1AwdmZqSXNxRFB0WUJ3WDk3NjZONHg1ckJiQTBsaXMxWUtCNDBDeXFnZUt0aG5HbGsyRkJsWiJdLCJpc3MiOiJodHRwczovL2NvZ25pdG8taWRlbnRpdHkuYW1hem9uYXdzLmNvbSIsImh0dHBzOi8vY29nbml0by1pZGVudGl0eS5hbWF6b25hd3MuY29tL2lkZW50aXR5LXBvb2wtYXJuIjoiYXJuOmF3czpjb2duaXRvLWlkZW50aXR5OnVzLXdlc3QtMjoxNDMwODk2MTA0ODI6aWRlbnRpdHlwb29sL3VzLXdlc3QtMjo1NmM0MjQzOS1iZTJjLTQ1MjMtOGJlMC0xMGI1ODg1ZWE3MzMiLCJleHAiOjE3MDQ0NDI0NDIsImlhdCI6MTcwNDM1NjA0Mn0.ImooZtmJvaLOq9HfSFPwHJiXbO8XL5mIasn48TAWFZJEDm3EeoacPunxSeEUohR3rLeJqvqE2Ul1Hitd3mTEvtrP3ZhB4mU4x9JpgtcE1sVsWxU4zvtCCgpuzYKQSELgYnGZmJczA91CHJop5YQ9Ye0FkI4PP288d1rTeg2bqyU-s0ZvFr97TVFlTsHfD49hkCUlN1QpkL18fO5SoA2VIaEM9bsVflGctQ3SrOrX3vUe9BUWlWkOuv4dwXmf9pH5wx9HFjeK6WCZo3u5WKakZwraqW-eXACaF0Ci_h6ZxiNuq0aTapjdISPomJuvqr7lOJblKDHM8zQ_fbABKDSzoQ",
        "idToken": "eyJraWQiOiJJZGVudGl0eVRva2VuU2lnbktleSIsImFsZyI6IlJTNTEyIn0%3D.eyJpc3MiOiJhd3MtbGFtYmRhIiwiZXhwIjoxNzE5OTA4MDQzLCJzdWIiOiJpZC10b2tlbiIsImF1ZCI6InJpbmciLCJqdGkiOiIxMjhmODg1YS03NzJjLTQyZGQtYjdjNS1lYzJkMjg1NzczYTMiLCJ1c2VySWQiOiI2NTNmMTA4YTM5NmRlMjAwMGFjZDQzZDQiLCJlbWFpbCI6InRocml2ZS1pb3MrNEBwbHVtZS5jb20iLCJnZW5kZXIiOiIiLCJiaXJ0aGRhdGUiOiIifQ%3D%3D.K7EuVyQNV0EXHyfj1UHiQl%2FFOXov63o1nvstx%2BegbL%2F4fETvluxM33erkoB67zP1ejVHCPU3zZv6%2BR3CZbVc%2BlW1%2BP04G9gaCFeyMkp3Qz2A2ZYTnIu%2BBq1lA2fPcLiigJnOK5YXsoEijidvXhQhaZQr4eWPoImNR0czYmU4cd0ddSxq0hptDtK8WXrotnofjZK1zPwPNY1OulU%2FFNmeAEnt8jtzWmvCdkbBOhzBra5QINLK4KQSPVqYaoQMQsp%2BnIZRS%2B56KeKIwNfyGFsVSukHsBnjp7UT4uC43i8QEX4fvGM1TpB6kZtd3TrBSzAIOvOa%2FWgGtXxCYXz1O5890MkUvihaAtSMOUiFT2tW%2FPFGxmdASho2XfBBtgypsWCJqW0rmpF5C0zQ7iQRKBH4R2MmH5rEy5H8zRtp%2F0AAe3o9%2Bfr6HSf61PM%2FMkIcwuWKoZ6NFyPhvEfTDBehggSiJjFKi9SouBg9SqBtKnsVaZJ5o2PfVOZHsfYiUIxRqU928b%2B9N1fh9%2FYz4ZvucdsieTrfP6zpOJAHmRlM9zhvfEle6pVJDJY4d7%2FJWzyaW6OQ0M4GW3bq54k2nAIO6WgNGYL9C96cRT5si62EDx0HazyTpUiXnKyo3ohi7jBVrSO2d7wfYzVjI8z9kJlfaarUx%2Fb4Fkf0ymqKC4vbQEJiLjA%3D",
        "refreshToken": "eyJraWQiOiJSZWZyZXNoVG9rZW5TaWduS2V5IiwiY3R5IjoiSldUIiwiZW5jIjoiQTI1NkdDTSIsImFsZyI6IlJTNTEyIn0%3D.AQICAHgg7rlLlhJZMilo20zyx9NECjg%2F8q0XYyoRMcHYs4Nh4AEvEhlubF12SFFq6l6aNFYYAAABUTCCAU0GCSqGSIb3DQEHBqCCAT4wggE6AgEAMIIBMwYJKoZIhvcNAQcBMB4GCWCGSAFlAwQBLjARBAytqJ5qjn%2FyyHP%2FOWECARCAggEEkFl364FPraibsxXxLiRUhqdXb6D7JZqjX9BqTKSqS9hmEq6dIPgIKJIwT%2BNJtgfMl1Mm2HIEWwm2%2FeQ8bVOaogCPG9NxvgBbLfSxdNhGVDTKL6WS2M3mLjRcYMh1cMNpCOkVkZft0HZr4KI76ghhomOrqaYe5XAZ6iTBKwvjdKPSp%2F973DI1Sfiiep0NSBMIxK6fFFXrFSC35Yd4aBTL48F%2FJu4Ygr1hzr%2F6EcoGVqptUqzAqg2CaU7Lz76XNX%2B1QRPN%2B%2BT1E6xuLKZUaudrRaSZJ1ISWf%2F6Og2vD%2B0Je7YH5YTbgPyc%2FTa7wouXfPMOMLbKz7bBv5HtXZ09zIZpjeQAZGk%3D.j6VtDdJBG%2Bz53MP9R%2FYTvBje3QLVkL5wMrD2bRRBblsfzSyk78LMZ5p5p4E54C7lD1WW2VgT79igIwe4kWE2IP6gkuJQvpam9wGgCoY12pK7RX1eXe8QDcsm%2B5g7TJxbIIotKEHuIOBrpFZrig2rvXY%2F%2FW2pnnYpUUVkGxQ%2Bk3EX%2FpOm4c3IpW8OC8NhGm2U5q0dAcVhg283kqu%2F%2FwZUCYUCXn%2BwIwzMghJhUfmAWaOYf1B4IGnMiorCcymg5cHznXPec861u6gDcz8Fpc8XpOHM5nCJPNaRJhGtIuLxmZxOp%2Bu8oliPqQXH%2F3Tydbcr%2Bje2SD4TZdT%2FeIzVO%2F1Dzv2tknMH31xhjDFtddhkZzIT%2BXRtaKELFHfdc%2FJkCapKybip9e5fBC0coBsvaMOGbaB27ccK0KcNezmQ%2Bo1otPEfvzoqg2kNdUnajQWAVPhSr837ZCU%2BE4NFS2onw2foUzzk23vwizHE%2Blh%2FD2rlNSOOt6kRdENntZRyI9xpW%2Boce2pGXEUwoZ6nwgzEg9iEviRWfoQOcSe4XW%2FjaQ2QJlXlPRJwrpuPWWrRVnwb4ClgGo8Zz3ulsEn4Dt1ZAxtkXft5Ra8CeOGsESpzbtt104H4Kwjdrdmb%2FUm1WBDQAkTehMkITExlpBMg5xN3BTNye0xiA7Kf4GtCAwFBsfvcXqQ%3D",
        "identityId": "us-west-2:4a86f0fc-fcb3-4eae-9b33-ff6cedd500d3"
    }
}

2024-01-04 16:14:08: -----------Request----------->
POST https://thrive-dog1-usw2-api.data.plume.tech/pwb/UploadFile

User-Agent: python-requests/2.31.0
Accept-Encoding: gzip, deflate
accept: application/json
Connection: keep-alive
Authorization: Bearer eyJraWQiOiJ1cy13ZXN0LTI0IiwidHlwIjoiSldTIiwiYWxnIjoiUlM1MTIifQ.eyJzdWIiOiJ1cy13ZXN0LTI6NGE4NmYwZmMtZmNiMy00ZWFlLTliMzMtZmY2Y2VkZDUwMGQzIiwiYXVkIjoidXMtd2VzdC0yOjU2YzQyNDM5LWJlMmMtNDUyMy04YmUwLTEwYjU4ODVlYTczMyIsImFtciI6WyJhdXRoZW50aWNhdGVkIiwic3RhZ2luZy1wd2IucGx1bWUuY29tIiwic3RhZ2luZy1wd2IucGx1bWUuY29tOnVzLXdlc3QtMjo1NmM0MjQzOS1iZTJjLTQ1MjMtOGJlMC0xMGI1ODg1ZWE3MzM6cnVzVDJFY2ZPR1AwdmZqSXNxRFB0WUJ3WDk3NjZONHg1ckJiQTBsaXMxWUtCNDBDeXFnZUt0aG5HbGsyRkJsWiJdLCJpc3MiOiJodHRwczovL2NvZ25pdG8taWRlbnRpdHkuYW1hem9uYXdzLmNvbSIsImh0dHBzOi8vY29nbml0by1pZGVudGl0eS5hbWF6b25hd3MuY29tL2lkZW50aXR5LXBvb2wtYXJuIjoiYXJuOmF3czpjb2duaXRvLWlkZW50aXR5OnVzLXdlc3QtMjoxNDMwODk2MTA0ODI6aWRlbnRpdHlwb29sL3VzLXdlc3QtMjo1NmM0MjQzOS1iZTJjLTQ1MjMtOGJlMC0xMGI1ODg1ZWE3MzMiLCJleHAiOjE3MDQ0NDI0NDIsImlhdCI6MTcwNDM1NjA0Mn0.ImooZtmJvaLOq9HfSFPwHJiXbO8XL5mIasn48TAWFZJEDm3EeoacPunxSeEUohR3rLeJqvqE2Ul1Hitd3mTEvtrP3ZhB4mU4x9JpgtcE1sVsWxU4zvtCCgpuzYKQSELgYnGZmJczA91CHJop5YQ9Ye0FkI4PP288d1rTeg2bqyU-s0ZvFr97TVFlTsHfD49hkCUlN1QpkL18fO5SoA2VIaEM9bsVflGctQ3SrOrX3vUe9BUWlWkOuv4dwXmf9pH5wx9HFjeK6WCZo3u5WKakZwraqW-eXACaF0Ci_h6ZxiNuq0aTapjdISPomJuvqr7lOJblKDHM8zQ_fbABKDSzoQ
Content-Type: application/json
Content-Length: 167

{
    "userId": "653f108a396de2000acd43d4",
    "fileName": "653f108a396de2000acd43d4-60B4F7F504D2-android-1704384832.json",
    "fileType": "application/json",
    "dataType": "json"
}

2024-01-04 16:14:08: <-----------Response-----------
Status code: 200, elapsed seconds: 1.285453

Date: Thu, 04 Jan 2024 08:14:06 GMT
Content-Type: application/json
Content-Length: 1550
Connection: keep-alive
x-amzn-RequestId: c6a5dff8-83e4-4160-80b8-de31490a4bd5
Access-Control-Allow-Origin: *
x-amz-apigw-id: RAVQPH49PHcEGTw=
X-Amzn-Trace-Id: Root=1-659668ce-3b64b69211982f013ce79d7b;Sampled=0;lineage=9692829f:0

{
    "data": {
        "url": "https://duploservices-thrive-dog1-usw2-plume-log-files.s3.us-west-2.amazonaws.com/json/653f108a396de2000acd43d4/20240104/653f108a396de2000acd43d4-60B4F7F504D2-android-1704384832.json?AWSAccessKeyId=ASIASCUGOF3ZCCVY4P7Y&Content-Type=application%2Fjson&Expires=1704442446&Signature=cVSnhnTVdaVfE8BUbsHkxo1b6to%3D&X-Amzn-Trace-Id=Root%3D1-659668ce-3b64b69211982f013ce79d7b%3BParent%3D76318bf62a2490af%3BSampled%3D0%3BLineage%3D9692829f%3A0&x-amz-security-token=IQoJb3JpZ2luX2VjENj%2F%2F%2F%2F%2F%2F%2F%2F%2F%2FwEaCXVzLXdlc3QtMiJIMEYCIQCXwz83PNCXlLkfRlI%2FXohOjHPHvdlwcMqybgW42lkhiQIhAP79LGHCRvGJCST6h1boxswokmlwF5xOvnK8hM%2FoTSbSKrsDCHEQAhoMMTQzMDg5NjEwNDgyIgxNTIl2JsgEBfbmLLgqmAN5veGqWwYKmK2FESui%2BnLOU%2BrNHJO41JtwUHZostxMBsUuuekZq8OIBmoPZtTWPmbW4GLUyFXxZ4VhBZJU608ycvGItUUJlrqOZBr2M5HjEWwHTbNeLtlP1xNbIzKiVy7jFC5iVPEUyMSwjTZc7WfwP5WhCdnM0Co%2Bxg4JtIhDBZVyWwCvAcmYKvd8pI%2Bx4Osws5DJ6VQngQXGMza6%2Fqt2Lrac3UogLV6zezUcqvc%2FQknZK6lMvEW5loZ1NPUFlUr3aRnHfhZnRVPfcMqbjgxPs2pVX%2BQWXZD3%2FeqWLmq6oHsu6g3jmsJPh1V2dV53Grsk2pIOlbxpmOn7yqJjEeidKuUTiRhZmHzR9ibPCQfsZb1x%2FAHBVU8j1LV53b%2Bs3L8C4GIuVcaTi3V6jCxOk7V8oMWt3YjJRPEZe61J0o56pPZjiu4VfO0NhJoOBRsI0qUnonEuzu8Y3MapNYLPMppV924N2VehKOEICUJXAzmtFFIRTgv7wY7SSke6a1cL%2BQM6tTarh%2F3y7qKBrCEv7t5rxkhACd%2BKUlMwr8%2FZrAY6nQFfq3Sla5iAw47D61HtV%2FACvdHffpLIUFZ%2Bl9MB0lzJDTjLw8Cc0Awy5OyRY1M1EeIP%2FabVgBA49TUJilQY69LNjvIqoTTyu%2FWrejdM9Os%2FDGTCm3pg8rn4rpZ7oyRgbpJhLBqW2Zi2XZgRTZfwByrfYF2ETxzllDW4GCYULBQv6Kb6uQJE3g2axbmSVBjk3cLIRXXmPEDSfBgzJpNK"
    },
    "result": {
        "code": 201000,
        "message": "Successfully."
    }
}

