2024-01-02 09:43:18: -----------Request----------->
POST https://thrive-dog1-usw2-api.data.plume.tech/pwb/PlumeCloudLogin

User-Agent: python-requests/2.31.0
Accept-Encoding: gzip, deflate
accept: application/json
Connection: keep-alive
Content-Type: application/json
Content-Length: 73

{
    "email": "thrive-ios+4@plume.com",
    "password": "plume1234",
    "ttl": 3600
}

2024-01-02 09:43:18: <-----------Response-----------
Status code: 200, elapsed seconds: 2.820334

Date: Tue, 02 Jan 2024 01:43:16 GMT
Content-Type: application/json
Content-Length: 729
Connection: keep-alive
x-amzn-RequestId: 62496185-a1c0-439d-b108-fb132f54dc4f
Access-Control-Allow-Origin: *
x-amz-apigw-id: Q42IHGjgPHcERMA=
X-Amzn-Trace-Id: Root=1-65936a33-5dbbbd1c6e3934aa364c0caf;Sampled=0;lineage=7fdd2b1e:0

{
    "data": {
        "id": "D5dR12tjVcoTPdBLHPk5jvMeXe6LA40dOPvPQJ6m8JroRVidQbz6XlsrWMvatT7M",
        "ttl": 3600,
        "created": "2024-01-02T01:43:17.274Z",
        "userId": "653f108a396de2000acd43d4",
        "expireAt": "2024-01-02T02:43:17.274Z",
        "user": {
            "id": "653f108a396de2000acd43d4",
            "accountId": "3b2c42d4-7cee-4756-b4bd-491cacc1ae57",
            "anonymous": false,
            "autoProvisioned": false,
            "name": "thrive-ios+4",
            "locked": false,
            "partnerId": "mobile_qa_test",
            "acceptLanguage": "en-US",
            "preferredLanguage": "en",
            "source": "customCreate",
            "createdAt": "2023-10-30T02:10:18.214Z",
            "provisioningSsoAuditTrail": false,
            "_version": "1.0.0",
            "email": "thrive-ios+4@plume.com",
            "emailVerified": true,
            "firstKnownLoginTimestamp": "2023-10-30T02:15:53.570Z"
        }
    },
    "result": {
        "code": 201000,
        "message": "Successfully."
    }
}

2024-01-02 09:43:22: -----------Request----------->
POST https://thrive-dog1-usw2-api.data.plume.tech/pwb/AuthenticateWithPlumeToken

User-Agent: python-requests/2.31.0
Accept-Encoding: gzip, deflate
accept: application/json
Connection: keep-alive
Content-Type: application/json
Content-Length: 121

{
    "accessToken": "D5dR12tjVcoTPdBLHPk5jvMeXe6LA40dOPvPQJ6m8JroRVidQbz6XlsrWMvatT7M",
    "userId": "653f108a396de2000acd43d4"
}

2024-01-02 09:43:22: <-----------Response-----------
Status code: 200, elapsed seconds: 2.00906

Date: Tue, 02 Jan 2024 01:43:20 GMT
Content-Type: application/json
Content-Length: 3838
Connection: keep-alive
x-amzn-RequestId: 9bf627a3-5e64-44b9-ae2c-76ceee772f34
Access-Control-Allow-Origin: *
x-amz-apigw-id: Q42ItE6TvHcEsgg=
X-Amzn-Trace-Id: Root=1-65936a37-695ab99c4871aee26f249802;Sampled=0;lineage=144e69e0:0

{
    "data": {
        "email": "thrive-ios+4@plume.com",
        "userGroup": "admin",
        "userName": "thrive-ios+4",
        "userId": "653f108a396de2000acd43d4",
        "accessToken": "eyJraWQiOiJ1cy13ZXN0LTI0IiwidHlwIjoiSldTIiwiYWxnIjoiUlM1MTIifQ.eyJzdWIiOiJ1cy13ZXN0LTI6NmZiMjNiZWEtNmNiMC00Yzc3LTliMjgtY2FmNmMyZDIwMGM3IiwiYXVkIjoidXMtd2VzdC0yOjU2YzQyNDM5LWJlMmMtNDUyMy04YmUwLTEwYjU4ODVlYTczMyIsImFtciI6WyJhdXRoZW50aWNhdGVkIiwic3RhZ2luZy1wd2IucGx1bWUuY29tIiwic3RhZ2luZy1wd2IucGx1bWUuY29tOnVzLXdlc3QtMjo1NmM0MjQzOS1iZTJjLTQ1MjMtOGJlMC0xMGI1ODg1ZWE3MzM6RDVkUjEydGpWY29UUGRCTEhQazVqdk1lWGU2TEE0MGRPUHZQUUo2bThKcm9SVmlkUWJ6Nlhsc3JXTXZhdFQ3TSJdLCJpc3MiOiJodHRwczovL2NvZ25pdG8taWRlbnRpdHkuYW1hem9uYXdzLmNvbSIsImh0dHBzOi8vY29nbml0by1pZGVudGl0eS5hbWF6b25hd3MuY29tL2lkZW50aXR5LXBvb2wtYXJuIjoiYXJuOmF3czpjb2duaXRvLWlkZW50aXR5OnVzLXdlc3QtMjoxNDMwODk2MTA0ODI6aWRlbnRpdHlwb29sL3VzLXdlc3QtMjo1NmM0MjQzOS1iZTJjLTQ1MjMtOGJlMC0xMGI1ODg1ZWE3MzMiLCJleHAiOjE3MDQyNDYyMDAsImlhdCI6MTcwNDE1OTgwMH0.dpPugMh0C4-iwMmOK-HtD32yC7vMWqaiq1wEI44K7WAL4wR3SFbKamknFUcciBYDCzewuMvrL7ZAtYXCUq8iBYZy1pnCc9M6c7O2ZAc898gukN_ZYcigt9Ft5_KH69LJyQcNkUzReU9XxDpkCcHZt5Iyoflv1kUNpLlHpL9GWsy9Y0FZy9DVed_IDwiIK7uhVanElFQK3yT3Y6cH3gOyLUxW8pgZo8RQ8FVbIF3C0JeCtsYXjqeUiOUdn8HaQW8FACBDEHMHoexLXKeaGtso33PTd6Kh4lHXA1P0GTksv1Z9_IVJrRRuBgECx7Y4qmoEQeHjZfAjB3VoM5ab6DNUAg",
        "idToken": "eyJraWQiOiJJZGVudGl0eVRva2VuU2lnbktleSIsImFsZyI6IlJTNTEyIn0%3D.eyJpc3MiOiJhd3MtbGFtYmRhIiwiZXhwIjoxNzE5NzExODAwLCJzdWIiOiJpZC10b2tlbiIsImF1ZCI6InJpbmciLCJqdGkiOiI2MTE4MWJhNi1lMDg3LTQ1MjMtYmUzMS0yNDk1YTlhNDAxNTUiLCJ1c2VySWQiOiI2NTNmMTA4YTM5NmRlMjAwMGFjZDQzZDQiLCJlbWFpbCI6InRocml2ZS1pb3MrNEBwbHVtZS5jb20iLCJnZW5kZXIiOiIiLCJiaXJ0aGRhdGUiOiIifQ%3D%3D.ptZGaZe1P63swaXKwjMppOtgzKMv1K2An%2BhI1Ow%2Bz7%2BvHy4Z50Zt6O%2Ft5Iut7qQjZzDZV8HrL0uYLSBkHa5McviuKFFXbj1a4s1NXUSLZv%2BASZj7iMzjTwFnwj0IAP2xK74TV4p%2BW4uz3lB2R9GrytD7Ia9H0dpFwk35BlyC4fli5P5cMuGLFts2WSx9jAdLjbE9QemHkeVz5Ss9N%2FID5gh9GT3%2B%2FgEdW65EzKMszV%2FbU%2BtkcnUMb4MLHXaPCq56XrOQn1DJo5ZSkY35DrpQmrniHlwATI0uhLc5GD4OJClj2VJRCl24mQbCyYF38jYAf8wPmqOU2a5v0t8nJMa7KbNs3fyAB8FlOl8NbgJO4oyHf4JnMUMrMOeKNEXPDVHeFmPbgL4BRDUhhiSBJhbA%2FtqZxkFrubEsPVUWotS%2BXg2i%2F46plv%2BC1yhwMGtnpTxLMpn%2Fwjorg53K1ys%2F4JUKFOAPmmHsa1%2F5IOY9VS38LqhQQSVTDIi3i6eigVMKAoPr4APe%2ByejCNH2QAiFbDtkO0EADGyH0E1xIJYQxVSgZuu2pgIbtNp%2BeiisckxrIvnIQ0T49MZdzIV7NX8cgVZhYU3wAgMb7WXQ6fPhRU2anHHOObbXD%2B6%2BptYdZi5JdtS8eHXtK1tN098ltsaaWs25YhULXAOZKd%2FTwZb0wsDYQlE%3D",
        "refreshToken": "eyJraWQiOiJSZWZyZXNoVG9rZW5TaWduS2V5IiwiY3R5IjoiSldUIiwiZW5jIjoiQTI1NkdDTSIsImFsZyI6IlJTNTEyIn0%3D.AQICAHgg7rlLlhJZMilo20zyx9NECjg%2F8q0XYyoRMcHYs4Nh4AFJZnci3Ev4NgX9JVGTE7EBAAABUTCCAU0GCSqGSIb3DQEHBqCCAT4wggE6AgEAMIIBMwYJKoZIhvcNAQcBMB4GCWCGSAFlAwQBLjARBAzPQB10TdZzJgMSsykCARCAggEETGSWT5NJkEL1npfLhbWFdBT3HyRFgl2Kh3bGOltAmzRyg8FDBKP8twaskYMYORNVldXFVLdZtotR26LuyzneWoSPxyt%2FI6s5J6Dhlq%2BX8QU2MgBz3dAUuRI1acp7Y%2FdT9rOoEK%2ByTkmUlRVShvY7mon7W%2BN5LHICiHQ1acfRRKlRakEQG%2BPr1To7VonQNU%2FsVhSHKimLU3wMfkpbHAyHQCX9gF6u%2FJH08EC2w11CCOs3%2FntQhSO7S9XzeC6bMH%2FVo7H9chkm%2B3fBcF%2B%2BS0tbbC7r7QyJCIRas%2BgM9Rwty%2FlSR%2FBeHV8rsm4xeWP3YnlaL29abR7vGlNMlTawBBU5wVO2wlM%3D.eRcUAGkqLJzSyfeT7zvBp6%2F6vSWdhDNW0VNdJ1uvqLTpJRm1NEhHAkUJd9osAFsBYlSVkERsbR3QIvB2cABI4kct3PjbazTrXRfi4aS0uitgxN9N5eMWKvZL%2FjPgkZAIMwiBya0Zz7JqC59OOlBj3Un9qMmBi2ORhWBZ09wHDy5ICLsKMBOx%2FQmdzURmuKkMflwAZNjeAbmJaeSpAniDlfNrOBqiSfdPbtaw1oQb2cGyUkoDDmiDQ4bXCqqYmwhO5yVgPoq5OpEuRGWlKTZ2lMBn5JzYgyONPOmRnSHy%2FuXgSxasvzCB%2FmYL5FMM5%2BGmoGqk3VcAG4qeVMX%2Bxo20DhpSf6k%2B3YckcsrJN9oTcuVlV46v6OwDKOlGaQi3fPDQo%2BcY3FkrjPOGkUbVDpGN7h8boFkUb99HBw9nFilChmWkQrvmThG4Awg%2FrW%2F1gRLw7HA2m4GoS4GbO%2BY4FeOCS2RpTW4jt8uuMN3DYLpBlw1fRGAknN53B9Wr4N2xACkxQMhe4WXTa%2Fjr6qeTHijU6%2BZF1a0lO3lyJ%2FXVvl%2BOSS03eWcSkXp7g561IUoSlabVT9yienOP7OTxF%2FLEPtjy2AQiUYZkM2%2B85AlbN2wLuGveuTOw6M8a89pIKF%2BMxWqrfB%2FwLfDBgSlPGKxfxx4qW1hD1aMuLTPb60xZN15uPFw%3D",
        "identityId": "us-west-2:6fb23bea-6cb0-4c77-9b28-caf6c2d200c7"
    }
}

2024-01-02 09:43:27: -----------Request----------->
POST https://thrive-dog1-usw2-api.data.plume.tech/pwb/GetFitnessActivityList

User-Agent: python-requests/2.31.0
Accept-Encoding: gzip, deflate
accept: application/json
Connection: keep-alive
Authorization: Bearer eyJraWQiOiJ1cy13ZXN0LTI0IiwidHlwIjoiSldTIiwiYWxnIjoiUlM1MTIifQ.eyJzdWIiOiJ1cy13ZXN0LTI6NmZiMjNiZWEtNmNiMC00Yzc3LTliMjgtY2FmNmMyZDIwMGM3IiwiYXVkIjoidXMtd2VzdC0yOjU2YzQyNDM5LWJlMmMtNDUyMy04YmUwLTEwYjU4ODVlYTczMyIsImFtciI6WyJhdXRoZW50aWNhdGVkIiwic3RhZ2luZy1wd2IucGx1bWUuY29tIiwic3RhZ2luZy1wd2IucGx1bWUuY29tOnVzLXdlc3QtMjo1NmM0MjQzOS1iZTJjLTQ1MjMtOGJlMC0xMGI1ODg1ZWE3MzM6RDVkUjEydGpWY29UUGRCTEhQazVqdk1lWGU2TEE0MGRPUHZQUUo2bThKcm9SVmlkUWJ6Nlhsc3JXTXZhdFQ3TSJdLCJpc3MiOiJodHRwczovL2NvZ25pdG8taWRlbnRpdHkuYW1hem9uYXdzLmNvbSIsImh0dHBzOi8vY29nbml0by1pZGVudGl0eS5hbWF6b25hd3MuY29tL2lkZW50aXR5LXBvb2wtYXJuIjoiYXJuOmF3czpjb2duaXRvLWlkZW50aXR5OnVzLXdlc3QtMjoxNDMwODk2MTA0ODI6aWRlbnRpdHlwb29sL3VzLXdlc3QtMjo1NmM0MjQzOS1iZTJjLTQ1MjMtOGJlMC0xMGI1ODg1ZWE3MzMiLCJleHAiOjE3MDQyNDYyMDAsImlhdCI6MTcwNDE1OTgwMH0.dpPugMh0C4-iwMmOK-HtD32yC7vMWqaiq1wEI44K7WAL4wR3SFbKamknFUcciBYDCzewuMvrL7ZAtYXCUq8iBYZy1pnCc9M6c7O2ZAc898gukN_ZYcigt9Ft5_KH69LJyQcNkUzReU9XxDpkCcHZt5Iyoflv1kUNpLlHpL9GWsy9Y0FZy9DVed_IDwiIK7uhVanElFQK3yT3Y6cH3gOyLUxW8pgZo8RQ8FVbIF3C0JeCtsYXjqeUiOUdn8HaQW8FACBDEHMHoexLXKeaGtso33PTd6Kh4lHXA1P0GTksv1Z9_IVJrRRuBgECx7Y4qmoEQeHjZfAjB3VoM5ab6DNUAg
Content-Type: application/json
Content-Length: 117

{
    "userId": "653f108a396de2000acd43d4",
    "startTime": 1704124800,
    "endTime": 1704211199,
    "pageSize": 5,
    "startKey": ""
}

2024-01-02 09:43:27: <-----------Response-----------
Status code: 200, elapsed seconds: 2.639785

Date: Tue, 02 Jan 2024 01:43:25 GMT
Content-Type: application/json
Content-Length: 522
Connection: keep-alive
x-amzn-RequestId: 0b82aa93-e192-4dc6-96c7-fa5c44564c15
Access-Control-Allow-Origin: *
x-amz-apigw-id: Q42JVGTbPHcEMdw=
X-Amzn-Trace-Id: Root=1-65936a3b-713aa6626434973d339e76c9;Sampled=0;lineage=557b233b:0

{
    "data": {
        "startTime": 1704124800,
        "endTime": 1704211199,
        "userId": "653f108a396de2000acd43d4",
        "activitiesList": [
            {
                "activityId": "activity_653f108a396de2000acd43d460:b4:f7:f5:04:d2_1704160352",
                "userId": "653f108a396de2000acd43d4",
                "fitnessActivityTypeId": 1,
                "userConfirmation": "Unkown",
                "manualActivity": false,
                "state": "completed",
                "startTimeStamp": 1704160352,
                "duration": 431,
                "stepCount": 557,
                "highHrRate": 129,
                "lowHrRate": 81,
                "avgHrRate": 112,
                "highSpo2": 100,
                "lowSpo2": 100,
                "avgSpo2": 100
            }
        ]
    },
    "result": {
        "code": 201000,
        "message": "Successfully."
    }
}

