2024-01-03 09:44:14: -----------Request----------->
POST https://thrive-dog1-usw2-api.data.plume.tech/pwb/PlumeCloudLogin

User-Agent: python-requests/2.31.0
Accept-Encoding: gzip, deflate
accept: application/json
Connection: keep-alive
Content-Type: application/json
Content-Length: 73

{
    "email": "thrive-ios+4@plume.com",
    "password": "plume1234",
    "ttl": 3600
}

2024-01-03 09:44:14: <-----------Response-----------
Status code: 200, elapsed seconds: 3.907632

Date: Wed, 03 Jan 2024 01:44:12 GMT
Content-Type: application/json
Content-Length: 729
Connection: keep-alive
x-amzn-RequestId: c97eb005-5aba-4052-9404-90a6a498bddb
Access-Control-Allow-Origin: *
x-amz-apigw-id: Q8JNCHY0vHcEYnA=
X-Amzn-Trace-Id: Root=1-6594bbec-17bc9e361d9dc727080d4cd3;Sampled=0;lineage=7fdd2b1e:0

{
    "data": {
        "id": "ahLHXcC9kaEWz0GcNHa1HrzZcjCVZYivNW4aUYhVB8vOGQR9EHC1Mufd75hSrdYg",
        "ttl": 3600,
        "created": "2024-01-03T01:44:12.343Z",
        "userId": "653f108a396de2000acd43d4",
        "expireAt": "2024-01-03T02:44:12.343Z",
        "user": {
            "id": "653f108a396de2000acd43d4",
            "accountId": "3b2c42d4-7cee-4756-b4bd-491cacc1ae57",
            "anonymous": false,
            "autoProvisioned": false,
            "name": "thrive-ios+4",
            "locked": false,
            "partnerId": "mobile_qa_test",
            "acceptLanguage": "en-US",
            "preferredLanguage": "en",
            "source": "customCreate",
            "createdAt": "2023-10-30T02:10:18.214Z",
            "provisioningSsoAuditTrail": false,
            "_version": "1.0.0",
            "email": "thrive-ios+4@plume.com",
            "emailVerified": true,
            "firstKnownLoginTimestamp": "2023-10-30T02:15:53.570Z"
        }
    },
    "result": {
        "code": 201000,
        "message": "Successfully."
    }
}

2024-01-03 09:44:17: -----------Request----------->
POST https://thrive-dog1-usw2-api.data.plume.tech/pwb/AuthenticateWithPlumeToken

User-Agent: python-requests/2.31.0
Accept-Encoding: gzip, deflate
accept: application/json
Connection: keep-alive
Content-Type: application/json
Content-Length: 121

{
    "accessToken": "ahLHXcC9kaEWz0GcNHa1HrzZcjCVZYivNW4aUYhVB8vOGQR9EHC1Mufd75hSrdYg",
    "userId": "653f108a396de2000acd43d4"
}

2024-01-03 09:44:17: <-----------Response-----------
Status code: 200, elapsed seconds: 1.174537

Date: Wed, 03 Jan 2024 01:44:16 GMT
Content-Type: application/json
Content-Length: 3836
Connection: keep-alive
x-amzn-RequestId: a0bbf232-51e9-41fd-89e3-1a923ea49f26
Access-Control-Allow-Origin: *
x-amz-apigw-id: Q8JNfEzTPHcENMA=
X-Amzn-Trace-Id: Root=1-6594bbef-3eb830ce4dfeefcd100f3708;Sampled=0;lineage=144e69e0:0

{
    "data": {
        "email": "thrive-ios+4@plume.com",
        "userGroup": "admin",
        "userName": "thrive-ios+4",
        "userId": "653f108a396de2000acd43d4",
        "accessToken": "eyJraWQiOiJ1cy13ZXN0LTI0IiwidHlwIjoiSldTIiwiYWxnIjoiUlM1MTIifQ.eyJzdWIiOiJ1cy13ZXN0LTI6NjBhYzI3MTUtMWViMi00MGYzLTlkZDYtMmFiZjg0ODc1ZWJmIiwiYXVkIjoidXMtd2VzdC0yOjU2YzQyNDM5LWJlMmMtNDUyMy04YmUwLTEwYjU4ODVlYTczMyIsImFtciI6WyJhdXRoZW50aWNhdGVkIiwic3RhZ2luZy1wd2IucGx1bWUuY29tIiwic3RhZ2luZy1wd2IucGx1bWUuY29tOnVzLXdlc3QtMjo1NmM0MjQzOS1iZTJjLTQ1MjMtOGJlMC0xMGI1ODg1ZWE3MzM6YWhMSFhjQzlrYUVXejBHY05IYTFIcnpaY2pDVlpZaXZOVzRhVVloVkI4dk9HUVI5RUhDMU11ZmQ3NWhTcmRZZyJdLCJpc3MiOiJodHRwczovL2NvZ25pdG8taWRlbnRpdHkuYW1hem9uYXdzLmNvbSIsImh0dHBzOi8vY29nbml0by1pZGVudGl0eS5hbWF6b25hd3MuY29tL2lkZW50aXR5LXBvb2wtYXJuIjoiYXJuOmF3czpjb2duaXRvLWlkZW50aXR5OnVzLXdlc3QtMjoxNDMwODk2MTA0ODI6aWRlbnRpdHlwb29sL3VzLXdlc3QtMjo1NmM0MjQzOS1iZTJjLTQ1MjMtOGJlMC0xMGI1ODg1ZWE3MzMiLCJleHAiOjE3MDQzMzI2NTUsImlhdCI6MTcwNDI0NjI1NX0.Fmc8KvYvNcsfA8P6atvEhMGfN8AbBwBcPX0vDK9T71zCb860F1bdad_h9Y83yyVK4EUni-KqfS37nNbeEYbPWA5fR9yIg3bxjpjtQus1vp1A69KOwGvF_jY4-85UcacCgKT3EIFBDiwFqwHgY9U7eU_eO86QtU4ngfhMU6U-2s_9t4YSqxE_WOl4gaMOOh2HN5HTNX_95kEWQ94Ro3SUQ4g2SwZ5vpWl1rJAvXKZh6AX7P8hUJW3OvBF6bYu5d8SFU-N46o2eno6-jdsK4YpWKOowRZviJX5sNlO8zaev2M-8IpMVuUKSBwYfY_3GMw1WPJuQ4Mndy9xVTm314Wbfg",
        "idToken": "eyJraWQiOiJJZGVudGl0eVRva2VuU2lnbktleSIsImFsZyI6IlJTNTEyIn0%3D.eyJpc3MiOiJhd3MtbGFtYmRhIiwiZXhwIjoxNzE5Nzk4MjU2LCJzdWIiOiJpZC10b2tlbiIsImF1ZCI6InJpbmciLCJqdGkiOiI0MWY5MzY5NS0yNmRhLTQ4MmUtYTBkNC1iOTE3YTZiMjVlOWQiLCJ1c2VySWQiOiI2NTNmMTA4YTM5NmRlMjAwMGFjZDQzZDQiLCJlbWFpbCI6InRocml2ZS1pb3MrNEBwbHVtZS5jb20iLCJnZW5kZXIiOiIiLCJiaXJ0aGRhdGUiOiIifQ%3D%3D.gxbmGct3%2BFh6YRhZoFqi%2FdHwMDVhKUDkCkIbbWA0ovRAuED39C3C%2FEenTs2yQBvvCLQ8zb9w1KdtBjK20BtzPB0HEDgBOeuZTBdpx2N2f8gOnDRiqbA0h3cJ9hCigT5DgLv55kG96e%2B%2FEZFlcSVfRbDKr7Z1UYMpNrRfeUucUQdF0QrzaIc3KJlit4%2BdGrbXlrzMvwHtr7V%2B6%2BVhzcix7cRLlFtvFdOL%2FB1u%2BcrueROJIFEjT84TIQhCym0KqXbokBqH4%2Fb%2FTZVEcaKUIkD6T6VzKGIbApJ5S4BDl2Jy%2BQr82Qjz2RWB%2BiWRRsCR1eO6UFsiiuh3JTmSNsJsawtXRQHB%2BVzztloTNEb5S4EC2cXXDJHoVgeQHWCQ%2BWa5Xtdz9rNxyPqNmnobSCpG3CQypQxpfpzhMsYMjBNVbXx13xFww2a7s5I1cTD9jeQM%2BHvHUEC99lWRzeB9g18tIktZPq5H54wWJnajYanBj8FRy8AMWSv7ha%2FCnQVdexr%2FHq1XYVNG2nw2tfBbhSOe5v%2FajjxrYa6ApvGhFz0HJRN7ek2%2BEjKDCEZCBcKUYHVxf4Ndft3yM9vNLXwlbK5fvJ6a0Nwl%2B%2Fv5%2Bq0BkQbfE2wMHBC8cq66P0tLVKYgAPhTbvlF%2BrT%2BsmOVLx%2FKRtIWlI%2F%2FUosBWNtZMieAbEAC22RbZ4s%3D",
        "refreshToken": "eyJraWQiOiJSZWZyZXNoVG9rZW5TaWduS2V5IiwiY3R5IjoiSldUIiwiZW5jIjoiQTI1NkdDTSIsImFsZyI6IlJTNTEyIn0%3D.AQICAHgg7rlLlhJZMilo20zyx9NECjg%2F8q0XYyoRMcHYs4Nh4AH6rT53njoul1mNoMvzswNaAAABUTCCAU0GCSqGSIb3DQEHBqCCAT4wggE6AgEAMIIBMwYJKoZIhvcNAQcBMB4GCWCGSAFlAwQBLjARBAzw0n90lFt5Br793cMCARCAggEEhTlp0%2ByCsoM6ir3vqM96McgLS%2FHA3H3RnIvYxSPeiTkOr3VVUwfyIbvPuNOkGQ2NDxpGpJCsPP%2FtN1xHonrUvGtNq0HH61fLc%2B6GwZYkwS79gL2oMWCppbNqiH2a2ZOCmX4zTgPCorzAC5uCbJhuYZT82Ifa6I8hgGgef7HAF%2BeiS1fCVRJQ19tOThdYf7Q185Jbp9QQCbyKs1CU8LY4Rq2B3t%2FD5bFztZry7SgMpB8EeDBWjixRMYKrFuKrMs9c3zsFgV0VJdUOX%2F%2BcEnVRV7BAofPlEP423qUS2T%2Bfcl1v4YQ4dyOVk1oOMehh362907ET%2F37gvzNR2JcLb3TWiJYksu0%3D.IIf1foRwWvXGoxsJRbfkwk6ILjmT0kN4sZk4WTv38dFEsknJ2kW0JRyBDR5nIrwP5fy60Q5jlEff8l%2Fw1X1ESMYXC8s7gCjuniWaWxeDvqp9umygdPAkwIYVHfq5t%2FoCv0QnvE6y4fmrteh7ILPQ6DXwhuAKWxM4xRzNY1UNCfVloAE%2BQpI6J3K4aLmmVa6RE%2Fqk9o%2FXCaPW66YcscFiEAMyxjZJllLJP%2BrQIJPy7%2FQHuEDdi1FkXrl%2Fl3C8o%2FPg8%2B3br2A65Hg5ZeFYmUtwRSwKCYT8i7JDPqgbhQBp6ybGCjmFPisRA2iN073mzkivF0qJDAC5J7Ym5STBJO4iqtfaVFuD3TIvgQ4RT5OnEMUQ1yPrstlA9nVVIQbbgG6m367%2BCyKTcpVQ2ra6yLTIiN337pK1b7%2Bc8YZvBEc70aVoaRTl0Cm6eJ04yDR1itA07FkIf0Vcm%2FS8H8Zmjdb3yi2O78G%2FK8bvw46IzaapQ9RAMKQD7Zc5hkQx9%2FiQfDA5ieM2qzEJ7N9%2F2JE%2F0DeqvItgPMlVZSbVfE23I0ujxQHa2EVA040f355Q9ClSPgL8Cf4U4HhBklVw69uo8xTqmfuwGEzh32TljOY7PzK7r%2FQWYnA%2F1foAp08vSh8HIPavdBg1y3WeODIUPW3UwaTrFowT9sO9ArAsnAMjGg789AI%3D",
        "identityId": "us-west-2:60ac2715-1eb2-40f3-9dd6-2abf84875ebf"
    }
}

2024-01-03 09:44:22: -----------Request----------->
POST https://thrive-dog1-usw2-api.data.plume.tech/pwb/GetFitnessInsightSummary

User-Agent: python-requests/2.31.0
Accept-Encoding: gzip, deflate
accept: application/json
Connection: keep-alive
Authorization: Bearer eyJraWQiOiJ1cy13ZXN0LTI0IiwidHlwIjoiSldTIiwiYWxnIjoiUlM1MTIifQ.eyJzdWIiOiJ1cy13ZXN0LTI6NjBhYzI3MTUtMWViMi00MGYzLTlkZDYtMmFiZjg0ODc1ZWJmIiwiYXVkIjoidXMtd2VzdC0yOjU2YzQyNDM5LWJlMmMtNDUyMy04YmUwLTEwYjU4ODVlYTczMyIsImFtciI6WyJhdXRoZW50aWNhdGVkIiwic3RhZ2luZy1wd2IucGx1bWUuY29tIiwic3RhZ2luZy1wd2IucGx1bWUuY29tOnVzLXdlc3QtMjo1NmM0MjQzOS1iZTJjLTQ1MjMtOGJlMC0xMGI1ODg1ZWE3MzM6YWhMSFhjQzlrYUVXejBHY05IYTFIcnpaY2pDVlpZaXZOVzRhVVloVkI4dk9HUVI5RUhDMU11ZmQ3NWhTcmRZZyJdLCJpc3MiOiJodHRwczovL2NvZ25pdG8taWRlbnRpdHkuYW1hem9uYXdzLmNvbSIsImh0dHBzOi8vY29nbml0by1pZGVudGl0eS5hbWF6b25hd3MuY29tL2lkZW50aXR5LXBvb2wtYXJuIjoiYXJuOmF3czpjb2duaXRvLWlkZW50aXR5OnVzLXdlc3QtMjoxNDMwODk2MTA0ODI6aWRlbnRpdHlwb29sL3VzLXdlc3QtMjo1NmM0MjQzOS1iZTJjLTQ1MjMtOGJlMC0xMGI1ODg1ZWE3MzMiLCJleHAiOjE3MDQzMzI2NTUsImlhdCI6MTcwNDI0NjI1NX0.Fmc8KvYvNcsfA8P6atvEhMGfN8AbBwBcPX0vDK9T71zCb860F1bdad_h9Y83yyVK4EUni-KqfS37nNbeEYbPWA5fR9yIg3bxjpjtQus1vp1A69KOwGvF_jY4-85UcacCgKT3EIFBDiwFqwHgY9U7eU_eO86QtU4ngfhMU6U-2s_9t4YSqxE_WOl4gaMOOh2HN5HTNX_95kEWQ94Ro3SUQ4g2SwZ5vpWl1rJAvXKZh6AX7P8hUJW3OvBF6bYu5d8SFU-N46o2eno6-jdsK4YpWKOowRZviJX5sNlO8zaev2M-8IpMVuUKSBwYfY_3GMw1WPJuQ4Mndy9xVTm314Wbfg
Content-Type: application/json
Content-Length: 125

{
    "userId": "653f108a396de2000acd43d4",
    "startTime": 1704211200,
    "endTime": 1704297599,
    "interval": "day",
    "utcTimeOffset": 8
}

2024-01-03 09:44:22: <-----------Response-----------
Status code: 200, elapsed seconds: 2.93146

Date: Wed, 03 Jan 2024 01:44:21 GMT
Content-Type: application/json
Content-Length: 380
Connection: keep-alive
x-amzn-RequestId: 076f1972-7564-4264-a7ec-acc9b42c968f
Access-Control-Allow-Origin: *
x-amz-apigw-id: Q8JN_FRmvHcEGYg=
X-Amzn-Trace-Id: Root=1-6594bbf2-4a0bc7f770f01a1071e17d41;Sampled=0;lineage=7f669d97:0

{
    "data": {
        "userId": "653f108a396de2000acd43d4",
        "startTime": 1704211200,
        "endTime": 1704297599,
        "utcTimeOffset": 8,
        "fitnessInsightList": [
            {
                "userId": "653f108a396de2000acd43d4",
                "intervalStartTime": 1704211200,
                "interval": "day",
                "stepCount": 0,
                "activeMinutes": 0,
                "highHrRate": 0,
                "lowHrRate": 0,
                "avgHrRate": 0,
                "highSpo2": 0,
                "lowSpo2": 0,
                "avgSpo2": 0
            }
        ]
    },
    "result": {
        "code": 201000,
        "message": "Successfully."
    }
}

