2024-01-04 10:03:18: -----------Request----------->
POST https://thrive-dog1-usw2-api.data.plume.tech/pwb/PlumeCloudLogin

User-Agent: python-requests/2.31.0
Accept-Encoding: gzip, deflate
accept: application/json
Connection: keep-alive
Content-Type: application/json
Content-Length: 73

{
    "email": "thrive-ios+4@plume.com",
    "password": "plume1234",
    "ttl": 3600
}

2024-01-04 10:03:18: <-----------Response-----------
Status code: 200, elapsed seconds: 2.730917

Date: Thu, 04 Jan 2024 02:03:16 GMT
Content-Type: application/json
Content-Length: 729
Connection: keep-alive
x-amzn-RequestId: c842417e-ea34-4883-98c5-ac040394a7a5
Access-Control-Allow-Origin: *
x-amz-apigw-id: Q_e7lHynPHcEA8Q=
X-Amzn-Trace-Id: Root=1-659611e3-54ea068664e6d287278ac68b;Sampled=0;lineage=7fdd2b1e:0

{
    "data": {
        "id": "pQpUsEKsyrGUEebq5fcrhOwO0lbvAU69pDaEUT6bY9vd7vk0YBdCreGwLFoqkgS3",
        "ttl": 3600,
        "created": "2024-01-04T02:03:17.790Z",
        "userId": "653f108a396de2000acd43d4",
        "expireAt": "2024-01-04T03:03:17.790Z",
        "user": {
            "id": "653f108a396de2000acd43d4",
            "accountId": "3b2c42d4-7cee-4756-b4bd-491cacc1ae57",
            "anonymous": false,
            "autoProvisioned": false,
            "name": "thrive-ios+4",
            "locked": false,
            "partnerId": "mobile_qa_test",
            "acceptLanguage": "en-US",
            "preferredLanguage": "en",
            "source": "customCreate",
            "createdAt": "2023-10-30T02:10:18.214Z",
            "provisioningSsoAuditTrail": false,
            "_version": "1.0.0",
            "email": "thrive-ios+4@plume.com",
            "emailVerified": true,
            "firstKnownLoginTimestamp": "2023-10-30T02:15:53.570Z"
        }
    },
    "result": {
        "code": 201000,
        "message": "Successfully."
    }
}

2024-01-04 10:03:22: -----------Request----------->
POST https://thrive-dog1-usw2-api.data.plume.tech/pwb/AuthenticateWithPlumeToken

User-Agent: python-requests/2.31.0
Accept-Encoding: gzip, deflate
accept: application/json
Connection: keep-alive
Content-Type: application/json
Content-Length: 121

{
    "accessToken": "pQpUsEKsyrGUEebq5fcrhOwO0lbvAU69pDaEUT6bY9vd7vk0YBdCreGwLFoqkgS3",
    "userId": "653f108a396de2000acd43d4"
}

2024-01-04 10:03:22: <-----------Response-----------
Status code: 200, elapsed seconds: 2.110444

Date: Thu, 04 Jan 2024 02:03:20 GMT
Content-Type: application/json
Content-Length: 3834
Connection: keep-alive
x-amzn-RequestId: c3b211b7-3156-443e-b62c-07be22c26fc7
Access-Control-Allow-Origin: *
x-amz-apigw-id: Q_e8MEtKvHcEgWA=
X-Amzn-Trace-Id: Root=1-659611e7-67f0f1b912b77a0b4bb9a4bc;Sampled=0;lineage=144e69e0:0

{
    "data": {
        "email": "thrive-ios+4@plume.com",
        "userGroup": "admin",
        "userName": "thrive-ios+4",
        "userId": "653f108a396de2000acd43d4",
        "accessToken": "eyJraWQiOiJ1cy13ZXN0LTI0IiwidHlwIjoiSldTIiwiYWxnIjoiUlM1MTIifQ.eyJzdWIiOiJ1cy13ZXN0LTI6ZjZiMWQyYzgtMTg2OS00NzcxLTg1OGQtYzEwZDBmMmI0YWYwIiwiYXVkIjoidXMtd2VzdC0yOjU2YzQyNDM5LWJlMmMtNDUyMy04YmUwLTEwYjU4ODVlYTczMyIsImFtciI6WyJhdXRoZW50aWNhdGVkIiwic3RhZ2luZy1wd2IucGx1bWUuY29tIiwic3RhZ2luZy1wd2IucGx1bWUuY29tOnVzLXdlc3QtMjo1NmM0MjQzOS1iZTJjLTQ1MjMtOGJlMC0xMGI1ODg1ZWE3MzM6cFFwVXNFS3N5ckdVRWVicTVmY3JoT3dPMGxidkFVNjlwRGFFVVQ2Ylk5dmQ3dmswWUJkQ3JlR3dMRm9xa2dTMyJdLCJpc3MiOiJodHRwczovL2NvZ25pdG8taWRlbnRpdHkuYW1hem9uYXdzLmNvbSIsImh0dHBzOi8vY29nbml0by1pZGVudGl0eS5hbWF6b25hd3MuY29tL2lkZW50aXR5LXBvb2wtYXJuIjoiYXJuOmF3czpjb2duaXRvLWlkZW50aXR5OnVzLXdlc3QtMjoxNDMwODk2MTA0ODI6aWRlbnRpdHlwb29sL3VzLXdlc3QtMjo1NmM0MjQzOS1iZTJjLTQ1MjMtOGJlMC0xMGI1ODg1ZWE3MzMiLCJleHAiOjE3MDQ0MjAyMDAsImlhdCI6MTcwNDMzMzgwMH0.NS3S1zN29CDfdxyV1EYAAWrbgCJfSeZWZUCQk_vi4OCD59WpKVFZm3jeE9WKnPKwmFKl8ZUi8BrBdQjIN4OZTTafZIGOfnvIqOg8H9abM9l8PNGTRC2QaEghcoDx71U2wPFdKzTpBqV9ZY3xo8J21tRmSF4LfForKWJNcsq74hnPOL46ZhtEwwFD-pJKkA4U37UzC_J-EaRLh10k5PayxKZllMKfMPVjTlyxPzjetbQW12K4py4XHEbtkNYNyOWJOaj3ecU2nbQhqgKFkb13zmeYLNUmQWhXLf2kqKhoWrB6jzMoypdMCEeVZWPkMqqpM0rrzwtBzdp-cqvgjsdtEA",
        "idToken": "eyJraWQiOiJJZGVudGl0eVRva2VuU2lnbktleSIsImFsZyI6IlJTNTEyIn0%3D.eyJpc3MiOiJhd3MtbGFtYmRhIiwiZXhwIjoxNzE5ODg1ODAwLCJzdWIiOiJpZC10b2tlbiIsImF1ZCI6InJpbmciLCJqdGkiOiJhMjRjMzY0MC1kYmY4LTQ4NzUtYTBjNy1kMThmMzFiOTU1NDciLCJ1c2VySWQiOiI2NTNmMTA4YTM5NmRlMjAwMGFjZDQzZDQiLCJlbWFpbCI6InRocml2ZS1pb3MrNEBwbHVtZS5jb20iLCJnZW5kZXIiOiIiLCJiaXJ0aGRhdGUiOiIifQ%3D%3D.YP9jDs29KvElfi1bShTMaXuHb12FzowU5Zuv0GsTX2g%2FcmZ7WtRnvsznDkr9%2BqrmEVQJm6X5GY9oNAc4%2FXdz0SuzwYPAdMj7nl4MZsA0GCORTOf%2BynF7c1Dm1H6CRaCKIIUAxqaIZfLzgHE02YOOEPec5e7Gs1oJzSgvyxNVZIyuTNW0f%2BgOt4R2z3az0kK39PMOdVQW9D9QCbWlddeJ4UnpHeQww3BPlAeIIBi%2BIl%2FNXHWTLvSEV%2BJ5LToA2T2ASnok1qLzgy2K4CcN6%2FXbQr8rCC8jmcKe7tdGOe1nG51Qy6qdW%2FttDT44f%2BELbCZq5rtPc4Btl3R%2B1ccd9WQi7%2BuFjwjUZmo43R9aTOLzQdSC407XgAM8m%2FCeJH4Lx1tqBHCjZNAGbCozzjG4Hqn0zT9%2FW09M5ddbyPRVvTX2%2BCOkfuL0iNOj5E6KDq3gmako3417tDNoaSOhxJdsvMSPyDLvNKWpaWFYy71j6qoGen0GJ2FGqVColv27GW08xmZTFDRE38hNPm30NgK5RmSR9O6%2BbJqF9j5Q5JdQZl5t6LO6jWOR2oGXkfmtF36eOuSkVoNQW2gZ5IddE%2BJCQdUIuD5kIzjEGV%2BpC8VurjZVMMJ3cshGDvBb99NkE1w5Mw2GJKIQVsE5OydLwyHTwzTgPcHgpm7dRgLwJroH0Ce8IgE%3D",
        "refreshToken": "eyJraWQiOiJSZWZyZXNoVG9rZW5TaWduS2V5IiwiY3R5IjoiSldUIiwiZW5jIjoiQTI1NkdDTSIsImFsZyI6IlJTNTEyIn0%3D.AQICAHgg7rlLlhJZMilo20zyx9NECjg%2F8q0XYyoRMcHYs4Nh4AG2zgnxjM%2B9IVWo5Agh147bAAABUTCCAU0GCSqGSIb3DQEHBqCCAT4wggE6AgEAMIIBMwYJKoZIhvcNAQcBMB4GCWCGSAFlAwQBLjARBAywOquM9zgWNuUwcmUCARCAggEEusFsgSyVqTpjoO%2BgN2sf079OjZAjRVCChePdSc%2B3rL3Yu8%2BtU7y0gyU3GoISyP%2BuvNHYwWM1bCIRmz2JtxG97e%2BoFPxT2d8T%2F9qe0Wnu71S0gW0j%2FkFTTA3JwjE90emEt8ZjYZsIjAg93aH%2BY71TLL0bavrot%2FKt1Q11eOvqaibXy8CGBEv07gmBQST6bC%2BjvH4I8dmhowjcaoB0JfI42hXy9wA8ZA6Gs%2FtUZVFKFTIeLr3EekywOobUlWZXFujC8lsbAVE%2BLmgv1VaR2Thqz%2FnZ69FBITbPVH2U0RqB8s%2Bl7yL2f3dx8j%2FUT5PF4lDPH9t0L1%2FJs8NOA8zR9q0pFbDAwpY%3D.HH4yCHTjY%2FFDznMiuiXNh0AYqyLBJLP4JI1zt%2B3ETkRiAj0Bq6SD5kNLdui3JNMujtT%2F%2BXdQwiD6%2FVucVNznYkn2Q4CeU7NMsmhfu4eMCm0mvJSg8UyCpiufLTjLTxRQBJOT5j1gA0BnVsXiAsAY08IFE30aiK6UcyS0%2BpaD8oBFAPe4H3oHEIPDtrf6FeI8Kx%2FDhfHcayrkR1H%2FjSd5ywYWe170oQd60hJDV1wGRCUnLGJ2WeXvmMV32BpWheemvBPWU2tWfKY6sq5rPGWz38VqKxMzGoZqbRJVQSyi4A36siabsuuhd3W2ioOC%2FZrKELv2pEgfaLLmOo3Z4dWXxezNr6HUBt5ja98xS9Yhag6fVKdxHsVOUoaGMT5hDIs7mV3sEr0BjXUFkF5Ilm6jzxMmD7WNWcmw0W%2BqeRlGVneFCDm91%2F1FlbKtxmM6gr%2FRPkGz%2Bs1SEdJ%2BRp3Vcl4gUFN4LZQVvs43JEABQElPTSqYnwJVHtvlJkSxjkyzlFFLCgVxfA2SLqE3dBQrLvxUi28oqRM%2BRnbyE3eWTqBKt19Wa41%2BDlMmIVvN5kXJIOHxbRDX8TO3wyzI2s2Mvzc7ioRc332tFJiOEDP8f%2BwkrDwjPJub%2FzrYbn5h9td7cmbZtgZRH4k%2Bdfqff6G%2FNsGT%2BFQG8xCogXxfdmBzY1XMqGc%3D",
        "identityId": "us-west-2:f6b1d2c8-1869-4771-858d-c10d0f2b4af0"
    }
}

2024-01-04 10:03:27: -----------Request----------->
POST https://thrive-dog1-usw2-api.data.plume.tech/pwb/GetFitnessInsightSummary

User-Agent: python-requests/2.31.0
Accept-Encoding: gzip, deflate
accept: application/json
Connection: keep-alive
Authorization: Bearer eyJraWQiOiJ1cy13ZXN0LTI0IiwidHlwIjoiSldTIiwiYWxnIjoiUlM1MTIifQ.eyJzdWIiOiJ1cy13ZXN0LTI6ZjZiMWQyYzgtMTg2OS00NzcxLTg1OGQtYzEwZDBmMmI0YWYwIiwiYXVkIjoidXMtd2VzdC0yOjU2YzQyNDM5LWJlMmMtNDUyMy04YmUwLTEwYjU4ODVlYTczMyIsImFtciI6WyJhdXRoZW50aWNhdGVkIiwic3RhZ2luZy1wd2IucGx1bWUuY29tIiwic3RhZ2luZy1wd2IucGx1bWUuY29tOnVzLXdlc3QtMjo1NmM0MjQzOS1iZTJjLTQ1MjMtOGJlMC0xMGI1ODg1ZWE3MzM6cFFwVXNFS3N5ckdVRWVicTVmY3JoT3dPMGxidkFVNjlwRGFFVVQ2Ylk5dmQ3dmswWUJkQ3JlR3dMRm9xa2dTMyJdLCJpc3MiOiJodHRwczovL2NvZ25pdG8taWRlbnRpdHkuYW1hem9uYXdzLmNvbSIsImh0dHBzOi8vY29nbml0by1pZGVudGl0eS5hbWF6b25hd3MuY29tL2lkZW50aXR5LXBvb2wtYXJuIjoiYXJuOmF3czpjb2duaXRvLWlkZW50aXR5OnVzLXdlc3QtMjoxNDMwODk2MTA0ODI6aWRlbnRpdHlwb29sL3VzLXdlc3QtMjo1NmM0MjQzOS1iZTJjLTQ1MjMtOGJlMC0xMGI1ODg1ZWE3MzMiLCJleHAiOjE3MDQ0MjAyMDAsImlhdCI6MTcwNDMzMzgwMH0.NS3S1zN29CDfdxyV1EYAAWrbgCJfSeZWZUCQk_vi4OCD59WpKVFZm3jeE9WKnPKwmFKl8ZUi8BrBdQjIN4OZTTafZIGOfnvIqOg8H9abM9l8PNGTRC2QaEghcoDx71U2wPFdKzTpBqV9ZY3xo8J21tRmSF4LfForKWJNcsq74hnPOL46ZhtEwwFD-pJKkA4U37UzC_J-EaRLh10k5PayxKZllMKfMPVjTlyxPzjetbQW12K4py4XHEbtkNYNyOWJOaj3ecU2nbQhqgKFkb13zmeYLNUmQWhXLf2kqKhoWrB6jzMoypdMCEeVZWPkMqqpM0rrzwtBzdp-cqvgjsdtEA
Content-Type: application/json
Content-Length: 125

{
    "userId": "653f108a396de2000acd43d4",
    "startTime": 1704297600,
    "endTime": 1704383999,
    "interval": "day",
    "utcTimeOffset": 8
}

2024-01-04 10:03:27: <-----------Response-----------
Status code: 200, elapsed seconds: 2.931853

Date: Thu, 04 Jan 2024 02:03:25 GMT
Content-Type: application/json
Content-Length: 390
Connection: keep-alive
x-amzn-RequestId: 77264869-6271-4bcf-8db0-e59ee019c050
Access-Control-Allow-Origin: *
x-amz-apigw-id: Q_e81GRWvHcEQXg=
X-Amzn-Trace-Id: Root=1-659611eb-5cbaecc8631d76ab4357c118;Sampled=0;lineage=7f669d97:0

{
    "data": {
        "userId": "653f108a396de2000acd43d4",
        "startTime": 1704297600,
        "endTime": 1704383999,
        "utcTimeOffset": 8,
        "fitnessInsightList": [
            {
                "userId": "653f108a396de2000acd43d4",
                "intervalStartTime": 1704297600,
                "interval": "day",
                "stepCount": 927,
                "activeMinutes": 7,
                "highHrRate": 144,
                "lowHrRate": 55,
                "avgHrRate": 77,
                "highSpo2": 100,
                "lowSpo2": 90,
                "avgSpo2": 99
            }
        ]
    },
    "result": {
        "code": 201000,
        "message": "Successfully."
    }
}

