2024-01-02 11:40:56: -----------Request----------->
POST https://thrive-dog1-usw2-api.data.plume.tech/pwb/PlumeCloudLogin

User-Agent: python-requests/2.31.0
Accept-Encoding: gzip, deflate
accept: application/json
Connection: keep-alive
Content-Type: application/json
Content-Length: 73

{
    "email": "thrive-ios+4@plume.com",
    "password": "plume1234",
    "ttl": 3600
}

2024-01-02 11:40:56: <-----------Response-----------
Status code: 200, elapsed seconds: 2.535128

Date: Tue, 02 Jan 2024 03:40:54 GMT
Content-Type: application/json
Content-Length: 729
Connection: keep-alive
x-amzn-RequestId: 97ce354d-ad12-44ed-a6e9-c8a2a19dc1fc
Access-Control-Allow-Origin: *
x-amz-apigw-id: Q5HW8HbJvHcEoBQ=
X-Amzn-Trace-Id: Root=1-659385c5-11c863aa7e42effa4c2195a5;Sampled=0;lineage=7fdd2b1e:0

{
    "data": {
        "id": "0YMB49B1IDTe7BBuH3FFcCqEOvtIakgfm6KQwpIui4iR87durbTQ1T5JpP5iCxfh",
        "ttl": 3600,
        "created": "2024-01-02T03:40:55.361Z",
        "userId": "653f108a396de2000acd43d4",
        "expireAt": "2024-01-02T04:40:55.361Z",
        "user": {
            "id": "653f108a396de2000acd43d4",
            "accountId": "3b2c42d4-7cee-4756-b4bd-491cacc1ae57",
            "anonymous": false,
            "autoProvisioned": false,
            "name": "thrive-ios+4",
            "locked": false,
            "partnerId": "mobile_qa_test",
            "acceptLanguage": "en-US",
            "preferredLanguage": "en",
            "source": "customCreate",
            "createdAt": "2023-10-30T02:10:18.214Z",
            "provisioningSsoAuditTrail": false,
            "_version": "1.0.0",
            "email": "thrive-ios+4@plume.com",
            "emailVerified": true,
            "firstKnownLoginTimestamp": "2023-10-30T02:15:53.570Z"
        }
    },
    "result": {
        "code": 201000,
        "message": "Successfully."
    }
}

2024-01-02 11:41:01: -----------Request----------->
POST https://thrive-dog1-usw2-api.data.plume.tech/pwb/AuthenticateWithPlumeToken

User-Agent: python-requests/2.31.0
Accept-Encoding: gzip, deflate
accept: application/json
Connection: keep-alive
Content-Type: application/json
Content-Length: 121

{
    "accessToken": "0YMB49B1IDTe7BBuH3FFcCqEOvtIakgfm6KQwpIui4iR87durbTQ1T5JpP5iCxfh",
    "userId": "653f108a396de2000acd43d4"
}

2024-01-02 11:41:01: <-----------Response-----------
Status code: 200, elapsed seconds: 2.244447

Date: Tue, 02 Jan 2024 03:40:58 GMT
Content-Type: application/json
Content-Length: 3840
Connection: keep-alive
x-amzn-RequestId: efef12bb-4672-4447-ae7e-0c7e33c86a2f
Access-Control-Allow-Origin: *
x-amz-apigw-id: Q5HXiHWsPHcEMtA=
X-Amzn-Trace-Id: Root=1-659385c9-26f88ecc79146a5a5c47649e;Sampled=0;lineage=144e69e0:0

{
    "data": {
        "email": "thrive-ios+4@plume.com",
        "userGroup": "admin",
        "userName": "thrive-ios+4",
        "userId": "653f108a396de2000acd43d4",
        "accessToken": "eyJraWQiOiJ1cy13ZXN0LTI0IiwidHlwIjoiSldTIiwiYWxnIjoiUlM1MTIifQ.eyJzdWIiOiJ1cy13ZXN0LTI6YjVlZjQzNzUtMWVhNS00MTJhLTlkNGYtYTBjNmM2ZTViY2E4IiwiYXVkIjoidXMtd2VzdC0yOjU2YzQyNDM5LWJlMmMtNDUyMy04YmUwLTEwYjU4ODVlYTczMyIsImFtciI6WyJhdXRoZW50aWNhdGVkIiwic3RhZ2luZy1wd2IucGx1bWUuY29tIiwic3RhZ2luZy1wd2IucGx1bWUuY29tOnVzLXdlc3QtMjo1NmM0MjQzOS1iZTJjLTQ1MjMtOGJlMC0xMGI1ODg1ZWE3MzM6MFlNQjQ5QjFJRFRlN0JCdUgzRkZjQ3FFT3Z0SWFrZ2ZtNktRd3BJdWk0aVI4N2R1cmJUUTFUNUpwUDVpQ3hmaCJdLCJpc3MiOiJodHRwczovL2NvZ25pdG8taWRlbnRpdHkuYW1hem9uYXdzLmNvbSIsImh0dHBzOi8vY29nbml0by1pZGVudGl0eS5hbWF6b25hd3MuY29tL2lkZW50aXR5LXBvb2wtYXJuIjoiYXJuOmF3czpjb2duaXRvLWlkZW50aXR5OnVzLXdlc3QtMjoxNDMwODk2MTA0ODI6aWRlbnRpdHlwb29sL3VzLXdlc3QtMjo1NmM0MjQzOS1iZTJjLTQ1MjMtOGJlMC0xMGI1ODg1ZWE3MzMiLCJleHAiOjE3MDQyNTMyNTgsImlhdCI6MTcwNDE2Njg1OH0.LZgG7O1gd3OctF68Nw-2zRA8Qxqv5LRKN703LaGhk_a9Iyl5bRkB8RfqdVdRYqhlLpHazq_KuRzxQNC-P8HPAa_POgp9pbDk_QfIr3-JERrKk6N128jT5-IC5ci5qn0BXXYO6BuwkIGEdSrA6KaRyl1gHvnJuVyFcLdJDSKW8GZxSC0gYVAbssJtK6SCU1NnYhLNU1U8DXuSCMgJwaVHx1o1lXv2QjX_60DDqrSapXgCJJAEQ78k2Z1qxWb_E-gYZALfKWYJk8YD_ZQfekWzBjhgvnl4N2yaeYpv1DTBgLWvtLijflLNzYntTg8_0pJg6qxYtDgbkC55xqYLIFBd0Q",
        "idToken": "eyJraWQiOiJJZGVudGl0eVRva2VuU2lnbktleSIsImFsZyI6IlJTNTEyIn0%3D.eyJpc3MiOiJhd3MtbGFtYmRhIiwiZXhwIjoxNzE5NzE4ODU4LCJzdWIiOiJpZC10b2tlbiIsImF1ZCI6InJpbmciLCJqdGkiOiJmZDkyZmI1OS05NzAxLTQxMWMtYmM2NC03MDE1OGZjOGMzNTMiLCJ1c2VySWQiOiI2NTNmMTA4YTM5NmRlMjAwMGFjZDQzZDQiLCJlbWFpbCI6InRocml2ZS1pb3MrNEBwbHVtZS5jb20iLCJnZW5kZXIiOiIiLCJiaXJ0aGRhdGUiOiIifQ%3D%3D.kPv36MpJznUzCMBG5VcjiO6t11F6YDXnkhcQDEUeyXLtQ6wHuHayHmwG8fjfvE%2FZuYyRee2K6Ean6GBTCMxefM0U6WxHZIzIOGmlZv3A5mkB9ErZsQeA0SHQHEIg05luZWbIFniYIKbhmRvTb63A%2BxeqQP7GDqpkuGWvyKMmaUKs%2BVojJl8xUl%2Fw%2FhMLwmd1uRVrTO0YaMPT0ZcGhjAibd9LZOb94tV8NEAimn49MlIccs17yygYqzWf3Tn16QYgC%2FVqhp5rwtOGTst7trbgFuZAp25qsp4qRK6xeJ%2FxXQ3D4l1RGpTlIXAJRlZ7K8uWcVCQc4CqANK3DMuPU8j8Vz%2Fn03d5c%2FN6JFdgCN0xdaMCGXcg0DSoPi%2F5JP7%2BYxioBG%2BrBjkaVeF3lhx553UHX3yaytsyxczRBS0neHWNoNxBleEDam3LgrbLQmg%2Bpmh6Krjukes2tdNx5%2BYxGYo3b%2F1POtaH4fEiv3rDTyrfD1sud5gC606DQb3OR0PrBgpu%2FOZ9eQC3E4gAs5Wab2tU5tDXmo%2BmjDqdZZmZX7LWms9NU4%2Fi%2FD40N2r2F200rkM2F9tOwTZLF4RoIkIuseDpo5vClygEyGNeKBl6prZ3IFzJk9si%2FrpxBFwTAQvULLc9z3ALU9QqYLz9H7mno5OjqoltBcqAJdGgGds1h9kJTbE%3D",
        "refreshToken": "eyJraWQiOiJSZWZyZXNoVG9rZW5TaWduS2V5IiwiY3R5IjoiSldUIiwiZW5jIjoiQTI1NkdDTSIsImFsZyI6IlJTNTEyIn0%3D.AQICAHgg7rlLlhJZMilo20zyx9NECjg%2F8q0XYyoRMcHYs4Nh4AEBHRegtKrwzxDvGKLrEzVcAAABUTCCAU0GCSqGSIb3DQEHBqCCAT4wggE6AgEAMIIBMwYJKoZIhvcNAQcBMB4GCWCGSAFlAwQBLjARBAzjiYvf0MWjmkcH3wsCARCAggEEGtYgY8VO%2B%2Btnsw%2B9DCfd2dD2MUrDSxQh4hq4cP%2FFQbAYoEaERic5MOrf%2FLRaNwSLvQwM5sDcDDF662FmPMkAJZ6vX1XuPFiNZZjlIZB0L3C13BPCVIEW0P5916Q%2BAmF9Se9rOuWIf1ee%2FVn7aurR%2FI3ZbikUURpOQGRpGCxURVuSv4%2B19vpYJ7RZb%2BR5DGWEkuPNpLfx1rw6VLcUPg4TUFIpjAr93CLUmOFC9ByesXBPHzhYsIuSEMNEvJpP%2BMv%2Fsw3BjYlff2SyprS%2FIxXmRprLD6pIP7Gc4n0bF%2F%2BM9odvs6Vx%2BvtRXlRfAkn3NEGTTnD35bCR7aopgKGXC%2FsCKQ6eZvo%3D.LsIMB2DA3mM2I6Qpj4hSExq6jC8lmBrHmizTMbCNBY6pZHkcDLjGdMWivZRJ8PoOLIj0%2F8MCGkA5VLgnmRO3hDj1R2dsGGgGkTxpGIZBfmTg0M%2F%2FibKSIKKtzC159eR6Mt%2FAqWdSJDljagl8HbgP0gcjEbVppYoCrAMw1z6AjyyrITMUI7SYZCmjow%2BMEUInd1pn0se9wvZYK23y%2FbVvP%2BkHlRlAG5xyg9lA7CD%2BSNN%2BZEw9rLiHBzfSoYrz%2F4bSAG3wLOHlsvmnoDUi705iTw92Dj8hIL%2FW%2BZ2qbFeNQveTvWF2V981PXCs%2Flv%2Fk2BG79hhpVCDZItwW48Dr9E3U91ES5PQYmLGfPIQGz46E7eaJMuRq1XX8RmmfPuOr%2F%2BGIg6EF8qx34JmZDV4tnVSjE3CO%2BmO9ATrboB6VCe%2F21b4lu6o4PTUEf2jLUpb8nT52fyRXlYHUN4gu0dtKCJeNOtcd6BiHHAnaw2WyNpmhG4ku2NPeFnyNZxO0i7uhpj5srMCOwR08w4HNdHDrkBaiGt%2FW%2FbzYizmVLmWT3tA8N59soPnvaIGn3AYjhQK2SNmqsaAhMxwKzkClHqeZrh6e3GlACcQK2kmFGvNvMwmUvF2hD7OFUV%2BGACXskVWZVH1nrZM3obAaj4qzq6EqAhm5WJ66Pu%2BvAgq7a3Rtj7%2FwiI%3D",
        "identityId": "us-west-2:b5ef4375-1ea5-412a-9d4f-a0c6c6e5bca8"
    }
}

2024-01-02 11:41:06: -----------Request----------->
POST https://thrive-dog1-usw2-api.data.plume.tech/pwb/GetFitnessInsightSummary

User-Agent: python-requests/2.31.0
Accept-Encoding: gzip, deflate
accept: application/json
Connection: keep-alive
Authorization: Bearer eyJraWQiOiJ1cy13ZXN0LTI0IiwidHlwIjoiSldTIiwiYWxnIjoiUlM1MTIifQ.eyJzdWIiOiJ1cy13ZXN0LTI6YjVlZjQzNzUtMWVhNS00MTJhLTlkNGYtYTBjNmM2ZTViY2E4IiwiYXVkIjoidXMtd2VzdC0yOjU2YzQyNDM5LWJlMmMtNDUyMy04YmUwLTEwYjU4ODVlYTczMyIsImFtciI6WyJhdXRoZW50aWNhdGVkIiwic3RhZ2luZy1wd2IucGx1bWUuY29tIiwic3RhZ2luZy1wd2IucGx1bWUuY29tOnVzLXdlc3QtMjo1NmM0MjQzOS1iZTJjLTQ1MjMtOGJlMC0xMGI1ODg1ZWE3MzM6MFlNQjQ5QjFJRFRlN0JCdUgzRkZjQ3FFT3Z0SWFrZ2ZtNktRd3BJdWk0aVI4N2R1cmJUUTFUNUpwUDVpQ3hmaCJdLCJpc3MiOiJodHRwczovL2NvZ25pdG8taWRlbnRpdHkuYW1hem9uYXdzLmNvbSIsImh0dHBzOi8vY29nbml0by1pZGVudGl0eS5hbWF6b25hd3MuY29tL2lkZW50aXR5LXBvb2wtYXJuIjoiYXJuOmF3czpjb2duaXRvLWlkZW50aXR5OnVzLXdlc3QtMjoxNDMwODk2MTA0ODI6aWRlbnRpdHlwb29sL3VzLXdlc3QtMjo1NmM0MjQzOS1iZTJjLTQ1MjMtOGJlMC0xMGI1ODg1ZWE3MzMiLCJleHAiOjE3MDQyNTMyNTgsImlhdCI6MTcwNDE2Njg1OH0.LZgG7O1gd3OctF68Nw-2zRA8Qxqv5LRKN703LaGhk_a9Iyl5bRkB8RfqdVdRYqhlLpHazq_KuRzxQNC-P8HPAa_POgp9pbDk_QfIr3-JERrKk6N128jT5-IC5ci5qn0BXXYO6BuwkIGEdSrA6KaRyl1gHvnJuVyFcLdJDSKW8GZxSC0gYVAbssJtK6SCU1NnYhLNU1U8DXuSCMgJwaVHx1o1lXv2QjX_60DDqrSapXgCJJAEQ78k2Z1qxWb_E-gYZALfKWYJk8YD_ZQfekWzBjhgvnl4N2yaeYpv1DTBgLWvtLijflLNzYntTg8_0pJg6qxYtDgbkC55xqYLIFBd0Q
Content-Type: application/json
Content-Length: 125

{
    "userId": "653f108a396de2000acd43d4",
    "startTime": 1704124800,
    "endTime": 1704211199,
    "interval": "day",
    "utcTimeOffset": 8
}

2024-01-02 11:41:06: <-----------Response-----------
Status code: 200, elapsed seconds: 2.936244

Date: Tue, 02 Jan 2024 03:41:03 GMT
Content-Type: application/json
Content-Length: 390
Connection: keep-alive
x-amzn-RequestId: e2b824ec-c875-4a6a-9e00-7769b2fc9c97
Access-Control-Allow-Origin: *
x-amz-apigw-id: Q5HYMHrGvHcEHMg=
X-Amzn-Trace-Id: Root=1-659385cd-2fa57c295b79d83710aace91;Sampled=0;lineage=7f669d97:0

{
    "data": {
        "userId": "653f108a396de2000acd43d4",
        "startTime": 1704124800,
        "endTime": 1704211199,
        "utcTimeOffset": 8,
        "fitnessInsightList": [
            {
                "userId": "653f108a396de2000acd43d4",
                "intervalStartTime": 1704124800,
                "interval": "day",
                "stepCount": 927,
                "activeMinutes": 7,
                "highHrRate": 144,
                "lowHrRate": 59,
                "avgHrRate": 77,
                "highSpo2": 100,
                "lowSpo2": 90,
                "avgSpo2": 99
            }
        ]
    },
    "result": {
        "code": 201000,
        "message": "Successfully."
    }
}

