2024-01-02 14:14:34: -----------Request----------->
POST https://thrive-dog1-usw2-api.data.plume.tech/pwb/PlumeCloudLogin

User-Agent: python-requests/2.31.0
Accept-Encoding: gzip, deflate
accept: application/json
Connection: keep-alive
Content-Type: application/json
Content-Length: 73

{
    "email": "thrive-ios+4@plume.com",
    "password": "plume1234",
    "ttl": 3600
}

2024-01-02 14:14:34: <-----------Response-----------
Status code: 200, elapsed seconds: 1.174791

Date: Tue, 02 Jan 2024 06:14:32 GMT
Content-Type: application/json
Content-Length: 729
Connection: keep-alive
x-amzn-RequestId: 082a933b-eecd-4ccc-9698-9d18c1aea1c8
Access-Control-Allow-Origin: *
x-amz-apigw-id: Q5d3WGR7vHcEnFA=
X-Amzn-Trace-Id: Root=1-6593a9c8-5b89ddb265e8931c21e938e5;Sampled=0;lineage=7fdd2b1e:0

{
    "data": {
        "id": "HXwOHDhANhZEs7kvdH61p0XvKIMQGGMsfCJFHj939aHBTzzQ26iNXRbbOF8f7ld6",
        "ttl": 3600,
        "created": "2024-01-02T06:14:19.308Z",
        "userId": "653f108a396de2000acd43d4",
        "expireAt": "2024-01-02T07:14:19.308Z",
        "user": {
            "id": "653f108a396de2000acd43d4",
            "accountId": "3b2c42d4-7cee-4756-b4bd-491cacc1ae57",
            "anonymous": false,
            "autoProvisioned": false,
            "name": "thrive-ios+4",
            "locked": false,
            "partnerId": "mobile_qa_test",
            "acceptLanguage": "en-US",
            "preferredLanguage": "en",
            "source": "customCreate",
            "createdAt": "2023-10-30T02:10:18.214Z",
            "provisioningSsoAuditTrail": false,
            "_version": "1.0.0",
            "email": "thrive-ios+4@plume.com",
            "emailVerified": true,
            "firstKnownLoginTimestamp": "2023-10-30T02:15:53.570Z"
        }
    },
    "result": {
        "code": 201000,
        "message": "Successfully."
    }
}

2024-01-02 14:14:37: -----------Request----------->
POST https://thrive-dog1-usw2-api.data.plume.tech/pwb/AuthenticateWithPlumeToken

User-Agent: python-requests/2.31.0
Accept-Encoding: gzip, deflate
accept: application/json
Connection: keep-alive
Content-Type: application/json
Content-Length: 121

{
    "accessToken": "HXwOHDhANhZEs7kvdH61p0XvKIMQGGMsfCJFHj939aHBTzzQ26iNXRbbOF8f7ld6",
    "userId": "653f108a396de2000acd43d4"
}

2024-01-02 14:14:37: <-----------Response-----------
Status code: 200, elapsed seconds: 1.29793

Date: Tue, 02 Jan 2024 06:14:35 GMT
Content-Type: application/json
Content-Length: 3812
Connection: keep-alive
x-amzn-RequestId: af6991c4-1656-4675-99a4-c1dfc266ff2e
Access-Control-Allow-Origin: *
x-amz-apigw-id: Q5d3zHyyvHcEKPw=
X-Amzn-Trace-Id: Root=1-6593a9cb-68fe7acb2549c7a735a272bf;Sampled=0;lineage=144e69e0:0

{
    "data": {
        "email": "thrive-ios+4@plume.com",
        "userGroup": "admin",
        "userName": "thrive-ios+4",
        "userId": "653f108a396de2000acd43d4",
        "accessToken": "eyJraWQiOiJ1cy13ZXN0LTI0IiwidHlwIjoiSldTIiwiYWxnIjoiUlM1MTIifQ.eyJzdWIiOiJ1cy13ZXN0LTI6ODc3ZDg2OTItZGE3ZS00NWU5LTllZTQtYzJlYTNmZmU1MjM4IiwiYXVkIjoidXMtd2VzdC0yOjU2YzQyNDM5LWJlMmMtNDUyMy04YmUwLTEwYjU4ODVlYTczMyIsImFtciI6WyJhdXRoZW50aWNhdGVkIiwic3RhZ2luZy1wd2IucGx1bWUuY29tIiwic3RhZ2luZy1wd2IucGx1bWUuY29tOnVzLXdlc3QtMjo1NmM0MjQzOS1iZTJjLTQ1MjMtOGJlMC0xMGI1ODg1ZWE3MzM6SFh3T0hEaEFOaFpFczdrdmRINjFwMFh2S0lNUUdHTXNmQ0pGSGo5MzlhSEJUenpRMjZpTlhSYmJPRjhmN2xkNiJdLCJpc3MiOiJodHRwczovL2NvZ25pdG8taWRlbnRpdHkuYW1hem9uYXdzLmNvbSIsImh0dHBzOi8vY29nbml0by1pZGVudGl0eS5hbWF6b25hd3MuY29tL2lkZW50aXR5LXBvb2wtYXJuIjoiYXJuOmF3czpjb2duaXRvLWlkZW50aXR5OnVzLXdlc3QtMjoxNDMwODk2MTA0ODI6aWRlbnRpdHlwb29sL3VzLXdlc3QtMjo1NmM0MjQzOS1iZTJjLTQ1MjMtOGJlMC0xMGI1ODg1ZWE3MzMiLCJleHAiOjE3MDQyNjI0NzUsImlhdCI6MTcwNDE3NjA3NX0.GnbrupJguTEXpRsmq31Mhid95Il0Pjw_iYJ90I57RTGfKENbgd5It3Rzip-8cBwsgGJir-HNBk8K5ohx0GoFnnqZZSOuUlfh4fwAF0tuy3bx4EU36O8ZW243C_88GATNcvuXqDP8BhS6VYT_SpPvLuYS27OdOIYmemmxQvVLyNLNCqeL6OBDystL7XB9TM3E9itPC76u6oKvDznxwB2fW0Wyl8S5VQyBKFilWiZw2KUFNfdyKmwnAb8d5kLi6z3abrSBvtaodSauj8GlLubdih0fmRxkpRHbsxyqF_t9uUohK55G9TQ8bvV6fxHqlaipKBBNHVijnDH4YMoIRXeciQ",
        "idToken": "eyJraWQiOiJJZGVudGl0eVRva2VuU2lnbktleSIsImFsZyI6IlJTNTEyIn0%3D.eyJpc3MiOiJhd3MtbGFtYmRhIiwiZXhwIjoxNzE5NzI4MDc1LCJzdWIiOiJpZC10b2tlbiIsImF1ZCI6InJpbmciLCJqdGkiOiI3MTFmNjFhYS04ODdiLTQwMDUtYWM5YS0xZDU3YjdjYTc0ZTYiLCJ1c2VySWQiOiI2NTNmMTA4YTM5NmRlMjAwMGFjZDQzZDQiLCJlbWFpbCI6InRocml2ZS1pb3MrNEBwbHVtZS5jb20iLCJnZW5kZXIiOiIiLCJiaXJ0aGRhdGUiOiIifQ%3D%3D.TqhjBorelu0Ct9Ny%2BLX7IJ64QPNvhTs6VPzUU8GfodyDVwwd0IiQYpXy87ZDA5be1y1gkRraQ%2BFFIRGCvMDK9bFj0VtLQdU0pDWSiGZyEYUjm54yj%2BDT3aIH4aa2nlG8tu1R60VesqGPTSsPaVZszFgFWeLJKnRNchBq0c0UkxSatlZOZWq2%2BAEiU3FU1ExFTdxbqhaxqseqLvZ1xSbb8sxFJ6p2gZQFvtth2vkQsOfw9DiaqAO1ifhd6cQzsqhTaLa8oB3LwegoGf70hOqYfd6LpISvGAFX6afcH0oAN0MbQPRD8YgChTpxPBM%2BjP8fA5FbyMhsNuvHmrYw%2B6nSKxZqhzzabnYgO7MIeKaGH6WE0tVOWmBDeEGiYXyYF%2FJflMynWuhmts63SoRBdPNDQVqD6ltVrhefD8lz2wWYNT%2BuCKOeLH%2FkRjVJfwC42Lk63yF7OIS47rJokkNhkEta%2BHP4DXUNRCehLQ9KZIVxnxYuwIdtgqTjzTpoHCZcNjt%2Fk%2BnOxBpGs7ieMhLSxr3Ag3FNzcuNPSqM5xwjAKBSV5AL3idD8pwi2mk7JVw7bb8NTAuLrxsJ2Nl3nFjXhW%2BfErQcPxj4mWqrXLw4NCdYRcJphYvxa%2Fh6mT4Nr589rfKZTbFtKcQEICvxa4IxxNccqi2YuMaoBcYzhbZ2twxA3uI%3D",
        "refreshToken": "eyJraWQiOiJSZWZyZXNoVG9rZW5TaWduS2V5IiwiY3R5IjoiSldUIiwiZW5jIjoiQTI1NkdDTSIsImFsZyI6IlJTNTEyIn0%3D.AQICAHgg7rlLlhJZMilo20zyx9NECjg%2F8q0XYyoRMcHYs4Nh4AGX7m7p0MrqYm4Pb4FNv6pYAAABUTCCAU0GCSqGSIb3DQEHBqCCAT4wggE6AgEAMIIBMwYJKoZIhvcNAQcBMB4GCWCGSAFlAwQBLjARBAwAhRUdp%2B3q6bqqKyECARCAggEEk%2Fdt%2BbdXCNYi9kEcFlgnIwc0fCVVtyBs3zj166aXapo8NlQ6gEEXkOwX7a4C%2FbfIYQ4pTvbYi4I363UyHxiyhJkJ1s6Yhw1psl5PGpgsNNeVMVQtYbeUlSAqrWF8bzlJsMCtKl8hpardI5B91T%2BnzskXWjVUkIoX9LUm0K9CXEJm5hoQR2nWU1VxXEaN9ZR83N8prexW6W8mXL3vZxFAISwX0BGDpb1uRAbZNb3aGdsmxXrjxjDTmiNNf27q9K1XsZ7yNZqqmzbLwf%2Fx156k8nSmpzoh2p0PTeq81E1r%2B3rlx2QyEXdoDEyueXDFA3QTm1uT8epdx2lObUdLzoiyZeTOUCE%3D.iSOCrf0gMBg5EfLP0ZKpUE6zcJnDQj%2FYighbOTxii72W%2BsVdXJgdNq%2FWFs%2Ft5gHlYKo7ikpZsD1h2TjVpmHdqmm9Y07hqmaVKztJhE4uZkIfogWedyrgTghlKIB%2FnPJVpaBDRSASaRTcsDpOgK6TR9Z%2BxWqDWhVdW1ezycXbcSjYJUv5gPIoMkff44mR9YLWahxdh8TKsrwAe3o8heybflZdYzeeTRkTVYa7HGZFF5nvwHAaw7j%2FSjbTeu3rzOj4bTmqpVF4d2bK26gP%2FeFV1YincJs8PtdheXpnulCIxBsZiOR%2F9R1ypUTcGaRFY4lblbzKkLP7BRKLK%2Fr%2Bk7eP7jUZIlIzovftEdguIw4mWmIll5vrrs5qtvmIfC4g%2FadH26ivXeDLH2BpFwn5FXI7EY6JbIDhuhfO2AQ0qV2Q8nHSHLhkcOI39nPS6IDklrp%2BCZoI%2FJJ0n5OBsljM5qqpQsRK%2Bb%2FQ8crTDVGEWf0mU3ZdrE%2BWYMgCMOfuBm09SFi1Vcv4mh0EcqJta34oSPxhUOSKw4ovAyr3uIAsCVOtOCKf1JMIjktc%2BuS7pqfUhwMfJ0R%2BMWcuhI2aDHJb9jKD%2B0Lfw2%2F%2BdJcR4s26aOoQkgZfFSh6Wfd%2Fs8ChaB%2FMv%2BKp42MNhvxIdLGZeMIshLgMJHkYM0uF4LDUSJw5tFV82bg%3D",
        "identityId": "us-west-2:877d8692-da7e-45e9-9ee4-c2ea3ffe5238"
    }
}

2024-01-02 14:14:41: -----------Request----------->
POST https://thrive-dog1-usw2-api.data.plume.tech/pwb/GetFitnessInsightSummary

User-Agent: python-requests/2.31.0
Accept-Encoding: gzip, deflate
accept: application/json
Connection: keep-alive
Authorization: Bearer eyJraWQiOiJ1cy13ZXN0LTI0IiwidHlwIjoiSldTIiwiYWxnIjoiUlM1MTIifQ.eyJzdWIiOiJ1cy13ZXN0LTI6ODc3ZDg2OTItZGE3ZS00NWU5LTllZTQtYzJlYTNmZmU1MjM4IiwiYXVkIjoidXMtd2VzdC0yOjU2YzQyNDM5LWJlMmMtNDUyMy04YmUwLTEwYjU4ODVlYTczMyIsImFtciI6WyJhdXRoZW50aWNhdGVkIiwic3RhZ2luZy1wd2IucGx1bWUuY29tIiwic3RhZ2luZy1wd2IucGx1bWUuY29tOnVzLXdlc3QtMjo1NmM0MjQzOS1iZTJjLTQ1MjMtOGJlMC0xMGI1ODg1ZWE3MzM6SFh3T0hEaEFOaFpFczdrdmRINjFwMFh2S0lNUUdHTXNmQ0pGSGo5MzlhSEJUenpRMjZpTlhSYmJPRjhmN2xkNiJdLCJpc3MiOiJodHRwczovL2NvZ25pdG8taWRlbnRpdHkuYW1hem9uYXdzLmNvbSIsImh0dHBzOi8vY29nbml0by1pZGVudGl0eS5hbWF6b25hd3MuY29tL2lkZW50aXR5LXBvb2wtYXJuIjoiYXJuOmF3czpjb2duaXRvLWlkZW50aXR5OnVzLXdlc3QtMjoxNDMwODk2MTA0ODI6aWRlbnRpdHlwb29sL3VzLXdlc3QtMjo1NmM0MjQzOS1iZTJjLTQ1MjMtOGJlMC0xMGI1ODg1ZWE3MzMiLCJleHAiOjE3MDQyNjI0NzUsImlhdCI6MTcwNDE3NjA3NX0.GnbrupJguTEXpRsmq31Mhid95Il0Pjw_iYJ90I57RTGfKENbgd5It3Rzip-8cBwsgGJir-HNBk8K5ohx0GoFnnqZZSOuUlfh4fwAF0tuy3bx4EU36O8ZW243C_88GATNcvuXqDP8BhS6VYT_SpPvLuYS27OdOIYmemmxQvVLyNLNCqeL6OBDystL7XB9TM3E9itPC76u6oKvDznxwB2fW0Wyl8S5VQyBKFilWiZw2KUFNfdyKmwnAb8d5kLi6z3abrSBvtaodSauj8GlLubdih0fmRxkpRHbsxyqF_t9uUohK55G9TQ8bvV6fxHqlaipKBBNHVijnDH4YMoIRXeciQ
Content-Type: application/json
Content-Length: 125

{
    "userId": "653f108a396de2000acd43d4",
    "startTime": 1704124800,
    "endTime": 1704211199,
    "interval": "day",
    "utcTimeOffset": 8
}

2024-01-02 14:14:41: <-----------Response-----------
Status code: 200, elapsed seconds: 1.163719

Date: Tue, 02 Jan 2024 06:14:38 GMT
Content-Type: application/json
Content-Length: 390
Connection: keep-alive
x-amzn-RequestId: a5b2b981-7854-4e8b-b084-892863dff226
Access-Control-Allow-Origin: *
x-amz-apigw-id: Q5d4UEdMPHcEGlQ=
X-Amzn-Trace-Id: Root=1-6593a9ce-486c78bc36824b0457a31434;Sampled=0;lineage=7f669d97:0

{
    "data": {
        "userId": "653f108a396de2000acd43d4",
        "startTime": 1704124800,
        "endTime": 1704211199,
        "utcTimeOffset": 8,
        "fitnessInsightList": [
            {
                "userId": "653f108a396de2000acd43d4",
                "intervalStartTime": 1704124800,
                "interval": "day",
                "stepCount": 927,
                "activeMinutes": 7,
                "highHrRate": 144,
                "lowHrRate": 59,
                "avgHrRate": 77,
                "highSpo2": 100,
                "lowSpo2": 90,
                "avgSpo2": 99
            }
        ]
    },
    "result": {
        "code": 201000,
        "message": "Successfully."
    }
}

