2024-01-03 15:47:40: -----------Request----------->
POST https://thrive-dog1-usw2-api.data.plume.tech/pwb/PlumeCloudLogin

User-Agent: python-requests/2.31.0
Accept-Encoding: gzip, deflate
accept: application/json
Connection: keep-alive
Content-Type: application/json
Content-Length: 73

{
    "email": "thrive-ios+4@plume.com",
    "password": "plume1234",
    "ttl": 3600
}

2024-01-03 15:47:40: <-----------Response-----------
Status code: 200, elapsed seconds: 3.449747

Date: Wed, 03 Jan 2024 07:47:38 GMT
Content-Type: application/json
Content-Length: 729
Connection: keep-alive
x-amzn-RequestId: 7974aff7-9670-4576-8e43-a5bac60ecbba
Access-Control-Allow-Origin: *
x-amz-apigw-id: Q8-b8FTnvHcERqQ=
X-Amzn-Trace-Id: Root=1-65951118-5fcb48fb493867100ca97302;Sampled=0;lineage=7fdd2b1e:0

{
    "data": {
        "id": "96f3f0BMJuGLfAYxG2EdBVZwTdKrjmJkKhvFDxx7lu6L6kOvNcNHF1JJQUeROSj2",
        "ttl": 3600,
        "created": "2024-01-03T07:47:39.012Z",
        "userId": "653f108a396de2000acd43d4",
        "expireAt": "2024-01-03T08:47:39.012Z",
        "user": {
            "id": "653f108a396de2000acd43d4",
            "accountId": "3b2c42d4-7cee-4756-b4bd-491cacc1ae57",
            "anonymous": false,
            "autoProvisioned": false,
            "name": "thrive-ios+4",
            "locked": false,
            "partnerId": "mobile_qa_test",
            "acceptLanguage": "en-US",
            "preferredLanguage": "en",
            "source": "customCreate",
            "createdAt": "2023-10-30T02:10:18.214Z",
            "provisioningSsoAuditTrail": false,
            "_version": "1.0.0",
            "email": "thrive-ios+4@plume.com",
            "emailVerified": true,
            "firstKnownLoginTimestamp": "2023-10-30T02:15:53.570Z"
        }
    },
    "result": {
        "code": 201000,
        "message": "Successfully."
    }
}

2024-01-03 15:47:44: -----------Request----------->
POST https://thrive-dog1-usw2-api.data.plume.tech/pwb/AuthenticateWithPlumeToken

User-Agent: python-requests/2.31.0
Accept-Encoding: gzip, deflate
accept: application/json
Connection: keep-alive
Content-Type: application/json
Content-Length: 121

{
    "accessToken": "96f3f0BMJuGLfAYxG2EdBVZwTdKrjmJkKhvFDxx7lu6L6kOvNcNHF1JJQUeROSj2",
    "userId": "653f108a396de2000acd43d4"
}

2024-01-03 15:47:44: <-----------Response-----------
Status code: 200, elapsed seconds: 2.169136

Date: Wed, 03 Jan 2024 07:47:42 GMT
Content-Type: application/json
Content-Length: 3826
Connection: keep-alive
x-amzn-RequestId: d27691b0-4ffd-4f67-b85f-2c37786f3c74
Access-Control-Allow-Origin: *
x-amz-apigw-id: Q8-ciHyhvHcEtYg=
X-Amzn-Trace-Id: Root=1-6595111c-1218df151a817116265790cd;Sampled=0;lineage=144e69e0:0

{
    "data": {
        "email": "thrive-ios+4@plume.com",
        "userGroup": "admin",
        "userName": "thrive-ios+4",
        "userId": "653f108a396de2000acd43d4",
        "accessToken": "eyJraWQiOiJ1cy13ZXN0LTI0IiwidHlwIjoiSldTIiwiYWxnIjoiUlM1MTIifQ.eyJzdWIiOiJ1cy13ZXN0LTI6MmRhYWYzMTItMTgzNS00YzIzLTlmYzktMjk5NmEyOGJhZjdiIiwiYXVkIjoidXMtd2VzdC0yOjU2YzQyNDM5LWJlMmMtNDUyMy04YmUwLTEwYjU4ODVlYTczMyIsImFtciI6WyJhdXRoZW50aWNhdGVkIiwic3RhZ2luZy1wd2IucGx1bWUuY29tIiwic3RhZ2luZy1wd2IucGx1bWUuY29tOnVzLXdlc3QtMjo1NmM0MjQzOS1iZTJjLTQ1MjMtOGJlMC0xMGI1ODg1ZWE3MzM6OTZmM2YwQk1KdUdMZkFZeEcyRWRCVlp3VGRLcmptSmtLaHZGRHh4N2x1Nkw2a092TmNOSEYxSkpRVWVST1NqMiJdLCJpc3MiOiJodHRwczovL2NvZ25pdG8taWRlbnRpdHkuYW1hem9uYXdzLmNvbSIsImh0dHBzOi8vY29nbml0by1pZGVudGl0eS5hbWF6b25hd3MuY29tL2lkZW50aXR5LXBvb2wtYXJuIjoiYXJuOmF3czpjb2duaXRvLWlkZW50aXR5OnVzLXdlc3QtMjoxNDMwODk2MTA0ODI6aWRlbnRpdHlwb29sL3VzLXdlc3QtMjo1NmM0MjQzOS1iZTJjLTQ1MjMtOGJlMC0xMGI1ODg1ZWE3MzMiLCJleHAiOjE3MDQzNTQ0NjEsImlhdCI6MTcwNDI2ODA2MX0.FWZz3OxCIHTcEvX0i_2TQgjFTFfw4wAyNQQZ6hbgqAJyilKQyZ8E8Y3EJUfyeMAkQICOoAAYHIKfxPysxp0PHZ-ILjybcxmMHR6WFwmKu5vw0NXN-EYcPbmrIjqtW_9OrKQuw1ASdDOoS5447cMoxc9lkAbLC3KNg69LzRo8QqNfzwrcA8MlBHu5B1t86e4WNFY3i0H2nPhYTPQZwhixJD-y6vJaWcP7QUz93eVdnpv7svcXAhwcOYLxpHhHHWNpWKhO1eYUuewOye-zqt3lZII-LqD3Ilq0-h8y708a5F45UhW3ULUcmSmkfggOLMcFbixb7BoN_kqGz1JOoK3tMw",
        "idToken": "eyJraWQiOiJJZGVudGl0eVRva2VuU2lnbktleSIsImFsZyI6IlJTNTEyIn0%3D.eyJpc3MiOiJhd3MtbGFtYmRhIiwiZXhwIjoxNzE5ODIwMDYyLCJzdWIiOiJpZC10b2tlbiIsImF1ZCI6InJpbmciLCJqdGkiOiI1NzQyN2E3Mi00M2ZhLTQ4MzYtYWUyYy01OTljNjgyM2E1NDYiLCJ1c2VySWQiOiI2NTNmMTA4YTM5NmRlMjAwMGFjZDQzZDQiLCJlbWFpbCI6InRocml2ZS1pb3MrNEBwbHVtZS5jb20iLCJnZW5kZXIiOiIiLCJiaXJ0aGRhdGUiOiIifQ%3D%3D.BiZnIiHXheyDiZ%2BQoM%2BT9jG3Ku9TjoFktS5fFPv%2FR7YIPAl%2FqfGRCPOLcLURQU1YPCGJwOpKlFtdhmWGxJjkDVUs4%2FerX%2B2HEo2Fg91Pl31RQYZXWogqZWYFWwRsqjF4Np9ZQIVxUq89lHzzGjpEs6n1n3Mz2Wi0az8umaGcDqjFiCrY3uiT9L2Zcv1jgCiXCGZXu44O35OlmWtTQGP9j%2BlX7%2FVa1TBHgVBIdbazB05gI7Ii2oP2ijCLS3eD5eDffInVuQg%2FSnI5kNXMpAOXioJU517s8gn%2Bc9iXKZeia3nBemCuXpDlXDDA6vvx%2BfxVNTm%2BxQ0JSUPjIl1NADYlAiN6TtKs7YmyqDBUEOc6I%2B1CiYpz3%2BCiMSWhjF7kp%2BsMSuKLz7Y8PPvohnXvzozhhacvzWFW0yeDlppNKUecvoWIuM3tJXCGuhdKcTllui%2F3MaPSdf0K9HL5Qykvj1Cp%2B9329ZWmXOksuQC6hsyf%2Fh6Y%2F2A7rBw1jCMGIlV1cjKNwqLD%2Bh9idXqtuqAFMRwk4LrN81K7E0IC5N%2F9do5JjQLreaxOjDLYIjJ5%2Fsq5Yvrt0f7yY2%2BqM6yf38KEshIkQRWfv2%2F9S5oA%2BNAxeZ2uZZUW3hzJZ7SeO6kKcJIzpRWo4%2FjnNEY8JxCOwMgMfCxdUHEzW%2FWuf3ZF9Vo4U2V926o%3D",
        "refreshToken": "eyJraWQiOiJSZWZyZXNoVG9rZW5TaWduS2V5IiwiY3R5IjoiSldUIiwiZW5jIjoiQTI1NkdDTSIsImFsZyI6IlJTNTEyIn0%3D.AQICAHgg7rlLlhJZMilo20zyx9NECjg%2F8q0XYyoRMcHYs4Nh4AGsEaJiCCVhzi93xLPvF3tnAAABUTCCAU0GCSqGSIb3DQEHBqCCAT4wggE6AgEAMIIBMwYJKoZIhvcNAQcBMB4GCWCGSAFlAwQBLjARBAx7H7rbb1NO1FEmWy8CARCAggEE45%2BQZ%2FLXrgvN8wJ9nJloKBcoOhFHKNNdo1o7Mnk1rnPTKHbhnLPuP%2Bji3Vp8VTlEdALToFI0aYpj9CZAw2cpNKJxi1CEtKnF3uG5eZaPMGamPZNxnwyeLnhUfh8POJE1Va3SNfO%2BB7M1FBfj%2F44Td9YiiKJ2q%2BFBi4kqSa1JA3Cd9QDcQwvSt1UmfiEIuasvsIhjFVXifXyY1uBAC0coDI2T%2Fj8%2FVgKM3HGJFynnL13klPvpGEa5osV5SKIfMzjSdYYt342EXypCmEd8XmjHNBhR1oJHYQx%2Fh%2FCIVEwMKwiNxtg0sPr0EXliJ81SzbQTBgAP3pmpZVCpT5eaG9Am%2Bglvot0%3D.rGgi0xR2eGyZN9kvpYDuAxm6inw4Bq4na2mxy1BBBytDYhFU%2FZzCYrvckVvE6%2FUOVFxNTkqvzsYOjKw3GyUJiqKPUY4Bdfoq0lemzfYZ7EE8YDJ3Kp7%2FyRiSfmSwgJm4jMuwpsr6iNCEnlzy3lsWPftNj0yyUw7MBGTGkGzDfqGyjXGCCoD74PzTE2QFFobY%2Bh91BIrd1eNCy%2By%2BYz5xVMOGjFMJ%2BVrFeR3azrvL6R5Tq%2FRyQh6DyGbvxkAqYuC9OhCO2LmQaShe53T4RXpkEXvXNVqUIKgbAupWPzLPR3tboznEmQdQFMZzm32AfrJgLvI31SbZM2zCJIRRpPH8n3dvcVCank2oj31gYzacO3p0ASGDnOmYsoaZ5JtV2J2eEZzNjEzsfbjMxd3ti8izW4WuGNt3nRwOgPqw%2B3j6ByL3rlV53zoG5qN4o8uTKdpSHFoZJTuo%2BkMzGLvkTuiZBbGxC2WbNOZ3koHNjg%2B3vqaNvPCtl5Q4Ebw3i4a1cdSbhuNfPWE0uz3Qgsh5BcMg1PyA1CcwgG3ttr%2Br5shzHnl9UuqQrCRZdoTK5frpRIMcyWD3A0fIEzuLk2eart7Uv%2BrpFz9LwS45uovYFrj%2FYqVLTPDLwS4F0BgXr48OUMalEqcFzfYXp%2F5OWmdJlCHi8PTgof6jYkaGs1sW4xEfNS8%3D",
        "identityId": "us-west-2:2daaf312-1835-4c23-9fc9-2996a28baf7b"
    }
}

2024-01-03 15:47:48: -----------Request----------->
POST https://thrive-dog1-usw2-api.data.plume.tech/pwb/GetFitnessInsightSummary

User-Agent: python-requests/2.31.0
Accept-Encoding: gzip, deflate
accept: application/json
Connection: keep-alive
Authorization: Bearer eyJraWQiOiJ1cy13ZXN0LTI0IiwidHlwIjoiSldTIiwiYWxnIjoiUlM1MTIifQ.eyJzdWIiOiJ1cy13ZXN0LTI6MmRhYWYzMTItMTgzNS00YzIzLTlmYzktMjk5NmEyOGJhZjdiIiwiYXVkIjoidXMtd2VzdC0yOjU2YzQyNDM5LWJlMmMtNDUyMy04YmUwLTEwYjU4ODVlYTczMyIsImFtciI6WyJhdXRoZW50aWNhdGVkIiwic3RhZ2luZy1wd2IucGx1bWUuY29tIiwic3RhZ2luZy1wd2IucGx1bWUuY29tOnVzLXdlc3QtMjo1NmM0MjQzOS1iZTJjLTQ1MjMtOGJlMC0xMGI1ODg1ZWE3MzM6OTZmM2YwQk1KdUdMZkFZeEcyRWRCVlp3VGRLcmptSmtLaHZGRHh4N2x1Nkw2a092TmNOSEYxSkpRVWVST1NqMiJdLCJpc3MiOiJodHRwczovL2NvZ25pdG8taWRlbnRpdHkuYW1hem9uYXdzLmNvbSIsImh0dHBzOi8vY29nbml0by1pZGVudGl0eS5hbWF6b25hd3MuY29tL2lkZW50aXR5LXBvb2wtYXJuIjoiYXJuOmF3czpjb2duaXRvLWlkZW50aXR5OnVzLXdlc3QtMjoxNDMwODk2MTA0ODI6aWRlbnRpdHlwb29sL3VzLXdlc3QtMjo1NmM0MjQzOS1iZTJjLTQ1MjMtOGJlMC0xMGI1ODg1ZWE3MzMiLCJleHAiOjE3MDQzNTQ0NjEsImlhdCI6MTcwNDI2ODA2MX0.FWZz3OxCIHTcEvX0i_2TQgjFTFfw4wAyNQQZ6hbgqAJyilKQyZ8E8Y3EJUfyeMAkQICOoAAYHIKfxPysxp0PHZ-ILjybcxmMHR6WFwmKu5vw0NXN-EYcPbmrIjqtW_9OrKQuw1ASdDOoS5447cMoxc9lkAbLC3KNg69LzRo8QqNfzwrcA8MlBHu5B1t86e4WNFY3i0H2nPhYTPQZwhixJD-y6vJaWcP7QUz93eVdnpv7svcXAhwcOYLxpHhHHWNpWKhO1eYUuewOye-zqt3lZII-LqD3Ilq0-h8y708a5F45UhW3ULUcmSmkfggOLMcFbixb7BoN_kqGz1JOoK3tMw
Content-Type: application/json
Content-Length: 125

{
    "userId": "653f108a396de2000acd43d4",
    "startTime": 1704211200,
    "endTime": 1704297599,
    "interval": "day",
    "utcTimeOffset": 8
}

2024-01-03 15:47:48: <-----------Response-----------
Status code: 200, elapsed seconds: 1.979906

Date: Wed, 03 Jan 2024 07:47:46 GMT
Content-Type: application/json
Content-Length: 390
Connection: keep-alive
x-amzn-RequestId: 414f4da6-3e15-4987-810d-d7bc6371120c
Access-Control-Allow-Origin: *
x-amz-apigw-id: Q8-dMEkSPHcEeHA=
X-Amzn-Trace-Id: Root=1-65951120-390e1ca4438eb1de69caabf7;Sampled=0;lineage=7f669d97:0

{
    "data": {
        "userId": "653f108a396de2000acd43d4",
        "startTime": 1704211200,
        "endTime": 1704297599,
        "utcTimeOffset": 8,
        "fitnessInsightList": [
            {
                "userId": "653f108a396de2000acd43d4",
                "intervalStartTime": 1704211200,
                "interval": "day",
                "stepCount": 988,
                "activeMinutes": 7,
                "highHrRate": 144,
                "lowHrRate": 55,
                "avgHrRate": 78,
                "highSpo2": 100,
                "lowSpo2": 90,
                "avgSpo2": 98
            }
        ]
    },
    "result": {
        "code": 201000,
        "message": "Successfully."
    }
}

