2024-01-05 16:48:42: -----------Request----------->
POST https://thrive-dog1-usw2-api.data.plume.tech/pwb/PlumeCloudLogin

User-Agent: python-requests/2.31.0
Accept-Encoding: gzip, deflate
accept: application/json
Connection: keep-alive
Content-Type: application/json
Content-Length: 73

{
    "email": "thrive-ios+4@plume.com",
    "password": "plume1234",
    "ttl": 3600
}

2024-01-05 16:48:42: <-----------Response-----------
Status code: 200, elapsed seconds: 1.872914

Date: Fri, 05 Jan 2024 08:48:39 GMT
Content-Type: application/json
Content-Length: 729
Connection: keep-alive
x-amzn-RequestId: 2eecd1dd-e5bd-4646-92ba-a380a537eff6
Access-Control-Allow-Origin: *
x-amz-apigw-id: RDtQFFB-vHcEasA=
X-Amzn-Trace-Id: Root=1-6597c266-00f2494b60571e6e1692d9b0;Sampled=0;lineage=7fdd2b1e:0

{
    "data": {
        "id": "97QAOOOhxZpdBBnyYq1TGY469XM1JfiQ073QduAE7q1G2Fu4buMZdjkmw8bFiD5J",
        "ttl": 3600,
        "created": "2024-01-05T08:48:41.250Z",
        "userId": "653f108a396de2000acd43d4",
        "expireAt": "2024-01-05T09:48:41.250Z",
        "user": {
            "id": "653f108a396de2000acd43d4",
            "accountId": "3b2c42d4-7cee-4756-b4bd-491cacc1ae57",
            "anonymous": false,
            "autoProvisioned": false,
            "name": "thrive-ios+4",
            "locked": false,
            "partnerId": "mobile_qa_test",
            "acceptLanguage": "en-US",
            "preferredLanguage": "en",
            "source": "customCreate",
            "createdAt": "2023-10-30T02:10:18.214Z",
            "provisioningSsoAuditTrail": false,
            "_version": "1.0.0",
            "email": "thrive-ios+4@plume.com",
            "emailVerified": true,
            "firstKnownLoginTimestamp": "2023-10-30T02:15:53.570Z"
        }
    },
    "result": {
        "code": 201000,
        "message": "Successfully."
    }
}

2024-01-05 16:48:45: -----------Request----------->
POST https://thrive-dog1-usw2-api.data.plume.tech/pwb/AuthenticateWithPlumeToken

User-Agent: python-requests/2.31.0
Accept-Encoding: gzip, deflate
accept: application/json
Connection: keep-alive
Content-Type: application/json
Content-Length: 121

{
    "accessToken": "97QAOOOhxZpdBBnyYq1TGY469XM1JfiQ073QduAE7q1G2Fu4buMZdjkmw8bFiD5J",
    "userId": "653f108a396de2000acd43d4"
}

2024-01-05 16:48:45: <-----------Response-----------
Status code: 200, elapsed seconds: 1.147785

Date: Fri, 05 Jan 2024 08:48:42 GMT
Content-Type: application/json
Content-Length: 3830
Connection: keep-alive
x-amzn-RequestId: 45401bc9-fe62-4088-b1d9-8afb4ba8b00a
Access-Control-Allow-Origin: *
x-amz-apigw-id: RDtQqGzNvHcEuZw=
X-Amzn-Trace-Id: Root=1-6597c26a-77a3d1f4243b4b76239653cc;Sampled=0;lineage=144e69e0:0

{
    "data": {
        "email": "thrive-ios+4@plume.com",
        "userGroup": "admin",
        "userName": "thrive-ios+4",
        "userId": "653f108a396de2000acd43d4",
        "accessToken": "eyJraWQiOiJ1cy13ZXN0LTI0IiwidHlwIjoiSldTIiwiYWxnIjoiUlM1MTIifQ.eyJzdWIiOiJ1cy13ZXN0LTI6N2FiODRhMTItOGFkZC00YTQyLTk5YmEtYTEyNWFhZTRjMGI3IiwiYXVkIjoidXMtd2VzdC0yOjU2YzQyNDM5LWJlMmMtNDUyMy04YmUwLTEwYjU4ODVlYTczMyIsImFtciI6WyJhdXRoZW50aWNhdGVkIiwic3RhZ2luZy1wd2IucGx1bWUuY29tIiwic3RhZ2luZy1wd2IucGx1bWUuY29tOnVzLXdlc3QtMjo1NmM0MjQzOS1iZTJjLTQ1MjMtOGJlMC0xMGI1ODg1ZWE3MzM6OTdRQU9PT2h4WnBkQkJueVlxMVRHWTQ2OVhNMUpmaVEwNzNRZHVBRTdxMUcyRnU0YnVNWmRqa213OGJGaUQ1SiJdLCJpc3MiOiJodHRwczovL2NvZ25pdG8taWRlbnRpdHkuYW1hem9uYXdzLmNvbSIsImh0dHBzOi8vY29nbml0by1pZGVudGl0eS5hbWF6b25hd3MuY29tL2lkZW50aXR5LXBvb2wtYXJuIjoiYXJuOmF3czpjb2duaXRvLWlkZW50aXR5OnVzLXdlc3QtMjoxNDMwODk2MTA0ODI6aWRlbnRpdHlwb29sL3VzLXdlc3QtMjo1NmM0MjQzOS1iZTJjLTQ1MjMtOGJlMC0xMGI1ODg1ZWE3MzMiLCJleHAiOjE3MDQ1MzA5MjIsImlhdCI6MTcwNDQ0NDUyMn0.SclFHz2-EbcFL8sWFBzRSwR0ZAvMLsu0Nlk_kiQwoEUJIbLDYLsyQt-Brh2AIoc_dC8As-d_xHbXa01JNBXdGXYY-2TU03ZqbS5Scwa4zG1vghE6LhQwRL4dqnvR0ZwU0lnEDyxxVL81bzN1lxPu1jBjtW493wLFdIVNji4Kt16OPNmfm9gGJh2ZyCyNIT8A1X8MX84y75cK3KZ2fgNgAiilCdKlHpco3WXwaCf2Q1kBGma_-lMjuPzA5o5DU25vDOqe4UDkSnVIhUaNgnKYB3otg1HNFL2vkEejZG1PN4Xtdw0ClD3Fjd8XkC9FyEPJ4pfY4ij8XlFtf5ilq6VJqA",
        "idToken": "eyJraWQiOiJJZGVudGl0eVRva2VuU2lnbktleSIsImFsZyI6IlJTNTEyIn0%3D.eyJpc3MiOiJhd3MtbGFtYmRhIiwiZXhwIjoxNzE5OTk2NTIzLCJzdWIiOiJpZC10b2tlbiIsImF1ZCI6InJpbmciLCJqdGkiOiIyYmMwMWI4Yy1kMzIyLTRmMDUtOTliYS1iMTVmM2EzMDQ5NmYiLCJ1c2VySWQiOiI2NTNmMTA4YTM5NmRlMjAwMGFjZDQzZDQiLCJlbWFpbCI6InRocml2ZS1pb3MrNEBwbHVtZS5jb20iLCJnZW5kZXIiOiIiLCJiaXJ0aGRhdGUiOiIifQ%3D%3D.HyY2VY9Jemnldt5pTgymlsWy4kDXd%2Fu4Va3GL%2FRPrZtTFcSvtzZSLysW23Qcc3aCrZuJrLOt%2Bx6YhWedqWMOc8sGQgaZNM6pxP2Miab9%2Fe6t4%2Bm0NDAPACf8jzGnoyGQD%2FTCAfUf6WDxWJIWlLtc0zUkCOOjk1sqWuseNymDHCxRtnhLv%2Bv769qUrSLKEzXdcbvCUa8WlBGvJxrvGAkc8SmvyvjNRG6HtTw9oJIuUeIINu5lXoxiMCI3PW2Zzf4R2fYoM0uEmV%2Brs%2Ftt%2BsHu0P8wdr1SZZ4vxdpFYSFnOnngmFx4ALkXerDUtXAfDjZ2u9t%2FRzfDyqGwCo%2FFcWSCBuqTy6%2FWwEDiJ3G05Yn7cT173Dl8OxE2eGSP%2FLLMLAeq7LrqiktfS1PgzxhVhg5jkZj5%2BRgVlAz6Tf%2FI24yx42LJHJelo0mvLlqICULz78fWA9xRYKuKP%2BVlu50eS8oDkjV6sKlHX3T%2BFKr3I%2BVv9tpOPwUGYFO4DovK97u2eRq4wVrsfYqmME8Q7n5IDyQSQ8VenRMBtaSCsw8AAUJgmTxKCe%2B7FqRO5qClqdzsFAaM919gwEfI9bTXqVRwu2l8lxskgT7i%2F6m%2BPfb3nopqYA4UaCcfJtq344W5CYX3%2FpF3r2tR7WqWBqnNZOczvIGUfXuNVX8KgWkPy01wnAvZr2E%3D",
        "refreshToken": "eyJraWQiOiJSZWZyZXNoVG9rZW5TaWduS2V5IiwiY3R5IjoiSldUIiwiZW5jIjoiQTI1NkdDTSIsImFsZyI6IlJTNTEyIn0%3D.AQICAHgg7rlLlhJZMilo20zyx9NECjg%2F8q0XYyoRMcHYs4Nh4AEjwbq1vpxIZWwsDli9TtDgAAABUTCCAU0GCSqGSIb3DQEHBqCCAT4wggE6AgEAMIIBMwYJKoZIhvcNAQcBMB4GCWCGSAFlAwQBLjARBAwaDeQCimhbvBLB6WcCARCAggEEmRWN7jrUizfyclB%2BER0ShIFdRAxQKDf%2Fdc69xW7Nr20Cyvb3xO1RBly91Anl1CHLKSh6CQziXuXORbK%2BvoKED8ukHCIYOMfo9E1tNOz6tJaUlLg6zUo0UMgevrcGbSNz0vs9yMFv4yMzeFEgX3hrzN%2By4UtGo53IKOK0laIHoX9r7pvxWeoZVDV7gZk7AJ4xm1JOJ96N81mRdvVNxfsThaHLk60XfaMOtDckZEPL06yp%2Beq7lCYz1TpNv3raAN%2F41QrvwuBnSW6tViOnrOIpfVphIr9RUIIsGEQZxjcX5npjFIizAjRQEeVxQTtdR6WCfNoPRgevHBxNv%2FLJAZ45wqnSRdE%3D.EotZd%2FMOacKv0ZNGMMbfT0dH5BIdR2oN4J6vqe2J11UvZFu%2BDC5zX6AGUM2mLtfTbBwx8FDHzYO%2BzsGup1m%2BOKj%2BxZ%2FgJaedgl8uSFm7EfSfUc3h2KL0c3NuYglVlNLKTj%2BSEUWtS4205TZJb0FA6dkCXdm3jTf3w8ZOQ2ZcR0BWSSXjty%2By5P6OdUr59lq3AHCiDUqZMq8BAA899xlOjgVCJsUylkAY2tVWYEWKurZ72ToVnxDIAn%2Fe%2FBH62adDC6kjf%2FiAhbhhLT2%2Fqand11amc3AoZrAofWPG2kK3tD8eCOtDOpYwVuAEMDoq1uifG%2Fiki5WJzYOEKUiaILwau5tJovgcmhKO1Az%2BXZVRGANzN89d1nZeTsODgigkN%2FTR9RcXy3P%2B1nFIa%2Bo1p5iTfwRekARo%2Fxky5Gglx7%2Fhw02N33P9KwaBqnRsMstgl%2FqjRWItmGLrRBZp0qfghxWnMfUZOnmD9l7%2B7JoxfqMLFtq61Q5Wf%2BjPwc%2BZkzu4mQxaa9lhtO9ObSegxty9fGG0qQx1JyeriRfAXvaFawDrwOxydsalt2dAwq0OkvH1QkgfxnwteOQsOYfBrSwOuSXRaExDHRg0v1wy3gtohRwsiyt8zKiwEvDzyO4mFpaSj0olUFrwJpQIWMAqajsVZAVGPpocNi%2BxKAYLFD%2BlVXk4Fxo%3D",
        "identityId": "us-west-2:7ab84a12-8add-4a42-99ba-a125aae4c0b7"
    }
}

2024-01-05 16:48:49: -----------Request----------->
POST https://thrive-dog1-usw2-api.data.plume.tech/pwb/GetFitnessInsightSummary

User-Agent: python-requests/2.31.0
Accept-Encoding: gzip, deflate
accept: application/json
Connection: keep-alive
Authorization: Bearer eyJraWQiOiJ1cy13ZXN0LTI0IiwidHlwIjoiSldTIiwiYWxnIjoiUlM1MTIifQ.eyJzdWIiOiJ1cy13ZXN0LTI6N2FiODRhMTItOGFkZC00YTQyLTk5YmEtYTEyNWFhZTRjMGI3IiwiYXVkIjoidXMtd2VzdC0yOjU2YzQyNDM5LWJlMmMtNDUyMy04YmUwLTEwYjU4ODVlYTczMyIsImFtciI6WyJhdXRoZW50aWNhdGVkIiwic3RhZ2luZy1wd2IucGx1bWUuY29tIiwic3RhZ2luZy1wd2IucGx1bWUuY29tOnVzLXdlc3QtMjo1NmM0MjQzOS1iZTJjLTQ1MjMtOGJlMC0xMGI1ODg1ZWE3MzM6OTdRQU9PT2h4WnBkQkJueVlxMVRHWTQ2OVhNMUpmaVEwNzNRZHVBRTdxMUcyRnU0YnVNWmRqa213OGJGaUQ1SiJdLCJpc3MiOiJodHRwczovL2NvZ25pdG8taWRlbnRpdHkuYW1hem9uYXdzLmNvbSIsImh0dHBzOi8vY29nbml0by1pZGVudGl0eS5hbWF6b25hd3MuY29tL2lkZW50aXR5LXBvb2wtYXJuIjoiYXJuOmF3czpjb2duaXRvLWlkZW50aXR5OnVzLXdlc3QtMjoxNDMwODk2MTA0ODI6aWRlbnRpdHlwb29sL3VzLXdlc3QtMjo1NmM0MjQzOS1iZTJjLTQ1MjMtOGJlMC0xMGI1ODg1ZWE3MzMiLCJleHAiOjE3MDQ1MzA5MjIsImlhdCI6MTcwNDQ0NDUyMn0.SclFHz2-EbcFL8sWFBzRSwR0ZAvMLsu0Nlk_kiQwoEUJIbLDYLsyQt-Brh2AIoc_dC8As-d_xHbXa01JNBXdGXYY-2TU03ZqbS5Scwa4zG1vghE6LhQwRL4dqnvR0ZwU0lnEDyxxVL81bzN1lxPu1jBjtW493wLFdIVNji4Kt16OPNmfm9gGJh2ZyCyNIT8A1X8MX84y75cK3KZ2fgNgAiilCdKlHpco3WXwaCf2Q1kBGma_-lMjuPzA5o5DU25vDOqe4UDkSnVIhUaNgnKYB3otg1HNFL2vkEejZG1PN4Xtdw0ClD3Fjd8XkC9FyEPJ4pfY4ij8XlFtf5ilq6VJqA
Content-Type: application/json
Content-Length: 125

{
    "userId": "653f108a396de2000acd43d4",
    "startTime": 1704384000,
    "endTime": 1704470399,
    "interval": "day",
    "utcTimeOffset": 8
}

2024-01-05 16:48:49: <-----------Response-----------
Status code: 200, elapsed seconds: 1.644237

Date: Fri, 05 Jan 2024 08:48:46 GMT
Content-Type: application/json
Content-Length: 380
Connection: keep-alive
x-amzn-RequestId: e8835368-c54d-405d-9cbf-fc50342c962a
Access-Control-Allow-Origin: *
x-amz-apigw-id: RDtRKFpDvHcEinQ=
X-Amzn-Trace-Id: Root=1-6597c26d-4f08449e017917221ec1186e;Sampled=0;lineage=7f669d97:0

{
    "data": {
        "userId": "653f108a396de2000acd43d4",
        "startTime": 1704384000,
        "endTime": 1704470399,
        "utcTimeOffset": 8,
        "fitnessInsightList": [
            {
                "userId": "653f108a396de2000acd43d4",
                "intervalStartTime": 1704384000,
                "interval": "day",
                "stepCount": 0,
                "activeMinutes": 0,
                "highHrRate": 0,
                "lowHrRate": 0,
                "avgHrRate": 0,
                "highSpo2": 0,
                "lowSpo2": 0,
                "avgSpo2": 0
            }
        ]
    },
    "result": {
        "code": 201000,
        "message": "Successfully."
    }
}

