2024-01-03 15:58:08: -----------Request----------->
POST https://thrive-dog1-usw2-api.data.plume.tech/pwb/PlumeCloudLogin

User-Agent: python-requests/2.31.0
Accept-Encoding: gzip, deflate
accept: application/json
Connection: keep-alive
Content-Type: application/json
Content-Length: 73

{
    "email": "thrive-ios+4@plume.com",
    "password": "plume1234",
    "ttl": 3600
}

2024-01-03 15:58:08: <-----------Response-----------
Status code: 200, elapsed seconds: 0.964997

Date: Wed, 03 Jan 2024 07:58:06 GMT
Content-Type: application/json
Content-Length: 729
Connection: keep-alive
x-amzn-RequestId: ea5ecae3-c993-45cd-869a-26cdab7d6915
Access-Control-Allow-Origin: *
x-amz-apigw-id: Q8_-QF0EvHcENPQ=
X-Amzn-Trace-Id: Root=1-6595138e-22489150588208e358058e00;Sampled=0;lineage=7fdd2b1e:0

{
    "data": {
        "id": "LuJHHUPICIf2G9R7Gyf1xPgsXbSEa6LEjYB29mjsfysetm1GAOpgvSfI4XXdRfn8",
        "ttl": 3600,
        "created": "2024-01-03T07:58:07.285Z",
        "userId": "653f108a396de2000acd43d4",
        "expireAt": "2024-01-03T08:58:07.285Z",
        "user": {
            "id": "653f108a396de2000acd43d4",
            "accountId": "3b2c42d4-7cee-4756-b4bd-491cacc1ae57",
            "anonymous": false,
            "autoProvisioned": false,
            "name": "thrive-ios+4",
            "locked": false,
            "partnerId": "mobile_qa_test",
            "acceptLanguage": "en-US",
            "preferredLanguage": "en",
            "source": "customCreate",
            "createdAt": "2023-10-30T02:10:18.214Z",
            "provisioningSsoAuditTrail": false,
            "_version": "1.0.0",
            "email": "thrive-ios+4@plume.com",
            "emailVerified": true,
            "firstKnownLoginTimestamp": "2023-10-30T02:15:53.570Z"
        }
    },
    "result": {
        "code": 201000,
        "message": "Successfully."
    }
}

2024-01-03 15:58:12: -----------Request----------->
POST https://thrive-dog1-usw2-api.data.plume.tech/pwb/AuthenticateWithPlumeToken

User-Agent: python-requests/2.31.0
Accept-Encoding: gzip, deflate
accept: application/json
Connection: keep-alive
Content-Type: application/json
Content-Length: 121

{
    "accessToken": "LuJHHUPICIf2G9R7Gyf1xPgsXbSEa6LEjYB29mjsfysetm1GAOpgvSfI4XXdRfn8",
    "userId": "653f108a396de2000acd43d4"
}

2024-01-03 15:58:12: <-----------Response-----------
Status code: 200, elapsed seconds: 2.144173

Date: Wed, 03 Jan 2024 07:58:10 GMT
Content-Type: application/json
Content-Length: 3836
Connection: keep-alive
x-amzn-RequestId: 53a10333-ac89-4e52-9ec2-37ee82aee80d
Access-Control-Allow-Origin: *
x-amz-apigw-id: Q8_-tHqpPHcEKMg=
X-Amzn-Trace-Id: Root=1-65951391-56a79fab1d6931a35e1429c6;Sampled=0;lineage=144e69e0:0

{
    "data": {
        "email": "thrive-ios+4@plume.com",
        "userGroup": "admin",
        "userName": "thrive-ios+4",
        "userId": "653f108a396de2000acd43d4",
        "accessToken": "eyJraWQiOiJ1cy13ZXN0LTI0IiwidHlwIjoiSldTIiwiYWxnIjoiUlM1MTIifQ.eyJzdWIiOiJ1cy13ZXN0LTI6OGMzNDQyY2YtZjgxYy00MTQ0LWE5MTktMDhjZTIwNTZkMDc2IiwiYXVkIjoidXMtd2VzdC0yOjU2YzQyNDM5LWJlMmMtNDUyMy04YmUwLTEwYjU4ODVlYTczMyIsImFtciI6WyJhdXRoZW50aWNhdGVkIiwic3RhZ2luZy1wd2IucGx1bWUuY29tIiwic3RhZ2luZy1wd2IucGx1bWUuY29tOnVzLXdlc3QtMjo1NmM0MjQzOS1iZTJjLTQ1MjMtOGJlMC0xMGI1ODg1ZWE3MzM6THVKSEhVUElDSWYyRzlSN0d5ZjF4UGdzWGJTRWE2TEVqWUIyOW1qc2Z5c2V0bTFHQU9wZ3ZTZkk0WFhkUmZuOCJdLCJpc3MiOiJodHRwczovL2NvZ25pdG8taWRlbnRpdHkuYW1hem9uYXdzLmNvbSIsImh0dHBzOi8vY29nbml0by1pZGVudGl0eS5hbWF6b25hd3MuY29tL2lkZW50aXR5LXBvb2wtYXJuIjoiYXJuOmF3czpjb2duaXRvLWlkZW50aXR5OnVzLXdlc3QtMjoxNDMwODk2MTA0ODI6aWRlbnRpdHlwb29sL3VzLXdlc3QtMjo1NmM0MjQzOS1iZTJjLTQ1MjMtOGJlMC0xMGI1ODg1ZWE3MzMiLCJleHAiOjE3MDQzNTUwOTAsImlhdCI6MTcwNDI2ODY5MH0.CgoN515Sd0EFXt5Can2k3BOJqgQ6XL1RO0a0UU0CsXAGGjyVQaZsfEAutafu0R_C7krs_ExOS75vdhwor1DQbIA5P1kJjtqRfRu24gG-hY378w_I1CYiblAcnASbeYCh__SBah5Kf3YV_SKqobpFV84jy6azvjBel2YMs4chcpFA4EYwluoYF6YAOTLeJxLEb_f7FY3kgCx64hnFzwjwZuhsQwI6nX9SCfjfGkcVOUoZ-t3VTo_BqFoFhbMY2mY-QkFSH7mbGblmpIE50rhpfwrSiir4RDjk9LGp-MLaGQ50sb6X4xlrVE4lQHUEq4QwF4ptzpNyYYokjhv6XqRF6Q",
        "idToken": "eyJraWQiOiJJZGVudGl0eVRva2VuU2lnbktleSIsImFsZyI6IlJTNTEyIn0%3D.eyJpc3MiOiJhd3MtbGFtYmRhIiwiZXhwIjoxNzE5ODIwNjkwLCJzdWIiOiJpZC10b2tlbiIsImF1ZCI6InJpbmciLCJqdGkiOiI5NmVlNmI4NC0yMzkyLTQ3NTQtYjhmYS1jNTU3Mzc3ZmQxOTMiLCJ1c2VySWQiOiI2NTNmMTA4YTM5NmRlMjAwMGFjZDQzZDQiLCJlbWFpbCI6InRocml2ZS1pb3MrNEBwbHVtZS5jb20iLCJnZW5kZXIiOiIiLCJiaXJ0aGRhdGUiOiIifQ%3D%3D.E0A32en68TxckZv1OinJJVU6ruy09EH3HB4bsnwT6tN2u%2Fyu9GMd7A1xBPgLTa6ldwaeDK0FpCOk4k%2FmuUqtplqQ8l1mEllMQkQPMpGMgLMK7imulkNRpUnBOeBT5srzXp4Dh8aIo3N%2BmVWQasXgNabDW%2FPnG7lkzZ6uj0COkjiCiDM9PmN1BGdHyoaplUD7vLVyE2ncx03yq5qv04KZcLToJ1LN%2B9z0OpI8%2FlRNTCB4FjL9nXUSf2nHPnsOcQw8KkRoydBrEfEL5%2FwDZ2Zsw7wA88RiDjUEBbxtynIb6H9D5FBvtcw0Vkfhnb0QKLCkOMdS3%2BXIqwOQaQCnSci1QYR4VC96GTRxIfiFTcbjloZ5budsjm5UmKyCLqhdRJllZNd51SURZz6N%2F7yNKsvsCKRpksdJh%2FLIf1bv9DmziNALZOUuqZTM%2FJVRLOMVOt6%2FCg5ARmupIJMqh53tDuHu8oelE5ECkesWRxGmRrfzJUROuuVTz9Q4VF%2FlMgMwCHiwoWZ3ThPCGcDhwcEabQb1Jo0TS6lc3dQ1PYyiP012E6%2B6rTERJTiGAxh8t1zLl7%2B4exogN7D9oeT5IUUM9yMqVP90eko4IqTWRS3HCoMAuM4lDMyaK0wxO9AOGwS1XfOtL5QVuECfuslnj5kZTo6BIulaDSXF8Dl%2F%2BYvPjuCoMjQ%3D",
        "refreshToken": "eyJraWQiOiJSZWZyZXNoVG9rZW5TaWduS2V5IiwiY3R5IjoiSldUIiwiZW5jIjoiQTI1NkdDTSIsImFsZyI6IlJTNTEyIn0%3D.AQICAHgg7rlLlhJZMilo20zyx9NECjg%2F8q0XYyoRMcHYs4Nh4AFXKtXmM6scnzihi9RaOXhRAAABUTCCAU0GCSqGSIb3DQEHBqCCAT4wggE6AgEAMIIBMwYJKoZIhvcNAQcBMB4GCWCGSAFlAwQBLjARBAxTVvbsQFTbRA3%2FsqYCARCAggEE%2FgDS%2FFoxFAeeeAtkoKfsmeRmpVrOMtKOoRvgvdPAmhxIV%2FKgBouAd%2FKjt%2Fasj7o5LMqinRZcT08eEZh2DY554ac9Qm0aJJHkQSqAZqJHG1GLYfMoLyS2NiXYLo2p63LfgePPCpA6GYNW0wm379rbA%2B4mdn4BLu5d4XeNXfwC6OJ5Ax2veGRMc83aKBaxjSy%2BetuAGB5gtGPpks%2BNQ%2B%2FJ%2BVb2co91z0T%2FibabaVncXQbsD%2BrHjQDcM95yg2vmjhvC7Qk03XJYm8RM4oOhV5z8caIxA05oNmlJ6lqCNCGzHwdSQsHeK8keG657bJlxN8wy%2Fwk5AHHoNZL9Ms%2B3qo5c0lmaSU4%3D.mBsv1qNZHnD0yKYHq2COx4W%2B55jKoqN8c9NS%2FZp8YOWT4g%2B6DzdHoM5ookPCW6reTvcOm35W6ylPVC1VvbkUC7L6pDQq66eUiRi0Ikxvem%2B5VFB9GNgwum40mWkVdgFK8RoUXzSa5Vlbf2p5B79iFIk8AjFS5URhNsgBun1aLn090DcCSbvIbQHG41X0xCbECgDY0%2FaS72L3Hf%2Bym0kZCrgGgqX6LKaKMlowHYWvAhpuINKgNoP85u1m%2FjIAmtkZC7y5jCUAPFm4hRwxpdb3dRUN1fCDZN7zPW9%2B%2F9vcgJ6AhP6blg3Hheos%2BFDIMUq2R3jYHNtX4O%2BmN90MJYlVn%2B0hh%2By%2BdVEgfKHKh4o54DCrkM376qxKS3S5uF9bO5g2MfBpGnrjOBsEUSeaCSROaA4JwJNv5TRh58RreBpLIqFDFN18bU2jbK1k5ULG8WxDgQhw%2FSDGLpP5dBn3nBC%2Fk6T9mfIKolB7Ua7dNwzkQB%2Bi8iWG89YUeSH4ON1TzQ3yUYuKA%2BV2GC%2BonTXISHS1IKv0zvgJwelRIO2uyMmz5MqFi1IDdVA9ue0th36Vcf8TSZ9K%2BGGJ0w62OaNcUAv7b1ZKU%2FRaPVzPO8e3FulBKjig3GSvEZPU2ZNn9B%2F%2FAFjBIA2HVFcgvSbHCkUKbQ09iZxSG%2B4VlYKBynsrYF4ts%2FM%3D",
        "identityId": "us-west-2:8c3442cf-f81c-4144-a919-08ce2056d076"
    }
}

2024-01-03 15:58:16: -----------Request----------->
POST https://thrive-dog1-usw2-api.data.plume.tech/pwb/GetFitnessInsightSummary

User-Agent: python-requests/2.31.0
Accept-Encoding: gzip, deflate
accept: application/json
Connection: keep-alive
Authorization: Bearer eyJraWQiOiJ1cy13ZXN0LTI0IiwidHlwIjoiSldTIiwiYWxnIjoiUlM1MTIifQ.eyJzdWIiOiJ1cy13ZXN0LTI6OGMzNDQyY2YtZjgxYy00MTQ0LWE5MTktMDhjZTIwNTZkMDc2IiwiYXVkIjoidXMtd2VzdC0yOjU2YzQyNDM5LWJlMmMtNDUyMy04YmUwLTEwYjU4ODVlYTczMyIsImFtciI6WyJhdXRoZW50aWNhdGVkIiwic3RhZ2luZy1wd2IucGx1bWUuY29tIiwic3RhZ2luZy1wd2IucGx1bWUuY29tOnVzLXdlc3QtMjo1NmM0MjQzOS1iZTJjLTQ1MjMtOGJlMC0xMGI1ODg1ZWE3MzM6THVKSEhVUElDSWYyRzlSN0d5ZjF4UGdzWGJTRWE2TEVqWUIyOW1qc2Z5c2V0bTFHQU9wZ3ZTZkk0WFhkUmZuOCJdLCJpc3MiOiJodHRwczovL2NvZ25pdG8taWRlbnRpdHkuYW1hem9uYXdzLmNvbSIsImh0dHBzOi8vY29nbml0by1pZGVudGl0eS5hbWF6b25hd3MuY29tL2lkZW50aXR5LXBvb2wtYXJuIjoiYXJuOmF3czpjb2duaXRvLWlkZW50aXR5OnVzLXdlc3QtMjoxNDMwODk2MTA0ODI6aWRlbnRpdHlwb29sL3VzLXdlc3QtMjo1NmM0MjQzOS1iZTJjLTQ1MjMtOGJlMC0xMGI1ODg1ZWE3MzMiLCJleHAiOjE3MDQzNTUwOTAsImlhdCI6MTcwNDI2ODY5MH0.CgoN515Sd0EFXt5Can2k3BOJqgQ6XL1RO0a0UU0CsXAGGjyVQaZsfEAutafu0R_C7krs_ExOS75vdhwor1DQbIA5P1kJjtqRfRu24gG-hY378w_I1CYiblAcnASbeYCh__SBah5Kf3YV_SKqobpFV84jy6azvjBel2YMs4chcpFA4EYwluoYF6YAOTLeJxLEb_f7FY3kgCx64hnFzwjwZuhsQwI6nX9SCfjfGkcVOUoZ-t3VTo_BqFoFhbMY2mY-QkFSH7mbGblmpIE50rhpfwrSiir4RDjk9LGp-MLaGQ50sb6X4xlrVE4lQHUEq4QwF4ptzpNyYYokjhv6XqRF6Q
Content-Type: application/json
Content-Length: 125

{
    "userId": "653f108a396de2000acd43d4",
    "startTime": 1704211200,
    "endTime": 1704297599,
    "interval": "day",
    "utcTimeOffset": 8
}

2024-01-03 15:58:16: <-----------Response-----------
Status code: 200, elapsed seconds: 1.817725

Date: Wed, 03 Jan 2024 07:58:14 GMT
Content-Type: application/json
Content-Length: 390
Connection: keep-alive
x-amzn-RequestId: d1e501ce-45a8-46bc-8d7e-30ee86e32137
Access-Control-Allow-Origin: *
x-amz-apigw-id: Q8__XE1yvHcENMA=
X-Amzn-Trace-Id: Root=1-65951395-19dba14c128922ca58923253;Sampled=0;lineage=7f669d97:0

{
    "data": {
        "userId": "653f108a396de2000acd43d4",
        "startTime": 1704211200,
        "endTime": 1704297599,
        "utcTimeOffset": 8,
        "fitnessInsightList": [
            {
                "userId": "653f108a396de2000acd43d4",
                "intervalStartTime": 1704211200,
                "interval": "day",
                "stepCount": 988,
                "activeMinutes": 7,
                "highHrRate": 144,
                "lowHrRate": 55,
                "avgHrRate": 78,
                "highSpo2": 100,
                "lowSpo2": 90,
                "avgSpo2": 98
            }
        ]
    },
    "result": {
        "code": 201000,
        "message": "Successfully."
    }
}

