2022-10-18 14:50:41: -----------Request----------->
POST https://dev-rest.pwb.plume-dev.com/pwb/PlumeCloudLogin

User-Agent: python-requests/2.28.1
Accept-Encoding: gzip, deflate
accept: application/json
Connection: keep-alive
Content-Type: application/json
Content-Length: 67

{
    "email": "zm2192@nyu.edu",
    "password": "mengzhe1999",
    "ttl": 3600
}

2022-10-18 14:50:42: <-----------Response-----------
Status code: 200, elapsed seconds: 0.771245

Date: Tue, 18 Oct 2022 06:50:39 GMT
Content-Type: application/json
Content-Length: 721
Connection: keep-alive
x-amzn-RequestId: a3f7567c-c670-4ff8-a6ba-6802c2596644
Access-Control-Allow-Origin: *
x-amz-apigw-id: aMDt_HHrPHcF2CQ=
X-Amzn-Trace-Id: Root=1-634e4cbf-5fa97a911628ec4c0335d607;Sampled=0

{
    "data": {
        "id": "GinAj2nKdIuYTHwDFbWHnO34zebzRGHqP02wsKGDLHq7dAWaJ168Jg2iAC5DD8GL",
        "ttl": 3600,
        "created": "2022-10-18T06:50:39.897Z",
        "userId": "62dd9ff3ec5304000bb44399",
        "expireAt": "2022-10-18T07:50:39.897Z",
        "user": {
            "id": "62dd9ff3ec5304000bb44399",
            "accountId": "af522c64-bef3-47c2-98ff-f89fffcd5dd0",
            "anonymous": false,
            "autoProvisioned": false,
            "name": "Zhe Meng",
            "locked": false,
            "partnerId": null,
            "acceptLanguage": "en-US",
            "source": "accountWebsite",
            "createdAt": "2022-07-24T19:39:31.522Z",
            "_version": "1.0.0",
            "email": "zm2192@nyu.edu",
            "emailVerified": true,
            "loginFailure": [
                1659580455234,
                1659579396374,
                1659579230328,
                1658691581084
            ],
            "firstKnownLoginTimestamp": "2022-07-24T19:39:55.172Z"
        }
    },
    "result": {
        "code": 201000,
        "message": "Successfully."
    }
}

2022-10-18 14:50:44: -----------Request----------->
POST https://dev-rest.pwb.plume-dev.com/pwb/AuthenticateWithPlumeToken

User-Agent: python-requests/2.28.1
Accept-Encoding: gzip, deflate
accept: application/json
Connection: keep-alive
Content-Type: application/json
Content-Length: 121

{
    "accessToken": "GinAj2nKdIuYTHwDFbWHnO34zebzRGHqP02wsKGDLHq7dAWaJ168Jg2iAC5DD8GL",
    "userId": "62dd9ff3ec5304000bb44399"
}

2022-10-18 14:50:44: <-----------Response-----------
Status code: 200, elapsed seconds: 0.97054

Date: Tue, 18 Oct 2022 06:50:42 GMT
Content-Type: application/json
Content-Length: 3559
Connection: keep-alive
x-amzn-RequestId: 3e86f4dc-9921-42b3-83df-81d0d81e3f6e
Access-Control-Allow-Origin: *
x-amz-apigw-id: aMDucFL9PHcFp1Q=
X-Amzn-Trace-Id: Root=1-634e4cc2-7bce6e8402e4806c53e4447e;Sampled=0

{
    "data": {
        "email": "zm2192@nyu.edu",
        "userGroup": "admin",
        "userName": "Zhe Meng",
        "userId": "62dd9ff3ec5304000bb44399",
        "accessToken": "eyJraWQiOiJ1cy13ZXN0LTIxIiwidHlwIjoiSldTIiwiYWxnIjoiUlM1MTIifQ.eyJzdWIiOiJ1cy13ZXN0LTI6ZWRlMGFjNWEtOWNkMy00ZTg4LWFlMTgtYjVkNmFhNTRlNDBkIiwiYXVkIjoidXMtd2VzdC0yOjYxZWY2YjcyLTk0NzctNDYzYy1iOTQ2LWFhODk3MDhiZTg3ZCIsImFtciI6WyJhdXRoZW50aWNhdGVkIiwicHdiLnBsdW1lLmNvbSIsInB3Yi5wbHVtZS5jb206dXMtd2VzdC0yOjYxZWY2YjcyLTk0NzctNDYzYy1iOTQ2LWFhODk3MDhiZTg3ZDpHaW5BajJuS2RJdVlUSHdERmJXSG5PMzR6ZWJ6UkdIcVAwMndzS0dETEhxN2RBV2FKMTY4SmcyaUFDNUREOEdMIl0sImlzcyI6Imh0dHBzOi8vY29nbml0by1pZGVudGl0eS5hbWF6b25hd3MuY29tIiwiaHR0cHM6Ly9jb2duaXRvLWlkZW50aXR5LmFtYXpvbmF3cy5jb20vaWRlbnRpdHktcG9vbC1hcm4iOiJhcm46YXdzOmNvZ25pdG8taWRlbnRpdHk6dXMtd2VzdC0yOjY0Mzc5NTA3NzcxNTppZGVudGl0eXBvb2wvdXMtd2VzdC0yOjYxZWY2YjcyLTk0NzctNDYzYy1iOTQ2LWFhODk3MDhiZTg3ZCIsImV4cCI6MTY2NjE2MjI0MiwiaWF0IjoxNjY2MDc1ODQyfQ.HV-8HgkdTN7XrO1SsgfaJ-LPAwIVVZROfrQeMoQh9rl4yU4M04MQ5C0sBm8g7o_i1QrngJFoCEpB-TNOWDrp_EtwRI0kaOcEVtl95MAQEbdDVSbi9gqjU2WVJZ352HalBr80b-Mp72fEPFNRxST8-KjSi7it2yrEyt2V6TTUjh6ec4R1SfWv73HoKWFzpIPdfqaHyWrcqwlJLw00pEGwl1_BN7ko5fKlvik0opO8ERHX-MPQ_mcUsoTrcz5hq9BcrpmU2bsodZ10YRllZcol0-QKMkd2t_kCKrPU-pJyTm9bDjMPgEob4nE5WGQce4ftFR1ZFzTtUGgvobgTAE368A",
        "idToken": "eyJraWQiOiJ1cy13ZXN0LTIxIiwidHlwIjoiSldTIiwiYWxnIjoiUlM1MTIifQ.eyJzdWIiOiJ1cy13ZXN0LTI6ZWRlMGFjNWEtOWNkMy00ZTg4LWFlMTgtYjVkNmFhNTRlNDBkIiwiYXVkIjoidXMtd2VzdC0yOjYxZWY2YjcyLTk0NzctNDYzYy1iOTQ2LWFhODk3MDhiZTg3ZCIsImFtciI6WyJhdXRoZW50aWNhdGVkIiwicHdiLnBsdW1lLmNvbSIsInB3Yi5wbHVtZS5jb206dXMtd2VzdC0yOjYxZWY2YjcyLTk0NzctNDYzYy1iOTQ2LWFhODk3MDhiZTg3ZDpHaW5BajJuS2RJdVlUSHdERmJXSG5PMzR6ZWJ6UkdIcVAwMndzS0dETEhxN2RBV2FKMTY4SmcyaUFDNUREOEdMIl0sImlzcyI6Imh0dHBzOi8vY29nbml0by1pZGVudGl0eS5hbWF6b25hd3MuY29tIiwiaHR0cHM6Ly9jb2duaXRvLWlkZW50aXR5LmFtYXpvbmF3cy5jb20vaWRlbnRpdHktcG9vbC1hcm4iOiJhcm46YXdzOmNvZ25pdG8taWRlbnRpdHk6dXMtd2VzdC0yOjY0Mzc5NTA3NzcxNTppZGVudGl0eXBvb2wvdXMtd2VzdC0yOjYxZWY2YjcyLTk0NzctNDYzYy1iOTQ2LWFhODk3MDhiZTg3ZCIsImV4cCI6MTY2NjE2MjI0MiwiaWF0IjoxNjY2MDc1ODQyfQ.HV-8HgkdTN7XrO1SsgfaJ-LPAwIVVZROfrQeMoQh9rl4yU4M04MQ5C0sBm8g7o_i1QrngJFoCEpB-TNOWDrp_EtwRI0kaOcEVtl95MAQEbdDVSbi9gqjU2WVJZ352HalBr80b-Mp72fEPFNRxST8-KjSi7it2yrEyt2V6TTUjh6ec4R1SfWv73HoKWFzpIPdfqaHyWrcqwlJLw00pEGwl1_BN7ko5fKlvik0opO8ERHX-MPQ_mcUsoTrcz5hq9BcrpmU2bsodZ10YRllZcol0-QKMkd2t_kCKrPU-pJyTm9bDjMPgEob4nE5WGQce4ftFR1ZFzTtUGgvobgTAE368A",
        "refreshToken": "eyJraWQiOiJ1cy13ZXN0LTIxIiwidHlwIjoiSldTIiwiYWxnIjoiUlM1MTIifQ.eyJzdWIiOiJ1cy13ZXN0LTI6ZWRlMGFjNWEtOWNkMy00ZTg4LWFlMTgtYjVkNmFhNTRlNDBkIiwiYXVkIjoidXMtd2VzdC0yOjYxZWY2YjcyLTk0NzctNDYzYy1iOTQ2LWFhODk3MDhiZTg3ZCIsImFtciI6WyJhdXRoZW50aWNhdGVkIiwicHdiLnBsdW1lLmNvbSIsInB3Yi5wbHVtZS5jb206dXMtd2VzdC0yOjYxZWY2YjcyLTk0NzctNDYzYy1iOTQ2LWFhODk3MDhiZTg3ZDpHaW5BajJuS2RJdVlUSHdERmJXSG5PMzR6ZWJ6UkdIcVAwMndzS0dETEhxN2RBV2FKMTY4SmcyaUFDNUREOEdMIl0sImlzcyI6Imh0dHBzOi8vY29nbml0by1pZGVudGl0eS5hbWF6b25hd3MuY29tIiwiaHR0cHM6Ly9jb2duaXRvLWlkZW50aXR5LmFtYXpvbmF3cy5jb20vaWRlbnRpdHktcG9vbC1hcm4iOiJhcm46YXdzOmNvZ25pdG8taWRlbnRpdHk6dXMtd2VzdC0yOjY0Mzc5NTA3NzcxNTppZGVudGl0eXBvb2wvdXMtd2VzdC0yOjYxZWY2YjcyLTk0NzctNDYzYy1iOTQ2LWFhODk3MDhiZTg3ZCIsImV4cCI6MTY2NjE2MjI0MiwiaWF0IjoxNjY2MDc1ODQyfQ.HV-8HgkdTN7XrO1SsgfaJ-LPAwIVVZROfrQeMoQh9rl4yU4M04MQ5C0sBm8g7o_i1QrngJFoCEpB-TNOWDrp_EtwRI0kaOcEVtl95MAQEbdDVSbi9gqjU2WVJZ352HalBr80b-Mp72fEPFNRxST8-KjSi7it2yrEyt2V6TTUjh6ec4R1SfWv73HoKWFzpIPdfqaHyWrcqwlJLw00pEGwl1_BN7ko5fKlvik0opO8ERHX-MPQ_mcUsoTrcz5hq9BcrpmU2bsodZ10YRllZcol0-QKMkd2t_kCKrPU-pJyTm9bDjMPgEob4nE5WGQce4ftFR1ZFzTtUGgvobgTAE368A",
        "identityId": "us-west-2:ede0ac5a-9cd3-4e88-ae18-b5d6aa54e40d"
    }
}

2022-10-18 14:50:48: -----------Request----------->
POST https://dev-rest.pwb.plume-dev.com/pwb/RegisterDevice

User-Agent: python-requests/2.28.1
Accept-Encoding: gzip, deflate
accept: application/json
Connection: keep-alive
Authorization: Bearer eyJraWQiOiJ1cy13ZXN0LTIxIiwidHlwIjoiSldTIiwiYWxnIjoiUlM1MTIifQ.eyJzdWIiOiJ1cy13ZXN0LTI6ZWRlMGFjNWEtOWNkMy00ZTg4LWFlMTgtYjVkNmFhNTRlNDBkIiwiYXVkIjoidXMtd2VzdC0yOjYxZWY2YjcyLTk0NzctNDYzYy1iOTQ2LWFhODk3MDhiZTg3ZCIsImFtciI6WyJhdXRoZW50aWNhdGVkIiwicHdiLnBsdW1lLmNvbSIsInB3Yi5wbHVtZS5jb206dXMtd2VzdC0yOjYxZWY2YjcyLTk0NzctNDYzYy1iOTQ2LWFhODk3MDhiZTg3ZDpHaW5BajJuS2RJdVlUSHdERmJXSG5PMzR6ZWJ6UkdIcVAwMndzS0dETEhxN2RBV2FKMTY4SmcyaUFDNUREOEdMIl0sImlzcyI6Imh0dHBzOi8vY29nbml0by1pZGVudGl0eS5hbWF6b25hd3MuY29tIiwiaHR0cHM6Ly9jb2duaXRvLWlkZW50aXR5LmFtYXpvbmF3cy5jb20vaWRlbnRpdHktcG9vbC1hcm4iOiJhcm46YXdzOmNvZ25pdG8taWRlbnRpdHk6dXMtd2VzdC0yOjY0Mzc5NTA3NzcxNTppZGVudGl0eXBvb2wvdXMtd2VzdC0yOjYxZWY2YjcyLTk0NzctNDYzYy1iOTQ2LWFhODk3MDhiZTg3ZCIsImV4cCI6MTY2NjE2MjI0MiwiaWF0IjoxNjY2MDc1ODQyfQ.HV-8HgkdTN7XrO1SsgfaJ-LPAwIVVZROfrQeMoQh9rl4yU4M04MQ5C0sBm8g7o_i1QrngJFoCEpB-TNOWDrp_EtwRI0kaOcEVtl95MAQEbdDVSbi9gqjU2WVJZ352HalBr80b-Mp72fEPFNRxST8-KjSi7it2yrEyt2V6TTUjh6ec4R1SfWv73HoKWFzpIPdfqaHyWrcqwlJLw00pEGwl1_BN7ko5fKlvik0opO8ERHX-MPQ_mcUsoTrcz5hq9BcrpmU2bsodZ10YRllZcol0-QKMkd2t_kCKrPU-pJyTm9bDjMPgEob4nE5WGQce4ftFR1ZFzTtUGgvobgTAE368A
Content-Type: application/json
Content-Length: 98

{
    "userId": "62dd9ff3ec5304000bb44399",
    "deviceId": "60B4F7B3064F",
    "subscriptionId": "kd8b000xf7"
}

2022-10-18 14:50:48: <-----------Response-----------
Status code: 200, elapsed seconds: 1.060697

Date: Tue, 18 Oct 2022 06:50:45 GMT
Content-Type: application/json
Content-Length: 5452
Connection: keep-alive
x-amzn-RequestId: 42f6e558-e7e4-475d-b7b5-9c71e9074a8d
Access-Control-Allow-Origin: *
x-amz-apigw-id: aMDu5HKJPHcFxcw=
X-Amzn-Trace-Id: Root=1-634e4cc5-2416a0b509ec57ee3f3c840f;Sampled=0

{
    "data": {
        "registerStatus": "Success",
        "certificate": "-----BEGIN CERTIFICATE-----\nMIIDWTCCAkGgAwIBAgIUS13CybD38Pg9I5P3pAqZ9oUqaacwDQYJKoZIhvcNAQEL\nBQAwTTFLMEkGA1UECwxCQW1hem9uIFdlYiBTZXJ2aWNlcyBPPUFtYXpvbi5jb20g\nSW5jLiBMPVNlYXR0bGUgU1Q9V2FzaGluZ3RvbiBDPVVTMB4XDTIyMTAxODA2NDg0\nNVoXDTQ5MTIzMTIzNTk1OVowHjEcMBoGA1UEAwwTQVdTIElvVCBDZXJ0aWZpY2F0\nZTCCASIwDQYJKoZIhvcNAQEBBQADggEPADCCAQoCggEBAL6IdXV4n8Qy1rflULZy\nby/qOnzVvML9LnikAZmhF1ZGPvhmwLxmf7cPOBclcYZ4DT1zjxwxaIgX3C2ryaMd\ncZo7YjIk5RsggdLS9xng1KG4ZpxLEq6Zt6ZTzaErBszm4e31SwkpPhhEYVm15Oxi\nutgKaTqebCvsGXKQhO7rdAC93sOr+JD2nsV6fJModVbTMXihrfRYeTEhTElC7k1m\nDyoGzSJDQJdZxiXu4clkGKPXGaZljG22DUVMy3LgH4ygDqyMbqnz1dQTXDqY5l4i\nlTYaIbNslxY+33RewMHRRGuhDukYV0Z64WOi83fgqxau5/ChcIpau2pn2iZcUCzD\ndKUCAwEAAaNgMF4wHwYDVR0jBBgwFoAUsQq325/1NnMn9zS3KoAkt4UnYikwHQYD\nVR0OBBYEFHOFuMVgmXEMyjqGSPpXqRagx62VMAwGA1UdEwEB/wQCMAAwDgYDVR0P\nAQH/BAQDAgeAMA0GCSqGSIb3DQEBCwUAA4IBAQAK/d0KrDMWjJdJVGN9kzNDIig5\nodXub/HoTLkdaODF8IA8ZlP4P/JaRLsxabRk96c3ZUfliO6wn+gpePXO9OUBBmMP\nlw+St6298E6/Mq4sNngPFzgwWR7GoO58GGyhxEtAk2yr+YO+lfUSy25IuyI7Ql1p\nZPj9acDfI5X4VLDpZ5lWzC2UrPG8ycW4EFLgH3vFTVxn6hKAxxoy0KBA6xqvE8Zr\ngpdPci8XkWdpCe724qnRDxtkPV4f3d4KW5qjZEPynEfeHGkUNjgX4OopY3kFLq6z\nigOlVfXshdtWWNSQW1aQTsmbCXoWxtsIw1J2gUjPOh8u7g9E8woW25N+91RR\n-----END CERTIFICATE-----\n",
        "publicKey": "-----BEGIN PUBLIC KEY-----\nMIIBIjANBgkqhkiG9w0BAQEFAAOCAQ8AMIIBCgKCAQEAvoh1dXifxDLWt+VQtnJv\nL+o6fNW8wv0ueKQBmaEXVkY++GbAvGZ/tw84FyVxhngNPXOPHDFoiBfcLavJox1x\nmjtiMiTlGyCB0tL3GeDUobhmnEsSrpm3plPNoSsGzObh7fVLCSk+GERhWbXk7GK6\n2AppOp5sK+wZcpCE7ut0AL3ew6v4kPaexXp8kyh1VtMxeKGt9Fh5MSFMSULuTWYP\nKgbNIkNAl1nGJe7hyWQYo9cZpmWMbbYNRUzLcuAfjKAOrIxuqfPV1BNcOpjmXiKV\nNhohs2yXFj7fdF7AwdFEa6EO6RhXRnrhY6Lzd+CrFq7n8KFwilq7amfaJlxQLMN0\npQIDAQAB\n-----END PUBLIC KEY-----\n",
        "privateKey": "-----BEGIN RSA PRIVATE KEY-----\nMIIEpAIBAAKCAQEAvoh1dXifxDLWt+VQtnJvL+o6fNW8wv0ueKQBmaEXVkY++GbA\nvGZ/tw84FyVxhngNPXOPHDFoiBfcLavJox1xmjtiMiTlGyCB0tL3GeDUobhmnEsS\nrpm3plPNoSsGzObh7fVLCSk+GERhWbXk7GK62AppOp5sK+wZcpCE7ut0AL3ew6v4\nkPaexXp8kyh1VtMxeKGt9Fh5MSFMSULuTWYPKgbNIkNAl1nGJe7hyWQYo9cZpmWM\nbbYNRUzLcuAfjKAOrIxuqfPV1BNcOpjmXiKVNhohs2yXFj7fdF7AwdFEa6EO6RhX\nRnrhY6Lzd+CrFq7n8KFwilq7amfaJlxQLMN0pQIDAQABAoIBAFQMgjQVx/SWsJ1i\nrR4ukNnEK5TR/HjPkuZpAsOwikjmp/SP70mstX4dWpLrU48L+ls3VNQM/525WMlU\n1Jf97xUoSQLxv5cd2ecUZSinQ2UroSgk/dLDwH3Azh7gihltaBC+eiFKbjfqQj9+\nu8ODMgUHYrAXHoSpm/grxFhYyU1hr9eHRphMVC1sQOI/gioJAfz/tcHCmy1Gosr3\ncRT9FF1rAQb+5mWVgL8r5h0cVgrBylRqT36KAyhYRGIhOE7tNHFnpNW4FuoX5E9Q\nDTgz86dSGyJDPXEJNIaBw1djUVXDTyxe2hE7hKkWTn3VmK//m4UTCRbnKbhQqZz9\nJhtKcikCgYEA/feMgtwef0xuyt1KXVdBa8au1QlC2lS9eqXzz25aBNq6abskXueZ\nvLmjyQtUrzLt4Irbax++wKAgwQ/kFU8KieGL2wZlcLbxlEwwyX6HSGqm36FQ7tLV\nuPMwvqxh/nPVullE+eEaKrNdUAkRw59tGiZoaanbyJpBXuSuqbUynAsCgYEAwA7q\nZi2sG+pQ3gRI2Mb1G7IKM0e0iwJGB6O/7whK4a2lV6SuhCMmeCQMSP5cmaNr/C7R\n+x0t0FoxQjSa7nO6bqZgfiBwnl55p7S0MNkmV/DbLVi7lRk4L46Z+HBw8woeWN5D\ne9tQMOadqVjGqhGCfEywO3oBTqmXiynQ5sTG8A8CgYEA4y6Leg/wFA3KWhxkRmUk\nd4WupZF4RRhiuxEyrU7YpdkHwkcO/PqOct1ZXyGMqoCTfDaamxQ1rdhQFIPjkxA2\nrCqf0djB63crWW5iggx2ddg52HhUjp75Yk3hP9+ydU0nVmA+rIypvKLgiRTj2CuI\nDElpQ4QXwDYE3h8RA2y8jgsCgYBkGSIHwTQblIMzQ45oFUH4flGcqnmpnbS8FJdb\nULoeZy9uv3EJg3xwT3Frtc6zcJ4+YHSmaW3QUsGrnNlHAGAhfWt7MRMhJ2JGiwMD\nFppKaUkCmGWj7vH+r1cGSixEL3jjnmwTqJlh80Am3BMm3ltgx2NujEcUJYXLTS8I\np3R79wKBgQD3taM5Nrw8QCrYB3X75cHDpsFDFLCFv/C1Mv/p1+MdAYBwfJnIkyKi\nw6frh/78Lld42Dw7DR8Omv+rBKc3i+VMTyyo9qwnqyGn2wrf3QK5YrUZPfAPjt0Q\n0JV0qT4TM6L/pX9nGuc0Al+7oh6/N6k3wKXFfCdsFvFI5IjEWRNuaQ==\n-----END RSA PRIVATE KEY-----\n",
        "rsaRootCert": "-----BEGIN CERTIFICATE-----\nMIIDQTCCAimgAwIBAgITBmyfz5m/jAo54vB4ikPmljZbyjANBgkqhkiG9w0BAQsF\nADA5MQswCQYDVQQGEwJVUzEPMA0GA1UEChMGQW1hem9uMRkwFwYDVQQDExBBbWF6\nb24gUm9vdCBDQSAxMB4XDTE1MDUyNjAwMDAwMFoXDTM4MDExNzAwMDAwMFowOTEL\nMAkGA1UEBhMCVVMxDzANBgNVBAoTBkFtYXpvbjEZMBcGA1UEAxMQQW1hem9uIFJv\nb3QgQ0EgMTCCASIwDQYJKoZIhvcNAQEBBQADggEPADCCAQoCggEBALJ4gHHKeNXj\nca9HgFB0fW7Y14h29Jlo91ghYPl0hAEvrAIthtOgQ3pOsqTQNroBvo3bSMgHFzZM\n9O6II8c+6zf1tRn4SWiw3te5djgdYZ6k/oI2peVKVuRF4fn9tBb6dNqcmzU5L/qw\nIFAGbHrQgLKm+a/sRxmPUDgH3KKHOVj4utWp+UhnMJbulHheb4mjUcAwhmahRWa6\nVOujw5H5SNz/0egwLX0tdHA114gk957EWW67c4cX8jJGKLhD+rcdqsq08p8kDi1L\n93FcXmn/6pUCyziKrlA4b9v7LWIbxcceVOF34GfID5yHI9Y/QCB/IIDEgEw+OyQm\njgSubJrIqg0CAwEAAaNCMEAwDwYDVR0TAQH/BAUwAwEB/zAOBgNVHQ8BAf8EBAMC\nAYYwHQYDVR0OBBYEFIQYzIU07LwMlJQuCFmcx7IQTgoIMA0GCSqGSIb3DQEBCwUA\nA4IBAQCY8jdaQZChGsV2USggNiMOruYou6r4lK5IpDB/G/wkjUu0yKGX9rbxenDI\nU5PMCCjjmCXPI6T53iHTfIUJrU6adTrCC2qJeHZERxhlbI1Bjjt/msv0tadQ1wUs\nN+gDS63pYaACbvXy8MWy7Vu33PqUXHeeE6V/Uq2V8viTO96LXFvKWlJbYK8U90vv\no/ufQJVtMVT8QtPHRh8jrdkPSHCa2XV4cdFyQzR1bldZwgJcJmApzyMZFo6IQ6XU\n5MsI+yMRQ+hDKXJioaldXgjUkK642M4UwtBV8ob2xJNDd2ZhwLnoQdeXeGADbkpy\nrqXRfboQnoZsG4q5WTP468SQvvG5\n-----END CERTIFICATE-----\n",
        "eccRootCert": "-----BEGIN CERTIFICATE-----\nMIIBtjCCAVugAwIBAgITBmyf1XSXNmY/Owua2eiedgPySjAKBggqhkjOPQQDAjA5\nMQswCQYDVQQGEwJVUzEPMA0GA1UEChMGQW1hem9uMRkwFwYDVQQDExBBbWF6b24g\nUm9vdCBDQSAzMB4XDTE1MDUyNjAwMDAwMFoXDTQwMDUyNjAwMDAwMFowOTELMAkG\nA1UEBhMCVVMxDzANBgNVBAoTBkFtYXpvbjEZMBcGA1UEAxMQQW1hem9uIFJvb3Qg\nQ0EgMzBZMBMGByqGSM49AgEGCCqGSM49AwEHA0IABCmXp8ZBf8ANm+gBG1bG8lKl\nui2yEujSLtf6ycXYqm0fc4E7O5hrOXwzpcVOho6AF2hiRVd9RFgdszflZwjrZt6j\nQjBAMA8GA1UdEwEB/wQFMAMBAf8wDgYDVR0PAQH/BAQDAgGGMB0GA1UdDgQWBBSr\nttvXBp43rDCGB5Fwx5zEGbF4wDAKBggqhkjOPQQDAgNJADBGAiEA4IWSoxe3jfkr\nBqWTrBqYaGFy+uGh0PsceGCmQ5nFuMQCIQCcAu/xlJyzlvnrxir4tiz+OpAUFteM\nYyRIHN8wfdVoOw==\n-----END CERTIFICATE-----\n"
    },
    "result": {
        "code": 201000,
        "message": "Successfully."
    }
}

2022-10-18 14:50:50: -----------Request----------->
POST https://dev-rest.pwb.plume-dev.com/pwb/UploadFile

User-Agent: python-requests/2.28.1
Accept-Encoding: gzip, deflate
accept: application/json
Connection: keep-alive
Authorization: Bearer eyJraWQiOiJ1cy13ZXN0LTIxIiwidHlwIjoiSldTIiwiYWxnIjoiUlM1MTIifQ.eyJzdWIiOiJ1cy13ZXN0LTI6ZWRlMGFjNWEtOWNkMy00ZTg4LWFlMTgtYjVkNmFhNTRlNDBkIiwiYXVkIjoidXMtd2VzdC0yOjYxZWY2YjcyLTk0NzctNDYzYy1iOTQ2LWFhODk3MDhiZTg3ZCIsImFtciI6WyJhdXRoZW50aWNhdGVkIiwicHdiLnBsdW1lLmNvbSIsInB3Yi5wbHVtZS5jb206dXMtd2VzdC0yOjYxZWY2YjcyLTk0NzctNDYzYy1iOTQ2LWFhODk3MDhiZTg3ZDpHaW5BajJuS2RJdVlUSHdERmJXSG5PMzR6ZWJ6UkdIcVAwMndzS0dETEhxN2RBV2FKMTY4SmcyaUFDNUREOEdMIl0sImlzcyI6Imh0dHBzOi8vY29nbml0by1pZGVudGl0eS5hbWF6b25hd3MuY29tIiwiaHR0cHM6Ly9jb2duaXRvLWlkZW50aXR5LmFtYXpvbmF3cy5jb20vaWRlbnRpdHktcG9vbC1hcm4iOiJhcm46YXdzOmNvZ25pdG8taWRlbnRpdHk6dXMtd2VzdC0yOjY0Mzc5NTA3NzcxNTppZGVudGl0eXBvb2wvdXMtd2VzdC0yOjYxZWY2YjcyLTk0NzctNDYzYy1iOTQ2LWFhODk3MDhiZTg3ZCIsImV4cCI6MTY2NjE2MjI0MiwiaWF0IjoxNjY2MDc1ODQyfQ.HV-8HgkdTN7XrO1SsgfaJ-LPAwIVVZROfrQeMoQh9rl4yU4M04MQ5C0sBm8g7o_i1QrngJFoCEpB-TNOWDrp_EtwRI0kaOcEVtl95MAQEbdDVSbi9gqjU2WVJZ352HalBr80b-Mp72fEPFNRxST8-KjSi7it2yrEyt2V6TTUjh6ec4R1SfWv73HoKWFzpIPdfqaHyWrcqwlJLw00pEGwl1_BN7ko5fKlvik0opO8ERHX-MPQ_mcUsoTrcz5hq9BcrpmU2bsodZ10YRllZcol0-QKMkd2t_kCKrPU-pJyTm9bDjMPgEob4nE5WGQce4ftFR1ZFzTtUGgvobgTAE368A
Content-Type: application/json
Content-Length: 167

{
    "userId": "62dd9ff3ec5304000bb44399",
    "fileName": "62bba64ffdddd9000a70a20d-60B4F7B3064F-android-1666075215.json",
    "fileType": "application/json",
    "dataType": "json"
}

2022-10-18 14:50:50: <-----------Response-----------
Status code: 200, elapsed seconds: 0.681178

Date: Tue, 18 Oct 2022 06:50:48 GMT
Content-Type: application/json
Content-Length: 1330
Connection: keep-alive
x-amzn-RequestId: 998820e2-52c1-44a3-81bc-dc1efe82c6d1
Access-Control-Allow-Origin: *
x-amz-apigw-id: aMDvYGxkPHcFkGA=
X-Amzn-Trace-Id: Root=1-634e4cc8-3c7d1bbc65a1e79c0a604f90;Sampled=0

{
    "data": {
        "url": "https://plume-pwb-data.s3.us-west-2.amazonaws.com/json/62dd9ff3ec5304000bb44399/20221018/62bba64ffdddd9000a70a20d-60B4F7B3064F-android-1666075215.json?AWSAccessKeyId=ASIAZLZJNJJJR3WGKJEZ&Content-Type=application%2Fjson&Expires=1666162248&Signature=A3tYI9CkKVDbjK4b5uy55XxhNBU%3D&x-amz-security-token=IQoJb3JpZ2luX2VjEE8aCXVzLXdlc3QtMiJHMEUCIQDAcw7%2BFF3Zv5BWmIvjb8nA1zCD4uPcRexhQ68HHIC9pwIgO0frKnvb8%2BI0R6ubeeDOWIiKskVCkkzsM%2FU9H5V5QsEqnwMIKBABGgw2NDM3OTUwNzc3MTUiDAW7ruNRs8CHQvMWBCr8AmUq1YvRXryH6499ewZ92n7cl%2Br3DSjkviK59lGZzS1AvnFqJGoQtoI6nYeKp%2BUETtt9T8dzZLSEwZo1NwNr5vI0PNpbFI9r1Y%2BQkwSc2jvgNPpRR21ZzEjlfx96rNzwomQbDGg2vXMcQmWE3w%2Fp73IFdC9A21%2FOQ2OinCqIYl2OHxZz7aGW9xy7CsdU9xTAEgwb%2FkyKyqUv3BNnpSoXLcHh0ULZVNLs8GH6YgLHa5T7blmjKCfTHoi0Wx6NHdEqEjx7IbV3hxPs6CGZJGMDy0UmtIC9n7s7IfTQGnPQ%2B3nmqI1tpqli2FYHJPlesrdKrzdl%2Bb%2FQFjKjTBKAafELMyzx1Ffi3kFzaIQDWTY0KiBEUcBsijmf4JypnA1KW%2FMCdPH8tMnl%2FbkixBbwxk6QvDWwMCiSXvJndO1MP6Z5tIERmchxZaVe79zVHzQGbNBreejTN9VdUETdH73LaUJIlB9dRVXrWfYff3hZftkgg2lXfrIyc%2B%2BJvFTCaqEnMOKUuZoGOp0BJ%2BctN5KKZi337oXSOggj4xDqMIhE174n5I%2FZyLnVKIyDXb6MIlUZPTYEflLLnyNh9oeQgLom%2FyX1VughJfVI1wPQnrqf3wNOuIrwV%2FPOC74rFowCypacY2qgPsotxveB74FjnnJcei2ozX6m84dS2zy1URas7l8MrQCCzHWf7T4g%2FUbpaqVHEDvUUApFU1Huq1jBSP%2FrJrHHjeit9Q%3D%3D"
    },
    "result": {
        "code": 201000,
        "message": "Successfully."
    }
}

