2022-10-18 14:51:09: -----------Request----------->
POST https://dev-rest.pwb.plume-dev.com/pwb/PlumeCloudLogin

User-Agent: python-requests/2.28.1
Accept-Encoding: gzip, deflate
accept: application/json
Connection: keep-alive
Content-Type: application/json
Content-Length: 67

{
    "email": "zm2192@nyu.edu",
    "password": "mengzhe1999",
    "ttl": 3600
}

2022-10-18 14:51:09: <-----------Response-----------
Status code: 200, elapsed seconds: 0.763846

Date: Tue, 18 Oct 2022 06:51:07 GMT
Content-Type: application/json
Content-Length: 721
Connection: keep-alive
x-amzn-RequestId: f978b1f9-b0af-495b-b1e8-adf6722124d8
Access-Control-Allow-Origin: *
x-amz-apigw-id: aMDyQE29vHcF8Kw=
X-Amzn-Trace-Id: Root=1-634e4cdb-19100e2e5a72cee000580ad4;Sampled=0

{
    "data": {
        "id": "nAG0GHAQTYREu6qkI70P1ZAO7cFJwSDhYIZV68Y5mcgDllqhV34g5qMraWHxc5G9",
        "ttl": 3600,
        "created": "2022-10-18T06:51:07.194Z",
        "userId": "62dd9ff3ec5304000bb44399",
        "expireAt": "2022-10-18T07:51:07.194Z",
        "user": {
            "id": "62dd9ff3ec5304000bb44399",
            "accountId": "af522c64-bef3-47c2-98ff-f89fffcd5dd0",
            "anonymous": false,
            "autoProvisioned": false,
            "name": "Zhe Meng",
            "locked": false,
            "partnerId": null,
            "acceptLanguage": "en-US",
            "source": "accountWebsite",
            "createdAt": "2022-07-24T19:39:31.522Z",
            "_version": "1.0.0",
            "email": "zm2192@nyu.edu",
            "emailVerified": true,
            "loginFailure": [
                1659580455234,
                1659579396374,
                1659579230328,
                1658691581084
            ],
            "firstKnownLoginTimestamp": "2022-07-24T19:39:55.172Z"
        }
    },
    "result": {
        "code": 201000,
        "message": "Successfully."
    }
}

2022-10-18 14:51:12: -----------Request----------->
POST https://dev-rest.pwb.plume-dev.com/pwb/AuthenticateWithPlumeToken

User-Agent: python-requests/2.28.1
Accept-Encoding: gzip, deflate
accept: application/json
Connection: keep-alive
Content-Type: application/json
Content-Length: 121

{
    "accessToken": "nAG0GHAQTYREu6qkI70P1ZAO7cFJwSDhYIZV68Y5mcgDllqhV34g5qMraWHxc5G9",
    "userId": "62dd9ff3ec5304000bb44399"
}

2022-10-18 14:51:12: <-----------Response-----------
Status code: 200, elapsed seconds: 0.845897

Date: Tue, 18 Oct 2022 06:51:10 GMT
Content-Type: application/json
Content-Length: 3559
Connection: keep-alive
x-amzn-RequestId: 83a970ae-d208-43a2-9493-e94c620b963a
Access-Control-Allow-Origin: *
x-amz-apigw-id: aMDysGkLvHcFv-Q=
X-Amzn-Trace-Id: Root=1-634e4cdd-61745fbd35c62a891a552aa1;Sampled=0

{
    "data": {
        "email": "zm2192@nyu.edu",
        "userGroup": "admin",
        "userName": "Zhe Meng",
        "userId": "62dd9ff3ec5304000bb44399",
        "accessToken": "eyJraWQiOiJ1cy13ZXN0LTIxIiwidHlwIjoiSldTIiwiYWxnIjoiUlM1MTIifQ.eyJzdWIiOiJ1cy13ZXN0LTI6Y2Y4MDQ2MTYtZjE1YS00ZDg1LTg5YjAtOGJkNTUzMjg1MWM4IiwiYXVkIjoidXMtd2VzdC0yOjYxZWY2YjcyLTk0NzctNDYzYy1iOTQ2LWFhODk3MDhiZTg3ZCIsImFtciI6WyJhdXRoZW50aWNhdGVkIiwicHdiLnBsdW1lLmNvbSIsInB3Yi5wbHVtZS5jb206dXMtd2VzdC0yOjYxZWY2YjcyLTk0NzctNDYzYy1iOTQ2LWFhODk3MDhiZTg3ZDpuQUcwR0hBUVRZUkV1NnFrSTcwUDFaQU83Y0ZKd1NEaFlJWlY2OFk1bWNnRGxscWhWMzRnNXFNcmFXSHhjNUc5Il0sImlzcyI6Imh0dHBzOi8vY29nbml0by1pZGVudGl0eS5hbWF6b25hd3MuY29tIiwiaHR0cHM6Ly9jb2duaXRvLWlkZW50aXR5LmFtYXpvbmF3cy5jb20vaWRlbnRpdHktcG9vbC1hcm4iOiJhcm46YXdzOmNvZ25pdG8taWRlbnRpdHk6dXMtd2VzdC0yOjY0Mzc5NTA3NzcxNTppZGVudGl0eXBvb2wvdXMtd2VzdC0yOjYxZWY2YjcyLTk0NzctNDYzYy1iOTQ2LWFhODk3MDhiZTg3ZCIsImV4cCI6MTY2NjE2MjI2OSwiaWF0IjoxNjY2MDc1ODY5fQ.BeDw_N_z1X0U-Y0OmRcUXlqpGdiMrqZCR_mAKiwrPpbEznFl4q6J9y61EeSaR-7o42xpWw4QaM870epctmz9t1o7QKoxLk42QU0eFlPbqJj5kSmKdFtxQntkkm1dzvzoGvrlB3Ltv4v-WOaTdjKqfnxca-zAWWpRg7Xk-ZyEljHCZohbOXxAeHDU6Jv36bO-R2Umz-vckNas8bkgZ9z7JPix-mrK70Brg58XIpdbPJkJempvIWaI9N_uuziRtVStG8kA-bCL_bw23Fh7dYxFFo0eh55udwNdejOkdTKBP_VT1qlPmk8ErgYHzdCL2JFpUSDa_gNoxiCS-V7neitirA",
        "idToken": "eyJraWQiOiJ1cy13ZXN0LTIxIiwidHlwIjoiSldTIiwiYWxnIjoiUlM1MTIifQ.eyJzdWIiOiJ1cy13ZXN0LTI6Y2Y4MDQ2MTYtZjE1YS00ZDg1LTg5YjAtOGJkNTUzMjg1MWM4IiwiYXVkIjoidXMtd2VzdC0yOjYxZWY2YjcyLTk0NzctNDYzYy1iOTQ2LWFhODk3MDhiZTg3ZCIsImFtciI6WyJhdXRoZW50aWNhdGVkIiwicHdiLnBsdW1lLmNvbSIsInB3Yi5wbHVtZS5jb206dXMtd2VzdC0yOjYxZWY2YjcyLTk0NzctNDYzYy1iOTQ2LWFhODk3MDhiZTg3ZDpuQUcwR0hBUVRZUkV1NnFrSTcwUDFaQU83Y0ZKd1NEaFlJWlY2OFk1bWNnRGxscWhWMzRnNXFNcmFXSHhjNUc5Il0sImlzcyI6Imh0dHBzOi8vY29nbml0by1pZGVudGl0eS5hbWF6b25hd3MuY29tIiwiaHR0cHM6Ly9jb2duaXRvLWlkZW50aXR5LmFtYXpvbmF3cy5jb20vaWRlbnRpdHktcG9vbC1hcm4iOiJhcm46YXdzOmNvZ25pdG8taWRlbnRpdHk6dXMtd2VzdC0yOjY0Mzc5NTA3NzcxNTppZGVudGl0eXBvb2wvdXMtd2VzdC0yOjYxZWY2YjcyLTk0NzctNDYzYy1iOTQ2LWFhODk3MDhiZTg3ZCIsImV4cCI6MTY2NjE2MjI2OSwiaWF0IjoxNjY2MDc1ODY5fQ.BeDw_N_z1X0U-Y0OmRcUXlqpGdiMrqZCR_mAKiwrPpbEznFl4q6J9y61EeSaR-7o42xpWw4QaM870epctmz9t1o7QKoxLk42QU0eFlPbqJj5kSmKdFtxQntkkm1dzvzoGvrlB3Ltv4v-WOaTdjKqfnxca-zAWWpRg7Xk-ZyEljHCZohbOXxAeHDU6Jv36bO-R2Umz-vckNas8bkgZ9z7JPix-mrK70Brg58XIpdbPJkJempvIWaI9N_uuziRtVStG8kA-bCL_bw23Fh7dYxFFo0eh55udwNdejOkdTKBP_VT1qlPmk8ErgYHzdCL2JFpUSDa_gNoxiCS-V7neitirA",
        "refreshToken": "eyJraWQiOiJ1cy13ZXN0LTIxIiwidHlwIjoiSldTIiwiYWxnIjoiUlM1MTIifQ.eyJzdWIiOiJ1cy13ZXN0LTI6Y2Y4MDQ2MTYtZjE1YS00ZDg1LTg5YjAtOGJkNTUzMjg1MWM4IiwiYXVkIjoidXMtd2VzdC0yOjYxZWY2YjcyLTk0NzctNDYzYy1iOTQ2LWFhODk3MDhiZTg3ZCIsImFtciI6WyJhdXRoZW50aWNhdGVkIiwicHdiLnBsdW1lLmNvbSIsInB3Yi5wbHVtZS5jb206dXMtd2VzdC0yOjYxZWY2YjcyLTk0NzctNDYzYy1iOTQ2LWFhODk3MDhiZTg3ZDpuQUcwR0hBUVRZUkV1NnFrSTcwUDFaQU83Y0ZKd1NEaFlJWlY2OFk1bWNnRGxscWhWMzRnNXFNcmFXSHhjNUc5Il0sImlzcyI6Imh0dHBzOi8vY29nbml0by1pZGVudGl0eS5hbWF6b25hd3MuY29tIiwiaHR0cHM6Ly9jb2duaXRvLWlkZW50aXR5LmFtYXpvbmF3cy5jb20vaWRlbnRpdHktcG9vbC1hcm4iOiJhcm46YXdzOmNvZ25pdG8taWRlbnRpdHk6dXMtd2VzdC0yOjY0Mzc5NTA3NzcxNTppZGVudGl0eXBvb2wvdXMtd2VzdC0yOjYxZWY2YjcyLTk0NzctNDYzYy1iOTQ2LWFhODk3MDhiZTg3ZCIsImV4cCI6MTY2NjE2MjI2OSwiaWF0IjoxNjY2MDc1ODY5fQ.BeDw_N_z1X0U-Y0OmRcUXlqpGdiMrqZCR_mAKiwrPpbEznFl4q6J9y61EeSaR-7o42xpWw4QaM870epctmz9t1o7QKoxLk42QU0eFlPbqJj5kSmKdFtxQntkkm1dzvzoGvrlB3Ltv4v-WOaTdjKqfnxca-zAWWpRg7Xk-ZyEljHCZohbOXxAeHDU6Jv36bO-R2Umz-vckNas8bkgZ9z7JPix-mrK70Brg58XIpdbPJkJempvIWaI9N_uuziRtVStG8kA-bCL_bw23Fh7dYxFFo0eh55udwNdejOkdTKBP_VT1qlPmk8ErgYHzdCL2JFpUSDa_gNoxiCS-V7neitirA",
        "identityId": "us-west-2:cf804616-f15a-4d85-89b0-8bd5532851c8"
    }
}

2022-10-18 14:51:15: -----------Request----------->
POST https://dev-rest.pwb.plume-dev.com/pwb/RegisterDevice

User-Agent: python-requests/2.28.1
Accept-Encoding: gzip, deflate
accept: application/json
Connection: keep-alive
Authorization: Bearer eyJraWQiOiJ1cy13ZXN0LTIxIiwidHlwIjoiSldTIiwiYWxnIjoiUlM1MTIifQ.eyJzdWIiOiJ1cy13ZXN0LTI6Y2Y4MDQ2MTYtZjE1YS00ZDg1LTg5YjAtOGJkNTUzMjg1MWM4IiwiYXVkIjoidXMtd2VzdC0yOjYxZWY2YjcyLTk0NzctNDYzYy1iOTQ2LWFhODk3MDhiZTg3ZCIsImFtciI6WyJhdXRoZW50aWNhdGVkIiwicHdiLnBsdW1lLmNvbSIsInB3Yi5wbHVtZS5jb206dXMtd2VzdC0yOjYxZWY2YjcyLTk0NzctNDYzYy1iOTQ2LWFhODk3MDhiZTg3ZDpuQUcwR0hBUVRZUkV1NnFrSTcwUDFaQU83Y0ZKd1NEaFlJWlY2OFk1bWNnRGxscWhWMzRnNXFNcmFXSHhjNUc5Il0sImlzcyI6Imh0dHBzOi8vY29nbml0by1pZGVudGl0eS5hbWF6b25hd3MuY29tIiwiaHR0cHM6Ly9jb2duaXRvLWlkZW50aXR5LmFtYXpvbmF3cy5jb20vaWRlbnRpdHktcG9vbC1hcm4iOiJhcm46YXdzOmNvZ25pdG8taWRlbnRpdHk6dXMtd2VzdC0yOjY0Mzc5NTA3NzcxNTppZGVudGl0eXBvb2wvdXMtd2VzdC0yOjYxZWY2YjcyLTk0NzctNDYzYy1iOTQ2LWFhODk3MDhiZTg3ZCIsImV4cCI6MTY2NjE2MjI2OSwiaWF0IjoxNjY2MDc1ODY5fQ.BeDw_N_z1X0U-Y0OmRcUXlqpGdiMrqZCR_mAKiwrPpbEznFl4q6J9y61EeSaR-7o42xpWw4QaM870epctmz9t1o7QKoxLk42QU0eFlPbqJj5kSmKdFtxQntkkm1dzvzoGvrlB3Ltv4v-WOaTdjKqfnxca-zAWWpRg7Xk-ZyEljHCZohbOXxAeHDU6Jv36bO-R2Umz-vckNas8bkgZ9z7JPix-mrK70Brg58XIpdbPJkJempvIWaI9N_uuziRtVStG8kA-bCL_bw23Fh7dYxFFo0eh55udwNdejOkdTKBP_VT1qlPmk8ErgYHzdCL2JFpUSDa_gNoxiCS-V7neitirA
Content-Type: application/json
Content-Length: 99

{
    "userId": "62dd9ff3ec5304000bb44399",
    "deviceId": "60B4F7B3064F",
    "subscriptionId": "kd8b000x1bf"
}

2022-10-18 14:51:15: <-----------Response-----------
Status code: 200, elapsed seconds: 0.977628

Date: Tue, 18 Oct 2022 06:51:13 GMT
Content-Type: application/json
Content-Length: 5452
Connection: keep-alive
x-amzn-RequestId: f35517d6-7d50-4d3b-9c18-5f84e17a1b98
Access-Control-Allow-Origin: *
x-amz-apigw-id: aMDzJFRCvHcF6bg=
X-Amzn-Trace-Id: Root=1-634e4ce0-5e6fc6a8423063f246c3d4e6;Sampled=0

{
    "data": {
        "registerStatus": "Success",
        "certificate": "-----BEGIN CERTIFICATE-----\nMIIDWjCCAkKgAwIBAgIVAP7h4U/+Y7HPOj1fR0G+nLz28T50MA0GCSqGSIb3DQEB\nCwUAME0xSzBJBgNVBAsMQkFtYXpvbiBXZWIgU2VydmljZXMgTz1BbWF6b24uY29t\nIEluYy4gTD1TZWF0dGxlIFNUPVdhc2hpbmd0b24gQz1VUzAeFw0yMjEwMTgwNjQ5\nMTJaFw00OTEyMzEyMzU5NTlaMB4xHDAaBgNVBAMME0FXUyBJb1QgQ2VydGlmaWNh\ndGUwggEiMA0GCSqGSIb3DQEBAQUAA4IBDwAwggEKAoIBAQDMl4ICZhtel4r0d9Li\n+pMDJap3lvWfA5uB5wcXzC9+yDlRqJG5kWnxM9Z93HWYUfus++TySqY7SS9xY7iF\n+pXQjsia4GWTiICBAGeo9k2B3SvhT8EBwBq8Woy5AG+Rt2MEiJPuMRbvGwYz2XvU\nRU4M3WOpIjQfKyZ2C1I3ozU44RiUSnhOAtkE6jxMe+HsBEAXKz+mzwqw5H988n4Y\nOE8+RUBSU5dC5u+wE9EN7QgDY+hxe4W1BM8n2NWvNOoQnN7XQZbMndILzZszwpnN\n9hDBz0YiE9bzhT2VktUlVU6Mz4df2x0Lh2F7lOhxd7qHCvND6/OT4x1FIMqU/0xR\nWb1nAgMBAAGjYDBeMB8GA1UdIwQYMBaAFPkV2MeRTgLBdU1pn/nitEEI5c8NMB0G\nA1UdDgQWBBRmCHuREuz0+1bTcfwQNichvuIW/DAMBgNVHRMBAf8EAjAAMA4GA1Ud\nDwEB/wQEAwIHgDANBgkqhkiG9w0BAQsFAAOCAQEASXNJI/nh9FoyWH86UyOoi+l8\nTG9FnxpFndF3jB9iRQtJTpMv8cztSNb2Bhyzt0bCEBdKffBszSQrvDUkFozr2Rcq\nHtyaVhcXTNcFYGTvLVm/afCFzmM/6KEIV+39/vE0dDLZeRFLCGQ1uPnYsl/yDFgb\nGrSL5ZQCEhoD6S+e9uSISmZGEpaONallLdF3wpeNHV4IhnH6tIDCEk7U2QcweoEn\noyk8qyzOwzyze5ggx+NLgU//giq2A7N9lpjWoaJL/ZUNNfkYAtgBprenJxz5gOo8\nqvVd1nh3v+YyqWwhLkb3ocVS64RwQvEqffGYx9XZ0zA1OMAToHpf8lZQyaRPuQ==\n-----END CERTIFICATE-----\n",
        "publicKey": "-----BEGIN PUBLIC KEY-----\nMIIBIjANBgkqhkiG9w0BAQEFAAOCAQ8AMIIBCgKCAQEAzJeCAmYbXpeK9HfS4vqT\nAyWqd5b1nwObgecHF8wvfsg5UaiRuZFp8TPWfdx1mFH7rPvk8kqmO0kvcWO4hfqV\n0I7ImuBlk4iAgQBnqPZNgd0r4U/BAcAavFqMuQBvkbdjBIiT7jEW7xsGM9l71EVO\nDN1jqSI0HysmdgtSN6M1OOEYlEp4TgLZBOo8THvh7ARAFys/ps8KsOR/fPJ+GDhP\nPkVAUlOXQubvsBPRDe0IA2PocXuFtQTPJ9jVrzTqEJze10GWzJ3SC82bM8KZzfYQ\nwc9GIhPW84U9lZLVJVVOjM+HX9sdC4dhe5TocXe6hwrzQ+vzk+MdRSDKlP9MUVm9\nZwIDAQAB\n-----END PUBLIC KEY-----\n",
        "privateKey": "-----BEGIN RSA PRIVATE KEY-----\nMIIEowIBAAKCAQEAzJeCAmYbXpeK9HfS4vqTAyWqd5b1nwObgecHF8wvfsg5UaiR\nuZFp8TPWfdx1mFH7rPvk8kqmO0kvcWO4hfqV0I7ImuBlk4iAgQBnqPZNgd0r4U/B\nAcAavFqMuQBvkbdjBIiT7jEW7xsGM9l71EVODN1jqSI0HysmdgtSN6M1OOEYlEp4\nTgLZBOo8THvh7ARAFys/ps8KsOR/fPJ+GDhPPkVAUlOXQubvsBPRDe0IA2PocXuF\ntQTPJ9jVrzTqEJze10GWzJ3SC82bM8KZzfYQwc9GIhPW84U9lZLVJVVOjM+HX9sd\nC4dhe5TocXe6hwrzQ+vzk+MdRSDKlP9MUVm9ZwIDAQABAoIBAQDC5HjmjBn6a+Xk\np9hufEBbOSBAN7/XMHqMrmVlWA7OeTGRBkF7QnhnWvgygTZMWZyj1njsDgx4YWke\nXN5EUscwGzQhxS0980RmntogbDC9StEoGu9DGZreXmu7OB0P9GAQy4IP3xd3woiQ\nD9cUCMknHCZ50alRH6vNu08gzQpAGQjUuWmOM5CunjDcgInVe2KT2QPpv2Bogv/1\n21qtsJUUUCzkOetLEbP2tzsN5chTiIGVWm10Tyy6cYuVs7qCHVQ0myMJDAj0Dg4s\nDRre0iu51NWmExM9kiQDpua34vtOAwLZDZY6ouVwkPazvFSly7sm3n6mTkDD/Ad2\nwRYK/BKxAoGBAPD80qbnv0p3w6ELK+HnCSe0qxqYuB76IJ2zLMqVDaLuzHLQ/LXt\n/Vkb8i5YuF09OFwGZ5zsWa6WtMyhSO+3NFGf/ibVgiCVCd4Tu5H1IG1Gv7PKGb7Z\ncVBkmpkXgTN2lv1S7tko7KsBYme3Ry6jfRTVwsgN9ONs5eZHcT3t9f7lAoGBANlW\nQmkjrpyKtiM2JzS8kUy6VkEK5NwubEIyoqv4oImRCQQCN7nSkSJZh238acbsYlxT\nvLYD9/nsrmfYxdEjkXuAZ3/bwLnFd51LviSXq/2gzOXtKWbBvLmbT4jhJlN1Kii3\n8tqKP5S3Gxdpu1ViHxukOXe94BdGkuBa3xKLw3pbAoGAXDu3eA/8o8jAxBNdgUGG\nvH6mejB3T8vVzeW0v/haVsDk2RDpl8v1ijRq9ZgZP/5dYsNExsei73JY0nTsUGsj\nCBafFEflXQkN1MRiptNVzN0mI+62+deJSganMO7REVxTH7OtHMpQAocuHZoFEXGb\nPu0tdpn4305fk0pGqjg4TY0CgYA7mKa/U/SGopbNUwUvNeIWCyap0UXuhqBTCrWG\nuLe04Vt6iO0k/HOl2q0DYOrUjG9wZ9ngg3gVRWyRt2SPM9Sp7Az1h5nylw50yJdM\nS3bzJovpJL5smgWZU9hcbXjn+8HixoZGnRBQRGGeavTetfhXyRGlHyD64PRXpzNy\nT3b77wKBgA4JQiHiofQWK78ZnQVl7HkRwMvKPDZ4NMSYW1E0ctPNxIV3VIgK0Vuo\nBzplykIr0x26Ps3X/HiAvrq+dT/FaRgOvZo2cz6xAHURaHz21lhhVxLhEEDsX2TZ\nnYSGWh2r3HAaY8gEwciCffQ07N2hpj399aOAOcWggIdyip6off5y\n-----END RSA PRIVATE KEY-----\n",
        "rsaRootCert": "-----BEGIN CERTIFICATE-----\nMIIDQTCCAimgAwIBAgITBmyfz5m/jAo54vB4ikPmljZbyjANBgkqhkiG9w0BAQsF\nADA5MQswCQYDVQQGEwJVUzEPMA0GA1UEChMGQW1hem9uMRkwFwYDVQQDExBBbWF6\nb24gUm9vdCBDQSAxMB4XDTE1MDUyNjAwMDAwMFoXDTM4MDExNzAwMDAwMFowOTEL\nMAkGA1UEBhMCVVMxDzANBgNVBAoTBkFtYXpvbjEZMBcGA1UEAxMQQW1hem9uIFJv\nb3QgQ0EgMTCCASIwDQYJKoZIhvcNAQEBBQADggEPADCCAQoCggEBALJ4gHHKeNXj\nca9HgFB0fW7Y14h29Jlo91ghYPl0hAEvrAIthtOgQ3pOsqTQNroBvo3bSMgHFzZM\n9O6II8c+6zf1tRn4SWiw3te5djgdYZ6k/oI2peVKVuRF4fn9tBb6dNqcmzU5L/qw\nIFAGbHrQgLKm+a/sRxmPUDgH3KKHOVj4utWp+UhnMJbulHheb4mjUcAwhmahRWa6\nVOujw5H5SNz/0egwLX0tdHA114gk957EWW67c4cX8jJGKLhD+rcdqsq08p8kDi1L\n93FcXmn/6pUCyziKrlA4b9v7LWIbxcceVOF34GfID5yHI9Y/QCB/IIDEgEw+OyQm\njgSubJrIqg0CAwEAAaNCMEAwDwYDVR0TAQH/BAUwAwEB/zAOBgNVHQ8BAf8EBAMC\nAYYwHQYDVR0OBBYEFIQYzIU07LwMlJQuCFmcx7IQTgoIMA0GCSqGSIb3DQEBCwUA\nA4IBAQCY8jdaQZChGsV2USggNiMOruYou6r4lK5IpDB/G/wkjUu0yKGX9rbxenDI\nU5PMCCjjmCXPI6T53iHTfIUJrU6adTrCC2qJeHZERxhlbI1Bjjt/msv0tadQ1wUs\nN+gDS63pYaACbvXy8MWy7Vu33PqUXHeeE6V/Uq2V8viTO96LXFvKWlJbYK8U90vv\no/ufQJVtMVT8QtPHRh8jrdkPSHCa2XV4cdFyQzR1bldZwgJcJmApzyMZFo6IQ6XU\n5MsI+yMRQ+hDKXJioaldXgjUkK642M4UwtBV8ob2xJNDd2ZhwLnoQdeXeGADbkpy\nrqXRfboQnoZsG4q5WTP468SQvvG5\n-----END CERTIFICATE-----\n",
        "eccRootCert": "-----BEGIN CERTIFICATE-----\nMIIBtjCCAVugAwIBAgITBmyf1XSXNmY/Owua2eiedgPySjAKBggqhkjOPQQDAjA5\nMQswCQYDVQQGEwJVUzEPMA0GA1UEChMGQW1hem9uMRkwFwYDVQQDExBBbWF6b24g\nUm9vdCBDQSAzMB4XDTE1MDUyNjAwMDAwMFoXDTQwMDUyNjAwMDAwMFowOTELMAkG\nA1UEBhMCVVMxDzANBgNVBAoTBkFtYXpvbjEZMBcGA1UEAxMQQW1hem9uIFJvb3Qg\nQ0EgMzBZMBMGByqGSM49AgEGCCqGSM49AwEHA0IABCmXp8ZBf8ANm+gBG1bG8lKl\nui2yEujSLtf6ycXYqm0fc4E7O5hrOXwzpcVOho6AF2hiRVd9RFgdszflZwjrZt6j\nQjBAMA8GA1UdEwEB/wQFMAMBAf8wDgYDVR0PAQH/BAQDAgGGMB0GA1UdDgQWBBSr\nttvXBp43rDCGB5Fwx5zEGbF4wDAKBggqhkjOPQQDAgNJADBGAiEA4IWSoxe3jfkr\nBqWTrBqYaGFy+uGh0PsceGCmQ5nFuMQCIQCcAu/xlJyzlvnrxir4tiz+OpAUFteM\nYyRIHN8wfdVoOw==\n-----END CERTIFICATE-----\n"
    },
    "result": {
        "code": 201000,
        "message": "Successfully."
    }
}

2022-10-18 14:51:17: -----------Request----------->
POST https://dev-rest.pwb.plume-dev.com/pwb/UploadFile

User-Agent: python-requests/2.28.1
Accept-Encoding: gzip, deflate
accept: application/json
Connection: keep-alive
Authorization: Bearer eyJraWQiOiJ1cy13ZXN0LTIxIiwidHlwIjoiSldTIiwiYWxnIjoiUlM1MTIifQ.eyJzdWIiOiJ1cy13ZXN0LTI6Y2Y4MDQ2MTYtZjE1YS00ZDg1LTg5YjAtOGJkNTUzMjg1MWM4IiwiYXVkIjoidXMtd2VzdC0yOjYxZWY2YjcyLTk0NzctNDYzYy1iOTQ2LWFhODk3MDhiZTg3ZCIsImFtciI6WyJhdXRoZW50aWNhdGVkIiwicHdiLnBsdW1lLmNvbSIsInB3Yi5wbHVtZS5jb206dXMtd2VzdC0yOjYxZWY2YjcyLTk0NzctNDYzYy1iOTQ2LWFhODk3MDhiZTg3ZDpuQUcwR0hBUVRZUkV1NnFrSTcwUDFaQU83Y0ZKd1NEaFlJWlY2OFk1bWNnRGxscWhWMzRnNXFNcmFXSHhjNUc5Il0sImlzcyI6Imh0dHBzOi8vY29nbml0by1pZGVudGl0eS5hbWF6b25hd3MuY29tIiwiaHR0cHM6Ly9jb2duaXRvLWlkZW50aXR5LmFtYXpvbmF3cy5jb20vaWRlbnRpdHktcG9vbC1hcm4iOiJhcm46YXdzOmNvZ25pdG8taWRlbnRpdHk6dXMtd2VzdC0yOjY0Mzc5NTA3NzcxNTppZGVudGl0eXBvb2wvdXMtd2VzdC0yOjYxZWY2YjcyLTk0NzctNDYzYy1iOTQ2LWFhODk3MDhiZTg3ZCIsImV4cCI6MTY2NjE2MjI2OSwiaWF0IjoxNjY2MDc1ODY5fQ.BeDw_N_z1X0U-Y0OmRcUXlqpGdiMrqZCR_mAKiwrPpbEznFl4q6J9y61EeSaR-7o42xpWw4QaM870epctmz9t1o7QKoxLk42QU0eFlPbqJj5kSmKdFtxQntkkm1dzvzoGvrlB3Ltv4v-WOaTdjKqfnxca-zAWWpRg7Xk-ZyEljHCZohbOXxAeHDU6Jv36bO-R2Umz-vckNas8bkgZ9z7JPix-mrK70Brg58XIpdbPJkJempvIWaI9N_uuziRtVStG8kA-bCL_bw23Fh7dYxFFo0eh55udwNdejOkdTKBP_VT1qlPmk8ErgYHzdCL2JFpUSDa_gNoxiCS-V7neitirA
Content-Type: application/json
Content-Length: 167

{
    "userId": "62dd9ff3ec5304000bb44399",
    "fileName": "62bba64ffdddd9000a70a20d-60B4F7B3064F-android-1666075863.json",
    "fileType": "application/json",
    "dataType": "json"
}

2022-10-18 14:51:17: <-----------Response-----------
Status code: 200, elapsed seconds: 0.69326

Date: Tue, 18 Oct 2022 06:51:15 GMT
Content-Type: application/json
Content-Length: 1332
Connection: keep-alive
x-amzn-RequestId: 159b08f9-ab61-4c96-9998-c90217b01f00
Access-Control-Allow-Origin: *
x-amz-apigw-id: aMDznE5JPHcFx2w=
X-Amzn-Trace-Id: Root=1-634e4ce3-6051b441233f52341f410ed8;Sampled=0

{
    "data": {
        "url": "https://plume-pwb-data.s3.us-west-2.amazonaws.com/json/62dd9ff3ec5304000bb44399/20221018/62bba64ffdddd9000a70a20d-60B4F7B3064F-android-1666075863.json?AWSAccessKeyId=ASIAZLZJNJJJR3WGKJEZ&Content-Type=application%2Fjson&Expires=1666162275&Signature=eFHQ4aHRdno%2BGcW1UoUifpoX7B8%3D&x-amz-security-token=IQoJb3JpZ2luX2VjEE8aCXVzLXdlc3QtMiJHMEUCIQDAcw7%2BFF3Zv5BWmIvjb8nA1zCD4uPcRexhQ68HHIC9pwIgO0frKnvb8%2BI0R6ubeeDOWIiKskVCkkzsM%2FU9H5V5QsEqnwMIKBABGgw2NDM3OTUwNzc3MTUiDAW7ruNRs8CHQvMWBCr8AmUq1YvRXryH6499ewZ92n7cl%2Br3DSjkviK59lGZzS1AvnFqJGoQtoI6nYeKp%2BUETtt9T8dzZLSEwZo1NwNr5vI0PNpbFI9r1Y%2BQkwSc2jvgNPpRR21ZzEjlfx96rNzwomQbDGg2vXMcQmWE3w%2Fp73IFdC9A21%2FOQ2OinCqIYl2OHxZz7aGW9xy7CsdU9xTAEgwb%2FkyKyqUv3BNnpSoXLcHh0ULZVNLs8GH6YgLHa5T7blmjKCfTHoi0Wx6NHdEqEjx7IbV3hxPs6CGZJGMDy0UmtIC9n7s7IfTQGnPQ%2B3nmqI1tpqli2FYHJPlesrdKrzdl%2Bb%2FQFjKjTBKAafELMyzx1Ffi3kFzaIQDWTY0KiBEUcBsijmf4JypnA1KW%2FMCdPH8tMnl%2FbkixBbwxk6QvDWwMCiSXvJndO1MP6Z5tIERmchxZaVe79zVHzQGbNBreejTN9VdUETdH73LaUJIlB9dRVXrWfYff3hZftkgg2lXfrIyc%2B%2BJvFTCaqEnMOKUuZoGOp0BJ%2BctN5KKZi337oXSOggj4xDqMIhE174n5I%2FZyLnVKIyDXb6MIlUZPTYEflLLnyNh9oeQgLom%2FyX1VughJfVI1wPQnrqf3wNOuIrwV%2FPOC74rFowCypacY2qgPsotxveB74FjnnJcei2ozX6m84dS2zy1URas7l8MrQCCzHWf7T4g%2FUbpaqVHEDvUUApFU1Huq1jBSP%2FrJrHHjeit9Q%3D%3D"
    },
    "result": {
        "code": 201000,
        "message": "Successfully."
    }
}

