2023-01-05 11:59:39 [INFO   ][ln-47 ]: Start to load config file
2023-01-05 11:59:39 [DEBUG  ][ln-49 ]: config.ini: {'dut': {'ip': 'staging-rest.pwb.plume-dev.com'}, 'userinfo': {'usrid': 'zhicheng+4@plume.com', 'pwd': 'plume1234', 'devuserid': '6270462c9c997f0009538d15', 'devid': '60B4F7F5003B', 'mac': '60:B4:F7:F5:00:3B', 'androiddev': 'd38c1487', 'Commanduuid': '00004652-08c2-11e1-9073-0e8ac72e0011', 'Datauuid': '00004652-08c2-11e1-9073-0e8ac72e0013', 'ResponseUUID': '00004652-08c2-11e1-9073-0e8ac72e0012'}, 'unixtime': {'adddays': 0, 'addhours': 1, 'addsecs': 30}, 'allurewiget': {'Device': 'Deity Ring', 'DevVersion': 'FW v0xFF.2.11', 'FirmwareURL': 'https://drive.google.com/file/d/1VftYP92ntZ5uynnjqGla0O9qDrT7XeXj/view?usp=sharing'}, 'sleep': {'begin': '2022-12-12 23:00', 'totalsleep': 360}, 'walking': {'begin': '2022-12-13 10:00', 'totalwalking': 90}, 'running': {'begin': '2022-12-13 11:00', 'totalrunning': 90}}
2023-01-05 11:59:39 [DEBUG  ][ln-548]: ======================================== Star to run: <TestAPI> ========================================
2023-01-05 11:59:39 [DEBUG  ][ln-554]: ======================================== Star to run: <test_beacon_func> ========================================
2023-01-05 11:59:45 [INFO   ][ln-165]: ##################################################################

2023-01-05 11:59:45 [INFO   ][ln-166]: #  Test case : ( BLE beacon scan via Android Phone (HomePass App)  #)

2023-01-05 11:59:45 [INFO   ][ln-167]: ##################################################################)

2023-01-05 11:59:45 [INFO   ][ln-168]: ##################################################################
2023-01-05 12:00:31 [DEBUG  ][ln-84 ]: Lanch the HomePass APP successfully.
2023-01-05 12:00:55 [INFO   ][ln-203]: Done
2023-01-05 12:00:55 [DEBUG  ][ln-557]: teardown_method
2023-01-05 12:00:55 [DEBUG  ][ln-551]: teardown_class
2023-01-05 12:01:30 [INFO   ][ln-47 ]: Start to load config file
2023-01-05 12:01:30 [DEBUG  ][ln-49 ]: config.ini: {'dut': {'ip': 'staging-rest.pwb.plume-dev.com'}, 'userinfo': {'usrid': 'zhicheng+4@plume.com', 'pwd': 'plume1234', 'devuserid': '6270462c9c997f0009538d15', 'devid': '60B4F7F5003B', 'mac': '60:B4:F7:F5:00:3B', 'androiddev': 'd38c1487', 'Commanduuid': '00004652-08c2-11e1-9073-0e8ac72e0011', 'Datauuid': '00004652-08c2-11e1-9073-0e8ac72e0013', 'ResponseUUID': '00004652-08c2-11e1-9073-0e8ac72e0012'}, 'unixtime': {'adddays': 0, 'addhours': 1, 'addsecs': 30}, 'allurewiget': {'Device': 'Deity Ring', 'DevVersion': 'FW v0xFF.2.11', 'FirmwareURL': 'https://drive.google.com/file/d/1VftYP92ntZ5uynnjqGla0O9qDrT7XeXj/view?usp=sharing'}, 'sleep': {'begin': '2022-12-12 23:00', 'totalsleep': 360}, 'walking': {'begin': '2022-12-13 10:00', 'totalwalking': 90}, 'running': {'begin': '2022-12-13 11:00', 'totalrunning': 90}}
2023-01-05 12:01:33 [DEBUG  ][ln-548]: ======================================== Star to run: <TestAPI> ========================================
2023-01-05 12:01:33 [DEBUG  ][ln-554]: ======================================== Star to run: <test_beacon_func> ========================================
2023-01-05 12:01:40 [INFO   ][ln-165]: ##################################################################

2023-01-05 12:01:40 [INFO   ][ln-166]: #  Test case : ( BLE beacon scan via Android Phone (HomePass App)  #)

2023-01-05 12:01:40 [INFO   ][ln-167]: ##################################################################)

2023-01-05 12:01:40 [INFO   ][ln-168]: ##################################################################
2023-01-05 12:02:25 [DEBUG  ][ln-84 ]: Lanch the HomePass APP successfully.
2023-01-05 12:03:03 [INFO   ][ln-203]: Done
2023-01-05 12:03:03 [DEBUG  ][ln-557]: teardown_method
2023-01-05 12:03:03 [DEBUG  ][ln-551]: teardown_class
2023-01-05 12:05:14 [INFO   ][ln-47 ]: Start to load config file
2023-01-05 12:05:14 [DEBUG  ][ln-49 ]: config.ini: {'dut': {'ip': 'staging-rest.pwb.plume-dev.com'}, 'userinfo': {'usrid': 'zhicheng+4@plume.com', 'pwd': 'plume1234', 'devuserid': '6270462c9c997f0009538d15', 'devid': '60B4F7F5003B', 'mac': '60:B4:F7:F5:00:3B', 'androiddev': 'd38c1487', 'Commanduuid': '00004652-08c2-11e1-9073-0e8ac72e0011', 'Datauuid': '00004652-08c2-11e1-9073-0e8ac72e0013', 'ResponseUUID': '00004652-08c2-11e1-9073-0e8ac72e0012'}, 'unixtime': {'adddays': 0, 'addhours': 1, 'addsecs': 30}, 'allurewiget': {'Device': 'Deity Ring', 'DevVersion': 'FW v0xFF.2.11', 'FirmwareURL': 'https://drive.google.com/file/d/1VftYP92ntZ5uynnjqGla0O9qDrT7XeXj/view?usp=sharing'}, 'sleep': {'begin': '2022-12-12 23:00', 'totalsleep': 360}, 'walking': {'begin': '2022-12-13 10:00', 'totalwalking': 90}, 'running': {'begin': '2022-12-13 11:00', 'totalrunning': 90}}
2023-01-05 12:05:14 [DEBUG  ][ln-548]: ======================================== Star to run: <TestAPI> ========================================
2023-01-05 12:05:14 [DEBUG  ][ln-554]: ======================================== Star to run: <test_beacon_func> ========================================
2023-01-05 12:05:20 [INFO   ][ln-164]: ##################################################################

2023-01-05 12:05:20 [INFO   ][ln-165]: #  Test case : ( BLE beacon scan via Android Phone (HomePass App)  #)

2023-01-05 12:05:20 [INFO   ][ln-166]: ##################################################################)

2023-01-05 12:05:20 [INFO   ][ln-167]: ##################################################################
2023-01-05 12:06:00 [DEBUG  ][ln-84 ]: Lanch the HomePass APP successfully.
2023-01-05 12:06:33 [DEBUG  ][ln-557]: teardown_method
2023-01-05 12:06:33 [DEBUG  ][ln-551]: teardown_class
2023-01-05 12:38:47 [INFO   ][ln-47 ]: Start to load config file
2023-01-05 12:38:47 [DEBUG  ][ln-49 ]: config.ini: {'dut': {'ip': 'staging-rest.pwb.plume-dev.com'}, 'userinfo': {'usrid': 'zhicheng+4@plume.com', 'pwd': 'plume1234', 'devuserid': '6270462c9c997f0009538d15', 'devid': '60B4F7F5003B', 'mac': '60:B4:F7:F5:00:3B', 'androiddev': 'd38c1487', 'Commanduuid': '00004652-08c2-11e1-9073-0e8ac72e0011', 'Datauuid': '00004652-08c2-11e1-9073-0e8ac72e0013', 'ResponseUUID': '00004652-08c2-11e1-9073-0e8ac72e0012'}, 'unixtime': {'adddays': 0, 'addhours': 1, 'addsecs': 30}, 'allurewiget': {'Device': 'Deity Ring', 'DevVersion': 'FW v0xFF.2.11', 'FirmwareURL': 'https://drive.google.com/file/d/1VftYP92ntZ5uynnjqGla0O9qDrT7XeXj/view?usp=sharing'}, 'sleep': {'begin': '2022-12-12 23:00', 'totalsleep': 360}, 'walking': {'begin': '2022-12-13 10:00', 'totalwalking': 90}, 'running': {'begin': '2022-12-13 11:00', 'totalrunning': 90}}
2023-01-05 12:38:47 [DEBUG  ][ln-548]: ======================================== Star to run: <TestAPI> ========================================
2023-01-05 12:38:47 [DEBUG  ][ln-554]: ======================================== Star to run: <test_beacon_func> ========================================
2023-01-05 12:38:53 [INFO   ][ln-164]: ##################################################################

2023-01-05 12:38:53 [INFO   ][ln-165]: #  Test case : ( BLE beacon scan via Android Phone (HomePass App)  #)

2023-01-05 12:38:53 [INFO   ][ln-166]: ##################################################################)

2023-01-05 12:38:53 [INFO   ][ln-167]: ##################################################################
2023-01-05 12:39:39 [DEBUG  ][ln-84 ]: Lanch the HomePass APP successfully.
2023-01-05 12:40:19 [DEBUG  ][ln-557]: teardown_method
2023-01-05 12:40:19 [DEBUG  ][ln-551]: teardown_class
2023-01-05 12:46:11 [INFO   ][ln-47 ]: Start to load config file
2023-01-05 12:46:11 [DEBUG  ][ln-49 ]: config.ini: {'dut': {'ip': 'staging-rest.pwb.plume-dev.com'}, 'userinfo': {'usrid': 'zhicheng+4@plume.com', 'pwd': 'plume1234', 'devuserid': '6270462c9c997f0009538d15', 'devid': '60B4F7F5003B', 'mac': '60:B4:F7:F5:00:3B', 'androiddev': 'd38c1487', 'Commanduuid': '00004652-08c2-11e1-9073-0e8ac72e0011', 'Datauuid': '00004652-08c2-11e1-9073-0e8ac72e0013', 'ResponseUUID': '00004652-08c2-11e1-9073-0e8ac72e0012'}, 'unixtime': {'adddays': 0, 'addhours': 1, 'addsecs': 30}, 'allurewiget': {'Device': 'Deity Ring', 'DevVersion': 'FW v0xFF.2.11', 'FirmwareURL': 'https://drive.google.com/file/d/1VftYP92ntZ5uynnjqGla0O9qDrT7XeXj/view?usp=sharing'}, 'sleep': {'begin': '2022-12-12 23:00', 'totalsleep': 360}, 'walking': {'begin': '2022-12-13 10:00', 'totalwalking': 90}, 'running': {'begin': '2022-12-13 11:00', 'totalrunning': 90}}
2023-01-05 12:46:11 [DEBUG  ][ln-548]: ======================================== Star to run: <TestAPI> ========================================
2023-01-05 12:46:11 [DEBUG  ][ln-554]: ======================================== Star to run: <test_beacon_func> ========================================
2023-01-05 12:46:17 [INFO   ][ln-164]: ##################################################################

2023-01-05 12:46:17 [INFO   ][ln-165]: #  Test case : ( BLE beacon scan via Android Phone (HomePass App)  #)

2023-01-05 12:46:17 [INFO   ][ln-166]: ##################################################################)

2023-01-05 12:46:17 [INFO   ][ln-167]: ##################################################################
2023-01-05 12:47:07 [DEBUG  ][ln-84 ]: Lanch the HomePass APP successfully.
2023-01-05 12:47:51 [DEBUG  ][ln-557]: teardown_method
2023-01-05 12:47:51 [DEBUG  ][ln-551]: teardown_class
2023-01-05 12:52:58 [INFO   ][ln-47 ]: Start to load config file
2023-01-05 12:52:58 [DEBUG  ][ln-49 ]: config.ini: {'dut': {'ip': 'staging-rest.pwb.plume-dev.com'}, 'userinfo': {'usrid': 'zhicheng+4@plume.com', 'pwd': 'plume1234', 'devuserid': '6270462c9c997f0009538d15', 'devid': '60B4F7F5003B', 'mac': '60:B4:F7:F5:00:3B', 'androiddev': 'd38c1487', 'Commanduuid': '00004652-08c2-11e1-9073-0e8ac72e0011', 'Datauuid': '00004652-08c2-11e1-9073-0e8ac72e0013', 'ResponseUUID': '00004652-08c2-11e1-9073-0e8ac72e0012'}, 'unixtime': {'adddays': 0, 'addhours': 1, 'addsecs': 30}, 'allurewiget': {'Device': 'Deity Ring', 'DevVersion': 'FW v0xFF.2.11', 'FirmwareURL': 'https://drive.google.com/file/d/1VftYP92ntZ5uynnjqGla0O9qDrT7XeXj/view?usp=sharing'}, 'sleep': {'begin': '2022-12-12 23:00', 'totalsleep': 360}, 'walking': {'begin': '2022-12-13 10:00', 'totalwalking': 90}, 'running': {'begin': '2022-12-13 11:00', 'totalrunning': 90}}
2023-01-05 12:52:58 [DEBUG  ][ln-548]: ======================================== Star to run: <TestAPI> ========================================
2023-01-05 12:52:58 [DEBUG  ][ln-554]: ======================================== Star to run: <test_beacon_func> ========================================
2023-01-05 12:53:04 [INFO   ][ln-164]: ##################################################################

2023-01-05 12:53:04 [INFO   ][ln-165]: #  Test case : ( BLE beacon scan via Android Phone (HomePass App)  #)

2023-01-05 12:53:04 [INFO   ][ln-166]: ##################################################################)

2023-01-05 12:53:04 [INFO   ][ln-167]: ##################################################################
2023-01-05 12:53:53 [DEBUG  ][ln-84 ]: Lanch the HomePass APP successfully.
2023-01-05 12:54:33 [DEBUG  ][ln-557]: teardown_method
2023-01-05 12:54:33 [DEBUG  ][ln-551]: teardown_class
2023-01-05 13:29:40 [INFO   ][ln-47 ]: Start to load config file
2023-01-05 13:29:40 [DEBUG  ][ln-49 ]: config.ini: {'dut': {'ip': 'staging-rest.pwb.plume-dev.com'}, 'userinfo': {'usrid': 'zhicheng+4@plume.com', 'pwd': 'plume1234', 'devuserid': '6270462c9c997f0009538d15', 'devid': '60B4F7F5003B', 'mac': '60:B4:F7:F5:00:3B', 'androiddev': 'd38c1487', 'Commanduuid': '00004652-08c2-11e1-9073-0e8ac72e0011', 'Datauuid': '00004652-08c2-11e1-9073-0e8ac72e0013', 'ResponseUUID': '00004652-08c2-11e1-9073-0e8ac72e0012'}, 'unixtime': {'adddays': 0, 'addhours': 1, 'addsecs': 30}, 'allurewiget': {'Device': 'Deity Ring', 'DevVersion': 'FW v0xFF.2.11', 'FirmwareURL': 'https://drive.google.com/file/d/1VftYP92ntZ5uynnjqGla0O9qDrT7XeXj/view?usp=sharing'}, 'sleep': {'begin': '2022-12-12 23:00', 'totalsleep': 360}, 'walking': {'begin': '2022-12-13 10:00', 'totalwalking': 90}, 'running': {'begin': '2022-12-13 11:00', 'totalrunning': 90}}
2023-01-05 13:29:40 [DEBUG  ][ln-548]: ======================================== Star to run: <TestAPI> ========================================
2023-01-05 13:29:40 [DEBUG  ][ln-554]: ======================================== Star to run: <test_beacon_func> ========================================
2023-01-05 13:29:46 [INFO   ][ln-164]: ##################################################################

2023-01-05 13:29:46 [INFO   ][ln-165]: #  Test case : ( BLE beacon scan via Android Phone (HomePass App)  #)

2023-01-05 13:29:46 [INFO   ][ln-166]: ##################################################################)

2023-01-05 13:29:46 [INFO   ][ln-167]: ##################################################################
2023-01-05 13:30:18 [DEBUG  ][ln-557]: teardown_method
2023-01-05 13:30:18 [DEBUG  ][ln-551]: teardown_class
2023-01-05 13:31:14 [INFO   ][ln-47 ]: Start to load config file
2023-01-05 13:31:14 [DEBUG  ][ln-49 ]: config.ini: {'dut': {'ip': 'staging-rest.pwb.plume-dev.com'}, 'userinfo': {'usrid': 'zhicheng+4@plume.com', 'pwd': 'plume1234', 'devuserid': '6270462c9c997f0009538d15', 'devid': '60B4F7F5003B', 'mac': '60:B4:F7:F5:00:3B', 'androiddev': 'd38c1487', 'Commanduuid': '00004652-08c2-11e1-9073-0e8ac72e0011', 'Datauuid': '00004652-08c2-11e1-9073-0e8ac72e0013', 'ResponseUUID': '00004652-08c2-11e1-9073-0e8ac72e0012'}, 'unixtime': {'adddays': 0, 'addhours': 1, 'addsecs': 30}, 'allurewiget': {'Device': 'Deity Ring', 'DevVersion': 'FW v0xFF.2.11', 'FirmwareURL': 'https://drive.google.com/file/d/1VftYP92ntZ5uynnjqGla0O9qDrT7XeXj/view?usp=sharing'}, 'sleep': {'begin': '2022-12-12 23:00', 'totalsleep': 360}, 'walking': {'begin': '2022-12-13 10:00', 'totalwalking': 90}, 'running': {'begin': '2022-12-13 11:00', 'totalrunning': 90}}
2023-01-05 13:31:14 [DEBUG  ][ln-548]: ======================================== Star to run: <TestAPI> ========================================
2023-01-05 13:31:14 [DEBUG  ][ln-554]: ======================================== Star to run: <test_beacon_func> ========================================
2023-01-05 13:31:20 [INFO   ][ln-164]: ##################################################################

2023-01-05 13:31:20 [INFO   ][ln-165]: #  Test case : ( BLE beacon scan via Android Phone (HomePass App)  #)

2023-01-05 13:31:20 [INFO   ][ln-166]: ##################################################################)

2023-01-05 13:31:20 [INFO   ][ln-167]: ##################################################################
2023-01-05 13:31:51 [DEBUG  ][ln-557]: teardown_method
2023-01-05 13:31:51 [DEBUG  ][ln-551]: teardown_class
2023-01-05 13:34:41 [INFO   ][ln-47 ]: Start to load config file
2023-01-05 13:34:41 [DEBUG  ][ln-49 ]: config.ini: {'dut': {'ip': 'staging-rest.pwb.plume-dev.com'}, 'userinfo': {'usrid': 'zhicheng+4@plume.com', 'pwd': 'plume1234', 'devuserid': '6270462c9c997f0009538d15', 'devid': '60B4F7F5003B', 'mac': '60:B4:F7:F5:00:3B', 'androiddev': 'd38c1487', 'Commanduuid': '00004652-08c2-11e1-9073-0e8ac72e0011', 'Datauuid': '00004652-08c2-11e1-9073-0e8ac72e0013', 'ResponseUUID': '00004652-08c2-11e1-9073-0e8ac72e0012'}, 'unixtime': {'adddays': 0, 'addhours': 1, 'addsecs': 30}, 'allurewiget': {'Device': 'Deity Ring', 'DevVersion': 'FW v0xFF.2.11', 'FirmwareURL': 'https://drive.google.com/file/d/1VftYP92ntZ5uynnjqGla0O9qDrT7XeXj/view?usp=sharing'}, 'sleep': {'begin': '2022-12-12 23:00', 'totalsleep': 360}, 'walking': {'begin': '2022-12-13 10:00', 'totalwalking': 90}, 'running': {'begin': '2022-12-13 11:00', 'totalrunning': 90}}
2023-01-05 13:34:41 [DEBUG  ][ln-548]: ======================================== Star to run: <TestAPI> ========================================
2023-01-05 13:34:41 [DEBUG  ][ln-554]: ======================================== Star to run: <test_beacon_func> ========================================
2023-01-05 13:34:47 [INFO   ][ln-164]: ##################################################################

2023-01-05 13:34:47 [INFO   ][ln-165]: #  Test case : ( BLE beacon scan via Android Phone (HomePass App)  #)

2023-01-05 13:34:47 [INFO   ][ln-166]: ##################################################################)

2023-01-05 13:34:47 [INFO   ][ln-167]: ##################################################################
2023-01-05 13:35:19 [DEBUG  ][ln-557]: teardown_method
2023-01-05 13:35:19 [DEBUG  ][ln-551]: teardown_class
2023-01-05 13:36:26 [INFO   ][ln-47 ]: Start to load config file
2023-01-05 13:36:26 [DEBUG  ][ln-49 ]: config.ini: {'dut': {'ip': 'staging-rest.pwb.plume-dev.com'}, 'userinfo': {'usrid': 'zhicheng+4@plume.com', 'pwd': 'plume1234', 'devuserid': '6270462c9c997f0009538d15', 'devid': '60B4F7F5003B', 'mac': '60:B4:F7:F5:00:3B', 'androiddev': 'd38c1487', 'Commanduuid': '00004652-08c2-11e1-9073-0e8ac72e0011', 'Datauuid': '00004652-08c2-11e1-9073-0e8ac72e0013', 'ResponseUUID': '00004652-08c2-11e1-9073-0e8ac72e0012'}, 'unixtime': {'adddays': 0, 'addhours': 1, 'addsecs': 30}, 'allurewiget': {'Device': 'Deity Ring', 'DevVersion': 'FW v0xFF.2.11', 'FirmwareURL': 'https://drive.google.com/file/d/1VftYP92ntZ5uynnjqGla0O9qDrT7XeXj/view?usp=sharing'}, 'sleep': {'begin': '2022-12-12 23:00', 'totalsleep': 360}, 'walking': {'begin': '2022-12-13 10:00', 'totalwalking': 90}, 'running': {'begin': '2022-12-13 11:00', 'totalrunning': 90}}
2023-01-05 13:36:26 [DEBUG  ][ln-548]: ======================================== Star to run: <TestAPI> ========================================
2023-01-05 13:36:26 [DEBUG  ][ln-554]: ======================================== Star to run: <test_beacon_func> ========================================
2023-01-05 13:36:32 [INFO   ][ln-164]: ##################################################################

2023-01-05 13:36:32 [INFO   ][ln-165]: #  Test case : ( BLE beacon scan via Android Phone (HomePass App)  #)

2023-01-05 13:36:32 [INFO   ][ln-166]: ##################################################################)

2023-01-05 13:36:32 [INFO   ][ln-167]: ##################################################################
2023-01-05 13:37:06 [DEBUG  ][ln-557]: teardown_method
2023-01-05 13:37:06 [DEBUG  ][ln-551]: teardown_class
2023-01-05 13:37:42 [INFO   ][ln-47 ]: Start to load config file
2023-01-05 13:37:42 [DEBUG  ][ln-49 ]: config.ini: {'dut': {'ip': 'staging-rest.pwb.plume-dev.com'}, 'userinfo': {'usrid': 'zhicheng+4@plume.com', 'pwd': 'plume1234', 'devuserid': '6270462c9c997f0009538d15', 'devid': '60B4F7F5003B', 'mac': '60:B4:F7:F5:00:3B', 'androiddev': 'd38c1487', 'Commanduuid': '00004652-08c2-11e1-9073-0e8ac72e0011', 'Datauuid': '00004652-08c2-11e1-9073-0e8ac72e0013', 'ResponseUUID': '00004652-08c2-11e1-9073-0e8ac72e0012'}, 'unixtime': {'adddays': 0, 'addhours': 1, 'addsecs': 30}, 'allurewiget': {'Device': 'Deity Ring', 'DevVersion': 'FW v0xFF.2.11', 'FirmwareURL': 'https://drive.google.com/file/d/1VftYP92ntZ5uynnjqGla0O9qDrT7XeXj/view?usp=sharing'}, 'sleep': {'begin': '2022-12-12 23:00', 'totalsleep': 360}, 'walking': {'begin': '2022-12-13 10:00', 'totalwalking': 90}, 'running': {'begin': '2022-12-13 11:00', 'totalrunning': 90}}
2023-01-05 13:37:42 [DEBUG  ][ln-548]: ======================================== Star to run: <TestAPI> ========================================
2023-01-05 13:37:42 [DEBUG  ][ln-554]: ======================================== Star to run: <test_beacon_func> ========================================
2023-01-05 13:37:48 [INFO   ][ln-164]: ##################################################################

2023-01-05 13:37:48 [INFO   ][ln-165]: #  Test case : ( BLE beacon scan via Android Phone (HomePass App)  #)

2023-01-05 13:37:48 [INFO   ][ln-166]: ##################################################################)

2023-01-05 13:37:48 [INFO   ][ln-167]: ##################################################################
2023-01-05 13:38:22 [DEBUG  ][ln-557]: teardown_method
2023-01-05 13:38:22 [DEBUG  ][ln-551]: teardown_class
2023-01-05 13:42:17 [INFO   ][ln-47 ]: Start to load config file
2023-01-05 13:42:17 [DEBUG  ][ln-49 ]: config.ini: {'dut': {'ip': 'staging-rest.pwb.plume-dev.com'}, 'userinfo': {'usrid': 'zhicheng+4@plume.com', 'pwd': 'plume1234', 'devuserid': '6270462c9c997f0009538d15', 'devid': '60B4F7F5003B', 'mac': '60:B4:F7:F5:00:3B', 'androiddev': 'd38c1487', 'Commanduuid': '00004652-08c2-11e1-9073-0e8ac72e0011', 'Datauuid': '00004652-08c2-11e1-9073-0e8ac72e0013', 'ResponseUUID': '00004652-08c2-11e1-9073-0e8ac72e0012'}, 'unixtime': {'adddays': 0, 'addhours': 1, 'addsecs': 30}, 'allurewiget': {'Device': 'Deity Ring', 'DevVersion': 'FW v0xFF.2.11', 'FirmwareURL': 'https://drive.google.com/file/d/1VftYP92ntZ5uynnjqGla0O9qDrT7XeXj/view?usp=sharing'}, 'sleep': {'begin': '2022-12-12 23:00', 'totalsleep': 360}, 'walking': {'begin': '2022-12-13 10:00', 'totalwalking': 90}, 'running': {'begin': '2022-12-13 11:00', 'totalrunning': 90}}
2023-01-05 13:42:17 [DEBUG  ][ln-548]: ======================================== Star to run: <TestAPI> ========================================
2023-01-05 13:42:17 [DEBUG  ][ln-554]: ======================================== Star to run: <test_beacon_func> ========================================
2023-01-05 13:42:23 [INFO   ][ln-164]: ##################################################################

2023-01-05 13:42:23 [INFO   ][ln-165]: #  Test case : ( BLE beacon scan via Android Phone (HomePass App)  #)

2023-01-05 13:42:23 [INFO   ][ln-166]: ##################################################################)

2023-01-05 13:42:23 [INFO   ][ln-167]: ##################################################################
2023-01-05 13:42:57 [DEBUG  ][ln-557]: teardown_method
2023-01-05 13:42:57 [DEBUG  ][ln-551]: teardown_class
2023-01-05 13:48:42 [INFO   ][ln-47 ]: Start to load config file
2023-01-05 13:48:42 [DEBUG  ][ln-49 ]: config.ini: {'dut': {'ip': 'staging-rest.pwb.plume-dev.com'}, 'userinfo': {'usrid': 'zhicheng+4@plume.com', 'pwd': 'plume1234', 'devuserid': '6270462c9c997f0009538d15', 'devid': '60B4F7F5003B', 'mac': '60:B4:F7:F5:00:3B', 'androiddev': 'd38c1487', 'Commanduuid': '00004652-08c2-11e1-9073-0e8ac72e0011', 'Datauuid': '00004652-08c2-11e1-9073-0e8ac72e0013', 'ResponseUUID': '00004652-08c2-11e1-9073-0e8ac72e0012'}, 'unixtime': {'adddays': 0, 'addhours': 1, 'addsecs': 30}, 'allurewiget': {'Device': 'Deity Ring', 'DevVersion': 'FW v0xFF.2.11', 'FirmwareURL': 'https://drive.google.com/file/d/1VftYP92ntZ5uynnjqGla0O9qDrT7XeXj/view?usp=sharing'}, 'sleep': {'begin': '2022-12-12 23:00', 'totalsleep': 360}, 'walking': {'begin': '2022-12-13 10:00', 'totalwalking': 90}, 'running': {'begin': '2022-12-13 11:00', 'totalrunning': 90}}
2023-01-05 13:48:42 [DEBUG  ][ln-548]: ======================================== Star to run: <TestAPI> ========================================
2023-01-05 13:48:42 [DEBUG  ][ln-554]: ======================================== Star to run: <test_beacon_func> ========================================
2023-01-05 13:48:48 [INFO   ][ln-164]: ##################################################################

2023-01-05 13:48:48 [INFO   ][ln-165]: #  Test case : ( BLE beacon scan via Android Phone (HomePass App)  #)

2023-01-05 13:48:48 [INFO   ][ln-166]: ##################################################################)

2023-01-05 13:48:48 [INFO   ][ln-167]: ##################################################################
2023-01-05 13:49:43 [DEBUG  ][ln-84 ]: Lanch the HomePass APP successfully.
2023-01-05 13:50:28 [DEBUG  ][ln-557]: teardown_method
2023-01-05 13:50:28 [DEBUG  ][ln-551]: teardown_class
2023-01-05 13:57:36 [INFO   ][ln-47 ]: Start to load config file
2023-01-05 13:57:36 [DEBUG  ][ln-49 ]: config.ini: {'dut': {'ip': 'staging-rest.pwb.plume-dev.com'}, 'userinfo': {'usrid': 'zhicheng+4@plume.com', 'pwd': 'plume1234', 'devuserid': '6270462c9c997f0009538d15', 'devid': '60B4F7F5003B', 'mac': '60:B4:F7:F5:00:3B', 'androiddev': 'd38c1487', 'Commanduuid': '00004652-08c2-11e1-9073-0e8ac72e0011', 'Datauuid': '00004652-08c2-11e1-9073-0e8ac72e0013', 'ResponseUUID': '00004652-08c2-11e1-9073-0e8ac72e0012'}, 'unixtime': {'adddays': 0, 'addhours': 1, 'addsecs': 30}, 'allurewiget': {'Device': 'Deity Ring', 'DevVersion': 'FW v0xFF.2.11', 'FirmwareURL': 'https://drive.google.com/file/d/1VftYP92ntZ5uynnjqGla0O9qDrT7XeXj/view?usp=sharing'}, 'sleep': {'begin': '2022-12-12 23:00', 'totalsleep': 360}, 'walking': {'begin': '2022-12-13 10:00', 'totalwalking': 90}, 'running': {'begin': '2022-12-13 11:00', 'totalrunning': 90}}
2023-01-05 13:57:36 [DEBUG  ][ln-548]: ======================================== Star to run: <TestAPI> ========================================
2023-01-05 13:57:36 [DEBUG  ][ln-554]: ======================================== Star to run: <test_beacon_func> ========================================
2023-01-05 13:57:42 [INFO   ][ln-165]: ##################################################################

2023-01-05 13:57:42 [INFO   ][ln-166]: #  Test case : ( BLE beacon scan via Android Phone (HomePass App)  #)

2023-01-05 13:57:42 [INFO   ][ln-167]: ##################################################################)

2023-01-05 13:57:42 [INFO   ][ln-168]: ##################################################################
2023-01-05 13:58:36 [DEBUG  ][ln-84 ]: Lanch the HomePass APP successfully.
2023-01-05 13:59:13 [INFO   ][ln-209]: Done
2023-01-05 13:59:13 [DEBUG  ][ln-557]: teardown_method
2023-01-05 13:59:13 [DEBUG  ][ln-551]: teardown_class
2023-01-05 14:03:19 [INFO   ][ln-47 ]: Start to load config file
2023-01-05 14:03:19 [DEBUG  ][ln-49 ]: config.ini: {'dut': {'ip': 'staging-rest.pwb.plume-dev.com'}, 'userinfo': {'usrid': 'zhicheng+4@plume.com', 'pwd': 'plume1234', 'devuserid': '6270462c9c997f0009538d15', 'devid': '60B4F7F5003B', 'mac': '60:B4:F7:F5:00:3B', 'androiddev': 'd38c1487', 'Commanduuid': '00004652-08c2-11e1-9073-0e8ac72e0011', 'Datauuid': '00004652-08c2-11e1-9073-0e8ac72e0013', 'ResponseUUID': '00004652-08c2-11e1-9073-0e8ac72e0012'}, 'unixtime': {'adddays': 0, 'addhours': 1, 'addsecs': 30}, 'allurewiget': {'Device': 'Deity Ring', 'DevVersion': 'FW v0xFF.2.11', 'FirmwareURL': 'https://drive.google.com/file/d/1VftYP92ntZ5uynnjqGla0O9qDrT7XeXj/view?usp=sharing'}, 'sleep': {'begin': '2022-12-12 23:00', 'totalsleep': 360}, 'walking': {'begin': '2022-12-13 10:00', 'totalwalking': 90}, 'running': {'begin': '2022-12-13 11:00', 'totalrunning': 90}}
2023-01-05 14:03:19 [DEBUG  ][ln-548]: ======================================== Star to run: <TestAPI> ========================================
2023-01-05 14:03:19 [DEBUG  ][ln-554]: ======================================== Star to run: <test_beacon_func> ========================================
2023-01-05 14:03:25 [INFO   ][ln-164]: ##################################################################

2023-01-05 14:03:25 [INFO   ][ln-165]: #  Test case : ( BLE beacon scan via Android Phone (HomePass App)  #)

2023-01-05 14:03:25 [INFO   ][ln-166]: ##################################################################)

2023-01-05 14:03:25 [INFO   ][ln-167]: ##################################################################
2023-01-05 14:05:04 [INFO   ][ln-208]: Done
2023-01-05 14:05:04 [DEBUG  ][ln-557]: teardown_method
2023-01-05 14:05:04 [DEBUG  ][ln-551]: teardown_class
2023-01-05 14:08:37 [INFO   ][ln-47 ]: Start to load config file
2023-01-05 14:08:37 [DEBUG  ][ln-49 ]: config.ini: {'dut': {'ip': 'staging-rest.pwb.plume-dev.com'}, 'userinfo': {'usrid': 'zhicheng+4@plume.com', 'pwd': 'plume1234', 'devuserid': '6270462c9c997f0009538d15', 'devid': '60B4F7F5003B', 'mac': '60:B4:F7:F5:00:3B', 'androiddev': 'd38c1487', 'Commanduuid': '00004652-08c2-11e1-9073-0e8ac72e0011', 'Datauuid': '00004652-08c2-11e1-9073-0e8ac72e0013', 'ResponseUUID': '00004652-08c2-11e1-9073-0e8ac72e0012'}, 'unixtime': {'adddays': 0, 'addhours': 1, 'addsecs': 30}, 'allurewiget': {'Device': 'Deity Ring', 'DevVersion': 'FW v0xFF.2.11', 'FirmwareURL': 'https://drive.google.com/file/d/1VftYP92ntZ5uynnjqGla0O9qDrT7XeXj/view?usp=sharing'}, 'sleep': {'begin': '2022-12-12 23:00', 'totalsleep': 360}, 'walking': {'begin': '2022-12-13 10:00', 'totalwalking': 90}, 'running': {'begin': '2022-12-13 11:00', 'totalrunning': 90}}
2023-01-05 14:08:37 [DEBUG  ][ln-548]: ======================================== Star to run: <TestAPI> ========================================
2023-01-05 14:08:37 [DEBUG  ][ln-554]: ======================================== Star to run: <test_beacon_func> ========================================
2023-01-05 14:08:43 [INFO   ][ln-166]: ##################################################################

2023-01-05 14:08:43 [INFO   ][ln-167]: #  Test case : ( BLE beacon scan via Android Phone (HomePass App)  #)

2023-01-05 14:08:43 [INFO   ][ln-168]: ##################################################################)

2023-01-05 14:08:43 [INFO   ][ln-169]: ##################################################################
2023-01-05 14:09:36 [DEBUG  ][ln-84 ]: Lanch the HomePass APP successfully.
2023-01-05 14:10:14 [INFO   ][ln-210]: Done
2023-01-05 14:10:14 [DEBUG  ][ln-557]: teardown_method
2023-01-05 14:10:14 [DEBUG  ][ln-551]: teardown_class
2023-01-05 14:15:41 [INFO   ][ln-47 ]: Start to load config file
2023-01-05 14:15:41 [DEBUG  ][ln-49 ]: config.ini: {'dut': {'ip': 'staging-rest.pwb.plume-dev.com'}, 'userinfo': {'usrid': 'zhicheng+4@plume.com', 'pwd': 'plume1234', 'devuserid': '6270462c9c997f0009538d15', 'devid': '60B4F7F5003B', 'mac': '60:B4:F7:F5:00:3B', 'androiddev': 'd38c1487', 'Commanduuid': '00004652-08c2-11e1-9073-0e8ac72e0011', 'Datauuid': '00004652-08c2-11e1-9073-0e8ac72e0013', 'ResponseUUID': '00004652-08c2-11e1-9073-0e8ac72e0012'}, 'unixtime': {'adddays': 0, 'addhours': 1, 'addsecs': 30}, 'allurewiget': {'Device': 'Deity Ring', 'DevVersion': 'FW v0xFF.2.11', 'FirmwareURL': 'https://drive.google.com/file/d/1VftYP92ntZ5uynnjqGla0O9qDrT7XeXj/view?usp=sharing'}, 'sleep': {'begin': '2022-12-12 23:00', 'totalsleep': 360}, 'walking': {'begin': '2022-12-13 10:00', 'totalwalking': 90}, 'running': {'begin': '2022-12-13 11:00', 'totalrunning': 90}}
2023-01-05 14:15:41 [DEBUG  ][ln-548]: ======================================== Star to run: <TestAPI> ========================================
2023-01-05 14:15:41 [DEBUG  ][ln-554]: ======================================== Star to run: <test_beacon_func> ========================================
2023-01-05 14:15:47 [INFO   ][ln-166]: ##################################################################

2023-01-05 14:15:47 [INFO   ][ln-167]: #  Test case : ( BLE beacon scan via Android Phone (HomePass App)  #)

2023-01-05 14:15:47 [INFO   ][ln-168]: ##################################################################)

2023-01-05 14:15:47 [INFO   ][ln-169]: ##################################################################
2023-01-05 14:16:42 [DEBUG  ][ln-84 ]: Lanch the HomePass APP successfully.
2023-01-05 14:17:14 [DEBUG  ][ln-557]: teardown_method
2023-01-05 14:17:14 [DEBUG  ][ln-551]: teardown_class
2023-01-05 14:19:05 [INFO   ][ln-47 ]: Start to load config file
2023-01-05 14:19:05 [DEBUG  ][ln-49 ]: config.ini: {'dut': {'ip': 'staging-rest.pwb.plume-dev.com'}, 'userinfo': {'usrid': 'zhicheng+4@plume.com', 'pwd': 'plume1234', 'devuserid': '6270462c9c997f0009538d15', 'devid': '60B4F7F5003B', 'mac': '60:B4:F7:F5:00:3B', 'androiddev': 'd38c1487', 'Commanduuid': '00004652-08c2-11e1-9073-0e8ac72e0011', 'Datauuid': '00004652-08c2-11e1-9073-0e8ac72e0013', 'ResponseUUID': '00004652-08c2-11e1-9073-0e8ac72e0012'}, 'unixtime': {'adddays': 0, 'addhours': 1, 'addsecs': 30}, 'allurewiget': {'Device': 'Deity Ring', 'DevVersion': 'FW v0xFF.2.11', 'FirmwareURL': 'https://drive.google.com/file/d/1VftYP92ntZ5uynnjqGla0O9qDrT7XeXj/view?usp=sharing'}, 'sleep': {'begin': '2022-12-12 23:00', 'totalsleep': 360}, 'walking': {'begin': '2022-12-13 10:00', 'totalwalking': 90}, 'running': {'begin': '2022-12-13 11:00', 'totalrunning': 90}}
2023-01-05 14:19:06 [DEBUG  ][ln-548]: ======================================== Star to run: <TestAPI> ========================================
2023-01-05 14:19:06 [DEBUG  ][ln-554]: ======================================== Star to run: <test_beacon_func> ========================================
2023-01-05 14:19:12 [INFO   ][ln-166]: ##################################################################

2023-01-05 14:19:12 [INFO   ][ln-167]: #  Test case : ( BLE beacon scan via Android Phone (HomePass App)  #)

2023-01-05 14:19:12 [INFO   ][ln-168]: ##################################################################)

2023-01-05 14:19:12 [INFO   ][ln-169]: ##################################################################
2023-01-05 14:20:07 [DEBUG  ][ln-84 ]: Lanch the HomePass APP successfully.
2023-01-05 14:20:45 [INFO   ][ln-210]: Done
2023-01-05 14:20:45 [DEBUG  ][ln-557]: teardown_method
2023-01-05 14:20:45 [DEBUG  ][ln-551]: teardown_class
2023-01-05 14:21:46 [INFO   ][ln-47 ]: Start to load config file
2023-01-05 14:21:46 [DEBUG  ][ln-49 ]: config.ini: {'dut': {'ip': 'staging-rest.pwb.plume-dev.com'}, 'userinfo': {'usrid': 'zhicheng+4@plume.com', 'pwd': 'plume1234', 'devuserid': '6270462c9c997f0009538d15', 'devid': '60B4F7F5003B', 'mac': '60:B4:F7:F5:00:3B', 'androiddev': 'd38c1487', 'Commanduuid': '00004652-08c2-11e1-9073-0e8ac72e0011', 'Datauuid': '00004652-08c2-11e1-9073-0e8ac72e0013', 'ResponseUUID': '00004652-08c2-11e1-9073-0e8ac72e0012'}, 'unixtime': {'adddays': 0, 'addhours': 1, 'addsecs': 30}, 'allurewiget': {'Device': 'Deity Ring', 'DevVersion': 'FW v0xFF.2.11', 'FirmwareURL': 'https://drive.google.com/file/d/1VftYP92ntZ5uynnjqGla0O9qDrT7XeXj/view?usp=sharing'}, 'sleep': {'begin': '2022-12-12 23:00', 'totalsleep': 360}, 'walking': {'begin': '2022-12-13 10:00', 'totalwalking': 90}, 'running': {'begin': '2022-12-13 11:00', 'totalrunning': 90}}
2023-01-05 14:21:46 [DEBUG  ][ln-548]: ======================================== Star to run: <TestAPI> ========================================
2023-01-05 14:21:46 [DEBUG  ][ln-554]: ======================================== Star to run: <test_beacon_func> ========================================
2023-01-05 14:21:52 [INFO   ][ln-167]: ##################################################################

2023-01-05 14:21:52 [INFO   ][ln-168]: #  Test case : ( BLE beacon scan via Android Phone (HomePass App)  #)

2023-01-05 14:21:52 [INFO   ][ln-169]: ##################################################################)

2023-01-05 14:21:52 [INFO   ][ln-170]: ##################################################################
2023-01-05 14:22:45 [DEBUG  ][ln-84 ]: Lanch the HomePass APP successfully.
2023-01-05 14:23:22 [INFO   ][ln-211]: Done
2023-01-05 14:23:22 [DEBUG  ][ln-557]: teardown_method
2023-01-05 14:23:22 [DEBUG  ][ln-551]: teardown_class
2023-01-05 14:24:55 [INFO   ][ln-47 ]: Start to load config file
2023-01-05 14:24:55 [DEBUG  ][ln-49 ]: config.ini: {'dut': {'ip': 'staging-rest.pwb.plume-dev.com'}, 'userinfo': {'usrid': 'zhicheng+4@plume.com', 'pwd': 'plume1234', 'devuserid': '6270462c9c997f0009538d15', 'devid': '60B4F7F5003B', 'mac': '60:B4:F7:F5:00:3B', 'androiddev': 'd38c1487', 'Commanduuid': '00004652-08c2-11e1-9073-0e8ac72e0011', 'Datauuid': '00004652-08c2-11e1-9073-0e8ac72e0013', 'ResponseUUID': '00004652-08c2-11e1-9073-0e8ac72e0012'}, 'unixtime': {'adddays': 0, 'addhours': 1, 'addsecs': 30}, 'allurewiget': {'Device': 'Deity Ring', 'DevVersion': 'FW v0xFF.2.11', 'FirmwareURL': 'https://drive.google.com/file/d/1VftYP92ntZ5uynnjqGla0O9qDrT7XeXj/view?usp=sharing'}, 'sleep': {'begin': '2022-12-12 23:00', 'totalsleep': 360}, 'walking': {'begin': '2022-12-13 10:00', 'totalwalking': 90}, 'running': {'begin': '2022-12-13 11:00', 'totalrunning': 90}}
2023-01-05 14:24:56 [DEBUG  ][ln-548]: ======================================== Star to run: <TestAPI> ========================================
2023-01-05 14:24:56 [DEBUG  ][ln-554]: ======================================== Star to run: <test_beacon_func> ========================================
2023-01-05 14:25:02 [INFO   ][ln-167]: ##################################################################

2023-01-05 14:25:02 [INFO   ][ln-168]: #  Test case : ( BLE beacon scan via Android Phone (HomePass App)  #)

2023-01-05 14:25:02 [INFO   ][ln-169]: ##################################################################)

2023-01-05 14:25:02 [INFO   ][ln-170]: ##################################################################
2023-01-05 14:25:55 [DEBUG  ][ln-84 ]: Lanch the HomePass APP successfully.
2023-01-05 14:26:25 [DEBUG  ][ln-557]: teardown_method
2023-01-05 14:26:25 [DEBUG  ][ln-551]: teardown_class
2023-01-05 14:29:10 [INFO   ][ln-47 ]: Start to load config file
2023-01-05 14:29:10 [DEBUG  ][ln-49 ]: config.ini: {'dut': {'ip': 'staging-rest.pwb.plume-dev.com'}, 'userinfo': {'usrid': 'zhicheng+4@plume.com', 'pwd': 'plume1234', 'devuserid': '6270462c9c997f0009538d15', 'devid': '60B4F7F5003B', 'mac': '60:B4:F7:F5:00:3B', 'androiddev': 'd38c1487', 'Commanduuid': '00004652-08c2-11e1-9073-0e8ac72e0011', 'Datauuid': '00004652-08c2-11e1-9073-0e8ac72e0013', 'ResponseUUID': '00004652-08c2-11e1-9073-0e8ac72e0012'}, 'unixtime': {'adddays': 0, 'addhours': 1, 'addsecs': 30}, 'allurewiget': {'Device': 'Deity Ring', 'DevVersion': 'FW v0xFF.2.11', 'FirmwareURL': 'https://drive.google.com/file/d/1VftYP92ntZ5uynnjqGla0O9qDrT7XeXj/view?usp=sharing'}, 'sleep': {'begin': '2022-12-12 23:00', 'totalsleep': 360}, 'walking': {'begin': '2022-12-13 10:00', 'totalwalking': 90}, 'running': {'begin': '2022-12-13 11:00', 'totalrunning': 90}}
2023-01-05 14:29:10 [DEBUG  ][ln-548]: ======================================== Star to run: <TestAPI> ========================================
2023-01-05 14:29:10 [DEBUG  ][ln-554]: ======================================== Star to run: <test_beacon_func> ========================================
2023-01-05 14:29:16 [INFO   ][ln-168]: ##################################################################

2023-01-05 14:29:16 [INFO   ][ln-169]: #  Test case : ( BLE beacon scan via Android Phone (HomePass App)  #)

2023-01-05 14:29:16 [INFO   ][ln-170]: ##################################################################)

2023-01-05 14:29:16 [INFO   ][ln-171]: ##################################################################
2023-01-05 14:30:11 [DEBUG  ][ln-84 ]: Lanch the HomePass APP successfully.
2023-01-05 14:30:41 [DEBUG  ][ln-557]: teardown_method
2023-01-05 14:30:41 [DEBUG  ][ln-551]: teardown_class
2023-01-05 14:36:47 [INFO   ][ln-47 ]: Start to load config file
2023-01-05 14:36:47 [DEBUG  ][ln-49 ]: config.ini: {'dut': {'ip': 'staging-rest.pwb.plume-dev.com'}, 'userinfo': {'usrid': 'zhicheng+4@plume.com', 'pwd': 'plume1234', 'devuserid': '6270462c9c997f0009538d15', 'devid': '60B4F7F5003B', 'mac': '60:B4:F7:F5:00:3B', 'androiddev': 'd38c1487', 'Commanduuid': '00004652-08c2-11e1-9073-0e8ac72e0011', 'Datauuid': '00004652-08c2-11e1-9073-0e8ac72e0013', 'ResponseUUID': '00004652-08c2-11e1-9073-0e8ac72e0012'}, 'unixtime': {'adddays': 0, 'addhours': 1, 'addsecs': 30}, 'allurewiget': {'Device': 'Deity Ring', 'DevVersion': 'FW v0xFF.2.11', 'FirmwareURL': 'https://drive.google.com/file/d/1VftYP92ntZ5uynnjqGla0O9qDrT7XeXj/view?usp=sharing'}, 'sleep': {'begin': '2022-12-12 23:00', 'totalsleep': 360}, 'walking': {'begin': '2022-12-13 10:00', 'totalwalking': 90}, 'running': {'begin': '2022-12-13 11:00', 'totalrunning': 90}}
2023-01-05 14:36:47 [DEBUG  ][ln-548]: ======================================== Star to run: <TestAPI> ========================================
2023-01-05 14:36:47 [DEBUG  ][ln-554]: ======================================== Star to run: <test_beacon_func> ========================================
2023-01-05 14:36:53 [INFO   ][ln-169]: ##################################################################

2023-01-05 14:36:53 [INFO   ][ln-170]: #  Test case : ( BLE beacon scan via Android Phone (HomePass App)  #)

2023-01-05 14:36:53 [INFO   ][ln-171]: ##################################################################)

2023-01-05 14:36:53 [INFO   ][ln-172]: ##################################################################
2023-01-05 14:37:48 [DEBUG  ][ln-84 ]: Lanch the HomePass APP successfully.
2023-01-05 14:38:18 [DEBUG  ][ln-557]: teardown_method
2023-01-05 14:38:18 [DEBUG  ][ln-551]: teardown_class
2023-01-05 14:38:53 [INFO   ][ln-47 ]: Start to load config file
2023-01-05 14:38:53 [DEBUG  ][ln-49 ]: config.ini: {'dut': {'ip': 'staging-rest.pwb.plume-dev.com'}, 'userinfo': {'usrid': 'zhicheng+4@plume.com', 'pwd': 'plume1234', 'devuserid': '6270462c9c997f0009538d15', 'devid': '60B4F7F5003B', 'mac': '60:B4:F7:F5:00:3B', 'androiddev': 'd38c1487', 'Commanduuid': '00004652-08c2-11e1-9073-0e8ac72e0011', 'Datauuid': '00004652-08c2-11e1-9073-0e8ac72e0013', 'ResponseUUID': '00004652-08c2-11e1-9073-0e8ac72e0012'}, 'unixtime': {'adddays': 0, 'addhours': 1, 'addsecs': 30}, 'allurewiget': {'Device': 'Deity Ring', 'DevVersion': 'FW v0xFF.2.11', 'FirmwareURL': 'https://drive.google.com/file/d/1VftYP92ntZ5uynnjqGla0O9qDrT7XeXj/view?usp=sharing'}, 'sleep': {'begin': '2022-12-12 23:00', 'totalsleep': 360}, 'walking': {'begin': '2022-12-13 10:00', 'totalwalking': 90}, 'running': {'begin': '2022-12-13 11:00', 'totalrunning': 90}}
2023-01-05 14:38:53 [DEBUG  ][ln-548]: ======================================== Star to run: <TestAPI> ========================================
2023-01-05 14:38:53 [DEBUG  ][ln-554]: ======================================== Star to run: <test_beacon_func> ========================================
2023-01-05 14:38:59 [INFO   ][ln-169]: ##################################################################

2023-01-05 14:38:59 [INFO   ][ln-170]: #  Test case : ( BLE beacon scan via Android Phone (HomePass App)  #)

2023-01-05 14:38:59 [INFO   ][ln-171]: ##################################################################)

2023-01-05 14:38:59 [INFO   ][ln-172]: ##################################################################
2023-01-05 14:39:55 [DEBUG  ][ln-84 ]: Lanch the HomePass APP successfully.
2023-01-05 14:40:32 [INFO   ][ln-213]: Done
2023-01-05 14:40:32 [DEBUG  ][ln-557]: teardown_method
2023-01-05 14:40:32 [DEBUG  ][ln-551]: teardown_class
2023-01-05 14:46:54 [INFO   ][ln-47 ]: Start to load config file
2023-01-05 14:46:54 [DEBUG  ][ln-49 ]: config.ini: {'dut': {'ip': 'staging-rest.pwb.plume-dev.com'}, 'userinfo': {'usrid': 'zhicheng+4@plume.com', 'pwd': 'plume1234', 'devuserid': '6270462c9c997f0009538d15', 'devid': '60B4F7F5003B', 'mac': '60:B4:F7:F5:00:3B', 'androiddev': 'd38c1487', 'Commanduuid': '00004652-08c2-11e1-9073-0e8ac72e0011', 'Datauuid': '00004652-08c2-11e1-9073-0e8ac72e0013', 'ResponseUUID': '00004652-08c2-11e1-9073-0e8ac72e0012'}, 'unixtime': {'adddays': 0, 'addhours': 1, 'addsecs': 30}, 'allurewiget': {'Device': 'Deity Ring', 'DevVersion': 'FW v0xFF.2.11', 'FirmwareURL': 'https://drive.google.com/file/d/1VftYP92ntZ5uynnjqGla0O9qDrT7XeXj/view?usp=sharing'}, 'sleep': {'begin': '2022-12-12 23:00', 'totalsleep': 360}, 'walking': {'begin': '2022-12-13 10:00', 'totalwalking': 90}, 'running': {'begin': '2022-12-13 11:00', 'totalrunning': 90}}
2023-01-05 14:46:54 [DEBUG  ][ln-548]: ======================================== Star to run: <TestAPI> ========================================
2023-01-05 14:46:54 [DEBUG  ][ln-554]: ======================================== Star to run: <test_beacon_func> ========================================
2023-01-05 14:47:00 [INFO   ][ln-178]: ##################################################################

2023-01-05 14:47:00 [INFO   ][ln-179]: #  Test case : ( BLE beacon scan via Android Phone (HomePass App)  #)

2023-01-05 14:47:00 [INFO   ][ln-180]: ##################################################################)

2023-01-05 14:47:00 [INFO   ][ln-181]: ##################################################################
2023-01-05 14:47:53 [DEBUG  ][ln-84 ]: Lanch the HomePass APP successfully.
2023-01-05 14:48:26 [DEBUG  ][ln-94 ]: Go to Manu & Settines successfully
2023-01-05 14:48:33 [DEBUG  ][ln-104]: Click Add Plume Ring button successfully
2023-01-05 14:48:38 [INFO   ][ln-222]: Done
2023-01-05 14:48:38 [DEBUG  ][ln-557]: teardown_method
2023-01-05 14:48:38 [DEBUG  ][ln-551]: teardown_class
2023-01-05 14:53:55 [INFO   ][ln-47 ]: Start to load config file
2023-01-05 14:53:55 [DEBUG  ][ln-49 ]: config.ini: {'dut': {'ip': 'staging-rest.pwb.plume-dev.com'}, 'userinfo': {'usrid': 'zhicheng+4@plume.com', 'pwd': 'plume1234', 'devuserid': '6270462c9c997f0009538d15', 'devid': '60B4F7F5003B', 'mac': '60:B4:F7:F5:00:3B', 'androiddev': 'd38c1487', 'Commanduuid': '00004652-08c2-11e1-9073-0e8ac72e0011', 'Datauuid': '00004652-08c2-11e1-9073-0e8ac72e0013', 'ResponseUUID': '00004652-08c2-11e1-9073-0e8ac72e0012'}, 'unixtime': {'adddays': 0, 'addhours': 1, 'addsecs': 30}, 'allurewiget': {'Device': 'Deity Ring', 'DevVersion': 'FW v0xFF.2.11', 'FirmwareURL': 'https://drive.google.com/file/d/1VftYP92ntZ5uynnjqGla0O9qDrT7XeXj/view?usp=sharing'}, 'sleep': {'begin': '2022-12-12 23:00', 'totalsleep': 360}, 'walking': {'begin': '2022-12-13 10:00', 'totalwalking': 90}, 'running': {'begin': '2022-12-13 11:00', 'totalrunning': 90}}
2023-01-05 14:53:55 [DEBUG  ][ln-548]: ======================================== Star to run: <TestAPI> ========================================
2023-01-05 14:53:55 [DEBUG  ][ln-554]: ======================================== Star to run: <test_beacon_func> ========================================
2023-01-05 14:54:01 [INFO   ][ln-185]: ##################################################################

2023-01-05 14:54:01 [INFO   ][ln-186]: #  Test case : ( BLE beacon scan via Android Phone (HomePass App)  #)

2023-01-05 14:54:01 [INFO   ][ln-187]: ##################################################################)

2023-01-05 14:54:01 [INFO   ][ln-188]: ##################################################################
2023-01-05 14:54:56 [DEBUG  ][ln-84 ]: Lanch the HomePass APP successfully.
2023-01-05 14:55:29 [DEBUG  ][ln-94 ]: Go to Manu & Settines successfully
2023-01-05 14:55:36 [DEBUG  ][ln-104]: Click Add Plume Ring button successfully
2023-01-05 14:55:41 [INFO   ][ln-229]: Done
2023-01-05 14:55:41 [DEBUG  ][ln-557]: teardown_method
2023-01-05 14:55:41 [DEBUG  ][ln-551]: teardown_class
2023-01-05 14:59:50 [INFO   ][ln-47 ]: Start to load config file
2023-01-05 14:59:50 [DEBUG  ][ln-49 ]: config.ini: {'dut': {'ip': 'staging-rest.pwb.plume-dev.com'}, 'userinfo': {'usrid': 'zhicheng+4@plume.com', 'pwd': 'plume1234', 'devuserid': '6270462c9c997f0009538d15', 'devid': '60B4F7F5003B', 'mac': '60:B4:F7:F5:00:3B', 'androiddev': 'd38c1487', 'Commanduuid': '00004652-08c2-11e1-9073-0e8ac72e0011', 'Datauuid': '00004652-08c2-11e1-9073-0e8ac72e0013', 'ResponseUUID': '00004652-08c2-11e1-9073-0e8ac72e0012'}, 'unixtime': {'adddays': 0, 'addhours': 1, 'addsecs': 30}, 'allurewiget': {'Device': 'Deity Ring', 'DevVersion': 'FW v0xFF.2.11', 'FirmwareURL': 'https://drive.google.com/file/d/1VftYP92ntZ5uynnjqGla0O9qDrT7XeXj/view?usp=sharing'}, 'sleep': {'begin': '2022-12-12 23:00', 'totalsleep': 360}, 'walking': {'begin': '2022-12-13 10:00', 'totalwalking': 90}, 'running': {'begin': '2022-12-13 11:00', 'totalrunning': 90}}
2023-01-05 14:59:50 [DEBUG  ][ln-548]: ======================================== Star to run: <TestAPI> ========================================
2023-01-05 14:59:50 [DEBUG  ][ln-554]: ======================================== Star to run: <test_beacon_func> ========================================
2023-01-05 14:59:56 [INFO   ][ln-185]: ##################################################################

2023-01-05 14:59:56 [INFO   ][ln-186]: #  Test case : ( BLE beacon scan via Android Phone (HomePass App)  #)

2023-01-05 14:59:56 [INFO   ][ln-187]: ##################################################################)

2023-01-05 14:59:56 [INFO   ][ln-188]: ##################################################################
2023-01-05 15:00:51 [DEBUG  ][ln-84 ]: Lanch the HomePass APP successfully.
2023-01-05 15:01:24 [DEBUG  ][ln-94 ]: Go to Manu & Settines successfully
2023-01-05 15:01:31 [DEBUG  ][ln-104]: Click Add Plume Ring button successfully
2023-01-05 15:01:36 [INFO   ][ln-229]: Done
2023-01-05 15:01:36 [DEBUG  ][ln-557]: teardown_method
2023-01-05 15:01:36 [DEBUG  ][ln-551]: teardown_class
2023-01-05 15:06:37 [INFO   ][ln-47 ]: Start to load config file
2023-01-05 15:06:37 [DEBUG  ][ln-49 ]: config.ini: {'dut': {'ip': 'staging-rest.pwb.plume-dev.com'}, 'userinfo': {'usrid': 'zhicheng+4@plume.com', 'pwd': 'plume1234', 'devuserid': '6270462c9c997f0009538d15', 'devid': '60B4F7F5003B', 'mac': '60:B4:F7:F5:00:3B', 'androiddev': 'd38c1487', 'Commanduuid': '00004652-08c2-11e1-9073-0e8ac72e0011', 'Datauuid': '00004652-08c2-11e1-9073-0e8ac72e0013', 'ResponseUUID': '00004652-08c2-11e1-9073-0e8ac72e0012'}, 'unixtime': {'adddays': 0, 'addhours': 1, 'addsecs': 30}, 'allurewiget': {'Device': 'Deity Ring', 'DevVersion': 'FW v0xFF.2.11', 'FirmwareURL': 'https://drive.google.com/file/d/1VftYP92ntZ5uynnjqGla0O9qDrT7XeXj/view?usp=sharing'}, 'sleep': {'begin': '2022-12-12 23:00', 'totalsleep': 360}, 'walking': {'begin': '2022-12-13 10:00', 'totalwalking': 90}, 'running': {'begin': '2022-12-13 11:00', 'totalrunning': 90}}
2023-01-05 15:06:37 [DEBUG  ][ln-548]: ======================================== Star to run: <TestAPI> ========================================
2023-01-05 15:06:37 [DEBUG  ][ln-554]: ======================================== Star to run: <test_beacon_func> ========================================
2023-01-05 15:06:43 [INFO   ][ln-185]: ##################################################################

2023-01-05 15:06:43 [INFO   ][ln-186]: #  Test case : ( BLE beacon scan via Android Phone (HomePass App)  #)

2023-01-05 15:06:43 [INFO   ][ln-187]: ##################################################################)

2023-01-05 15:06:43 [INFO   ][ln-188]: ##################################################################
2023-01-05 15:07:38 [DEBUG  ][ln-84 ]: Lanch the HomePass APP successfully.
2023-01-05 15:08:11 [DEBUG  ][ln-94 ]: Go to Manu & Settines successfully
2023-01-05 15:08:18 [DEBUG  ][ln-104]: Click Add Plume Ring button successfully
2023-01-05 15:08:18 [DEBUG  ][ln-110]: Failed to click Accept button!
2023-01-05 15:08:23 [INFO   ][ln-229]: Done
2023-01-05 15:08:23 [DEBUG  ][ln-557]: teardown_method
2023-01-05 15:08:23 [DEBUG  ][ln-551]: teardown_class
2023-01-05 15:09:05 [INFO   ][ln-47 ]: Start to load config file
2023-01-05 15:09:05 [DEBUG  ][ln-49 ]: config.ini: {'dut': {'ip': 'staging-rest.pwb.plume-dev.com'}, 'userinfo': {'usrid': 'zhicheng+4@plume.com', 'pwd': 'plume1234', 'devuserid': '6270462c9c997f0009538d15', 'devid': '60B4F7F5003B', 'mac': '60:B4:F7:F5:00:3B', 'androiddev': 'd38c1487', 'Commanduuid': '00004652-08c2-11e1-9073-0e8ac72e0011', 'Datauuid': '00004652-08c2-11e1-9073-0e8ac72e0013', 'ResponseUUID': '00004652-08c2-11e1-9073-0e8ac72e0012'}, 'unixtime': {'adddays': 0, 'addhours': 1, 'addsecs': 30}, 'allurewiget': {'Device': 'Deity Ring', 'DevVersion': 'FW v0xFF.2.11', 'FirmwareURL': 'https://drive.google.com/file/d/1VftYP92ntZ5uynnjqGla0O9qDrT7XeXj/view?usp=sharing'}, 'sleep': {'begin': '2022-12-12 23:00', 'totalsleep': 360}, 'walking': {'begin': '2022-12-13 10:00', 'totalwalking': 90}, 'running': {'begin': '2022-12-13 11:00', 'totalrunning': 90}}
2023-01-05 15:09:05 [DEBUG  ][ln-548]: ======================================== Star to run: <TestAPI> ========================================
2023-01-05 15:09:05 [DEBUG  ][ln-554]: ======================================== Star to run: <test_beacon_func> ========================================
2023-01-05 15:09:11 [INFO   ][ln-185]: ##################################################################

2023-01-05 15:09:11 [INFO   ][ln-186]: #  Test case : ( BLE beacon scan via Android Phone (HomePass App)  #)

2023-01-05 15:09:11 [INFO   ][ln-187]: ##################################################################)

2023-01-05 15:09:11 [INFO   ][ln-188]: ##################################################################
2023-01-05 15:09:57 [DEBUG  ][ln-84 ]: Lanch the HomePass APP successfully.
2023-01-05 15:10:30 [DEBUG  ][ln-94 ]: Go to Manu & Settines successfully
2023-01-05 15:10:38 [DEBUG  ][ln-104]: Click Add Plume Ring button successfully
2023-01-05 15:10:38 [DEBUG  ][ln-110]: Failed to click Accept button!
2023-01-05 15:10:43 [INFO   ][ln-229]: Done
2023-01-05 15:10:43 [DEBUG  ][ln-557]: teardown_method
2023-01-05 15:10:43 [DEBUG  ][ln-551]: teardown_class
2023-01-05 15:11:55 [INFO   ][ln-47 ]: Start to load config file
2023-01-05 15:11:55 [DEBUG  ][ln-49 ]: config.ini: {'dut': {'ip': 'staging-rest.pwb.plume-dev.com'}, 'userinfo': {'usrid': 'zhicheng+4@plume.com', 'pwd': 'plume1234', 'devuserid': '6270462c9c997f0009538d15', 'devid': '60B4F7F5003B', 'mac': '60:B4:F7:F5:00:3B', 'androiddev': 'd38c1487', 'Commanduuid': '00004652-08c2-11e1-9073-0e8ac72e0011', 'Datauuid': '00004652-08c2-11e1-9073-0e8ac72e0013', 'ResponseUUID': '00004652-08c2-11e1-9073-0e8ac72e0012'}, 'unixtime': {'adddays': 0, 'addhours': 1, 'addsecs': 30}, 'allurewiget': {'Device': 'Deity Ring', 'DevVersion': 'FW v0xFF.2.11', 'FirmwareURL': 'https://drive.google.com/file/d/1VftYP92ntZ5uynnjqGla0O9qDrT7XeXj/view?usp=sharing'}, 'sleep': {'begin': '2022-12-12 23:00', 'totalsleep': 360}, 'walking': {'begin': '2022-12-13 10:00', 'totalwalking': 90}, 'running': {'begin': '2022-12-13 11:00', 'totalrunning': 90}}
2023-01-05 15:11:55 [DEBUG  ][ln-548]: ======================================== Star to run: <TestAPI> ========================================
2023-01-05 15:11:55 [DEBUG  ][ln-554]: ======================================== Star to run: <test_beacon_func> ========================================
2023-01-05 15:12:01 [INFO   ][ln-186]: ##################################################################

2023-01-05 15:12:01 [INFO   ][ln-187]: #  Test case : ( BLE beacon scan via Android Phone (HomePass App)  #)

2023-01-05 15:12:01 [INFO   ][ln-188]: ##################################################################)

2023-01-05 15:12:01 [INFO   ][ln-189]: ##################################################################
2023-01-05 15:12:53 [DEBUG  ][ln-84 ]: Lanch the HomePass APP successfully.
2023-01-05 15:13:26 [DEBUG  ][ln-94 ]: Go to Manu & Settines successfully
2023-01-05 15:13:34 [DEBUG  ][ln-104]: Click Add Plume Ring button successfully
2023-01-05 15:13:37 [DEBUG  ][ln-108]: Click Accept button successfully
2023-01-05 15:13:42 [INFO   ][ln-230]: Done
2023-01-05 15:13:42 [DEBUG  ][ln-557]: teardown_method
2023-01-05 15:13:42 [DEBUG  ][ln-551]: teardown_class
2023-01-05 15:26:12 [INFO   ][ln-47 ]: Start to load config file
2023-01-05 15:26:12 [DEBUG  ][ln-49 ]: config.ini: {'dut': {'ip': 'staging-rest.pwb.plume-dev.com'}, 'userinfo': {'usrid': 'zhicheng+4@plume.com', 'pwd': 'plume1234', 'devuserid': '6270462c9c997f0009538d15', 'devid': '60B4F7F5003B', 'mac': '60:B4:F7:F5:00:3B', 'androiddev': 'd38c1487', 'Commanduuid': '00004652-08c2-11e1-9073-0e8ac72e0011', 'Datauuid': '00004652-08c2-11e1-9073-0e8ac72e0013', 'ResponseUUID': '00004652-08c2-11e1-9073-0e8ac72e0012'}, 'unixtime': {'adddays': 0, 'addhours': 1, 'addsecs': 30}, 'allurewiget': {'Device': 'Deity Ring', 'DevVersion': 'FW v0xFF.2.11', 'FirmwareURL': 'https://drive.google.com/file/d/1VftYP92ntZ5uynnjqGla0O9qDrT7XeXj/view?usp=sharing'}, 'sleep': {'begin': '2022-12-12 23:00', 'totalsleep': 360}, 'walking': {'begin': '2022-12-13 10:00', 'totalwalking': 90}, 'running': {'begin': '2022-12-13 11:00', 'totalrunning': 90}}
2023-01-05 15:26:12 [DEBUG  ][ln-548]: ======================================== Star to run: <TestAPI> ========================================
2023-01-05 15:26:12 [DEBUG  ][ln-554]: ======================================== Star to run: <test_beacon_func> ========================================
2023-01-05 15:26:18 [INFO   ][ln-194]: ##################################################################

2023-01-05 15:26:18 [INFO   ][ln-195]: #  Test case : ( BLE beacon scan via Android Phone (HomePass App)  #)

2023-01-05 15:26:18 [INFO   ][ln-196]: ##################################################################)

2023-01-05 15:26:18 [INFO   ][ln-197]: ##################################################################
2023-01-05 15:27:10 [DEBUG  ][ln-84 ]: Lanch the HomePass APP successfully.
2023-01-05 15:27:43 [DEBUG  ][ln-94 ]: Go to Manu & Settines successfully
2023-01-05 15:27:50 [DEBUG  ][ln-104]: Click Add Plume Ring button successfully
2023-01-05 15:27:54 [DEBUG  ][ln-108]: Click first Accept button successfully
2023-01-05 15:27:57 [DEBUG  ][ln-112]: Click second Accept button successfully
2023-01-05 15:28:02 [INFO   ][ln-238]: Done
2023-01-05 15:28:02 [DEBUG  ][ln-557]: teardown_method
2023-01-05 15:28:02 [DEBUG  ][ln-551]: teardown_class
2023-01-05 15:38:55 [INFO   ][ln-47 ]: Start to load config file
2023-01-05 15:38:55 [DEBUG  ][ln-49 ]: config.ini: {'dut': {'ip': 'staging-rest.pwb.plume-dev.com'}, 'userinfo': {'usrid': 'zhicheng+4@plume.com', 'pwd': 'plume1234', 'devuserid': '6270462c9c997f0009538d15', 'devid': '60B4F7F5003B', 'mac': '60:B4:F7:F5:00:3B', 'androiddev': 'd38c1487', 'Commanduuid': '00004652-08c2-11e1-9073-0e8ac72e0011', 'Datauuid': '00004652-08c2-11e1-9073-0e8ac72e0013', 'ResponseUUID': '00004652-08c2-11e1-9073-0e8ac72e0012'}, 'unixtime': {'adddays': 0, 'addhours': 1, 'addsecs': 30}, 'allurewiget': {'Device': 'Deity Ring', 'DevVersion': 'FW v0xFF.2.11', 'FirmwareURL': 'https://drive.google.com/file/d/1VftYP92ntZ5uynnjqGla0O9qDrT7XeXj/view?usp=sharing'}, 'sleep': {'begin': '2022-12-12 23:00', 'totalsleep': 360}, 'walking': {'begin': '2022-12-13 10:00', 'totalwalking': 90}, 'running': {'begin': '2022-12-13 11:00', 'totalrunning': 90}}
2023-01-05 15:38:55 [DEBUG  ][ln-548]: ======================================== Star to run: <TestAPI> ========================================
2023-01-05 15:38:55 [DEBUG  ][ln-554]: ======================================== Star to run: <test_beacon_func> ========================================
2023-01-05 15:39:01 [INFO   ][ln-199]: ##################################################################

2023-01-05 15:39:01 [INFO   ][ln-200]: #  Test case : ( BLE beacon scan via Android Phone (HomePass App)  #)

2023-01-05 15:39:01 [INFO   ][ln-201]: ##################################################################)

2023-01-05 15:39:01 [INFO   ][ln-202]: ##################################################################
2023-01-05 15:39:55 [DEBUG  ][ln-84 ]: Lanch the HomePass APP successfully.
2023-01-05 15:40:28 [DEBUG  ][ln-94 ]: Go to Manu & Settines successfully
2023-01-05 15:40:36 [DEBUG  ][ln-104]: Click Add Plume Ring button successfully
2023-01-05 15:40:39 [DEBUG  ][ln-108]: Click first Accept button successfully
2023-01-05 15:40:42 [DEBUG  ][ln-112]: Click second Accept button successfully
2023-01-05 15:40:55 [INFO   ][ln-245]: Done
2023-01-05 15:40:55 [DEBUG  ][ln-557]: teardown_method
2023-01-05 15:40:55 [DEBUG  ][ln-551]: teardown_class
2023-01-05 15:41:28 [INFO   ][ln-47 ]: Start to load config file
2023-01-05 15:41:28 [DEBUG  ][ln-49 ]: config.ini: {'dut': {'ip': 'staging-rest.pwb.plume-dev.com'}, 'userinfo': {'usrid': 'zhicheng+4@plume.com', 'pwd': 'plume1234', 'devuserid': '6270462c9c997f0009538d15', 'devid': '60B4F7F5003B', 'mac': '60:B4:F7:F5:00:3B', 'androiddev': 'd38c1487', 'Commanduuid': '00004652-08c2-11e1-9073-0e8ac72e0011', 'Datauuid': '00004652-08c2-11e1-9073-0e8ac72e0013', 'ResponseUUID': '00004652-08c2-11e1-9073-0e8ac72e0012'}, 'unixtime': {'adddays': 0, 'addhours': 1, 'addsecs': 30}, 'allurewiget': {'Device': 'Deity Ring', 'DevVersion': 'FW v0xFF.2.11', 'FirmwareURL': 'https://drive.google.com/file/d/1VftYP92ntZ5uynnjqGla0O9qDrT7XeXj/view?usp=sharing'}, 'sleep': {'begin': '2022-12-12 23:00', 'totalsleep': 360}, 'walking': {'begin': '2022-12-13 10:00', 'totalwalking': 90}, 'running': {'begin': '2022-12-13 11:00', 'totalrunning': 90}}
2023-01-05 15:41:28 [DEBUG  ][ln-548]: ======================================== Star to run: <TestAPI> ========================================
2023-01-05 15:41:28 [DEBUG  ][ln-554]: ======================================== Star to run: <test_beacon_func> ========================================
2023-01-05 15:41:34 [INFO   ][ln-199]: ##################################################################

2023-01-05 15:41:34 [INFO   ][ln-200]: #  Test case : ( BLE beacon scan via Android Phone (HomePass App)  #)

2023-01-05 15:41:34 [INFO   ][ln-201]: ##################################################################)

2023-01-05 15:41:34 [INFO   ][ln-202]: ##################################################################
2023-01-05 15:42:28 [DEBUG  ][ln-84 ]: Lanch the HomePass APP successfully.
2023-01-05 15:43:01 [DEBUG  ][ln-94 ]: Go to Manu & Settines successfully
2023-01-05 15:43:08 [DEBUG  ][ln-104]: Click Add Plume Ring button successfully
2023-01-05 15:43:12 [DEBUG  ][ln-108]: Click first Accept button successfully
2023-01-05 15:43:15 [DEBUG  ][ln-112]: Click second Accept button successfully
2023-01-05 15:43:27 [INFO   ][ln-245]: Done
2023-01-05 15:43:27 [DEBUG  ][ln-557]: teardown_method
2023-01-05 15:43:27 [DEBUG  ][ln-551]: teardown_class
2023-01-05 15:53:39 [INFO   ][ln-47 ]: Start to load config file
2023-01-05 15:53:39 [DEBUG  ][ln-49 ]: config.ini: {'dut': {'ip': 'staging-rest.pwb.plume-dev.com'}, 'userinfo': {'usrid': 'zhicheng+4@plume.com', 'pwd': 'plume1234', 'devuserid': '6270462c9c997f0009538d15', 'devid': '60B4F7F5003B', 'mac': '60:B4:F7:F5:00:3B', 'androiddev': 'd38c1487', 'Commanduuid': '00004652-08c2-11e1-9073-0e8ac72e0011', 'Datauuid': '00004652-08c2-11e1-9073-0e8ac72e0013', 'ResponseUUID': '00004652-08c2-11e1-9073-0e8ac72e0012'}, 'unixtime': {'adddays': 0, 'addhours': 1, 'addsecs': 30}, 'allurewiget': {'Device': 'Deity Ring', 'DevVersion': 'FW v0xFF.2.11', 'FirmwareURL': 'https://drive.google.com/file/d/1VftYP92ntZ5uynnjqGla0O9qDrT7XeXj/view?usp=sharing'}, 'sleep': {'begin': '2022-12-12 23:00', 'totalsleep': 360}, 'walking': {'begin': '2022-12-13 10:00', 'totalwalking': 90}, 'running': {'begin': '2022-12-13 11:00', 'totalrunning': 90}}
2023-01-05 15:53:39 [DEBUG  ][ln-548]: ======================================== Star to run: <TestAPI> ========================================
2023-01-05 15:53:39 [DEBUG  ][ln-554]: ======================================== Star to run: <test_beacon_func> ========================================
2023-01-05 15:53:45 [INFO   ][ln-209]: ##################################################################

2023-01-05 15:53:45 [INFO   ][ln-210]: #  Test case : ( BLE beacon scan via Android Phone (HomePass App)  #)

2023-01-05 15:53:45 [INFO   ][ln-211]: ##################################################################)

2023-01-05 15:53:45 [INFO   ][ln-212]: ##################################################################
2023-01-05 15:54:39 [DEBUG  ][ln-84 ]: Lanch the HomePass APP successfully.
2023-01-05 15:55:12 [DEBUG  ][ln-94 ]: Go to Manu & Settines successfully
2023-01-05 15:55:20 [DEBUG  ][ln-104]: Click Add Plume Ring button successfully
2023-01-05 15:55:23 [DEBUG  ][ln-108]: Click first Accept button successfully
2023-01-05 15:55:27 [DEBUG  ][ln-112]: Click second Accept button successfully
2023-01-05 15:55:56 [INFO   ][ln-256]: Done
2023-01-05 15:55:56 [DEBUG  ][ln-557]: teardown_method
2023-01-05 15:55:56 [DEBUG  ][ln-551]: teardown_class
2023-01-05 15:56:17 [INFO   ][ln-47 ]: Start to load config file
2023-01-05 15:56:17 [DEBUG  ][ln-49 ]: config.ini: {'dut': {'ip': 'staging-rest.pwb.plume-dev.com'}, 'userinfo': {'usrid': 'zhicheng+4@plume.com', 'pwd': 'plume1234', 'devuserid': '6270462c9c997f0009538d15', 'devid': '60B4F7F5003B', 'mac': '60:B4:F7:F5:00:3B', 'androiddev': 'd38c1487', 'Commanduuid': '00004652-08c2-11e1-9073-0e8ac72e0011', 'Datauuid': '00004652-08c2-11e1-9073-0e8ac72e0013', 'ResponseUUID': '00004652-08c2-11e1-9073-0e8ac72e0012'}, 'unixtime': {'adddays': 0, 'addhours': 1, 'addsecs': 30}, 'allurewiget': {'Device': 'Deity Ring', 'DevVersion': 'FW v0xFF.2.11', 'FirmwareURL': 'https://drive.google.com/file/d/1VftYP92ntZ5uynnjqGla0O9qDrT7XeXj/view?usp=sharing'}, 'sleep': {'begin': '2022-12-12 23:00', 'totalsleep': 360}, 'walking': {'begin': '2022-12-13 10:00', 'totalwalking': 90}, 'running': {'begin': '2022-12-13 11:00', 'totalrunning': 90}}
2023-01-05 15:56:17 [DEBUG  ][ln-548]: ======================================== Star to run: <TestAPI> ========================================
2023-01-05 15:56:17 [DEBUG  ][ln-554]: ======================================== Star to run: <test_beacon_func> ========================================
2023-01-05 15:56:23 [INFO   ][ln-209]: ##################################################################

2023-01-05 15:56:23 [INFO   ][ln-210]: #  Test case : ( BLE beacon scan via Android Phone (HomePass App)  #)

2023-01-05 15:56:23 [INFO   ][ln-211]: ##################################################################)

2023-01-05 15:56:23 [INFO   ][ln-212]: ##################################################################
2023-01-05 15:57:20 [DEBUG  ][ln-84 ]: Lanch the HomePass APP successfully.
2023-01-05 15:57:53 [DEBUG  ][ln-94 ]: Go to Manu & Settines successfully
2023-01-05 15:58:00 [DEBUG  ][ln-104]: Click Add Plume Ring button successfully
2023-01-05 15:58:03 [DEBUG  ][ln-108]: Click first Accept button successfully
2023-01-05 15:58:07 [DEBUG  ][ln-112]: Click second Accept button successfully
2023-01-05 15:58:41 [INFO   ][ln-256]: Done
2023-01-05 15:58:41 [DEBUG  ][ln-557]: teardown_method
2023-01-05 15:58:41 [DEBUG  ][ln-551]: teardown_class
2023-01-05 16:00:50 [INFO   ][ln-47 ]: Start to load config file
2023-01-05 16:00:50 [DEBUG  ][ln-49 ]: config.ini: {'dut': {'ip': 'staging-rest.pwb.plume-dev.com'}, 'userinfo': {'usrid': 'zhicheng+4@plume.com', 'pwd': 'plume1234', 'devuserid': '6270462c9c997f0009538d15', 'devid': '60B4F7F5003B', 'mac': '60:B4:F7:F5:00:3B', 'androiddev': 'd38c1487', 'Commanduuid': '00004652-08c2-11e1-9073-0e8ac72e0011', 'Datauuid': '00004652-08c2-11e1-9073-0e8ac72e0013', 'ResponseUUID': '00004652-08c2-11e1-9073-0e8ac72e0012'}, 'unixtime': {'adddays': 0, 'addhours': 1, 'addsecs': 30}, 'allurewiget': {'Device': 'Deity Ring', 'DevVersion': 'FW v0xFF.2.11', 'FirmwareURL': 'https://drive.google.com/file/d/1VftYP92ntZ5uynnjqGla0O9qDrT7XeXj/view?usp=sharing'}, 'sleep': {'begin': '2022-12-12 23:00', 'totalsleep': 360}, 'walking': {'begin': '2022-12-13 10:00', 'totalwalking': 90}, 'running': {'begin': '2022-12-13 11:00', 'totalrunning': 90}}
2023-01-05 16:00:50 [DEBUG  ][ln-548]: ======================================== Star to run: <TestAPI> ========================================
2023-01-05 16:00:50 [DEBUG  ][ln-554]: ======================================== Star to run: <test_beacon_func> ========================================
2023-01-05 16:00:56 [INFO   ][ln-209]: ##################################################################

2023-01-05 16:00:56 [INFO   ][ln-210]: #  Test case : ( BLE beacon scan via Android Phone (HomePass App)  #)

2023-01-05 16:00:56 [INFO   ][ln-211]: ##################################################################)

2023-01-05 16:00:56 [INFO   ][ln-212]: ##################################################################
2023-01-05 16:01:51 [DEBUG  ][ln-84 ]: Lanch the HomePass APP successfully.
2023-01-05 16:02:24 [DEBUG  ][ln-94 ]: Go to Manu & Settines successfully
2023-01-05 16:02:31 [DEBUG  ][ln-104]: Click Add Plume Ring button successfully
2023-01-05 16:02:34 [DEBUG  ][ln-108]: Click first Accept button successfully
2023-01-05 16:02:37 [DEBUG  ][ln-112]: Click second Accept button successfully
2023-01-05 16:03:12 [INFO   ][ln-256]: Done
2023-01-05 16:03:12 [DEBUG  ][ln-557]: teardown_method
2023-01-05 16:03:12 [DEBUG  ][ln-551]: teardown_class
2023-01-05 16:17:15 [INFO   ][ln-47 ]: Start to load config file
2023-01-05 16:17:15 [DEBUG  ][ln-49 ]: config.ini: {'dut': {'ip': 'staging-rest.pwb.plume-dev.com'}, 'userinfo': {'usrid': 'zhicheng+4@plume.com', 'pwd': 'plume1234', 'devuserid': '6270462c9c997f0009538d15', 'devid': '60B4F7F5003B', 'mac': '60:B4:F7:F5:00:3B', 'androiddev': 'd38c1487', 'Commanduuid': '00004652-08c2-11e1-9073-0e8ac72e0011', 'Datauuid': '00004652-08c2-11e1-9073-0e8ac72e0013', 'ResponseUUID': '00004652-08c2-11e1-9073-0e8ac72e0012'}, 'unixtime': {'adddays': 0, 'addhours': 1, 'addsecs': 30}, 'allurewiget': {'Device': 'Deity Ring', 'DevVersion': 'FW v0xFF.2.11', 'FirmwareURL': 'https://drive.google.com/file/d/1VftYP92ntZ5uynnjqGla0O9qDrT7XeXj/view?usp=sharing'}, 'sleep': {'begin': '2022-12-12 23:00', 'totalsleep': 360}, 'walking': {'begin': '2022-12-13 10:00', 'totalwalking': 90}, 'running': {'begin': '2022-12-13 11:00', 'totalrunning': 90}}
2023-01-05 16:17:15 [DEBUG  ][ln-548]: ======================================== Star to run: <TestAPI> ========================================
2023-01-05 16:17:15 [DEBUG  ][ln-554]: ======================================== Star to run: <test_beacon_func> ========================================
2023-01-05 16:17:21 [INFO   ][ln-212]: ##################################################################

2023-01-05 16:17:21 [INFO   ][ln-213]: #  Test case : ( BLE beacon scan via Android Phone (HomePass App)  #)

2023-01-05 16:17:21 [INFO   ][ln-214]: ##################################################################)

2023-01-05 16:17:21 [INFO   ][ln-215]: ##################################################################
2023-01-05 16:18:16 [DEBUG  ][ln-84 ]: Lanch the HomePass APP successfully.
2023-01-05 16:18:49 [DEBUG  ][ln-94 ]: Go to Manu & Settines successfully
2023-01-05 16:18:56 [DEBUG  ][ln-104]: Click Add Plume Ring button successfully
2023-01-05 16:19:00 [DEBUG  ][ln-108]: Click first Accept button successfully
2023-01-05 16:19:03 [DEBUG  ][ln-112]: Click second Accept button successfully
2023-01-05 16:19:38 [INFO   ][ln-259]: Done
2023-01-05 16:19:38 [DEBUG  ][ln-557]: teardown_method
2023-01-05 16:19:38 [DEBUG  ][ln-551]: teardown_class
2023-01-05 16:21:58 [INFO   ][ln-47 ]: Start to load config file
2023-01-05 16:21:58 [DEBUG  ][ln-49 ]: config.ini: {'dut': {'ip': 'staging-rest.pwb.plume-dev.com'}, 'userinfo': {'usrid': 'zhicheng+4@plume.com', 'pwd': 'plume1234', 'devuserid': '6270462c9c997f0009538d15', 'devid': '60B4F7F5003B', 'mac': '60:B4:F7:F5:00:3B', 'androiddev': 'd38c1487', 'Commanduuid': '00004652-08c2-11e1-9073-0e8ac72e0011', 'Datauuid': '00004652-08c2-11e1-9073-0e8ac72e0013', 'ResponseUUID': '00004652-08c2-11e1-9073-0e8ac72e0012'}, 'unixtime': {'adddays': 0, 'addhours': 1, 'addsecs': 30}, 'allurewiget': {'Device': 'Deity Ring', 'DevVersion': 'FW v0xFF.2.11', 'FirmwareURL': 'https://drive.google.com/file/d/1VftYP92ntZ5uynnjqGla0O9qDrT7XeXj/view?usp=sharing'}, 'sleep': {'begin': '2022-12-12 23:00', 'totalsleep': 360}, 'walking': {'begin': '2022-12-13 10:00', 'totalwalking': 90}, 'running': {'begin': '2022-12-13 11:00', 'totalrunning': 90}}
2023-01-05 16:21:58 [DEBUG  ][ln-548]: ======================================== Star to run: <TestAPI> ========================================
2023-01-05 16:21:58 [DEBUG  ][ln-554]: ======================================== Star to run: <test_beacon_func> ========================================
2023-01-05 16:22:04 [INFO   ][ln-212]: ##################################################################

2023-01-05 16:22:04 [INFO   ][ln-213]: #  Test case : ( BLE beacon scan via Android Phone (HomePass App)  #)

2023-01-05 16:22:04 [INFO   ][ln-214]: ##################################################################)

2023-01-05 16:22:04 [INFO   ][ln-215]: ##################################################################
2023-01-05 16:22:50 [DEBUG  ][ln-84 ]: Lanch the HomePass APP successfully.
2023-01-05 16:23:22 [DEBUG  ][ln-94 ]: Go to Manu & Settines successfully
2023-01-05 16:23:30 [DEBUG  ][ln-104]: Click Add Plume Ring button successfully
2023-01-05 16:23:33 [DEBUG  ][ln-108]: Click first Accept button successfully
2023-01-05 16:23:37 [DEBUG  ][ln-112]: Click second Accept button successfully
2023-01-05 16:24:11 [INFO   ][ln-259]: Done
2023-01-05 16:24:11 [DEBUG  ][ln-557]: teardown_method
2023-01-05 16:24:11 [DEBUG  ][ln-551]: teardown_class
2023-01-05 16:25:26 [INFO   ][ln-47 ]: Start to load config file
2023-01-05 16:25:26 [DEBUG  ][ln-49 ]: config.ini: {'dut': {'ip': 'staging-rest.pwb.plume-dev.com'}, 'userinfo': {'usrid': 'zhicheng+4@plume.com', 'pwd': 'plume1234', 'devuserid': '6270462c9c997f0009538d15', 'devid': '60B4F7F5003B', 'mac': '60:B4:F7:F5:00:3B', 'androiddev': 'd38c1487', 'Commanduuid': '00004652-08c2-11e1-9073-0e8ac72e0011', 'Datauuid': '00004652-08c2-11e1-9073-0e8ac72e0013', 'ResponseUUID': '00004652-08c2-11e1-9073-0e8ac72e0012'}, 'unixtime': {'adddays': 0, 'addhours': 1, 'addsecs': 30}, 'allurewiget': {'Device': 'Deity Ring', 'DevVersion': 'FW v0xFF.2.11', 'FirmwareURL': 'https://drive.google.com/file/d/1VftYP92ntZ5uynnjqGla0O9qDrT7XeXj/view?usp=sharing'}, 'sleep': {'begin': '2022-12-12 23:00', 'totalsleep': 360}, 'walking': {'begin': '2022-12-13 10:00', 'totalwalking': 90}, 'running': {'begin': '2022-12-13 11:00', 'totalrunning': 90}}
2023-01-05 16:25:26 [DEBUG  ][ln-548]: ======================================== Star to run: <TestAPI> ========================================
2023-01-05 16:25:26 [DEBUG  ][ln-554]: ======================================== Star to run: <test_beacon_func> ========================================
2023-01-05 16:25:32 [INFO   ][ln-212]: ##################################################################

2023-01-05 16:25:32 [INFO   ][ln-213]: #  Test case : ( BLE beacon scan via Android Phone (HomePass App)  #)

2023-01-05 16:25:32 [INFO   ][ln-214]: ##################################################################)

2023-01-05 16:25:32 [INFO   ][ln-215]: ##################################################################
2023-01-05 16:26:28 [DEBUG  ][ln-84 ]: Lanch the HomePass APP successfully.
2023-01-05 16:27:01 [DEBUG  ][ln-94 ]: Go to Manu & Settines successfully
2023-01-05 16:27:08 [DEBUG  ][ln-104]: Click Add Plume Ring button successfully
2023-01-05 16:27:11 [DEBUG  ][ln-108]: Click first Accept button successfully
2023-01-05 16:27:15 [DEBUG  ][ln-112]: Click second Accept button successfully
2023-01-05 16:27:49 [INFO   ][ln-259]: Done
2023-01-05 16:27:49 [DEBUG  ][ln-557]: teardown_method
2023-01-05 16:27:49 [DEBUG  ][ln-551]: teardown_class
2023-01-05 16:28:52 [INFO   ][ln-47 ]: Start to load config file
2023-01-05 16:28:52 [DEBUG  ][ln-49 ]: config.ini: {'dut': {'ip': 'staging-rest.pwb.plume-dev.com'}, 'userinfo': {'usrid': 'zhicheng+4@plume.com', 'pwd': 'plume1234', 'devuserid': '6270462c9c997f0009538d15', 'devid': '60B4F7F5003B', 'mac': '60:B4:F7:F5:00:3B', 'androiddev': 'd38c1487', 'Commanduuid': '00004652-08c2-11e1-9073-0e8ac72e0011', 'Datauuid': '00004652-08c2-11e1-9073-0e8ac72e0013', 'ResponseUUID': '00004652-08c2-11e1-9073-0e8ac72e0012'}, 'unixtime': {'adddays': 0, 'addhours': 1, 'addsecs': 30}, 'allurewiget': {'Device': 'Deity Ring', 'DevVersion': 'FW v0xFF.2.11', 'FirmwareURL': 'https://drive.google.com/file/d/1VftYP92ntZ5uynnjqGla0O9qDrT7XeXj/view?usp=sharing'}, 'sleep': {'begin': '2022-12-12 23:00', 'totalsleep': 360}, 'walking': {'begin': '2022-12-13 10:00', 'totalwalking': 90}, 'running': {'begin': '2022-12-13 11:00', 'totalrunning': 90}}
2023-01-05 16:28:52 [DEBUG  ][ln-548]: ======================================== Star to run: <TestAPI> ========================================
2023-01-05 16:28:52 [DEBUG  ][ln-554]: ======================================== Star to run: <test_beacon_func> ========================================
2023-01-05 16:28:58 [INFO   ][ln-212]: ##################################################################

2023-01-05 16:28:58 [INFO   ][ln-213]: #  Test case : ( BLE beacon scan via Android Phone (HomePass App)  #)

2023-01-05 16:28:58 [INFO   ][ln-214]: ##################################################################)

2023-01-05 16:28:58 [INFO   ][ln-215]: ##################################################################
2023-01-05 16:29:44 [DEBUG  ][ln-84 ]: Lanch the HomePass APP successfully.
2023-01-05 16:30:17 [DEBUG  ][ln-94 ]: Go to Manu & Settines successfully
2023-01-05 16:30:24 [DEBUG  ][ln-104]: Click Add Plume Ring button successfully
2023-01-05 16:30:28 [DEBUG  ][ln-108]: Click first Accept button successfully
2023-01-05 16:30:31 [DEBUG  ][ln-112]: Click second Accept button successfully
2023-01-05 16:31:10 [INFO   ][ln-259]: Done
2023-01-05 16:31:10 [DEBUG  ][ln-557]: teardown_method
2023-01-05 16:31:10 [DEBUG  ][ln-551]: teardown_class
2023-01-05 16:32:02 [INFO   ][ln-47 ]: Start to load config file
2023-01-05 16:32:02 [DEBUG  ][ln-49 ]: config.ini: {'dut': {'ip': 'staging-rest.pwb.plume-dev.com'}, 'userinfo': {'usrid': 'zhicheng+4@plume.com', 'pwd': 'plume1234', 'devuserid': '6270462c9c997f0009538d15', 'devid': '60B4F7F5003B', 'mac': '60:B4:F7:F5:00:3B', 'androiddev': 'd38c1487', 'Commanduuid': '00004652-08c2-11e1-9073-0e8ac72e0011', 'Datauuid': '00004652-08c2-11e1-9073-0e8ac72e0013', 'ResponseUUID': '00004652-08c2-11e1-9073-0e8ac72e0012'}, 'unixtime': {'adddays': 0, 'addhours': 1, 'addsecs': 30}, 'allurewiget': {'Device': 'Deity Ring', 'DevVersion': 'FW v0xFF.2.11', 'FirmwareURL': 'https://drive.google.com/file/d/1VftYP92ntZ5uynnjqGla0O9qDrT7XeXj/view?usp=sharing'}, 'sleep': {'begin': '2022-12-12 23:00', 'totalsleep': 360}, 'walking': {'begin': '2022-12-13 10:00', 'totalwalking': 90}, 'running': {'begin': '2022-12-13 11:00', 'totalrunning': 90}}
2023-01-05 16:32:02 [DEBUG  ][ln-548]: ======================================== Star to run: <TestAPI> ========================================
2023-01-05 16:32:02 [DEBUG  ][ln-554]: ======================================== Star to run: <test_beacon_func> ========================================
2023-01-05 16:32:08 [INFO   ][ln-212]: ##################################################################

2023-01-05 16:32:08 [INFO   ][ln-213]: #  Test case : ( BLE beacon scan via Android Phone (HomePass App)  #)

2023-01-05 16:32:08 [INFO   ][ln-214]: ##################################################################)

2023-01-05 16:32:08 [INFO   ][ln-215]: ##################################################################
2023-01-05 16:32:54 [DEBUG  ][ln-84 ]: Lanch the HomePass APP successfully.
2023-01-05 16:33:26 [DEBUG  ][ln-94 ]: Go to Manu & Settines successfully
2023-01-05 16:33:34 [DEBUG  ][ln-104]: Click Add Plume Ring button successfully
2023-01-05 16:33:37 [DEBUG  ][ln-108]: Click first Accept button successfully
2023-01-05 16:33:41 [DEBUG  ][ln-112]: Click second Accept button successfully
2023-01-05 16:34:25 [INFO   ][ln-259]: Done
2023-01-05 16:34:25 [DEBUG  ][ln-557]: teardown_method
2023-01-05 16:34:25 [DEBUG  ][ln-551]: teardown_class
2023-01-05 16:36:33 [INFO   ][ln-47 ]: Start to load config file
2023-01-05 16:36:33 [DEBUG  ][ln-49 ]: config.ini: {'dut': {'ip': 'staging-rest.pwb.plume-dev.com'}, 'userinfo': {'usrid': 'zhicheng+4@plume.com', 'pwd': 'plume1234', 'devuserid': '6270462c9c997f0009538d15', 'devid': '60B4F7F5003B', 'mac': '60:B4:F7:F5:00:3B', 'androiddev': 'd38c1487', 'Commanduuid': '00004652-08c2-11e1-9073-0e8ac72e0011', 'Datauuid': '00004652-08c2-11e1-9073-0e8ac72e0013', 'ResponseUUID': '00004652-08c2-11e1-9073-0e8ac72e0012'}, 'unixtime': {'adddays': 0, 'addhours': 1, 'addsecs': 30}, 'allurewiget': {'Device': 'Deity Ring', 'DevVersion': 'FW v0xFF.2.11', 'FirmwareURL': 'https://drive.google.com/file/d/1VftYP92ntZ5uynnjqGla0O9qDrT7XeXj/view?usp=sharing'}, 'sleep': {'begin': '2022-12-12 23:00', 'totalsleep': 360}, 'walking': {'begin': '2022-12-13 10:00', 'totalwalking': 90}, 'running': {'begin': '2022-12-13 11:00', 'totalrunning': 90}}
2023-01-05 16:36:33 [DEBUG  ][ln-548]: ======================================== Star to run: <TestAPI> ========================================
2023-01-05 16:36:33 [DEBUG  ][ln-554]: ======================================== Star to run: <test_beacon_func> ========================================
2023-01-05 16:36:39 [INFO   ][ln-215]: ##################################################################

2023-01-05 16:36:39 [INFO   ][ln-216]: #  Test case : ( BLE beacon scan via Android Phone (HomePass App)  #)

2023-01-05 16:36:39 [INFO   ][ln-217]: ##################################################################)

2023-01-05 16:36:39 [INFO   ][ln-218]: ##################################################################
2023-01-05 16:37:25 [DEBUG  ][ln-84 ]: Lanch the HomePass APP successfully.
2023-01-05 16:37:57 [DEBUG  ][ln-94 ]: Go to Manu & Settines successfully
2023-01-05 16:38:05 [DEBUG  ][ln-104]: Click Add Plume Ring button successfully
2023-01-05 16:38:08 [DEBUG  ][ln-108]: Click first Accept button successfully
2023-01-05 16:38:12 [DEBUG  ][ln-112]: Click second Accept button successfully
2023-01-05 16:38:19 [DEBUG  ][ln-130]: click Next button successfully!
2023-01-05 16:38:56 [INFO   ][ln-262]: Done
2023-01-05 16:38:56 [DEBUG  ][ln-557]: teardown_method
2023-01-05 16:38:56 [DEBUG  ][ln-551]: teardown_class
2023-01-05 16:41:40 [INFO   ][ln-47 ]: Start to load config file
2023-01-05 16:41:40 [DEBUG  ][ln-49 ]: config.ini: {'dut': {'ip': 'staging-rest.pwb.plume-dev.com'}, 'userinfo': {'usrid': 'zhicheng+4@plume.com', 'pwd': 'plume1234', 'devuserid': '6270462c9c997f0009538d15', 'devid': '60B4F7F5003B', 'mac': '60:B4:F7:F5:00:3B', 'androiddev': 'd38c1487', 'Commanduuid': '00004652-08c2-11e1-9073-0e8ac72e0011', 'Datauuid': '00004652-08c2-11e1-9073-0e8ac72e0013', 'ResponseUUID': '00004652-08c2-11e1-9073-0e8ac72e0012'}, 'unixtime': {'adddays': 0, 'addhours': 1, 'addsecs': 30}, 'allurewiget': {'Device': 'Deity Ring', 'DevVersion': 'FW v0xFF.2.11', 'FirmwareURL': 'https://drive.google.com/file/d/1VftYP92ntZ5uynnjqGla0O9qDrT7XeXj/view?usp=sharing'}, 'sleep': {'begin': '2022-12-12 23:00', 'totalsleep': 360}, 'walking': {'begin': '2022-12-13 10:00', 'totalwalking': 90}, 'running': {'begin': '2022-12-13 11:00', 'totalrunning': 90}}
2023-01-05 16:41:40 [DEBUG  ][ln-548]: ======================================== Star to run: <TestAPI> ========================================
2023-01-05 16:41:40 [DEBUG  ][ln-554]: ======================================== Star to run: <test_beacon_func> ========================================
2023-01-05 16:41:46 [INFO   ][ln-215]: ##################################################################

2023-01-05 16:41:46 [INFO   ][ln-216]: #  Test case : ( BLE beacon scan via Android Phone (HomePass App)  #)

2023-01-05 16:41:46 [INFO   ][ln-217]: ##################################################################)

2023-01-05 16:41:46 [INFO   ][ln-218]: ##################################################################
2023-01-05 16:42:32 [DEBUG  ][ln-84 ]: Lanch the HomePass APP successfully.
2023-01-05 16:43:05 [DEBUG  ][ln-94 ]: Go to Manu & Settines successfully
2023-01-05 16:43:12 [DEBUG  ][ln-104]: Click Add Plume Ring button successfully
2023-01-05 16:43:15 [DEBUG  ][ln-108]: Click first Accept button successfully
2023-01-05 16:43:19 [DEBUG  ][ln-112]: Click second Accept button successfully
2023-01-05 16:43:26 [DEBUG  ][ln-130]: click Next button successfully!
2023-01-05 16:44:03 [INFO   ][ln-262]: Done
2023-01-05 16:44:03 [DEBUG  ][ln-557]: teardown_method
2023-01-05 16:44:03 [DEBUG  ][ln-551]: teardown_class
2023-01-05 16:45:31 [INFO   ][ln-47 ]: Start to load config file
2023-01-05 16:45:31 [DEBUG  ][ln-49 ]: config.ini: {'dut': {'ip': 'staging-rest.pwb.plume-dev.com'}, 'userinfo': {'usrid': 'zhicheng+4@plume.com', 'pwd': 'plume1234', 'devuserid': '6270462c9c997f0009538d15', 'devid': '60B4F7F5003B', 'mac': '60:B4:F7:F5:00:3B', 'androiddev': 'd38c1487', 'Commanduuid': '00004652-08c2-11e1-9073-0e8ac72e0011', 'Datauuid': '00004652-08c2-11e1-9073-0e8ac72e0013', 'ResponseUUID': '00004652-08c2-11e1-9073-0e8ac72e0012'}, 'unixtime': {'adddays': 0, 'addhours': 1, 'addsecs': 30}, 'allurewiget': {'Device': 'Deity Ring', 'DevVersion': 'FW v0xFF.2.11', 'FirmwareURL': 'https://drive.google.com/file/d/1VftYP92ntZ5uynnjqGla0O9qDrT7XeXj/view?usp=sharing'}, 'sleep': {'begin': '2022-12-12 23:00', 'totalsleep': 360}, 'walking': {'begin': '2022-12-13 10:00', 'totalwalking': 90}, 'running': {'begin': '2022-12-13 11:00', 'totalrunning': 90}}
2023-01-05 16:45:31 [DEBUG  ][ln-548]: ======================================== Star to run: <TestAPI> ========================================
2023-01-05 16:45:31 [DEBUG  ][ln-554]: ======================================== Star to run: <test_beacon_func> ========================================
2023-01-05 16:45:37 [INFO   ][ln-215]: ##################################################################

2023-01-05 16:45:37 [INFO   ][ln-216]: #  Test case : ( BLE beacon scan via Android Phone (HomePass App)  #)

2023-01-05 16:45:37 [INFO   ][ln-217]: ##################################################################)

2023-01-05 16:45:37 [INFO   ][ln-218]: ##################################################################
2023-01-05 16:46:25 [DEBUG  ][ln-84 ]: Lanch the HomePass APP successfully.
2023-01-05 16:46:58 [DEBUG  ][ln-94 ]: Go to Manu & Settines successfully
2023-01-05 16:47:05 [DEBUG  ][ln-104]: Click Add Plume Ring button successfully
2023-01-05 16:47:09 [DEBUG  ][ln-108]: Click first Accept button successfully
2023-01-05 16:47:12 [DEBUG  ][ln-112]: Click second Accept button successfully
2023-01-05 16:47:19 [DEBUG  ][ln-130]: click Next button successfully!
2023-01-05 16:47:57 [INFO   ][ln-262]: Done
2023-01-05 16:47:57 [DEBUG  ][ln-557]: teardown_method
2023-01-05 16:47:57 [DEBUG  ][ln-551]: teardown_class
2023-01-05 16:50:26 [INFO   ][ln-47 ]: Start to load config file
2023-01-05 16:50:26 [DEBUG  ][ln-49 ]: config.ini: {'dut': {'ip': 'staging-rest.pwb.plume-dev.com'}, 'userinfo': {'usrid': 'zhicheng+4@plume.com', 'pwd': 'plume1234', 'devuserid': '6270462c9c997f0009538d15', 'devid': '60B4F7F5003B', 'mac': '60:B4:F7:F5:00:3B', 'androiddev': 'd38c1487', 'Commanduuid': '00004652-08c2-11e1-9073-0e8ac72e0011', 'Datauuid': '00004652-08c2-11e1-9073-0e8ac72e0013', 'ResponseUUID': '00004652-08c2-11e1-9073-0e8ac72e0012'}, 'unixtime': {'adddays': 0, 'addhours': 1, 'addsecs': 30}, 'allurewiget': {'Device': 'Deity Ring', 'DevVersion': 'FW v0xFF.2.11', 'FirmwareURL': 'https://drive.google.com/file/d/1VftYP92ntZ5uynnjqGla0O9qDrT7XeXj/view?usp=sharing'}, 'sleep': {'begin': '2022-12-12 23:00', 'totalsleep': 360}, 'walking': {'begin': '2022-12-13 10:00', 'totalwalking': 90}, 'running': {'begin': '2022-12-13 11:00', 'totalrunning': 90}}
2023-01-05 16:50:26 [DEBUG  ][ln-548]: ======================================== Star to run: <TestAPI> ========================================
2023-01-05 16:50:26 [DEBUG  ][ln-554]: ======================================== Star to run: <test_beacon_func> ========================================
2023-01-05 16:50:32 [INFO   ][ln-215]: ##################################################################

2023-01-05 16:50:32 [INFO   ][ln-216]: #  Test case : ( BLE beacon scan via Android Phone (HomePass App)  #)

2023-01-05 16:50:32 [INFO   ][ln-217]: ##################################################################)

2023-01-05 16:50:32 [INFO   ][ln-218]: ##################################################################
2023-01-05 16:51:17 [DEBUG  ][ln-84 ]: Lanch the HomePass APP successfully.
2023-01-05 16:51:50 [DEBUG  ][ln-94 ]: Go to Manu & Settines successfully
2023-01-05 16:51:58 [DEBUG  ][ln-104]: Click Add Plume Ring button successfully
2023-01-05 16:52:01 [DEBUG  ][ln-108]: Click first Accept button successfully
2023-01-05 16:52:05 [DEBUG  ][ln-112]: Click second Accept button successfully
2023-01-05 16:52:12 [DEBUG  ][ln-130]: click Next button successfully!
2023-01-05 16:52:49 [INFO   ][ln-262]: Done
2023-01-05 16:52:49 [DEBUG  ][ln-557]: teardown_method
2023-01-05 16:52:49 [DEBUG  ][ln-551]: teardown_class
2023-01-05 16:55:36 [INFO   ][ln-47 ]: Start to load config file
2023-01-05 16:55:36 [DEBUG  ][ln-49 ]: config.ini: {'dut': {'ip': 'staging-rest.pwb.plume-dev.com'}, 'userinfo': {'usrid': 'zhicheng+4@plume.com', 'pwd': 'plume1234', 'devuserid': '6270462c9c997f0009538d15', 'devid': '60B4F7F5003B', 'mac': '60:B4:F7:F5:00:3B', 'androiddev': 'd38c1487', 'Commanduuid': '00004652-08c2-11e1-9073-0e8ac72e0011', 'Datauuid': '00004652-08c2-11e1-9073-0e8ac72e0013', 'ResponseUUID': '00004652-08c2-11e1-9073-0e8ac72e0012'}, 'unixtime': {'adddays': 0, 'addhours': 1, 'addsecs': 30}, 'allurewiget': {'Device': 'Deity Ring', 'DevVersion': 'FW v0xFF.2.11', 'FirmwareURL': 'https://drive.google.com/file/d/1VftYP92ntZ5uynnjqGla0O9qDrT7XeXj/view?usp=sharing'}, 'sleep': {'begin': '2022-12-12 23:00', 'totalsleep': 360}, 'walking': {'begin': '2022-12-13 10:00', 'totalwalking': 90}, 'running': {'begin': '2022-12-13 11:00', 'totalrunning': 90}}
2023-01-05 16:55:36 [DEBUG  ][ln-548]: ======================================== Star to run: <TestAPI> ========================================
2023-01-05 16:55:36 [DEBUG  ][ln-554]: ======================================== Star to run: <test_beacon_func> ========================================
2023-01-05 16:55:42 [INFO   ][ln-215]: ##################################################################

2023-01-05 16:55:42 [INFO   ][ln-216]: #  Test case : ( BLE beacon scan via Android Phone (HomePass App)  #)

2023-01-05 16:55:42 [INFO   ][ln-217]: ##################################################################)

2023-01-05 16:55:42 [INFO   ][ln-218]: ##################################################################
2023-01-05 16:56:28 [DEBUG  ][ln-84 ]: Lanch the HomePass APP successfully.
2023-01-05 16:57:01 [DEBUG  ][ln-94 ]: Go to Manu & Settines successfully
2023-01-05 16:57:08 [DEBUG  ][ln-104]: Click Add Plume Ring button successfully
2023-01-05 16:57:12 [DEBUG  ][ln-108]: Click first Accept button successfully
2023-01-05 16:57:15 [DEBUG  ][ln-112]: Click second Accept button successfully
2023-01-05 16:57:22 [DEBUG  ][ln-130]: click Next button successfully!
2023-01-05 16:58:00 [INFO   ][ln-262]: Done
2023-01-05 16:58:00 [DEBUG  ][ln-557]: teardown_method
2023-01-05 16:58:00 [DEBUG  ][ln-551]: teardown_class
2023-01-05 16:58:35 [INFO   ][ln-47 ]: Start to load config file
2023-01-05 16:58:35 [DEBUG  ][ln-49 ]: config.ini: {'dut': {'ip': 'staging-rest.pwb.plume-dev.com'}, 'userinfo': {'usrid': 'zhicheng+4@plume.com', 'pwd': 'plume1234', 'devuserid': '6270462c9c997f0009538d15', 'devid': '60B4F7F5003B', 'mac': '60:B4:F7:F5:00:3B', 'androiddev': 'd38c1487', 'Commanduuid': '00004652-08c2-11e1-9073-0e8ac72e0011', 'Datauuid': '00004652-08c2-11e1-9073-0e8ac72e0013', 'ResponseUUID': '00004652-08c2-11e1-9073-0e8ac72e0012'}, 'unixtime': {'adddays': 0, 'addhours': 1, 'addsecs': 30}, 'allurewiget': {'Device': 'Deity Ring', 'DevVersion': 'FW v0xFF.2.11', 'FirmwareURL': 'https://drive.google.com/file/d/1VftYP92ntZ5uynnjqGla0O9qDrT7XeXj/view?usp=sharing'}, 'sleep': {'begin': '2022-12-12 23:00', 'totalsleep': 360}, 'walking': {'begin': '2022-12-13 10:00', 'totalwalking': 90}, 'running': {'begin': '2022-12-13 11:00', 'totalrunning': 90}}
2023-01-05 16:58:35 [DEBUG  ][ln-548]: ======================================== Star to run: <TestAPI> ========================================
2023-01-05 16:58:35 [DEBUG  ][ln-554]: ======================================== Star to run: <test_beacon_func> ========================================
2023-01-05 16:58:41 [INFO   ][ln-215]: ##################################################################

2023-01-05 16:58:41 [INFO   ][ln-216]: #  Test case : ( BLE beacon scan via Android Phone (HomePass App)  #)

2023-01-05 16:58:41 [INFO   ][ln-217]: ##################################################################)

2023-01-05 16:58:41 [INFO   ][ln-218]: ##################################################################
2023-01-05 16:59:27 [DEBUG  ][ln-84 ]: Lanch the HomePass APP successfully.
2023-01-05 17:00:00 [DEBUG  ][ln-94 ]: Go to Manu & Settines successfully
2023-01-05 17:00:07 [DEBUG  ][ln-104]: Click Add Plume Ring button successfully
2023-01-05 17:00:11 [DEBUG  ][ln-108]: Click first Accept button successfully
2023-01-05 17:00:14 [DEBUG  ][ln-112]: Click second Accept button successfully
2023-01-05 17:00:21 [DEBUG  ][ln-130]: click Next button successfully!
2023-01-05 17:00:58 [INFO   ][ln-262]: Done
2023-01-05 17:00:58 [DEBUG  ][ln-557]: teardown_method
2023-01-05 17:00:58 [DEBUG  ][ln-551]: teardown_class
2023-01-05 22:31:44 [INFO   ][ln-47 ]: Start to load config file
2023-01-05 22:31:44 [DEBUG  ][ln-49 ]: config.ini: {'dut': {'ip': 'staging-rest.pwb.plume-dev.com'}, 'userinfo': {'usrid': 'zhicheng+4@plume.com', 'pwd': 'plume1234', 'devuserid': '6270462c9c997f0009538d15', 'devid': '60B4F7F5003B', 'mac': '60:B4:F7:F5:00:3B', 'androiddev': 'd38c1487', 'Commanduuid': '00004652-08c2-11e1-9073-0e8ac72e0011', 'Datauuid': '00004652-08c2-11e1-9073-0e8ac72e0013', 'ResponseUUID': '00004652-08c2-11e1-9073-0e8ac72e0012'}, 'unixtime': {'adddays': 0, 'addhours': 1, 'addsecs': 30}, 'allurewiget': {'Device': 'Deity Ring', 'DevVersion': 'FW v0xFF.2.11', 'FirmwareURL': 'https://drive.google.com/file/d/1VftYP92ntZ5uynnjqGla0O9qDrT7XeXj/view?usp=sharing'}, 'sleep': {'begin': '2022-12-12 23:00', 'totalsleep': 360}, 'walking': {'begin': '2022-12-13 10:00', 'totalwalking': 90}, 'running': {'begin': '2022-12-13 11:00', 'totalrunning': 90}}
2023-01-05 22:31:44 [DEBUG  ][ln-548]: ======================================== Star to run: <TestAPI> ========================================
2023-01-05 22:31:44 [DEBUG  ][ln-554]: ======================================== Star to run: <test_beacon_func> ========================================
2023-01-05 22:31:50 [INFO   ][ln-216]: ##################################################################

2023-01-05 22:31:50 [INFO   ][ln-217]: #  Test case : ( BLE beacon scan via Android Phone (HomePass App)  #)

2023-01-05 22:31:50 [INFO   ][ln-218]: ##################################################################)

2023-01-05 22:31:50 [INFO   ][ln-219]: ##################################################################
2023-01-05 22:32:45 [DEBUG  ][ln-84 ]: Lanch the HomePass APP successfully.
2023-01-05 22:33:19 [DEBUG  ][ln-94 ]: Go to Manu & Settines successfully
2023-01-05 22:33:26 [DEBUG  ][ln-104]: Click Add Plume Ring button successfully
2023-01-05 22:33:29 [DEBUG  ][ln-108]: Click first Accept button successfully
2023-01-05 22:33:33 [DEBUG  ][ln-112]: Click second Accept button successfully
2023-01-05 22:33:40 [DEBUG  ][ln-130]: click Next button successfully!
2023-01-05 22:34:17 [INFO   ][ln-263]: Done
2023-01-05 22:34:17 [DEBUG  ][ln-557]: teardown_method
2023-01-05 22:34:17 [DEBUG  ][ln-551]: teardown_class
2023-01-05 22:39:59 [INFO   ][ln-47 ]: Start to load config file
2023-01-05 22:39:59 [DEBUG  ][ln-49 ]: config.ini: {'dut': {'ip': 'staging-rest.pwb.plume-dev.com'}, 'userinfo': {'usrid': 'zhicheng+4@plume.com', 'pwd': 'plume1234', 'devuserid': '6270462c9c997f0009538d15', 'devid': '60B4F7F5003B', 'mac': '60:B4:F7:F5:00:3B', 'androiddev': 'd38c1487', 'Commanduuid': '00004652-08c2-11e1-9073-0e8ac72e0011', 'Datauuid': '00004652-08c2-11e1-9073-0e8ac72e0013', 'ResponseUUID': '00004652-08c2-11e1-9073-0e8ac72e0012'}, 'unixtime': {'adddays': 0, 'addhours': 1, 'addsecs': 30}, 'allurewiget': {'Device': 'Deity Ring', 'DevVersion': 'FW v0xFF.2.11', 'FirmwareURL': 'https://drive.google.com/file/d/1VftYP92ntZ5uynnjqGla0O9qDrT7XeXj/view?usp=sharing'}, 'sleep': {'begin': '2022-12-12 23:00', 'totalsleep': 360}, 'walking': {'begin': '2022-12-13 10:00', 'totalwalking': 90}, 'running': {'begin': '2022-12-13 11:00', 'totalrunning': 90}}
2023-01-05 22:39:59 [DEBUG  ][ln-548]: ======================================== Star to run: <TestAPI> ========================================
2023-01-05 22:39:59 [DEBUG  ][ln-554]: ======================================== Star to run: <test_beacon_func> ========================================
2023-01-05 22:40:04 [INFO   ][ln-123]: ##################################################################

2023-01-05 22:40:04 [INFO   ][ln-124]: #  Test case : ( BLE beacon scan via Android Phone (Nordic App)  #)

2023-01-05 22:40:04 [INFO   ][ln-125]: ##################################################################)

2023-01-05 22:40:04 [INFO   ][ln-126]: ##################################################################
2023-01-05 22:40:46 [DEBUG  ][ln-557]: teardown_method
2023-01-05 22:40:46 [DEBUG  ][ln-551]: teardown_class
