2023-01-03 09:45:30 [INFO   ][ln-47 ]: Start to load config file
2023-01-03 09:45:30 [DEBUG  ][ln-49 ]: config.ini: {'dut': {'ip': 'staging-rest.pwb.plume-dev.com'}, 'userinfo': {'usrid': 'zhicheng+2@plume.com', 'pwd': 'plume1234', 'devuserid': '62a2d6708a13a8000a1b40b9', 'devid': '60B4F7F5003B', 'mac': '60:B4:F7:F5:00:3B', 'androiddev': 'd38c1487', 'Commanduuid': '00004652-08c2-11e1-9073-0e8ac72e0011', 'Datauuid': '00004652-08c2-11e1-9073-0e8ac72e0013', 'ResponseUUID': '00004652-08c2-11e1-9073-0e8ac72e0012'}, 'unixtime': {'adddays': 0, 'addhours': 1, 'addsecs': 30}, 'allurewiget': {'Device': 'Deity Ring', 'DevVersion': 'FW v0xFF.2.11', 'FirmwareURL': 'https://drive.google.com/file/d/1VftYP92ntZ5uynnjqGla0O9qDrT7XeXj/view?usp=sharing'}, 'sleep': {'begin': '2022-12-12 23:00', 'totalsleep': 360}, 'walking': {'begin': '2022-12-13 10:00', 'totalwalking': 90}, 'running': {'begin': '2022-12-13 11:00', 'totalrunning': 90}}
2023-01-03 09:45:30 [DEBUG  ][ln-548]: ======================================== Star to run: <TestAPI> ========================================
2023-01-03 09:45:30 [DEBUG  ][ln-554]: ======================================== Star to run: <test_beacon_func> ========================================
2023-01-03 09:45:36 [INFO   ][ln-93 ]: ##################################################################

2023-01-03 09:45:36 [INFO   ][ln-94 ]: #  Test case : ( BLE beacon scan via Android Phone (FrodoPlume App)  #)

2023-01-03 09:45:36 [INFO   ][ln-95 ]: ##################################################################)

2023-01-03 09:45:36 [INFO   ][ln-96 ]: ##################################################################
2023-01-03 09:46:31 [DEBUG  ][ln-557]: teardown_method
2023-01-03 09:46:31 [DEBUG  ][ln-551]: teardown_class
2023-01-03 09:49:42 [INFO   ][ln-47 ]: Start to load config file
2023-01-03 09:49:42 [DEBUG  ][ln-49 ]: config.ini: {'dut': {'ip': 'staging-rest.pwb.plume-dev.com'}, 'userinfo': {'usrid': 'zhicheng+2@plume.com', 'pwd': 'plume1234', 'devuserid': '62a2d6708a13a8000a1b40b9', 'devid': '60B4F7F5003B', 'mac': '60:B4:F7:F5:00:3B', 'androiddev': 'd38c1487', 'Commanduuid': '00004652-08c2-11e1-9073-0e8ac72e0011', 'Datauuid': '00004652-08c2-11e1-9073-0e8ac72e0013', 'ResponseUUID': '00004652-08c2-11e1-9073-0e8ac72e0012'}, 'unixtime': {'adddays': 0, 'addhours': 1, 'addsecs': 30}, 'allurewiget': {'Device': 'Deity Ring', 'DevVersion': 'FW v0xFF.2.11', 'FirmwareURL': 'https://drive.google.com/file/d/1VftYP92ntZ5uynnjqGla0O9qDrT7XeXj/view?usp=sharing'}, 'sleep': {'begin': '2022-12-12 23:00', 'totalsleep': 360}, 'walking': {'begin': '2022-12-13 10:00', 'totalwalking': 90}, 'running': {'begin': '2022-12-13 11:00', 'totalrunning': 90}}
2023-01-03 09:49:42 [DEBUG  ][ln-548]: ======================================== Star to run: <TestAPI> ========================================
2023-01-03 09:49:42 [DEBUG  ][ln-554]: ======================================== Star to run: <test_beacon_func> ========================================
2023-01-03 09:49:44 [DEBUG  ][ln-557]: teardown_method
2023-01-03 09:49:44 [DEBUG  ][ln-551]: teardown_class
2023-01-03 09:49:56 [INFO   ][ln-47 ]: Start to load config file
2023-01-03 09:49:56 [DEBUG  ][ln-49 ]: config.ini: {'dut': {'ip': 'staging-rest.pwb.plume-dev.com'}, 'userinfo': {'usrid': 'zhicheng+2@plume.com', 'pwd': 'plume1234', 'devuserid': '62a2d6708a13a8000a1b40b9', 'devid': '60B4F7F5003B', 'mac': '60:B4:F7:F5:00:3B', 'androiddev': 'd38c1487', 'Commanduuid': '00004652-08c2-11e1-9073-0e8ac72e0011', 'Datauuid': '00004652-08c2-11e1-9073-0e8ac72e0013', 'ResponseUUID': '00004652-08c2-11e1-9073-0e8ac72e0012'}, 'unixtime': {'adddays': 0, 'addhours': 1, 'addsecs': 30}, 'allurewiget': {'Device': 'Deity Ring', 'DevVersion': 'FW v0xFF.2.11', 'FirmwareURL': 'https://drive.google.com/file/d/1VftYP92ntZ5uynnjqGla0O9qDrT7XeXj/view?usp=sharing'}, 'sleep': {'begin': '2022-12-12 23:00', 'totalsleep': 360}, 'walking': {'begin': '2022-12-13 10:00', 'totalwalking': 90}, 'running': {'begin': '2022-12-13 11:00', 'totalrunning': 90}}
2023-01-03 09:49:56 [DEBUG  ][ln-548]: ======================================== Star to run: <TestAPI> ========================================
2023-01-03 09:49:56 [DEBUG  ][ln-554]: ======================================== Star to run: <test_beacon_func> ========================================
2023-01-03 09:50:02 [INFO   ][ln-93 ]: ##################################################################

2023-01-03 09:50:02 [INFO   ][ln-94 ]: #  Test case : ( BLE beacon scan via Android Phone (FrodoPlume App)  #)

2023-01-03 09:50:02 [INFO   ][ln-95 ]: ##################################################################)

2023-01-03 09:50:02 [INFO   ][ln-96 ]: ##################################################################
2023-01-03 09:50:55 [DEBUG  ][ln-557]: teardown_method
2023-01-03 09:50:55 [DEBUG  ][ln-551]: teardown_class
2023-01-03 10:04:08 [INFO   ][ln-47 ]: Start to load config file
2023-01-03 10:04:08 [DEBUG  ][ln-49 ]: config.ini: {'dut': {'ip': 'staging-rest.pwb.plume-dev.com'}, 'userinfo': {'usrid': 'zhicheng+2@plume.com', 'pwd': 'plume1234', 'devuserid': '62a2d6708a13a8000a1b40b9', 'devid': '60B4F7F5003B', 'mac': '60:B4:F7:F5:00:3B', 'androiddev': 'd38c1487', 'Commanduuid': '00004652-08c2-11e1-9073-0e8ac72e0011', 'Datauuid': '00004652-08c2-11e1-9073-0e8ac72e0013', 'ResponseUUID': '00004652-08c2-11e1-9073-0e8ac72e0012'}, 'unixtime': {'adddays': 0, 'addhours': 1, 'addsecs': 30}, 'allurewiget': {'Device': 'Deity Ring', 'DevVersion': 'FW v0xFF.2.11', 'FirmwareURL': 'https://drive.google.com/file/d/1VftYP92ntZ5uynnjqGla0O9qDrT7XeXj/view?usp=sharing'}, 'sleep': {'begin': '2022-12-12 23:00', 'totalsleep': 360}, 'walking': {'begin': '2022-12-13 10:00', 'totalwalking': 90}, 'running': {'begin': '2022-12-13 11:00', 'totalrunning': 90}}
2023-01-03 10:04:08 [DEBUG  ][ln-548]: ======================================== Star to run: <TestAPI> ========================================
2023-01-03 10:04:08 [DEBUG  ][ln-554]: ======================================== Star to run: <test_beacon_func> ========================================
2023-01-03 10:04:14 [INFO   ][ln-93 ]: ##################################################################

2023-01-03 10:04:14 [INFO   ][ln-94 ]: #  Test case : ( BLE beacon scan via Android Phone (FrodoPlume App)  #)

2023-01-03 10:04:14 [INFO   ][ln-95 ]: ##################################################################)

2023-01-03 10:04:14 [INFO   ][ln-96 ]: ##################################################################
2023-01-03 10:05:06 [DEBUG  ][ln-557]: teardown_method
2023-01-03 10:05:06 [DEBUG  ][ln-551]: teardown_class
2023-01-03 10:10:51 [INFO   ][ln-47 ]: Start to load config file
2023-01-03 10:10:51 [DEBUG  ][ln-49 ]: config.ini: {'dut': {'ip': 'staging-rest.pwb.plume-dev.com'}, 'userinfo': {'usrid': 'zhicheng+2@plume.com', 'pwd': 'plume1234', 'devuserid': '62a2d6708a13a8000a1b40b9', 'devid': '60B4F7F5003B', 'mac': '60:B4:F7:F5:00:3B', 'androiddev': 'd38c1487', 'Commanduuid': '00004652-08c2-11e1-9073-0e8ac72e0011', 'Datauuid': '00004652-08c2-11e1-9073-0e8ac72e0013', 'ResponseUUID': '00004652-08c2-11e1-9073-0e8ac72e0012'}, 'unixtime': {'adddays': 0, 'addhours': 1, 'addsecs': 30}, 'allurewiget': {'Device': 'Deity Ring', 'DevVersion': 'FW v0xFF.2.11', 'FirmwareURL': 'https://drive.google.com/file/d/1VftYP92ntZ5uynnjqGla0O9qDrT7XeXj/view?usp=sharing'}, 'sleep': {'begin': '2022-12-12 23:00', 'totalsleep': 360}, 'walking': {'begin': '2022-12-13 10:00', 'totalwalking': 90}, 'running': {'begin': '2022-12-13 11:00', 'totalrunning': 90}}
2023-01-03 10:10:51 [DEBUG  ][ln-548]: ======================================== Star to run: <TestAPI> ========================================
2023-01-03 10:10:51 [DEBUG  ][ln-554]: ======================================== Star to run: <test_beacon_func> ========================================
2023-01-03 10:10:57 [INFO   ][ln-97 ]: ##################################################################

2023-01-03 10:10:57 [INFO   ][ln-98 ]: #  Test case : ( BLE beacon scan via Android Phone (FrodoPlume App)  #)

2023-01-03 10:10:57 [INFO   ][ln-99 ]: ##################################################################)

2023-01-03 10:10:57 [INFO   ][ln-100]: ##################################################################
2023-01-03 10:11:59 [DEBUG  ][ln-557]: teardown_method
2023-01-03 10:11:59 [DEBUG  ][ln-551]: teardown_class
2023-01-03 10:16:47 [INFO   ][ln-47 ]: Start to load config file
2023-01-03 10:16:47 [DEBUG  ][ln-49 ]: config.ini: {'dut': {'ip': 'staging-rest.pwb.plume-dev.com'}, 'userinfo': {'usrid': 'zhicheng+2@plume.com', 'pwd': 'plume1234', 'devuserid': '62a2d6708a13a8000a1b40b9', 'devid': '60B4F7F5003B', 'mac': '60:B4:F7:F5:00:3B', 'androiddev': 'd38c1487', 'Commanduuid': '00004652-08c2-11e1-9073-0e8ac72e0011', 'Datauuid': '00004652-08c2-11e1-9073-0e8ac72e0013', 'ResponseUUID': '00004652-08c2-11e1-9073-0e8ac72e0012'}, 'unixtime': {'adddays': 0, 'addhours': 1, 'addsecs': 30}, 'allurewiget': {'Device': 'Deity Ring', 'DevVersion': 'FW v0xFF.2.11', 'FirmwareURL': 'https://drive.google.com/file/d/1VftYP92ntZ5uynnjqGla0O9qDrT7XeXj/view?usp=sharing'}, 'sleep': {'begin': '2022-12-12 23:00', 'totalsleep': 360}, 'walking': {'begin': '2022-12-13 10:00', 'totalwalking': 90}, 'running': {'begin': '2022-12-13 11:00', 'totalrunning': 90}}
2023-01-03 10:16:47 [DEBUG  ][ln-548]: ======================================== Star to run: <TestAPI> ========================================
2023-01-03 10:16:47 [DEBUG  ][ln-554]: ======================================== Star to run: <test_beacon_func> ========================================
2023-01-03 10:16:53 [INFO   ][ln-100]: ##################################################################

2023-01-03 10:16:53 [INFO   ][ln-101]: #  Test case : ( BLE beacon scan via Android Phone (FrodoPlume App)  #)

2023-01-03 10:16:53 [INFO   ][ln-102]: ##################################################################)

2023-01-03 10:16:53 [INFO   ][ln-103]: ##################################################################
2023-01-03 10:17:25 [DEBUG  ][ln-557]: teardown_method
2023-01-03 10:17:25 [DEBUG  ][ln-551]: teardown_class
2023-01-03 10:18:05 [INFO   ][ln-47 ]: Start to load config file
2023-01-03 10:18:05 [DEBUG  ][ln-49 ]: config.ini: {'dut': {'ip': 'staging-rest.pwb.plume-dev.com'}, 'userinfo': {'usrid': 'zhicheng+2@plume.com', 'pwd': 'plume1234', 'devuserid': '62a2d6708a13a8000a1b40b9', 'devid': '60B4F7F5003B', 'mac': '60:B4:F7:F5:00:3B', 'androiddev': 'd38c1487', 'Commanduuid': '00004652-08c2-11e1-9073-0e8ac72e0011', 'Datauuid': '00004652-08c2-11e1-9073-0e8ac72e0013', 'ResponseUUID': '00004652-08c2-11e1-9073-0e8ac72e0012'}, 'unixtime': {'adddays': 0, 'addhours': 1, 'addsecs': 30}, 'allurewiget': {'Device': 'Deity Ring', 'DevVersion': 'FW v0xFF.2.11', 'FirmwareURL': 'https://drive.google.com/file/d/1VftYP92ntZ5uynnjqGla0O9qDrT7XeXj/view?usp=sharing'}, 'sleep': {'begin': '2022-12-12 23:00', 'totalsleep': 360}, 'walking': {'begin': '2022-12-13 10:00', 'totalwalking': 90}, 'running': {'begin': '2022-12-13 11:00', 'totalrunning': 90}}
2023-01-03 10:18:05 [DEBUG  ][ln-548]: ======================================== Star to run: <TestAPI> ========================================
2023-01-03 10:18:05 [DEBUG  ][ln-554]: ======================================== Star to run: <test_beacon_func> ========================================
2023-01-03 10:18:11 [INFO   ][ln-100]: ##################################################################

2023-01-03 10:18:11 [INFO   ][ln-101]: #  Test case : ( BLE beacon scan via Android Phone (FrodoPlume App)  #)

2023-01-03 10:18:11 [INFO   ][ln-102]: ##################################################################)

2023-01-03 10:18:11 [INFO   ][ln-103]: ##################################################################
2023-01-03 10:19:13 [DEBUG  ][ln-557]: teardown_method
2023-01-03 10:19:13 [DEBUG  ][ln-551]: teardown_class
2023-01-03 10:21:23 [INFO   ][ln-47 ]: Start to load config file
2023-01-03 10:21:23 [DEBUG  ][ln-49 ]: config.ini: {'dut': {'ip': 'staging-rest.pwb.plume-dev.com'}, 'userinfo': {'usrid': 'zhicheng+2@plume.com', 'pwd': 'plume1234', 'devuserid': '62a2d6708a13a8000a1b40b9', 'devid': '60B4F7F5003B', 'mac': '60:B4:F7:F5:00:3B', 'androiddev': 'd38c1487', 'Commanduuid': '00004652-08c2-11e1-9073-0e8ac72e0011', 'Datauuid': '00004652-08c2-11e1-9073-0e8ac72e0013', 'ResponseUUID': '00004652-08c2-11e1-9073-0e8ac72e0012'}, 'unixtime': {'adddays': 0, 'addhours': 1, 'addsecs': 30}, 'allurewiget': {'Device': 'Deity Ring', 'DevVersion': 'FW v0xFF.2.11', 'FirmwareURL': 'https://drive.google.com/file/d/1VftYP92ntZ5uynnjqGla0O9qDrT7XeXj/view?usp=sharing'}, 'sleep': {'begin': '2022-12-12 23:00', 'totalsleep': 360}, 'walking': {'begin': '2022-12-13 10:00', 'totalwalking': 90}, 'running': {'begin': '2022-12-13 11:00', 'totalrunning': 90}}
2023-01-03 10:21:23 [DEBUG  ][ln-548]: ======================================== Star to run: <TestAPI> ========================================
2023-01-03 10:21:23 [DEBUG  ][ln-554]: ======================================== Star to run: <test_beacon_func> ========================================
2023-01-03 10:21:29 [INFO   ][ln-102]: ##################################################################

2023-01-03 10:21:29 [INFO   ][ln-103]: #  Test case : ( BLE beacon scan via Android Phone (FrodoPlume App)  #)

2023-01-03 10:21:29 [INFO   ][ln-104]: ##################################################################)

2023-01-03 10:21:29 [INFO   ][ln-105]: ##################################################################
2023-01-03 10:22:09 [DEBUG  ][ln-56 ]: do
2023-01-03 10:22:32 [DEBUG  ][ln-557]: teardown_method
2023-01-03 10:22:32 [DEBUG  ][ln-551]: teardown_class
2023-01-03 10:23:52 [INFO   ][ln-47 ]: Start to load config file
2023-01-03 10:23:52 [DEBUG  ][ln-49 ]: config.ini: {'dut': {'ip': 'staging-rest.pwb.plume-dev.com'}, 'userinfo': {'usrid': 'zhicheng+2@plume.com', 'pwd': 'plume1234', 'devuserid': '62a2d6708a13a8000a1b40b9', 'devid': '60B4F7F5003B', 'mac': '60:B4:F7:F5:00:3B', 'androiddev': 'd38c1487', 'Commanduuid': '00004652-08c2-11e1-9073-0e8ac72e0011', 'Datauuid': '00004652-08c2-11e1-9073-0e8ac72e0013', 'ResponseUUID': '00004652-08c2-11e1-9073-0e8ac72e0012'}, 'unixtime': {'adddays': 0, 'addhours': 1, 'addsecs': 30}, 'allurewiget': {'Device': 'Deity Ring', 'DevVersion': 'FW v0xFF.2.11', 'FirmwareURL': 'https://drive.google.com/file/d/1VftYP92ntZ5uynnjqGla0O9qDrT7XeXj/view?usp=sharing'}, 'sleep': {'begin': '2022-12-12 23:00', 'totalsleep': 360}, 'walking': {'begin': '2022-12-13 10:00', 'totalwalking': 90}, 'running': {'begin': '2022-12-13 11:00', 'totalrunning': 90}}
2023-01-03 10:23:52 [DEBUG  ][ln-548]: ======================================== Star to run: <TestAPI> ========================================
2023-01-03 10:23:52 [DEBUG  ][ln-554]: ======================================== Star to run: <test_beacon_func> ========================================
2023-01-03 10:23:58 [INFO   ][ln-102]: ##################################################################

2023-01-03 10:23:58 [INFO   ][ln-103]: #  Test case : ( BLE beacon scan via Android Phone (FrodoPlume App)  #)

2023-01-03 10:23:58 [INFO   ][ln-104]: ##################################################################)

2023-01-03 10:23:58 [INFO   ][ln-105]: ##################################################################
2023-01-03 10:24:36 [DEBUG  ][ln-59 ]: undo
2023-01-03 10:24:59 [DEBUG  ][ln-557]: teardown_method
2023-01-03 10:24:59 [DEBUG  ][ln-551]: teardown_class
2023-01-03 10:44:40 [INFO   ][ln-47 ]: Start to load config file
2023-01-03 10:44:40 [DEBUG  ][ln-49 ]: config.ini: {'dut': {'ip': 'staging-rest.pwb.plume-dev.com'}, 'userinfo': {'usrid': 'zhicheng+2@plume.com', 'pwd': 'plume1234', 'devuserid': '62a2d6708a13a8000a1b40b9', 'devid': '60B4F7F5003B', 'mac': '60:B4:F7:F5:00:3B', 'androiddev': 'd38c1487', 'Commanduuid': '00004652-08c2-11e1-9073-0e8ac72e0011', 'Datauuid': '00004652-08c2-11e1-9073-0e8ac72e0013', 'ResponseUUID': '00004652-08c2-11e1-9073-0e8ac72e0012'}, 'unixtime': {'adddays': 0, 'addhours': 1, 'addsecs': 30}, 'allurewiget': {'Device': 'Deity Ring', 'DevVersion': 'FW v0xFF.2.11', 'FirmwareURL': 'https://drive.google.com/file/d/1VftYP92ntZ5uynnjqGla0O9qDrT7XeXj/view?usp=sharing'}, 'sleep': {'begin': '2022-12-12 23:00', 'totalsleep': 360}, 'walking': {'begin': '2022-12-13 10:00', 'totalwalking': 90}, 'running': {'begin': '2022-12-13 11:00', 'totalrunning': 90}}
2023-01-03 10:44:40 [DEBUG  ][ln-548]: ======================================== Star to run: <TestAPI> ========================================
2023-01-03 10:44:40 [DEBUG  ][ln-554]: ======================================== Star to run: <test_beacon_func> ========================================
2023-01-03 10:44:46 [INFO   ][ln-116]: ##################################################################

2023-01-03 10:44:46 [INFO   ][ln-117]: #  Test case : ( BLE beacon scan via Android Phone (FrodoPlume App)  #)

2023-01-03 10:44:46 [INFO   ][ln-118]: ##################################################################)

2023-01-03 10:44:46 [INFO   ][ln-119]: ##################################################################
2023-01-03 10:45:25 [DEBUG  ][ln-56 ]: Lanch the FrodoPlume APP successfully.
2023-01-03 10:45:38 [DEBUG  ][ln-66 ]: Click the START button successfully.
2023-01-03 10:45:41 [DEBUG  ][ln-78 ]: Click EVT2_TI_0_003B to connect successfully.
2023-01-03 10:45:48 [DEBUG  ][ln-88 ]: Click the Register button to register successfully.
2023-01-03 10:45:48 [DEBUG  ][ln-557]: teardown_method
2023-01-03 10:45:48 [DEBUG  ][ln-551]: teardown_class
2023-01-03 10:49:48 [INFO   ][ln-47 ]: Start to load config file
2023-01-03 10:49:48 [DEBUG  ][ln-49 ]: config.ini: {'dut': {'ip': 'staging-rest.pwb.plume-dev.com'}, 'userinfo': {'usrid': 'zhicheng+2@plume.com', 'pwd': 'plume1234', 'devuserid': '62a2d6708a13a8000a1b40b9', 'devid': '60B4F7F5003B', 'mac': '60:B4:F7:F5:00:3B', 'androiddev': 'd38c1487', 'Commanduuid': '00004652-08c2-11e1-9073-0e8ac72e0011', 'Datauuid': '00004652-08c2-11e1-9073-0e8ac72e0013', 'ResponseUUID': '00004652-08c2-11e1-9073-0e8ac72e0012'}, 'unixtime': {'adddays': 0, 'addhours': 1, 'addsecs': 30}, 'allurewiget': {'Device': 'Deity Ring', 'DevVersion': 'FW v0xFF.2.11', 'FirmwareURL': 'https://drive.google.com/file/d/1VftYP92ntZ5uynnjqGla0O9qDrT7XeXj/view?usp=sharing'}, 'sleep': {'begin': '2022-12-12 23:00', 'totalsleep': 360}, 'walking': {'begin': '2022-12-13 10:00', 'totalwalking': 90}, 'running': {'begin': '2022-12-13 11:00', 'totalrunning': 90}}
2023-01-03 10:49:48 [DEBUG  ][ln-548]: ======================================== Star to run: <TestAPI> ========================================
2023-01-03 10:49:48 [DEBUG  ][ln-554]: ======================================== Star to run: <test_beacon_func> ========================================
2023-01-03 10:49:54 [INFO   ][ln-116]: ##################################################################

2023-01-03 10:49:54 [INFO   ][ln-117]: #  Test case : ( BLE beacon scan via Android Phone (FrodoPlume App)  #)

2023-01-03 10:49:54 [INFO   ][ln-118]: ##################################################################)

2023-01-03 10:49:54 [INFO   ][ln-119]: ##################################################################
2023-01-03 10:50:34 [DEBUG  ][ln-56 ]: Lanch the FrodoPlume APP successfully.
2023-01-03 10:50:46 [DEBUG  ][ln-66 ]: Click the START button successfully.
2023-01-03 10:50:50 [DEBUG  ][ln-78 ]: Click EVT2_TI_0_003B to connect successfully.
2023-01-03 10:50:57 [DEBUG  ][ln-88 ]: Click the Register button to register successfully.
2023-01-03 10:50:57 [DEBUG  ][ln-557]: teardown_method
2023-01-03 10:50:57 [DEBUG  ][ln-551]: teardown_class
2023-01-03 11:00:32 [INFO   ][ln-47 ]: Start to load config file
2023-01-03 11:00:32 [DEBUG  ][ln-49 ]: config.ini: {'dut': {'ip': 'staging-rest.pwb.plume-dev.com'}, 'userinfo': {'usrid': 'zhicheng+2@plume.com', 'pwd': 'plume1234', 'devuserid': '62a2d6708a13a8000a1b40b9', 'devid': '60B4F7F5003B', 'mac': '60:B4:F7:F5:00:3B', 'androiddev': 'd38c1487', 'Commanduuid': '00004652-08c2-11e1-9073-0e8ac72e0011', 'Datauuid': '00004652-08c2-11e1-9073-0e8ac72e0013', 'ResponseUUID': '00004652-08c2-11e1-9073-0e8ac72e0012'}, 'unixtime': {'adddays': 0, 'addhours': 1, 'addsecs': 30}, 'allurewiget': {'Device': 'Deity Ring', 'DevVersion': 'FW v0xFF.2.11', 'FirmwareURL': 'https://drive.google.com/file/d/1VftYP92ntZ5uynnjqGla0O9qDrT7XeXj/view?usp=sharing'}, 'sleep': {'begin': '2022-12-12 23:00', 'totalsleep': 360}, 'walking': {'begin': '2022-12-13 10:00', 'totalwalking': 90}, 'running': {'begin': '2022-12-13 11:00', 'totalrunning': 90}}
2023-01-03 11:00:32 [DEBUG  ][ln-548]: ======================================== Star to run: <TestAPI> ========================================
2023-01-03 11:00:32 [DEBUG  ][ln-554]: ======================================== Star to run: <test_beacon_func> ========================================
2023-01-03 11:00:38 [INFO   ][ln-126]: ##################################################################

2023-01-03 11:00:38 [INFO   ][ln-127]: #  Test case : ( BLE beacon scan via Android Phone (FrodoPlume App)  #)

2023-01-03 11:00:38 [INFO   ][ln-128]: ##################################################################)

2023-01-03 11:00:38 [INFO   ][ln-129]: ##################################################################
2023-01-03 11:01:17 [DEBUG  ][ln-56 ]: Lanch the FrodoPlume APP successfully.
2023-01-03 11:01:30 [DEBUG  ][ln-66 ]: Unregister the device successfully.
2023-01-03 11:01:37 [DEBUG  ][ln-76 ]: Click the START button successfully.
2023-01-03 11:01:40 [DEBUG  ][ln-91 ]: Failed to click EVT2_TI_0_003B to connect!
2023-01-03 11:01:57 [DEBUG  ][ln-98 ]: Click the Register button to register successfully.
2023-01-03 11:01:57 [DEBUG  ][ln-557]: teardown_method
2023-01-03 11:01:57 [DEBUG  ][ln-551]: teardown_class
2023-01-03 11:12:15 [INFO   ][ln-47 ]: Start to load config file
2023-01-03 11:12:15 [DEBUG  ][ln-49 ]: config.ini: {'dut': {'ip': 'staging-rest.pwb.plume-dev.com'}, 'userinfo': {'usrid': 'zhicheng+2@plume.com', 'pwd': 'plume1234', 'devuserid': '62a2d6708a13a8000a1b40b9', 'devid': '60B4F7F5003B', 'mac': '60:B4:F7:F5:00:3B', 'androiddev': 'd38c1487', 'Commanduuid': '00004652-08c2-11e1-9073-0e8ac72e0011', 'Datauuid': '00004652-08c2-11e1-9073-0e8ac72e0013', 'ResponseUUID': '00004652-08c2-11e1-9073-0e8ac72e0012'}, 'unixtime': {'adddays': 0, 'addhours': 1, 'addsecs': 30}, 'allurewiget': {'Device': 'Deity Ring', 'DevVersion': 'FW v0xFF.2.11', 'FirmwareURL': 'https://drive.google.com/file/d/1VftYP92ntZ5uynnjqGla0O9qDrT7XeXj/view?usp=sharing'}, 'sleep': {'begin': '2022-12-12 23:00', 'totalsleep': 360}, 'walking': {'begin': '2022-12-13 10:00', 'totalwalking': 90}, 'running': {'begin': '2022-12-13 11:00', 'totalrunning': 90}}
2023-01-03 11:12:15 [DEBUG  ][ln-548]: ======================================== Star to run: <TestAPI> ========================================
2023-01-03 11:12:15 [DEBUG  ][ln-554]: ======================================== Star to run: <test_beacon_func> ========================================
2023-01-03 11:12:20 [INFO   ][ln-122]: ##################################################################

2023-01-03 11:12:20 [INFO   ][ln-123]: #  Test case : ( BLE beacon scan via Android Phone (FrodoPlume App)  #)

2023-01-03 11:12:20 [INFO   ][ln-124]: ##################################################################)

2023-01-03 11:12:20 [INFO   ][ln-125]: ##################################################################
2023-01-03 11:13:01 [DEBUG  ][ln-56 ]: Lanch the FrodoPlume APP successfully.
2023-01-03 11:13:13 [DEBUG  ][ln-69 ]: No any device is registered!
2023-01-03 11:13:27 [DEBUG  ][ln-76 ]: Click the START button successfully.
2023-01-03 11:13:35 [DEBUG  ][ln-88 ]: Click EVT2_TI_0_003B to connect successfully.
2023-01-03 11:13:47 [DEBUG  ][ln-98 ]: Click the Register button to register successfully.
2023-01-03 11:13:47 [INFO   ][ln-156]: Done
2023-01-03 11:13:47 [DEBUG  ][ln-557]: teardown_method
2023-01-03 11:13:47 [DEBUG  ][ln-551]: teardown_class
2023-01-03 11:20:52 [INFO   ][ln-47 ]: Start to load config file
2023-01-03 11:20:52 [DEBUG  ][ln-49 ]: config.ini: {'dut': {'ip': 'staging-rest.pwb.plume-dev.com'}, 'userinfo': {'usrid': 'zhicheng+2@plume.com', 'pwd': 'plume1234', 'devuserid': '62a2d6708a13a8000a1b40b9', 'devid': '60B4F7F5003B', 'mac': '60:B4:F7:F5:00:3B', 'androiddev': 'd38c1487', 'Commanduuid': '00004652-08c2-11e1-9073-0e8ac72e0011', 'Datauuid': '00004652-08c2-11e1-9073-0e8ac72e0013', 'ResponseUUID': '00004652-08c2-11e1-9073-0e8ac72e0012'}, 'unixtime': {'adddays': 0, 'addhours': 1, 'addsecs': 30}, 'allurewiget': {'Device': 'Deity Ring', 'DevVersion': 'FW v0xFF.2.11', 'FirmwareURL': 'https://drive.google.com/file/d/1VftYP92ntZ5uynnjqGla0O9qDrT7XeXj/view?usp=sharing'}, 'sleep': {'begin': '2022-12-12 23:00', 'totalsleep': 360}, 'walking': {'begin': '2022-12-13 10:00', 'totalwalking': 90}, 'running': {'begin': '2022-12-13 11:00', 'totalrunning': 90}}
2023-01-03 11:20:52 [DEBUG  ][ln-548]: ======================================== Star to run: <TestAPI> ========================================
2023-01-03 11:20:52 [DEBUG  ][ln-554]: ======================================== Star to run: <test_beacon_func> ========================================
2023-01-03 11:20:58 [INFO   ][ln-127]: ##################################################################

2023-01-03 11:20:58 [INFO   ][ln-128]: #  Test case : ( BLE beacon scan via Android Phone (FrodoPlume App)  #)

2023-01-03 11:20:58 [INFO   ][ln-129]: ##################################################################)

2023-01-03 11:20:58 [INFO   ][ln-130]: ##################################################################
2023-01-03 11:21:37 [DEBUG  ][ln-56 ]: Lanch the FrodoPlume APP successfully.
2023-01-03 11:21:50 [DEBUG  ][ln-69 ]: No any device is registered!
2023-01-03 11:22:04 [DEBUG  ][ln-76 ]: Click the START button successfully.
2023-01-03 11:22:11 [DEBUG  ][ln-89 ]: Click EVT2_TI_0_003B to connect successfully.
2023-01-03 11:22:19 [DEBUG  ][ln-99 ]: Register the device successfully.
2023-01-03 11:22:19 [INFO   ][ln-161]: Done
2023-01-03 11:22:19 [DEBUG  ][ln-557]: teardown_method
2023-01-03 11:22:19 [DEBUG  ][ln-551]: teardown_class
2023-01-03 11:25:22 [INFO   ][ln-47 ]: Start to load config file
2023-01-03 11:25:22 [DEBUG  ][ln-49 ]: config.ini: {'dut': {'ip': 'staging-rest.pwb.plume-dev.com'}, 'userinfo': {'usrid': 'zhicheng+2@plume.com', 'pwd': 'plume1234', 'devuserid': '62a2d6708a13a8000a1b40b9', 'devid': '60B4F7F5003B', 'mac': '60:B4:F7:F5:00:3B', 'androiddev': 'd38c1487', 'Commanduuid': '00004652-08c2-11e1-9073-0e8ac72e0011', 'Datauuid': '00004652-08c2-11e1-9073-0e8ac72e0013', 'ResponseUUID': '00004652-08c2-11e1-9073-0e8ac72e0012'}, 'unixtime': {'adddays': 0, 'addhours': 1, 'addsecs': 30}, 'allurewiget': {'Device': 'Deity Ring', 'DevVersion': 'FW v0xFF.2.11', 'FirmwareURL': 'https://drive.google.com/file/d/1VftYP92ntZ5uynnjqGla0O9qDrT7XeXj/view?usp=sharing'}, 'sleep': {'begin': '2022-12-12 23:00', 'totalsleep': 360}, 'walking': {'begin': '2022-12-13 10:00', 'totalwalking': 90}, 'running': {'begin': '2022-12-13 11:00', 'totalrunning': 90}}
2023-01-03 11:25:22 [DEBUG  ][ln-548]: ======================================== Star to run: <TestAPI> ========================================
2023-01-03 11:25:22 [DEBUG  ][ln-554]: ======================================== Star to run: <test_beacon_func> ========================================
2023-01-03 11:25:28 [INFO   ][ln-127]: ##################################################################

2023-01-03 11:25:28 [INFO   ][ln-128]: #  Test case : ( BLE beacon scan via Android Phone (FrodoPlume App)  #)

2023-01-03 11:25:28 [INFO   ][ln-129]: ##################################################################)

2023-01-03 11:25:28 [INFO   ][ln-130]: ##################################################################
2023-01-03 11:26:07 [DEBUG  ][ln-56 ]: Lanch the FrodoPlume APP successfully.
2023-01-03 11:26:20 [DEBUG  ][ln-557]: teardown_method
2023-01-03 11:26:20 [DEBUG  ][ln-551]: teardown_class
2023-01-03 11:29:34 [INFO   ][ln-47 ]: Start to load config file
2023-01-03 11:29:34 [DEBUG  ][ln-49 ]: config.ini: {'dut': {'ip': 'staging-rest.pwb.plume-dev.com'}, 'userinfo': {'usrid': 'zhicheng+2@plume.com', 'pwd': 'plume1234', 'devuserid': '62a2d6708a13a8000a1b40b9', 'devid': '60B4F7F5003B', 'mac': '60:B4:F7:F5:00:3B', 'androiddev': 'd38c1487', 'Commanduuid': '00004652-08c2-11e1-9073-0e8ac72e0011', 'Datauuid': '00004652-08c2-11e1-9073-0e8ac72e0013', 'ResponseUUID': '00004652-08c2-11e1-9073-0e8ac72e0012'}, 'unixtime': {'adddays': 0, 'addhours': 1, 'addsecs': 30}, 'allurewiget': {'Device': 'Deity Ring', 'DevVersion': 'FW v0xFF.2.11', 'FirmwareURL': 'https://drive.google.com/file/d/1VftYP92ntZ5uynnjqGla0O9qDrT7XeXj/view?usp=sharing'}, 'sleep': {'begin': '2022-12-12 23:00', 'totalsleep': 360}, 'walking': {'begin': '2022-12-13 10:00', 'totalwalking': 90}, 'running': {'begin': '2022-12-13 11:00', 'totalrunning': 90}}
2023-01-03 11:29:34 [DEBUG  ][ln-548]: ======================================== Star to run: <TestAPI> ========================================
2023-01-03 11:29:34 [DEBUG  ][ln-554]: ======================================== Star to run: <test_beacon_func> ========================================
2023-01-03 11:29:40 [INFO   ][ln-127]: ##################################################################

2023-01-03 11:29:40 [INFO   ][ln-128]: #  Test case : ( BLE beacon scan via Android Phone (FrodoPlume App)  #)

2023-01-03 11:29:40 [INFO   ][ln-129]: ##################################################################)

2023-01-03 11:29:40 [INFO   ][ln-130]: ##################################################################
2023-01-03 11:30:20 [DEBUG  ][ln-56 ]: Lanch the FrodoPlume APP successfully.
2023-01-03 11:30:33 [DEBUG  ][ln-66 ]: Unregister the device successfully.
2023-01-03 11:30:41 [DEBUG  ][ln-76 ]: Click the START button successfully.
2023-01-03 11:30:48 [DEBUG  ][ln-92 ]: Failed to click EVT2_TI_0_003B to connect!
2023-01-03 11:31:00 [DEBUG  ][ln-99 ]: Register the device successfully.
2023-01-03 11:31:00 [INFO   ][ln-161]: Done
2023-01-03 11:31:00 [DEBUG  ][ln-557]: teardown_method
2023-01-03 11:31:00 [DEBUG  ][ln-551]: teardown_class
2023-01-03 11:39:16 [INFO   ][ln-47 ]: Start to load config file
2023-01-03 11:39:16 [DEBUG  ][ln-49 ]: config.ini: {'dut': {'ip': 'staging-rest.pwb.plume-dev.com'}, 'userinfo': {'usrid': 'zhicheng+2@plume.com', 'pwd': 'plume1234', 'devuserid': '62a2d6708a13a8000a1b40b9', 'devid': '60B4F7F5003B', 'mac': '60:B4:F7:F5:00:3B', 'androiddev': 'd38c1487', 'Commanduuid': '00004652-08c2-11e1-9073-0e8ac72e0011', 'Datauuid': '00004652-08c2-11e1-9073-0e8ac72e0013', 'ResponseUUID': '00004652-08c2-11e1-9073-0e8ac72e0012'}, 'unixtime': {'adddays': 0, 'addhours': 1, 'addsecs': 30}, 'allurewiget': {'Device': 'Deity Ring', 'DevVersion': 'FW v0xFF.2.11', 'FirmwareURL': 'https://drive.google.com/file/d/1VftYP92ntZ5uynnjqGla0O9qDrT7XeXj/view?usp=sharing'}, 'sleep': {'begin': '2022-12-12 23:00', 'totalsleep': 360}, 'walking': {'begin': '2022-12-13 10:00', 'totalwalking': 90}, 'running': {'begin': '2022-12-13 11:00', 'totalrunning': 90}}
2023-01-03 11:39:16 [DEBUG  ][ln-548]: ======================================== Star to run: <TestAPI> ========================================
2023-01-03 11:39:16 [DEBUG  ][ln-554]: ======================================== Star to run: <test_beacon_func> ========================================
2023-01-03 11:39:22 [INFO   ][ln-127]: ##################################################################

2023-01-03 11:39:22 [INFO   ][ln-128]: #  Test case : ( BLE beacon scan via Android Phone (FrodoPlume App)  #)

2023-01-03 11:39:22 [INFO   ][ln-129]: ##################################################################)

2023-01-03 11:39:22 [INFO   ][ln-130]: ##################################################################
2023-01-03 11:40:02 [DEBUG  ][ln-56 ]: Lanch the FrodoPlume APP successfully.
2023-01-03 11:40:15 [DEBUG  ][ln-66 ]: Unregister the device successfully.
2023-01-03 11:40:22 [DEBUG  ][ln-76 ]: Click the START button successfully.
2023-01-03 11:40:30 [DEBUG  ][ln-89 ]: Click EVT2_TI_0_003B to connect successfully.
2023-01-03 11:40:42 [DEBUG  ][ln-99 ]: Register the device successfully.
2023-01-03 11:40:42 [INFO   ][ln-161]: Done
2023-01-03 11:40:42 [DEBUG  ][ln-557]: teardown_method
2023-01-03 11:40:42 [DEBUG  ][ln-551]: teardown_class
2023-01-03 11:48:14 [INFO   ][ln-47 ]: Start to load config file
2023-01-03 11:48:14 [DEBUG  ][ln-49 ]: config.ini: {'dut': {'ip': 'staging-rest.pwb.plume-dev.com'}, 'userinfo': {'usrid': 'zhicheng+2@plume.com', 'pwd': 'plume1234', 'devuserid': '62a2d6708a13a8000a1b40b9', 'devid': '60B4F7F5003B', 'mac': '60:B4:F7:F5:00:3B', 'androiddev': 'd38c1487', 'Commanduuid': '00004652-08c2-11e1-9073-0e8ac72e0011', 'Datauuid': '00004652-08c2-11e1-9073-0e8ac72e0013', 'ResponseUUID': '00004652-08c2-11e1-9073-0e8ac72e0012'}, 'unixtime': {'adddays': 0, 'addhours': 1, 'addsecs': 30}, 'allurewiget': {'Device': 'Deity Ring', 'DevVersion': 'FW v0xFF.2.11', 'FirmwareURL': 'https://drive.google.com/file/d/1VftYP92ntZ5uynnjqGla0O9qDrT7XeXj/view?usp=sharing'}, 'sleep': {'begin': '2022-12-12 23:00', 'totalsleep': 360}, 'walking': {'begin': '2022-12-13 10:00', 'totalwalking': 90}, 'running': {'begin': '2022-12-13 11:00', 'totalrunning': 90}}
2023-01-03 11:48:14 [DEBUG  ][ln-548]: ======================================== Star to run: <TestAPI> ========================================
2023-01-03 11:48:14 [DEBUG  ][ln-554]: ======================================== Star to run: <test_beacon_func> ========================================
2023-01-03 11:48:20 [INFO   ][ln-128]: ##################################################################

2023-01-03 11:48:20 [INFO   ][ln-129]: #  Test case : ( BLE beacon scan via Android Phone (FrodoPlume App)  #)

2023-01-03 11:48:20 [INFO   ][ln-130]: ##################################################################)

2023-01-03 11:48:20 [INFO   ][ln-131]: ##################################################################
2023-01-03 11:49:00 [DEBUG  ][ln-56 ]: Lanch the FrodoPlume APP successfully.
2023-01-03 11:49:12 [DEBUG  ][ln-557]: teardown_method
2023-01-03 11:49:12 [DEBUG  ][ln-551]: teardown_class
2023-01-03 11:49:34 [INFO   ][ln-47 ]: Start to load config file
2023-01-03 11:49:34 [DEBUG  ][ln-49 ]: config.ini: {'dut': {'ip': 'staging-rest.pwb.plume-dev.com'}, 'userinfo': {'usrid': 'zhicheng+2@plume.com', 'pwd': 'plume1234', 'devuserid': '62a2d6708a13a8000a1b40b9', 'devid': '60B4F7F5003B', 'mac': '60:B4:F7:F5:00:3B', 'androiddev': 'd38c1487', 'Commanduuid': '00004652-08c2-11e1-9073-0e8ac72e0011', 'Datauuid': '00004652-08c2-11e1-9073-0e8ac72e0013', 'ResponseUUID': '00004652-08c2-11e1-9073-0e8ac72e0012'}, 'unixtime': {'adddays': 0, 'addhours': 1, 'addsecs': 30}, 'allurewiget': {'Device': 'Deity Ring', 'DevVersion': 'FW v0xFF.2.11', 'FirmwareURL': 'https://drive.google.com/file/d/1VftYP92ntZ5uynnjqGla0O9qDrT7XeXj/view?usp=sharing'}, 'sleep': {'begin': '2022-12-12 23:00', 'totalsleep': 360}, 'walking': {'begin': '2022-12-13 10:00', 'totalwalking': 90}, 'running': {'begin': '2022-12-13 11:00', 'totalrunning': 90}}
2023-01-03 11:49:35 [DEBUG  ][ln-548]: ======================================== Star to run: <TestAPI> ========================================
2023-01-03 11:49:35 [DEBUG  ][ln-554]: ======================================== Star to run: <test_beacon_func> ========================================
2023-01-03 11:49:41 [INFO   ][ln-128]: ##################################################################

2023-01-03 11:49:41 [INFO   ][ln-129]: #  Test case : ( BLE beacon scan via Android Phone (FrodoPlume App)  #)

2023-01-03 11:49:41 [INFO   ][ln-130]: ##################################################################)

2023-01-03 11:49:41 [INFO   ][ln-131]: ##################################################################
2023-01-03 11:50:20 [DEBUG  ][ln-56 ]: Lanch the FrodoPlume APP successfully.
2023-01-03 11:50:33 [DEBUG  ][ln-557]: teardown_method
2023-01-03 11:50:33 [DEBUG  ][ln-551]: teardown_class
2023-01-03 12:39:56 [INFO   ][ln-47 ]: Start to load config file
2023-01-03 12:39:56 [DEBUG  ][ln-49 ]: config.ini: {'dut': {'ip': 'staging-rest.pwb.plume-dev.com'}, 'userinfo': {'usrid': 'zhicheng+2@plume.com', 'pwd': 'plume1234', 'devuserid': '62a2d6708a13a8000a1b40b9', 'devid': '60B4F7F5003B', 'mac': '60:B4:F7:F5:00:3B', 'androiddev': 'd38c1487', 'Commanduuid': '00004652-08c2-11e1-9073-0e8ac72e0011', 'Datauuid': '00004652-08c2-11e1-9073-0e8ac72e0013', 'ResponseUUID': '00004652-08c2-11e1-9073-0e8ac72e0012'}, 'unixtime': {'adddays': 0, 'addhours': 1, 'addsecs': 30}, 'allurewiget': {'Device': 'Deity Ring', 'DevVersion': 'FW v0xFF.2.11', 'FirmwareURL': 'https://drive.google.com/file/d/1VftYP92ntZ5uynnjqGla0O9qDrT7XeXj/view?usp=sharing'}, 'sleep': {'begin': '2022-12-12 23:00', 'totalsleep': 360}, 'walking': {'begin': '2022-12-13 10:00', 'totalwalking': 90}, 'running': {'begin': '2022-12-13 11:00', 'totalrunning': 90}}
2023-01-03 12:39:56 [DEBUG  ][ln-548]: ======================================== Star to run: <TestAPI> ========================================
2023-01-03 12:39:56 [DEBUG  ][ln-554]: ======================================== Star to run: <test_beacon_func> ========================================
2023-01-03 12:40:02 [INFO   ][ln-128]: ##################################################################

2023-01-03 12:40:02 [INFO   ][ln-129]: #  Test case : ( BLE beacon scan via Android Phone (FrodoPlume App)  #)

2023-01-03 12:40:02 [INFO   ][ln-130]: ##################################################################)

2023-01-03 12:40:02 [INFO   ][ln-131]: ##################################################################
2023-01-03 12:40:51 [DEBUG  ][ln-56 ]: Lanch the FrodoPlume APP successfully.
2023-01-03 12:41:03 [DEBUG  ][ln-557]: teardown_method
2023-01-03 12:41:03 [DEBUG  ][ln-551]: teardown_class
2023-01-03 12:45:44 [INFO   ][ln-47 ]: Start to load config file
2023-01-03 12:45:44 [DEBUG  ][ln-49 ]: config.ini: {'dut': {'ip': 'staging-rest.pwb.plume-dev.com'}, 'userinfo': {'usrid': 'zhicheng+2@plume.com', 'pwd': 'plume1234', 'devuserid': '62a2d6708a13a8000a1b40b9', 'devid': '60B4F7F5003B', 'mac': '60:B4:F7:F5:00:3B', 'androiddev': 'd38c1487', 'Commanduuid': '00004652-08c2-11e1-9073-0e8ac72e0011', 'Datauuid': '00004652-08c2-11e1-9073-0e8ac72e0013', 'ResponseUUID': '00004652-08c2-11e1-9073-0e8ac72e0012'}, 'unixtime': {'adddays': 0, 'addhours': 1, 'addsecs': 30}, 'allurewiget': {'Device': 'Deity Ring', 'DevVersion': 'FW v0xFF.2.11', 'FirmwareURL': 'https://drive.google.com/file/d/1VftYP92ntZ5uynnjqGla0O9qDrT7XeXj/view?usp=sharing'}, 'sleep': {'begin': '2022-12-12 23:00', 'totalsleep': 360}, 'walking': {'begin': '2022-12-13 10:00', 'totalwalking': 90}, 'running': {'begin': '2022-12-13 11:00', 'totalrunning': 90}}
2023-01-03 12:45:44 [DEBUG  ][ln-548]: ======================================== Star to run: <TestAPI> ========================================
2023-01-03 12:45:44 [DEBUG  ][ln-554]: ======================================== Star to run: <test_beacon_func> ========================================
2023-01-03 12:45:50 [INFO   ][ln-128]: ##################################################################

2023-01-03 12:45:50 [INFO   ][ln-129]: #  Test case : ( BLE beacon scan via Android Phone (FrodoPlume App)  #)

2023-01-03 12:45:50 [INFO   ][ln-130]: ##################################################################)

2023-01-03 12:45:50 [INFO   ][ln-131]: ##################################################################
2023-01-03 12:46:30 [DEBUG  ][ln-56 ]: Lanch the FrodoPlume APP successfully.
2023-01-03 12:46:42 [DEBUG  ][ln-557]: teardown_method
2023-01-03 12:46:42 [DEBUG  ][ln-551]: teardown_class
2023-01-03 12:47:30 [INFO   ][ln-47 ]: Start to load config file
2023-01-03 12:47:30 [DEBUG  ][ln-49 ]: config.ini: {'dut': {'ip': 'staging-rest.pwb.plume-dev.com'}, 'userinfo': {'usrid': 'zhicheng+2@plume.com', 'pwd': 'plume1234', 'devuserid': '62a2d6708a13a8000a1b40b9', 'devid': '60B4F7F5003B', 'mac': '60:B4:F7:F5:00:3B', 'androiddev': 'd38c1487', 'Commanduuid': '00004652-08c2-11e1-9073-0e8ac72e0011', 'Datauuid': '00004652-08c2-11e1-9073-0e8ac72e0013', 'ResponseUUID': '00004652-08c2-11e1-9073-0e8ac72e0012'}, 'unixtime': {'adddays': 0, 'addhours': 1, 'addsecs': 30}, 'allurewiget': {'Device': 'Deity Ring', 'DevVersion': 'FW v0xFF.2.11', 'FirmwareURL': 'https://drive.google.com/file/d/1VftYP92ntZ5uynnjqGla0O9qDrT7XeXj/view?usp=sharing'}, 'sleep': {'begin': '2022-12-12 23:00', 'totalsleep': 360}, 'walking': {'begin': '2022-12-13 10:00', 'totalwalking': 90}, 'running': {'begin': '2022-12-13 11:00', 'totalrunning': 90}}
2023-01-03 12:47:30 [DEBUG  ][ln-548]: ======================================== Star to run: <TestAPI> ========================================
2023-01-03 12:47:30 [DEBUG  ][ln-554]: ======================================== Star to run: <test_beacon_func> ========================================
2023-01-03 12:47:36 [INFO   ][ln-128]: ##################################################################

2023-01-03 12:47:36 [INFO   ][ln-129]: #  Test case : ( BLE beacon scan via Android Phone (FrodoPlume App)  #)

2023-01-03 12:47:36 [INFO   ][ln-130]: ##################################################################)

2023-01-03 12:47:36 [INFO   ][ln-131]: ##################################################################
2023-01-03 12:52:46 [DEBUG  ][ln-557]: teardown_method
2023-01-03 12:52:46 [DEBUG  ][ln-551]: teardown_class
2023-01-03 12:58:24 [INFO   ][ln-47 ]: Start to load config file
2023-01-03 12:58:24 [DEBUG  ][ln-49 ]: config.ini: {'dut': {'ip': 'staging-rest.pwb.plume-dev.com'}, 'userinfo': {'usrid': 'zhicheng+2@plume.com', 'pwd': 'plume1234', 'devuserid': '62a2d6708a13a8000a1b40b9', 'devid': '60B4F7F5003B', 'mac': '60:B4:F7:F5:00:3B', 'androiddev': 'd38c1487', 'Commanduuid': '00004652-08c2-11e1-9073-0e8ac72e0011', 'Datauuid': '00004652-08c2-11e1-9073-0e8ac72e0013', 'ResponseUUID': '00004652-08c2-11e1-9073-0e8ac72e0012'}, 'unixtime': {'adddays': 0, 'addhours': 1, 'addsecs': 30}, 'allurewiget': {'Device': 'Deity Ring', 'DevVersion': 'FW v0xFF.2.11', 'FirmwareURL': 'https://drive.google.com/file/d/1VftYP92ntZ5uynnjqGla0O9qDrT7XeXj/view?usp=sharing'}, 'sleep': {'begin': '2022-12-12 23:00', 'totalsleep': 360}, 'walking': {'begin': '2022-12-13 10:00', 'totalwalking': 90}, 'running': {'begin': '2022-12-13 11:00', 'totalrunning': 90}}
2023-01-03 12:58:24 [DEBUG  ][ln-548]: ======================================== Star to run: <TestAPI> ========================================
2023-01-03 12:58:24 [DEBUG  ][ln-554]: ======================================== Star to run: <test_beacon_func> ========================================
2023-01-03 12:58:30 [INFO   ][ln-128]: ##################################################################

2023-01-03 12:58:30 [INFO   ][ln-129]: #  Test case : ( BLE beacon scan via Android Phone (FrodoPlume App)  #)

2023-01-03 12:58:30 [INFO   ][ln-130]: ##################################################################)

2023-01-03 12:58:30 [INFO   ][ln-131]: ##################################################################
2023-01-03 12:59:10 [DEBUG  ][ln-56 ]: Lanch the FrodoPlume APP successfully.
2023-01-03 12:59:22 [DEBUG  ][ln-557]: teardown_method
2023-01-03 12:59:22 [DEBUG  ][ln-551]: teardown_class
2023-01-03 13:00:58 [INFO   ][ln-47 ]: Start to load config file
2023-01-03 13:00:58 [DEBUG  ][ln-49 ]: config.ini: {'dut': {'ip': 'staging-rest.pwb.plume-dev.com'}, 'userinfo': {'usrid': 'zhicheng+2@plume.com', 'pwd': 'plume1234', 'devuserid': '62a2d6708a13a8000a1b40b9', 'devid': '60B4F7F5003B', 'mac': '60:B4:F7:F5:00:3B', 'androiddev': 'd38c1487', 'Commanduuid': '00004652-08c2-11e1-9073-0e8ac72e0011', 'Datauuid': '00004652-08c2-11e1-9073-0e8ac72e0013', 'ResponseUUID': '00004652-08c2-11e1-9073-0e8ac72e0012'}, 'unixtime': {'adddays': 0, 'addhours': 1, 'addsecs': 30}, 'allurewiget': {'Device': 'Deity Ring', 'DevVersion': 'FW v0xFF.2.11', 'FirmwareURL': 'https://drive.google.com/file/d/1VftYP92ntZ5uynnjqGla0O9qDrT7XeXj/view?usp=sharing'}, 'sleep': {'begin': '2022-12-12 23:00', 'totalsleep': 360}, 'walking': {'begin': '2022-12-13 10:00', 'totalwalking': 90}, 'running': {'begin': '2022-12-13 11:00', 'totalrunning': 90}}
2023-01-03 13:00:58 [DEBUG  ][ln-548]: ======================================== Star to run: <TestAPI> ========================================
2023-01-03 13:00:58 [DEBUG  ][ln-554]: ======================================== Star to run: <test_beacon_func> ========================================
2023-01-03 13:01:04 [INFO   ][ln-128]: ##################################################################

2023-01-03 13:01:04 [INFO   ][ln-129]: #  Test case : ( BLE beacon scan via Android Phone (FrodoPlume App)  #)

2023-01-03 13:01:04 [INFO   ][ln-130]: ##################################################################)

2023-01-03 13:01:04 [INFO   ][ln-131]: ##################################################################
2023-01-03 13:01:44 [DEBUG  ][ln-56 ]: Lanch the FrodoPlume APP successfully.
2023-01-03 13:01:57 [DEBUG  ][ln-557]: teardown_method
2023-01-03 13:01:57 [DEBUG  ][ln-551]: teardown_class
2023-01-03 13:02:55 [INFO   ][ln-47 ]: Start to load config file
2023-01-03 13:02:55 [DEBUG  ][ln-49 ]: config.ini: {'dut': {'ip': 'staging-rest.pwb.plume-dev.com'}, 'userinfo': {'usrid': 'zhicheng+2@plume.com', 'pwd': 'plume1234', 'devuserid': '62a2d6708a13a8000a1b40b9', 'devid': '60B4F7F5003B', 'mac': '60:B4:F7:F5:00:3B', 'androiddev': 'd38c1487', 'Commanduuid': '00004652-08c2-11e1-9073-0e8ac72e0011', 'Datauuid': '00004652-08c2-11e1-9073-0e8ac72e0013', 'ResponseUUID': '00004652-08c2-11e1-9073-0e8ac72e0012'}, 'unixtime': {'adddays': 0, 'addhours': 1, 'addsecs': 30}, 'allurewiget': {'Device': 'Deity Ring', 'DevVersion': 'FW v0xFF.2.11', 'FirmwareURL': 'https://drive.google.com/file/d/1VftYP92ntZ5uynnjqGla0O9qDrT7XeXj/view?usp=sharing'}, 'sleep': {'begin': '2022-12-12 23:00', 'totalsleep': 360}, 'walking': {'begin': '2022-12-13 10:00', 'totalwalking': 90}, 'running': {'begin': '2022-12-13 11:00', 'totalrunning': 90}}
2023-01-03 13:02:55 [DEBUG  ][ln-548]: ======================================== Star to run: <TestAPI> ========================================
2023-01-03 13:02:55 [DEBUG  ][ln-554]: ======================================== Star to run: <test_beacon_func> ========================================
2023-01-03 13:03:02 [INFO   ][ln-128]: ##################################################################

2023-01-03 13:03:02 [INFO   ][ln-129]: #  Test case : ( BLE beacon scan via Android Phone (FrodoPlume App)  #)

2023-01-03 13:03:02 [INFO   ][ln-130]: ##################################################################)

2023-01-03 13:03:02 [INFO   ][ln-131]: ##################################################################
2023-01-03 13:03:41 [DEBUG  ][ln-56 ]: Lanch the FrodoPlume APP successfully.
2023-01-03 13:03:54 [DEBUG  ][ln-557]: teardown_method
2023-01-03 13:03:54 [DEBUG  ][ln-551]: teardown_class
2023-01-03 13:06:03 [INFO   ][ln-47 ]: Start to load config file
2023-01-03 13:06:03 [DEBUG  ][ln-49 ]: config.ini: {'dut': {'ip': 'staging-rest.pwb.plume-dev.com'}, 'userinfo': {'usrid': 'zhicheng+2@plume.com', 'pwd': 'plume1234', 'devuserid': '62a2d6708a13a8000a1b40b9', 'devid': '60B4F7F5003B', 'mac': '60:B4:F7:F5:00:3B', 'androiddev': 'd38c1487', 'Commanduuid': '00004652-08c2-11e1-9073-0e8ac72e0011', 'Datauuid': '00004652-08c2-11e1-9073-0e8ac72e0013', 'ResponseUUID': '00004652-08c2-11e1-9073-0e8ac72e0012'}, 'unixtime': {'adddays': 0, 'addhours': 1, 'addsecs': 30}, 'allurewiget': {'Device': 'Deity Ring', 'DevVersion': 'FW v0xFF.2.11', 'FirmwareURL': 'https://drive.google.com/file/d/1VftYP92ntZ5uynnjqGla0O9qDrT7XeXj/view?usp=sharing'}, 'sleep': {'begin': '2022-12-12 23:00', 'totalsleep': 360}, 'walking': {'begin': '2022-12-13 10:00', 'totalwalking': 90}, 'running': {'begin': '2022-12-13 11:00', 'totalrunning': 90}}
2023-01-03 13:06:03 [DEBUG  ][ln-548]: ======================================== Star to run: <TestAPI> ========================================
2023-01-03 13:06:03 [DEBUG  ][ln-554]: ======================================== Star to run: <test_beacon_func> ========================================
2023-01-03 13:06:09 [INFO   ][ln-127]: ##################################################################

2023-01-03 13:06:09 [INFO   ][ln-128]: #  Test case : ( BLE beacon scan via Android Phone (FrodoPlume App)  #)

2023-01-03 13:06:09 [INFO   ][ln-129]: ##################################################################)

2023-01-03 13:06:09 [INFO   ][ln-130]: ##################################################################
2023-01-03 13:06:49 [DEBUG  ][ln-56 ]: Lanch the FrodoPlume APP successfully.
2023-01-03 13:07:01 [DEBUG  ][ln-557]: teardown_method
2023-01-03 13:07:01 [DEBUG  ][ln-551]: teardown_class
2023-01-03 13:07:40 [INFO   ][ln-47 ]: Start to load config file
2023-01-03 13:07:40 [DEBUG  ][ln-49 ]: config.ini: {'dut': {'ip': 'staging-rest.pwb.plume-dev.com'}, 'userinfo': {'usrid': 'zhicheng+2@plume.com', 'pwd': 'plume1234', 'devuserid': '62a2d6708a13a8000a1b40b9', 'devid': '60B4F7F5003B', 'mac': '60:B4:F7:F5:00:3B', 'androiddev': 'd38c1487', 'Commanduuid': '00004652-08c2-11e1-9073-0e8ac72e0011', 'Datauuid': '00004652-08c2-11e1-9073-0e8ac72e0013', 'ResponseUUID': '00004652-08c2-11e1-9073-0e8ac72e0012'}, 'unixtime': {'adddays': 0, 'addhours': 1, 'addsecs': 30}, 'allurewiget': {'Device': 'Deity Ring', 'DevVersion': 'FW v0xFF.2.11', 'FirmwareURL': 'https://drive.google.com/file/d/1VftYP92ntZ5uynnjqGla0O9qDrT7XeXj/view?usp=sharing'}, 'sleep': {'begin': '2022-12-12 23:00', 'totalsleep': 360}, 'walking': {'begin': '2022-12-13 10:00', 'totalwalking': 90}, 'running': {'begin': '2022-12-13 11:00', 'totalrunning': 90}}
2023-01-03 13:07:40 [DEBUG  ][ln-548]: ======================================== Star to run: <TestAPI> ========================================
2023-01-03 13:07:40 [DEBUG  ][ln-554]: ======================================== Star to run: <test_beacon_func> ========================================
2023-01-03 13:07:46 [INFO   ][ln-127]: ##################################################################

2023-01-03 13:07:46 [INFO   ][ln-128]: #  Test case : ( BLE beacon scan via Android Phone (FrodoPlume App)  #)

2023-01-03 13:07:46 [INFO   ][ln-129]: ##################################################################)

2023-01-03 13:07:46 [INFO   ][ln-130]: ##################################################################
2023-01-03 13:08:26 [DEBUG  ][ln-56 ]: Lanch the FrodoPlume APP successfully.
2023-01-03 13:08:38 [DEBUG  ][ln-557]: teardown_method
2023-01-03 13:08:38 [DEBUG  ][ln-551]: teardown_class
2023-01-03 13:09:31 [INFO   ][ln-47 ]: Start to load config file
2023-01-03 13:09:31 [DEBUG  ][ln-49 ]: config.ini: {'dut': {'ip': 'staging-rest.pwb.plume-dev.com'}, 'userinfo': {'usrid': 'zhicheng+2@plume.com', 'pwd': 'plume1234', 'devuserid': '62a2d6708a13a8000a1b40b9', 'devid': '60B4F7F5003B', 'mac': '60:B4:F7:F5:00:3B', 'androiddev': 'd38c1487', 'Commanduuid': '00004652-08c2-11e1-9073-0e8ac72e0011', 'Datauuid': '00004652-08c2-11e1-9073-0e8ac72e0013', 'ResponseUUID': '00004652-08c2-11e1-9073-0e8ac72e0012'}, 'unixtime': {'adddays': 0, 'addhours': 1, 'addsecs': 30}, 'allurewiget': {'Device': 'Deity Ring', 'DevVersion': 'FW v0xFF.2.11', 'FirmwareURL': 'https://drive.google.com/file/d/1VftYP92ntZ5uynnjqGla0O9qDrT7XeXj/view?usp=sharing'}, 'sleep': {'begin': '2022-12-12 23:00', 'totalsleep': 360}, 'walking': {'begin': '2022-12-13 10:00', 'totalwalking': 90}, 'running': {'begin': '2022-12-13 11:00', 'totalrunning': 90}}
2023-01-03 13:09:32 [DEBUG  ][ln-548]: ======================================== Star to run: <TestAPI> ========================================
2023-01-03 13:09:32 [DEBUG  ][ln-554]: ======================================== Star to run: <test_beacon_func> ========================================
2023-01-03 13:09:38 [INFO   ][ln-127]: ##################################################################

2023-01-03 13:09:38 [INFO   ][ln-128]: #  Test case : ( BLE beacon scan via Android Phone (FrodoPlume App)  #)

2023-01-03 13:09:38 [INFO   ][ln-129]: ##################################################################)

2023-01-03 13:09:38 [INFO   ][ln-130]: ##################################################################
2023-01-03 13:10:17 [DEBUG  ][ln-56 ]: Lanch the FrodoPlume APP successfully.
2023-01-03 13:10:31 [DEBUG  ][ln-66 ]: Unregister the device successfully.
2023-01-03 13:10:38 [DEBUG  ][ln-76 ]: Click the START button successfully.
2023-01-03 13:10:46 [DEBUG  ][ln-89 ]: Click EVT2_TI_0_003B to connect successfully.
2023-01-03 13:10:58 [DEBUG  ][ln-99 ]: Register the device successfully.
2023-01-03 13:10:58 [INFO   ][ln-161]: Done
2023-01-03 13:10:58 [DEBUG  ][ln-557]: teardown_method
2023-01-03 13:10:58 [DEBUG  ][ln-551]: teardown_class
2023-01-03 13:11:09 [INFO   ][ln-47 ]: Start to load config file
2023-01-03 13:11:09 [DEBUG  ][ln-49 ]: config.ini: {'dut': {'ip': 'staging-rest.pwb.plume-dev.com'}, 'userinfo': {'usrid': 'zhicheng+2@plume.com', 'pwd': 'plume1234', 'devuserid': '62a2d6708a13a8000a1b40b9', 'devid': '60B4F7F5003B', 'mac': '60:B4:F7:F5:00:3B', 'androiddev': 'd38c1487', 'Commanduuid': '00004652-08c2-11e1-9073-0e8ac72e0011', 'Datauuid': '00004652-08c2-11e1-9073-0e8ac72e0013', 'ResponseUUID': '00004652-08c2-11e1-9073-0e8ac72e0012'}, 'unixtime': {'adddays': 0, 'addhours': 1, 'addsecs': 30}, 'allurewiget': {'Device': 'Deity Ring', 'DevVersion': 'FW v0xFF.2.11', 'FirmwareURL': 'https://drive.google.com/file/d/1VftYP92ntZ5uynnjqGla0O9qDrT7XeXj/view?usp=sharing'}, 'sleep': {'begin': '2022-12-12 23:00', 'totalsleep': 360}, 'walking': {'begin': '2022-12-13 10:00', 'totalwalking': 90}, 'running': {'begin': '2022-12-13 11:00', 'totalrunning': 90}}
2023-01-03 13:11:09 [DEBUG  ][ln-548]: ======================================== Star to run: <TestAPI> ========================================
2023-01-03 13:11:09 [DEBUG  ][ln-554]: ======================================== Star to run: <test_beacon_func> ========================================
2023-01-03 13:11:15 [INFO   ][ln-127]: ##################################################################

2023-01-03 13:11:15 [INFO   ][ln-128]: #  Test case : ( BLE beacon scan via Android Phone (FrodoPlume App)  #)

2023-01-03 13:11:15 [INFO   ][ln-129]: ##################################################################)

2023-01-03 13:11:15 [INFO   ][ln-130]: ##################################################################
2023-01-03 13:11:55 [DEBUG  ][ln-56 ]: Lanch the FrodoPlume APP successfully.
2023-01-03 13:12:08 [DEBUG  ][ln-66 ]: Unregister the device successfully.
2023-01-03 13:12:16 [DEBUG  ][ln-76 ]: Click the START button successfully.
2023-01-03 13:12:23 [DEBUG  ][ln-89 ]: Click EVT2_TI_0_003B to connect successfully.
2023-01-03 13:12:36 [DEBUG  ][ln-99 ]: Register the device successfully.
2023-01-03 13:12:36 [INFO   ][ln-161]: Done
2023-01-03 13:12:36 [DEBUG  ][ln-557]: teardown_method
2023-01-03 13:12:36 [DEBUG  ][ln-551]: teardown_class
2023-01-03 13:12:50 [INFO   ][ln-47 ]: Start to load config file
2023-01-03 13:12:50 [DEBUG  ][ln-49 ]: config.ini: {'dut': {'ip': 'staging-rest.pwb.plume-dev.com'}, 'userinfo': {'usrid': 'zhicheng+2@plume.com', 'pwd': 'plume1234', 'devuserid': '62a2d6708a13a8000a1b40b9', 'devid': '60B4F7F5003B', 'mac': '60:B4:F7:F5:00:3B', 'androiddev': 'd38c1487', 'Commanduuid': '00004652-08c2-11e1-9073-0e8ac72e0011', 'Datauuid': '00004652-08c2-11e1-9073-0e8ac72e0013', 'ResponseUUID': '00004652-08c2-11e1-9073-0e8ac72e0012'}, 'unixtime': {'adddays': 0, 'addhours': 1, 'addsecs': 30}, 'allurewiget': {'Device': 'Deity Ring', 'DevVersion': 'FW v0xFF.2.11', 'FirmwareURL': 'https://drive.google.com/file/d/1VftYP92ntZ5uynnjqGla0O9qDrT7XeXj/view?usp=sharing'}, 'sleep': {'begin': '2022-12-12 23:00', 'totalsleep': 360}, 'walking': {'begin': '2022-12-13 10:00', 'totalwalking': 90}, 'running': {'begin': '2022-12-13 11:00', 'totalrunning': 90}}
2023-01-03 13:12:50 [DEBUG  ][ln-548]: ======================================== Star to run: <TestAPI> ========================================
2023-01-03 13:12:50 [DEBUG  ][ln-554]: ======================================== Star to run: <test_beacon_func> ========================================
2023-01-03 13:12:56 [INFO   ][ln-127]: ##################################################################

2023-01-03 13:12:56 [INFO   ][ln-128]: #  Test case : ( BLE beacon scan via Android Phone (FrodoPlume App)  #)

2023-01-03 13:12:56 [INFO   ][ln-129]: ##################################################################)

2023-01-03 13:12:56 [INFO   ][ln-130]: ##################################################################
2023-01-03 13:13:36 [DEBUG  ][ln-56 ]: Lanch the FrodoPlume APP successfully.
2023-01-03 13:13:48 [DEBUG  ][ln-557]: teardown_method
2023-01-03 13:13:48 [DEBUG  ][ln-551]: teardown_class
2023-01-03 13:17:36 [INFO   ][ln-47 ]: Start to load config file
2023-01-03 13:17:36 [DEBUG  ][ln-49 ]: config.ini: {'dut': {'ip': 'staging-rest.pwb.plume-dev.com'}, 'userinfo': {'usrid': 'zhicheng+2@plume.com', 'pwd': 'plume1234', 'devuserid': '62a2d6708a13a8000a1b40b9', 'devid': '60B4F7F5003B', 'mac': '60:B4:F7:F5:00:3B', 'androiddev': 'd38c1487', 'Commanduuid': '00004652-08c2-11e1-9073-0e8ac72e0011', 'Datauuid': '00004652-08c2-11e1-9073-0e8ac72e0013', 'ResponseUUID': '00004652-08c2-11e1-9073-0e8ac72e0012'}, 'unixtime': {'adddays': 0, 'addhours': 1, 'addsecs': 30}, 'allurewiget': {'Device': 'Deity Ring', 'DevVersion': 'FW v0xFF.2.11', 'FirmwareURL': 'https://drive.google.com/file/d/1VftYP92ntZ5uynnjqGla0O9qDrT7XeXj/view?usp=sharing'}, 'sleep': {'begin': '2022-12-12 23:00', 'totalsleep': 360}, 'walking': {'begin': '2022-12-13 10:00', 'totalwalking': 90}, 'running': {'begin': '2022-12-13 11:00', 'totalrunning': 90}}
2023-01-03 13:17:36 [DEBUG  ][ln-548]: ======================================== Star to run: <TestAPI> ========================================
2023-01-03 13:17:36 [DEBUG  ][ln-554]: ======================================== Star to run: <test_beacon_func> ========================================
2023-01-03 13:17:42 [INFO   ][ln-128]: ##################################################################

2023-01-03 13:17:42 [INFO   ][ln-129]: #  Test case : ( BLE beacon scan via Android Phone (FrodoPlume App)  #)

2023-01-03 13:17:42 [INFO   ][ln-130]: ##################################################################)

2023-01-03 13:17:42 [INFO   ][ln-131]: ##################################################################
2023-01-03 13:18:21 [DEBUG  ][ln-56 ]: Lanch the FrodoPlume APP successfully.
2023-01-03 13:18:34 [DEBUG  ][ln-557]: teardown_method
2023-01-03 13:18:34 [DEBUG  ][ln-551]: teardown_class
2023-01-03 13:20:06 [INFO   ][ln-47 ]: Start to load config file
2023-01-03 13:20:06 [DEBUG  ][ln-49 ]: config.ini: {'dut': {'ip': 'staging-rest.pwb.plume-dev.com'}, 'userinfo': {'usrid': 'zhicheng+2@plume.com', 'pwd': 'plume1234', 'devuserid': '62a2d6708a13a8000a1b40b9', 'devid': '60B4F7F5003B', 'mac': '60:B4:F7:F5:00:3B', 'androiddev': 'd38c1487', 'Commanduuid': '00004652-08c2-11e1-9073-0e8ac72e0011', 'Datauuid': '00004652-08c2-11e1-9073-0e8ac72e0013', 'ResponseUUID': '00004652-08c2-11e1-9073-0e8ac72e0012'}, 'unixtime': {'adddays': 0, 'addhours': 1, 'addsecs': 30}, 'allurewiget': {'Device': 'Deity Ring', 'DevVersion': 'FW v0xFF.2.11', 'FirmwareURL': 'https://drive.google.com/file/d/1VftYP92ntZ5uynnjqGla0O9qDrT7XeXj/view?usp=sharing'}, 'sleep': {'begin': '2022-12-12 23:00', 'totalsleep': 360}, 'walking': {'begin': '2022-12-13 10:00', 'totalwalking': 90}, 'running': {'begin': '2022-12-13 11:00', 'totalrunning': 90}}
2023-01-03 13:20:06 [DEBUG  ][ln-548]: ======================================== Star to run: <TestAPI> ========================================
2023-01-03 13:20:06 [DEBUG  ][ln-554]: ======================================== Star to run: <test_beacon_func> ========================================
2023-01-03 13:20:12 [INFO   ][ln-127]: ##################################################################

2023-01-03 13:20:12 [INFO   ][ln-128]: #  Test case : ( BLE beacon scan via Android Phone (FrodoPlume App)  #)

2023-01-03 13:20:12 [INFO   ][ln-129]: ##################################################################)

2023-01-03 13:20:12 [INFO   ][ln-130]: ##################################################################
2023-01-03 13:20:51 [DEBUG  ][ln-56 ]: Lanch the FrodoPlume APP successfully.
2023-01-03 13:21:04 [DEBUG  ][ln-557]: teardown_method
2023-01-03 13:21:04 [DEBUG  ][ln-551]: teardown_class
2023-01-03 13:23:28 [INFO   ][ln-47 ]: Start to load config file
2023-01-03 13:23:28 [DEBUG  ][ln-49 ]: config.ini: {'dut': {'ip': 'staging-rest.pwb.plume-dev.com'}, 'userinfo': {'usrid': 'zhicheng+2@plume.com', 'pwd': 'plume1234', 'devuserid': '62a2d6708a13a8000a1b40b9', 'devid': '60B4F7F5003B', 'mac': '60:B4:F7:F5:00:3B', 'androiddev': 'd38c1487', 'Commanduuid': '00004652-08c2-11e1-9073-0e8ac72e0011', 'Datauuid': '00004652-08c2-11e1-9073-0e8ac72e0013', 'ResponseUUID': '00004652-08c2-11e1-9073-0e8ac72e0012'}, 'unixtime': {'adddays': 0, 'addhours': 1, 'addsecs': 30}, 'allurewiget': {'Device': 'Deity Ring', 'DevVersion': 'FW v0xFF.2.11', 'FirmwareURL': 'https://drive.google.com/file/d/1VftYP92ntZ5uynnjqGla0O9qDrT7XeXj/view?usp=sharing'}, 'sleep': {'begin': '2022-12-12 23:00', 'totalsleep': 360}, 'walking': {'begin': '2022-12-13 10:00', 'totalwalking': 90}, 'running': {'begin': '2022-12-13 11:00', 'totalrunning': 90}}
2023-01-03 13:23:28 [DEBUG  ][ln-548]: ======================================== Star to run: <TestAPI> ========================================
2023-01-03 13:23:28 [DEBUG  ][ln-554]: ======================================== Star to run: <test_beacon_func> ========================================
2023-01-03 13:23:34 [INFO   ][ln-128]: ##################################################################

2023-01-03 13:23:34 [INFO   ][ln-129]: #  Test case : ( BLE beacon scan via Android Phone (FrodoPlume App)  #)

2023-01-03 13:23:34 [INFO   ][ln-130]: ##################################################################)

2023-01-03 13:23:34 [INFO   ][ln-131]: ##################################################################
2023-01-03 13:24:14 [DEBUG  ][ln-56 ]: Lanch the FrodoPlume APP successfully.
2023-01-03 13:24:26 [DEBUG  ][ln-70 ]: No any device is registered!
2023-01-03 13:24:41 [DEBUG  ][ln-77 ]: Click the START button successfully.
2023-01-03 13:24:48 [DEBUG  ][ln-90 ]: Click EVT2_TI_0_003B to connect successfully.
2023-01-03 13:25:01 [DEBUG  ][ln-100]: Register the device successfully.
2023-01-03 13:25:01 [INFO   ][ln-162]: Done
2023-01-03 13:25:01 [DEBUG  ][ln-557]: teardown_method
2023-01-03 13:25:01 [DEBUG  ][ln-551]: teardown_class
2023-01-03 13:31:19 [INFO   ][ln-47 ]: Start to load config file
2023-01-03 13:31:19 [DEBUG  ][ln-49 ]: config.ini: {'dut': {'ip': 'staging-rest.pwb.plume-dev.com'}, 'userinfo': {'usrid': 'zhicheng+2@plume.com', 'pwd': 'plume1234', 'devuserid': '62a2d6708a13a8000a1b40b9', 'devid': '60B4F7F5003B', 'mac': '60:B4:F7:F5:00:3B', 'androiddev': 'd38c1487', 'Commanduuid': '00004652-08c2-11e1-9073-0e8ac72e0011', 'Datauuid': '00004652-08c2-11e1-9073-0e8ac72e0013', 'ResponseUUID': '00004652-08c2-11e1-9073-0e8ac72e0012'}, 'unixtime': {'adddays': 0, 'addhours': 1, 'addsecs': 30}, 'allurewiget': {'Device': 'Deity Ring', 'DevVersion': 'FW v0xFF.2.11', 'FirmwareURL': 'https://drive.google.com/file/d/1VftYP92ntZ5uynnjqGla0O9qDrT7XeXj/view?usp=sharing'}, 'sleep': {'begin': '2022-12-12 23:00', 'totalsleep': 360}, 'walking': {'begin': '2022-12-13 10:00', 'totalwalking': 90}, 'running': {'begin': '2022-12-13 11:00', 'totalrunning': 90}}
2023-01-03 13:31:19 [DEBUG  ][ln-548]: ======================================== Star to run: <TestAPI> ========================================
2023-01-03 13:31:19 [DEBUG  ][ln-554]: ======================================== Star to run: <test_beacon_func> ========================================
2023-01-03 13:31:25 [INFO   ][ln-128]: ##################################################################

2023-01-03 13:31:25 [INFO   ][ln-129]: #  Test case : ( BLE beacon scan via Android Phone (FrodoPlume App)  #)

2023-01-03 13:31:25 [INFO   ][ln-130]: ##################################################################)

2023-01-03 13:31:25 [INFO   ][ln-131]: ##################################################################
2023-01-03 13:32:05 [DEBUG  ][ln-56 ]: Lanch the FrodoPlume APP successfully.
2023-01-03 13:32:17 [DEBUG  ][ln-69 ]: No any device is registered!
2023-01-03 13:32:25 [DEBUG  ][ln-76 ]: Click the START button successfully.
2023-01-03 13:32:33 [DEBUG  ][ln-89 ]: Click EVT2_TI_0_003B to connect successfully.
2023-01-03 13:32:43 [DEBUG  ][ln-557]: teardown_method
2023-01-03 13:32:43 [DEBUG  ][ln-551]: teardown_class
2023-01-03 13:33:20 [INFO   ][ln-47 ]: Start to load config file
2023-01-03 13:33:20 [DEBUG  ][ln-49 ]: config.ini: {'dut': {'ip': 'staging-rest.pwb.plume-dev.com'}, 'userinfo': {'usrid': 'zhicheng+2@plume.com', 'pwd': 'plume1234', 'devuserid': '62a2d6708a13a8000a1b40b9', 'devid': '60B4F7F5003B', 'mac': '60:B4:F7:F5:00:3B', 'androiddev': 'd38c1487', 'Commanduuid': '00004652-08c2-11e1-9073-0e8ac72e0011', 'Datauuid': '00004652-08c2-11e1-9073-0e8ac72e0013', 'ResponseUUID': '00004652-08c2-11e1-9073-0e8ac72e0012'}, 'unixtime': {'adddays': 0, 'addhours': 1, 'addsecs': 30}, 'allurewiget': {'Device': 'Deity Ring', 'DevVersion': 'FW v0xFF.2.11', 'FirmwareURL': 'https://drive.google.com/file/d/1VftYP92ntZ5uynnjqGla0O9qDrT7XeXj/view?usp=sharing'}, 'sleep': {'begin': '2022-12-12 23:00', 'totalsleep': 360}, 'walking': {'begin': '2022-12-13 10:00', 'totalwalking': 90}, 'running': {'begin': '2022-12-13 11:00', 'totalrunning': 90}}
2023-01-03 13:33:21 [DEBUG  ][ln-548]: ======================================== Star to run: <TestAPI> ========================================
2023-01-03 13:33:21 [DEBUG  ][ln-554]: ======================================== Star to run: <test_beacon_func> ========================================
2023-01-03 13:33:27 [INFO   ][ln-128]: ##################################################################

2023-01-03 13:33:27 [INFO   ][ln-129]: #  Test case : ( BLE beacon scan via Android Phone (FrodoPlume App)  #)

2023-01-03 13:33:27 [INFO   ][ln-130]: ##################################################################)

2023-01-03 13:33:27 [INFO   ][ln-131]: ##################################################################
2023-01-03 13:34:06 [DEBUG  ][ln-56 ]: Lanch the FrodoPlume APP successfully.
2023-01-03 13:34:18 [DEBUG  ][ln-69 ]: No any device is registered!
2023-01-03 13:34:35 [DEBUG  ][ln-76 ]: Click the START button successfully.
2023-01-03 13:34:43 [DEBUG  ][ln-89 ]: Click EVT2_TI_0_003B to connect successfully.
2023-01-03 13:34:55 [DEBUG  ][ln-557]: teardown_method
2023-01-03 13:34:55 [DEBUG  ][ln-551]: teardown_class
2023-01-03 13:36:38 [INFO   ][ln-47 ]: Start to load config file
2023-01-03 13:36:38 [DEBUG  ][ln-49 ]: config.ini: {'dut': {'ip': 'staging-rest.pwb.plume-dev.com'}, 'userinfo': {'usrid': 'zhicheng+2@plume.com', 'pwd': 'plume1234', 'devuserid': '62a2d6708a13a8000a1b40b9', 'devid': '60B4F7F5003B', 'mac': '60:B4:F7:F5:00:3B', 'androiddev': 'd38c1487', 'Commanduuid': '00004652-08c2-11e1-9073-0e8ac72e0011', 'Datauuid': '00004652-08c2-11e1-9073-0e8ac72e0013', 'ResponseUUID': '00004652-08c2-11e1-9073-0e8ac72e0012'}, 'unixtime': {'adddays': 0, 'addhours': 1, 'addsecs': 30}, 'allurewiget': {'Device': 'Deity Ring', 'DevVersion': 'FW v0xFF.2.11', 'FirmwareURL': 'https://drive.google.com/file/d/1VftYP92ntZ5uynnjqGla0O9qDrT7XeXj/view?usp=sharing'}, 'sleep': {'begin': '2022-12-12 23:00', 'totalsleep': 360}, 'walking': {'begin': '2022-12-13 10:00', 'totalwalking': 90}, 'running': {'begin': '2022-12-13 11:00', 'totalrunning': 90}}
2023-01-03 13:36:38 [DEBUG  ][ln-548]: ======================================== Star to run: <TestAPI> ========================================
2023-01-03 13:36:38 [DEBUG  ][ln-554]: ======================================== Star to run: <test_beacon_func> ========================================
2023-01-03 13:36:44 [INFO   ][ln-128]: ##################################################################

2023-01-03 13:36:44 [INFO   ][ln-129]: #  Test case : ( BLE beacon scan via Android Phone (FrodoPlume App)  #)

2023-01-03 13:36:44 [INFO   ][ln-130]: ##################################################################)

2023-01-03 13:36:44 [INFO   ][ln-131]: ##################################################################
2023-01-03 13:37:24 [DEBUG  ][ln-56 ]: Lanch the FrodoPlume APP successfully.
2023-01-03 13:37:36 [DEBUG  ][ln-69 ]: No any device is registered!
2023-01-03 13:37:41 [DEBUG  ][ln-76 ]: Click the START button successfully.
2023-01-03 13:37:49 [DEBUG  ][ln-89 ]: Click EVT2_TI_0_003B to connect successfully.
2023-01-03 13:38:01 [DEBUG  ][ln-557]: teardown_method
2023-01-03 13:38:01 [DEBUG  ][ln-551]: teardown_class
2023-01-03 13:40:47 [INFO   ][ln-47 ]: Start to load config file
2023-01-03 13:40:47 [DEBUG  ][ln-49 ]: config.ini: {'dut': {'ip': 'staging-rest.pwb.plume-dev.com'}, 'userinfo': {'usrid': 'zhicheng+2@plume.com', 'pwd': 'plume1234', 'devuserid': '62a2d6708a13a8000a1b40b9', 'devid': '60B4F7F5003B', 'mac': '60:B4:F7:F5:00:3B', 'androiddev': 'd38c1487', 'Commanduuid': '00004652-08c2-11e1-9073-0e8ac72e0011', 'Datauuid': '00004652-08c2-11e1-9073-0e8ac72e0013', 'ResponseUUID': '00004652-08c2-11e1-9073-0e8ac72e0012'}, 'unixtime': {'adddays': 0, 'addhours': 1, 'addsecs': 30}, 'allurewiget': {'Device': 'Deity Ring', 'DevVersion': 'FW v0xFF.2.11', 'FirmwareURL': 'https://drive.google.com/file/d/1VftYP92ntZ5uynnjqGla0O9qDrT7XeXj/view?usp=sharing'}, 'sleep': {'begin': '2022-12-12 23:00', 'totalsleep': 360}, 'walking': {'begin': '2022-12-13 10:00', 'totalwalking': 90}, 'running': {'begin': '2022-12-13 11:00', 'totalrunning': 90}}
2023-01-03 13:40:47 [DEBUG  ][ln-548]: ======================================== Star to run: <TestAPI> ========================================
2023-01-03 13:40:47 [DEBUG  ][ln-554]: ======================================== Star to run: <test_beacon_func> ========================================
2023-01-03 13:40:53 [INFO   ][ln-127]: ##################################################################

2023-01-03 13:40:53 [INFO   ][ln-128]: #  Test case : ( BLE beacon scan via Android Phone (FrodoPlume App)  #)

2023-01-03 13:40:53 [INFO   ][ln-129]: ##################################################################)

2023-01-03 13:40:53 [INFO   ][ln-130]: ##################################################################
2023-01-03 13:41:33 [DEBUG  ][ln-56 ]: Lanch the FrodoPlume APP successfully.
2023-01-03 13:41:45 [DEBUG  ][ln-69 ]: No any device is registered!
2023-01-03 13:41:53 [DEBUG  ][ln-76 ]: Click the START button successfully.
2023-01-03 13:42:00 [DEBUG  ][ln-89 ]: Click EVT2_TI_0_003B to connect successfully.
2023-01-03 13:42:13 [DEBUG  ][ln-99 ]: Goto the device information successfully.
2023-01-03 13:42:13 [INFO   ][ln-161]: Done
2023-01-03 13:42:13 [DEBUG  ][ln-557]: teardown_method
2023-01-03 13:42:13 [DEBUG  ][ln-551]: teardown_class
