2023-01-31 10:24:51 [INFO   ][ln-47 ]: Start to load config file
2023-01-31 10:24:51 [DEBUG  ][ln-49 ]: config.ini: {'dut': {'ip': 'staging-rest.pwb.plume-dev.com'}, 'userinfo': {'usrid': 'zhicheng+4@plume.com', 'pwd': 'plume1234', 'devuserid': '6270462c9c997f0009538d15', 'devid': '60B4F7F5003B', 'mac': '60:B4:F7:F5:00:3B', 'androiddev1': 'd38c1487', 'androiddev2': 'R5CT50K7ENH', 'Commanduuid': '00004652-08c2-11e1-9073-0e8ac72e0011', 'Datauuid': '00004652-08c2-11e1-9073-0e8ac72e0013', 'ResponseUUID': '00004652-08c2-11e1-9073-0e8ac72e0012'}, 'unixtime': {'adddays': 0, 'addhours': 1, 'addsecs': 30}, 'allurewiget': {'Device': 'Deity Ring', 'DevVersion': 'FW v0xFF.2.11', 'FirmwareURL': 'https://drive.google.com/file/d/1VftYP92ntZ5uynnjqGla0O9qDrT7XeXj/view?usp=sharing'}, 'sleep': {'begin': '2022-12-12 23:00', 'totalsleep': 360}, 'walking': {'begin': '2022-12-13 10:00', 'totalwalking': 90}, 'running': {'begin': '2022-12-13 11:00', 'totalrunning': 90}}
2023-01-31 10:24:51 [DEBUG  ][ln-548]: ======================================== Star to run: <TestAPI> ========================================
2023-01-31 10:24:51 [DEBUG  ][ln-554]: ======================================== Star to run: <test_beacon_func> ========================================
2023-01-31 10:24:57 [INFO   ][ln-293]: ##################################################################

2023-01-31 10:24:57 [INFO   ][ln-294]: #  Test case : ( BLE beacon scan via Android Phone (HomePass App)  #)

2023-01-31 10:24:57 [INFO   ][ln-295]: ##################################################################)

2023-01-31 10:24:57 [INFO   ][ln-296]: ##################################################################
2023-01-31 10:25:23 [DEBUG  ][ln-85 ]: Lanch the HomePass APP successfully.
2023-01-31 10:25:54 [DEBUG  ][ln-95 ]: Go to Manu & Settines successfully
2023-01-31 10:26:00 [DEBUG  ][ln-106]: Click Add Plume Ring button successfully
2023-01-31 10:26:04 [DEBUG  ][ln-110]: Click first Accept button successfully
2023-01-31 10:26:07 [DEBUG  ][ln-114]: Click second Accept button successfully
2023-01-31 10:26:21 [DEBUG  ][ln-132]: click Next button successfully!
2023-01-31 10:26:42 [INFO   ][ln-170]: connect page
2023-01-31 10:26:43 [DEBUG  ][ln-176]: click Connect button successfully!
2023-01-31 10:27:00 [DEBUG  ][ln-210]: Set Year of birth successfully
2023-01-31 10:27:03 [INFO   ][ln-219]: Male
2023-01-31 10:27:05 [DEBUG  ][ln-225]: Set the Gender is Male successfully
2023-01-31 10:27:09 [DEBUG  ][ln-245]: Set Usual sleep time successfully
2023-01-31 10:27:10 [DEBUG  ][ln-251]: Click Next button successfully
2023-01-31 10:27:18 [DEBUG  ][ln-259]: Click I understand button successfully
2023-01-31 10:27:20 [DEBUG  ][ln-265]: Complete to Add Plume Ring
2023-01-31 10:27:25 [INFO   ][ln-385]: Done
2023-01-31 10:27:25 [DEBUG  ][ln-557]: teardown_method
2023-01-31 10:27:25 [DEBUG  ][ln-551]: teardown_class
2023-01-31 14:45:57 [INFO   ][ln-47 ]: Start to load config file
2023-01-31 14:45:57 [DEBUG  ][ln-49 ]: config.ini: {'dut': {'ip': 'staging-rest.pwb.plume-dev.com'}, 'userinfo': {'usrid': 'zhicheng+4@plume.com', 'pwd': 'plume1234', 'devuserid': '6270462c9c997f0009538d15', 'devid': '60B4F7F5003B', 'mac': '60:B4:F7:F5:00:3B', 'androiddev1': 'd38c1487', 'androiddev2': 'R5CT50K7ENH', 'Commanduuid': '00004652-08c2-11e1-9073-0e8ac72e0011', 'Datauuid': '00004652-08c2-11e1-9073-0e8ac72e0013', 'ResponseUUID': '00004652-08c2-11e1-9073-0e8ac72e0012'}, 'unixtime': {'adddays': 0, 'addhours': 1, 'addsecs': 30}, 'allurewiget': {'Device': 'Deity Ring', 'DevVersion': 'FW v0xFF.2.11', 'FirmwareURL': 'https://drive.google.com/file/d/1VftYP92ntZ5uynnjqGla0O9qDrT7XeXj/view?usp=sharing'}, 'sleep': {'begin': '2022-12-12 23:00', 'totalsleep': 360}, 'walking': {'begin': '2022-12-13 10:00', 'totalwalking': 90}, 'running': {'begin': '2022-12-13 11:00', 'totalrunning': 90}}
2023-01-31 14:45:58 [DEBUG  ][ln-548]: ======================================== Star to run: <TestAPI> ========================================
2023-01-31 14:45:58 [DEBUG  ][ln-554]: ======================================== Star to run: <test_beacon_func> ========================================
2023-01-31 14:46:04 [INFO   ][ln-293]: ##################################################################

2023-01-31 14:46:04 [INFO   ][ln-294]: #  Test case : ( BLE beacon scan via Android Phone (HomePass App)  #)

2023-01-31 14:46:04 [INFO   ][ln-295]: ##################################################################)

2023-01-31 14:46:04 [INFO   ][ln-296]: ##################################################################
2023-01-31 14:46:11 [DEBUG  ][ln-557]: teardown_method
2023-01-31 14:46:11 [DEBUG  ][ln-551]: teardown_class
2023-01-31 14:47:54 [INFO   ][ln-47 ]: Start to load config file
2023-01-31 14:47:54 [DEBUG  ][ln-49 ]: config.ini: {'dut': {'ip': 'staging-rest.pwb.plume-dev.com'}, 'userinfo': {'usrid': 'zhicheng+4@plume.com', 'pwd': 'plume1234', 'devuserid': '6270462c9c997f0009538d15', 'devid': '60B4F7F5003B', 'mac': '60:B4:F7:F5:00:3B', 'androiddev1': 'd38c1487', 'androiddev2': 'R5CT50K7ENH', 'Commanduuid': '00004652-08c2-11e1-9073-0e8ac72e0011', 'Datauuid': '00004652-08c2-11e1-9073-0e8ac72e0013', 'ResponseUUID': '00004652-08c2-11e1-9073-0e8ac72e0012'}, 'unixtime': {'adddays': 0, 'addhours': 1, 'addsecs': 30}, 'allurewiget': {'Device': 'Deity Ring', 'DevVersion': 'FW v0xFF.2.11', 'FirmwareURL': 'https://drive.google.com/file/d/1VftYP92ntZ5uynnjqGla0O9qDrT7XeXj/view?usp=sharing'}, 'sleep': {'begin': '2022-12-12 23:00', 'totalsleep': 360}, 'walking': {'begin': '2022-12-13 10:00', 'totalwalking': 90}, 'running': {'begin': '2022-12-13 11:00', 'totalrunning': 90}}
2023-01-31 14:47:54 [DEBUG  ][ln-548]: ======================================== Star to run: <TestAPI> ========================================
2023-01-31 14:47:54 [DEBUG  ][ln-554]: ======================================== Star to run: <test_beacon_func> ========================================
2023-01-31 14:48:01 [INFO   ][ln-293]: ##################################################################

2023-01-31 14:48:01 [INFO   ][ln-294]: #  Test case : ( BLE beacon scan via Android Phone (HomePass App)  #)

2023-01-31 14:48:01 [INFO   ][ln-295]: ##################################################################)

2023-01-31 14:48:01 [INFO   ][ln-296]: ##################################################################
2023-01-31 14:48:27 [DEBUG  ][ln-85 ]: Lanch the HomePass APP successfully.
2023-01-31 14:48:58 [DEBUG  ][ln-95 ]: Go to Manu & Settines successfully
2023-01-31 14:49:04 [DEBUG  ][ln-106]: Click Add Plume Ring button successfully
2023-01-31 14:49:08 [DEBUG  ][ln-110]: Click first Accept button successfully
2023-01-31 14:49:11 [DEBUG  ][ln-114]: Click second Accept button successfully
2023-01-31 14:49:25 [DEBUG  ][ln-132]: click Next button successfully!
2023-01-31 14:49:45 [INFO   ][ln-170]: connect page
2023-01-31 14:49:47 [DEBUG  ][ln-176]: click Connect button successfully!
2023-01-31 14:50:04 [DEBUG  ][ln-210]: Set Year of birth successfully
2023-01-31 14:50:08 [INFO   ][ln-219]: Female
2023-01-31 14:50:10 [DEBUG  ][ln-230]: Set the Gender is Female successfully
2023-01-31 14:50:14 [DEBUG  ][ln-245]: Set Usual sleep time successfully
2023-01-31 14:50:15 [DEBUG  ][ln-251]: Click Next button successfully
2023-01-31 14:50:23 [DEBUG  ][ln-259]: Click I understand button successfully
2023-01-31 14:50:25 [DEBUG  ][ln-265]: Complete to Add Plume Ring
2023-01-31 14:50:30 [INFO   ][ln-385]: Done
2023-01-31 14:50:30 [DEBUG  ][ln-557]: teardown_method
2023-01-31 14:50:30 [DEBUG  ][ln-551]: teardown_class
2023-01-31 14:53:54 [INFO   ][ln-47 ]: Start to load config file
2023-01-31 14:53:54 [DEBUG  ][ln-49 ]: config.ini: {'dut': {'ip': 'staging-rest.pwb.plume-dev.com'}, 'userinfo': {'usrid': 'zhicheng+4@plume.com', 'pwd': 'plume1234', 'devuserid': '6270462c9c997f0009538d15', 'devid': '60B4F7F5003B', 'mac': '60:B4:F7:F5:00:3B', 'androiddev1': 'd38c1487', 'androiddev2': 'R5CT50K7ENH', 'Commanduuid': '00004652-08c2-11e1-9073-0e8ac72e0011', 'Datauuid': '00004652-08c2-11e1-9073-0e8ac72e0013', 'ResponseUUID': '00004652-08c2-11e1-9073-0e8ac72e0012'}, 'unixtime': {'adddays': 0, 'addhours': 1, 'addsecs': 30}, 'allurewiget': {'Device': 'Deity Ring', 'DevVersion': 'FW v0xFF.2.11', 'FirmwareURL': 'https://drive.google.com/file/d/1VftYP92ntZ5uynnjqGla0O9qDrT7XeXj/view?usp=sharing'}, 'sleep': {'begin': '2022-12-12 23:00', 'totalsleep': 360}, 'walking': {'begin': '2022-12-13 10:00', 'totalwalking': 90}, 'running': {'begin': '2022-12-13 11:00', 'totalrunning': 90}}
2023-01-31 14:53:54 [DEBUG  ][ln-548]: ======================================== Star to run: <TestAPI> ========================================
2023-01-31 14:53:54 [DEBUG  ][ln-554]: ======================================== Star to run: <test_beacon_func> ========================================
2023-01-31 14:54:00 [INFO   ][ln-293]: ##################################################################

2023-01-31 14:54:00 [INFO   ][ln-294]: #  Test case : ( BLE beacon scan via Android Phone (HomePass App)  #)

2023-01-31 14:54:00 [INFO   ][ln-295]: ##################################################################)

2023-01-31 14:54:00 [INFO   ][ln-296]: ##################################################################
2023-01-31 14:54:26 [DEBUG  ][ln-85 ]: Lanch the HomePass APP successfully.
2023-01-31 14:54:57 [DEBUG  ][ln-95 ]: Go to Manu & Settines successfully
2023-01-31 14:55:03 [DEBUG  ][ln-106]: Click Add Plume Ring button successfully
2023-01-31 14:55:07 [DEBUG  ][ln-110]: Click first Accept button successfully
2023-01-31 14:55:11 [DEBUG  ][ln-114]: Click second Accept button successfully
2023-01-31 14:55:24 [DEBUG  ][ln-132]: click Next button successfully!
2023-01-31 14:55:24 [DEBUG  ][ln-557]: teardown_method
2023-01-31 14:55:24 [DEBUG  ][ln-551]: teardown_class
2023-01-31 14:56:59 [INFO   ][ln-47 ]: Start to load config file
2023-01-31 14:56:59 [DEBUG  ][ln-49 ]: config.ini: {'dut': {'ip': 'staging-rest.pwb.plume-dev.com'}, 'userinfo': {'usrid': 'zhicheng+4@plume.com', 'pwd': 'plume1234', 'devuserid': '6270462c9c997f0009538d15', 'devid': '60B4F7F5003B', 'mac': '60:B4:F7:F5:00:3B', 'androiddev1': 'd38c1487', 'androiddev2': 'R5CT50K7ENH', 'Commanduuid': '00004652-08c2-11e1-9073-0e8ac72e0011', 'Datauuid': '00004652-08c2-11e1-9073-0e8ac72e0013', 'ResponseUUID': '00004652-08c2-11e1-9073-0e8ac72e0012'}, 'unixtime': {'adddays': 0, 'addhours': 1, 'addsecs': 30}, 'allurewiget': {'Device': 'Deity Ring', 'DevVersion': 'FW v0xFF.2.11', 'FirmwareURL': 'https://drive.google.com/file/d/1VftYP92ntZ5uynnjqGla0O9qDrT7XeXj/view?usp=sharing'}, 'sleep': {'begin': '2022-12-12 23:00', 'totalsleep': 360}, 'walking': {'begin': '2022-12-13 10:00', 'totalwalking': 90}, 'running': {'begin': '2022-12-13 11:00', 'totalrunning': 90}}
2023-01-31 14:56:59 [DEBUG  ][ln-548]: ======================================== Star to run: <TestAPI> ========================================
2023-01-31 14:56:59 [DEBUG  ][ln-554]: ======================================== Star to run: <test_beacon_func> ========================================
2023-01-31 14:57:05 [INFO   ][ln-293]: ##################################################################

2023-01-31 14:57:05 [INFO   ][ln-294]: #  Test case : ( BLE beacon scan via Android Phone (HomePass App)  #)

2023-01-31 14:57:05 [INFO   ][ln-295]: ##################################################################)

2023-01-31 14:57:05 [INFO   ][ln-296]: ##################################################################
2023-01-31 14:57:31 [DEBUG  ][ln-85 ]: Lanch the HomePass APP successfully.
2023-01-31 14:57:55 [DEBUG  ][ln-95 ]: Go to Manu & Settines successfully
2023-01-31 14:58:01 [DEBUG  ][ln-106]: Click Add Plume Ring button successfully
2023-01-31 14:58:04 [DEBUG  ][ln-110]: Click first Accept button successfully
2023-01-31 14:58:08 [DEBUG  ][ln-114]: Click second Accept button successfully
2023-01-31 14:58:21 [DEBUG  ][ln-132]: click Next button successfully!
2023-01-31 14:58:42 [INFO   ][ln-170]: connect page
2023-01-31 14:58:43 [DEBUG  ][ln-176]: click Connect button successfully!
2023-01-31 14:59:00 [DEBUG  ][ln-210]: Set Year of birth successfully
2023-01-31 14:59:03 [INFO   ][ln-219]: other
2023-01-31 14:59:05 [DEBUG  ][ln-557]: teardown_method
2023-01-31 14:59:05 [DEBUG  ][ln-551]: teardown_class
2023-01-31 15:02:54 [INFO   ][ln-47 ]: Start to load config file
2023-01-31 15:02:54 [DEBUG  ][ln-49 ]: config.ini: {'dut': {'ip': 'staging-rest.pwb.plume-dev.com'}, 'userinfo': {'usrid': 'zhicheng+4@plume.com', 'pwd': 'plume1234', 'devuserid': '6270462c9c997f0009538d15', 'devid': '60B4F7F5003B', 'mac': '60:B4:F7:F5:00:3B', 'androiddev1': 'd38c1487', 'androiddev2': 'R5CT50K7ENH', 'Commanduuid': '00004652-08c2-11e1-9073-0e8ac72e0011', 'Datauuid': '00004652-08c2-11e1-9073-0e8ac72e0013', 'ResponseUUID': '00004652-08c2-11e1-9073-0e8ac72e0012'}, 'unixtime': {'adddays': 0, 'addhours': 1, 'addsecs': 30}, 'allurewiget': {'Device': 'Deity Ring', 'DevVersion': 'FW v0xFF.2.11', 'FirmwareURL': 'https://drive.google.com/file/d/1VftYP92ntZ5uynnjqGla0O9qDrT7XeXj/view?usp=sharing'}, 'sleep': {'begin': '2022-12-12 23:00', 'totalsleep': 360}, 'walking': {'begin': '2022-12-13 10:00', 'totalwalking': 90}, 'running': {'begin': '2022-12-13 11:00', 'totalrunning': 90}}
2023-01-31 15:02:54 [DEBUG  ][ln-548]: ======================================== Star to run: <TestAPI> ========================================
2023-01-31 15:02:54 [DEBUG  ][ln-554]: ======================================== Star to run: <test_beacon_func> ========================================
2023-01-31 15:03:00 [INFO   ][ln-293]: ##################################################################

2023-01-31 15:03:00 [INFO   ][ln-294]: #  Test case : ( BLE beacon scan via Android Phone (HomePass App)  #)

2023-01-31 15:03:00 [INFO   ][ln-295]: ##################################################################)

2023-01-31 15:03:00 [INFO   ][ln-296]: ##################################################################
2023-01-31 15:03:26 [DEBUG  ][ln-85 ]: Lanch the HomePass APP successfully.
2023-01-31 15:03:50 [DEBUG  ][ln-95 ]: Go to Manu & Settines successfully
2023-01-31 15:03:56 [DEBUG  ][ln-106]: Click Add Plume Ring button successfully
2023-01-31 15:03:59 [DEBUG  ][ln-110]: Click first Accept button successfully
2023-01-31 15:04:03 [DEBUG  ][ln-114]: Click second Accept button successfully
2023-01-31 15:04:16 [DEBUG  ][ln-132]: click Next button successfully!
2023-01-31 15:04:37 [INFO   ][ln-170]: connect page
2023-01-31 15:04:38 [DEBUG  ][ln-176]: click Connect button successfully!
2023-01-31 15:04:57 [DEBUG  ][ln-210]: Set Year of birth successfully
2023-01-31 15:05:00 [INFO   ][ln-219]: Female
2023-01-31 15:05:02 [DEBUG  ][ln-230]: Set the Gender is Female successfully
2023-01-31 15:05:06 [DEBUG  ][ln-245]: Set Usual sleep time successfully
2023-01-31 15:05:07 [DEBUG  ][ln-251]: Click Next button successfully
2023-01-31 15:05:15 [DEBUG  ][ln-259]: Click I understand button successfully
2023-01-31 15:05:17 [DEBUG  ][ln-265]: Complete to Add Plume Ring
2023-01-31 15:05:22 [INFO   ][ln-385]: Done
2023-01-31 15:05:22 [DEBUG  ][ln-557]: teardown_method
2023-01-31 15:05:22 [DEBUG  ][ln-551]: teardown_class
2023-01-31 15:20:41 [INFO   ][ln-47 ]: Start to load config file
2023-01-31 15:20:41 [DEBUG  ][ln-49 ]: config.ini: {'dut': {'ip': 'staging-rest.pwb.plume-dev.com'}, 'userinfo': {'usrid': 'zhicheng+4@plume.com', 'pwd': 'plume1234', 'devuserid': '6270462c9c997f0009538d15', 'devid': '60B4F7F5003B', 'mac': '60:B4:F7:F5:00:3B', 'androiddev1': 'd38c1487', 'androiddev2': 'R5CT50K7ENH', 'Commanduuid': '00004652-08c2-11e1-9073-0e8ac72e0011', 'Datauuid': '00004652-08c2-11e1-9073-0e8ac72e0013', 'ResponseUUID': '00004652-08c2-11e1-9073-0e8ac72e0012'}, 'unixtime': {'adddays': 0, 'addhours': 1, 'addsecs': 30}, 'allurewiget': {'Device': 'Deity Ring', 'DevVersion': 'FW v0xFF.2.11', 'FirmwareURL': 'https://drive.google.com/file/d/1VftYP92ntZ5uynnjqGla0O9qDrT7XeXj/view?usp=sharing'}, 'sleep': {'begin': '2022-12-12 23:00', 'totalsleep': 360}, 'walking': {'begin': '2022-12-13 10:00', 'totalwalking': 90}, 'running': {'begin': '2022-12-13 11:00', 'totalrunning': 90}}
2023-01-31 15:20:41 [DEBUG  ][ln-548]: ======================================== Star to run: <TestAPI> ========================================
2023-01-31 15:20:41 [DEBUG  ][ln-554]: ======================================== Star to run: <test_beacon_func> ========================================
2023-01-31 15:20:47 [INFO   ][ln-293]: ##################################################################

2023-01-31 15:20:47 [INFO   ][ln-294]: #  Test case : ( BLE beacon scan via Android Phone (HomePass App)  #)

2023-01-31 15:20:47 [INFO   ][ln-295]: ##################################################################)

2023-01-31 15:20:47 [INFO   ][ln-296]: ##################################################################
2023-01-31 15:21:13 [DEBUG  ][ln-85 ]: Lanch the HomePass APP successfully.
2023-01-31 15:21:37 [DEBUG  ][ln-95 ]: Go to Manu & Settines successfully
2023-01-31 15:21:43 [DEBUG  ][ln-106]: Click Add Plume Ring button successfully
2023-01-31 15:21:47 [DEBUG  ][ln-110]: Click first Accept button successfully
2023-01-31 15:21:50 [DEBUG  ][ln-114]: Click second Accept button successfully
2023-01-31 15:22:04 [DEBUG  ][ln-132]: click Next button successfully!
2023-01-31 15:22:24 [INFO   ][ln-170]: connect page
2023-01-31 15:22:26 [DEBUG  ][ln-176]: click Connect button successfully!
2023-01-31 15:22:44 [DEBUG  ][ln-210]: Set Year of birth successfully
2023-01-31 15:22:47 [INFO   ][ln-219]: other
2023-01-31 15:22:49 [DEBUG  ][ln-557]: teardown_method
2023-01-31 15:22:49 [DEBUG  ][ln-551]: teardown_class
2023-01-31 15:23:37 [INFO   ][ln-47 ]: Start to load config file
2023-01-31 15:23:37 [DEBUG  ][ln-49 ]: config.ini: {'dut': {'ip': 'staging-rest.pwb.plume-dev.com'}, 'userinfo': {'usrid': 'zhicheng+4@plume.com', 'pwd': 'plume1234', 'devuserid': '6270462c9c997f0009538d15', 'devid': '60B4F7F5003B', 'mac': '60:B4:F7:F5:00:3B', 'androiddev1': 'd38c1487', 'androiddev2': 'R5CT50K7ENH', 'Commanduuid': '00004652-08c2-11e1-9073-0e8ac72e0011', 'Datauuid': '00004652-08c2-11e1-9073-0e8ac72e0013', 'ResponseUUID': '00004652-08c2-11e1-9073-0e8ac72e0012'}, 'unixtime': {'adddays': 0, 'addhours': 1, 'addsecs': 30}, 'allurewiget': {'Device': 'Deity Ring', 'DevVersion': 'FW v0xFF.2.11', 'FirmwareURL': 'https://drive.google.com/file/d/1VftYP92ntZ5uynnjqGla0O9qDrT7XeXj/view?usp=sharing'}, 'sleep': {'begin': '2022-12-12 23:00', 'totalsleep': 360}, 'walking': {'begin': '2022-12-13 10:00', 'totalwalking': 90}, 'running': {'begin': '2022-12-13 11:00', 'totalrunning': 90}}
2023-01-31 15:23:37 [DEBUG  ][ln-548]: ======================================== Star to run: <TestAPI> ========================================
2023-01-31 15:23:37 [DEBUG  ][ln-554]: ======================================== Star to run: <test_beacon_func> ========================================
2023-01-31 15:23:43 [INFO   ][ln-293]: ##################################################################

2023-01-31 15:23:43 [INFO   ][ln-294]: #  Test case : ( BLE beacon scan via Android Phone (HomePass App)  #)

2023-01-31 15:23:43 [INFO   ][ln-295]: ##################################################################)

2023-01-31 15:23:43 [INFO   ][ln-296]: ##################################################################
2023-01-31 15:24:09 [DEBUG  ][ln-85 ]: Lanch the HomePass APP successfully.
2023-01-31 15:24:35 [DEBUG  ][ln-95 ]: Go to Manu & Settines successfully
2023-01-31 15:24:40 [DEBUG  ][ln-106]: Click Add Plume Ring button successfully
2023-01-31 15:24:44 [DEBUG  ][ln-110]: Click first Accept button successfully
2023-01-31 15:24:48 [DEBUG  ][ln-114]: Click second Accept button successfully
2023-01-31 15:25:01 [DEBUG  ][ln-132]: click Next button successfully!
2023-01-31 15:25:22 [INFO   ][ln-170]: connect page
2023-01-31 15:25:23 [DEBUG  ][ln-176]: click Connect button successfully!
2023-01-31 15:25:40 [DEBUG  ][ln-210]: Set Year of birth successfully
2023-01-31 15:25:43 [INFO   ][ln-219]: Female
2023-01-31 15:25:45 [DEBUG  ][ln-230]: Set the Gender is Female successfully
2023-01-31 15:25:49 [DEBUG  ][ln-245]: Set Usual sleep time successfully
2023-01-31 15:25:50 [DEBUG  ][ln-251]: Click Next button successfully
2023-01-31 15:25:58 [DEBUG  ][ln-259]: Click I understand button successfully
2023-01-31 15:26:00 [DEBUG  ][ln-265]: Complete to Add Plume Ring
2023-01-31 15:26:05 [INFO   ][ln-385]: Done
2023-01-31 15:26:05 [DEBUG  ][ln-557]: teardown_method
2023-01-31 15:26:05 [DEBUG  ][ln-551]: teardown_class
2023-01-31 15:26:22 [INFO   ][ln-47 ]: Start to load config file
2023-01-31 15:26:22 [DEBUG  ][ln-49 ]: config.ini: {'dut': {'ip': 'staging-rest.pwb.plume-dev.com'}, 'userinfo': {'usrid': 'zhicheng+4@plume.com', 'pwd': 'plume1234', 'devuserid': '6270462c9c997f0009538d15', 'devid': '60B4F7F5003B', 'mac': '60:B4:F7:F5:00:3B', 'androiddev1': 'd38c1487', 'androiddev2': 'R5CT50K7ENH', 'Commanduuid': '00004652-08c2-11e1-9073-0e8ac72e0011', 'Datauuid': '00004652-08c2-11e1-9073-0e8ac72e0013', 'ResponseUUID': '00004652-08c2-11e1-9073-0e8ac72e0012'}, 'unixtime': {'adddays': 0, 'addhours': 1, 'addsecs': 30}, 'allurewiget': {'Device': 'Deity Ring', 'DevVersion': 'FW v0xFF.2.11', 'FirmwareURL': 'https://drive.google.com/file/d/1VftYP92ntZ5uynnjqGla0O9qDrT7XeXj/view?usp=sharing'}, 'sleep': {'begin': '2022-12-12 23:00', 'totalsleep': 360}, 'walking': {'begin': '2022-12-13 10:00', 'totalwalking': 90}, 'running': {'begin': '2022-12-13 11:00', 'totalrunning': 90}}
2023-01-31 15:26:23 [DEBUG  ][ln-548]: ======================================== Star to run: <TestAPI> ========================================
2023-01-31 15:26:23 [DEBUG  ][ln-554]: ======================================== Star to run: <test_beacon_func> ========================================
2023-01-31 15:26:29 [INFO   ][ln-293]: ##################################################################

2023-01-31 15:26:29 [INFO   ][ln-294]: #  Test case : ( BLE beacon scan via Android Phone (HomePass App)  #)

2023-01-31 15:26:29 [INFO   ][ln-295]: ##################################################################)

2023-01-31 15:26:29 [INFO   ][ln-296]: ##################################################################
2023-01-31 15:26:54 [DEBUG  ][ln-85 ]: Lanch the HomePass APP successfully.
2023-01-31 15:27:20 [DEBUG  ][ln-95 ]: Go to Manu & Settines successfully
2023-01-31 15:27:26 [DEBUG  ][ln-106]: Click Add Plume Ring button successfully
2023-01-31 15:27:30 [DEBUG  ][ln-110]: Click first Accept button successfully
2023-01-31 15:27:33 [DEBUG  ][ln-114]: Click second Accept button successfully
2023-01-31 15:27:47 [DEBUG  ][ln-132]: click Next button successfully!
2023-01-31 15:28:07 [INFO   ][ln-170]: connect page
2023-01-31 15:28:09 [DEBUG  ][ln-176]: click Connect button successfully!
2023-01-31 15:28:25 [DEBUG  ][ln-210]: Set Year of birth successfully
2023-01-31 15:28:29 [INFO   ][ln-219]: other
2023-01-31 15:28:30 [DEBUG  ][ln-557]: teardown_method
2023-01-31 15:28:30 [DEBUG  ][ln-551]: teardown_class
2023-01-31 15:29:03 [INFO   ][ln-47 ]: Start to load config file
2023-01-31 15:29:03 [DEBUG  ][ln-49 ]: config.ini: {'dut': {'ip': 'staging-rest.pwb.plume-dev.com'}, 'userinfo': {'usrid': 'zhicheng+4@plume.com', 'pwd': 'plume1234', 'devuserid': '6270462c9c997f0009538d15', 'devid': '60B4F7F5003B', 'mac': '60:B4:F7:F5:00:3B', 'androiddev1': 'd38c1487', 'androiddev2': 'R5CT50K7ENH', 'Commanduuid': '00004652-08c2-11e1-9073-0e8ac72e0011', 'Datauuid': '00004652-08c2-11e1-9073-0e8ac72e0013', 'ResponseUUID': '00004652-08c2-11e1-9073-0e8ac72e0012'}, 'unixtime': {'adddays': 0, 'addhours': 1, 'addsecs': 30}, 'allurewiget': {'Device': 'Deity Ring', 'DevVersion': 'FW v0xFF.2.11', 'FirmwareURL': 'https://drive.google.com/file/d/1VftYP92ntZ5uynnjqGla0O9qDrT7XeXj/view?usp=sharing'}, 'sleep': {'begin': '2022-12-12 23:00', 'totalsleep': 360}, 'walking': {'begin': '2022-12-13 10:00', 'totalwalking': 90}, 'running': {'begin': '2022-12-13 11:00', 'totalrunning': 90}}
2023-01-31 15:29:03 [DEBUG  ][ln-548]: ======================================== Star to run: <TestAPI> ========================================
2023-01-31 15:29:03 [DEBUG  ][ln-554]: ======================================== Star to run: <test_beacon_func> ========================================
2023-01-31 15:29:09 [INFO   ][ln-293]: ##################################################################

2023-01-31 15:29:09 [INFO   ][ln-294]: #  Test case : ( BLE beacon scan via Android Phone (HomePass App)  #)

2023-01-31 15:29:09 [INFO   ][ln-295]: ##################################################################)

2023-01-31 15:29:09 [INFO   ][ln-296]: ##################################################################
2023-01-31 15:29:35 [DEBUG  ][ln-85 ]: Lanch the HomePass APP successfully.
2023-01-31 15:30:06 [DEBUG  ][ln-95 ]: Go to Manu & Settines successfully
2023-01-31 15:30:12 [DEBUG  ][ln-106]: Click Add Plume Ring button successfully
2023-01-31 15:30:15 [DEBUG  ][ln-110]: Click first Accept button successfully
2023-01-31 15:30:19 [DEBUG  ][ln-114]: Click second Accept button successfully
2023-01-31 15:30:33 [DEBUG  ][ln-132]: click Next button successfully!
2023-01-31 15:30:53 [INFO   ][ln-170]: connect page
2023-01-31 15:30:54 [DEBUG  ][ln-176]: click Connect button successfully!
2023-01-31 15:31:06 [DEBUG  ][ln-557]: teardown_method
2023-01-31 15:31:06 [DEBUG  ][ln-551]: teardown_class
2023-01-31 15:33:04 [INFO   ][ln-47 ]: Start to load config file
2023-01-31 15:33:04 [DEBUG  ][ln-49 ]: config.ini: {'dut': {'ip': 'staging-rest.pwb.plume-dev.com'}, 'userinfo': {'usrid': 'zhicheng+4@plume.com', 'pwd': 'plume1234', 'devuserid': '6270462c9c997f0009538d15', 'devid': '60B4F7F5003B', 'mac': '60:B4:F7:F5:00:3B', 'androiddev1': 'd38c1487', 'androiddev2': 'R5CT50K7ENH', 'Commanduuid': '00004652-08c2-11e1-9073-0e8ac72e0011', 'Datauuid': '00004652-08c2-11e1-9073-0e8ac72e0013', 'ResponseUUID': '00004652-08c2-11e1-9073-0e8ac72e0012'}, 'unixtime': {'adddays': 0, 'addhours': 1, 'addsecs': 30}, 'allurewiget': {'Device': 'Deity Ring', 'DevVersion': 'FW v0xFF.2.11', 'FirmwareURL': 'https://drive.google.com/file/d/1VftYP92ntZ5uynnjqGla0O9qDrT7XeXj/view?usp=sharing'}, 'sleep': {'begin': '2022-12-12 23:00', 'totalsleep': 360}, 'walking': {'begin': '2022-12-13 10:00', 'totalwalking': 90}, 'running': {'begin': '2022-12-13 11:00', 'totalrunning': 90}}
2023-01-31 15:33:04 [DEBUG  ][ln-548]: ======================================== Star to run: <TestAPI> ========================================
2023-01-31 15:33:04 [DEBUG  ][ln-554]: ======================================== Star to run: <test_beacon_func> ========================================
2023-01-31 15:33:10 [INFO   ][ln-293]: ##################################################################

2023-01-31 15:33:10 [INFO   ][ln-294]: #  Test case : ( BLE beacon scan via Android Phone (HomePass App)  #)

2023-01-31 15:33:10 [INFO   ][ln-295]: ##################################################################)

2023-01-31 15:33:10 [INFO   ][ln-296]: ##################################################################
2023-01-31 15:34:25 [DEBUG  ][ln-95 ]: Go to Manu & Settines successfully
2023-01-31 15:34:30 [DEBUG  ][ln-106]: Click Add Plume Ring button successfully
2023-01-31 15:34:34 [DEBUG  ][ln-110]: Click first Accept button successfully
2023-01-31 15:34:38 [DEBUG  ][ln-114]: Click second Accept button successfully
2023-01-31 15:34:51 [DEBUG  ][ln-132]: click Next button successfully!
2023-01-31 15:35:12 [INFO   ][ln-170]: connect page
2023-01-31 15:35:13 [DEBUG  ][ln-176]: click Connect button successfully!
2023-01-31 15:35:30 [DEBUG  ][ln-210]: Set Year of birth successfully
2023-01-31 15:35:34 [INFO   ][ln-219]: Female
2023-01-31 15:35:35 [DEBUG  ][ln-230]: Set the Gender is Female successfully
2023-01-31 15:35:40 [DEBUG  ][ln-245]: Set Usual sleep time successfully
2023-01-31 15:35:40 [DEBUG  ][ln-251]: Click Next button successfully
2023-01-31 15:35:48 [DEBUG  ][ln-259]: Click I understand button successfully
2023-01-31 15:35:51 [DEBUG  ][ln-265]: Complete to Add Plume Ring
2023-01-31 15:35:56 [INFO   ][ln-385]: Done
2023-01-31 15:35:56 [DEBUG  ][ln-557]: teardown_method
2023-01-31 15:35:56 [DEBUG  ][ln-551]: teardown_class
2023-01-31 15:36:02 [INFO   ][ln-47 ]: Start to load config file
2023-01-31 15:36:02 [DEBUG  ][ln-49 ]: config.ini: {'dut': {'ip': 'staging-rest.pwb.plume-dev.com'}, 'userinfo': {'usrid': 'zhicheng+4@plume.com', 'pwd': 'plume1234', 'devuserid': '6270462c9c997f0009538d15', 'devid': '60B4F7F5003B', 'mac': '60:B4:F7:F5:00:3B', 'androiddev1': 'd38c1487', 'androiddev2': 'R5CT50K7ENH', 'Commanduuid': '00004652-08c2-11e1-9073-0e8ac72e0011', 'Datauuid': '00004652-08c2-11e1-9073-0e8ac72e0013', 'ResponseUUID': '00004652-08c2-11e1-9073-0e8ac72e0012'}, 'unixtime': {'adddays': 0, 'addhours': 1, 'addsecs': 30}, 'allurewiget': {'Device': 'Deity Ring', 'DevVersion': 'FW v0xFF.2.11', 'FirmwareURL': 'https://drive.google.com/file/d/1VftYP92ntZ5uynnjqGla0O9qDrT7XeXj/view?usp=sharing'}, 'sleep': {'begin': '2022-12-12 23:00', 'totalsleep': 360}, 'walking': {'begin': '2022-12-13 10:00', 'totalwalking': 90}, 'running': {'begin': '2022-12-13 11:00', 'totalrunning': 90}}
2023-01-31 15:36:02 [DEBUG  ][ln-548]: ======================================== Star to run: <TestAPI> ========================================
2023-01-31 15:36:02 [DEBUG  ][ln-554]: ======================================== Star to run: <test_beacon_func> ========================================
2023-01-31 15:36:08 [INFO   ][ln-293]: ##################################################################

2023-01-31 15:36:08 [INFO   ][ln-294]: #  Test case : ( BLE beacon scan via Android Phone (HomePass App)  #)

2023-01-31 15:36:08 [INFO   ][ln-295]: ##################################################################)

2023-01-31 15:36:08 [INFO   ][ln-296]: ##################################################################
2023-01-31 15:36:34 [DEBUG  ][ln-85 ]: Lanch the HomePass APP successfully.
2023-01-31 15:37:05 [DEBUG  ][ln-95 ]: Go to Manu & Settines successfully
2023-01-31 15:37:11 [DEBUG  ][ln-106]: Click Add Plume Ring button successfully
2023-01-31 15:37:14 [DEBUG  ][ln-110]: Click first Accept button successfully
2023-01-31 15:37:18 [DEBUG  ][ln-114]: Click second Accept button successfully
2023-01-31 15:37:32 [DEBUG  ][ln-132]: click Next button successfully!
2023-01-31 15:37:52 [INFO   ][ln-170]: connect page
2023-01-31 15:37:53 [DEBUG  ][ln-176]: click Connect button successfully!
2023-01-31 15:38:10 [DEBUG  ][ln-210]: Set Year of birth successfully
2023-01-31 15:38:14 [INFO   ][ln-219]: Female
2023-01-31 15:38:15 [DEBUG  ][ln-230]: Set the Gender is Female successfully
2023-01-31 15:38:20 [DEBUG  ][ln-245]: Set Usual sleep time successfully
2023-01-31 15:38:21 [DEBUG  ][ln-251]: Click Next button successfully
2023-01-31 15:38:28 [DEBUG  ][ln-259]: Click I understand button successfully
2023-01-31 15:38:31 [DEBUG  ][ln-265]: Complete to Add Plume Ring
2023-01-31 15:38:36 [INFO   ][ln-385]: Done
2023-01-31 15:38:36 [DEBUG  ][ln-557]: teardown_method
2023-01-31 15:38:36 [DEBUG  ][ln-551]: teardown_class
2023-01-31 15:39:03 [INFO   ][ln-47 ]: Start to load config file
2023-01-31 15:39:03 [DEBUG  ][ln-49 ]: config.ini: {'dut': {'ip': 'staging-rest.pwb.plume-dev.com'}, 'userinfo': {'usrid': 'zhicheng+4@plume.com', 'pwd': 'plume1234', 'devuserid': '6270462c9c997f0009538d15', 'devid': '60B4F7F5003B', 'mac': '60:B4:F7:F5:00:3B', 'androiddev1': 'd38c1487', 'androiddev2': 'R5CT50K7ENH', 'Commanduuid': '00004652-08c2-11e1-9073-0e8ac72e0011', 'Datauuid': '00004652-08c2-11e1-9073-0e8ac72e0013', 'ResponseUUID': '00004652-08c2-11e1-9073-0e8ac72e0012'}, 'unixtime': {'adddays': 0, 'addhours': 1, 'addsecs': 30}, 'allurewiget': {'Device': 'Deity Ring', 'DevVersion': 'FW v0xFF.2.11', 'FirmwareURL': 'https://drive.google.com/file/d/1VftYP92ntZ5uynnjqGla0O9qDrT7XeXj/view?usp=sharing'}, 'sleep': {'begin': '2022-12-12 23:00', 'totalsleep': 360}, 'walking': {'begin': '2022-12-13 10:00', 'totalwalking': 90}, 'running': {'begin': '2022-12-13 11:00', 'totalrunning': 90}}
2023-01-31 15:39:03 [DEBUG  ][ln-548]: ======================================== Star to run: <TestAPI> ========================================
2023-01-31 15:39:03 [DEBUG  ][ln-554]: ======================================== Star to run: <test_beacon_func> ========================================
2023-01-31 15:39:09 [INFO   ][ln-293]: ##################################################################

2023-01-31 15:39:09 [INFO   ][ln-294]: #  Test case : ( BLE beacon scan via Android Phone (HomePass App)  #)

2023-01-31 15:39:09 [INFO   ][ln-295]: ##################################################################)

2023-01-31 15:39:09 [INFO   ][ln-296]: ##################################################################
2023-01-31 15:39:35 [DEBUG  ][ln-85 ]: Lanch the HomePass APP successfully.
2023-01-31 15:40:06 [DEBUG  ][ln-95 ]: Go to Manu & Settines successfully
2023-01-31 15:40:12 [DEBUG  ][ln-106]: Click Add Plume Ring button successfully
2023-01-31 15:40:16 [DEBUG  ][ln-110]: Click first Accept button successfully
2023-01-31 15:40:19 [DEBUG  ][ln-114]: Click second Accept button successfully
2023-01-31 15:40:33 [DEBUG  ][ln-132]: click Next button successfully!
2023-01-31 15:40:54 [INFO   ][ln-170]: connect page
2023-01-31 15:40:55 [DEBUG  ][ln-176]: click Connect button successfully!
2023-01-31 15:41:11 [DEBUG  ][ln-210]: Set Year of birth successfully
2023-01-31 15:41:15 [INFO   ][ln-219]: Female
2023-01-31 15:41:17 [DEBUG  ][ln-230]: Set the Gender is Female successfully
2023-01-31 15:41:21 [DEBUG  ][ln-245]: Set Usual sleep time successfully
2023-01-31 15:41:22 [DEBUG  ][ln-251]: Click Next button successfully
2023-01-31 15:41:29 [DEBUG  ][ln-259]: Click I understand button successfully
2023-01-31 15:41:32 [DEBUG  ][ln-265]: Complete to Add Plume Ring
2023-01-31 15:41:37 [INFO   ][ln-385]: Done
2023-01-31 15:41:37 [DEBUG  ][ln-557]: teardown_method
2023-01-31 15:41:37 [DEBUG  ][ln-551]: teardown_class
2023-01-31 15:42:49 [INFO   ][ln-47 ]: Start to load config file
2023-01-31 15:42:49 [DEBUG  ][ln-49 ]: config.ini: {'dut': {'ip': 'staging-rest.pwb.plume-dev.com'}, 'userinfo': {'usrid': 'zhicheng+4@plume.com', 'pwd': 'plume1234', 'devuserid': '6270462c9c997f0009538d15', 'devid': '60B4F7F5003B', 'mac': '60:B4:F7:F5:00:3B', 'androiddev1': 'd38c1487', 'androiddev2': 'R5CT50K7ENH', 'Commanduuid': '00004652-08c2-11e1-9073-0e8ac72e0011', 'Datauuid': '00004652-08c2-11e1-9073-0e8ac72e0013', 'ResponseUUID': '00004652-08c2-11e1-9073-0e8ac72e0012'}, 'unixtime': {'adddays': 0, 'addhours': 1, 'addsecs': 30}, 'allurewiget': {'Device': 'Deity Ring', 'DevVersion': 'FW v0xFF.2.11', 'FirmwareURL': 'https://drive.google.com/file/d/1VftYP92ntZ5uynnjqGla0O9qDrT7XeXj/view?usp=sharing'}, 'sleep': {'begin': '2022-12-12 23:00', 'totalsleep': 360}, 'walking': {'begin': '2022-12-13 10:00', 'totalwalking': 90}, 'running': {'begin': '2022-12-13 11:00', 'totalrunning': 90}}
2023-01-31 15:42:49 [DEBUG  ][ln-548]: ======================================== Star to run: <TestAPI> ========================================
2023-01-31 15:42:49 [DEBUG  ][ln-554]: ======================================== Star to run: <test_beacon_func> ========================================
2023-01-31 15:42:55 [INFO   ][ln-293]: ##################################################################

2023-01-31 15:42:55 [INFO   ][ln-294]: #  Test case : ( BLE beacon scan via Android Phone (HomePass App)  #)

2023-01-31 15:42:55 [INFO   ][ln-295]: ##################################################################)

2023-01-31 15:42:55 [INFO   ][ln-296]: ##################################################################
2023-01-31 15:43:19 [DEBUG  ][ln-85 ]: Lanch the HomePass APP successfully.
2023-01-31 15:43:50 [DEBUG  ][ln-95 ]: Go to Manu & Settines successfully
2023-01-31 15:43:56 [DEBUG  ][ln-106]: Click Add Plume Ring button successfully
2023-01-31 15:44:00 [DEBUG  ][ln-110]: Click first Accept button successfully
2023-01-31 15:44:03 [DEBUG  ][ln-114]: Click second Accept button successfully
2023-01-31 15:44:17 [DEBUG  ][ln-132]: click Next button successfully!
2023-01-31 15:44:37 [INFO   ][ln-170]: connect page
2023-01-31 15:44:39 [DEBUG  ][ln-176]: click Connect button successfully!
2023-01-31 15:44:55 [DEBUG  ][ln-210]: Set Year of birth successfully
2023-01-31 15:44:59 [INFO   ][ln-219]: Male
2023-01-31 15:45:00 [DEBUG  ][ln-225]: Set the Gender is Male successfully
2023-01-31 15:45:05 [DEBUG  ][ln-245]: Set Usual sleep time successfully
2023-01-31 15:45:05 [DEBUG  ][ln-251]: Click Next button successfully
2023-01-31 15:45:13 [DEBUG  ][ln-259]: Click I understand button successfully
2023-01-31 15:45:16 [DEBUG  ][ln-265]: Complete to Add Plume Ring
2023-01-31 15:45:21 [INFO   ][ln-385]: Done
2023-01-31 15:45:21 [DEBUG  ][ln-557]: teardown_method
2023-01-31 15:45:21 [DEBUG  ][ln-551]: teardown_class
2023-01-31 15:46:20 [INFO   ][ln-47 ]: Start to load config file
2023-01-31 15:46:20 [DEBUG  ][ln-49 ]: config.ini: {'dut': {'ip': 'staging-rest.pwb.plume-dev.com'}, 'userinfo': {'usrid': 'zhicheng+4@plume.com', 'pwd': 'plume1234', 'devuserid': '6270462c9c997f0009538d15', 'devid': '60B4F7F5003B', 'mac': '60:B4:F7:F5:00:3B', 'androiddev1': 'd38c1487', 'androiddev2': 'R5CT50K7ENH', 'Commanduuid': '00004652-08c2-11e1-9073-0e8ac72e0011', 'Datauuid': '00004652-08c2-11e1-9073-0e8ac72e0013', 'ResponseUUID': '00004652-08c2-11e1-9073-0e8ac72e0012'}, 'unixtime': {'adddays': 0, 'addhours': 1, 'addsecs': 30}, 'allurewiget': {'Device': 'Deity Ring', 'DevVersion': 'FW v0xFF.2.11', 'FirmwareURL': 'https://drive.google.com/file/d/1VftYP92ntZ5uynnjqGla0O9qDrT7XeXj/view?usp=sharing'}, 'sleep': {'begin': '2022-12-12 23:00', 'totalsleep': 360}, 'walking': {'begin': '2022-12-13 10:00', 'totalwalking': 90}, 'running': {'begin': '2022-12-13 11:00', 'totalrunning': 90}}
2023-01-31 15:46:20 [DEBUG  ][ln-548]: ======================================== Star to run: <TestAPI> ========================================
2023-01-31 15:46:20 [DEBUG  ][ln-554]: ======================================== Star to run: <test_beacon_func> ========================================
2023-01-31 15:46:26 [INFO   ][ln-293]: ##################################################################

2023-01-31 15:46:26 [INFO   ][ln-294]: #  Test case : ( BLE beacon scan via Android Phone (HomePass App)  #)

2023-01-31 15:46:26 [INFO   ][ln-295]: ##################################################################)

2023-01-31 15:46:26 [INFO   ][ln-296]: ##################################################################
2023-01-31 15:46:50 [DEBUG  ][ln-85 ]: Lanch the HomePass APP successfully.
2023-01-31 15:47:21 [DEBUG  ][ln-95 ]: Go to Manu & Settines successfully
2023-01-31 15:47:27 [DEBUG  ][ln-106]: Click Add Plume Ring button successfully
2023-01-31 15:47:31 [DEBUG  ][ln-110]: Click first Accept button successfully
2023-01-31 15:47:34 [DEBUG  ][ln-114]: Click second Accept button successfully
2023-01-31 15:47:48 [DEBUG  ][ln-132]: click Next button successfully!
2023-01-31 15:48:08 [INFO   ][ln-170]: connect page
2023-01-31 15:48:09 [DEBUG  ][ln-176]: click Connect button successfully!
2023-01-31 15:48:21 [DEBUG  ][ln-557]: teardown_method
2023-01-31 15:48:21 [DEBUG  ][ln-551]: teardown_class
2023-01-31 15:49:40 [INFO   ][ln-47 ]: Start to load config file
2023-01-31 15:49:40 [DEBUG  ][ln-49 ]: config.ini: {'dut': {'ip': 'staging-rest.pwb.plume-dev.com'}, 'userinfo': {'usrid': 'zhicheng+4@plume.com', 'pwd': 'plume1234', 'devuserid': '6270462c9c997f0009538d15', 'devid': '60B4F7F5003B', 'mac': '60:B4:F7:F5:00:3B', 'androiddev1': 'd38c1487', 'androiddev2': 'R5CT50K7ENH', 'Commanduuid': '00004652-08c2-11e1-9073-0e8ac72e0011', 'Datauuid': '00004652-08c2-11e1-9073-0e8ac72e0013', 'ResponseUUID': '00004652-08c2-11e1-9073-0e8ac72e0012'}, 'unixtime': {'adddays': 0, 'addhours': 1, 'addsecs': 30}, 'allurewiget': {'Device': 'Deity Ring', 'DevVersion': 'FW v0xFF.2.11', 'FirmwareURL': 'https://drive.google.com/file/d/1VftYP92ntZ5uynnjqGla0O9qDrT7XeXj/view?usp=sharing'}, 'sleep': {'begin': '2022-12-12 23:00', 'totalsleep': 360}, 'walking': {'begin': '2022-12-13 10:00', 'totalwalking': 90}, 'running': {'begin': '2022-12-13 11:00', 'totalrunning': 90}}
2023-01-31 15:49:40 [DEBUG  ][ln-548]: ======================================== Star to run: <TestAPI> ========================================
2023-01-31 15:49:40 [DEBUG  ][ln-554]: ======================================== Star to run: <test_beacon_func> ========================================
2023-01-31 15:49:46 [INFO   ][ln-293]: ##################################################################

2023-01-31 15:49:46 [INFO   ][ln-294]: #  Test case : ( BLE beacon scan via Android Phone (HomePass App)  #)

2023-01-31 15:49:46 [INFO   ][ln-295]: ##################################################################)

2023-01-31 15:49:46 [INFO   ][ln-296]: ##################################################################
2023-01-31 15:50:12 [DEBUG  ][ln-85 ]: Lanch the HomePass APP successfully.
2023-01-31 15:50:43 [DEBUG  ][ln-95 ]: Go to Manu & Settines successfully
2023-01-31 15:50:48 [DEBUG  ][ln-106]: Click Add Plume Ring button successfully
2023-01-31 15:50:52 [DEBUG  ][ln-110]: Click first Accept button successfully
2023-01-31 15:50:56 [DEBUG  ][ln-114]: Click second Accept button successfully
2023-01-31 15:51:09 [DEBUG  ][ln-132]: click Next button successfully!
2023-01-31 15:51:30 [INFO   ][ln-170]: connect page
2023-01-31 15:51:31 [DEBUG  ][ln-176]: click Connect button successfully!
2023-01-31 15:51:48 [DEBUG  ][ln-210]: Set Year of birth successfully
2023-01-31 15:51:51 [INFO   ][ln-219]: Female
2023-01-31 15:51:53 [DEBUG  ][ln-230]: Set the Gender is Female successfully
2023-01-31 15:51:57 [DEBUG  ][ln-245]: Set Usual sleep time successfully
2023-01-31 15:51:58 [DEBUG  ][ln-251]: Click Next button successfully
2023-01-31 15:52:06 [DEBUG  ][ln-259]: Click I understand button successfully
2023-01-31 15:52:08 [DEBUG  ][ln-265]: Complete to Add Plume Ring
2023-01-31 15:52:13 [INFO   ][ln-385]: Done
2023-01-31 15:52:13 [DEBUG  ][ln-557]: teardown_method
2023-01-31 15:52:13 [DEBUG  ][ln-551]: teardown_class
2023-01-31 15:52:50 [INFO   ][ln-47 ]: Start to load config file
2023-01-31 15:52:50 [DEBUG  ][ln-49 ]: config.ini: {'dut': {'ip': 'staging-rest.pwb.plume-dev.com'}, 'userinfo': {'usrid': 'zhicheng+4@plume.com', 'pwd': 'plume1234', 'devuserid': '6270462c9c997f0009538d15', 'devid': '60B4F7F5003B', 'mac': '60:B4:F7:F5:00:3B', 'androiddev1': 'd38c1487', 'androiddev2': 'R5CT50K7ENH', 'Commanduuid': '00004652-08c2-11e1-9073-0e8ac72e0011', 'Datauuid': '00004652-08c2-11e1-9073-0e8ac72e0013', 'ResponseUUID': '00004652-08c2-11e1-9073-0e8ac72e0012'}, 'unixtime': {'adddays': 0, 'addhours': 1, 'addsecs': 30}, 'allurewiget': {'Device': 'Deity Ring', 'DevVersion': 'FW v0xFF.2.11', 'FirmwareURL': 'https://drive.google.com/file/d/1VftYP92ntZ5uynnjqGla0O9qDrT7XeXj/view?usp=sharing'}, 'sleep': {'begin': '2022-12-12 23:00', 'totalsleep': 360}, 'walking': {'begin': '2022-12-13 10:00', 'totalwalking': 90}, 'running': {'begin': '2022-12-13 11:00', 'totalrunning': 90}}
2023-01-31 15:52:50 [DEBUG  ][ln-548]: ======================================== Star to run: <TestAPI> ========================================
2023-01-31 15:52:50 [DEBUG  ][ln-554]: ======================================== Star to run: <test_beacon_func> ========================================
2023-01-31 15:52:56 [INFO   ][ln-293]: ##################################################################

2023-01-31 15:52:56 [INFO   ][ln-294]: #  Test case : ( BLE beacon scan via Android Phone (HomePass App)  #)

2023-01-31 15:52:56 [INFO   ][ln-295]: ##################################################################)

2023-01-31 15:52:56 [INFO   ][ln-296]: ##################################################################
2023-01-31 15:53:21 [DEBUG  ][ln-85 ]: Lanch the HomePass APP successfully.
2023-01-31 15:53:52 [DEBUG  ][ln-95 ]: Go to Manu & Settines successfully
2023-01-31 15:53:58 [DEBUG  ][ln-106]: Click Add Plume Ring button successfully
2023-01-31 15:54:02 [DEBUG  ][ln-110]: Click first Accept button successfully
2023-01-31 15:54:05 [DEBUG  ][ln-114]: Click second Accept button successfully
2023-01-31 15:54:19 [DEBUG  ][ln-132]: click Next button successfully!
2023-01-31 15:54:39 [INFO   ][ln-170]: connect page
2023-01-31 15:54:41 [DEBUG  ][ln-176]: click Connect button successfully!
2023-01-31 15:54:57 [DEBUG  ][ln-210]: Set Year of birth successfully
2023-01-31 15:55:00 [INFO   ][ln-219]: other
2023-01-31 15:55:02 [DEBUG  ][ln-557]: teardown_method
2023-01-31 15:55:02 [DEBUG  ][ln-551]: teardown_class
2023-01-31 15:56:59 [INFO   ][ln-47 ]: Start to load config file
2023-01-31 15:56:59 [DEBUG  ][ln-49 ]: config.ini: {'dut': {'ip': 'staging-rest.pwb.plume-dev.com'}, 'userinfo': {'usrid': 'zhicheng+4@plume.com', 'pwd': 'plume1234', 'devuserid': '6270462c9c997f0009538d15', 'devid': '60B4F7F5003B', 'mac': '60:B4:F7:F5:00:3B', 'androiddev1': 'd38c1487', 'androiddev2': 'R5CT50K7ENH', 'Commanduuid': '00004652-08c2-11e1-9073-0e8ac72e0011', 'Datauuid': '00004652-08c2-11e1-9073-0e8ac72e0013', 'ResponseUUID': '00004652-08c2-11e1-9073-0e8ac72e0012'}, 'unixtime': {'adddays': 0, 'addhours': 1, 'addsecs': 30}, 'allurewiget': {'Device': 'Deity Ring', 'DevVersion': 'FW v0xFF.2.11', 'FirmwareURL': 'https://drive.google.com/file/d/1VftYP92ntZ5uynnjqGla0O9qDrT7XeXj/view?usp=sharing'}, 'sleep': {'begin': '2022-12-12 23:00', 'totalsleep': 360}, 'walking': {'begin': '2022-12-13 10:00', 'totalwalking': 90}, 'running': {'begin': '2022-12-13 11:00', 'totalrunning': 90}}
2023-01-31 15:56:59 [DEBUG  ][ln-548]: ======================================== Star to run: <TestAPI> ========================================
2023-01-31 15:56:59 [DEBUG  ][ln-554]: ======================================== Star to run: <test_beacon_func> ========================================
2023-01-31 15:57:05 [INFO   ][ln-294]: ##################################################################

2023-01-31 15:57:05 [INFO   ][ln-295]: #  Test case : ( BLE beacon scan via Android Phone (HomePass App)  #)

2023-01-31 15:57:05 [INFO   ][ln-296]: ##################################################################)

2023-01-31 15:57:05 [INFO   ][ln-297]: ##################################################################
2023-01-31 15:57:31 [DEBUG  ][ln-85 ]: Lanch the HomePass APP successfully.
2023-01-31 15:58:02 [DEBUG  ][ln-95 ]: Go to Manu & Settines successfully
2023-01-31 15:58:08 [DEBUG  ][ln-106]: Click Add Plume Ring button successfully
2023-01-31 15:58:11 [DEBUG  ][ln-110]: Click first Accept button successfully
2023-01-31 15:58:15 [DEBUG  ][ln-114]: Click second Accept button successfully
2023-01-31 15:58:28 [DEBUG  ][ln-132]: click Next button successfully!
2023-01-31 15:58:49 [INFO   ][ln-170]: connect page
2023-01-31 15:58:50 [DEBUG  ][ln-176]: click Connect button successfully!
2023-01-31 15:59:07 [DEBUG  ][ln-210]: Set Year of birth successfully
2023-01-31 15:59:11 [INFO   ][ln-220]: Male
2023-01-31 15:59:13 [DEBUG  ][ln-226]: Set the Gender is Male successfully
2023-01-31 15:59:18 [DEBUG  ][ln-246]: Set Usual sleep time successfully
2023-01-31 15:59:18 [DEBUG  ][ln-252]: Click Next button successfully
2023-01-31 15:59:26 [DEBUG  ][ln-260]: Click I understand button successfully
2023-01-31 15:59:29 [DEBUG  ][ln-266]: Complete to Add Plume Ring
2023-01-31 15:59:34 [INFO   ][ln-386]: Done
2023-01-31 15:59:34 [DEBUG  ][ln-557]: teardown_method
2023-01-31 15:59:34 [DEBUG  ][ln-551]: teardown_class
2023-01-31 16:03:00 [INFO   ][ln-47 ]: Start to load config file
2023-01-31 16:03:00 [DEBUG  ][ln-49 ]: config.ini: {'dut': {'ip': 'staging-rest.pwb.plume-dev.com'}, 'userinfo': {'usrid': 'zhicheng+4@plume.com', 'pwd': 'plume1234', 'devuserid': '6270462c9c997f0009538d15', 'devid': '60B4F7F5003B', 'mac': '60:B4:F7:F5:00:3B', 'androiddev1': 'd38c1487', 'androiddev2': 'R5CT50K7ENH', 'Commanduuid': '00004652-08c2-11e1-9073-0e8ac72e0011', 'Datauuid': '00004652-08c2-11e1-9073-0e8ac72e0013', 'ResponseUUID': '00004652-08c2-11e1-9073-0e8ac72e0012'}, 'unixtime': {'adddays': 0, 'addhours': 1, 'addsecs': 30}, 'allurewiget': {'Device': 'Deity Ring', 'DevVersion': 'FW v0xFF.2.11', 'FirmwareURL': 'https://drive.google.com/file/d/1VftYP92ntZ5uynnjqGla0O9qDrT7XeXj/view?usp=sharing'}, 'sleep': {'begin': '2022-12-12 23:00', 'totalsleep': 360}, 'walking': {'begin': '2022-12-13 10:00', 'totalwalking': 90}, 'running': {'begin': '2022-12-13 11:00', 'totalrunning': 90}}
2023-01-31 16:03:00 [DEBUG  ][ln-548]: ======================================== Star to run: <TestAPI> ========================================
2023-01-31 16:03:00 [DEBUG  ][ln-554]: ======================================== Star to run: <test_beacon_func> ========================================
2023-01-31 16:03:06 [INFO   ][ln-294]: ##################################################################

2023-01-31 16:03:06 [INFO   ][ln-295]: #  Test case : ( BLE beacon scan via Android Phone (HomePass App)  #)

2023-01-31 16:03:06 [INFO   ][ln-296]: ##################################################################)

2023-01-31 16:03:06 [INFO   ][ln-297]: ##################################################################
2023-01-31 16:03:32 [DEBUG  ][ln-85 ]: Lanch the HomePass APP successfully.
2023-01-31 16:04:03 [DEBUG  ][ln-95 ]: Go to Manu & Settines successfully
2023-01-31 16:04:09 [DEBUG  ][ln-106]: Click Add Plume Ring button successfully
2023-01-31 16:04:12 [DEBUG  ][ln-110]: Click first Accept button successfully
2023-01-31 16:04:16 [DEBUG  ][ln-114]: Click second Accept button successfully
2023-01-31 16:04:30 [DEBUG  ][ln-132]: click Next button successfully!
2023-01-31 16:04:50 [INFO   ][ln-170]: connect page
2023-01-31 16:04:52 [DEBUG  ][ln-176]: click Connect button successfully!
2023-01-31 16:05:09 [DEBUG  ][ln-210]: Set Year of birth successfully
2023-01-31 16:05:13 [INFO   ][ln-220]: other
2023-01-31 16:05:15 [DEBUG  ][ln-557]: teardown_method
2023-01-31 16:05:15 [DEBUG  ][ln-551]: teardown_class
2023-01-31 16:07:27 [INFO   ][ln-47 ]: Start to load config file
2023-01-31 16:07:27 [DEBUG  ][ln-49 ]: config.ini: {'dut': {'ip': 'staging-rest.pwb.plume-dev.com'}, 'userinfo': {'usrid': 'zhicheng+4@plume.com', 'pwd': 'plume1234', 'devuserid': '6270462c9c997f0009538d15', 'devid': '60B4F7F5003B', 'mac': '60:B4:F7:F5:00:3B', 'androiddev1': 'd38c1487', 'androiddev2': 'R5CT50K7ENH', 'Commanduuid': '00004652-08c2-11e1-9073-0e8ac72e0011', 'Datauuid': '00004652-08c2-11e1-9073-0e8ac72e0013', 'ResponseUUID': '00004652-08c2-11e1-9073-0e8ac72e0012'}, 'unixtime': {'adddays': 0, 'addhours': 1, 'addsecs': 30}, 'allurewiget': {'Device': 'Deity Ring', 'DevVersion': 'FW v0xFF.2.11', 'FirmwareURL': 'https://drive.google.com/file/d/1VftYP92ntZ5uynnjqGla0O9qDrT7XeXj/view?usp=sharing'}, 'sleep': {'begin': '2022-12-12 23:00', 'totalsleep': 360}, 'walking': {'begin': '2022-12-13 10:00', 'totalwalking': 90}, 'running': {'begin': '2022-12-13 11:00', 'totalrunning': 90}}
2023-01-31 16:07:27 [DEBUG  ][ln-548]: ======================================== Star to run: <TestAPI> ========================================
2023-01-31 16:07:27 [DEBUG  ][ln-554]: ======================================== Star to run: <test_beacon_func> ========================================
2023-01-31 16:07:33 [INFO   ][ln-294]: ##################################################################

2023-01-31 16:07:33 [INFO   ][ln-295]: #  Test case : ( BLE beacon scan via Android Phone (HomePass App)  #)

2023-01-31 16:07:33 [INFO   ][ln-296]: ##################################################################)

2023-01-31 16:07:33 [INFO   ][ln-297]: ##################################################################
2023-01-31 16:07:59 [DEBUG  ][ln-85 ]: Lanch the HomePass APP successfully.
2023-01-31 16:08:30 [DEBUG  ][ln-95 ]: Go to Manu & Settines successfully
2023-01-31 16:08:35 [DEBUG  ][ln-106]: Click Add Plume Ring button successfully
2023-01-31 16:08:39 [DEBUG  ][ln-110]: Click first Accept button successfully
2023-01-31 16:08:43 [DEBUG  ][ln-114]: Click second Accept button successfully
2023-01-31 16:08:56 [DEBUG  ][ln-132]: click Next button successfully!
2023-01-31 16:09:17 [INFO   ][ln-170]: connect page
2023-01-31 16:09:18 [DEBUG  ][ln-176]: click Connect button successfully!
2023-01-31 16:09:35 [DEBUG  ][ln-210]: Set Year of birth successfully
2023-01-31 16:09:40 [INFO   ][ln-220]: other
2023-01-31 16:09:42 [DEBUG  ][ln-557]: teardown_method
2023-01-31 16:09:42 [DEBUG  ][ln-551]: teardown_class
2023-01-31 16:16:03 [INFO   ][ln-47 ]: Start to load config file
2023-01-31 16:16:03 [DEBUG  ][ln-49 ]: config.ini: {'dut': {'ip': 'staging-rest.pwb.plume-dev.com'}, 'userinfo': {'usrid': 'zhicheng+4@plume.com', 'pwd': 'plume1234', 'devuserid': '6270462c9c997f0009538d15', 'devid': '60B4F7F5003B', 'mac': '60:B4:F7:F5:00:3B', 'androiddev1': 'd38c1487', 'androiddev2': 'R5CT50K7ENH', 'Commanduuid': '00004652-08c2-11e1-9073-0e8ac72e0011', 'Datauuid': '00004652-08c2-11e1-9073-0e8ac72e0013', 'ResponseUUID': '00004652-08c2-11e1-9073-0e8ac72e0012'}, 'unixtime': {'adddays': 0, 'addhours': 1, 'addsecs': 30}, 'allurewiget': {'Device': 'Deity Ring', 'DevVersion': 'FW v0xFF.2.11', 'FirmwareURL': 'https://drive.google.com/file/d/1VftYP92ntZ5uynnjqGla0O9qDrT7XeXj/view?usp=sharing'}, 'sleep': {'begin': '2022-12-12 23:00', 'totalsleep': 360}, 'walking': {'begin': '2022-12-13 10:00', 'totalwalking': 90}, 'running': {'begin': '2022-12-13 11:00', 'totalrunning': 90}}
2023-01-31 16:16:03 [DEBUG  ][ln-548]: ======================================== Star to run: <TestAPI> ========================================
2023-01-31 16:16:03 [DEBUG  ][ln-554]: ======================================== Star to run: <test_beacon_func> ========================================
2023-01-31 16:16:10 [INFO   ][ln-294]: ##################################################################

2023-01-31 16:16:10 [INFO   ][ln-295]: #  Test case : ( BLE beacon scan via Android Phone (HomePass App)  #)

2023-01-31 16:16:10 [INFO   ][ln-296]: ##################################################################)

2023-01-31 16:16:10 [INFO   ][ln-297]: ##################################################################
2023-01-31 16:17:32 [DEBUG  ][ln-98 ]: Failed to go to Manu & Settines!
2023-01-31 16:17:39 [DEBUG  ][ln-125]: Failed to click Add Plume Ring button!
2023-01-31 16:17:53 [DEBUG  ][ln-135]: Failed to click Next button!
2023-01-31 16:18:14 [INFO   ][ln-183]: Try again page
2023-01-31 16:18:20 [DEBUG  ][ln-192]: 1 click Try again button successfully!
2023-01-31 16:18:40 [INFO   ][ln-183]: Try again page
2023-01-31 16:18:46 [DEBUG  ][ln-192]: 2 click Try again button successfully!
2023-01-31 16:18:47 [DEBUG  ][ln-557]: teardown_method
2023-01-31 16:18:47 [DEBUG  ][ln-551]: teardown_class
2023-01-31 16:18:53 [INFO   ][ln-47 ]: Start to load config file
2023-01-31 16:18:53 [DEBUG  ][ln-49 ]: config.ini: {'dut': {'ip': 'staging-rest.pwb.plume-dev.com'}, 'userinfo': {'usrid': 'zhicheng+4@plume.com', 'pwd': 'plume1234', 'devuserid': '6270462c9c997f0009538d15', 'devid': '60B4F7F5003B', 'mac': '60:B4:F7:F5:00:3B', 'androiddev1': 'd38c1487', 'androiddev2': 'R5CT50K7ENH', 'Commanduuid': '00004652-08c2-11e1-9073-0e8ac72e0011', 'Datauuid': '00004652-08c2-11e1-9073-0e8ac72e0013', 'ResponseUUID': '00004652-08c2-11e1-9073-0e8ac72e0012'}, 'unixtime': {'adddays': 0, 'addhours': 1, 'addsecs': 30}, 'allurewiget': {'Device': 'Deity Ring', 'DevVersion': 'FW v0xFF.2.11', 'FirmwareURL': 'https://drive.google.com/file/d/1VftYP92ntZ5uynnjqGla0O9qDrT7XeXj/view?usp=sharing'}, 'sleep': {'begin': '2022-12-12 23:00', 'totalsleep': 360}, 'walking': {'begin': '2022-12-13 10:00', 'totalwalking': 90}, 'running': {'begin': '2022-12-13 11:00', 'totalrunning': 90}}
2023-01-31 16:18:53 [DEBUG  ][ln-548]: ======================================== Star to run: <TestAPI> ========================================
2023-01-31 16:18:53 [DEBUG  ][ln-554]: ======================================== Star to run: <test_beacon_func> ========================================
2023-01-31 16:18:59 [INFO   ][ln-294]: ##################################################################

2023-01-31 16:18:59 [INFO   ][ln-295]: #  Test case : ( BLE beacon scan via Android Phone (HomePass App)  #)

2023-01-31 16:18:59 [INFO   ][ln-296]: ##################################################################)

2023-01-31 16:18:59 [INFO   ][ln-297]: ##################################################################
2023-01-31 16:19:25 [DEBUG  ][ln-85 ]: Lanch the HomePass APP successfully.
2023-01-31 16:19:56 [DEBUG  ][ln-95 ]: Go to Manu & Settines successfully
2023-01-31 16:20:02 [DEBUG  ][ln-106]: Click Add Plume Ring button successfully
2023-01-31 16:20:06 [DEBUG  ][ln-110]: Click first Accept button successfully
2023-01-31 16:20:10 [DEBUG  ][ln-114]: Click second Accept button successfully
2023-01-31 16:20:23 [DEBUG  ][ln-132]: click Next button successfully!
2023-01-31 16:20:44 [INFO   ][ln-170]: connect page
2023-01-31 16:20:45 [DEBUG  ][ln-176]: click Connect button successfully!
2023-01-31 16:21:03 [DEBUG  ][ln-210]: Set Year of birth successfully
2023-01-31 16:21:08 [INFO   ][ln-220]: Female
2023-01-31 16:21:10 [DEBUG  ][ln-231]: Set the Gender is Female successfully
2023-01-31 16:21:16 [DEBUG  ][ln-246]: Set Usual sleep time successfully
2023-01-31 16:21:16 [DEBUG  ][ln-252]: Click Next button successfully
2023-01-31 16:21:24 [DEBUG  ][ln-260]: Click I understand button successfully
2023-01-31 16:21:27 [DEBUG  ][ln-266]: Complete to Add Plume Ring
2023-01-31 16:21:32 [INFO   ][ln-386]: Done
2023-01-31 16:21:32 [DEBUG  ][ln-557]: teardown_method
2023-01-31 16:21:32 [DEBUG  ][ln-551]: teardown_class
2023-01-31 16:21:36 [INFO   ][ln-47 ]: Start to load config file
2023-01-31 16:21:36 [DEBUG  ][ln-49 ]: config.ini: {'dut': {'ip': 'staging-rest.pwb.plume-dev.com'}, 'userinfo': {'usrid': 'zhicheng+4@plume.com', 'pwd': 'plume1234', 'devuserid': '6270462c9c997f0009538d15', 'devid': '60B4F7F5003B', 'mac': '60:B4:F7:F5:00:3B', 'androiddev1': 'd38c1487', 'androiddev2': 'R5CT50K7ENH', 'Commanduuid': '00004652-08c2-11e1-9073-0e8ac72e0011', 'Datauuid': '00004652-08c2-11e1-9073-0e8ac72e0013', 'ResponseUUID': '00004652-08c2-11e1-9073-0e8ac72e0012'}, 'unixtime': {'adddays': 0, 'addhours': 1, 'addsecs': 30}, 'allurewiget': {'Device': 'Deity Ring', 'DevVersion': 'FW v0xFF.2.11', 'FirmwareURL': 'https://drive.google.com/file/d/1VftYP92ntZ5uynnjqGla0O9qDrT7XeXj/view?usp=sharing'}, 'sleep': {'begin': '2022-12-12 23:00', 'totalsleep': 360}, 'walking': {'begin': '2022-12-13 10:00', 'totalwalking': 90}, 'running': {'begin': '2022-12-13 11:00', 'totalrunning': 90}}
2023-01-31 16:21:36 [DEBUG  ][ln-548]: ======================================== Star to run: <TestAPI> ========================================
2023-01-31 16:21:36 [DEBUG  ][ln-554]: ======================================== Star to run: <test_beacon_func> ========================================
2023-01-31 16:21:42 [INFO   ][ln-294]: ##################################################################

2023-01-31 16:21:42 [INFO   ][ln-295]: #  Test case : ( BLE beacon scan via Android Phone (HomePass App)  #)

2023-01-31 16:21:42 [INFO   ][ln-296]: ##################################################################)

2023-01-31 16:21:42 [INFO   ][ln-297]: ##################################################################
2023-01-31 16:22:08 [DEBUG  ][ln-85 ]: Lanch the HomePass APP successfully.
2023-01-31 16:22:39 [DEBUG  ][ln-95 ]: Go to Manu & Settines successfully
2023-01-31 16:22:45 [DEBUG  ][ln-106]: Click Add Plume Ring button successfully
2023-01-31 16:22:48 [DEBUG  ][ln-110]: Click first Accept button successfully
2023-01-31 16:22:52 [DEBUG  ][ln-114]: Click second Accept button successfully
2023-01-31 16:23:06 [DEBUG  ][ln-132]: click Next button successfully!
2023-01-31 16:23:26 [INFO   ][ln-170]: connect page
2023-01-31 16:23:27 [DEBUG  ][ln-176]: click Connect button successfully!
2023-01-31 16:23:44 [DEBUG  ][ln-210]: Set Year of birth successfully
2023-01-31 16:23:49 [INFO   ][ln-220]: Male
2023-01-31 16:23:51 [DEBUG  ][ln-226]: Set the Gender is Male successfully
2023-01-31 16:23:57 [DEBUG  ][ln-246]: Set Usual sleep time successfully
2023-01-31 16:23:57 [DEBUG  ][ln-252]: Click Next button successfully
2023-01-31 16:24:05 [DEBUG  ][ln-260]: Click I understand button successfully
2023-01-31 16:24:07 [DEBUG  ][ln-266]: Complete to Add Plume Ring
2023-01-31 16:24:12 [INFO   ][ln-386]: Done
2023-01-31 16:24:12 [DEBUG  ][ln-557]: teardown_method
2023-01-31 16:24:12 [DEBUG  ][ln-551]: teardown_class
2023-01-31 16:24:19 [INFO   ][ln-47 ]: Start to load config file
2023-01-31 16:24:19 [DEBUG  ][ln-49 ]: config.ini: {'dut': {'ip': 'staging-rest.pwb.plume-dev.com'}, 'userinfo': {'usrid': 'zhicheng+4@plume.com', 'pwd': 'plume1234', 'devuserid': '6270462c9c997f0009538d15', 'devid': '60B4F7F5003B', 'mac': '60:B4:F7:F5:00:3B', 'androiddev1': 'd38c1487', 'androiddev2': 'R5CT50K7ENH', 'Commanduuid': '00004652-08c2-11e1-9073-0e8ac72e0011', 'Datauuid': '00004652-08c2-11e1-9073-0e8ac72e0013', 'ResponseUUID': '00004652-08c2-11e1-9073-0e8ac72e0012'}, 'unixtime': {'adddays': 0, 'addhours': 1, 'addsecs': 30}, 'allurewiget': {'Device': 'Deity Ring', 'DevVersion': 'FW v0xFF.2.11', 'FirmwareURL': 'https://drive.google.com/file/d/1VftYP92ntZ5uynnjqGla0O9qDrT7XeXj/view?usp=sharing'}, 'sleep': {'begin': '2022-12-12 23:00', 'totalsleep': 360}, 'walking': {'begin': '2022-12-13 10:00', 'totalwalking': 90}, 'running': {'begin': '2022-12-13 11:00', 'totalrunning': 90}}
2023-01-31 16:24:19 [DEBUG  ][ln-548]: ======================================== Star to run: <TestAPI> ========================================
2023-01-31 16:24:19 [DEBUG  ][ln-554]: ======================================== Star to run: <test_beacon_func> ========================================
2023-01-31 16:24:25 [INFO   ][ln-294]: ##################################################################

2023-01-31 16:24:25 [INFO   ][ln-295]: #  Test case : ( BLE beacon scan via Android Phone (HomePass App)  #)

2023-01-31 16:24:25 [INFO   ][ln-296]: ##################################################################)

2023-01-31 16:24:25 [INFO   ][ln-297]: ##################################################################
2023-01-31 16:24:51 [DEBUG  ][ln-85 ]: Lanch the HomePass APP successfully.
2023-01-31 16:25:22 [DEBUG  ][ln-95 ]: Go to Manu & Settines successfully
2023-01-31 16:25:27 [DEBUG  ][ln-106]: Click Add Plume Ring button successfully
2023-01-31 16:25:31 [DEBUG  ][ln-110]: Click first Accept button successfully
2023-01-31 16:25:35 [DEBUG  ][ln-114]: Click second Accept button successfully
2023-01-31 16:25:48 [DEBUG  ][ln-132]: click Next button successfully!
2023-01-31 16:26:09 [INFO   ][ln-170]: connect page
2023-01-31 16:26:10 [DEBUG  ][ln-176]: click Connect button successfully!
2023-01-31 16:26:27 [DEBUG  ][ln-210]: Set Year of birth successfully
2023-01-31 16:26:33 [INFO   ][ln-220]: Other
2023-01-31 16:26:34 [DEBUG  ][ln-236]: Set the Gender is other successfully
2023-01-31 16:26:40 [DEBUG  ][ln-246]: Set Usual sleep time successfully
2023-01-31 16:26:41 [DEBUG  ][ln-252]: Click Next button successfully
2023-01-31 16:26:48 [DEBUG  ][ln-260]: Click I understand button successfully
2023-01-31 16:26:51 [DEBUG  ][ln-266]: Complete to Add Plume Ring
2023-01-31 16:26:56 [INFO   ][ln-386]: Done
2023-01-31 16:26:56 [DEBUG  ][ln-557]: teardown_method
2023-01-31 16:26:56 [DEBUG  ][ln-551]: teardown_class
2023-01-31 16:27:33 [INFO   ][ln-47 ]: Start to load config file
2023-01-31 16:27:33 [DEBUG  ][ln-49 ]: config.ini: {'dut': {'ip': 'staging-rest.pwb.plume-dev.com'}, 'userinfo': {'usrid': 'zhicheng+4@plume.com', 'pwd': 'plume1234', 'devuserid': '6270462c9c997f0009538d15', 'devid': '60B4F7F5003B', 'mac': '60:B4:F7:F5:00:3B', 'androiddev1': 'd38c1487', 'androiddev2': 'R5CT50K7ENH', 'Commanduuid': '00004652-08c2-11e1-9073-0e8ac72e0011', 'Datauuid': '00004652-08c2-11e1-9073-0e8ac72e0013', 'ResponseUUID': '00004652-08c2-11e1-9073-0e8ac72e0012'}, 'unixtime': {'adddays': 0, 'addhours': 1, 'addsecs': 30}, 'allurewiget': {'Device': 'Deity Ring', 'DevVersion': 'FW v0xFF.2.11', 'FirmwareURL': 'https://drive.google.com/file/d/1VftYP92ntZ5uynnjqGla0O9qDrT7XeXj/view?usp=sharing'}, 'sleep': {'begin': '2022-12-12 23:00', 'totalsleep': 360}, 'walking': {'begin': '2022-12-13 10:00', 'totalwalking': 90}, 'running': {'begin': '2022-12-13 11:00', 'totalrunning': 90}}
2023-01-31 16:27:33 [DEBUG  ][ln-548]: ======================================== Star to run: <TestAPI> ========================================
2023-01-31 16:27:33 [DEBUG  ][ln-554]: ======================================== Star to run: <test_beacon_func> ========================================
2023-01-31 16:27:39 [INFO   ][ln-294]: ##################################################################

2023-01-31 16:27:39 [INFO   ][ln-295]: #  Test case : ( BLE beacon scan via Android Phone (HomePass App)  #)

2023-01-31 16:27:39 [INFO   ][ln-296]: ##################################################################)

2023-01-31 16:27:39 [INFO   ][ln-297]: ##################################################################
2023-01-31 16:28:05 [DEBUG  ][ln-85 ]: Lanch the HomePass APP successfully.
2023-01-31 16:28:31 [DEBUG  ][ln-95 ]: Go to Manu & Settines successfully
2023-01-31 16:28:37 [DEBUG  ][ln-106]: Click Add Plume Ring button successfully
2023-01-31 16:28:41 [DEBUG  ][ln-110]: Click first Accept button successfully
2023-01-31 16:28:45 [DEBUG  ][ln-114]: Click second Accept button successfully
2023-01-31 16:28:58 [DEBUG  ][ln-132]: click Next button successfully!
2023-01-31 16:29:19 [INFO   ][ln-170]: connect page
2023-01-31 16:29:20 [DEBUG  ][ln-176]: click Connect button successfully!
2023-01-31 16:29:37 [DEBUG  ][ln-210]: Set Year of birth successfully
2023-01-31 16:29:42 [INFO   ][ln-220]: Female
2023-01-31 16:29:44 [DEBUG  ][ln-231]: Set the Gender is Female successfully
2023-01-31 16:29:49 [DEBUG  ][ln-246]: Set Usual sleep time successfully
2023-01-31 16:29:50 [DEBUG  ][ln-252]: Click Next button successfully
2023-01-31 16:29:58 [DEBUG  ][ln-260]: Click I understand button successfully
2023-01-31 16:30:00 [DEBUG  ][ln-266]: Complete to Add Plume Ring
2023-01-31 16:30:05 [INFO   ][ln-386]: Done
2023-01-31 16:30:05 [DEBUG  ][ln-557]: teardown_method
2023-01-31 16:30:05 [DEBUG  ][ln-551]: teardown_class
2023-01-31 16:31:15 [INFO   ][ln-47 ]: Start to load config file
2023-01-31 16:31:15 [DEBUG  ][ln-49 ]: config.ini: {'dut': {'ip': 'staging-rest.pwb.plume-dev.com'}, 'userinfo': {'usrid': 'zhicheng+4@plume.com', 'pwd': 'plume1234', 'devuserid': '6270462c9c997f0009538d15', 'devid': '60B4F7F5003B', 'mac': '60:B4:F7:F5:00:3B', 'androiddev1': 'd38c1487', 'androiddev2': 'R5CT50K7ENH', 'Commanduuid': '00004652-08c2-11e1-9073-0e8ac72e0011', 'Datauuid': '00004652-08c2-11e1-9073-0e8ac72e0013', 'ResponseUUID': '00004652-08c2-11e1-9073-0e8ac72e0012'}, 'unixtime': {'adddays': 0, 'addhours': 1, 'addsecs': 30}, 'allurewiget': {'Device': 'Deity Ring', 'DevVersion': 'FW v0xFF.2.11', 'FirmwareURL': 'https://drive.google.com/file/d/1VftYP92ntZ5uynnjqGla0O9qDrT7XeXj/view?usp=sharing'}, 'sleep': {'begin': '2022-12-12 23:00', 'totalsleep': 360}, 'walking': {'begin': '2022-12-13 10:00', 'totalwalking': 90}, 'running': {'begin': '2022-12-13 11:00', 'totalrunning': 90}}
2023-01-31 16:31:15 [DEBUG  ][ln-548]: ======================================== Star to run: <TestAPI> ========================================
2023-01-31 16:31:15 [DEBUG  ][ln-554]: ======================================== Star to run: <test_beacon_func> ========================================
2023-01-31 16:31:21 [INFO   ][ln-294]: ##################################################################

2023-01-31 16:31:21 [INFO   ][ln-295]: #  Test case : ( BLE beacon scan via Android Phone (HomePass App)  #)

2023-01-31 16:31:21 [INFO   ][ln-296]: ##################################################################)

2023-01-31 16:31:21 [INFO   ][ln-297]: ##################################################################
2023-01-31 16:31:49 [DEBUG  ][ln-85 ]: Lanch the HomePass APP successfully.
2023-01-31 16:32:15 [DEBUG  ][ln-95 ]: Go to Manu & Settines successfully
2023-01-31 16:32:21 [DEBUG  ][ln-106]: Click Add Plume Ring button successfully
2023-01-31 16:32:25 [DEBUG  ][ln-110]: Click first Accept button successfully
2023-01-31 16:32:29 [DEBUG  ][ln-114]: Click second Accept button successfully
2023-01-31 16:32:42 [DEBUG  ][ln-132]: click Next button successfully!
2023-01-31 16:33:03 [INFO   ][ln-170]: connect page
2023-01-31 16:33:04 [DEBUG  ][ln-176]: click Connect button successfully!
2023-01-31 16:33:21 [DEBUG  ][ln-210]: Set Year of birth successfully
2023-01-31 16:33:26 [INFO   ][ln-220]: Male
2023-01-31 16:33:28 [DEBUG  ][ln-226]: Set the Gender is Male successfully
2023-01-31 16:33:34 [DEBUG  ][ln-246]: Set Usual sleep time successfully
2023-01-31 16:33:34 [DEBUG  ][ln-252]: Click Next button successfully
2023-01-31 16:33:42 [DEBUG  ][ln-260]: Click I understand button successfully
2023-01-31 16:33:45 [DEBUG  ][ln-266]: Complete to Add Plume Ring
2023-01-31 16:33:50 [INFO   ][ln-386]: Done
2023-01-31 16:33:50 [DEBUG  ][ln-557]: teardown_method
2023-01-31 16:33:50 [DEBUG  ][ln-551]: teardown_class
2023-01-31 16:33:55 [INFO   ][ln-47 ]: Start to load config file
2023-01-31 16:33:55 [DEBUG  ][ln-49 ]: config.ini: {'dut': {'ip': 'staging-rest.pwb.plume-dev.com'}, 'userinfo': {'usrid': 'zhicheng+4@plume.com', 'pwd': 'plume1234', 'devuserid': '6270462c9c997f0009538d15', 'devid': '60B4F7F5003B', 'mac': '60:B4:F7:F5:00:3B', 'androiddev1': 'd38c1487', 'androiddev2': 'R5CT50K7ENH', 'Commanduuid': '00004652-08c2-11e1-9073-0e8ac72e0011', 'Datauuid': '00004652-08c2-11e1-9073-0e8ac72e0013', 'ResponseUUID': '00004652-08c2-11e1-9073-0e8ac72e0012'}, 'unixtime': {'adddays': 0, 'addhours': 1, 'addsecs': 30}, 'allurewiget': {'Device': 'Deity Ring', 'DevVersion': 'FW v0xFF.2.11', 'FirmwareURL': 'https://drive.google.com/file/d/1VftYP92ntZ5uynnjqGla0O9qDrT7XeXj/view?usp=sharing'}, 'sleep': {'begin': '2022-12-12 23:00', 'totalsleep': 360}, 'walking': {'begin': '2022-12-13 10:00', 'totalwalking': 90}, 'running': {'begin': '2022-12-13 11:00', 'totalrunning': 90}}
2023-01-31 16:33:55 [DEBUG  ][ln-548]: ======================================== Star to run: <TestAPI> ========================================
2023-01-31 16:33:55 [DEBUG  ][ln-554]: ======================================== Star to run: <test_beacon_func> ========================================
2023-01-31 16:34:01 [INFO   ][ln-294]: ##################################################################

2023-01-31 16:34:01 [INFO   ][ln-295]: #  Test case : ( BLE beacon scan via Android Phone (HomePass App)  #)

2023-01-31 16:34:01 [INFO   ][ln-296]: ##################################################################)

2023-01-31 16:34:01 [INFO   ][ln-297]: ##################################################################
2023-01-31 16:34:29 [DEBUG  ][ln-85 ]: Lanch the HomePass APP successfully.
2023-01-31 16:34:55 [DEBUG  ][ln-95 ]: Go to Manu & Settines successfully
2023-01-31 16:35:01 [DEBUG  ][ln-106]: Click Add Plume Ring button successfully
2023-01-31 16:35:05 [DEBUG  ][ln-110]: Click first Accept button successfully
2023-01-31 16:35:08 [DEBUG  ][ln-114]: Click second Accept button successfully
2023-01-31 16:35:22 [DEBUG  ][ln-132]: click Next button successfully!
2023-01-31 16:35:42 [INFO   ][ln-170]: connect page
2023-01-31 16:35:44 [DEBUG  ][ln-176]: click Connect button successfully!
2023-01-31 16:36:00 [DEBUG  ][ln-210]: Set Year of birth successfully
2023-01-31 16:36:06 [INFO   ][ln-220]: Male
2023-01-31 16:36:08 [DEBUG  ][ln-226]: Set the Gender is Male successfully
2023-01-31 16:36:13 [DEBUG  ][ln-246]: Set Usual sleep time successfully
2023-01-31 16:36:14 [DEBUG  ][ln-252]: Click Next button successfully
2023-01-31 16:36:21 [DEBUG  ][ln-260]: Click I understand button successfully
2023-01-31 16:36:24 [DEBUG  ][ln-266]: Complete to Add Plume Ring
2023-01-31 16:36:29 [INFO   ][ln-386]: Done
2023-01-31 16:36:29 [DEBUG  ][ln-557]: teardown_method
2023-01-31 16:36:29 [DEBUG  ][ln-551]: teardown_class
2023-01-31 16:36:50 [INFO   ][ln-47 ]: Start to load config file
2023-01-31 16:36:50 [DEBUG  ][ln-49 ]: config.ini: {'dut': {'ip': 'staging-rest.pwb.plume-dev.com'}, 'userinfo': {'usrid': 'zhicheng+4@plume.com', 'pwd': 'plume1234', 'devuserid': '6270462c9c997f0009538d15', 'devid': '60B4F7F5003B', 'mac': '60:B4:F7:F5:00:3B', 'androiddev1': 'd38c1487', 'androiddev2': 'R5CT50K7ENH', 'Commanduuid': '00004652-08c2-11e1-9073-0e8ac72e0011', 'Datauuid': '00004652-08c2-11e1-9073-0e8ac72e0013', 'ResponseUUID': '00004652-08c2-11e1-9073-0e8ac72e0012'}, 'unixtime': {'adddays': 0, 'addhours': 1, 'addsecs': 30}, 'allurewiget': {'Device': 'Deity Ring', 'DevVersion': 'FW v0xFF.2.11', 'FirmwareURL': 'https://drive.google.com/file/d/1VftYP92ntZ5uynnjqGla0O9qDrT7XeXj/view?usp=sharing'}, 'sleep': {'begin': '2022-12-12 23:00', 'totalsleep': 360}, 'walking': {'begin': '2022-12-13 10:00', 'totalwalking': 90}, 'running': {'begin': '2022-12-13 11:00', 'totalrunning': 90}}
2023-01-31 16:36:50 [DEBUG  ][ln-548]: ======================================== Star to run: <TestAPI> ========================================
2023-01-31 16:36:50 [DEBUG  ][ln-554]: ======================================== Star to run: <test_beacon_func> ========================================
2023-01-31 16:36:56 [INFO   ][ln-294]: ##################################################################

2023-01-31 16:36:56 [INFO   ][ln-295]: #  Test case : ( BLE beacon scan via Android Phone (HomePass App)  #)

2023-01-31 16:36:56 [INFO   ][ln-296]: ##################################################################)

2023-01-31 16:36:56 [INFO   ][ln-297]: ##################################################################
2023-01-31 16:37:22 [DEBUG  ][ln-85 ]: Lanch the HomePass APP successfully.
2023-01-31 16:37:48 [DEBUG  ][ln-95 ]: Go to Manu & Settines successfully
2023-01-31 16:37:54 [DEBUG  ][ln-106]: Click Add Plume Ring button successfully
2023-01-31 16:37:57 [DEBUG  ][ln-110]: Click first Accept button successfully
2023-01-31 16:38:01 [DEBUG  ][ln-114]: Click second Accept button successfully
2023-01-31 16:38:14 [DEBUG  ][ln-132]: click Next button successfully!
2023-01-31 16:38:35 [INFO   ][ln-170]: connect page
2023-01-31 16:38:36 [DEBUG  ][ln-176]: click Connect button successfully!
2023-01-31 16:38:53 [DEBUG  ][ln-210]: Set Year of birth successfully
2023-01-31 16:38:59 [INFO   ][ln-220]: Male
2023-01-31 16:39:00 [DEBUG  ][ln-226]: Set the Gender is Male successfully
2023-01-31 16:39:06 [DEBUG  ][ln-246]: Set Usual sleep time successfully
2023-01-31 16:39:06 [DEBUG  ][ln-252]: Click Next button successfully
2023-01-31 16:39:14 [DEBUG  ][ln-260]: Click I understand button successfully
2023-01-31 16:39:16 [DEBUG  ][ln-266]: Complete to Add Plume Ring
2023-01-31 16:39:21 [INFO   ][ln-386]: Done
2023-01-31 16:39:21 [DEBUG  ][ln-557]: teardown_method
2023-01-31 16:39:21 [DEBUG  ][ln-551]: teardown_class
2023-01-31 16:40:50 [INFO   ][ln-47 ]: Start to load config file
2023-01-31 16:40:50 [DEBUG  ][ln-49 ]: config.ini: {'dut': {'ip': 'staging-rest.pwb.plume-dev.com'}, 'userinfo': {'usrid': 'zhicheng+4@plume.com', 'pwd': 'plume1234', 'devuserid': '6270462c9c997f0009538d15', 'devid': '60B4F7F5003B', 'mac': '60:B4:F7:F5:00:3B', 'androiddev1': 'd38c1487', 'androiddev2': 'R5CT50K7ENH', 'Commanduuid': '00004652-08c2-11e1-9073-0e8ac72e0011', 'Datauuid': '00004652-08c2-11e1-9073-0e8ac72e0013', 'ResponseUUID': '00004652-08c2-11e1-9073-0e8ac72e0012'}, 'unixtime': {'adddays': 0, 'addhours': 1, 'addsecs': 30}, 'allurewiget': {'Device': 'Deity Ring', 'DevVersion': 'FW v0xFF.2.11', 'FirmwareURL': 'https://drive.google.com/file/d/1VftYP92ntZ5uynnjqGla0O9qDrT7XeXj/view?usp=sharing'}, 'sleep': {'begin': '2022-12-12 23:00', 'totalsleep': 360}, 'walking': {'begin': '2022-12-13 10:00', 'totalwalking': 90}, 'running': {'begin': '2022-12-13 11:00', 'totalrunning': 90}}
2023-01-31 16:40:50 [DEBUG  ][ln-548]: ======================================== Star to run: <TestAPI> ========================================
2023-01-31 16:40:50 [DEBUG  ][ln-554]: ======================================== Star to run: <test_beacon_func> ========================================
2023-01-31 16:40:56 [INFO   ][ln-294]: ##################################################################

2023-01-31 16:40:56 [INFO   ][ln-295]: #  Test case : ( BLE beacon scan via Android Phone (HomePass App)  #)

2023-01-31 16:40:56 [INFO   ][ln-296]: ##################################################################)

2023-01-31 16:40:56 [INFO   ][ln-297]: ##################################################################
2023-01-31 16:41:22 [DEBUG  ][ln-85 ]: Lanch the HomePass APP successfully.
2023-01-31 16:41:48 [DEBUG  ][ln-95 ]: Go to Manu & Settines successfully
2023-01-31 16:41:54 [DEBUG  ][ln-106]: Click Add Plume Ring button successfully
2023-01-31 16:41:58 [DEBUG  ][ln-110]: Click first Accept button successfully
2023-01-31 16:42:02 [DEBUG  ][ln-114]: Click second Accept button successfully
2023-01-31 16:42:15 [DEBUG  ][ln-132]: click Next button successfully!
2023-01-31 16:42:36 [INFO   ][ln-170]: connect page
2023-01-31 16:42:37 [DEBUG  ][ln-176]: click Connect button successfully!
2023-01-31 16:42:54 [DEBUG  ][ln-210]: Set Year of birth successfully
2023-01-31 16:42:59 [INFO   ][ln-220]: Male
2023-01-31 16:43:01 [DEBUG  ][ln-226]: Set the Gender is Male successfully
2023-01-31 16:43:06 [DEBUG  ][ln-246]: Set Usual sleep time successfully
2023-01-31 16:43:07 [DEBUG  ][ln-252]: Click Next button successfully
2023-01-31 16:43:15 [DEBUG  ][ln-260]: Click I understand button successfully
2023-01-31 16:43:17 [DEBUG  ][ln-266]: Complete to Add Plume Ring
2023-01-31 16:43:23 [INFO   ][ln-386]: Done
2023-01-31 16:43:23 [DEBUG  ][ln-557]: teardown_method
2023-01-31 16:43:23 [DEBUG  ][ln-551]: teardown_class
2023-01-31 16:45:00 [INFO   ][ln-47 ]: Start to load config file
2023-01-31 16:45:00 [DEBUG  ][ln-49 ]: config.ini: {'dut': {'ip': 'staging-rest.pwb.plume-dev.com'}, 'userinfo': {'usrid': 'zhicheng+4@plume.com', 'pwd': 'plume1234', 'devuserid': '6270462c9c997f0009538d15', 'devid': '60B4F7F5003B', 'mac': '60:B4:F7:F5:00:3B', 'androiddev1': 'd38c1487', 'androiddev2': 'R5CT50K7ENH', 'Commanduuid': '00004652-08c2-11e1-9073-0e8ac72e0011', 'Datauuid': '00004652-08c2-11e1-9073-0e8ac72e0013', 'ResponseUUID': '00004652-08c2-11e1-9073-0e8ac72e0012'}, 'unixtime': {'adddays': 0, 'addhours': 1, 'addsecs': 30}, 'allurewiget': {'Device': 'Deity Ring', 'DevVersion': 'FW v0xFF.2.11', 'FirmwareURL': 'https://drive.google.com/file/d/1VftYP92ntZ5uynnjqGla0O9qDrT7XeXj/view?usp=sharing'}, 'sleep': {'begin': '2022-12-12 23:00', 'totalsleep': 360}, 'walking': {'begin': '2022-12-13 10:00', 'totalwalking': 90}, 'running': {'begin': '2022-12-13 11:00', 'totalrunning': 90}}
2023-01-31 16:45:00 [DEBUG  ][ln-548]: ======================================== Star to run: <TestAPI> ========================================
2023-01-31 16:45:00 [DEBUG  ][ln-554]: ======================================== Star to run: <test_beacon_func> ========================================
2023-01-31 16:45:06 [INFO   ][ln-294]: ##################################################################

2023-01-31 16:45:06 [INFO   ][ln-295]: #  Test case : ( BLE beacon scan via Android Phone (HomePass App)  #)

2023-01-31 16:45:06 [INFO   ][ln-296]: ##################################################################)

2023-01-31 16:45:06 [INFO   ][ln-297]: ##################################################################
2023-01-31 16:45:32 [DEBUG  ][ln-85 ]: Lanch the HomePass APP successfully.
2023-01-31 16:45:58 [DEBUG  ][ln-95 ]: Go to Manu & Settines successfully
2023-01-31 16:46:04 [DEBUG  ][ln-106]: Click Add Plume Ring button successfully
2023-01-31 16:46:07 [DEBUG  ][ln-110]: Click first Accept button successfully
2023-01-31 16:46:11 [DEBUG  ][ln-114]: Click second Accept button successfully
2023-01-31 16:46:25 [DEBUG  ][ln-132]: click Next button successfully!
2023-01-31 16:46:45 [INFO   ][ln-170]: connect page
2023-01-31 16:46:46 [DEBUG  ][ln-176]: click Connect button successfully!
2023-01-31 16:47:03 [DEBUG  ][ln-210]: Set Year of birth successfully
2023-01-31 16:47:09 [INFO   ][ln-220]: Male
2023-01-31 16:47:10 [DEBUG  ][ln-226]: Set the Gender is Male successfully
2023-01-31 16:47:16 [DEBUG  ][ln-246]: Set Usual sleep time successfully
2023-01-31 16:47:16 [DEBUG  ][ln-252]: Click Next button successfully
2023-01-31 16:47:24 [DEBUG  ][ln-260]: Click I understand button successfully
2023-01-31 16:47:27 [DEBUG  ][ln-266]: Complete to Add Plume Ring
2023-01-31 16:47:32 [INFO   ][ln-386]: Done
2023-01-31 16:47:32 [DEBUG  ][ln-557]: teardown_method
2023-01-31 16:47:32 [DEBUG  ][ln-551]: teardown_class
2023-01-31 16:47:36 [INFO   ][ln-47 ]: Start to load config file
2023-01-31 16:47:36 [DEBUG  ][ln-49 ]: config.ini: {'dut': {'ip': 'staging-rest.pwb.plume-dev.com'}, 'userinfo': {'usrid': 'zhicheng+4@plume.com', 'pwd': 'plume1234', 'devuserid': '6270462c9c997f0009538d15', 'devid': '60B4F7F5003B', 'mac': '60:B4:F7:F5:00:3B', 'androiddev1': 'd38c1487', 'androiddev2': 'R5CT50K7ENH', 'Commanduuid': '00004652-08c2-11e1-9073-0e8ac72e0011', 'Datauuid': '00004652-08c2-11e1-9073-0e8ac72e0013', 'ResponseUUID': '00004652-08c2-11e1-9073-0e8ac72e0012'}, 'unixtime': {'adddays': 0, 'addhours': 1, 'addsecs': 30}, 'allurewiget': {'Device': 'Deity Ring', 'DevVersion': 'FW v0xFF.2.11', 'FirmwareURL': 'https://drive.google.com/file/d/1VftYP92ntZ5uynnjqGla0O9qDrT7XeXj/view?usp=sharing'}, 'sleep': {'begin': '2022-12-12 23:00', 'totalsleep': 360}, 'walking': {'begin': '2022-12-13 10:00', 'totalwalking': 90}, 'running': {'begin': '2022-12-13 11:00', 'totalrunning': 90}}
2023-01-31 16:47:36 [DEBUG  ][ln-548]: ======================================== Star to run: <TestAPI> ========================================
2023-01-31 16:47:36 [DEBUG  ][ln-554]: ======================================== Star to run: <test_beacon_func> ========================================
2023-01-31 16:47:42 [INFO   ][ln-294]: ##################################################################

2023-01-31 16:47:42 [INFO   ][ln-295]: #  Test case : ( BLE beacon scan via Android Phone (HomePass App)  #)

2023-01-31 16:47:42 [INFO   ][ln-296]: ##################################################################)

2023-01-31 16:47:42 [INFO   ][ln-297]: ##################################################################
2023-01-31 16:48:08 [DEBUG  ][ln-85 ]: Lanch the HomePass APP successfully.
2023-01-31 16:48:34 [DEBUG  ][ln-95 ]: Go to Manu & Settines successfully
2023-01-31 16:48:40 [DEBUG  ][ln-106]: Click Add Plume Ring button successfully
2023-01-31 16:48:43 [DEBUG  ][ln-110]: Click first Accept button successfully
2023-01-31 16:48:47 [DEBUG  ][ln-114]: Click second Accept button successfully
2023-01-31 16:49:00 [DEBUG  ][ln-132]: click Next button successfully!
2023-01-31 16:49:21 [INFO   ][ln-170]: connect page
2023-01-31 16:49:22 [DEBUG  ][ln-176]: click Connect button successfully!
2023-01-31 16:49:39 [DEBUG  ][ln-210]: Set Year of birth successfully
2023-01-31 16:49:45 [INFO   ][ln-220]: Male
2023-01-31 16:49:46 [DEBUG  ][ln-226]: Set the Gender is Male successfully
2023-01-31 16:49:52 [DEBUG  ][ln-246]: Set Usual sleep time successfully
2023-01-31 16:49:52 [DEBUG  ][ln-252]: Click Next button successfully
2023-01-31 16:50:00 [DEBUG  ][ln-260]: Click I understand button successfully
2023-01-31 16:50:03 [DEBUG  ][ln-266]: Complete to Add Plume Ring
2023-01-31 16:50:08 [INFO   ][ln-386]: Done
2023-01-31 16:50:08 [DEBUG  ][ln-557]: teardown_method
2023-01-31 16:50:08 [DEBUG  ][ln-551]: teardown_class
2023-01-31 16:50:14 [INFO   ][ln-47 ]: Start to load config file
2023-01-31 16:50:14 [DEBUG  ][ln-49 ]: config.ini: {'dut': {'ip': 'staging-rest.pwb.plume-dev.com'}, 'userinfo': {'usrid': 'zhicheng+4@plume.com', 'pwd': 'plume1234', 'devuserid': '6270462c9c997f0009538d15', 'devid': '60B4F7F5003B', 'mac': '60:B4:F7:F5:00:3B', 'androiddev1': 'd38c1487', 'androiddev2': 'R5CT50K7ENH', 'Commanduuid': '00004652-08c2-11e1-9073-0e8ac72e0011', 'Datauuid': '00004652-08c2-11e1-9073-0e8ac72e0013', 'ResponseUUID': '00004652-08c2-11e1-9073-0e8ac72e0012'}, 'unixtime': {'adddays': 0, 'addhours': 1, 'addsecs': 30}, 'allurewiget': {'Device': 'Deity Ring', 'DevVersion': 'FW v0xFF.2.11', 'FirmwareURL': 'https://drive.google.com/file/d/1VftYP92ntZ5uynnjqGla0O9qDrT7XeXj/view?usp=sharing'}, 'sleep': {'begin': '2022-12-12 23:00', 'totalsleep': 360}, 'walking': {'begin': '2022-12-13 10:00', 'totalwalking': 90}, 'running': {'begin': '2022-12-13 11:00', 'totalrunning': 90}}
2023-01-31 16:50:14 [DEBUG  ][ln-548]: ======================================== Star to run: <TestAPI> ========================================
2023-01-31 16:50:14 [DEBUG  ][ln-554]: ======================================== Star to run: <test_beacon_func> ========================================
2023-01-31 16:50:20 [INFO   ][ln-294]: ##################################################################

2023-01-31 16:50:20 [INFO   ][ln-295]: #  Test case : ( BLE beacon scan via Android Phone (HomePass App)  #)

2023-01-31 16:50:20 [INFO   ][ln-296]: ##################################################################)

2023-01-31 16:50:20 [INFO   ][ln-297]: ##################################################################
2023-01-31 16:50:45 [DEBUG  ][ln-85 ]: Lanch the HomePass APP successfully.
2023-01-31 16:51:11 [DEBUG  ][ln-95 ]: Go to Manu & Settines successfully
2023-01-31 16:51:17 [DEBUG  ][ln-106]: Click Add Plume Ring button successfully
2023-01-31 16:51:21 [DEBUG  ][ln-110]: Click first Accept button successfully
2023-01-31 16:51:25 [DEBUG  ][ln-114]: Click second Accept button successfully
2023-01-31 16:51:38 [DEBUG  ][ln-132]: click Next button successfully!
2023-01-31 16:51:59 [INFO   ][ln-170]: connect page
2023-01-31 16:52:00 [DEBUG  ][ln-176]: click Connect button successfully!
2023-01-31 16:52:17 [DEBUG  ][ln-210]: Set Year of birth successfully
2023-01-31 16:52:22 [INFO   ][ln-220]: Other
2023-01-31 16:52:23 [DEBUG  ][ln-236]: Set the Gender is other successfully
2023-01-31 16:52:29 [DEBUG  ][ln-246]: Set Usual sleep time successfully
2023-01-31 16:52:29 [DEBUG  ][ln-252]: Click Next button successfully
2023-01-31 16:52:37 [DEBUG  ][ln-260]: Click I understand button successfully
2023-01-31 16:52:40 [DEBUG  ][ln-266]: Complete to Add Plume Ring
2023-01-31 16:52:45 [INFO   ][ln-386]: Done
2023-01-31 16:52:45 [DEBUG  ][ln-557]: teardown_method
2023-01-31 16:52:45 [DEBUG  ][ln-551]: teardown_class
