2024-01-25 23:50:14 [INFO   ][ln-47 ]: Start to load config file
2024-01-25 23:50:14 [DEBUG  ][ln-49 ]: config.ini: {'dut': {'ip': 'feng038100@gmail.com'}, 'userinfo': {'usrid': 'feng038100@gmail.com', 'pwd': 'plume1234', 'devuserid': '6489599c9a2357000b2dc384', 'sn': 'kd8c0000c6', 'devid': '60B4F7B307B5', 'mac': '60:B4:F7:B3:07:B5', 'androiddev1': 'HQ635T08E6', 'Commanduuid': '00004652-08c2-11e1-9073-0e8ac72e0011', 'Datauuid': '00004652-08c2-11e1-9073-0e8ac72e0013', 'ResponseUUID': '00004652-08c2-11e1-9073-0e8ac72e0012'}, 'unixtime': {'adddays': 0, 'addhours': 1, 'addsecs': 30}, 'sleep': {'begin': '2022-12-12 23:00', 'totalsleep': 360}, 'walking': {'begin': '2022-12-13 10:00', 'totalwalking': 90}, 'running': {'begin': '2022-12-13 11:00', 'totalrunning': 90}}
2024-01-25 23:50:36 [INFO   ][ln-47 ]: Start to load config file
2024-01-25 23:50:36 [DEBUG  ][ln-49 ]: config.ini: {'dut': {'ip': 'feng038100@gmail.com'}, 'userinfo': {'usrid': 'feng038100@gmail.com', 'pwd': 'plume1234', 'devuserid': '6489599c9a2357000b2dc384', 'sn': 'kd8c0000c6', 'devid': '60B4F7B307B5', 'mac': '60:B4:F7:B3:07:B5', 'androiddev1': 'HQ635T08E6', 'Commanduuid': '00004652-08c2-11e1-9073-0e8ac72e0011', 'Datauuid': '00004652-08c2-11e1-9073-0e8ac72e0013', 'ResponseUUID': '00004652-08c2-11e1-9073-0e8ac72e0012'}, 'unixtime': {'adddays': 0, 'addhours': 1, 'addsecs': 30}, 'sleep': {'begin': '2022-12-12 23:00', 'totalsleep': 360}, 'walking': {'begin': '2022-12-13 10:00', 'totalwalking': 90}, 'running': {'begin': '2022-12-13 11:00', 'totalrunning': 90}}
2024-01-25 23:51:24 [INFO   ][ln-47 ]: Start to load config file
2024-01-25 23:51:24 [DEBUG  ][ln-49 ]: config.ini: {'dut': {'ip': 'feng038100@gmail.com'}, 'userinfo': {'usrid': 'feng038100@gmail.com', 'pwd': 'plume1234', 'devuserid': '6489599c9a2357000b2dc384', 'sn': 'kd8c0000c6', 'devid': '60B4F7B307B5', 'mac': '60:B4:F7:B3:07:B5', 'androiddev1': 'HQ635T08E6', 'Commanduuid': '00004652-08c2-11e1-9073-0e8ac72e0011', 'Datauuid': '00004652-08c2-11e1-9073-0e8ac72e0013', 'ResponseUUID': '00004652-08c2-11e1-9073-0e8ac72e0012'}, 'unixtime': {'adddays': 0, 'addhours': 1, 'addsecs': 30}, 'sleep': {'begin': '2022-12-12 23:00', 'totalsleep': 360}, 'walking': {'begin': '2022-12-13 10:00', 'totalwalking': 90}, 'running': {'begin': '2022-12-13 11:00', 'totalrunning': 90}}
2024-01-25 23:51:48 [INFO   ][ln-47 ]: Start to load config file
2024-01-25 23:51:48 [DEBUG  ][ln-49 ]: config.ini: {'dut': {'ip': 'feng038100@gmail.com'}, 'userinfo': {'usrid': 'feng038100@gmail.com', 'pwd': 'plume1234', 'devuserid': '6489599c9a2357000b2dc384', 'sn': 'kd8c0000c6', 'devid': '60B4F7B307B5', 'mac': '60:B4:F7:B3:07:B5', 'androiddev1': 'HQ635T08E6', 'Commanduuid': '00004652-08c2-11e1-9073-0e8ac72e0011', 'Datauuid': '00004652-08c2-11e1-9073-0e8ac72e0013', 'ResponseUUID': '00004652-08c2-11e1-9073-0e8ac72e0012'}, 'unixtime': {'adddays': 0, 'addhours': 1, 'addsecs': 30}, 'sleep': {'begin': '2022-12-12 23:00', 'totalsleep': 360}, 'walking': {'begin': '2022-12-13 10:00', 'totalwalking': 90}, 'running': {'begin': '2022-12-13 11:00', 'totalrunning': 90}}
2024-01-25 23:51:48 [DEBUG  ][ln-971]: ======================================== Star to run: <TestAPI> ========================================
2024-01-25 23:51:48 [DEBUG  ][ln-977]: ======================================== Star to run: <test_android_func> ========================================
2024-01-25 23:51:52 [INFO   ][ln-162]: ##################################################################

2024-01-25 23:51:52 [INFO   ][ln-163]: #  Test case : ( BLE beacon scan via Android Phone (Nordic App)  #)

2024-01-25 23:51:52 [INFO   ][ln-164]: ##################################################################)

2024-01-25 23:51:52 [INFO   ][ln-165]: ##################################################################
2024-01-25 23:51:57 [DEBUG  ][ln-980]: teardown_method
2024-01-25 23:51:57 [DEBUG  ][ln-974]: teardown_class
2024-01-25 23:52:56 [INFO   ][ln-47 ]: Start to load config file
2024-01-25 23:52:56 [DEBUG  ][ln-49 ]: config.ini: {'dut': {'ip': 'feng038100@gmail.com'}, 'userinfo': {'usrid': 'feng038100@gmail.com', 'pwd': 'plume1234', 'devuserid': '6489599c9a2357000b2dc384', 'sn': 'kd8c0000c6', 'devid': '60B4F7B307B5', 'mac': '60:B4:F7:B3:07:B5', 'androiddev1': 'HQ635T08E6', 'Commanduuid': '00004652-08c2-11e1-9073-0e8ac72e0011', 'Datauuid': '00004652-08c2-11e1-9073-0e8ac72e0013', 'ResponseUUID': '00004652-08c2-11e1-9073-0e8ac72e0012'}, 'unixtime': {'adddays': 0, 'addhours': 1, 'addsecs': 30}, 'sleep': {'begin': '2022-12-12 23:00', 'totalsleep': 360}, 'walking': {'begin': '2022-12-13 10:00', 'totalwalking': 90}, 'running': {'begin': '2022-12-13 11:00', 'totalrunning': 90}}
2024-01-25 23:52:56 [DEBUG  ][ln-971]: ======================================== Star to run: <TestAPI> ========================================
2024-01-25 23:52:56 [DEBUG  ][ln-977]: ======================================== Star to run: <test_android_func> ========================================
2024-01-25 23:53:01 [INFO   ][ln-163]: ##################################################################

2024-01-25 23:53:01 [INFO   ][ln-164]: #  Test case : ( BLE beacon scan via Android Phone (Nordic App)  #)

2024-01-25 23:53:01 [INFO   ][ln-165]: ##################################################################)

2024-01-25 23:53:01 [INFO   ][ln-166]: ##################################################################
2024-01-25 23:53:03 [DEBUG  ][ln-980]: teardown_method
2024-01-25 23:53:03 [DEBUG  ][ln-974]: teardown_class
2024-01-25 23:54:03 [INFO   ][ln-47 ]: Start to load config file
2024-01-25 23:54:03 [DEBUG  ][ln-49 ]: config.ini: {'dut': {'ip': 'feng038100@gmail.com'}, 'userinfo': {'usrid': 'feng038100@gmail.com', 'pwd': 'plume1234', 'devuserid': '6489599c9a2357000b2dc384', 'sn': 'kd8c0000c6', 'devid': '60B4F7B307B5', 'mac': '60:B4:F7:B3:07:B5', 'androiddev1': 'HQ635T08E6', 'Commanduuid': '00004652-08c2-11e1-9073-0e8ac72e0011', 'Datauuid': '00004652-08c2-11e1-9073-0e8ac72e0013', 'ResponseUUID': '00004652-08c2-11e1-9073-0e8ac72e0012'}, 'unixtime': {'adddays': 0, 'addhours': 1, 'addsecs': 30}, 'sleep': {'begin': '2022-12-12 23:00', 'totalsleep': 360}, 'walking': {'begin': '2022-12-13 10:00', 'totalwalking': 90}, 'running': {'begin': '2022-12-13 11:00', 'totalrunning': 90}}
2024-01-25 23:54:03 [DEBUG  ][ln-971]: ======================================== Star to run: <TestAPI> ========================================
2024-01-25 23:54:03 [DEBUG  ][ln-977]: ======================================== Star to run: <test_android_func> ========================================
2024-01-25 23:54:08 [INFO   ][ln-163]: ##################################################################

2024-01-25 23:54:08 [INFO   ][ln-164]: #  Test case : ( BLE beacon scan via Android Phone (Nordic App)  #)

2024-01-25 23:54:08 [INFO   ][ln-165]: ##################################################################)

2024-01-25 23:54:08 [INFO   ][ln-166]: ##################################################################
2024-01-25 23:54:11 [DEBUG  ][ln-980]: teardown_method
2024-01-25 23:54:11 [DEBUG  ][ln-974]: teardown_class
2024-01-25 23:54:43 [INFO   ][ln-47 ]: Start to load config file
2024-01-25 23:54:43 [DEBUG  ][ln-49 ]: config.ini: {'dut': {'ip': 'feng038100@gmail.com'}, 'userinfo': {'usrid': 'feng038100@gmail.com', 'pwd': 'plume1234', 'devuserid': '6489599c9a2357000b2dc384', 'sn': 'kd8c0000c6', 'devid': '60B4F7B307B5', 'mac': '60:B4:F7:B3:07:B5', 'androiddev1': 'HQ635T08E6', 'Commanduuid': '00004652-08c2-11e1-9073-0e8ac72e0011', 'Datauuid': '00004652-08c2-11e1-9073-0e8ac72e0013', 'ResponseUUID': '00004652-08c2-11e1-9073-0e8ac72e0012'}, 'unixtime': {'adddays': 0, 'addhours': 1, 'addsecs': 30}, 'sleep': {'begin': '2022-12-12 23:00', 'totalsleep': 360}, 'walking': {'begin': '2022-12-13 10:00', 'totalwalking': 90}, 'running': {'begin': '2022-12-13 11:00', 'totalrunning': 90}}
2024-01-25 23:54:43 [DEBUG  ][ln-971]: ======================================== Star to run: <TestAPI> ========================================
2024-01-25 23:54:43 [DEBUG  ][ln-977]: ======================================== Star to run: <test_android_func> ========================================
2024-01-25 23:54:47 [INFO   ][ln-163]: ##################################################################

2024-01-25 23:54:47 [INFO   ][ln-164]: #  Test case : ( BLE beacon scan via Android Phone (Nordic App)  #)

2024-01-25 23:54:47 [INFO   ][ln-165]: ##################################################################)

2024-01-25 23:54:47 [INFO   ][ln-166]: ##################################################################
2024-01-25 23:54:49 [DEBUG  ][ln-980]: teardown_method
2024-01-25 23:54:49 [DEBUG  ][ln-974]: teardown_class
2024-01-25 23:55:22 [INFO   ][ln-47 ]: Start to load config file
2024-01-25 23:55:22 [DEBUG  ][ln-49 ]: config.ini: {'dut': {'ip': 'feng038100@gmail.com'}, 'userinfo': {'usrid': 'feng038100@gmail.com', 'pwd': 'plume1234', 'devuserid': '6489599c9a2357000b2dc384', 'sn': 'kd8c0000c6', 'devid': '60B4F7B307B5', 'mac': '60:B4:F7:B3:07:B5', 'androiddev1': 'HQ635T08E6', 'Commanduuid': '00004652-08c2-11e1-9073-0e8ac72e0011', 'Datauuid': '00004652-08c2-11e1-9073-0e8ac72e0013', 'ResponseUUID': '00004652-08c2-11e1-9073-0e8ac72e0012'}, 'unixtime': {'adddays': 0, 'addhours': 1, 'addsecs': 30}, 'sleep': {'begin': '2022-12-12 23:00', 'totalsleep': 360}, 'walking': {'begin': '2022-12-13 10:00', 'totalwalking': 90}, 'running': {'begin': '2022-12-13 11:00', 'totalrunning': 90}}
2024-01-25 23:55:22 [DEBUG  ][ln-971]: ======================================== Star to run: <TestAPI> ========================================
2024-01-25 23:55:22 [DEBUG  ][ln-977]: ======================================== Star to run: <test_android_func> ========================================
2024-01-25 23:55:27 [INFO   ][ln-163]: ##################################################################

2024-01-25 23:55:27 [INFO   ][ln-164]: #  Test case : ( BLE beacon scan via Android Phone (Nordic App)  #)

2024-01-25 23:55:27 [INFO   ][ln-165]: ##################################################################)

2024-01-25 23:55:27 [INFO   ][ln-166]: ##################################################################
2024-01-25 23:55:29 [DEBUG  ][ln-980]: teardown_method
2024-01-25 23:55:29 [DEBUG  ][ln-974]: teardown_class
2024-01-25 23:55:55 [INFO   ][ln-47 ]: Start to load config file
2024-01-25 23:55:55 [DEBUG  ][ln-49 ]: config.ini: {'dut': {'ip': 'feng038100@gmail.com'}, 'userinfo': {'usrid': 'feng038100@gmail.com', 'pwd': 'plume1234', 'devuserid': '6489599c9a2357000b2dc384', 'sn': 'kd8c0000c6', 'devid': '60B4F7B307B5', 'mac': '60:B4:F7:B3:07:B5', 'androiddev1': 'HQ635T08E6', 'Commanduuid': '00004652-08c2-11e1-9073-0e8ac72e0011', 'Datauuid': '00004652-08c2-11e1-9073-0e8ac72e0013', 'ResponseUUID': '00004652-08c2-11e1-9073-0e8ac72e0012'}, 'unixtime': {'adddays': 0, 'addhours': 1, 'addsecs': 30}, 'sleep': {'begin': '2022-12-12 23:00', 'totalsleep': 360}, 'walking': {'begin': '2022-12-13 10:00', 'totalwalking': 90}, 'running': {'begin': '2022-12-13 11:00', 'totalrunning': 90}}
2024-01-25 23:55:55 [DEBUG  ][ln-971]: ======================================== Star to run: <TestAPI> ========================================
2024-01-25 23:55:55 [DEBUG  ][ln-977]: ======================================== Star to run: <test_android_func> ========================================
2024-01-25 23:56:00 [INFO   ][ln-163]: ##################################################################

2024-01-25 23:56:00 [INFO   ][ln-164]: #  Test case : ( BLE beacon scan via Android Phone (Nordic App)  #)

2024-01-25 23:56:00 [INFO   ][ln-165]: ##################################################################)

2024-01-25 23:56:00 [INFO   ][ln-166]: ##################################################################
2024-01-25 23:56:02 [DEBUG  ][ln-980]: teardown_method
2024-01-25 23:56:02 [DEBUG  ][ln-974]: teardown_class
